[
    "/spack-stage/spack-stage-plasma-18.11.0-4morqpwgjdoflgcvx25nit62m4\n             d45yfk/spack-src/control/tuning.c\n     5370    /var/tmp/koparasy/spack-stage/spack-stage-plasma-18.11.0-4morqpwgj\n             doflgcvx25nit62m4d45yfk/spack-src/control/tuning.c: In function 'p\n             lasma_tune':\n  >> 5371    /var/tmp/koparasy/spack-stage/spack-stage-plasma-18.11.0-4morqpwgj\ndoflgcvx25nit62m4d45yfk/spack-src/control/tuning.c:80:12: error: v\n             oid value not ignored as it ought to be\n     5372       80 |     retval = lua_getglobal(L, func_name);\n     5373          |            ^\n  >> 5374    /var/tmp/koparasy/spack-stage/spack-stage-plasma-18.11.0-4morqpwgj\n             doflgcvx25nit62m4d45yfk/spack-src/control/tuning.c:102:19: error:\n             'LUA_OK' undeclared (first use in this function); did you mean 'LU",
    ">> 5371    /var/tmp/koparasy/spack-stage/spack-stage-plasma-18.11.0-4morqpwgj\n             doflgcvx25nit62m4d45yfk/spack-src/control/tuning.c:80:12: error: v\n             oid value not ignored as it ought to be\n     5372       80 |     retval = lua_getglobal(L, func_name);\n     5373          |            ^\n  >> 5374    /var/tmp/koparasy/spack-stage/spack-stage-plasma-18.11.0-4morqpwgj\ndoflgcvx25nit62m4d45yfk/spack-src/control/tuning.c:102:19: error:\n             'LUA_OK' undeclared (first use in this function); did you mean 'LU\n             A_QL'?\n     5375      102 |     if (retval != LUA_OK) {\n     5376          |                   ^~~~~~\n     5377          |                   LUA_QL\n     5378    /var/tmp/koparasy/spack-stage/spack-stage-plasma-18.11.0-4morqpwgj",
    "5376          |                   ^~~~~~\n     5377          |                   LUA_QL\n     5378    /var/tmp/koparasy/spack-stage/spack-stage-plasma-18.11.0-4morqpwgj\n             doflgcvx25nit62m4d45yfk/spack-src/control/tuning.c:102:19: note: e\n             ach undeclared identifier is reported only once for each function\n             it appears in\n>> 5379    make[2]: *** [CMakeFiles/plasma.dir/control/tuning.c.o] Error 1\n     5380    make[2]: *** Waiting for unfinished jobs....\n     5381    [ 76%] Building C object CMakeFiles/plasma.dir/control/workspace.c\n             .o\n     5382    /p/vast1/koparasy/BUILD/head/spack/lib/spack/env/gcc/gcc -DPLASMA_\n             USE_LUA -DPLASMA_WITH_OPENBLAS -Dplasma_EXPORTS -I/var/tmp/koparas\n             y/spack-stage/spack-stage-plasma-18.11.0-4morqpwgjdoflgcvx25nit62m",
    "9 -o CMakeFiles/plasma.dir/control/workspace.c.o -c /var/tmp/kopar\n             asy/spack-stage/spack-stage-plasma-18.11.0-4morqpwgjdoflgcvx25nit6\n             2m4d45yfk/spack-src/control/workspace.c\n     5383    make[2]: Leaving directory `/tmp/koparasy/spack-stage/spack-stage-\n             plasma-18.11.0-4morqpwgjdoflgcvx25nit62m4d45yfk/spack-build-4morqp\n             w'\n>> 5384    make[1]: *** [CMakeFiles/plasma.dir/all] Error 2\n     5385    make[1]: Leaving directory `/tmp/koparasy/spack-stage/spack-stage-\n             plasma-18.11.0-4morqpwgjdoflgcvx25nit62m4d45yfk/spack-build-4morqp\n             w'\n  >> 5386    make: *** [all] Error 2\n\nSee build log for details:",
    "plasma-18.11.0-4morqpwgjdoflgcvx25nit62m4d45yfk/spack-build-4morqp\n             w'\n  >> 5384    make[1]: *** [CMakeFiles/plasma.dir/all] Error 2\n     5385    make[1]: Leaving directory `/tmp/koparasy/spack-stage/spack-stage-\n             plasma-18.11.0-4morqpwgjdoflgcvx25nit62m4d45yfk/spack-build-4morqp\n             w'\n>> 5386    make: *** [all] Error 2\n\nSee build log for details:\n  /var/tmp/koparasy/spack-stage/spack-stage-plasma-18.11.0-4morqpwgjdoflgcvx25nit62m4d45yfk/spack-build-out.txt\n\nTraceback (most recent call last):\n  File \"/p/vast1/koparasy/BUILD/head/spack/lib/spack/spack/build_environment.py\", line 1035, in _setup_pkg_and_run"
]