[
    "116                     from /tmp/koparasy/spack-stage/spack-stage-vtk-h-0\n            .6.4-i2rag2tw7sgppxn43e5idnwn7734ldyf/spack-src/src/vtkh/vtkm_filte\n            rs/vtkmClip.cpp:1:\n  >> 117    /p/vast1/koparasy/BUILD/spack_cluster_installer/quartz/ascent/spack\n            _env_dir/linux-rhel7-broadwell/gcc-8.3.1/vtk-m-1.6.0-b77d27rzqzlu7f\n            mbn6ao6vzpnwkzwlib/include/vtkm-1.6/vtkm/cont/ImplicitFunctionHandl\ne.h:17:2: error: #error \"ImplicitFunction with virtual methods is r\n            emoved. Do not include ImplicitFunctionHeader.h\"\n     118     #error \"ImplicitFunction with virtual methods is removed. Do not i\n            nclude ImplicitFunctionHeader.h\"\n     119      ^~~~~\n     120    [  4%] Linking CXX shared library ../../../lib/libvtkh_lodepng.so\n     121    cd /tmp/koparasy/spack-stage/spack-stage-vtk-h-0.6.4-i2rag2tw7sgppx",
    "h,:::::::::::::::::::::::::::::::::::::::::::::::::::::::::::::::::\n            :::::::::::::::::::::::::::::::::::::::::::::::::::::::::::::::::::\n            ::::::::::::::::::::::::\n  >> 123    /p/vast1/koparasy/BUILD/spack_cluster_installer/quartz/ascent/spack\n            _env_dir/linux-rhel7-broadwell/gcc-8.3.1/vtk-m-1.6.0-b77d27rzqzlu7f\n            mbn6ao6vzpnwkzwlib/include/vtkm-1.6/vtkm/cont/ImplicitFunctionHandl\ne.h:33:1: error: expected class-name before '{' token\n     124     {\n     125     ^\n  >> 126    /p/vast1/koparasy/BUILD/spack_cluster_installer/quartz/ascent/spack\n            _env_dir/linux-rhel7-broadwell/gcc-8.3.1/vtk-m-1.6.0-b77d27rzqzlu7f\n            mbn6ao6vzpnwkzwlib/include/vtkm-1.6/vtkm/cont/ImplicitFunctionHandl\n            e.h:48:26: error: 'Scalar' does not name a type; did you mean 'scal",
    "e.h:33:1: error: expected class-name before '{' token\n     124     {\n     125     ^\n  >> 126    /p/vast1/koparasy/BUILD/spack_cluster_installer/quartz/ascent/spack\n            _env_dir/linux-rhel7-broadwell/gcc-8.3.1/vtk-m-1.6.0-b77d27rzqzlu7f\n            mbn6ao6vzpnwkzwlib/include/vtkm-1.6/vtkm/cont/ImplicitFunctionHandl\ne.h:48:26: error: 'Scalar' does not name a type; did you mean 'scal\n            bl'?\n     127       VTKM_EXEC_CONT virtual Scalar Value(const Vector& point) const o\n            verride\n     128                              ^~~~~~\n     129                              scalbl\n  >> 130    /p/vast1/koparasy/BUILD/spack_cluster_installer/quartz/ascent/spack",
    "verride\n     128                              ^~~~~~\n     129                              scalbl\n  >> 130    /p/vast1/koparasy/BUILD/spack_cluster_installer/quartz/ascent/spack\n            _env_dir/linux-rhel7-broadwell/gcc-8.3.1/vtk-m-1.6.0-b77d27rzqzlu7f\n            mbn6ao6vzpnwkzwlib/include/vtkm-1.6/vtkm/cont/ImplicitFunctionHandl\ne.h:53:26: error: 'Vector' does not name a type; did you mean 'Vec4\n            ui'?\n     131       VTKM_EXEC_CONT virtual Vector Gradient(const Vector& point) cons\n            t override\n     132                              ^~~~~~\n     133                              Vec4ui\n  >> 134    /p/vast1/koparasy/BUILD/spack_cluster_installer/quartz/ascent/spack",
    "t override\n     132                              ^~~~~~\n     133                              Vec4ui\n  >> 134    /p/vast1/koparasy/BUILD/spack_cluster_installer/quartz/ascent/spack\n            _env_dir/linux-rhel7-broadwell/gcc-8.3.1/vtk-m-1.6.0-b77d27rzqzlu7f\n            mbn6ao6vzpnwkzwlib/include/vtkm-1.6/vtkm/cont/ImplicitFunctionHandl\ne.h:64:73: error: 'ImplicitFunction' is not a member of 'vtkm'\n     135       ImplicitFunctionHandle : public vtkm::cont::VirtualObjectHandle<\n            vtkm::ImplicitFunction>\n     136\n                  ^~~~~~~~~~~~~~~~\n     137    /p/vast1/koparasy/BUILD/spack_cluster_installer/quartz/ascent/spack\n            _env_dir/linux-rhel7-broadwell/gcc-8.3.1/vtk-m-1.6.0-b77d27rzqzlu7f",
    "^~~~~~~~~~~~~~~~\n     140\n                  ImplicitFunctionGeneral\n  >> 141    /p/vast1/koparasy/BUILD/spack_cluster_installer/quartz/ascent/spack\n            _env_dir/linux-rhel7-broadwell/gcc-8.3.1/vtk-m-1.6.0-b77d27rzqzlu7f\n            mbn6ao6vzpnwkzwlib/include/vtkm-1.6/vtkm/cont/ImplicitFunctionHandl\ne.h:64:73: error: 'ImplicitFunction' is not a member of 'vtkm'\n     142    /p/vast1/koparasy/BUILD/spack_cluster_installer/quartz/ascent/spack\n            _env_dir/linux-rhel7-broadwell/gcc-8.3.1/vtk-m-1.6.0-b77d27rzqzlu7f\n            mbn6ao6vzpnwkzwlib/include/vtkm-1.6/vtkm/cont/ImplicitFunctionHandl\n            e.h:64:73: note: suggested alternative: 'ImplicitFunctionGeneral'\n     143       ImplicitFunctionHandle : public vtkm::cont::VirtualObjectHandle<\n            vtkm::ImplicitFunction>",
    "^~~~~~~~~~~~~~~~\n     145\n                  ImplicitFunctionGeneral\n  >> 146    /p/vast1/koparasy/BUILD/spack_cluster_installer/quartz/ascent/spack\n            _env_dir/linux-rhel7-broadwell/gcc-8.3.1/vtk-m-1.6.0-b77d27rzqzlu7f\n            mbn6ao6vzpnwkzwlib/include/vtkm-1.6/vtkm/cont/ImplicitFunctionHandl\ne.h:64:89: error: template argument 1 is invalid\n     147       ImplicitFunctionHandle : public vtkm::cont::VirtualObjectHandle<\n            vtkm::ImplicitFunction>\n     148\n                                  ^\n  >> 149    /p/vast1/koparasy/BUILD/spack_cluster_installer/quartz/ascent/spack\n            _env_dir/linux-rhel7-broadwell/gcc-8.3.1/vtk-m-1.6.0-b77d27rzqzlu7f",
    "vtkm::ImplicitFunction>\n     148\n                                  ^\n  >> 149    /p/vast1/koparasy/BUILD/spack_cluster_installer/quartz/ascent/spack\n            _env_dir/linux-rhel7-broadwell/gcc-8.3.1/vtk-m-1.6.0-b77d27rzqzlu7f\n            mbn6ao6vzpnwkzwlib/include/vtkm-1.6/vtkm/cont/ImplicitFunctionHandl\ne.h:67:60: error: 'ImplicitFunction' is not a member of 'vtkm'\n     150       using Superclass = vtkm::cont::VirtualObjectHandle<vtkm::Implici\n            tFunction>;\n     151                                                                ^~~~~~~\n            ~~~~~~~~~\n     152    /p/vast1/koparasy/BUILD/spack_cluster_installer/quartz/ascent/spack\n            _env_dir/linux-rhel7-broadwell/gcc-8.3.1/vtk-m-1.6.0-b77d27rzqzlu7f",
    "~~~~~~~~~\n     155                                                                Implici\n            tFunctionGeneral\n  >> 156    /p/vast1/koparasy/BUILD/spack_cluster_installer/quartz/ascent/spack\n            _env_dir/linux-rhel7-broadwell/gcc-8.3.1/vtk-m-1.6.0-b77d27rzqzlu7f\n            mbn6ao6vzpnwkzwlib/include/vtkm-1.6/vtkm/cont/ImplicitFunctionHandl\ne.h:67:60: error: 'ImplicitFunction' is not a member of 'vtkm'\n     157    /p/vast1/koparasy/BUILD/spack_cluster_installer/quartz/ascent/spack\n            _env_dir/linux-rhel7-broadwell/gcc-8.3.1/vtk-m-1.6.0-b77d27rzqzlu7f\n            mbn6ao6vzpnwkzwlib/include/vtkm-1.6/vtkm/cont/ImplicitFunctionHandl\n            e.h:67:60: note: suggested alternative: 'ImplicitFunctionGeneral'\n     158       using Superclass = vtkm::cont::VirtualObjectHandle<vtkm::Implici\n            tFunction>;",
    "~~~~~~~~~\n     160                                                                Implici\n            tFunctionGeneral\n  >> 161    /p/vast1/koparasy/BUILD/spack_cluster_installer/quartz/ascent/spack\n            _env_dir/linux-rhel7-broadwell/gcc-8.3.1/vtk-m-1.6.0-b77d27rzqzlu7f\n            mbn6ao6vzpnwkzwlib/include/vtkm-1.6/vtkm/cont/ImplicitFunctionHandl\ne.h:67:76: error: template argument 1 is invalid\n     162       using Superclass = vtkm::cont::VirtualObjectHandle<vtkm::Implici\n            tFunction>;\n     163\n                     ^\n  >> 164    /p/vast1/koparasy/BUILD/spack_cluster_installer/quartz/ascent/spack\n            _env_dir/linux-rhel7-broadwell/gcc-8.3.1/vtk-m-1.6.0-b77d27rzqzlu7f",
    "tFunction>;\n     163\n                     ^\n  >> 164    /p/vast1/koparasy/BUILD/spack_cluster_installer/quartz/ascent/spack\n            _env_dir/linux-rhel7-broadwell/gcc-8.3.1/vtk-m-1.6.0-b77d27rzqzlu7f\n            mbn6ao6vzpnwkzwlib/include/vtkm-1.6/vtkm/cont/ImplicitFunctionHandl\ne.h:75:37: error: 'ImplicitFunction' is not a member of 'vtkm'\n     165                   std::is_base_of<vtkm::ImplicitFunction, VirtualDeriv\n            edType>::value>::type>\n     166                                         ^~~~~~~~~~~~~~~~\n     167    /p/vast1/koparasy/BUILD/spack_cluster_installer/quartz/ascent/spack\n            _env_dir/linux-rhel7-broadwell/gcc-8.3.1/vtk-m-1.6.0-b77d27rzqzlu7f\n            mbn6ao6vzpnwkzwlib/include/vtkm-1.6/vtkm/cont/ImplicitFunctionHandl",
    "edType>::value>::type>\n     169                                         ^~~~~~~~~~~~~~~~\n     170                                         ImplicitFunctionGeneral\n  >> 171    /p/vast1/koparasy/BUILD/spack_cluster_installer/quartz/ascent/spack\n            _env_dir/linux-rhel7-broadwell/gcc-8.3.1/vtk-m-1.6.0-b77d27rzqzlu7f\n            mbn6ao6vzpnwkzwlib/include/vtkm-1.6/vtkm/cont/ImplicitFunctionHandl\ne.h:75:37: error: 'ImplicitFunction' is not a member of 'vtkm'\n     172    /p/vast1/koparasy/BUILD/spack_cluster_installer/quartz/ascent/spack\n            _env_dir/linux-rhel7-broadwell/gcc-8.3.1/vtk-m-1.6.0-b77d27rzqzlu7f\n            mbn6ao6vzpnwkzwlib/include/vtkm-1.6/vtkm/cont/ImplicitFunctionHandl\n            e.h:75:37: note: suggested alternative: 'ImplicitFunctionGeneral'\n     173                   std::is_base_of<vtkm::ImplicitFunction, VirtualDeriv\n            edType>::value>::type>",
    "edType>::value>::type>\n     174                                         ^~~~~~~~~~~~~~~~\n     175                                         ImplicitFunctionGeneral\n  >> 176    /p/vast1/koparasy/BUILD/spack_cluster_installer/quartz/ascent/spack\n            _env_dir/linux-rhel7-broadwell/gcc-8.3.1/vtk-m-1.6.0-b77d27rzqzlu7f\n            mbn6ao6vzpnwkzwlib/include/vtkm-1.6/vtkm/cont/ImplicitFunctionHandl\ne.h:75:73: error: template argument 1 is invalid\n     177                   std::is_base_of<vtkm::ImplicitFunction, VirtualDeriv\n            edType>::value>::type>\n     178\n                  ^\n  >> 179    /p/vast1/koparasy/BUILD/spack_cluster_installer/quartz/ascent/spack\n            _env_dir/linux-rhel7-broadwell/gcc-8.3.1/vtk-m-1.6.0-b77d27rzqzlu7f",
    "edType>::value>::type>\n     178\n                  ^\n  >> 179    /p/vast1/koparasy/BUILD/spack_cluster_installer/quartz/ascent/spack\n            _env_dir/linux-rhel7-broadwell/gcc-8.3.1/vtk-m-1.6.0-b77d27rzqzlu7f\n            mbn6ao6vzpnwkzwlib/include/vtkm-1.6/vtkm/cont/ImplicitFunctionHandl\ne.h:75:81: error: template argument 1 is invalid\n     180                   std::is_base_of<vtkm::ImplicitFunction, VirtualDeriv\n            edType>::value>::type>\n     181\n                          ^\n  >> 182    /p/vast1/koparasy/BUILD/spack_cluster_installer/quartz/ascent/spack\n            _env_dir/linux-rhel7-broadwell/gcc-8.3.1/vtk-m-1.6.0-b77d27rzqzlu7f",
    "edType>::value>::type>\n     181\n                          ^\n  >> 182    /p/vast1/koparasy/BUILD/spack_cluster_installer/quartz/ascent/spack\n            _env_dir/linux-rhel7-broadwell/gcc-8.3.1/vtk-m-1.6.0-b77d27rzqzlu7f\n            mbn6ao6vzpnwkzwlib/include/vtkm-1.6/vtkm/cont/ImplicitFunctionHandl\ne.h:119:37: error: 'ImplicitFunction' is not a member of 'vtkm'\n     183                   std::is_base_of<vtkm::ImplicitFunction, VirtualDeriv\n            edType>::value>::type>\n     184                                         ^~~~~~~~~~~~~~~~\n     185    /p/vast1/koparasy/BUILD/spack_cluster_installer/quartz/ascent/spack\n            _env_dir/linux-rhel7-broadwell/gcc-8.3.1/vtk-m-1.6.0-b77d27rzqzlu7f\n            mbn6ao6vzpnwkzwlib/include/vtkm-1.6/vtkm/cont/ImplicitFunctionHandl",
    "edType>::value>::type>\n     187                                         ^~~~~~~~~~~~~~~~\n     188                                         ImplicitFunctionGeneral\n  >> 189    /p/vast1/koparasy/BUILD/spack_cluster_installer/quartz/ascent/spack\n            _env_dir/linux-rhel7-broadwell/gcc-8.3.1/vtk-m-1.6.0-b77d27rzqzlu7f\n            mbn6ao6vzpnwkzwlib/include/vtkm-1.6/vtkm/cont/ImplicitFunctionHandl\ne.h:119:37: error: 'ImplicitFunction' is not a member of 'vtkm'\n     190    /p/vast1/koparasy/BUILD/spack_cluster_installer/quartz/ascent/spack\n            _env_dir/linux-rhel7-broadwell/gcc-8.3.1/vtk-m-1.6.0-b77d27rzqzlu7f\n            mbn6ao6vzpnwkzwlib/include/vtkm-1.6/vtkm/cont/ImplicitFunctionHandl\n            e.h:119:37: note: suggested alternative: 'ImplicitFunctionGeneral'\n     191                   std::is_base_of<vtkm::ImplicitFunction, VirtualDeriv\n            edType>::value>::type>",
    "edType>::value>::type>\n     192                                         ^~~~~~~~~~~~~~~~\n     193                                         ImplicitFunctionGeneral\n  >> 194    /p/vast1/koparasy/BUILD/spack_cluster_installer/quartz/ascent/spack\n            _env_dir/linux-rhel7-broadwell/gcc-8.3.1/vtk-m-1.6.0-b77d27rzqzlu7f\n            mbn6ao6vzpnwkzwlib/include/vtkm-1.6/vtkm/cont/ImplicitFunctionHandl\ne.h:119:73: error: template argument 1 is invalid\n     195                   std::is_base_of<vtkm::ImplicitFunction, VirtualDeriv\n            edType>::value>::type>\n     196\n                  ^\n  >> 197    /p/vast1/koparasy/BUILD/spack_cluster_installer/quartz/ascent/spack\n            _env_dir/linux-rhel7-broadwell/gcc-8.3.1/vtk-m-1.6.0-b77d27rzqzlu7f",
    "edType>::value>::type>\n     196\n                  ^\n  >> 197    /p/vast1/koparasy/BUILD/spack_cluster_installer/quartz/ascent/spack\n            _env_dir/linux-rhel7-broadwell/gcc-8.3.1/vtk-m-1.6.0-b77d27rzqzlu7f\n            mbn6ao6vzpnwkzwlib/include/vtkm-1.6/vtkm/cont/ImplicitFunctionHandl\ne.h:119:81: error: template argument 1 is invalid\n     198                   std::is_base_of<vtkm::ImplicitFunction, VirtualDeriv\n            edType>::value>::type>\n     199\n                          ^\n     200    /p/vast1/koparasy/BUILD/spack_cluster_installer/quartz/ascent/spack\n            _env_dir/linux-rhel7-broadwell/gcc-8.3.1/vtk-m-1.6.0-b77d27rzqzlu7f",
    "mbn6ao6vzpnwkzwlib/include/vtkm-1.6/vtkm/cont/ImplicitFunctionHandl\n            e.h: In constructor 'vtkm::cont::ImplicitFunctionHandle::ImplicitFu\n            nctionHandle(VirtualDerivedType*, bool, DeviceAdapterList)':\n  >> 201    /p/vast1/koparasy/BUILD/spack_cluster_installer/quartz/ascent/spack\n            _env_dir/linux-rhel7-broadwell/gcc-8.3.1/vtk-m-1.6.0-b77d27rzqzlu7f\n            mbn6ao6vzpnwkzwlib/include/vtkm-1.6/vtkm/cont/ImplicitFunctionHandl\ne.h:79:7: error: class 'vtkm::cont::ImplicitFunctionHandle' does no\n            t have any field named 'Superclass'\n     202         : Superclass(function, acquireOwnership, devices)\n     203           ^~~~~~~~~~\n     204    /p/vast1/koparasy/BUILD/spack_cluster_installer/quartz/ascent/spack\n            _env_dir/linux-rhel7-broadwell/gcc-8.3.1/vtk-m-1.6.0-b77d27rzqzlu7f\n            mbn6ao6vzpnwkzwlib/include/vtkm-1.6/vtkm/cont/ImplicitFunctionHandl",
    "e.h: In constructor 'vtkm::cont::ImplicitFunctionHandle::ImplicitFu\n            nctionHandle(vtkm::internal::ImplicitFunctionBase<FunctionType>*, b\n            ool, DeviceAdapterList)':\n  >> 205    /p/vast1/koparasy/BUILD/spack_cluster_installer/quartz/ascent/spack\n            _env_dir/linux-rhel7-broadwell/gcc-8.3.1/vtk-m-1.6.0-b77d27rzqzlu7f\n            mbn6ao6vzpnwkzwlib/include/vtkm-1.6/vtkm/cont/ImplicitFunctionHandl\ne.h:89:7: error: class 'vtkm::cont::ImplicitFunctionHandle' does no\n            t have any field named 'Superclass'\n     206         : Superclass(new detail::ImplicitFunctionBaseExecWrapper<Impli\n            citFunctionType>(\n     207           ^~~~~~~~~~\n     208    /p/vast1/koparasy/BUILD/spack_cluster_installer/quartz/ascent/spack\n            _env_dir/linux-rhel7-broadwell/gcc-8.3.1/vtk-m-1.6.0-b77d27rzqzlu7f",
    "mbn6ao6vzpnwkzwlib/include/vtkm-1.6/vtkm/cont/ImplicitFunctionHandl\n            e.h: In member function 'void vtkm::cont::ImplicitFunctionHandle::R\n            eset(VirtualDerivedType*, bool, DeviceAdapterList)':\n  >> 209    /p/vast1/koparasy/BUILD/spack_cluster_installer/quartz/ascent/spack\n            _env_dir/linux-rhel7-broadwell/gcc-8.3.1/vtk-m-1.6.0-b77d27rzqzlu7f\n            mbn6ao6vzpnwkzwlib/include/vtkm-1.6/vtkm/cont/ImplicitFunctionHandl\ne.h:124:11: error: 'vtkm::cont::ImplicitFunctionHandle::Superclass'\n             has not been declared\n     210         this->Superclass::Reset(derived, acquireOwnership, devices);\n     211               ^~~~~~~~~~\n     212    /p/vast1/koparasy/BUILD/spack_cluster_installer/quartz/ascent/spack\n            _env_dir/linux-rhel7-broadwell/gcc-8.3.1/vtk-m-1.6.0-b77d27rzqzlu7f\n            mbn6ao6vzpnwkzwlib/include/vtkm-1.6/vtkm/cont/ImplicitFunctionHandl",
    "_env_dir/linux-rhel7-broadwell/gcc-8.3.1/vtk-m-1.6.0-b77d27rzqzlu7f\n            mbn6ao6vzpnwkzwlib/include/vtkm-1.6/vtkm/cont/ImplicitFunctionHandl\n            e.h: At global scope:\n  >> 213    /p/vast1/koparasy/BUILD/spack_cluster_installer/quartz/ascent/spack\n            _env_dir/linux-rhel7-broadwell/gcc-8.3.1/vtk-m-1.6.0-b77d27rzqzlu7f\n            mbn6ao6vzpnwkzwlib/include/vtkm-1.6/vtkm/cont/ImplicitFunctionHandl\ne.h:192:9: error: 'ImplicitFunctionValue' in namespace 'vtkm' does\n            not name a type\n     214       vtkm::ImplicitFunctionValue PrepareForExecution(vtkm::cont::Devi\n            ceAdapterId device,\n     215             ^~~~~~~~~~~~~~~~~~~~~\n     216    /p/vast1/koparasy/BUILD/spack_cluster_installer/quartz/ascent/spack\n            _env_dir/linux-rhel7-broadwell/gcc-8.3.1/vtk-m-1.6.0-b77d27rzqzlu7f",
    "ceAdapterId device,\n     218       ^~~~\n     219       ImplicitFunctionGeneral\n  >> 220    /p/vast1/koparasy/BUILD/spack_cluster_installer/quartz/ascent/spack\n            _env_dir/linux-rhel7-broadwell/gcc-8.3.1/vtk-m-1.6.0-b77d27rzqzlu7f\n            mbn6ao6vzpnwkzwlib/include/vtkm-1.6/vtkm/cont/ImplicitFunctionHandl\ne.h:198:19: error: 'ImplicitFunctionValue' in namespace 'vtkm' does\n             not name a type\n     221       VTKM_CONT vtkm::ImplicitFunctionValue PrepareForControl() const\n     222                       ^~~~~~~~~~~~~~~~~~~~~\n     223    /p/vast1/koparasy/BUILD/spack_cluster_installer/quartz/ascent/spack\n            _env_dir/linux-rhel7-broadwell/gcc-8.3.1/vtk-m-1.6.0-b77d27rzqzlu7f\n            mbn6ao6vzpnwkzwlib/include/vtkm-1.6/vtkm/cont/ImplicitFunctionHandl",
    "y/diy/vtkmdiy/include/vtkmdiy/mpi  -O3 -DNDEBUG -fPIC -fvisibility=\n            hidden   -ffunction-sections -fopenmp -pthread -std=c++11 -o CMakeF\n            iles/vtkh_core_mpi.dir/DataSet.cpp.o -c /tmp/koparasy/spack-stage/s\n            pack-stage-vtk-h-0.6.4-i2rag2tw7sgppxn43e5idnwn7734ldyf/spack-src/s\n            rc/vtkh/DataSet.cpp\n  >> 313    /tmp/koparasy/spack-stage/spack-stage-vtk-h-0.6.4-i2rag2tw7sgppxn43\ne5idnwn7734ldyf/spack-src/src/vtkh/DataSet.cpp:70:45: error: invali\n            d use of incomplete type 'class vtkm::worklet::WorkletMapField'\n     314     class MemSetWorklet : public vtkm::worklet::WorkletMapField\n     315                                                 ^~~~~~~~~~~~~~~\n     316    In file included from /tmp/koparasy/spack-stage/spack-stage-vtk-h-0\n            .6.4-i2rag2tw7sgppxn43e5idnwn7734ldyf/spack-src/src/vtkh/DataSet.cp\n            p:15:",
    "mbn6ao6vzpnwkzwlib/include/vtkm-1.6/vtkm/worklet/DispatcherMapField\n            .h:20:7: note: forward declaration of 'class vtkm::worklet::Worklet\n            MapField'\n     318     class WorkletMapField;\n     319           ^~~~~~~~~~~~~~~\n  >> 320    /tmp/koparasy/spack-stage/spack-stage-vtk-h-0.6.4-i2rag2tw7sgppxn43\ne5idnwn7734ldyf/spack-src/src/vtkh/DataSet.cpp:81:33: error: 'Field\n            Out' has not been declared\n     321       typedef void ControlSignature(FieldOut);\n     322                                     ^~~~~~~~\n  >> 323    /tmp/koparasy/spack-stage/spack-stage-vtk-h-0.6.4-i2rag2tw7sgppxn43\n            e5idnwn7734ldyf/spack-src/src/vtkh/DataSet.cpp:82:35: error: '_1' h\n            as not been declared",
    ">> 320    /tmp/koparasy/spack-stage/spack-stage-vtk-h-0.6.4-i2rag2tw7sgppxn43\n            e5idnwn7734ldyf/spack-src/src/vtkh/DataSet.cpp:81:33: error: 'Field\n            Out' has not been declared\n     321       typedef void ControlSignature(FieldOut);\n     322                                     ^~~~~~~~\n  >> 323    /tmp/koparasy/spack-stage/spack-stage-vtk-h-0.6.4-i2rag2tw7sgppxn43\ne5idnwn7734ldyf/spack-src/src/vtkh/DataSet.cpp:82:35: error: '_1' h\n            as not been declared\n     324       typedef void ExecutionSignature(_1);\n     325                                       ^~\n     326    In file included from /p/vast1/koparasy/BUILD/spack_cluster_install\n            er/quartz/ascent/spack_env_dir/linux-rhel7-broadwell/gcc-8.3.1/vtk-\n            m-1.6.0-b77d27rzqzlu7fmbn6ao6vzpnwkzwlib/include/vtkm-1.6/vtkm/Depr",
    "337    /tmp/koparasy/spack-stage/spack-stage-vtk-h-0.6.4-i2rag2tw7sgppxn43\n            e5idnwn7734ldyf/spack-src/src/vtkh/DataSet.cpp:647:44:   required f\n            rom here\n  >> 338    /p/vast1/koparasy/BUILD/spack_cluster_installer/quartz/ascent/spack\n            _env_dir/linux-rhel7-broadwell/gcc-8.3.1/vtk-m-1.6.0-b77d27rzqzlu7f\n            mbn6ao6vzpnwkzwlib/include/vtkm-1.6/vtkm/worklet/internal/Dispatche\nrBase.h:228:5: error: static assertion failed: Provided a type that\n             is not a valid ControlSignature tag.\n     339         VTKM_IS_CONTROL_SIGNATURE_TAG(ControlSignatureTag);\n     340         ^\n     341    /p/vast1/koparasy/BUILD/spack_cluster_installer/quartz/ascent/spack\n            _env_dir/linux-rhel7-broadwell/gcc-8.3.1/vtk-m-1.6.0-b77d27rzqzlu7f\n            mbn6ao6vzpnwkzwlib/include/vtkm-1.6/vtkm/worklet/internal/Dispatche",
    "347    /tmp/koparasy/spack-stage/spack-stage-vtk-h-0.6.4-i2rag2tw7sgppxn43\n            e5idnwn7734ldyf/spack-src/src/vtkh/DataSet.cpp:647:44:   required f\n            rom here\n  >> 348    /p/vast1/koparasy/BUILD/spack_cluster_installer/quartz/ascent/spack\n            _env_dir/linux-rhel7-broadwell/gcc-8.3.1/vtk-m-1.6.0-b77d27rzqzlu7f\n            mbn6ao6vzpnwkzwlib/include/vtkm-1.6/vtkm/worklet/internal/Dispatche\nrBase.h:242:5: error: static assertion failed: Provided a type that\n             is not a valid ExecutionSignature tag.\n     349         VTKM_IS_EXECUTION_SIGNATURE_TAG(ExecutionSignatureTag);\n     350         ^\n     351    In file included from /p/vast1/koparasy/BUILD/spack_cluster_install\n            er/quartz/ascent/spack_env_dir/linux-rhel7-broadwell/gcc-8.3.1/vtk-\n            m-1.6.0-b77d27rzqzlu7fmbn6ao6vzpnwkzwlib/include/vtkm-1.6/vtkm/work",
    "356    /tmp/koparasy/spack-stage/spack-stage-vtk-h-0.6.4-i2rag2tw7sgppxn43\n            e5idnwn7734ldyf/spack-src/src/vtkh/DataSet.cpp:647:44:   required f\n            rom here\n  >> 357    /p/vast1/koparasy/BUILD/spack_cluster_installer/quartz/ascent/spack\n            _env_dir/linux-rhel7-broadwell/gcc-8.3.1/vtk-m-1.6.0-b77d27rzqzlu7f\n            mbn6ao6vzpnwkzwlib/include/vtkm-1.6/vtkm/worklet/internal/Dispatche\nrBase.h:594:56: error: no type named 'ScatterType' in 'class vtkh::\n            detail::MemSetWorklet<float>'\n     358       using ScatterType = typename WorkletType::ScatterType;\n     359                                                            ^\n  >> 360    /p/vast1/koparasy/BUILD/spack_cluster_installer/quartz/ascent/spack\n            _env_dir/linux-rhel7-broadwell/gcc-8.3.1/vtk-m-1.6.0-b77d27rzqzlu7f\n            mbn6ao6vzpnwkzwlib/include/vtkm-1.6/vtkm/worklet/internal/Dispatche",
    "detail::MemSetWorklet<float>'\n     358       using ScatterType = typename WorkletType::ScatterType;\n     359                                                            ^\n  >> 360    /p/vast1/koparasy/BUILD/spack_cluster_installer/quartz/ascent/spack\n            _env_dir/linux-rhel7-broadwell/gcc-8.3.1/vtk-m-1.6.0-b77d27rzqzlu7f\n            mbn6ao6vzpnwkzwlib/include/vtkm-1.6/vtkm/worklet/internal/Dispatche\nrBase.h:595:50: error: no type named 'MaskType' in 'class vtkh::det\n            ail::MemSetWorklet<float>'\n     361       using MaskType = typename WorkletType::MaskType;\n     362                                                      ^\n  >> 363    make[2]: *** [vtkh/CMakeFiles/vtkh_core.dir/DataSet.cpp.o] Error 1\n     364    make[2]: *** Waiting for unfinished jobs....\n     365    [ 12%] Building CXX object vtkh/CMakeFiles/vtkh_core_mpi.dir/Logger",
    "_env_dir/linux-rhel7-broadwell/gcc-8.3.1/vtk-m-1.6.0-b77d27rzqzlu7f\n            mbn6ao6vzpnwkzwlib/include/vtkm-1.6/vtkm/worklet/internal/Dispatche\n            rBase.h:595:50: error: no type named 'MaskType' in 'class vtkh::det\n            ail::MemSetWorklet<float>'\n     361       using MaskType = typename WorkletType::MaskType;\n     362                                                      ^\n>> 363    make[2]: *** [vtkh/CMakeFiles/vtkh_core.dir/DataSet.cpp.o] Error 1\n     364    make[2]: *** Waiting for unfinished jobs....\n     365    [ 12%] Building CXX object vtkh/CMakeFiles/vtkh_core_mpi.dir/Logger\n            .cpp.o\n     366    cd /tmp/koparasy/spack-stage/spack-stage-vtk-h-0.6.4-i2rag2tw7sgppx\n            n43e5idnwn7734ldyf/spack-src/spack-build/vtkh && /p/vast1/koparasy/\n            BUILD/spack/lib/spack/env/gcc/g++  -DVTKH_COMPILING_FLAG -DVTKH_PAR",
    "hidden   -ffunction-sections -fopenmp -pthread -std=c++11 -o CMakeF\n            iles/vtkh_core_mpi.dir/Logger.cpp.o -c /tmp/koparasy/spack-stage/sp\n            ack-stage-vtk-h-0.6.4-i2rag2tw7sgppxn43e5idnwn7734ldyf/spack-src/sr\n            c/vtkh/Logger.cpp\n     367    make[2]: Leaving directory `/tmp/koparasy/spack-stage/spack-stage-v\n            tk-h-0.6.4-i2rag2tw7sgppxn43e5idnwn7734ldyf/spack-src/spack-build'\n>> 368    make[1]: *** [vtkh/CMakeFiles/vtkh_core.dir/all] Error 2\n     369    make[1]: *** Waiting for unfinished jobs....\n     370    [ 13%] Building CXX object vtkh/CMakeFiles/vtkh_core_mpi.dir/Timer.\n            cpp.o\n     371    cd /tmp/koparasy/spack-stage/spack-stage-vtk-h-0.6.4-i2rag2tw7sgppx\n            n43e5idnwn7734ldyf/spack-src/spack-build/vtkh && /p/vast1/koparasy/\n            BUILD/spack/lib/spack/env/gcc/g++  -DVTKH_COMPILING_FLAG -DVTKH_PAR",
    "y/diy/vtkmdiy/include/vtkmdiy/mpi  -O3 -DNDEBUG -fPIC -fvisibility=\n            hidden   -ffunction-sections -fopenmp -pthread -std=c++11 -o CMakeF\n            iles/vtkh_core_mpi.dir/vtkh.cpp.o -c /tmp/koparasy/spack-stage/spac\n            k-stage-vtk-h-0.6.4-i2rag2tw7sgppxn43e5idnwn7734ldyf/spack-src/src/\n            vtkh/vtkh.cpp\n  >> 378    /tmp/koparasy/spack-stage/spack-stage-vtk-h-0.6.4-i2rag2tw7sgppxn43\ne5idnwn7734ldyf/spack-src/src/vtkh/DataSet.cpp:70:45: error: invali\n            d use of incomplete type 'class vtkm::worklet::WorkletMapField'\n     379     class MemSetWorklet : public vtkm::worklet::WorkletMapField\n     380                                                 ^~~~~~~~~~~~~~~\n     381    In file included from /tmp/koparasy/spack-stage/spack-stage-vtk-h-0\n            .6.4-i2rag2tw7sgppxn43e5idnwn7734ldyf/spack-src/src/vtkh/DataSet.cp\n            p:15:",
    "mbn6ao6vzpnwkzwlib/include/vtkm-1.6/vtkm/worklet/DispatcherMapField\n            .h:20:7: note: forward declaration of 'class vtkm::worklet::Worklet\n            MapField'\n     383     class WorkletMapField;\n     384           ^~~~~~~~~~~~~~~\n  >> 385    /tmp/koparasy/spack-stage/spack-stage-vtk-h-0.6.4-i2rag2tw7sgppxn43\ne5idnwn7734ldyf/spack-src/src/vtkh/DataSet.cpp:81:33: error: 'Field\n            Out' has not been declared\n     386       typedef void ControlSignature(FieldOut);\n     387                                     ^~~~~~~~\n  >> 388    /tmp/koparasy/spack-stage/spack-stage-vtk-h-0.6.4-i2rag2tw7sgppxn43\n            e5idnwn7734ldyf/spack-src/src/vtkh/DataSet.cpp:82:35: error: '_1' h\n            as not been declared",
    ">> 385    /tmp/koparasy/spack-stage/spack-stage-vtk-h-0.6.4-i2rag2tw7sgppxn43\n            e5idnwn7734ldyf/spack-src/src/vtkh/DataSet.cpp:81:33: error: 'Field\n            Out' has not been declared\n     386       typedef void ControlSignature(FieldOut);\n     387                                     ^~~~~~~~\n  >> 388    /tmp/koparasy/spack-stage/spack-stage-vtk-h-0.6.4-i2rag2tw7sgppxn43\ne5idnwn7734ldyf/spack-src/src/vtkh/DataSet.cpp:82:35: error: '_1' h\n            as not been declared\n     389       typedef void ExecutionSignature(_1);\n     390                                       ^~\n     391    In file included from /p/vast1/koparasy/BUILD/spack_cluster_install\n            er/quartz/ascent/spack_env_dir/linux-rhel7-broadwell/gcc-8.3.1/vtk-\n            m-1.6.0-b77d27rzqzlu7fmbn6ao6vzpnwkzwlib/include/vtkm-1.6/vtkm/Depr",
    "402    /tmp/koparasy/spack-stage/spack-stage-vtk-h-0.6.4-i2rag2tw7sgppxn43\n            e5idnwn7734ldyf/spack-src/src/vtkh/DataSet.cpp:647:44:   required f\n            rom here\n  >> 403    /p/vast1/koparasy/BUILD/spack_cluster_installer/quartz/ascent/spack\n            _env_dir/linux-rhel7-broadwell/gcc-8.3.1/vtk-m-1.6.0-b77d27rzqzlu7f\n            mbn6ao6vzpnwkzwlib/include/vtkm-1.6/vtkm/worklet/internal/Dispatche\nrBase.h:228:5: error: static assertion failed: Provided a type that\n             is not a valid ControlSignature tag.\n     404         VTKM_IS_CONTROL_SIGNATURE_TAG(ControlSignatureTag);\n     405         ^\n     406    /p/vast1/koparasy/BUILD/spack_cluster_installer/quartz/ascent/spack\n            _env_dir/linux-rhel7-broadwell/gcc-8.3.1/vtk-m-1.6.0-b77d27rzqzlu7f\n            mbn6ao6vzpnwkzwlib/include/vtkm-1.6/vtkm/worklet/internal/Dispatche",
    "412    /tmp/koparasy/spack-stage/spack-stage-vtk-h-0.6.4-i2rag2tw7sgppxn43\n            e5idnwn7734ldyf/spack-src/src/vtkh/DataSet.cpp:647:44:   required f\n            rom here\n  >> 413    /p/vast1/koparasy/BUILD/spack_cluster_installer/quartz/ascent/spack\n            _env_dir/linux-rhel7-broadwell/gcc-8.3.1/vtk-m-1.6.0-b77d27rzqzlu7f\n            mbn6ao6vzpnwkzwlib/include/vtkm-1.6/vtkm/worklet/internal/Dispatche\nrBase.h:242:5: error: static assertion failed: Provided a type that\n             is not a valid ExecutionSignature tag.\n     414         VTKM_IS_EXECUTION_SIGNATURE_TAG(ExecutionSignatureTag);\n     415         ^\n     416    In file included from /p/vast1/koparasy/BUILD/spack_cluster_install\n            er/quartz/ascent/spack_env_dir/linux-rhel7-broadwell/gcc-8.3.1/vtk-\n            m-1.6.0-b77d27rzqzlu7fmbn6ao6vzpnwkzwlib/include/vtkm-1.6/vtkm/work",
    "421    /tmp/koparasy/spack-stage/spack-stage-vtk-h-0.6.4-i2rag2tw7sgppxn43\n            e5idnwn7734ldyf/spack-src/src/vtkh/DataSet.cpp:647:44:   required f\n            rom here\n  >> 422    /p/vast1/koparasy/BUILD/spack_cluster_installer/quartz/ascent/spack\n            _env_dir/linux-rhel7-broadwell/gcc-8.3.1/vtk-m-1.6.0-b77d27rzqzlu7f\n            mbn6ao6vzpnwkzwlib/include/vtkm-1.6/vtkm/worklet/internal/Dispatche\nrBase.h:594:56: error: no type named 'ScatterType' in 'class vtkh::\n            detail::MemSetWorklet<float>'\n     423       using ScatterType = typename WorkletType::ScatterType;\n     424                                                            ^\n  >> 425    /p/vast1/koparasy/BUILD/spack_cluster_installer/quartz/ascent/spack\n            _env_dir/linux-rhel7-broadwell/gcc-8.3.1/vtk-m-1.6.0-b77d27rzqzlu7f\n            mbn6ao6vzpnwkzwlib/include/vtkm-1.6/vtkm/worklet/internal/Dispatche",
    "detail::MemSetWorklet<float>'\n     423       using ScatterType = typename WorkletType::ScatterType;\n     424                                                            ^\n  >> 425    /p/vast1/koparasy/BUILD/spack_cluster_installer/quartz/ascent/spack\n            _env_dir/linux-rhel7-broadwell/gcc-8.3.1/vtk-m-1.6.0-b77d27rzqzlu7f\n            mbn6ao6vzpnwkzwlib/include/vtkm-1.6/vtkm/worklet/internal/Dispatche\nrBase.h:595:50: error: no type named 'MaskType' in 'class vtkh::det\n            ail::MemSetWorklet<float>'\n     426       using MaskType = typename WorkletType::MaskType;\n     427                                                      ^\n  >> 428    make[2]: *** [vtkh/CMakeFiles/vtkh_core_mpi.dir/DataSet.cpp.o] Erro\n            r 1\n     429    make[2]: *** Waiting for unfinished jobs....",
    "427                                                      ^\n  >> 428    make[2]: *** [vtkh/CMakeFiles/vtkh_core_mpi.dir/DataSet.cpp.o] Erro\n            r 1\n     429    make[2]: *** Waiting for unfinished jobs....\n     430    make[2]: Leaving directory `/tmp/koparasy/spack-stage/spack-stage-v\n            tk-h-0.6.4-i2rag2tw7sgppxn43e5idnwn7734ldyf/spack-src/spack-build'\n>> 431    make[1]: *** [vtkh/CMakeFiles/vtkh_core_mpi.dir/all] Error 2\n     432    make[1]: Leaving directory `/tmp/koparasy/spack-stage/spack-stage-v\n            tk-h-0.6.4-i2rag2tw7sgppxn43e5idnwn7734ldyf/spack-src/spack-build'\n  >> 433    make: *** [all] Error 2\n\nSee build log for details:\n  /var/tmp/koparasy/spack-stage/spack-stage-vtk-h-0.6.4-i2rag2tw7sgppxn43e5idnwn7734ldyf/spack-build-out.txt",
    "429    make[2]: *** Waiting for unfinished jobs....\n     430    make[2]: Leaving directory `/tmp/koparasy/spack-stage/spack-stage-v\n            tk-h-0.6.4-i2rag2tw7sgppxn43e5idnwn7734ldyf/spack-src/spack-build'\n  >> 431    make[1]: *** [vtkh/CMakeFiles/vtkh_core_mpi.dir/all] Error 2\n     432    make[1]: Leaving directory `/tmp/koparasy/spack-stage/spack-stage-v\n            tk-h-0.6.4-i2rag2tw7sgppxn43e5idnwn7734ldyf/spack-src/spack-build'\n>> 433    make: *** [all] Error 2\n\nSee build log for details:\n  /var/tmp/koparasy/spack-stage/spack-stage-vtk-h-0.6.4-i2rag2tw7sgppxn43e5idnwn7734ldyf/spack-build-out.txt\n\nTraceback (most recent call last):\n  File \"/p/vast1/koparasy/BUILD/spack/lib/spack/spack/build_environment.py\", line 1035, in _setup_pkg_and_run"
]