[
    "u5v375qdx247b4gwbh4mu/spack-src/src/kernels/builtin/map_module.F90:\n            26:6:\n     934\n     935       26 |   use mpi_f08, only: MPI_Comm\n     936          |      1\n  >> 937    Fatal Error: Cannot open module file 'mpi_f08.mod' for reading at (\n1): No such file or directory\n     938    /var/tmp/koparasy/spack-stage/spack-stage-phist-develop-p5j5ykm3hu5\n            u5v375qdx247b4gwbh4mu/spack-src/src/kernels/builtin/env_module.F90:\n            42:10:\n     939\n     940       42 |       use mpi_f08, only: MPI_Comm\n     941          |          1",
    "u5v375qdx247b4gwbh4mu/spack-src/src/kernels/builtin/env_module.F90:\n            42:10:\n     939\n     940       42 |       use mpi_f08, only: MPI_Comm\n     941          |          1\n  >> 942    Fatal Error: Cannot open module file 'mpi_f08.mod' for reading at (\n1): No such file or directory\n     943    compilation terminated.\n     944    compilation terminated.\n  >> 945    make[3]: *** [CMakeFiles/phist_kernels_builtin.dir/src/kernels/buil\n            tin/map_module.F90.o] Error 1\n  >> 946    make[3]: *** [CMakeFiles/phist_kernels_builtin.dir/src/kernels/buil\n            tin/env_module.F90.o] Error 1",
    "u5v375qdx247b4gwbh4mu/spack-src/src/kernels/builtin/sdmat_module.F9\n            0:22:6:\n     953\n     954       22 |   use mpi_f08, only: MPI_Comm\n     955          |      1\n  >> 956    Fatal Error: Cannot open module file 'mpi_f08.mod' for reading at (\n1): No such file or directory\n     957    compilation terminated.\n  >> 958    make[3]: *** [CMakeFiles/phist_kernels_builtin.dir/src/kernels/buil\n            tin/sdmat_module.F90.o] Error 1\n     959    make[3]: Leaving directory `/tmp/koparasy/spack-stage/spack-stage-p\n            hist-develop-p5j5ykm3hu5u5v375qdx247b4gwbh4mu/spack-build-p5j5ykm'\n  >> 960    make[2]: *** [CMakeFiles/phist_kernels_builtin.dir/src/kernels/buil",
    "jqdc2phbmyqxfmrrp/bin/cmake -E touch CMakeFiles/phist_kernels_built\n            in.dir/src/kernels/builtin/mrgrnk.F90.o.provides.build\n     963    make[3]: Leaving directory `/tmp/koparasy/spack-stage/spack-stage-p\n            hist-develop-p5j5ykm3hu5u5v375qdx247b4gwbh4mu/spack-build-p5j5ykm'\n     964    make[2]: Leaving directory `/tmp/koparasy/spack-stage/spack-stage-p\n            hist-develop-p5j5ykm3hu5u5v375qdx247b4gwbh4mu/spack-build-p5j5ykm'\n>> 965    make[1]: *** [CMakeFiles/phist_kernels_builtin.dir/all] Error 2\n     966    make[1]: Leaving directory `/tmp/koparasy/spack-stage/spack-stage-p\n            hist-develop-p5j5ykm3hu5u5v375qdx247b4gwbh4mu/spack-build-p5j5ykm'\n  >> 967    make: *** [all] Error 2\n\nSee build log for details:\n  /var/tmp/koparasy/spack-stage/spack-stage-phist-develop-p5j5ykm3hu5u5v375qdx247b4gwbh4mu/spack-build-out.txt",
    "hist-develop-p5j5ykm3hu5u5v375qdx247b4gwbh4mu/spack-build-p5j5ykm'\n     964    make[2]: Leaving directory `/tmp/koparasy/spack-stage/spack-stage-p\n            hist-develop-p5j5ykm3hu5u5v375qdx247b4gwbh4mu/spack-build-p5j5ykm'\n  >> 965    make[1]: *** [CMakeFiles/phist_kernels_builtin.dir/all] Error 2\n     966    make[1]: Leaving directory `/tmp/koparasy/spack-stage/spack-stage-p\n            hist-develop-p5j5ykm3hu5u5v375qdx247b4gwbh4mu/spack-build-p5j5ykm'\n>> 967    make: *** [all] Error 2\n\nSee build log for details:\n  /var/tmp/koparasy/spack-stage/spack-stage-phist-develop-p5j5ykm3hu5u5v375qdx247b4gwbh4mu/spack-build-out.txt\n\nTraceback (most recent call last):\n  File \"/p/vast1/koparasy/BUILD/head/spack/lib/spack/spack/build_environment.py\", line 1035, in _setup_pkg_and_run"
]