[
    "==> [2022-01-11-09:16:36.329165] '/usr/bin/curl' '--stderr' '-' '-s' '-f' '-r' '0-0' 'https://mirror.spack.io/_source-cache/archive/0f/0f866c75b025a4f1340117a106595cc0675f48ba1e5a9b5c221ec7f19e96ec4c.tar.bz2'\n==> [2022-01-11-09:16:37.416265] '/usr/bin/curl' '-C' '-' '-o' '/var/tmp/koparasy/spack-stage/spack-stage-boost-1.34.1-4ykrz7qw4oe7ug6n3gldyfnwk7vpu2f5/boost_1_34_1.tar.bz2.part' '-f' '-D' '-' '-L' 'https://mirror.spack.io/_source-cache/archive/0f/0f866c75b025a4f1340117a106595cc0675f48ba1e5a9b5c221ec7f19e96ec4c.tar.bz2' '-sS' '--connect-timeout' '10'\n==> [2022-01-11-09:16:39.623086] Staging archive: /var/tmp/koparasy/spack-stage/spack-stage-boost-1.34.1-4ykrz7qw4oe7ug6n3gldyfnwk7vpu2f5/boost_1_34_1.tar.bz2\n==> [2022-01-11-09:16:39.625367] '/usr/bin/tar' '-oxf' '/var/tmp/koparasy/spack-stage/spack-stage-boost-1.34.1-4ykrz7qw4oe7ug6n3gldyfnwk7vpu2f5/boost_1_34_1.tar.bz2'\n==> [2022-01-11-09:16:42.540083] Created stage in /var/tmp/koparasy/spack-stage/spack-stage-boost-1.34.1-4ykrz7qw4oe7ug6n3gldyfnwk7vpu2f5\n==> [2022-01-11-09:16:42.541268] boost: Building boost-1.34.1-2iypimbexbf4onrqbge5vtcnyqg2pmqi [Package]\n==> [2022-01-11-09:16:44.414799] Error: ProcessError: ./bootstrap.sh: No such file or directory: './bootstrap.sh'\n    Command: './bootstrap.sh' '--prefix=/p/vast1/koparasy/BUILD/spack_cluster_installer/quartz/mercury/spack_env_dir/linux-rhel7-broadwell/gcc-9.3.1/boost-1.34.1-2iypimbexbf4onrqbge5vtcnyqg2pmqi' '--with-toolset=gcc' '--with-libraries=wave,iostreams,math,date_time,graph,system,test,signals,program_options,timer,regex,filesystem,serialization,thread' '--without-icu'\nSee build log for details:\n  /var/tmp/koparasy/spack-stage/spack-stage-boost-1.34.1-4ykrz7qw4oe7ug6n3gldyfnwk7vpu2f5/spack-build-out.txt\n\nTraceback (most recent call last):\n  File \"/p/vast1/koparasy/BUILD/head/spack/lib/spack/spack/util/executable.py\", line 198, in __call__",
    "phase(pkg.spec, pkg.prefix)\n  File \"/p/vast1/koparasy/BUILD/head/spack/lib/spack/spack/package.py\", line 134, in phase_wrapper\n    phase(spec, prefix)\n  File \"/p/vast1/koparasy/BUILD/head/spack/var/spack/repos/builtin/packages/boost/package.py\", line 572, in install\n  File \"/p/vast1/koparasy/BUILD/head/spack/lib/spack/spack/util/executable.py\", line 232, in __call__\n    '%s: %s' % (self.exe[0], e.strerror), 'Command: ' + cmd_line_string)\nspack.util.executable.ProcessError: ./bootstrap.sh: No such file or directory: './bootstrap.sh'\n    Command: './bootstrap.sh' '--prefix=/p/vast1/koparasy/BUILD/spack_cluster_installer/quartz/mercury/spack_env_dir/linux-rhel7-broadwell/gcc-9.3.1/boost-1.34.1-2iypimbexbf4onrqbge5vtcnyqg2pmqi' '--with-toolset=gcc' '--with-libraries=wave,iostreams,math,date_time,graph,system,test,signals,program_options,timer,regex,filesystem,serialization,thread' '--without-icu'\n==> [2022-01-11-09:16:44.430067] Flagging boost-1.34.1-2iypimbexbf4onrqbge5vtcnyqg2pmqi as failed: ProcessError: ./bootstrap.sh: No such file or directory: './bootstrap.sh'\n    Command: './bootstrap.sh' '--prefix=/p/vast1/koparasy/BUILD/spack_cluster_installer/quartz/mercury/spack_env_dir/linux-rhel7-broadwell/gcc-9.3.1/boost-1.34.1-2iypimbexbf4onrqbge5vtcnyqg2pmqi' '--with-toolset=gcc' '--with-libraries=wave,iostreams,math,date_time,graph,system,test,signals,program_options,timer,regex,filesystem,serialization,thread' '--without-icu'\n==> [2022-01-11-09:16:44.682914] Skip view update, this environment does not maintain a view\n==> [2022-01-11-09:16:44.685109] ChildError: ProcessError: ./bootstrap.sh: No such file or directory: './bootstrap.sh'\n    Command: './bootstrap.sh' '--prefix=/p/vast1/koparasy/BUILD/spack_cluster_installer/quartz/mercury/spack_env_dir/linux-rhel7-broadwell/gcc-9.3.1/boost-1.34.1-2iypimbexbf4onrqbge5vtcnyqg2pmqi' '--with-toolset=gcc' '--with-libraries=wave,iostreams,math,date_time,graph,system,test,signals,program_options,timer,regex,filesystem,serialization,thread' '--without-icu'",
    "phase(spec, prefix)\n  File \"/p/vast1/koparasy/BUILD/head/spack/var/spack/repos/builtin/packages/boost/package.py\", line 572, in install\n  File \"/p/vast1/koparasy/BUILD/head/spack/lib/spack/spack/util/executable.py\", line 232, in __call__\n    '%s: %s' % (self.exe[0], e.strerror), 'Command: ' + cmd_line_string)\nspack.util.executable.ProcessError: ./bootstrap.sh: No such file or directory: './bootstrap.sh'\n    Command: './bootstrap.sh' '--prefix=/p/vast1/koparasy/BUILD/spack_cluster_installer/quartz/mercury/spack_env_dir/linux-rhel7-broadwell/gcc-9.3.1/boost-1.34.1-2iypimbexbf4onrqbge5vtcnyqg2pmqi' '--with-toolset=gcc' '--with-libraries=wave,iostreams,math,date_time,graph,system,test,signals,program_options,timer,regex,filesystem,serialization,thread' '--without-icu'\n==> [2022-01-11-09:16:44.430067] Flagging boost-1.34.1-2iypimbexbf4onrqbge5vtcnyqg2pmqi as failed: ProcessError: ./bootstrap.sh: No such file or directory: './bootstrap.sh'\n    Command: './bootstrap.sh' '--prefix=/p/vast1/koparasy/BUILD/spack_cluster_installer/quartz/mercury/spack_env_dir/linux-rhel7-broadwell/gcc-9.3.1/boost-1.34.1-2iypimbexbf4onrqbge5vtcnyqg2pmqi' '--with-toolset=gcc' '--with-libraries=wave,iostreams,math,date_time,graph,system,test,signals,program_options,timer,regex,filesystem,serialization,thread' '--without-icu'\n==> [2022-01-11-09:16:44.682914] Skip view update, this environment does not maintain a view\n==> [2022-01-11-09:16:44.685109] ChildError: ProcessError: ./bootstrap.sh: No such file or directory: './bootstrap.sh'\n    Command: './bootstrap.sh' '--prefix=/p/vast1/koparasy/BUILD/spack_cluster_installer/quartz/mercury/spack_env_dir/linux-rhel7-broadwell/gcc-9.3.1/boost-1.34.1-2iypimbexbf4onrqbge5vtcnyqg2pmqi' '--with-toolset=gcc' '--with-libraries=wave,iostreams,math,date_time,graph,system,test,signals,program_options,timer,regex,filesystem,serialization,thread' '--without-icu'",
    "'%s: %s' % (self.exe[0], e.strerror), 'Command: ' + cmd_line_string)\nspack.util.executable.ProcessError: ./bootstrap.sh: No such file or directory: './bootstrap.sh'\n    Command: './bootstrap.sh' '--prefix=/p/vast1/koparasy/BUILD/spack_cluster_installer/quartz/mercury/spack_env_dir/linux-rhel7-broadwell/gcc-9.3.1/boost-1.34.1-2iypimbexbf4onrqbge5vtcnyqg2pmqi' '--with-toolset=gcc' '--with-libraries=wave,iostreams,math,date_time,graph,system,test,signals,program_options,timer,regex,filesystem,serialization,thread' '--without-icu'\n==> [2022-01-11-09:16:44.430067] Flagging boost-1.34.1-2iypimbexbf4onrqbge5vtcnyqg2pmqi as failed: ProcessError: ./bootstrap.sh: No such file or directory: './bootstrap.sh'\n    Command: './bootstrap.sh' '--prefix=/p/vast1/koparasy/BUILD/spack_cluster_installer/quartz/mercury/spack_env_dir/linux-rhel7-broadwell/gcc-9.3.1/boost-1.34.1-2iypimbexbf4onrqbge5vtcnyqg2pmqi' '--with-toolset=gcc' '--with-libraries=wave,iostreams,math,date_time,graph,system,test,signals,program_options,timer,regex,filesystem,serialization,thread' '--without-icu'\n==> [2022-01-11-09:16:44.682914] Skip view update, this environment does not maintain a view\n==> [2022-01-11-09:16:44.685109] ChildError: ProcessError: ./bootstrap.sh: No such file or directory: './bootstrap.sh'\n    Command: './bootstrap.sh' '--prefix=/p/vast1/koparasy/BUILD/spack_cluster_installer/quartz/mercury/spack_env_dir/linux-rhel7-broadwell/gcc-9.3.1/boost-1.34.1-2iypimbexbf4onrqbge5vtcnyqg2pmqi' '--with-toolset=gcc' '--with-libraries=wave,iostreams,math,date_time,graph,system,test,signals,program_options,timer,regex,filesystem,serialization,thread' '--without-icu'",
    "==> [2022-01-17-10:34:34.646678] found raw link dirs: /usr/tce/packages/gcc/gcc-9.3.1/rh/usr/bin/../lib/gcc/x86_64-redhat-linux/9, /usr/tce/packages/gcc/gcc-9.3.1/rh/usr/bin/../lib/gcc, /usr/tce/packages/gcc/gcc-9.3.1/rh/usr/bin/../lib/gcc/x86_64-redhat-linux/9/../../../../lib64, /lib/../lib64, /usr/lib/../lib64, /usr/tce/packages/gcc/gcc-9.3.1/rh/usr/bin/../lib/gcc/x86_64-redhat-linux/9/../../..\n==> [2022-01-17-10:34:34.646819] found link dirs: /usr/tce/packages/gcc/gcc-9.3.1/rh/usr/lib/gcc/x86_64-redhat-linux/9, /usr/tce/packages/gcc/gcc-9.3.1/rh/usr/lib/gcc, /usr/tce/packages/gcc/gcc-9.3.1/rh/usr/lib64, /lib64, /usr/lib64, /usr/tce/packages/gcc/gcc-9.3.1/rh/usr/lib\n==> [2022-01-17-10:34:34.782811] Staging archive: /var/tmp/koparasy/spack-stage/spack-stage-boost-1.34.1-4ykrz7qw4oe7ug6n3gldyfnwk7vpu2f5/boost_1_34_1.tar.bz2\n==> [2022-01-17-10:34:34.785033] '/usr/bin/tar' '-oxf' '/var/tmp/koparasy/spack-stage/spack-stage-boost-1.34.1-4ykrz7qw4oe7ug6n3gldyfnwk7vpu2f5/boost_1_34_1.tar.bz2'\n==> [2022-01-17-10:34:37.631222] Created stage in /var/tmp/koparasy/spack-stage/spack-stage-boost-1.34.1-4ykrz7qw4oe7ug6n3gldyfnwk7vpu2f5\n==> [2022-01-17-10:34:37.632408] boost: Building boost-1.34.1-2iypimbexbf4onrqbge5vtcnyqg2pmqi [Package]\n==> [2022-01-17-10:34:37.678160] Error: ProcessError: ./bootstrap.sh: No such file or directory: './bootstrap.sh'\n    Command: './bootstrap.sh' '--prefix=/p/vast1/koparasy/BUILD/spack_cluster_installer/quartz/veloc/spack_env_dir/linux-rhel7-broadwell/gcc-9.3.1/boost-1.34.1-2iypimbexbf4onrqbge5vtcnyqg2pmqi' '--with-toolset=gcc' '--with-libraries=iostreams,serialization,test,regex,filesystem,system,date_time,wave,graph,program_options,timer,thread,signals,math' '--without-icu'\nSee build log for details:\n  /var/tmp/koparasy/spack-stage/spack-stage-boost-1.34.1-4ykrz7qw4oe7ug6n3gldyfnwk7vpu2f5/spack-build-out.txt\n\nTraceback (most recent call last):\n  File \"/p/vast1/koparasy/BUILD/head/spack/lib/spack/spack/util/executable.py\", line 198, in __call__",
    "phase(pkg.spec, pkg.prefix)\n  File \"/p/vast1/koparasy/BUILD/head/spack/lib/spack/spack/package.py\", line 134, in phase_wrapper\n    phase(spec, prefix)\n  File \"/p/vast1/koparasy/BUILD/head/spack/var/spack/repos/builtin/packages/boost/package.py\", line 572, in install\n  File \"/p/vast1/koparasy/BUILD/head/spack/lib/spack/spack/util/executable.py\", line 232, in __call__\n    '%s: %s' % (self.exe[0], e.strerror), 'Command: ' + cmd_line_string)\nspack.util.executable.ProcessError: ./bootstrap.sh: No such file or directory: './bootstrap.sh'\n    Command: './bootstrap.sh' '--prefix=/p/vast1/koparasy/BUILD/spack_cluster_installer/quartz/veloc/spack_env_dir/linux-rhel7-broadwell/gcc-9.3.1/boost-1.34.1-2iypimbexbf4onrqbge5vtcnyqg2pmqi' '--with-toolset=gcc' '--with-libraries=iostreams,serialization,test,regex,filesystem,system,date_time,wave,graph,program_options,timer,thread,signals,math' '--without-icu'\n==> [2022-01-17-10:34:37.694298] Flagging boost-1.34.1-2iypimbexbf4onrqbge5vtcnyqg2pmqi as failed: ProcessError: ./bootstrap.sh: No such file or directory: './bootstrap.sh'\n    Command: './bootstrap.sh' '--prefix=/p/vast1/koparasy/BUILD/spack_cluster_installer/quartz/veloc/spack_env_dir/linux-rhel7-broadwell/gcc-9.3.1/boost-1.34.1-2iypimbexbf4onrqbge5vtcnyqg2pmqi' '--with-toolset=gcc' '--with-libraries=iostreams,serialization,test,regex,filesystem,system,date_time,wave,graph,program_options,timer,thread,signals,math' '--without-icu'\n==> [2022-01-17-10:34:38.705737] Skip view update, this environment does not maintain a view\n==> [2022-01-17-10:34:38.707833] ChildError: ProcessError: ./bootstrap.sh: No such file or directory: './bootstrap.sh'\n    Command: './bootstrap.sh' '--prefix=/p/vast1/koparasy/BUILD/spack_cluster_installer/quartz/veloc/spack_env_dir/linux-rhel7-broadwell/gcc-9.3.1/boost-1.34.1-2iypimbexbf4onrqbge5vtcnyqg2pmqi' '--with-toolset=gcc' '--with-libraries=iostreams,serialization,test,regex,filesystem,system,date_time,wave,graph,program_options,timer,thread,signals,math' '--without-icu'",
    "phase(spec, prefix)\n  File \"/p/vast1/koparasy/BUILD/head/spack/var/spack/repos/builtin/packages/boost/package.py\", line 572, in install\n  File \"/p/vast1/koparasy/BUILD/head/spack/lib/spack/spack/util/executable.py\", line 232, in __call__\n    '%s: %s' % (self.exe[0], e.strerror), 'Command: ' + cmd_line_string)\nspack.util.executable.ProcessError: ./bootstrap.sh: No such file or directory: './bootstrap.sh'\n    Command: './bootstrap.sh' '--prefix=/p/vast1/koparasy/BUILD/spack_cluster_installer/quartz/veloc/spack_env_dir/linux-rhel7-broadwell/gcc-9.3.1/boost-1.34.1-2iypimbexbf4onrqbge5vtcnyqg2pmqi' '--with-toolset=gcc' '--with-libraries=iostreams,serialization,test,regex,filesystem,system,date_time,wave,graph,program_options,timer,thread,signals,math' '--without-icu'\n==> [2022-01-17-10:34:37.694298] Flagging boost-1.34.1-2iypimbexbf4onrqbge5vtcnyqg2pmqi as failed: ProcessError: ./bootstrap.sh: No such file or directory: './bootstrap.sh'\n    Command: './bootstrap.sh' '--prefix=/p/vast1/koparasy/BUILD/spack_cluster_installer/quartz/veloc/spack_env_dir/linux-rhel7-broadwell/gcc-9.3.1/boost-1.34.1-2iypimbexbf4onrqbge5vtcnyqg2pmqi' '--with-toolset=gcc' '--with-libraries=iostreams,serialization,test,regex,filesystem,system,date_time,wave,graph,program_options,timer,thread,signals,math' '--without-icu'\n==> [2022-01-17-10:34:38.705737] Skip view update, this environment does not maintain a view\n==> [2022-01-17-10:34:38.707833] ChildError: ProcessError: ./bootstrap.sh: No such file or directory: './bootstrap.sh'\n    Command: './bootstrap.sh' '--prefix=/p/vast1/koparasy/BUILD/spack_cluster_installer/quartz/veloc/spack_env_dir/linux-rhel7-broadwell/gcc-9.3.1/boost-1.34.1-2iypimbexbf4onrqbge5vtcnyqg2pmqi' '--with-toolset=gcc' '--with-libraries=iostreams,serialization,test,regex,filesystem,system,date_time,wave,graph,program_options,timer,thread,signals,math' '--without-icu'",
    "'%s: %s' % (self.exe[0], e.strerror), 'Command: ' + cmd_line_string)\nspack.util.executable.ProcessError: ./bootstrap.sh: No such file or directory: './bootstrap.sh'\n    Command: './bootstrap.sh' '--prefix=/p/vast1/koparasy/BUILD/spack_cluster_installer/quartz/veloc/spack_env_dir/linux-rhel7-broadwell/gcc-9.3.1/boost-1.34.1-2iypimbexbf4onrqbge5vtcnyqg2pmqi' '--with-toolset=gcc' '--with-libraries=iostreams,serialization,test,regex,filesystem,system,date_time,wave,graph,program_options,timer,thread,signals,math' '--without-icu'\n==> [2022-01-17-10:34:37.694298] Flagging boost-1.34.1-2iypimbexbf4onrqbge5vtcnyqg2pmqi as failed: ProcessError: ./bootstrap.sh: No such file or directory: './bootstrap.sh'\n    Command: './bootstrap.sh' '--prefix=/p/vast1/koparasy/BUILD/spack_cluster_installer/quartz/veloc/spack_env_dir/linux-rhel7-broadwell/gcc-9.3.1/boost-1.34.1-2iypimbexbf4onrqbge5vtcnyqg2pmqi' '--with-toolset=gcc' '--with-libraries=iostreams,serialization,test,regex,filesystem,system,date_time,wave,graph,program_options,timer,thread,signals,math' '--without-icu'\n==> [2022-01-17-10:34:38.705737] Skip view update, this environment does not maintain a view\n==> [2022-01-17-10:34:38.707833] ChildError: ProcessError: ./bootstrap.sh: No such file or directory: './bootstrap.sh'\n    Command: './bootstrap.sh' '--prefix=/p/vast1/koparasy/BUILD/spack_cluster_installer/quartz/veloc/spack_env_dir/linux-rhel7-broadwell/gcc-9.3.1/boost-1.34.1-2iypimbexbf4onrqbge5vtcnyqg2pmqi' '--with-toolset=gcc' '--with-libraries=iostreams,serialization,test,regex,filesystem,system,date_time,wave,graph,program_options,timer,thread,signals,math' '--without-icu'"
]