[
    "1428    /var/tmp/koparasy/spack-stage/spack-stage-plasma-18.9.0-3pypixcuz7\n             tc2k7ftqjdrgggr2qy5yjy/spack-src/control/tuning.c:31:16: note: pre\n             vious definition of 'L' was here\n     1429       31 |     lua_State *L = (lua_State *)plasma->L;\n     1430          |                ^\n     1431    /var/tmp/koparasy/spack-stage/spack-stage-plasma-18.9.0-3pypixcuz7\ntc2k7ftqjdrgggr2qy5yjy/spack-src/control/tuning.c:36:16: warning:\n             'return' with a value, in function returning void\n\n     ...\n\n     1456       66 |     return L;\n     1457          |            ^",
    "oparasy/spack-stage/spack-stage-plasma-18.9.0-3pypixcuz7tc2k7ftqjd\n             rgggr2qy5yjy/spack-src/control/workspace.c\n     1424    /var/tmp/koparasy/spack-stage/spack-stage-plasma-18.9.0-3pypixcuz7\n             tc2k7ftqjdrgggr2qy5yjy/spack-src/control/tuning.c: In function 'pl\n             asma_tuning_init':\n  >> 1425    /var/tmp/koparasy/spack-stage/spack-stage-plasma-18.9.0-3pypixcuz7\ntc2k7ftqjdrgggr2qy5yjy/spack-src/control/tuning.c:33:16: error: re\n             definition of 'L'\n     1426       33 |     lua_State *L = luaL_newstate();\n     1427          |                ^\n     1428    /var/tmp/koparasy/spack-stage/spack-stage-plasma-18.9.0-3pypixcuz7\n             tc2k7ftqjdrgggr2qy5yjy/spack-src/control/tuning.c:31:16: note: pre\n             vious definition of 'L' was here",
    "1459       29 | plasma_tuning_init(plasma_context_t *plasma)\n     1460          | ^~~~~~~~~~~~~~~~~~\n     1461    /var/tmp/koparasy/spack-stage/spack-stage-plasma-18.9.0-3pypixcuz7\n             tc2k7ftqjdrgggr2qy5yjy/spack-src/control/tuning.c: In function 'pl\n             asma_tune':\n  >> 1462    /var/tmp/koparasy/spack-stage/spack-stage-plasma-18.9.0-3pypixcuz7\ntc2k7ftqjdrgggr2qy5yjy/spack-src/control/tuning.c:83:12: error: vo\n             id value not ignored as it ought to be\n     1463       83 |     retval = lua_getglobal(L, func_name);\n     1464          |            ^\n  >> 1465    /var/tmp/koparasy/spack-stage/spack-stage-plasma-18.9.0-3pypixcuz7\n             tc2k7ftqjdrgggr2qy5yjy/spack-src/control/tuning.c:105:19: error: '\n             LUA_OK' undeclared (first use in this function); did you mean 'LUA",
    ">> 1462    /var/tmp/koparasy/spack-stage/spack-stage-plasma-18.9.0-3pypixcuz7\n             tc2k7ftqjdrgggr2qy5yjy/spack-src/control/tuning.c:83:12: error: vo\n             id value not ignored as it ought to be\n     1463       83 |     retval = lua_getglobal(L, func_name);\n     1464          |            ^\n  >> 1465    /var/tmp/koparasy/spack-stage/spack-stage-plasma-18.9.0-3pypixcuz7\ntc2k7ftqjdrgggr2qy5yjy/spack-src/control/tuning.c:105:19: error: '\n             LUA_OK' undeclared (first use in this function); did you mean 'LUA\n             _QL'?\n     1466      105 |     if (retval != LUA_OK) {\n     1467          |                   ^~~~~~\n     1468          |                   LUA_QL\n     1469    /var/tmp/koparasy/spack-stage/spack-stage-plasma-18.9.0-3pypixcuz7",
    "1467          |                   ^~~~~~\n     1468          |                   LUA_QL\n     1469    /var/tmp/koparasy/spack-stage/spack-stage-plasma-18.9.0-3pypixcuz7\n             tc2k7ftqjdrgggr2qy5yjy/spack-src/control/tuning.c:105:19: note: ea\n             ch undeclared identifier is reported only once for each function i\n             t appears in\n>> 1470    make[2]: *** [CMakeFiles/plasma.dir/control/tuning.c.o] Error 1\n     1471    make[2]: *** Waiting for unfinished jobs....\n     1472    make[2]: Leaving directory `/tmp/koparasy/spack-stage/spack-stage-\n             plasma-18.9.0-3pypixcuz7tc2k7ftqjdrgggr2qy5yjy/spack-build-3pypixc\n             '\n  >> 1473    make[1]: *** [CMakeFiles/plasma.dir/all] Error 2\n     1474    make[1]: Leaving directory `/tmp/koparasy/spack-stage/spack-stage-",
    "t appears in\n  >> 1470    make[2]: *** [CMakeFiles/plasma.dir/control/tuning.c.o] Error 1\n     1471    make[2]: *** Waiting for unfinished jobs....\n     1472    make[2]: Leaving directory `/tmp/koparasy/spack-stage/spack-stage-\n             plasma-18.9.0-3pypixcuz7tc2k7ftqjdrgggr2qy5yjy/spack-build-3pypixc\n             '\n>> 1473    make[1]: *** [CMakeFiles/plasma.dir/all] Error 2\n     1474    make[1]: Leaving directory `/tmp/koparasy/spack-stage/spack-stage-\n             plasma-18.9.0-3pypixcuz7tc2k7ftqjdrgggr2qy5yjy/spack-build-3pypixc\n             '\n  >> 1475    make: *** [all] Error 2\n\nSee build log for details:",
    "plasma-18.9.0-3pypixcuz7tc2k7ftqjdrgggr2qy5yjy/spack-build-3pypixc\n             '\n  >> 1473    make[1]: *** [CMakeFiles/plasma.dir/all] Error 2\n     1474    make[1]: Leaving directory `/tmp/koparasy/spack-stage/spack-stage-\n             plasma-18.9.0-3pypixcuz7tc2k7ftqjdrgggr2qy5yjy/spack-build-3pypixc\n             '\n>> 1475    make: *** [all] Error 2\n\nSee build log for details:\n  /var/tmp/koparasy/spack-stage/spack-stage-plasma-18.9.0-3pypixcuz7tc2k7ftqjdrgggr2qy5yjy/spack-build-out.txt\n\nTraceback (most recent call last):\n  File \"/p/vast1/koparasy/BUILD/head/spack/lib/spack/spack/build_environment.py\", line 1035, in _setup_pkg_and_run"
]