[
    "u7mqctxMPI_Type_commit/'mkl\n     273    //2022.0.1usr//libtce//intel64packages//libmkl_blacs_intelmpi_lp64.\n            sogcc:/ gccundefined- 9.3.1reference/ rhto/ usr`/MPI_Comm_rankbin'/\n  >> 274    ../libexec/gcc/x86_64-redhat-linux/9/ld: /p/vast1/koparasy/BUILD/sp\n            ack_cluster_installer/quartz/tasmanian/spack_env_dir/linux-rhel7-br\n            oadwell/gcc-9.3.1/intel-oneapi-mkl-2022.0.1-ybvgbcccsivp5pxsjs3wdfv\naau7mqctx/mkl/collect2: error: ld returned 1 exit status\n  >> 275    2022.0.1/lib/intel64/libmkl_blacs_intelmpi_lp64.so: undefined refer\n            ence to `MPI_Comm_rank'\n  >> 276    collect2: error: ld returned 1 exit status\n  >> 277    make[2]: *** [tasdream] Error 1\n  >> 278    make[2]: *** [tasgrid] Error 1\n     279    make[2]: Leaving directory `/tmp/koparasy/spack-stage/spack-stage-t",
    ">> 274    ../libexec/gcc/x86_64-redhat-linux/9/ld: /p/vast1/koparasy/BUILD/sp\n            ack_cluster_installer/quartz/tasmanian/spack_env_dir/linux-rhel7-br\n            oadwell/gcc-9.3.1/intel-oneapi-mkl-2022.0.1-ybvgbcccsivp5pxsjs3wdfv\n            aau7mqctx/mkl/collect2: error: ld returned 1 exit status\n  >> 275    2022.0.1/lib/intel64/libmkl_blacs_intelmpi_lp64.so: undefined refer\n            ence to `MPI_Comm_rank'\n>> 276    collect2: error: ld returned 1 exit status\n  >> 277    make[2]: *** [tasdream] Error 1\n  >> 278    make[2]: *** [tasgrid] Error 1\n     279    make[2]: Leaving directory `/tmp/koparasy/spack-stage/spack-stage-t\n            asmanian-5.1-dywvvqk5ipa5rrks3vwzktg6fl2o5vxx/spack-build-dywvvqk'\n     280    make[2]: Leaving directory `/tmp/koparasy/spack-stage/spack-stage-t\n            asmanian-5.1-dywvvqk5ipa5rrks3vwzktg6fl2o5vxx/spack-build-dywvvqk'",
    "ack_cluster_installer/quartz/tasmanian/spack_env_dir/linux-rhel7-br\n            oadwell/gcc-9.3.1/intel-oneapi-mkl-2022.0.1-ybvgbcccsivp5pxsjs3wdfv\n            aau7mqctx/mkl/collect2: error: ld returned 1 exit status\n  >> 275    2022.0.1/lib/intel64/libmkl_blacs_intelmpi_lp64.so: undefined refer\n            ence to `MPI_Comm_rank'\n  >> 276    collect2: error: ld returned 1 exit status\n>> 277    make[2]: *** [tasdream] Error 1\n  >> 278    make[2]: *** [tasgrid] Error 1\n     279    make[2]: Leaving directory `/tmp/koparasy/spack-stage/spack-stage-t\n            asmanian-5.1-dywvvqk5ipa5rrks3vwzktg6fl2o5vxx/spack-build-dywvvqk'\n     280    make[2]: Leaving directory `/tmp/koparasy/spack-stage/spack-stage-t\n            asmanian-5.1-dywvvqk5ipa5rrks3vwzktg6fl2o5vxx/spack-build-dywvvqk'\n  >> 281    make[1]: *** [CMakeFiles/Tasmanian_tasgrid.dir/all] Error 2",
    "oadwell/gcc-9.3.1/intel-oneapi-mkl-2022.0.1-ybvgbcccsivp5pxsjs3wdfv\n            aau7mqctx/mkl/collect2: error: ld returned 1 exit status\n  >> 275    2022.0.1/lib/intel64/libmkl_blacs_intelmpi_lp64.so: undefined refer\n            ence to `MPI_Comm_rank'\n  >> 276    collect2: error: ld returned 1 exit status\n  >> 277    make[2]: *** [tasdream] Error 1\n>> 278    make[2]: *** [tasgrid] Error 1\n     279    make[2]: Leaving directory `/tmp/koparasy/spack-stage/spack-stage-t\n            asmanian-5.1-dywvvqk5ipa5rrks3vwzktg6fl2o5vxx/spack-build-dywvvqk'\n     280    make[2]: Leaving directory `/tmp/koparasy/spack-stage/spack-stage-t\n            asmanian-5.1-dywvvqk5ipa5rrks3vwzktg6fl2o5vxx/spack-build-dywvvqk'\n  >> 281    make[1]: *** [CMakeFiles/Tasmanian_tasgrid.dir/all] Error 2\n     282    make[1]: *** Waiting for unfinished jobs....",
    ">> 277    make[2]: *** [tasdream] Error 1\n  >> 278    make[2]: *** [tasgrid] Error 1\n     279    make[2]: Leaving directory `/tmp/koparasy/spack-stage/spack-stage-t\n            asmanian-5.1-dywvvqk5ipa5rrks3vwzktg6fl2o5vxx/spack-build-dywvvqk'\n     280    make[2]: Leaving directory `/tmp/koparasy/spack-stage/spack-stage-t\n            asmanian-5.1-dywvvqk5ipa5rrks3vwzktg6fl2o5vxx/spack-build-dywvvqk'\n>> 281    make[1]: *** [CMakeFiles/Tasmanian_tasgrid.dir/all] Error 2\n     282    make[1]: *** Waiting for unfinished jobs....\n  >> 283    make[1]: *** [CMakeFiles/Tasmanian_tasdream.dir/all] Error 2\n     284    [ 74%] Building CXX object CMakeFiles/Tasmanian_libsparsegrid_share\n            d.dir/SparseGrids/tsgHardCodedTabulatedRules.cpp.o\n     285    [ 76%] Building CXX object CMakeFiles/Tasmanian_libsparsegrid_share\n            d.dir/SparseGrids/tsgGridLocalPolynomial.cpp.o",
    "279    make[2]: Leaving directory `/tmp/koparasy/spack-stage/spack-stage-t\n            asmanian-5.1-dywvvqk5ipa5rrks3vwzktg6fl2o5vxx/spack-build-dywvvqk'\n     280    make[2]: Leaving directory `/tmp/koparasy/spack-stage/spack-stage-t\n            asmanian-5.1-dywvvqk5ipa5rrks3vwzktg6fl2o5vxx/spack-build-dywvvqk'\n  >> 281    make[1]: *** [CMakeFiles/Tasmanian_tasgrid.dir/all] Error 2\n     282    make[1]: *** Waiting for unfinished jobs....\n>> 283    make[1]: *** [CMakeFiles/Tasmanian_tasdream.dir/all] Error 2\n     284    [ 74%] Building CXX object CMakeFiles/Tasmanian_libsparsegrid_share\n            d.dir/SparseGrids/tsgHardCodedTabulatedRules.cpp.o\n     285    [ 76%] Building CXX object CMakeFiles/Tasmanian_libsparsegrid_share\n            d.dir/SparseGrids/tsgGridLocalPolynomial.cpp.o\n     286    /p/vast1/koparasy/BUILD/head/spack/lib/spack/env/gcc/g++ -DTasmania\n            n_libsparsegrid_shared_EXPORTS -I/var/tmp/koparasy/spack-stage/spac",
    "m -ldl\n     307    make[2]: Leaving directory `/tmp/koparasy/spack-stage/spack-stage-t\n            asmanian-5.1-dywvvqk5ipa5rrks3vwzktg6fl2o5vxx/spack-build-dywvvqk'\n     308    [ 94%] Built target Tasmanian_libsparsegrid_shared\n     309    make[1]: Leaving directory `/tmp/koparasy/spack-stage/spack-stage-t\n            asmanian-5.1-dywvvqk5ipa5rrks3vwzktg6fl2o5vxx/spack-build-dywvvqk'\n>> 310    make: *** [all] Error 2\n\nSee build log for details:\n  /var/tmp/koparasy/spack-stage/spack-stage-tasmanian-5.1-dywvvqk5ipa5rrks3vwzktg6fl2o5vxx/spack-build-out.txt\n\nTraceback (most recent call last):\n  File \"/p/vast1/koparasy/BUILD/head/spack/lib/spack/spack/build_environment.py\", line 1035, in _setup_pkg_and_run"
]