[
    "_delete.dir/test04_delete.c.o -o kv.test04_delete  ../../src/libpap\n            yruskv.a\n  >> 129    /usr/tce/packages/gcc/gcc-9.3.1/rh/usr/bin/../libexec/gcc/x86_64-re\n            dhat-linux/9/ld: ../../src/libpapyruskv.a(Signal.cpp.o): undefined\n            reference to symbol 'sem_post@@@@GLIBC_2.2.5'\n  >> 130    /usr/tce/packages/gcc/gcc-9.3.1/rh/usr/bin/../libexec/gcc/x86_64-re\ndhat-linux/9/ld: /lib64/libpthread.so.0: error adding symbols: DSO\n            missing from command line\n  >> 131    collect2: error: ld returned 1 exit status\n  >> 132    /usr/tce/packages/gcc/gcc-9.3.1/rh/usr/bin/../libexec/gcc/x86_64-re\n            dhat-linux/9/ld: ../../src/libpapyruskv.a(Signal.cpp.o): undefined\n            reference to symbol 'sem_post@@@@GLIBC_2.2.5'\n  >> 133    /usr/tce/packages/gcc/gcc-9.3.1/rh/usr/bin/../libexec/gcc/x86_64-re",
    ">> 129    /usr/tce/packages/gcc/gcc-9.3.1/rh/usr/bin/../libexec/gcc/x86_64-re\n            dhat-linux/9/ld: ../../src/libpapyruskv.a(Signal.cpp.o): undefined\n            reference to symbol 'sem_post@@@@GLIBC_2.2.5'\n  >> 130    /usr/tce/packages/gcc/gcc-9.3.1/rh/usr/bin/../libexec/gcc/x86_64-re\n            dhat-linux/9/ld: /lib64/libpthread.so.0: error adding symbols: DSO\n            missing from command line\n>> 131    collect2: error: ld returned 1 exit status\n  >> 132    /usr/tce/packages/gcc/gcc-9.3.1/rh/usr/bin/../libexec/gcc/x86_64-re\n            dhat-linux/9/ld: ../../src/libpapyruskv.a(Signal.cpp.o): undefined\n            reference to symbol 'sem_post@@@@GLIBC_2.2.5'\n  >> 133    /usr/tce/packages/gcc/gcc-9.3.1/rh/usr/bin/../libexec/gcc/x86_64-re\n            dhat-linux/9/ld: /lib64/libpthread.so.0: error adding symbols: DSO\n            missing from command line",
    "missing from command line\n  >> 131    collect2: error: ld returned 1 exit status\n  >> 132    /usr/tce/packages/gcc/gcc-9.3.1/rh/usr/bin/../libexec/gcc/x86_64-re\n            dhat-linux/9/ld: ../../src/libpapyruskv.a(Signal.cpp.o): undefined\n            reference to symbol 'sem_post@@@@GLIBC_2.2.5'\n  >> 133    /usr/tce/packages/gcc/gcc-9.3.1/rh/usr/bin/../libexec/gcc/x86_64-re\ndhat-linux/9/ld: /lib64/libpthread.so.0: error adding symbols: DSO\n            missing from command line\n  >> 134    collect2: error: ld returned 1 exit status\n  >> 135    make[2]: *** [kv/tests/03_barrier/kv.test03_barrier] Error 1\n     136    make[2]: Leaving directory `/tmp/koparasy/spack-stage/spack-stage-p\n            apyrus-1.0.0-yiwmnzor264lsr42o3nfpx6vi5bawltr/spack-build-yiwmnzo'\n  >> 137    make[1]: *** [kv/tests/03_barrier/CMakeFiles/kv.test03_barrier.dir/",
    ">> 132    /usr/tce/packages/gcc/gcc-9.3.1/rh/usr/bin/../libexec/gcc/x86_64-re\n            dhat-linux/9/ld: ../../src/libpapyruskv.a(Signal.cpp.o): undefined\n            reference to symbol 'sem_post@@@@GLIBC_2.2.5'\n  >> 133    /usr/tce/packages/gcc/gcc-9.3.1/rh/usr/bin/../libexec/gcc/x86_64-re\n            dhat-linux/9/ld: /lib64/libpthread.so.0: error adding symbols: DSO\n            missing from command line\n>> 134    collect2: error: ld returned 1 exit status\n  >> 135    make[2]: *** [kv/tests/03_barrier/kv.test03_barrier] Error 1\n     136    make[2]: Leaving directory `/tmp/koparasy/spack-stage/spack-stage-p\n            apyrus-1.0.0-yiwmnzor264lsr42o3nfpx6vi5bawltr/spack-build-yiwmnzo'\n  >> 137    make[1]: *** [kv/tests/03_barrier/CMakeFiles/kv.test03_barrier.dir/\n            all] Error 2\n     138    make[1]: *** Waiting for unfinished jobs....",
    "dhat-linux/9/ld: ../../src/libpapyruskv.a(Signal.cpp.o): undefined\n            reference to symbol 'sem_post@@@@GLIBC_2.2.5'\n  >> 133    /usr/tce/packages/gcc/gcc-9.3.1/rh/usr/bin/../libexec/gcc/x86_64-re\n            dhat-linux/9/ld: /lib64/libpthread.so.0: error adding symbols: DSO\n            missing from command line\n  >> 134    collect2: error: ld returned 1 exit status\n>> 135    make[2]: *** [kv/tests/03_barrier/kv.test03_barrier] Error 1\n     136    make[2]: Leaving directory `/tmp/koparasy/spack-stage/spack-stage-p\n            apyrus-1.0.0-yiwmnzor264lsr42o3nfpx6vi5bawltr/spack-build-yiwmnzo'\n  >> 137    make[1]: *** [kv/tests/03_barrier/CMakeFiles/kv.test03_barrier.dir/\n            all] Error 2\n     138    make[1]: *** Waiting for unfinished jobs....\n  >> 139    make[2]: *** [kv/tests/01_open_close/kv.test01_open_close] Error 1",
    ">> 135    make[2]: *** [kv/tests/03_barrier/kv.test03_barrier] Error 1\n     136    make[2]: Leaving directory `/tmp/koparasy/spack-stage/spack-stage-p\n            apyrus-1.0.0-yiwmnzor264lsr42o3nfpx6vi5bawltr/spack-build-yiwmnzo'\n  >> 137    make[1]: *** [kv/tests/03_barrier/CMakeFiles/kv.test03_barrier.dir/\n            all] Error 2\n     138    make[1]: *** Waiting for unfinished jobs....\n>> 139    make[2]: *** [kv/tests/01_open_close/kv.test01_open_close] Error 1\n     140    make[2]: Leaving directory `/tmp/koparasy/spack-stage/spack-stage-p\n            apyrus-1.0.0-yiwmnzor264lsr42o3nfpx6vi5bawltr/spack-build-yiwmnzo'\n  >> 141    make[1]: *** [kv/tests/01_open_close/CMakeFiles/kv.test01_open_clos\n            e.dir/all] Error 2\n  >> 142    /usr/tce/packages/gcc/gcc-9.3.1/rh/usr/bin/../libexec/gcc/x86_64-re\n            dhat-linux/9/ld: ../../src/libpapyruskv.a(Signal.cpp.o): undefined",
    ">> 141    make[1]: *** [kv/tests/01_open_close/CMakeFiles/kv.test01_open_clos\n            e.dir/all] Error 2\n  >> 142    /usr/tce/packages/gcc/gcc-9.3.1/rh/usr/bin/../libexec/gcc/x86_64-re\n            dhat-linux/9/ld: ../../src/libpapyruskv.a(Signal.cpp.o): undefined\n            reference to symbol 'sem_post@@@@GLIBC_2.2.5'\n  >> 143    /usr/tce/packages/gcc/gcc-9.3.1/rh/usr/bin/../libexec/gcc/x86_64-re\ndhat-linux/9/ld: /lib64/libpthread.so.0: error adding symbols: DSO\n            missing from command line\n  >> 144    collect2: error: ld returned 1 exit status\n  >> 145    make[2]: *** [kv/tests/04_delete/kv.test04_delete] Error 1\n     146    make[2]: Leaving directory `/tmp/koparasy/spack-stage/spack-stage-p\n            apyrus-1.0.0-yiwmnzor264lsr42o3nfpx6vi5bawltr/spack-build-yiwmnzo'\n  >> 147    make[1]: *** [kv/tests/04_delete/CMakeFiles/kv.test04_delete.dir/al",
    ">> 142    /usr/tce/packages/gcc/gcc-9.3.1/rh/usr/bin/../libexec/gcc/x86_64-re\n            dhat-linux/9/ld: ../../src/libpapyruskv.a(Signal.cpp.o): undefined\n            reference to symbol 'sem_post@@@@GLIBC_2.2.5'\n  >> 143    /usr/tce/packages/gcc/gcc-9.3.1/rh/usr/bin/../libexec/gcc/x86_64-re\n            dhat-linux/9/ld: /lib64/libpthread.so.0: error adding symbols: DSO\n            missing from command line\n>> 144    collect2: error: ld returned 1 exit status\n  >> 145    make[2]: *** [kv/tests/04_delete/kv.test04_delete] Error 1\n     146    make[2]: Leaving directory `/tmp/koparasy/spack-stage/spack-stage-p\n            apyrus-1.0.0-yiwmnzor264lsr42o3nfpx6vi5bawltr/spack-build-yiwmnzo'\n  >> 147    make[1]: *** [kv/tests/04_delete/CMakeFiles/kv.test04_delete.dir/al\n            l] Error 2\n  >> 148    /usr/tce/packages/gcc/gcc-9.3.1/rh/usr/bin/../libexec/gcc/x86_64-re",
    "dhat-linux/9/ld: ../../src/libpapyruskv.a(Signal.cpp.o): undefined\n            reference to symbol 'sem_post@@@@GLIBC_2.2.5'\n  >> 143    /usr/tce/packages/gcc/gcc-9.3.1/rh/usr/bin/../libexec/gcc/x86_64-re\n            dhat-linux/9/ld: /lib64/libpthread.so.0: error adding symbols: DSO\n            missing from command line\n  >> 144    collect2: error: ld returned 1 exit status\n>> 145    make[2]: *** [kv/tests/04_delete/kv.test04_delete] Error 1\n     146    make[2]: Leaving directory `/tmp/koparasy/spack-stage/spack-stage-p\n            apyrus-1.0.0-yiwmnzor264lsr42o3nfpx6vi5bawltr/spack-build-yiwmnzo'\n  >> 147    make[1]: *** [kv/tests/04_delete/CMakeFiles/kv.test04_delete.dir/al\n            l] Error 2\n  >> 148    /usr/tce/packages/gcc/gcc-9.3.1/rh/usr/bin/../libexec/gcc/x86_64-re\n            dhat-linux/9/ld: ../../src/libpapyruskv.a(Signal.cpp.o): undefined",
    ">> 147    make[1]: *** [kv/tests/04_delete/CMakeFiles/kv.test04_delete.dir/al\n            l] Error 2\n  >> 148    /usr/tce/packages/gcc/gcc-9.3.1/rh/usr/bin/../libexec/gcc/x86_64-re\n            dhat-linux/9/ld: ../../src/libpapyruskv.a(Signal.cpp.o): undefined\n            reference to symbol 'sem_post@@@@GLIBC_2.2.5'\n  >> 149    /usr/tce/packages/gcc/gcc-9.3.1/rh/usr/bin/../libexec/gcc/x86_64-re\ndhat-linux/9/ld: /lib64/libpthread.so.0: error adding symbols: DSO\n            missing from command line\n  >> 150    collect2: error: ld returned 1 exit status\n  >> 151    make[2]: *** [kv/tests/02_put_get/kv.test02_put_get] Error 1\n     152    make[2]: Leaving directory `/tmp/koparasy/spack-stage/spack-stage-p\n            apyrus-1.0.0-yiwmnzor264lsr42o3nfpx6vi5bawltr/spack-build-yiwmnzo'\n  >> 153    make[1]: *** [kv/tests/02_put_get/CMakeFiles/kv.test02_put_get.dir/",
    ">> 148    /usr/tce/packages/gcc/gcc-9.3.1/rh/usr/bin/../libexec/gcc/x86_64-re\n            dhat-linux/9/ld: ../../src/libpapyruskv.a(Signal.cpp.o): undefined\n            reference to symbol 'sem_post@@@@GLIBC_2.2.5'\n  >> 149    /usr/tce/packages/gcc/gcc-9.3.1/rh/usr/bin/../libexec/gcc/x86_64-re\n            dhat-linux/9/ld: /lib64/libpthread.so.0: error adding symbols: DSO\n            missing from command line\n>> 150    collect2: error: ld returned 1 exit status\n  >> 151    make[2]: *** [kv/tests/02_put_get/kv.test02_put_get] Error 1\n     152    make[2]: Leaving directory `/tmp/koparasy/spack-stage/spack-stage-p\n            apyrus-1.0.0-yiwmnzor264lsr42o3nfpx6vi5bawltr/spack-build-yiwmnzo'\n  >> 153    make[1]: *** [kv/tests/02_put_get/CMakeFiles/kv.test02_put_get.dir/\n            all] Error 2\n     154    make[1]: Leaving directory `/tmp/koparasy/spack-stage/spack-stage-p",
    "dhat-linux/9/ld: ../../src/libpapyruskv.a(Signal.cpp.o): undefined\n            reference to symbol 'sem_post@@@@GLIBC_2.2.5'\n  >> 149    /usr/tce/packages/gcc/gcc-9.3.1/rh/usr/bin/../libexec/gcc/x86_64-re\n            dhat-linux/9/ld: /lib64/libpthread.so.0: error adding symbols: DSO\n            missing from command line\n  >> 150    collect2: error: ld returned 1 exit status\n>> 151    make[2]: *** [kv/tests/02_put_get/kv.test02_put_get] Error 1\n     152    make[2]: Leaving directory `/tmp/koparasy/spack-stage/spack-stage-p\n            apyrus-1.0.0-yiwmnzor264lsr42o3nfpx6vi5bawltr/spack-build-yiwmnzo'\n  >> 153    make[1]: *** [kv/tests/02_put_get/CMakeFiles/kv.test02_put_get.dir/\n            all] Error 2\n     154    make[1]: Leaving directory `/tmp/koparasy/spack-stage/spack-stage-p\n            apyrus-1.0.0-yiwmnzor264lsr42o3nfpx6vi5bawltr/spack-build-yiwmnzo'",
    "152    make[2]: Leaving directory `/tmp/koparasy/spack-stage/spack-stage-p\n            apyrus-1.0.0-yiwmnzor264lsr42o3nfpx6vi5bawltr/spack-build-yiwmnzo'\n  >> 153    make[1]: *** [kv/tests/02_put_get/CMakeFiles/kv.test02_put_get.dir/\n            all] Error 2\n     154    make[1]: Leaving directory `/tmp/koparasy/spack-stage/spack-stage-p\n            apyrus-1.0.0-yiwmnzor264lsr42o3nfpx6vi5bawltr/spack-build-yiwmnzo'\n>> 155    make: *** [all] Error 2\n\nSee build log for details:\n  /var/tmp/koparasy/spack-stage/spack-stage-papyrus-1.0.0-yiwmnzor264lsr42o3nfpx6vi5bawltr/spack-build-out.txt\n\nTraceback (most recent call last):\n  File \"/p/vast1/koparasy/BUILD/head/spack/lib/spack/spack/build_environment.py\", line 1035, in _setup_pkg_and_run"
]