[
    "0.6.0-wne2cxtwdauscwtxuqgkpdr26cwdt67k/spack-src/src/rover/domain.h\n            pp:47,\n     330                     from /tmp/koparasy/spack-stage/spack-stage-ascent-\n            0.6.0-wne2cxtwdauscwtxuqgkpdr26cwdt67k/spack-src/src/rover/domain.c\n            pp:42:\n  >> 331    /tmp/koparasy/spack-stage/spack-stage-ascent-0.6.0-wne2cxtwdauscwtx\nuqgkpdr26cwdt67k/spack-src/src/rover/engine.hpp:47:10: fatal error:\n             vtkm/cont/ColorTable.hxx: No such file or directory\n     332     #include <vtkm/cont/ColorTable.hxx>\n     333              ^~~~~~~~~~~~~~~~~~~~~~~~~~\n     334    compilation terminated.\n  >> 335    make[2]: *** [rover/CMakeFiles/rover.dir/domain.cpp.o] Error 1\n     336    make[2]: Leaving directory `/tmp/koparasy/spack-stage/spack-stage-a",
    "pp:47,\n     330                     from /tmp/koparasy/spack-stage/spack-stage-ascent-\n            0.6.0-wne2cxtwdauscwtxuqgkpdr26cwdt67k/spack-src/src/rover/domain.c\n            pp:42:\n  >> 331    /tmp/koparasy/spack-stage/spack-stage-ascent-0.6.0-wne2cxtwdauscwtx\n            uqgkpdr26cwdt67k/spack-src/src/rover/engine.hpp:47:10: fatal error:\nvtkm/cont/ColorTable.hxx: No such file or directory\n     332     #include <vtkm/cont/ColorTable.hxx>\n     333              ^~~~~~~~~~~~~~~~~~~~~~~~~~\n     334    compilation terminated.\n  >> 335    make[2]: *** [rover/CMakeFiles/rover.dir/domain.cpp.o] Error 1\n     336    make[2]: Leaving directory `/tmp/koparasy/spack-stage/spack-stage-a\n            scent-0.6.0-wne2cxtwdauscwtxuqgkpdr26cwdt67k/spack-build-wne2cxt'",
    ">> 331    /tmp/koparasy/spack-stage/spack-stage-ascent-0.6.0-wne2cxtwdauscwtx\n            uqgkpdr26cwdt67k/spack-src/src/rover/engine.hpp:47:10: fatal error:\n             vtkm/cont/ColorTable.hxx: No such file or directory\n     332     #include <vtkm/cont/ColorTable.hxx>\n     333              ^~~~~~~~~~~~~~~~~~~~~~~~~~\n     334    compilation terminated.\n>> 335    make[2]: *** [rover/CMakeFiles/rover.dir/domain.cpp.o] Error 1\n     336    make[2]: Leaving directory `/tmp/koparasy/spack-stage/spack-stage-a\n            scent-0.6.0-wne2cxtwdauscwtxuqgkpdr26cwdt67k/spack-build-wne2cxt'\n  >> 337    make[1]: *** [rover/CMakeFiles/rover.dir/all] Error 2\n     338    make[1]: *** Waiting for unfinished jobs....\n     339    [  3%] Building CXX object flow/CMakeFiles/ascent_flow.dir/flow_fil\n            ter.cpp.o",
    "332     #include <vtkm/cont/ColorTable.hxx>\n     333              ^~~~~~~~~~~~~~~~~~~~~~~~~~\n     334    compilation terminated.\n  >> 335    make[2]: *** [rover/CMakeFiles/rover.dir/domain.cpp.o] Error 1\n     336    make[2]: Leaving directory `/tmp/koparasy/spack-stage/spack-stage-a\n            scent-0.6.0-wne2cxtwdauscwtxuqgkpdr26cwdt67k/spack-build-wne2cxt'\n>> 337    make[1]: *** [rover/CMakeFiles/rover.dir/all] Error 2\n     338    make[1]: *** Waiting for unfinished jobs....\n     339    [  3%] Building CXX object flow/CMakeFiles/ascent_flow.dir/flow_fil\n            ter.cpp.o\n     340    cd /tmp/koparasy/spack-stage/spack-stage-ascent-0.6.0-wne2cxtwdausc\n            wtxuqgkpdr26cwdt67k/spack-build-wne2cxt/flow && /usr/tce/packages/g\n            cc/gcc-8.3.1/bin/g++ -DASCENT_EXPORTS_FLAG -DH5_BUILT_AS_DYNAMIC_LI",
    "s/gtest.dir/src/gtest-all.cc.o  -lpthread\n     364    make[2]: Leaving directory `/tmp/koparasy/spack-stage/spack-stage-a\n            scent-0.6.0-wne2cxtwdauscwtxuqgkpdr26cwdt67k/spack-build-wne2cxt'\n     365    [  6%] Built target gtest\n     366    make[1]: Leaving directory `/tmp/koparasy/spack-stage/spack-stage-a\n            scent-0.6.0-wne2cxtwdauscwtxuqgkpdr26cwdt67k/spack-build-wne2cxt'\n>> 367    make: *** [all] Error 2\n\nSee build log for details:\n  /var/tmp/koparasy/spack-stage/spack-stage-ascent-0.6.0-wne2cxtwdauscwtxuqgkpdr26cwdt67k/spack-build-out.txt\n\nTraceback (most recent call last):\n  File \"/p/vast1/koparasy/BUILD/spack/lib/spack/spack/build_environment.py\", line 1035, in _setup_pkg_and_run"
]