[
    "asy/spack-stage/spack-stage-plasma-18.11.0-3ulzmvuajpatcq2o2jdldah\n             x3tzynxsx/spack-src/control/workspace.c\n     1410    /var/tmp/koparasy/spack-stage/spack-stage-plasma-18.11.0-3ulzmvuaj\n             patcq2o2jdldahx3tzynxsx/spack-src/control/tuning.c: In function 'p\n             lasma_tune':\n  >> 1411    /var/tmp/koparasy/spack-stage/spack-stage-plasma-18.11.0-3ulzmvuaj\npatcq2o2jdldahx3tzynxsx/spack-src/control/tuning.c:80:12: error: v\n             oid value not ignored as it ought to be\n     1412       80 |     retval = lua_getglobal(L, func_name);\n     1413          |            ^\n  >> 1414    /var/tmp/koparasy/spack-stage/spack-stage-plasma-18.11.0-3ulzmvuaj\n             patcq2o2jdldahx3tzynxsx/spack-src/control/tuning.c:102:19: error:\n             'LUA_OK' undeclared (first use in this function); did you mean 'LU",
    ">> 1411    /var/tmp/koparasy/spack-stage/spack-stage-plasma-18.11.0-3ulzmvuaj\n             patcq2o2jdldahx3tzynxsx/spack-src/control/tuning.c:80:12: error: v\n             oid value not ignored as it ought to be\n     1412       80 |     retval = lua_getglobal(L, func_name);\n     1413          |            ^\n  >> 1414    /var/tmp/koparasy/spack-stage/spack-stage-plasma-18.11.0-3ulzmvuaj\npatcq2o2jdldahx3tzynxsx/spack-src/control/tuning.c:102:19: error:\n             'LUA_OK' undeclared (first use in this function); did you mean 'LU\n             A_QL'?\n     1415      102 |     if (retval != LUA_OK) {\n     1416          |                   ^~~~~~\n     1417          |                   LUA_QL\n     1418    /var/tmp/koparasy/spack-stage/spack-stage-plasma-18.11.0-3ulzmvuaj",
    "1416          |                   ^~~~~~\n     1417          |                   LUA_QL\n     1418    /var/tmp/koparasy/spack-stage/spack-stage-plasma-18.11.0-3ulzmvuaj\n             patcq2o2jdldahx3tzynxsx/spack-src/control/tuning.c:102:19: note: e\n             ach undeclared identifier is reported only once for each function\n             it appears in\n>> 1419    make[2]: *** [CMakeFiles/plasma.dir/control/tuning.c.o] Error 1\n     1420    make[2]: *** Waiting for unfinished jobs....\n     1421    make[2]: Leaving directory `/tmp/koparasy/spack-stage/spack-stage-\n             plasma-18.11.0-3ulzmvuajpatcq2o2jdldahx3tzynxsx/spack-build-3ulzmv\n             u'\n  >> 1422    make[1]: *** [CMakeFiles/plasma.dir/all] Error 2\n     1423    make[1]: Leaving directory `/tmp/koparasy/spack-stage/spack-stage-",
    "it appears in\n  >> 1419    make[2]: *** [CMakeFiles/plasma.dir/control/tuning.c.o] Error 1\n     1420    make[2]: *** Waiting for unfinished jobs....\n     1421    make[2]: Leaving directory `/tmp/koparasy/spack-stage/spack-stage-\n             plasma-18.11.0-3ulzmvuajpatcq2o2jdldahx3tzynxsx/spack-build-3ulzmv\n             u'\n>> 1422    make[1]: *** [CMakeFiles/plasma.dir/all] Error 2\n     1423    make[1]: Leaving directory `/tmp/koparasy/spack-stage/spack-stage-\n             plasma-18.11.0-3ulzmvuajpatcq2o2jdldahx3tzynxsx/spack-build-3ulzmv\n             u'\n  >> 1424    make: *** [all] Error 2\n\nSee build log for details:",
    "plasma-18.11.0-3ulzmvuajpatcq2o2jdldahx3tzynxsx/spack-build-3ulzmv\n             u'\n  >> 1422    make[1]: *** [CMakeFiles/plasma.dir/all] Error 2\n     1423    make[1]: Leaving directory `/tmp/koparasy/spack-stage/spack-stage-\n             plasma-18.11.0-3ulzmvuajpatcq2o2jdldahx3tzynxsx/spack-build-3ulzmv\n             u'\n>> 1424    make: *** [all] Error 2\n\nSee build log for details:\n  /var/tmp/koparasy/spack-stage/spack-stage-plasma-18.11.0-3ulzmvuajpatcq2o2jdldahx3tzynxsx/spack-build-out.txt\n\nTraceback (most recent call last):\n  File \"/p/vast1/koparasy/BUILD/head/spack/lib/spack/spack/build_environment.py\", line 1035, in _setup_pkg_and_run"
]