[
    "04_delete.dir/test04_delete.c.o -o kv.test04_delete  ../../src/libp\n            apyruskv.a\n  >> 124    /usr/tce/packages/gcc/gcc-9.3.1/rh/usr/bin/../libexec/gcc/x86_64-re\n            dhat-linux/9/ld: ../../src/libpapyruskv.a(Signal.cpp.o): undefined\n            reference to symbol 'sem_post@@@@GLIBC_2.2.5'\n  >> 125    /usr/tce/packages/gcc/gcc-9.3.1/rh/usr/bin/../libexec/gcc/x86_64-re\ndhat-linux/9/ld: /usr/lib64/libpthread.so.0: error adding symbols:\n            DSO missing from command line\n  >> 126    collect2: error: ld returned 1 exit status\n  >> 127    /usr/tce/packages/gcc/gcc-9.3.1/rh/usr/bin/../libexec/gcc/x86_64-re\n            dhat-linux/9/ld: ../../src/libpapyruskv.a(Signal.cpp.o): undefined\n            reference to symbol 'sem_post@@@@GLIBC_2.2.5'\n  >> 128    /usr/tce/packages/gcc/gcc-9.3.1/rh/usr/bin/../libexec/gcc/x86_64-re",
    ">> 124    /usr/tce/packages/gcc/gcc-9.3.1/rh/usr/bin/../libexec/gcc/x86_64-re\n            dhat-linux/9/ld: ../../src/libpapyruskv.a(Signal.cpp.o): undefined\n            reference to symbol 'sem_post@@@@GLIBC_2.2.5'\n  >> 125    /usr/tce/packages/gcc/gcc-9.3.1/rh/usr/bin/../libexec/gcc/x86_64-re\n            dhat-linux/9/ld: /usr/lib64/libpthread.so.0: error adding symbols:\n            DSO missing from command line\n>> 126    collect2: error: ld returned 1 exit status\n  >> 127    /usr/tce/packages/gcc/gcc-9.3.1/rh/usr/bin/../libexec/gcc/x86_64-re\n            dhat-linux/9/ld: ../../src/libpapyruskv.a(Signal.cpp.o): undefined\n            reference to symbol 'sem_post@@@@GLIBC_2.2.5'\n  >> 128    /usr/tce/packages/gcc/gcc-9.3.1/rh/usr/bin/../libexec/gcc/x86_64-re\n            dhat-linux/9/ld: /usr/lib64/libpthread.so.0: error adding symbols:\n            DSO missing from command line",
    "DSO missing from command line\n  >> 126    collect2: error: ld returned 1 exit status\n  >> 127    /usr/tce/packages/gcc/gcc-9.3.1/rh/usr/bin/../libexec/gcc/x86_64-re\n            dhat-linux/9/ld: ../../src/libpapyruskv.a(Signal.cpp.o): undefined\n            reference to symbol 'sem_post@@@@GLIBC_2.2.5'\n  >> 128    /usr/tce/packages/gcc/gcc-9.3.1/rh/usr/bin/../libexec/gcc/x86_64-re\ndhat-linux/9/ld: /usr/lib64/libpthread.so.0: error adding symbols:\n            DSO missing from command line\n  >> 129    collect2: error: ld returned 1 exit status\n  >> 130    make[2]: *** [kv/tests/01_open_close/kv.test01_open_close] Error 1\n     131    make[2]: Leaving directory `/tmp/koparasy/spack-stage/spack-stage-p\n            apyrus-1.0.0-jx2dpvuolslm6ce3g5ozwp5vmlyhuukr/spack-build-jx2dpvu'\n  >> 132    make[1]: *** [kv/tests/01_open_close/CMakeFiles/kv.test01_open_clos",
    ">> 127    /usr/tce/packages/gcc/gcc-9.3.1/rh/usr/bin/../libexec/gcc/x86_64-re\n            dhat-linux/9/ld: ../../src/libpapyruskv.a(Signal.cpp.o): undefined\n            reference to symbol 'sem_post@@@@GLIBC_2.2.5'\n  >> 128    /usr/tce/packages/gcc/gcc-9.3.1/rh/usr/bin/../libexec/gcc/x86_64-re\n            dhat-linux/9/ld: /usr/lib64/libpthread.so.0: error adding symbols:\n            DSO missing from command line\n>> 129    collect2: error: ld returned 1 exit status\n  >> 130    make[2]: *** [kv/tests/01_open_close/kv.test01_open_close] Error 1\n     131    make[2]: Leaving directory `/tmp/koparasy/spack-stage/spack-stage-p\n            apyrus-1.0.0-jx2dpvuolslm6ce3g5ozwp5vmlyhuukr/spack-build-jx2dpvu'\n  >> 132    make[1]: *** [kv/tests/01_open_close/CMakeFiles/kv.test01_open_clos\n            e.dir/all] Error 2\n     133    make[1]: *** Waiting for unfinished jobs....",
    "dhat-linux/9/ld: ../../src/libpapyruskv.a(Signal.cpp.o): undefined\n            reference to symbol 'sem_post@@@@GLIBC_2.2.5'\n  >> 128    /usr/tce/packages/gcc/gcc-9.3.1/rh/usr/bin/../libexec/gcc/x86_64-re\n            dhat-linux/9/ld: /usr/lib64/libpthread.so.0: error adding symbols:\n            DSO missing from command line\n  >> 129    collect2: error: ld returned 1 exit status\n>> 130    make[2]: *** [kv/tests/01_open_close/kv.test01_open_close] Error 1\n     131    make[2]: Leaving directory `/tmp/koparasy/spack-stage/spack-stage-p\n            apyrus-1.0.0-jx2dpvuolslm6ce3g5ozwp5vmlyhuukr/spack-build-jx2dpvu'\n  >> 132    make[1]: *** [kv/tests/01_open_close/CMakeFiles/kv.test01_open_clos\n            e.dir/all] Error 2\n     133    make[1]: *** Waiting for unfinished jobs....\n  >> 134    make[2]: *** [kv/tests/02_put_get/kv.test02_put_get] Error 1",
    ">> 130    make[2]: *** [kv/tests/01_open_close/kv.test01_open_close] Error 1\n     131    make[2]: Leaving directory `/tmp/koparasy/spack-stage/spack-stage-p\n            apyrus-1.0.0-jx2dpvuolslm6ce3g5ozwp5vmlyhuukr/spack-build-jx2dpvu'\n  >> 132    make[1]: *** [kv/tests/01_open_close/CMakeFiles/kv.test01_open_clos\n            e.dir/all] Error 2\n     133    make[1]: *** Waiting for unfinished jobs....\n>> 134    make[2]: *** [kv/tests/02_put_get/kv.test02_put_get] Error 1\n     135    make[2]: Leaving directory `/tmp/koparasy/spack-stage/spack-stage-p\n            apyrus-1.0.0-jx2dpvuolslm6ce3g5ozwp5vmlyhuukr/spack-build-jx2dpvu'\n  >> 136    make[1]: *** [kv/tests/02_put_get/CMakeFiles/kv.test02_put_get.dir/\n            all] Error 2\n  >> 137    /usr/tce/packages/gcc/gcc-9.3.1/rh/usr/bin/../libexec/gcc/x86_64-re\n            dhat-linux/9/ld: ../../src/libpapyruskv.a(Signal.cpp.o): undefined",
    ">> 136    make[1]: *** [kv/tests/02_put_get/CMakeFiles/kv.test02_put_get.dir/\n            all] Error 2\n  >> 137    /usr/tce/packages/gcc/gcc-9.3.1/rh/usr/bin/../libexec/gcc/x86_64-re\n            dhat-linux/9/ld: ../../src/libpapyruskv.a(Signal.cpp.o): undefined\n            reference to symbol 'sem_post@@@@GLIBC_2.2.5'\n  >> 138    /usr/tce/packages/gcc/gcc-9.3.1/rh/usr/bin/../libexec/gcc/x86_64-re\ndhat-linux/9/ld: /usr/lib64/libpthread.so.0: error adding symbols:\n            DSO missing from command line\n  >> 139    collect2: error: ld returned 1 exit status\n  >> 140    make[2]: *** [kv/tests/03_barrier/kv.test03_barrier] Error 1\n     141    make[2]: Leaving directory `/tmp/koparasy/spack-stage/spack-stage-p\n            apyrus-1.0.0-jx2dpvuolslm6ce3g5ozwp5vmlyhuukr/spack-build-jx2dpvu'\n  >> 142    make[1]: *** [kv/tests/03_barrier/CMakeFiles/kv.test03_barrier.dir/",
    ">> 137    /usr/tce/packages/gcc/gcc-9.3.1/rh/usr/bin/../libexec/gcc/x86_64-re\n            dhat-linux/9/ld: ../../src/libpapyruskv.a(Signal.cpp.o): undefined\n            reference to symbol 'sem_post@@@@GLIBC_2.2.5'\n  >> 138    /usr/tce/packages/gcc/gcc-9.3.1/rh/usr/bin/../libexec/gcc/x86_64-re\n            dhat-linux/9/ld: /usr/lib64/libpthread.so.0: error adding symbols:\n            DSO missing from command line\n>> 139    collect2: error: ld returned 1 exit status\n  >> 140    make[2]: *** [kv/tests/03_barrier/kv.test03_barrier] Error 1\n     141    make[2]: Leaving directory `/tmp/koparasy/spack-stage/spack-stage-p\n            apyrus-1.0.0-jx2dpvuolslm6ce3g5ozwp5vmlyhuukr/spack-build-jx2dpvu'\n  >> 142    make[1]: *** [kv/tests/03_barrier/CMakeFiles/kv.test03_barrier.dir/\n            all] Error 2\n  >> 143    /usr/tce/packages/gcc/gcc-9.3.1/rh/usr/bin/../libexec/gcc/x86_64-re",
    "dhat-linux/9/ld: ../../src/libpapyruskv.a(Signal.cpp.o): undefined\n            reference to symbol 'sem_post@@@@GLIBC_2.2.5'\n  >> 138    /usr/tce/packages/gcc/gcc-9.3.1/rh/usr/bin/../libexec/gcc/x86_64-re\n            dhat-linux/9/ld: /usr/lib64/libpthread.so.0: error adding symbols:\n            DSO missing from command line\n  >> 139    collect2: error: ld returned 1 exit status\n>> 140    make[2]: *** [kv/tests/03_barrier/kv.test03_barrier] Error 1\n     141    make[2]: Leaving directory `/tmp/koparasy/spack-stage/spack-stage-p\n            apyrus-1.0.0-jx2dpvuolslm6ce3g5ozwp5vmlyhuukr/spack-build-jx2dpvu'\n  >> 142    make[1]: *** [kv/tests/03_barrier/CMakeFiles/kv.test03_barrier.dir/\n            all] Error 2\n  >> 143    /usr/tce/packages/gcc/gcc-9.3.1/rh/usr/bin/../libexec/gcc/x86_64-re\n            dhat-linux/9/ld: ../../src/libpapyruskv.a(Signal.cpp.o): undefined",
    ">> 142    make[1]: *** [kv/tests/03_barrier/CMakeFiles/kv.test03_barrier.dir/\n            all] Error 2\n  >> 143    /usr/tce/packages/gcc/gcc-9.3.1/rh/usr/bin/../libexec/gcc/x86_64-re\n            dhat-linux/9/ld: ../../src/libpapyruskv.a(Signal.cpp.o): undefined\n            reference to symbol 'sem_post@@@@GLIBC_2.2.5'\n  >> 144    /usr/tce/packages/gcc/gcc-9.3.1/rh/usr/bin/../libexec/gcc/x86_64-re\ndhat-linux/9/ld: /usr/lib64/libpthread.so.0: error adding symbols:\n            DSO missing from command line\n  >> 145    collect2: error: ld returned 1 exit status\n  >> 146    make[2]: *** [kv/tests/04_delete/kv.test04_delete] Error 1\n     147    make[2]: Leaving directory `/tmp/koparasy/spack-stage/spack-stage-p\n            apyrus-1.0.0-jx2dpvuolslm6ce3g5ozwp5vmlyhuukr/spack-build-jx2dpvu'\n  >> 148    make[1]: *** [kv/tests/04_delete/CMakeFiles/kv.test04_delete.dir/al",
    ">> 143    /usr/tce/packages/gcc/gcc-9.3.1/rh/usr/bin/../libexec/gcc/x86_64-re\n            dhat-linux/9/ld: ../../src/libpapyruskv.a(Signal.cpp.o): undefined\n            reference to symbol 'sem_post@@@@GLIBC_2.2.5'\n  >> 144    /usr/tce/packages/gcc/gcc-9.3.1/rh/usr/bin/../libexec/gcc/x86_64-re\n            dhat-linux/9/ld: /usr/lib64/libpthread.so.0: error adding symbols:\n            DSO missing from command line\n>> 145    collect2: error: ld returned 1 exit status\n  >> 146    make[2]: *** [kv/tests/04_delete/kv.test04_delete] Error 1\n     147    make[2]: Leaving directory `/tmp/koparasy/spack-stage/spack-stage-p\n            apyrus-1.0.0-jx2dpvuolslm6ce3g5ozwp5vmlyhuukr/spack-build-jx2dpvu'\n  >> 148    make[1]: *** [kv/tests/04_delete/CMakeFiles/kv.test04_delete.dir/al\n            l] Error 2\n     149    make[1]: Leaving directory `/tmp/koparasy/spack-stage/spack-stage-p",
    "dhat-linux/9/ld: ../../src/libpapyruskv.a(Signal.cpp.o): undefined\n            reference to symbol 'sem_post@@@@GLIBC_2.2.5'\n  >> 144    /usr/tce/packages/gcc/gcc-9.3.1/rh/usr/bin/../libexec/gcc/x86_64-re\n            dhat-linux/9/ld: /usr/lib64/libpthread.so.0: error adding symbols:\n            DSO missing from command line\n  >> 145    collect2: error: ld returned 1 exit status\n>> 146    make[2]: *** [kv/tests/04_delete/kv.test04_delete] Error 1\n     147    make[2]: Leaving directory `/tmp/koparasy/spack-stage/spack-stage-p\n            apyrus-1.0.0-jx2dpvuolslm6ce3g5ozwp5vmlyhuukr/spack-build-jx2dpvu'\n  >> 148    make[1]: *** [kv/tests/04_delete/CMakeFiles/kv.test04_delete.dir/al\n            l] Error 2\n     149    make[1]: Leaving directory `/tmp/koparasy/spack-stage/spack-stage-p\n            apyrus-1.0.0-jx2dpvuolslm6ce3g5ozwp5vmlyhuukr/spack-build-jx2dpvu'",
    "147    make[2]: Leaving directory `/tmp/koparasy/spack-stage/spack-stage-p\n            apyrus-1.0.0-jx2dpvuolslm6ce3g5ozwp5vmlyhuukr/spack-build-jx2dpvu'\n  >> 148    make[1]: *** [kv/tests/04_delete/CMakeFiles/kv.test04_delete.dir/al\n            l] Error 2\n     149    make[1]: Leaving directory `/tmp/koparasy/spack-stage/spack-stage-p\n            apyrus-1.0.0-jx2dpvuolslm6ce3g5ozwp5vmlyhuukr/spack-build-jx2dpvu'\n>> 150    make: *** [all] Error 2\n\nSee build log for details:\n  /var/tmp/koparasy/spack-stage/spack-stage-papyrus-1.0.0-jx2dpvuolslm6ce3g5ozwp5vmlyhuukr/spack-build-out.txt\n\nTraceback (most recent call last):\n  File \"/p/vast1/koparasy/BUILD/head/spack/lib/spack/spack/build_environment.py\", line 1035, in _setup_pkg_and_run"
]