[
    "t03_barrier.dir/test03_barrier.c.o  -o kv.test03_barrier ../../src/\n            libpapyruskv.a\n  >> 131    /usr/tce/packages/gcc/gcc-9.3.1/rh/usr/bin/../libexec/gcc/x86_64-re\n            dhat-linux/9/ld: ../../src/libpapyruskv.a(Signal.cpp.o): undefined\n            reference to symbol 'sem_post@@@@GLIBC_2.2.5'\n  >> 132    /usr/tce/packages/gcc/gcc-9.3.1/rh/usr/bin/../libexec/gcc/x86_64-re\ndhat-linux/9/ld: /usr/lib64/libpthread.so.0: error adding symbols:\n            DSO missing from command line\n  >> 133    collect2: error: ld returned 1 exit status\n  >> 134    /usr/tce/packages/gcc/gcc-9.3.1/rh/usr/bin/../libexec/gcc/x86_64-re\n            dhat-linux/9/ld: ../../src/libpapyruskv.a(Signal.cpp.o): undefined\n            reference to symbol 'sem_post@@@@GLIBC_2.2.5'\n     135    //usr/usrtce//packagestce//gccpackages//gccgcc-/9.3.1gcc/-rh9.3.1//",
    ">> 131    /usr/tce/packages/gcc/gcc-9.3.1/rh/usr/bin/../libexec/gcc/x86_64-re\n            dhat-linux/9/ld: ../../src/libpapyruskv.a(Signal.cpp.o): undefined\n            reference to symbol 'sem_post@@@@GLIBC_2.2.5'\n  >> 132    /usr/tce/packages/gcc/gcc-9.3.1/rh/usr/bin/../libexec/gcc/x86_64-re\n            dhat-linux/9/ld: /usr/lib64/libpthread.so.0: error adding symbols:\n            DSO missing from command line\n>> 133    collect2: error: ld returned 1 exit status\n  >> 134    /usr/tce/packages/gcc/gcc-9.3.1/rh/usr/bin/../libexec/gcc/x86_64-re\n            dhat-linux/9/ld: ../../src/libpapyruskv.a(Signal.cpp.o): undefined\n            reference to symbol 'sem_post@@@@GLIBC_2.2.5'\n     135    //usr/usrtce//packagestce//gccpackages//gccgcc-/9.3.1gcc/-rh9.3.1//\n            usrrh//binusr//.bin.//.libexec.//gcclibexec//x86_64gcc-/redhatx86_6\n            4--linuxredhat/-9linux//ld9:/ ld/:usr /.lib64.//libpthread.so.0.:.",
    "usrrh//binusr//.bin.//.libexec.//gcclibexec//x86_64gcc-/redhatx86_6\n            4--linuxredhat/-9linux//ld9:/ ld/:usr /.lib64.//libpthread.so.0.:.\n            /errorsrc /addinglibpapyruskv.a (symbolsSignal.cpp.o:) :DSO  undefi\n            nedmissing  referencefrom  tocommand  symbolline\n     136    'sem_post@@GLIBC_2.2.5'\n  >> 137    /usr/tce/packages/gcc/gcc-9.3.1/rh/usr/bin/../libexec/gcc/x86_64-re\ndhat-linux/9/ld: /collect2: error: ld returned 1 exit status\n  >> 138    usr/lib64/libpthread.so.0: error adding symbols: DSO missing from c\n            ommand line\n  >> 139    collect2: error: ld returned 1 exit status\n  >> 140    make[2]: *** [kv/tests/04_delete/kv.test04_delete] Error 1\n     141    make[2]: Leaving directory `/tmp/koparasy/spack-stage/spack-stage-p\n            apyrus-1.0.0-ow7ef27ig6euarpcv5jefqumkay5wyn6/spack-build-ow7ef27'",
    "4--linuxredhat/-9linux//ld9:/ ld/:usr /.lib64.//libpthread.so.0.:.\n            /errorsrc /addinglibpapyruskv.a (symbolsSignal.cpp.o:) :DSO  undefi\n            nedmissing  referencefrom  tocommand  symbolline\n     136    'sem_post@@GLIBC_2.2.5'\n  >> 137    /usr/tce/packages/gcc/gcc-9.3.1/rh/usr/bin/../libexec/gcc/x86_64-re\n            dhat-linux/9/ld: /collect2: error: ld returned 1 exit status\n>> 138    usr/lib64/libpthread.so.0: error adding symbols: DSO missing from c\n            ommand line\n  >> 139    collect2: error: ld returned 1 exit status\n  >> 140    make[2]: *** [kv/tests/04_delete/kv.test04_delete] Error 1\n     141    make[2]: Leaving directory `/tmp/koparasy/spack-stage/spack-stage-p\n            apyrus-1.0.0-ow7ef27ig6euarpcv5jefqumkay5wyn6/spack-build-ow7ef27'\n  >> 142    make[1]: *** [kv/tests/04_delete/CMakeFiles/kv.test04_delete.dir/al",
    "nedmissing  referencefrom  tocommand  symbolline\n     136    'sem_post@@GLIBC_2.2.5'\n  >> 137    /usr/tce/packages/gcc/gcc-9.3.1/rh/usr/bin/../libexec/gcc/x86_64-re\n            dhat-linux/9/ld: /collect2: error: ld returned 1 exit status\n  >> 138    usr/lib64/libpthread.so.0: error adding symbols: DSO missing from c\n            ommand line\n>> 139    collect2: error: ld returned 1 exit status\n  >> 140    make[2]: *** [kv/tests/04_delete/kv.test04_delete] Error 1\n     141    make[2]: Leaving directory `/tmp/koparasy/spack-stage/spack-stage-p\n            apyrus-1.0.0-ow7ef27ig6euarpcv5jefqumkay5wyn6/spack-build-ow7ef27'\n  >> 142    make[1]: *** [kv/tests/04_delete/CMakeFiles/kv.test04_delete.dir/al\n            l] Error 2\n     143    make[1]: *** Waiting for unfinished jobs....",
    "136    'sem_post@@GLIBC_2.2.5'\n  >> 137    /usr/tce/packages/gcc/gcc-9.3.1/rh/usr/bin/../libexec/gcc/x86_64-re\n            dhat-linux/9/ld: /collect2: error: ld returned 1 exit status\n  >> 138    usr/lib64/libpthread.so.0: error adding symbols: DSO missing from c\n            ommand line\n  >> 139    collect2: error: ld returned 1 exit status\n>> 140    make[2]: *** [kv/tests/04_delete/kv.test04_delete] Error 1\n     141    make[2]: Leaving directory `/tmp/koparasy/spack-stage/spack-stage-p\n            apyrus-1.0.0-ow7ef27ig6euarpcv5jefqumkay5wyn6/spack-build-ow7ef27'\n  >> 142    make[1]: *** [kv/tests/04_delete/CMakeFiles/kv.test04_delete.dir/al\n            l] Error 2\n     143    make[1]: *** Waiting for unfinished jobs....\n  >> 144    make[2]: make[2]: *** [kv/tests/02_put_get/kv.test02_put_get] Error",
    ">> 140    make[2]: *** [kv/tests/04_delete/kv.test04_delete] Error 1\n     141    make[2]: Leaving directory `/tmp/koparasy/spack-stage/spack-stage-p\n            apyrus-1.0.0-ow7ef27ig6euarpcv5jefqumkay5wyn6/spack-build-ow7ef27'\n  >> 142    make[1]: *** [kv/tests/04_delete/CMakeFiles/kv.test04_delete.dir/al\n            l] Error 2\n     143    make[1]: *** Waiting for unfinished jobs....\n>> 144    make[2]: make[2]: *** [kv/tests/02_put_get/kv.test02_put_get] Error\n             1*** [kv/tests/01_open_close/kv.test01_open_close] Error 1\n     145\n     146    make[2]: Leaving directory `/tmp/koparasy/spack-stage/spack-stage-p\n            apyrus-1.0.0-ow7ef27ig6euarpcv5jefqumkay5wyn6/spack-build-ow7ef27'\n     147    make[2]: Leaving directory `/tmp/koparasy/spack-stage/spack-stage-p\n            apyrus-1.0.0-ow7ef27ig6euarpcv5jefqumkay5wyn6/spack-build-ow7ef27'",
    ">> 149    make[1]: *** [kv/tests/02_put_get/CMakeFiles/kv.test02_put_get.dir/\n            all] Error 2\n  >> 150    /usr/tce/packages/gcc/gcc-9.3.1/rh/usr/bin/../libexec/gcc/x86_64-re\n            dhat-linux/9/ld: ../../src/libpapyruskv.a(Signal.cpp.o): undefined\n            reference to symbol 'sem_post@@@@GLIBC_2.2.5'\n  >> 151    /usr/tce/packages/gcc/gcc-9.3.1/rh/usr/bin/../libexec/gcc/x86_64-re\ndhat-linux/9/ld: /usr/lib64/libpthread.so.0: error adding symbols:\n            DSO missing from command line\n  >> 152    collect2: error: ld returned 1 exit status\n  >> 153    make[2]: *** [kv/tests/03_barrier/kv.test03_barrier] Error 1\n     154    make[2]: Leaving directory `/tmp/koparasy/spack-stage/spack-stage-p\n            apyrus-1.0.0-ow7ef27ig6euarpcv5jefqumkay5wyn6/spack-build-ow7ef27'\n  >> 155    make[1]: *** [kv/tests/03_barrier/CMakeFiles/kv.test03_barrier.dir/",
    ">> 150    /usr/tce/packages/gcc/gcc-9.3.1/rh/usr/bin/../libexec/gcc/x86_64-re\n            dhat-linux/9/ld: ../../src/libpapyruskv.a(Signal.cpp.o): undefined\n            reference to symbol 'sem_post@@@@GLIBC_2.2.5'\n  >> 151    /usr/tce/packages/gcc/gcc-9.3.1/rh/usr/bin/../libexec/gcc/x86_64-re\n            dhat-linux/9/ld: /usr/lib64/libpthread.so.0: error adding symbols:\n            DSO missing from command line\n>> 152    collect2: error: ld returned 1 exit status\n  >> 153    make[2]: *** [kv/tests/03_barrier/kv.test03_barrier] Error 1\n     154    make[2]: Leaving directory `/tmp/koparasy/spack-stage/spack-stage-p\n            apyrus-1.0.0-ow7ef27ig6euarpcv5jefqumkay5wyn6/spack-build-ow7ef27'\n  >> 155    make[1]: *** [kv/tests/03_barrier/CMakeFiles/kv.test03_barrier.dir/\n            all] Error 2\n     156    make[1]: Leaving directory `/tmp/koparasy/spack-stage/spack-stage-p",
    "dhat-linux/9/ld: ../../src/libpapyruskv.a(Signal.cpp.o): undefined\n            reference to symbol 'sem_post@@@@GLIBC_2.2.5'\n  >> 151    /usr/tce/packages/gcc/gcc-9.3.1/rh/usr/bin/../libexec/gcc/x86_64-re\n            dhat-linux/9/ld: /usr/lib64/libpthread.so.0: error adding symbols:\n            DSO missing from command line\n  >> 152    collect2: error: ld returned 1 exit status\n>> 153    make[2]: *** [kv/tests/03_barrier/kv.test03_barrier] Error 1\n     154    make[2]: Leaving directory `/tmp/koparasy/spack-stage/spack-stage-p\n            apyrus-1.0.0-ow7ef27ig6euarpcv5jefqumkay5wyn6/spack-build-ow7ef27'\n  >> 155    make[1]: *** [kv/tests/03_barrier/CMakeFiles/kv.test03_barrier.dir/\n            all] Error 2\n     156    make[1]: Leaving directory `/tmp/koparasy/spack-stage/spack-stage-p\n            apyrus-1.0.0-ow7ef27ig6euarpcv5jefqumkay5wyn6/spack-build-ow7ef27'",
    "154    make[2]: Leaving directory `/tmp/koparasy/spack-stage/spack-stage-p\n            apyrus-1.0.0-ow7ef27ig6euarpcv5jefqumkay5wyn6/spack-build-ow7ef27'\n  >> 155    make[1]: *** [kv/tests/03_barrier/CMakeFiles/kv.test03_barrier.dir/\n            all] Error 2\n     156    make[1]: Leaving directory `/tmp/koparasy/spack-stage/spack-stage-p\n            apyrus-1.0.0-ow7ef27ig6euarpcv5jefqumkay5wyn6/spack-build-ow7ef27'\n>> 157    make: *** [all] Error 2\n\nSee build log for details:\n  /var/tmp/koparasy/spack-stage/spack-stage-papyrus-1.0.0-ow7ef27ig6euarpcv5jefqumkay5wyn6/spack-build-out.txt\n\nTraceback (most recent call last):\n  File \"/p/vast1/koparasy/BUILD/head/spack/lib/spack/spack/build_environment.py\", line 1035, in _setup_pkg_and_run"
]