[
    "byemtyf7zn53ska4pb4fow2mxy2cg/spack-src/src/blas/impl/KokkosBlas1_a\n            xpby_impl.hpp: In constructor 'KokkosBlas::Impl::Axpby_Functor<AV,\n            XV, BV, YV, scalar_x, scalar_y, SizeType>::Axpby_Functor(const XV&,\n             const YV&, const AV&, const BV&, SizeType)':\n  >> 76     /var/tmp/koparasy/spack-stage/spack-stage-kokkos-kernels-3.0.00-av2\n            byemtyf7zn53ska4pb4fow2mxy2cg/spack-src/src/blas/impl/KokkosBlas1_a\nxpby_impl.hpp:101:34: error: 'is_same' is not a member of 'Kokkos::\n            Impl'; did you mean 'std::is_same'?\n     77       101 |     static_assert (Kokkos::Impl::is_same<typename YV::value\n            _type,\n     78           |                                  ^~~~~~~\n     79     In file included from /p/vast1/koparasy/BUILD/spack_cluster_install\n            er/quartz/kokkos-kernels/spack_env_dir/linux-rhel7-broadwell/gcc-9.",
    "88                      from /var/tmp/koparasy/spack-stage/spack-stage-kok\n            kos-kernels-3.0.00-av2byemtyf7zn53ska4pb4fow2mxy2cg/spack-src/src/i\n            mpl/generated_specializations_cpp/axpby/KokkosBlas1_axpby_mv_eti_sp\n            ec_inst_dbl_LayoutLeft_Serial_HostSpace.cpp:52:\n  >> 89     /var/tmp/koparasy/spack-stage/spack-stage-kokkos-kernels-3.0.00-av2\n            byemtyf7zn53ska4pb4fow2mxy2cg/spack-src/src/blas/impl/KokkosBlas1_a\nxpby_impl.hpp:101:65: error: expected '(' before ',' token\n     90       101 |     static_assert (Kokkos::Impl::is_same<typename YV::value\n            _type,\n     91           |\n                 ^\n     92           |\n                 (",
    "91           |\n                 ^\n     92           |\n                 (\n  >> 93     /var/tmp/koparasy/spack-stage/spack-stage-kokkos-kernels-3.0.00-av2\n            byemtyf7zn53ska4pb4fow2mxy2cg/spack-src/src/blas/impl/KokkosBlas1_a\nxpby_impl.hpp:102:20: error: expected string-literal before 'typena\n            me'\n     94       102 |                    typename YV::non_const_value_type>::valu\n            e,\n     95           |                    ^~~~~~~~\n  >> 96     /var/tmp/koparasy/spack-stage/spack-stage-kokkos-kernels-3.0.00-av2\n            byemtyf7zn53ska4pb4fow2mxy2cg/spack-src/src/blas/impl/KokkosBlas1_a",
    "me'\n     94       102 |                    typename YV::non_const_value_type>::valu\n            e,\n     95           |                    ^~~~~~~~\n  >> 96     /var/tmp/koparasy/spack-stage/spack-stage-kokkos-kernels-3.0.00-av2\n            byemtyf7zn53ska4pb4fow2mxy2cg/spack-src/src/blas/impl/KokkosBlas1_a\nxpby_impl.hpp:101:66: error: expected ')' before 'typename'\n     97       101 |     static_assert (Kokkos::Impl::is_same<typename YV::value\n            _type,\n     98           |                   ~\n                  ^\n     99           |\n                  )",
    "name XV::non_const_value_type, XV, typename YV::non_const_value_typ\n            e, YV, scalar_x, scalar_y, SizeType>::Axpby_Functor(const XV&, cons\n            t YV&, const typename XV::non_const_value_type&, const typename YV:\n            :non_const_value_type&, SizeType)':\n  >> 103    /var/tmp/koparasy/spack-stage/spack-stage-kokkos-kernels-3.0.00-av2\n            byemtyf7zn53ska4pb4fow2mxy2cg/spack-src/src/blas/impl/KokkosBlas1_a\nxpby_impl.hpp:235:34: error: 'is_same' is not a member of 'Kokkos::\n            Impl'; did you mean 'std::is_same'?\n     104      235 |     static_assert (Kokkos::Impl::is_same<typename YV::value\n            _type,\n     105          |                                  ^~~~~~~\n     106    In file included from /p/vast1/koparasy/BUILD/spack_cluster_install\n            er/quartz/kokkos-kernels/spack_env_dir/linux-rhel7-broadwell/gcc-9.",
    "115                     from /var/tmp/koparasy/spack-stage/spack-stage-kok\n            kos-kernels-3.0.00-av2byemtyf7zn53ska4pb4fow2mxy2cg/spack-src/src/i\n            mpl/generated_specializations_cpp/axpby/KokkosBlas1_axpby_mv_eti_sp\n            ec_inst_dbl_LayoutLeft_Serial_HostSpace.cpp:52:\n  >> 116    /var/tmp/koparasy/spack-stage/spack-stage-kokkos-kernels-3.0.00-av2\n            byemtyf7zn53ska4pb4fow2mxy2cg/spack-src/src/blas/impl/KokkosBlas1_a\nxpby_impl.hpp:235:65: error: expected '(' before ',' token\n     117      235 |     static_assert (Kokkos::Impl::is_same<typename YV::value\n            _type,\n     118          |\n                 ^\n     119          |\n                 (",
    "118          |\n                 ^\n     119          |\n                 (\n  >> 120    /var/tmp/koparasy/spack-stage/spack-stage-kokkos-kernels-3.0.00-av2\n            byemtyf7zn53ska4pb4fow2mxy2cg/spack-src/src/blas/impl/KokkosBlas1_a\nxpby_impl.hpp:236:20: error: expected string-literal before 'typena\n            me'\n     121      236 |                    typename YV::non_const_value_type>::valu\n            e,\n     122          |                    ^~~~~~~~\n  >> 123    /var/tmp/koparasy/spack-stage/spack-stage-kokkos-kernels-3.0.00-av2\n            byemtyf7zn53ska4pb4fow2mxy2cg/spack-src/src/blas/impl/KokkosBlas1_a",
    "me'\n     121      236 |                    typename YV::non_const_value_type>::valu\n            e,\n     122          |                    ^~~~~~~~\n  >> 123    /var/tmp/koparasy/spack-stage/spack-stage-kokkos-kernels-3.0.00-av2\n            byemtyf7zn53ska4pb4fow2mxy2cg/spack-src/src/blas/impl/KokkosBlas1_a\nxpby_impl.hpp:235:66: error: expected ')' before 'typename'\n     124      235 |     static_assert (Kokkos::Impl::is_same<typename YV::value\n            _type,\n     125          |                   ~\n                  ^\n     126          |\n                  )",
    "129    /var/tmp/koparasy/spack-stage/spack-stage-kokkos-kernels-3.0.00-av2\n            byemtyf7zn53ska4pb4fow2mxy2cg/spack-src/src/blas/impl/KokkosBlas1_a\n            xpby_impl.hpp: In function 'void KokkosBlas::Impl::Axpby_Generic(co\n            nst AV&, const XV&, const BV&, const YV&, SizeType, int, int)':\n  >> 130    /var/tmp/koparasy/spack-stage/spack-stage-kokkos-kernels-3.0.00-av2\n            byemtyf7zn53ska4pb4fow2mxy2cg/spack-src/src/blas/impl/KokkosBlas1_a\nxpby_impl.hpp:340:32: error: 'is_same' is not a member of 'Kokkos::\n            Impl'; did you mean 'std::is_same'?\n     131      340 |   static_assert (Kokkos::Impl::is_same<typename YV::value_t\n            ype,\n     132          |                                ^~~~~~~\n     133    In file included from /p/vast1/koparasy/BUILD/spack_cluster_install\n            er/quartz/kokkos-kernels/spack_env_dir/linux-rhel7-broadwell/gcc-9.",
    "142                     from /var/tmp/koparasy/spack-stage/spack-stage-kok\n            kos-kernels-3.0.00-av2byemtyf7zn53ska4pb4fow2mxy2cg/spack-src/src/i\n            mpl/generated_specializations_cpp/axpby/KokkosBlas1_axpby_mv_eti_sp\n            ec_inst_dbl_LayoutLeft_Serial_HostSpace.cpp:52:\n  >> 143    /var/tmp/koparasy/spack-stage/spack-stage-kokkos-kernels-3.0.00-av2\n            byemtyf7zn53ska4pb4fow2mxy2cg/spack-src/src/blas/impl/KokkosBlas1_a\nxpby_impl.hpp:340:63: error: expected '(' before ',' token\n     144      340 |   static_assert (Kokkos::Impl::is_same<typename YV::value_t\n            ype,\n     145          |\n               ^\n     146          |\n               (",
    "145          |\n               ^\n     146          |\n               (\n  >> 147    /var/tmp/koparasy/spack-stage/spack-stage-kokkos-kernels-3.0.00-av2\n            byemtyf7zn53ska4pb4fow2mxy2cg/spack-src/src/blas/impl/KokkosBlas1_a\nxpby_impl.hpp:341:20: error: expected string-literal before 'typena\n            me'\n     148      341 |                    typename YV::non_const_value_type>::valu\n            e,\n     149          |                    ^~~~~~~~\n  >> 150    /var/tmp/koparasy/spack-stage/spack-stage-kokkos-kernels-3.0.00-av2\n            byemtyf7zn53ska4pb4fow2mxy2cg/spack-src/src/blas/impl/KokkosBlas1_a",
    "me'\n     148      341 |                    typename YV::non_const_value_type>::valu\n            e,\n     149          |                    ^~~~~~~~\n  >> 150    /var/tmp/koparasy/spack-stage/spack-stage-kokkos-kernels-3.0.00-av2\n            byemtyf7zn53ska4pb4fow2mxy2cg/spack-src/src/blas/impl/KokkosBlas1_a\nxpby_impl.hpp:340:64: error: expected ')' before 'typename'\n     151      340 |   static_assert (Kokkos::Impl::is_same<typename YV::value_t\n            ype,\n     152          |                 ~\n                ^\n     153          |\n                )",
    "byemtyf7zn53ska4pb4fow2mxy2cg/spack-src/src/blas/impl/KokkosBlas1_a\n            xpby_mv_impl.hpp: In constructor 'KokkosBlas::Impl::Axpby_MV_Functo\n            r<AV, XMV, BV, YMV, scalar_x, scalar_y, SizeType>::Axpby_MV_Functor\n            (const XMV&, const YMV&, const AV&, const BV&)':\n  >> 159    /var/tmp/koparasy/spack-stage/spack-stage-kokkos-kernels-3.0.00-av2\n            byemtyf7zn53ska4pb4fow2mxy2cg/spack-src/src/blas/impl/KokkosBlas1_a\nxpby_mv_impl.hpp:98:34: error: 'is_same' is not a member of 'Kokkos\n            ::Impl'; did you mean 'std::is_same'?\n     160       98 |     static_assert (Kokkos::Impl::is_same<typename YMV::valu\n            e_type,\n     161          |                                  ^~~~~~~\n     162    In file included from /p/vast1/koparasy/BUILD/spack_cluster_install\n            er/quartz/kokkos-kernels/spack_env_dir/linux-rhel7-broadwell/gcc-9.",
    "171                     from /var/tmp/koparasy/spack-stage/spack-stage-kok\n            kos-kernels-3.0.00-av2byemtyf7zn53ska4pb4fow2mxy2cg/spack-src/src/i\n            mpl/generated_specializations_cpp/axpby/KokkosBlas1_axpby_mv_eti_sp\n            ec_inst_dbl_LayoutLeft_Serial_HostSpace.cpp:52:\n  >> 172    /var/tmp/koparasy/spack-stage/spack-stage-kokkos-kernels-3.0.00-av2\n            byemtyf7zn53ska4pb4fow2mxy2cg/spack-src/src/blas/impl/KokkosBlas1_a\nxpby_mv_impl.hpp:98:66: error: expected '(' before ',' token\n     173       98 |     static_assert (Kokkos::Impl::is_same<typename YMV::valu\n            e_type,\n     174          |\n                  ^\n     175          |\n                  (",
    "174          |\n                  ^\n     175          |\n                  (\n  >> 176    /var/tmp/koparasy/spack-stage/spack-stage-kokkos-kernels-3.0.00-av2\n            byemtyf7zn53ska4pb4fow2mxy2cg/spack-src/src/blas/impl/KokkosBlas1_a\nxpby_mv_impl.hpp:99:20: error: expected string-literal before 'type\n            name'\n     177       99 |                    typename YMV::non_const_value_type>::val\n            ue,\n     178          |                    ^~~~~~~~\n  >> 179    /var/tmp/koparasy/spack-stage/spack-stage-kokkos-kernels-3.0.00-av2\n            byemtyf7zn53ska4pb4fow2mxy2cg/spack-src/src/blas/impl/KokkosBlas1_a",
    "name'\n     177       99 |                    typename YMV::non_const_value_type>::val\n            ue,\n     178          |                    ^~~~~~~~\n  >> 179    /var/tmp/koparasy/spack-stage/spack-stage-kokkos-kernels-3.0.00-av2\n            byemtyf7zn53ska4pb4fow2mxy2cg/spack-src/src/blas/impl/KokkosBlas1_a\nxpby_mv_impl.hpp:98:67: error: expected ')' before 'typename'\n     180       98 |     static_assert (Kokkos::Impl::is_same<typename YMV::valu\n            e_type,\n     181          |                   ~\n                   ^\n     182          |\n                   )",
    "r<typename XMV::non_const_value_type, XMV, typename YMV::non_const_\n            value_type, YMV, scalar_x, scalar_y, SizeType>::Axpby_MV_Functor(co\n            nst XMV&, const YMV&, const typename XMV::non_const_value_type&, co\n            nst typename YMV::non_const_value_type&)':\n  >> 186    /var/tmp/koparasy/spack-stage/spack-stage-kokkos-kernels-3.0.00-av2\n            byemtyf7zn53ska4pb4fow2mxy2cg/spack-src/src/blas/impl/KokkosBlas1_a\nxpby_mv_impl.hpp:332:34: error: 'is_same' is not a member of 'Kokko\n            s::Impl'; did you mean 'std::is_same'?\n     187      332 |     static_assert (Kokkos::Impl::is_same<typename YMV::valu\n            e_type,\n     188          |                                  ^~~~~~~\n     189    In file included from /p/vast1/koparasy/BUILD/spack_cluster_install\n            er/quartz/kokkos-kernels/spack_env_dir/linux-rhel7-broadwell/gcc-9.",
    "198                     from /var/tmp/koparasy/spack-stage/spack-stage-kok\n            kos-kernels-3.0.00-av2byemtyf7zn53ska4pb4fow2mxy2cg/spack-src/src/i\n            mpl/generated_specializations_cpp/axpby/KokkosBlas1_axpby_mv_eti_sp\n            ec_inst_dbl_LayoutLeft_Serial_HostSpace.cpp:52:\n  >> 199    /var/tmp/koparasy/spack-stage/spack-stage-kokkos-kernels-3.0.00-av2\n            byemtyf7zn53ska4pb4fow2mxy2cg/spack-src/src/blas/impl/KokkosBlas1_a\nxpby_mv_impl.hpp:332:66: error: expected '(' before ',' token\n     200      332 |     static_assert (Kokkos::Impl::is_same<typename YMV::valu\n            e_type,\n     201          |\n                  ^\n     202          |\n                  (",
    "201          |\n                  ^\n     202          |\n                  (\n  >> 203    /var/tmp/koparasy/spack-stage/spack-stage-kokkos-kernels-3.0.00-av2\n            byemtyf7zn53ska4pb4fow2mxy2cg/spack-src/src/blas/impl/KokkosBlas1_a\nxpby_mv_impl.hpp:333:20: error: expected string-literal before 'typ\n            ename'\n     204      333 |                    typename YMV::non_const_value_type>::val\n            ue,\n     205          |                    ^~~~~~~~\n  >> 206    /var/tmp/koparasy/spack-stage/spack-stage-kokkos-kernels-3.0.00-av2\n            byemtyf7zn53ska4pb4fow2mxy2cg/spack-src/src/blas/impl/KokkosBlas1_a",
    "ename'\n     204      333 |                    typename YMV::non_const_value_type>::val\n            ue,\n     205          |                    ^~~~~~~~\n  >> 206    /var/tmp/koparasy/spack-stage/spack-stage-kokkos-kernels-3.0.00-av2\n            byemtyf7zn53ska4pb4fow2mxy2cg/spack-src/src/blas/impl/KokkosBlas1_a\nxpby_mv_impl.hpp:332:67: error: expected ')' before 'typename'\n     207      332 |     static_assert (Kokkos::Impl::is_same<typename YMV::valu\n            e_type,\n     208          |                   ~\n                   ^\n     209          |\n                   )",
    "xpby_mv_impl.hpp: In constructor 'KokkosBlas::Impl::Axpby_MV_Unroll\n            _Functor<AV, XMV, BV, YMV, scalar_x, scalar_y, UNROLL, SizeType>::A\n            xpby_MV_Unroll_Functor(const XMV&, const YMV&, const AV&, const BV&\n            , SizeType)':\n  >> 213    /var/tmp/koparasy/spack-stage/spack-stage-kokkos-kernels-3.0.00-av2\n            byemtyf7zn53ska4pb4fow2mxy2cg/spack-src/src/blas/impl/KokkosBlas1_a\nxpby_mv_impl.hpp:549:34: error: 'is_same' is not a member of 'Kokko\n            s::Impl'; did you mean 'std::is_same'?\n     214      549 |     static_assert (Kokkos::Impl::is_same<typename YMV::valu\n            e_type,\n     215          |                                  ^~~~~~~\n     216    In file included from /p/vast1/koparasy/BUILD/spack_cluster_install\n            er/quartz/kokkos-kernels/spack_env_dir/linux-rhel7-broadwell/gcc-9.",
    "225                     from /var/tmp/koparasy/spack-stage/spack-stage-kok\n            kos-kernels-3.0.00-av2byemtyf7zn53ska4pb4fow2mxy2cg/spack-src/src/i\n            mpl/generated_specializations_cpp/axpby/KokkosBlas1_axpby_mv_eti_sp\n            ec_inst_dbl_LayoutLeft_Serial_HostSpace.cpp:52:\n  >> 226    /var/tmp/koparasy/spack-stage/spack-stage-kokkos-kernels-3.0.00-av2\n            byemtyf7zn53ska4pb4fow2mxy2cg/spack-src/src/blas/impl/KokkosBlas1_a\nxpby_mv_impl.hpp:549:66: error: expected '(' before ',' token\n     227      549 |     static_assert (Kokkos::Impl::is_same<typename YMV::valu\n            e_type,\n     228          |\n                  ^\n     229          |\n                  (",
    "228          |\n                  ^\n     229          |\n                  (\n  >> 230    /var/tmp/koparasy/spack-stage/spack-stage-kokkos-kernels-3.0.00-av2\n            byemtyf7zn53ska4pb4fow2mxy2cg/spack-src/src/blas/impl/KokkosBlas1_a\nxpby_mv_impl.hpp:550:20: error: expected string-literal before 'typ\n            ename'\n     231      550 |                    typename YMV::non_const_value_type>::val\n            ue,\n     232          |                    ^~~~~~~~\n  >> 233    /var/tmp/koparasy/spack-stage/spack-stage-kokkos-kernels-3.0.00-av2\n            byemtyf7zn53ska4pb4fow2mxy2cg/spack-src/src/blas/impl/KokkosBlas1_a",
    "ename'\n     231      550 |                    typename YMV::non_const_value_type>::val\n            ue,\n     232          |                    ^~~~~~~~\n  >> 233    /var/tmp/koparasy/spack-stage/spack-stage-kokkos-kernels-3.0.00-av2\n            byemtyf7zn53ska4pb4fow2mxy2cg/spack-src/src/blas/impl/KokkosBlas1_a\nxpby_mv_impl.hpp:549:67: error: expected ')' before 'typename'\n     234      549 |     static_assert (Kokkos::Impl::is_same<typename YMV::valu\n            e_type,\n     235          |                   ~\n                   ^\n     236          |\n                   )",
    "_const_value_type, YMV, scalar_x, scalar_y, UNROLL, SizeType>::Axpb\n            y_MV_Unroll_Functor(const XMV&, const YMV&, const typename XMV::non\n            _const_value_type&, const typename YMV::non_const_value_type&, Size\n            Type)':\n  >> 240    /var/tmp/koparasy/spack-stage/spack-stage-kokkos-kernels-3.0.00-av2\n            byemtyf7zn53ska4pb4fow2mxy2cg/spack-src/src/blas/impl/KokkosBlas1_a\nxpby_mv_impl.hpp:770:34: error: 'is_same' is not a member of 'Kokko\n            s::Impl'; did you mean 'std::is_same'?\n     241      770 |     static_assert (Kokkos::Impl::is_same<typename YMV::valu\n            e_type,\n     242          |                                  ^~~~~~~\n     243    In file included from /p/vast1/koparasy/BUILD/spack_cluster_install\n            er/quartz/kokkos-kernels/spack_env_dir/linux-rhel7-broadwell/gcc-9.",
    "252                     from /var/tmp/koparasy/spack-stage/spack-stage-kok\n            kos-kernels-3.0.00-av2byemtyf7zn53ska4pb4fow2mxy2cg/spack-src/src/i\n            mpl/generated_specializations_cpp/axpby/KokkosBlas1_axpby_mv_eti_sp\n            ec_inst_dbl_LayoutLeft_Serial_HostSpace.cpp:52:\n  >> 253    /var/tmp/koparasy/spack-stage/spack-stage-kokkos-kernels-3.0.00-av2\n            byemtyf7zn53ska4pb4fow2mxy2cg/spack-src/src/blas/impl/KokkosBlas1_a\nxpby_mv_impl.hpp:770:66: error: expected '(' before ',' token\n     254      770 |     static_assert (Kokkos::Impl::is_same<typename YMV::valu\n            e_type,\n     255          |\n                  ^\n     256          |\n                  (",
    "255          |\n                  ^\n     256          |\n                  (\n  >> 257    /var/tmp/koparasy/spack-stage/spack-stage-kokkos-kernels-3.0.00-av2\n            byemtyf7zn53ska4pb4fow2mxy2cg/spack-src/src/blas/impl/KokkosBlas1_a\nxpby_mv_impl.hpp:771:20: error: expected string-literal before 'typ\n            ename'\n     258      771 |                    typename YMV::non_const_value_type>::val\n            ue,\n     259          |                    ^~~~~~~~\n  >> 260    /var/tmp/koparasy/spack-stage/spack-stage-kokkos-kernels-3.0.00-av2\n            byemtyf7zn53ska4pb4fow2mxy2cg/spack-src/src/blas/impl/KokkosBlas1_a",
    "ename'\n     258      771 |                    typename YMV::non_const_value_type>::val\n            ue,\n     259          |                    ^~~~~~~~\n  >> 260    /var/tmp/koparasy/spack-stage/spack-stage-kokkos-kernels-3.0.00-av2\n            byemtyf7zn53ska4pb4fow2mxy2cg/spack-src/src/blas/impl/KokkosBlas1_a\nxpby_mv_impl.hpp:770:67: error: expected ')' before 'typename'\n     261      770 |     static_assert (Kokkos::Impl::is_same<typename YMV::valu\n            e_type,\n     262          |                   ~\n                   ^\n     263          |\n                   )",
    "byemtyf7zn53ska4pb4fow2mxy2cg/spack-src/src/blas/impl/KokkosBlas1_a\n            xpby_mv_impl.hpp: In function 'void KokkosBlas::Impl::Axpby_MV_Unro\n            lled(const AV&, const XMV&, const BV&, const YMV&, SizeType, int, i\n            nt)':\n  >> 267    /var/tmp/koparasy/spack-stage/spack-stage-kokkos-kernels-3.0.00-av2\n            byemtyf7zn53ska4pb4fow2mxy2cg/spack-src/src/blas/impl/KokkosBlas1_a\nxpby_mv_impl.hpp:984:32: error: 'is_same' is not a member of 'Kokko\n            s::Impl'; did you mean 'std::is_same'?\n     268      984 |   static_assert (Kokkos::Impl::is_same<typename YMV::value_\n            type,\n     269          |                                ^~~~~~~\n     270    In file included from /p/vast1/koparasy/BUILD/spack_cluster_install\n            er/quartz/kokkos-kernels/spack_env_dir/linux-rhel7-broadwell/gcc-9.",
    "279                     from /var/tmp/koparasy/spack-stage/spack-stage-kok\n            kos-kernels-3.0.00-av2byemtyf7zn53ska4pb4fow2mxy2cg/spack-src/src/i\n            mpl/generated_specializations_cpp/axpby/KokkosBlas1_axpby_mv_eti_sp\n            ec_inst_dbl_LayoutLeft_Serial_HostSpace.cpp:52:\n  >> 280    /var/tmp/koparasy/spack-stage/spack-stage-kokkos-kernels-3.0.00-av2\n            byemtyf7zn53ska4pb4fow2mxy2cg/spack-src/src/blas/impl/KokkosBlas1_a\nxpby_mv_impl.hpp:984:64: error: expected '(' before ',' token\n     281      984 |   static_assert (Kokkos::Impl::is_same<typename YMV::value_\n            type,\n     282          |\n                ^\n     283          |\n                (",
    "282          |\n                ^\n     283          |\n                (\n  >> 284    /var/tmp/koparasy/spack-stage/spack-stage-kokkos-kernels-3.0.00-av2\n            byemtyf7zn53ska4pb4fow2mxy2cg/spack-src/src/blas/impl/KokkosBlas1_a\nxpby_mv_impl.hpp:985:20: error: expected string-literal before 'typ\n            ename'\n     285      985 |                    typename YMV::non_const_value_type>::val\n            ue,\n     286          |                    ^~~~~~~~\n  >> 287    /var/tmp/koparasy/spack-stage/spack-stage-kokkos-kernels-3.0.00-av2\n            byemtyf7zn53ska4pb4fow2mxy2cg/spack-src/src/blas/impl/KokkosBlas1_a",
    "ename'\n     285      985 |                    typename YMV::non_const_value_type>::val\n            ue,\n     286          |                    ^~~~~~~~\n  >> 287    /var/tmp/koparasy/spack-stage/spack-stage-kokkos-kernels-3.0.00-av2\n            byemtyf7zn53ska4pb4fow2mxy2cg/spack-src/src/blas/impl/KokkosBlas1_a\nxpby_mv_impl.hpp:984:65: error: expected ')' before 'typename'\n     288      984 |   static_assert (Kokkos::Impl::is_same<typename YMV::value_\n            type,\n     289          |                 ~\n                 ^\n     290          |\n                 )",
    "293    /var/tmp/koparasy/spack-stage/spack-stage-kokkos-kernels-3.0.00-av2\n            byemtyf7zn53ska4pb4fow2mxy2cg/spack-src/src/blas/impl/KokkosBlas1_a\n            xpby_mv_impl.hpp: In function 'void KokkosBlas::Impl::Axpby_MV_Gene\n            ric(const AV&, const XMV&, const BV&, const YMV&, int, int)':\n  >> 294    /var/tmp/koparasy/spack-stage/spack-stage-kokkos-kernels-3.0.00-av2\n            byemtyf7zn53ska4pb4fow2mxy2cg/spack-src/src/blas/impl/KokkosBlas1_a\nxpby_mv_impl.hpp:1122:32: error: 'is_same' is not a member of 'Kokk\n            os::Impl'; did you mean 'std::is_same'?\n     295     1122 |   static_assert (Kokkos::Impl::is_same<typename YMV::value_\n            type,\n     296          |                                ^~~~~~~\n     297    In file included from /p/vast1/koparasy/BUILD/spack_cluster_install\n            er/quartz/kokkos-kernels/spack_env_dir/linux-rhel7-broadwell/gcc-9.",
    "306                     from /var/tmp/koparasy/spack-stage/spack-stage-kok\n            kos-kernels-3.0.00-av2byemtyf7zn53ska4pb4fow2mxy2cg/spack-src/src/i\n            mpl/generated_specializations_cpp/axpby/KokkosBlas1_axpby_mv_eti_sp\n            ec_inst_dbl_LayoutLeft_Serial_HostSpace.cpp:52:\n  >> 307    /var/tmp/koparasy/spack-stage/spack-stage-kokkos-kernels-3.0.00-av2\n            byemtyf7zn53ska4pb4fow2mxy2cg/spack-src/src/blas/impl/KokkosBlas1_a\nxpby_mv_impl.hpp:1122:64: error: expected '(' before ',' token\n     308     1122 |   static_assert (Kokkos::Impl::is_same<typename YMV::value_\n            type,\n     309          |\n                ^\n     310          |\n                (",
    "309          |\n                ^\n     310          |\n                (\n  >> 311    /var/tmp/koparasy/spack-stage/spack-stage-kokkos-kernels-3.0.00-av2\n            byemtyf7zn53ska4pb4fow2mxy2cg/spack-src/src/blas/impl/KokkosBlas1_a\nxpby_mv_impl.hpp:1123:20: error: expected string-literal before 'ty\n            pename'\n     312     1123 |                    typename YMV::non_const_value_type>::val\n            ue,\n     313          |                    ^~~~~~~~\n  >> 314    /var/tmp/koparasy/spack-stage/spack-stage-kokkos-kernels-3.0.00-av2\n            byemtyf7zn53ska4pb4fow2mxy2cg/spack-src/src/blas/impl/KokkosBlas1_a",
    "pename'\n     312     1123 |                    typename YMV::non_const_value_type>::val\n            ue,\n     313          |                    ^~~~~~~~\n  >> 314    /var/tmp/koparasy/spack-stage/spack-stage-kokkos-kernels-3.0.00-av2\n            byemtyf7zn53ska4pb4fow2mxy2cg/spack-src/src/blas/impl/KokkosBlas1_a\nxpby_mv_impl.hpp:1122:65: error: expected ')' before 'typename'\n     315     1122 |   static_assert (Kokkos::Impl::is_same<typename YMV::value_\n            type,\n     316          |                 ~\n                 ^\n     317          |\n                 )",
    "byemtyf7zn53ska4pb4fow2mxy2cg/spack-src/src/blas/impl/KokkosBlas1_a\n            xpby_mv_impl.hpp: In static member function 'static void KokkosBlas\n            ::Impl::Axpby_MV_Invoke_Left<AV, XMV, BV, YMV, SizeType>::run(const\n             AV&, const XMV&, const BV&, const YMV&, int, int)':\n  >> 321    /var/tmp/koparasy/spack-stage/spack-stage-kokkos-kernels-3.0.00-av2\n            byemtyf7zn53ska4pb4fow2mxy2cg/spack-src/src/blas/impl/KokkosBlas1_a\nxpby_mv_impl.hpp:1262:32: error: 'is_same' is not a member of 'Kokk\n            os::Impl'; did you mean 'std::is_same'?\n     322     1262 |   static_assert (Kokkos::Impl::is_same<typename YMV::value_\n            type,\n     323          |                                ^~~~~~~\n     324    In file included from /p/vast1/koparasy/BUILD/spack_cluster_install\n            er/quartz/kokkos-kernels/spack_env_dir/linux-rhel7-broadwell/gcc-9.",
    "333                     from /var/tmp/koparasy/spack-stage/spack-stage-kok\n            kos-kernels-3.0.00-av2byemtyf7zn53ska4pb4fow2mxy2cg/spack-src/src/i\n            mpl/generated_specializations_cpp/axpby/KokkosBlas1_axpby_mv_eti_sp\n            ec_inst_dbl_LayoutLeft_Serial_HostSpace.cpp:52:\n  >> 334    /var/tmp/koparasy/spack-stage/spack-stage-kokkos-kernels-3.0.00-av2\n            byemtyf7zn53ska4pb4fow2mxy2cg/spack-src/src/blas/impl/KokkosBlas1_a\nxpby_mv_impl.hpp:1262:64: error: expected '(' before ',' token\n     335     1262 |   static_assert (Kokkos::Impl::is_same<typename YMV::value_\n            type,\n     336          |\n                ^\n     337          |\n                (",
    "336          |\n                ^\n     337          |\n                (\n  >> 338    /var/tmp/koparasy/spack-stage/spack-stage-kokkos-kernels-3.0.00-av2\n            byemtyf7zn53ska4pb4fow2mxy2cg/spack-src/src/blas/impl/KokkosBlas1_a\nxpby_mv_impl.hpp:1263:18: error: expected string-literal before 'ty\n            pename'\n     339     1263 |                  typename YMV::non_const_value_type>::value\n            ,\n     340          |                  ^~~~~~~~\n  >> 341    /var/tmp/koparasy/spack-stage/spack-stage-kokkos-kernels-3.0.00-av2\n            byemtyf7zn53ska4pb4fow2mxy2cg/spack-src/src/blas/impl/KokkosBlas1_a",
    "pename'\n     339     1263 |                  typename YMV::non_const_value_type>::value\n            ,\n     340          |                  ^~~~~~~~\n  >> 341    /var/tmp/koparasy/spack-stage/spack-stage-kokkos-kernels-3.0.00-av2\n            byemtyf7zn53ska4pb4fow2mxy2cg/spack-src/src/blas/impl/KokkosBlas1_a\nxpby_mv_impl.hpp:1262:65: error: expected ')' before 'typename'\n     342     1262 |   static_assert (Kokkos::Impl::is_same<typename YMV::value_\n            type,\n     343          |                 ~\n                 ^\n     344          |\n                 )",
    "byemtyf7zn53ska4pb4fow2mxy2cg/spack-src/src/blas/impl/KokkosBlas1_a\n            xpby_mv_impl.hpp: In static member function 'static void KokkosBlas\n            ::Impl::Axpby_MV_Invoke_Right<AV, XMV, BV, YMV, SizeType>::run(cons\n            t AV&, const XMV&, const BV&, const YMV&, int, int)':\n  >> 348    /var/tmp/koparasy/spack-stage/spack-stage-kokkos-kernels-3.0.00-av2\n            byemtyf7zn53ska4pb4fow2mxy2cg/spack-src/src/blas/impl/KokkosBlas1_a\nxpby_mv_impl.hpp:1341:32: error: 'is_same' is not a member of 'Kokk\n            os::Impl'; did you mean 'std::is_same'?\n     349     1341 |   static_assert (Kokkos::Impl::is_same<typename YMV::value_\n            type,\n     350          |                                ^~~~~~~\n     351    In file included from /p/vast1/koparasy/BUILD/spack_cluster_install\n            er/quartz/kokkos-kernels/spack_env_dir/linux-rhel7-broadwell/gcc-9.",
    "360                     from /var/tmp/koparasy/spack-stage/spack-stage-kok\n            kos-kernels-3.0.00-av2byemtyf7zn53ska4pb4fow2mxy2cg/spack-src/src/i\n            mpl/generated_specializations_cpp/axpby/KokkosBlas1_axpby_mv_eti_sp\n            ec_inst_dbl_LayoutLeft_Serial_HostSpace.cpp:52:\n  >> 361    /var/tmp/koparasy/spack-stage/spack-stage-kokkos-kernels-3.0.00-av2\n            byemtyf7zn53ska4pb4fow2mxy2cg/spack-src/src/blas/impl/KokkosBlas1_a\nxpby_mv_impl.hpp:1341:64: error: expected '(' before ',' token\n     362     1341 |   static_assert (Kokkos::Impl::is_same<typename YMV::value_\n            type,\n     363          |\n                ^\n     364          |\n                (",
    "363          |\n                ^\n     364          |\n                (\n  >> 365    /var/tmp/koparasy/spack-stage/spack-stage-kokkos-kernels-3.0.00-av2\n            byemtyf7zn53ska4pb4fow2mxy2cg/spack-src/src/blas/impl/KokkosBlas1_a\nxpby_mv_impl.hpp:1342:18: error: expected string-literal before 'ty\n            pename'\n     366     1342 |                  typename YMV::non_const_value_type>::value\n            ,\n     367          |                  ^~~~~~~~\n  >> 368    /var/tmp/koparasy/spack-stage/spack-stage-kokkos-kernels-3.0.00-av2\n            byemtyf7zn53ska4pb4fow2mxy2cg/spack-src/src/blas/impl/KokkosBlas1_a",
    "pename'\n     366     1342 |                  typename YMV::non_const_value_type>::value\n            ,\n     367          |                  ^~~~~~~~\n  >> 368    /var/tmp/koparasy/spack-stage/spack-stage-kokkos-kernels-3.0.00-av2\n            byemtyf7zn53ska4pb4fow2mxy2cg/spack-src/src/blas/impl/KokkosBlas1_a\nxpby_mv_impl.hpp:1341:65: error: expected ')' before 'typename'\n     369     1341 |   static_assert (Kokkos::Impl::is_same<typename YMV::value_\n            type,\n     370          |                 ~\n                 ^\n     371          |\n                 )",
    "byemtyf7zn53ska4pb4fow2mxy2cg/spack-src/src/blas/impl/KokkosBlas1_a\n            xpby_spec.hpp: In static member function 'static void KokkosBlas::I\n            mpl::Axpby<AV, XMV, BV, YMV, 2, false, true>::axpby(const AV&, cons\n            t XMV&, const BV&, const YMV&)':\n  >> 376    /var/tmp/koparasy/spack-stage/spack-stage-kokkos-kernels-3.0.00-av2\n            byemtyf7zn53ska4pb4fow2mxy2cg/spack-src/src/blas/impl/KokkosBlas1_a\nxpby_spec.hpp:173:34: error: 'is_same' is not a member of 'Kokkos::\n            Impl'; did you mean 'std::is_same'?\n     377      173 |     static_assert (Kokkos::Impl::is_same<typename YMV::valu\n            e_type,\n     378          |                                  ^~~~~~~\n     379    In file included from /p/vast1/koparasy/BUILD/spack_cluster_install\n            er/quartz/kokkos-kernels/spack_env_dir/linux-rhel7-broadwell/gcc-9.",
    "387    In file included from /var/tmp/koparasy/spack-stage/spack-stage-kok\n            kos-kernels-3.0.00-av2byemtyf7zn53ska4pb4fow2mxy2cg/spack-src/src/i\n            mpl/generated_specializations_cpp/axpby/KokkosBlas1_axpby_mv_eti_sp\n            ec_inst_dbl_LayoutLeft_Serial_HostSpace.cpp:52:\n  >> 388    /var/tmp/koparasy/spack-stage/spack-stage-kokkos-kernels-3.0.00-av2\n            byemtyf7zn53ska4pb4fow2mxy2cg/spack-src/src/blas/impl/KokkosBlas1_a\nxpby_spec.hpp:173:66: error: expected '(' before ',' token\n     389      173 |     static_assert (Kokkos::Impl::is_same<typename YMV::valu\n            e_type,\n     390          |\n                  ^\n     391          |\n                  (",
    "390          |\n                  ^\n     391          |\n                  (\n  >> 392    /var/tmp/koparasy/spack-stage/spack-stage-kokkos-kernels-3.0.00-av2\n            byemtyf7zn53ska4pb4fow2mxy2cg/spack-src/src/blas/impl/KokkosBlas1_a\nxpby_spec.hpp:174:22: error: expected string-literal before 'typena\n            me'\n     393      174 |                      typename YMV::non_const_value_type>::v\n            alue,\n     394          |                      ^~~~~~~~\n  >> 395    /var/tmp/koparasy/spack-stage/spack-stage-kokkos-kernels-3.0.00-av2\n            byemtyf7zn53ska4pb4fow2mxy2cg/spack-src/src/blas/impl/KokkosBlas1_a",
    "me'\n     393      174 |                      typename YMV::non_const_value_type>::v\n            alue,\n     394          |                      ^~~~~~~~\n  >> 395    /var/tmp/koparasy/spack-stage/spack-stage-kokkos-kernels-3.0.00-av2\n            byemtyf7zn53ska4pb4fow2mxy2cg/spack-src/src/blas/impl/KokkosBlas1_a\nxpby_spec.hpp:173:67: error: expected ')' before 'typename'\n     396      173 |     static_assert (Kokkos::Impl::is_same<typename YMV::valu\n            e_type,\n     397          |                   ~\n                   ^\n     398          |\n                   )",
    "xpby_spec.hpp: In static member function 'static void KokkosBlas::I\n            mpl::Axpby<typename XMV::non_const_value_type, XMV, typename YMV::n\n            on_const_value_type, YMV, 2, false, true>::axpby(const AV&, const X\n            MV&, const BV&, const YMV&)':\n  >> 403    /var/tmp/koparasy/spack-stage/spack-stage-kokkos-kernels-3.0.00-av2\n            byemtyf7zn53ska4pb4fow2mxy2cg/spack-src/src/blas/impl/KokkosBlas1_a\nxpby_spec.hpp:242:34: error: 'is_same' is not a member of 'Kokkos::\n            Impl'; did you mean 'std::is_same'?\n     404      242 |     static_assert (Kokkos::Impl::is_same<typename YMV::valu\n            e_type,\n     405          |                                  ^~~~~~~\n     406    In file included from /p/vast1/koparasy/BUILD/spack_cluster_install\n            er/quartz/kokkos-kernels/spack_env_dir/linux-rhel7-broadwell/gcc-9.",
    "414    In file included from /var/tmp/koparasy/spack-stage/spack-stage-kok\n            kos-kernels-3.0.00-av2byemtyf7zn53ska4pb4fow2mxy2cg/spack-src/src/i\n            mpl/generated_specializations_cpp/axpby/KokkosBlas1_axpby_mv_eti_sp\n            ec_inst_dbl_LayoutLeft_Serial_HostSpace.cpp:52:\n  >> 415    /var/tmp/koparasy/spack-stage/spack-stage-kokkos-kernels-3.0.00-av2\n            byemtyf7zn53ska4pb4fow2mxy2cg/spack-src/src/blas/impl/KokkosBlas1_a\nxpby_spec.hpp:242:66: error: expected '(' before ',' token\n     416      242 |     static_assert (Kokkos::Impl::is_same<typename YMV::valu\n            e_type,\n     417          |\n                  ^\n     418          |\n                  (",
    "417          |\n                  ^\n     418          |\n                  (\n  >> 419    /var/tmp/koparasy/spack-stage/spack-stage-kokkos-kernels-3.0.00-av2\n            byemtyf7zn53ska4pb4fow2mxy2cg/spack-src/src/blas/impl/KokkosBlas1_a\nxpby_spec.hpp:243:22: error: expected string-literal before 'typena\n            me'\n     420      243 |                      typename YMV::non_const_value_type>::v\n            alue,\n     421          |                      ^~~~~~~~\n  >> 422    /var/tmp/koparasy/spack-stage/spack-stage-kokkos-kernels-3.0.00-av2\n            byemtyf7zn53ska4pb4fow2mxy2cg/spack-src/src/blas/impl/KokkosBlas1_a",
    "me'\n     420      243 |                      typename YMV::non_const_value_type>::v\n            alue,\n     421          |                      ^~~~~~~~\n  >> 422    /var/tmp/koparasy/spack-stage/spack-stage-kokkos-kernels-3.0.00-av2\n            byemtyf7zn53ska4pb4fow2mxy2cg/spack-src/src/blas/impl/KokkosBlas1_a\nxpby_spec.hpp:242:67: error: expected ')' before 'typename'\n     423      242 |     static_assert (Kokkos::Impl::is_same<typename YMV::valu\n            e_type,\n     424          |                   ~\n                   ^\n     425          |\n                   )",
    "xpby_spec.hpp: In static member function 'static void KokkosBlas::I\n            mpl::Axpby<typename XV::non_const_value_type, XV, typename YV::non_\n            const_value_type, YV, 1, false, true>::axpby(const AV&, const XV&,\n            const BV&, const YV&)':\n  >> 429    /var/tmp/koparasy/spack-stage/spack-stage-kokkos-kernels-3.0.00-av2\n            byemtyf7zn53ska4pb4fow2mxy2cg/spack-src/src/blas/impl/KokkosBlas1_a\nxpby_spec.hpp:335:34: error: 'is_same' is not a member of 'Kokkos::\n            Impl'; did you mean 'std::is_same'?\n     430      335 |     static_assert (Kokkos::Impl::is_same<typename YV::value\n            _type,\n     431          |                                  ^~~~~~~\n     432    In file included from /p/vast1/koparasy/BUILD/spack_cluster_install\n            er/quartz/kokkos-kernels/spack_env_dir/linux-rhel7-broadwell/gcc-9.",
    "440    In file included from /var/tmp/koparasy/spack-stage/spack-stage-kok\n            kos-kernels-3.0.00-av2byemtyf7zn53ska4pb4fow2mxy2cg/spack-src/src/i\n            mpl/generated_specializations_cpp/axpby/KokkosBlas1_axpby_mv_eti_sp\n            ec_inst_dbl_LayoutLeft_Serial_HostSpace.cpp:52:\n  >> 441    /var/tmp/koparasy/spack-stage/spack-stage-kokkos-kernels-3.0.00-av2\n            byemtyf7zn53ska4pb4fow2mxy2cg/spack-src/src/blas/impl/KokkosBlas1_a\nxpby_spec.hpp:335:65: error: expected '(' before ',' token\n     442      335 |     static_assert (Kokkos::Impl::is_same<typename YV::value\n            _type,\n     443          |\n                 ^\n     444          |\n                 (",
    "443          |\n                 ^\n     444          |\n                 (\n  >> 445    /var/tmp/koparasy/spack-stage/spack-stage-kokkos-kernels-3.0.00-av2\n            byemtyf7zn53ska4pb4fow2mxy2cg/spack-src/src/blas/impl/KokkosBlas1_a\nxpby_spec.hpp:336:22: error: expected string-literal before 'typena\n            me'\n     446      336 |                      typename YV::non_const_value_type>::va\n            lue,\n     447          |                      ^~~~~~~~\n  >> 448    /var/tmp/koparasy/spack-stage/spack-stage-kokkos-kernels-3.0.00-av2\n            byemtyf7zn53ska4pb4fow2mxy2cg/spack-src/src/blas/impl/KokkosBlas1_a",
    "me'\n     446      336 |                      typename YV::non_const_value_type>::va\n            lue,\n     447          |                      ^~~~~~~~\n  >> 448    /var/tmp/koparasy/spack-stage/spack-stage-kokkos-kernels-3.0.00-av2\n            byemtyf7zn53ska4pb4fow2mxy2cg/spack-src/src/blas/impl/KokkosBlas1_a\nxpby_spec.hpp:335:66: error: expected ')' before 'typename'\n     449      335 |     static_assert (Kokkos::Impl::is_same<typename YV::value\n            _type,\n     450          |                   ~\n                  ^\n     451          |\n                  )",
    "byemtyf7zn53ska4pb4fow2mxy2cg/spack-src/src/blas/impl/KokkosBlas1_a\n            xpby_impl.hpp: In constructor 'KokkosBlas::Impl::Axpby_Functor<AV,\n            XV, BV, YV, scalar_x, scalar_y, SizeType>::Axpby_Functor(const XV&,\n             const YV&, const AV&, const BV&, SizeType)':\n  >> 459    /var/tmp/koparasy/spack-stage/spack-stage-kokkos-kernels-3.0.00-av2\n            byemtyf7zn53ska4pb4fow2mxy2cg/spack-src/src/blas/impl/KokkosBlas1_a\nxpby_impl.hpp:101:34: error: 'is_same' is not a member of 'Kokkos::\n            Impl'; did you mean 'std::is_same'?\n     460      101 |     static_assert (Kokkos::Impl::is_same<typename YV::value\n            _type,\n     461          |                                  ^~~~~~~\n     462    [  4%] Building CXX object src/CMakeFiles/kokkoskernels.dir/impl/ge\n            nerated_specializations_cpp/axpby/KokkosBlas1_axpby_mv_eti_spec_ins",
    "472                     from /var/tmp/koparasy/spack-stage/spack-stage-kok\n            kos-kernels-3.0.00-av2byemtyf7zn53ska4pb4fow2mxy2cg/spack-src/src/i\n            mpl/generated_specializations_cpp/axpby/KokkosBlas1_axpby_eti_spec_\n            inst_dbl_LayoutLeft_Serial_HostSpace.cpp:52:\n  >> 473    /var/tmp/koparasy/spack-stage/spack-stage-kokkos-kernels-3.0.00-av2\n            byemtyf7zn53ska4pb4fow2mxy2cg/spack-src/src/blas/impl/KokkosBlas1_a\nxpby_impl.hpp:101:65: error: expected '(' before ',' token\n     474      101 |     static_assert (Kokkos::Impl::is_same<typename YV::value\n            _type,\n     475          |\n                 ^\n     476          |\n                 (",
    "parasy/spack-stage/spack-stage-kokkos-kernels-3.0.00-av2byemtyf7zn5\n            3ska4pb4fow2mxy2cg/spack-src/src/impl/generated_specializations_cpp\n            /axpby/KokkosBlas1_axpby_mv_eti_spec_inst_dbl_LayoutRight_Serial_Ho\n            stSpace.cpp\n  >> 478    /var/tmp/koparasy/spack-stage/spack-stage-kokkos-kernels-3.0.00-av2\n            byemtyf7zn53ska4pb4fow2mxy2cg/spack-src/src/blas/impl/KokkosBlas1_a\nxpby_impl.hpp:102:20: error: expected string-literal before 'typena\n            me'\n     479      102 |                    typename YV::non_const_value_type>::valu\n            e,\n     480          |                    ^~~~~~~~\n  >> 481    /var/tmp/koparasy/spack-stage/spack-stage-kokkos-kernels-3.0.00-av2\n            byemtyf7zn53ska4pb4fow2mxy2cg/spack-src/src/blas/impl/KokkosBlas1_a",
    "me'\n     479      102 |                    typename YV::non_const_value_type>::valu\n            e,\n     480          |                    ^~~~~~~~\n  >> 481    /var/tmp/koparasy/spack-stage/spack-stage-kokkos-kernels-3.0.00-av2\n            byemtyf7zn53ska4pb4fow2mxy2cg/spack-src/src/blas/impl/KokkosBlas1_a\nxpby_impl.hpp:101:66: error: expected ')' before 'typename'\n     482      101 |     static_assert (Kokkos::Impl::is_same<typename YV::value\n            _type,\n     483          |                   ~\n                  ^\n     484          |\n                  )",
    "name XV::non_const_value_type, XV, typename YV::non_const_value_typ\n            e, YV, scalar_x, scalar_y, SizeType>::Axpby_Functor(const XV&, cons\n            t YV&, const typename XV::non_const_value_type&, const typename YV:\n            :non_const_value_type&, SizeType)':\n  >> 488    /var/tmp/koparasy/spack-stage/spack-stage-kokkos-kernels-3.0.00-av2\n            byemtyf7zn53ska4pb4fow2mxy2cg/spack-src/src/blas/impl/KokkosBlas1_a\nxpby_impl.hpp:235:34: error: 'is_same' is not a member of 'Kokkos::\n            Impl'; did you mean 'std::is_same'?\n     489      235 |     static_assert (Kokkos::Impl::is_same<typename YV::value\n            _type,\n     490          |                                  ^~~~~~~\n     491    In file included from /p/vast1/koparasy/BUILD/spack_cluster_install\n            er/quartz/kokkos-kernels/spack_env_dir/linux-rhel7-broadwell/gcc-9.",
    "500                     from /var/tmp/koparasy/spack-stage/spack-stage-kok\n            kos-kernels-3.0.00-av2byemtyf7zn53ska4pb4fow2mxy2cg/spack-src/src/i\n            mpl/generated_specializations_cpp/axpby/KokkosBlas1_axpby_eti_spec_\n            inst_dbl_LayoutLeft_Serial_HostSpace.cpp:52:\n  >> 501    /var/tmp/koparasy/spack-stage/spack-stage-kokkos-kernels-3.0.00-av2\n            byemtyf7zn53ska4pb4fow2mxy2cg/spack-src/src/blas/impl/KokkosBlas1_a\nxpby_impl.hpp:235:65: error: expected '(' before ',' token\n     502      235 |     static_assert (Kokkos::Impl::is_same<typename YV::value\n            _type,\n     503          |\n                 ^\n     504          |\n                 (",
    "503          |\n                 ^\n     504          |\n                 (\n  >> 505    /var/tmp/koparasy/spack-stage/spack-stage-kokkos-kernels-3.0.00-av2\n            byemtyf7zn53ska4pb4fow2mxy2cg/spack-src/src/blas/impl/KokkosBlas1_a\nxpby_impl.hpp:236:20: error: expected string-literal before 'typena\n            me'\n     506      236 |                    typename YV::non_const_value_type>::valu\n            e,\n     507          |                    ^~~~~~~~\n  >> 508    /var/tmp/koparasy/spack-stage/spack-stage-kokkos-kernels-3.0.00-av2\n            byemtyf7zn53ska4pb4fow2mxy2cg/spack-src/src/blas/impl/KokkosBlas1_a",
    "me'\n     506      236 |                    typename YV::non_const_value_type>::valu\n            e,\n     507          |                    ^~~~~~~~\n  >> 508    /var/tmp/koparasy/spack-stage/spack-stage-kokkos-kernels-3.0.00-av2\n            byemtyf7zn53ska4pb4fow2mxy2cg/spack-src/src/blas/impl/KokkosBlas1_a\nxpby_impl.hpp:235:66: error: expected ')' before 'typename'\n     509      235 |     static_assert (Kokkos::Impl::is_same<typename YV::value\n            _type,\n     510          |                   ~\n                  ^\n     511          |\n                  )",
    "514    /var/tmp/koparasy/spack-stage/spack-stage-kokkos-kernels-3.0.00-av2\n            byemtyf7zn53ska4pb4fow2mxy2cg/spack-src/src/blas/impl/KokkosBlas1_a\n            xpby_impl.hpp: In function 'void KokkosBlas::Impl::Axpby_Generic(co\n            nst AV&, const XV&, const BV&, const YV&, SizeType, int, int)':\n  >> 515    /var/tmp/koparasy/spack-stage/spack-stage-kokkos-kernels-3.0.00-av2\n            byemtyf7zn53ska4pb4fow2mxy2cg/spack-src/src/blas/impl/KokkosBlas1_a\nxpby_impl.hpp:340:32: error: 'is_same' is not a member of 'Kokkos::\n            Impl'; did you mean 'std::is_same'?\n     516      340 |   static_assert (Kokkos::Impl::is_same<typename YV::value_t\n            ype,\n     517          |                                ^~~~~~~\n     518    In file included from /p/vast1/koparasy/BUILD/spack_cluster_install\n            er/quartz/kokkos-kernels/spack_env_dir/linux-rhel7-broadwell/gcc-9.",
    "527                     from /var/tmp/koparasy/spack-stage/spack-stage-kok\n            kos-kernels-3.0.00-av2byemtyf7zn53ska4pb4fow2mxy2cg/spack-src/src/i\n            mpl/generated_specializations_cpp/axpby/KokkosBlas1_axpby_eti_spec_\n            inst_dbl_LayoutLeft_Serial_HostSpace.cpp:52:\n  >> 528    /var/tmp/koparasy/spack-stage/spack-stage-kokkos-kernels-3.0.00-av2\n            byemtyf7zn53ska4pb4fow2mxy2cg/spack-src/src/blas/impl/KokkosBlas1_a\nxpby_impl.hpp:340:63: error: expected '(' before ',' token\n     529      340 |   static_assert (Kokkos::Impl::is_same<typename YV::value_t\n            ype,\n     530          |\n               ^\n     531          |\n               (",
    "530          |\n               ^\n     531          |\n               (\n  >> 532    /var/tmp/koparasy/spack-stage/spack-stage-kokkos-kernels-3.0.00-av2\n            byemtyf7zn53ska4pb4fow2mxy2cg/spack-src/src/blas/impl/KokkosBlas1_a\nxpby_impl.hpp:341:20: error: expected string-literal before 'typena\n            me'\n     533      341 |                    typename YV::non_const_value_type>::valu\n            e,\n     534          |                    ^~~~~~~~\n  >> 535    /var/tmp/koparasy/spack-stage/spack-stage-kokkos-kernels-3.0.00-av2\n            byemtyf7zn53ska4pb4fow2mxy2cg/spack-src/src/blas/impl/KokkosBlas1_a",
    "me'\n     533      341 |                    typename YV::non_const_value_type>::valu\n            e,\n     534          |                    ^~~~~~~~\n  >> 535    /var/tmp/koparasy/spack-stage/spack-stage-kokkos-kernels-3.0.00-av2\n            byemtyf7zn53ska4pb4fow2mxy2cg/spack-src/src/blas/impl/KokkosBlas1_a\nxpby_impl.hpp:340:64: error: expected ')' before 'typename'\n     536      340 |   static_assert (Kokkos::Impl::is_same<typename YV::value_t\n            ype,\n     537          |                 ~\n                ^\n     538          |\n                )",
    "byemtyf7zn53ska4pb4fow2mxy2cg/spack-src/src/blas/impl/KokkosBlas1_a\n            xpby_mv_impl.hpp: In constructor 'KokkosBlas::Impl::Axpby_MV_Functo\n            r<AV, XMV, BV, YMV, scalar_x, scalar_y, SizeType>::Axpby_MV_Functor\n            (const XMV&, const YMV&, const AV&, const BV&)':\n  >> 544    /var/tmp/koparasy/spack-stage/spack-stage-kokkos-kernels-3.0.00-av2\n            byemtyf7zn53ska4pb4fow2mxy2cg/spack-src/src/blas/impl/KokkosBlas1_a\nxpby_mv_impl.hpp:98:34: error: 'is_same' is not a member of 'Kokkos\n            ::Impl'; did you mean 'std::is_same'?\n     545       98 |     static_assert (Kokkos::Impl::is_same<typename YMV::valu\n            e_type,\n     546          |                                  ^~~~~~~\n     547    In file included from /p/vast1/koparasy/BUILD/spack_cluster_install\n            er/quartz/kokkos-kernels/spack_env_dir/linux-rhel7-broadwell/gcc-9.",
    "556                     from /var/tmp/koparasy/spack-stage/spack-stage-kok\n            kos-kernels-3.0.00-av2byemtyf7zn53ska4pb4fow2mxy2cg/spack-src/src/i\n            mpl/generated_specializations_cpp/axpby/KokkosBlas1_axpby_eti_spec_\n            inst_dbl_LayoutLeft_Serial_HostSpace.cpp:52:\n  >> 557    /var/tmp/koparasy/spack-stage/spack-stage-kokkos-kernels-3.0.00-av2\n            byemtyf7zn53ska4pb4fow2mxy2cg/spack-src/src/blas/impl/KokkosBlas1_a\nxpby_mv_impl.hpp:98:66: error: expected '(' before ',' token\n     558       98 |     static_assert (Kokkos::Impl::is_same<typename YMV::valu\n            e_type,\n     559          |\n                  ^\n     560          |\n                  (",
    "559          |\n                  ^\n     560          |\n                  (\n  >> 561    /var/tmp/koparasy/spack-stage/spack-stage-kokkos-kernels-3.0.00-av2\n            byemtyf7zn53ska4pb4fow2mxy2cg/spack-src/src/blas/impl/KokkosBlas1_a\nxpby_mv_impl.hpp:99:20: error: expected string-literal before 'type\n            name'\n     562       99 |                    typename YMV::non_const_value_type>::val\n            ue,\n     563          |                    ^~~~~~~~\n  >> 564    /var/tmp/koparasy/spack-stage/spack-stage-kokkos-kernels-3.0.00-av2\n            byemtyf7zn53ska4pb4fow2mxy2cg/spack-src/src/blas/impl/KokkosBlas1_a",
    "name'\n     562       99 |                    typename YMV::non_const_value_type>::val\n            ue,\n     563          |                    ^~~~~~~~\n  >> 564    /var/tmp/koparasy/spack-stage/spack-stage-kokkos-kernels-3.0.00-av2\n            byemtyf7zn53ska4pb4fow2mxy2cg/spack-src/src/blas/impl/KokkosBlas1_a\nxpby_mv_impl.hpp:98:67: error: expected ')' before 'typename'\n     565       98 |     static_assert (Kokkos::Impl::is_same<typename YMV::valu\n            e_type,\n     566          |                   ~\n                   ^\n     567          |\n                   )",
    "r<typename XMV::non_const_value_type, XMV, typename YMV::non_const_\n            value_type, YMV, scalar_x, scalar_y, SizeType>::Axpby_MV_Functor(co\n            nst XMV&, const YMV&, const typename XMV::non_const_value_type&, co\n            nst typename YMV::non_const_value_type&)':\n  >> 571    /var/tmp/koparasy/spack-stage/spack-stage-kokkos-kernels-3.0.00-av2\n            byemtyf7zn53ska4pb4fow2mxy2cg/spack-src/src/blas/impl/KokkosBlas1_a\nxpby_mv_impl.hpp:332:34: error: 'is_same' is not a member of 'Kokko\n            s::Impl'; did you mean 'std::is_same'?\n     572      332 |     static_assert (Kokkos::Impl::is_same<typename YMV::valu\n            e_type,\n     573          |                                  ^~~~~~~\n     574    In file included from /p/vast1/koparasy/BUILD/spack_cluster_install\n            er/quartz/kokkos-kernels/spack_env_dir/linux-rhel7-broadwell/gcc-9.",
    "583                     from /var/tmp/koparasy/spack-stage/spack-stage-kok\n            kos-kernels-3.0.00-av2byemtyf7zn53ska4pb4fow2mxy2cg/spack-src/src/i\n            mpl/generated_specializations_cpp/axpby/KokkosBlas1_axpby_eti_spec_\n            inst_dbl_LayoutLeft_Serial_HostSpace.cpp:52:\n  >> 584    /var/tmp/koparasy/spack-stage/spack-stage-kokkos-kernels-3.0.00-av2\n            byemtyf7zn53ska4pb4fow2mxy2cg/spack-src/src/blas/impl/KokkosBlas1_a\nxpby_mv_impl.hpp:332:66: error: expected '(' before ',' token\n     585      332 |     static_assert (Kokkos::Impl::is_same<typename YMV::valu\n            e_type,\n     586          |\n                  ^\n     587          |\n                  (",
    "586          |\n                  ^\n     587          |\n                  (\n  >> 588    /var/tmp/koparasy/spack-stage/spack-stage-kokkos-kernels-3.0.00-av2\n            byemtyf7zn53ska4pb4fow2mxy2cg/spack-src/src/blas/impl/KokkosBlas1_a\nxpby_mv_impl.hpp:333:20: error: expected string-literal before 'typ\n            ename'\n     589      333 |                    typename YMV::non_const_value_type>::val\n            ue,\n     590          |                    ^~~~~~~~\n  >> 591    /var/tmp/koparasy/spack-stage/spack-stage-kokkos-kernels-3.0.00-av2\n            byemtyf7zn53ska4pb4fow2mxy2cg/spack-src/src/blas/impl/KokkosBlas1_a",
    "ename'\n     589      333 |                    typename YMV::non_const_value_type>::val\n            ue,\n     590          |                    ^~~~~~~~\n  >> 591    /var/tmp/koparasy/spack-stage/spack-stage-kokkos-kernels-3.0.00-av2\n            byemtyf7zn53ska4pb4fow2mxy2cg/spack-src/src/blas/impl/KokkosBlas1_a\nxpby_mv_impl.hpp:332:67: error: expected ')' before 'typename'\n     592      332 |     static_assert (Kokkos::Impl::is_same<typename YMV::valu\n            e_type,\n     593          |                   ~\n                   ^\n     594          |\n                   )",
    "xpby_mv_impl.hpp: In constructor 'KokkosBlas::Impl::Axpby_MV_Unroll\n            _Functor<AV, XMV, BV, YMV, scalar_x, scalar_y, UNROLL, SizeType>::A\n            xpby_MV_Unroll_Functor(const XMV&, const YMV&, const AV&, const BV&\n            , SizeType)':\n  >> 598    /var/tmp/koparasy/spack-stage/spack-stage-kokkos-kernels-3.0.00-av2\n            byemtyf7zn53ska4pb4fow2mxy2cg/spack-src/src/blas/impl/KokkosBlas1_a\nxpby_mv_impl.hpp:549:34: error: 'is_same' is not a member of 'Kokko\n            s::Impl'; did you mean 'std::is_same'?\n     599      549 |     static_assert (Kokkos::Impl::is_same<typename YMV::valu\n            e_type,\n     600          |                                  ^~~~~~~\n     601    In file included from /p/vast1/koparasy/BUILD/spack_cluster_install\n            er/quartz/kokkos-kernels/spack_env_dir/linux-rhel7-broadwell/gcc-9.",
    "610                     from /var/tmp/koparasy/spack-stage/spack-stage-kok\n            kos-kernels-3.0.00-av2byemtyf7zn53ska4pb4fow2mxy2cg/spack-src/src/i\n            mpl/generated_specializations_cpp/axpby/KokkosBlas1_axpby_eti_spec_\n            inst_dbl_LayoutLeft_Serial_HostSpace.cpp:52:\n  >> 611    /var/tmp/koparasy/spack-stage/spack-stage-kokkos-kernels-3.0.00-av2\n            byemtyf7zn53ska4pb4fow2mxy2cg/spack-src/src/blas/impl/KokkosBlas1_a\nxpby_mv_impl.hpp:549:66: error: expected '(' before ',' token\n     612      549 |     static_assert (Kokkos::Impl::is_same<typename YMV::valu\n            e_type,\n     613          |\n                  ^\n     614          |\n                  (",
    "613          |\n                  ^\n     614          |\n                  (\n  >> 615    /var/tmp/koparasy/spack-stage/spack-stage-kokkos-kernels-3.0.00-av2\n            byemtyf7zn53ska4pb4fow2mxy2cg/spack-src/src/blas/impl/KokkosBlas1_a\nxpby_mv_impl.hpp:550:20: error: expected string-literal before 'typ\n            ename'\n     616      550 |                    typename YMV::non_const_value_type>::val\n            ue,\n     617          |                    ^~~~~~~~\n  >> 618    /var/tmp/koparasy/spack-stage/spack-stage-kokkos-kernels-3.0.00-av2\n            byemtyf7zn53ska4pb4fow2mxy2cg/spack-src/src/blas/impl/KokkosBlas1_a",
    "ename'\n     616      550 |                    typename YMV::non_const_value_type>::val\n            ue,\n     617          |                    ^~~~~~~~\n  >> 618    /var/tmp/koparasy/spack-stage/spack-stage-kokkos-kernels-3.0.00-av2\n            byemtyf7zn53ska4pb4fow2mxy2cg/spack-src/src/blas/impl/KokkosBlas1_a\nxpby_mv_impl.hpp:549:67: error: expected ')' before 'typename'\n     619      549 |     static_assert (Kokkos::Impl::is_same<typename YMV::valu\n            e_type,\n     620          |                   ~\n                   ^\n     621          |\n                   )",
    "_const_value_type, YMV, scalar_x, scalar_y, UNROLL, SizeType>::Axpb\n            y_MV_Unroll_Functor(const XMV&, const YMV&, const typename XMV::non\n            _const_value_type&, const typename YMV::non_const_value_type&, Size\n            Type)':\n  >> 625    /var/tmp/koparasy/spack-stage/spack-stage-kokkos-kernels-3.0.00-av2\n            byemtyf7zn53ska4pb4fow2mxy2cg/spack-src/src/blas/impl/KokkosBlas1_a\nxpby_mv_impl.hpp:770:34: error: 'is_same' is not a member of 'Kokko\n            s::Impl'; did you mean 'std::is_same'?\n     626      770 |     static_assert (Kokkos::Impl::is_same<typename YMV::valu\n            e_type,\n     627          |                                  ^~~~~~~\n     628    In file included from /p/vast1/koparasy/BUILD/spack_cluster_install\n            er/quartz/kokkos-kernels/spack_env_dir/linux-rhel7-broadwell/gcc-9.",
    "637                     from /var/tmp/koparasy/spack-stage/spack-stage-kok\n            kos-kernels-3.0.00-av2byemtyf7zn53ska4pb4fow2mxy2cg/spack-src/src/i\n            mpl/generated_specializations_cpp/axpby/KokkosBlas1_axpby_eti_spec_\n            inst_dbl_LayoutLeft_Serial_HostSpace.cpp:52:\n  >> 638    /var/tmp/koparasy/spack-stage/spack-stage-kokkos-kernels-3.0.00-av2\n            byemtyf7zn53ska4pb4fow2mxy2cg/spack-src/src/blas/impl/KokkosBlas1_a\nxpby_mv_impl.hpp:770:66: error: expected '(' before ',' token\n     639      770 |     static_assert (Kokkos::Impl::is_same<typename YMV::valu\n            e_type,\n     640          |\n                  ^\n     641          |\n                  (",
    "640          |\n                  ^\n     641          |\n                  (\n  >> 642    /var/tmp/koparasy/spack-stage/spack-stage-kokkos-kernels-3.0.00-av2\n            byemtyf7zn53ska4pb4fow2mxy2cg/spack-src/src/blas/impl/KokkosBlas1_a\nxpby_mv_impl.hpp:771:20: error: expected string-literal before 'typ\n            ename'\n     643      771 |                    typename YMV::non_const_value_type>::val\n            ue,\n     644          |                    ^~~~~~~~\n  >> 645    /var/tmp/koparasy/spack-stage/spack-stage-kokkos-kernels-3.0.00-av2\n            byemtyf7zn53ska4pb4fow2mxy2cg/spack-src/src/blas/impl/KokkosBlas1_a",
    "ename'\n     643      771 |                    typename YMV::non_const_value_type>::val\n            ue,\n     644          |                    ^~~~~~~~\n  >> 645    /var/tmp/koparasy/spack-stage/spack-stage-kokkos-kernels-3.0.00-av2\n            byemtyf7zn53ska4pb4fow2mxy2cg/spack-src/src/blas/impl/KokkosBlas1_a\nxpby_mv_impl.hpp:770:67: error: expected ')' before 'typename'\n     646      770 |     static_assert (Kokkos::Impl::is_same<typename YMV::valu\n            e_type,\n     647          |                   ~\n                   ^\n     648          |\n                   )",
    "byemtyf7zn53ska4pb4fow2mxy2cg/spack-src/src/blas/impl/KokkosBlas1_a\n            xpby_mv_impl.hpp: In function 'void KokkosBlas::Impl::Axpby_MV_Unro\n            lled(const AV&, const XMV&, const BV&, const YMV&, SizeType, int, i\n            nt)':\n  >> 652    /var/tmp/koparasy/spack-stage/spack-stage-kokkos-kernels-3.0.00-av2\n            byemtyf7zn53ska4pb4fow2mxy2cg/spack-src/src/blas/impl/KokkosBlas1_a\nxpby_mv_impl.hpp:984:32: error: 'is_same' is not a member of 'Kokko\n            s::Impl'; did you mean 'std::is_same'?\n     653      984 |   static_assert (Kokkos::Impl::is_same<typename YMV::value_\n            type,\n     654          |                                ^~~~~~~\n     655    In file included from /p/vast1/koparasy/BUILD/spack_cluster_install\n            er/quartz/kokkos-kernels/spack_env_dir/linux-rhel7-broadwell/gcc-9.",
    "664                     from /var/tmp/koparasy/spack-stage/spack-stage-kok\n            kos-kernels-3.0.00-av2byemtyf7zn53ska4pb4fow2mxy2cg/spack-src/src/i\n            mpl/generated_specializations_cpp/axpby/KokkosBlas1_axpby_eti_spec_\n            inst_dbl_LayoutLeft_Serial_HostSpace.cpp:52:\n  >> 665    /var/tmp/koparasy/spack-stage/spack-stage-kokkos-kernels-3.0.00-av2\n            byemtyf7zn53ska4pb4fow2mxy2cg/spack-src/src/blas/impl/KokkosBlas1_a\nxpby_mv_impl.hpp:984:64: error: expected '(' before ',' token\n     666      984 |   static_assert (Kokkos::Impl::is_same<typename YMV::value_\n            type,\n     667          |\n                ^\n     668          |\n                (",
    "667          |\n                ^\n     668          |\n                (\n  >> 669    /var/tmp/koparasy/spack-stage/spack-stage-kokkos-kernels-3.0.00-av2\n            byemtyf7zn53ska4pb4fow2mxy2cg/spack-src/src/blas/impl/KokkosBlas1_a\nxpby_mv_impl.hpp:985:20: error: expected string-literal before 'typ\n            ename'\n     670      985 |                    typename YMV::non_const_value_type>::val\n            ue,\n     671          |                    ^~~~~~~~\n  >> 672    /var/tmp/koparasy/spack-stage/spack-stage-kokkos-kernels-3.0.00-av2\n            byemtyf7zn53ska4pb4fow2mxy2cg/spack-src/src/blas/impl/KokkosBlas1_a",
    "ename'\n     670      985 |                    typename YMV::non_const_value_type>::val\n            ue,\n     671          |                    ^~~~~~~~\n  >> 672    /var/tmp/koparasy/spack-stage/spack-stage-kokkos-kernels-3.0.00-av2\n            byemtyf7zn53ska4pb4fow2mxy2cg/spack-src/src/blas/impl/KokkosBlas1_a\nxpby_mv_impl.hpp:984:65: error: expected ')' before 'typename'\n     673      984 |   static_assert (Kokkos::Impl::is_same<typename YMV::value_\n            type,\n     674          |                 ~\n                 ^\n     675          |\n                 )",
    "678    /var/tmp/koparasy/spack-stage/spack-stage-kokkos-kernels-3.0.00-av2\n            byemtyf7zn53ska4pb4fow2mxy2cg/spack-src/src/blas/impl/KokkosBlas1_a\n            xpby_mv_impl.hpp: In function 'void KokkosBlas::Impl::Axpby_MV_Gene\n            ric(const AV&, const XMV&, const BV&, const YMV&, int, int)':\n  >> 679    /var/tmp/koparasy/spack-stage/spack-stage-kokkos-kernels-3.0.00-av2\n            byemtyf7zn53ska4pb4fow2mxy2cg/spack-src/src/blas/impl/KokkosBlas1_a\nxpby_mv_impl.hpp:1122:32: error: 'is_same' is not a member of 'Kokk\n            os::Impl'; did you mean 'std::is_same'?\n     680     1122 |   static_assert (Kokkos::Impl::is_same<typename YMV::value_\n            type,\n     681          |                                ^~~~~~~\n     682    In file included from /p/vast1/koparasy/BUILD/spack_cluster_install\n            er/quartz/kokkos-kernels/spack_env_dir/linux-rhel7-broadwell/gcc-9.",
    "691                     from /var/tmp/koparasy/spack-stage/spack-stage-kok\n            kos-kernels-3.0.00-av2byemtyf7zn53ska4pb4fow2mxy2cg/spack-src/src/i\n            mpl/generated_specializations_cpp/axpby/KokkosBlas1_axpby_eti_spec_\n            inst_dbl_LayoutLeft_Serial_HostSpace.cpp:52:\n  >> 692    /var/tmp/koparasy/spack-stage/spack-stage-kokkos-kernels-3.0.00-av2\n            byemtyf7zn53ska4pb4fow2mxy2cg/spack-src/src/blas/impl/KokkosBlas1_a\nxpby_mv_impl.hpp:1122:64: error: expected '(' before ',' token\n     693     1122 |   static_assert (Kokkos::Impl::is_same<typename YMV::value_\n            type,\n     694          |\n                ^\n     695          |\n                (",
    "694          |\n                ^\n     695          |\n                (\n  >> 696    /var/tmp/koparasy/spack-stage/spack-stage-kokkos-kernels-3.0.00-av2\n            byemtyf7zn53ska4pb4fow2mxy2cg/spack-src/src/blas/impl/KokkosBlas1_a\nxpby_mv_impl.hpp:1123:20: error: expected string-literal before 'ty\n            pename'\n     697     1123 |                    typename YMV::non_const_value_type>::val\n            ue,\n     698          |                    ^~~~~~~~\n  >> 699    /var/tmp/koparasy/spack-stage/spack-stage-kokkos-kernels-3.0.00-av2\n            byemtyf7zn53ska4pb4fow2mxy2cg/spack-src/src/blas/impl/KokkosBlas1_a",
    "pename'\n     697     1123 |                    typename YMV::non_const_value_type>::val\n            ue,\n     698          |                    ^~~~~~~~\n  >> 699    /var/tmp/koparasy/spack-stage/spack-stage-kokkos-kernels-3.0.00-av2\n            byemtyf7zn53ska4pb4fow2mxy2cg/spack-src/src/blas/impl/KokkosBlas1_a\nxpby_mv_impl.hpp:1122:65: error: expected ')' before 'typename'\n     700     1122 |   static_assert (Kokkos::Impl::is_same<typename YMV::value_\n            type,\n     701          |                 ~\n                 ^\n     702          |\n                 )",
    "byemtyf7zn53ska4pb4fow2mxy2cg/spack-src/src/blas/impl/KokkosBlas1_a\n            xpby_mv_impl.hpp: In static member function 'static void KokkosBlas\n            ::Impl::Axpby_MV_Invoke_Left<AV, XMV, BV, YMV, SizeType>::run(const\n             AV&, const XMV&, const BV&, const YMV&, int, int)':\n  >> 706    /var/tmp/koparasy/spack-stage/spack-stage-kokkos-kernels-3.0.00-av2\n            byemtyf7zn53ska4pb4fow2mxy2cg/spack-src/src/blas/impl/KokkosBlas1_a\nxpby_mv_impl.hpp:1262:32: error: 'is_same' is not a member of 'Kokk\n            os::Impl'; did you mean 'std::is_same'?\n     707     1262 |   static_assert (Kokkos::Impl::is_same<typename YMV::value_\n            type,\n     708          |                                ^~~~~~~\n     709    In file included from /p/vast1/koparasy/BUILD/spack_cluster_install\n            er/quartz/kokkos-kernels/spack_env_dir/linux-rhel7-broadwell/gcc-9.",
    "718                     from /var/tmp/koparasy/spack-stage/spack-stage-kok\n            kos-kernels-3.0.00-av2byemtyf7zn53ska4pb4fow2mxy2cg/spack-src/src/i\n            mpl/generated_specializations_cpp/axpby/KokkosBlas1_axpby_eti_spec_\n            inst_dbl_LayoutLeft_Serial_HostSpace.cpp:52:\n  >> 719    /var/tmp/koparasy/spack-stage/spack-stage-kokkos-kernels-3.0.00-av2\n            byemtyf7zn53ska4pb4fow2mxy2cg/spack-src/src/blas/impl/KokkosBlas1_a\nxpby_mv_impl.hpp:1262:64: error: expected '(' before ',' token\n     720     1262 |   static_assert (Kokkos::Impl::is_same<typename YMV::value_\n            type,\n     721          |\n                ^\n     722          |\n                (",
    "721          |\n                ^\n     722          |\n                (\n  >> 723    /var/tmp/koparasy/spack-stage/spack-stage-kokkos-kernels-3.0.00-av2\n            byemtyf7zn53ska4pb4fow2mxy2cg/spack-src/src/blas/impl/KokkosBlas1_a\nxpby_mv_impl.hpp:1263:18: error: expected string-literal before 'ty\n            pename'\n     724     1263 |                  typename YMV::non_const_value_type>::value\n            ,\n     725          |                  ^~~~~~~~\n  >> 726    /var/tmp/koparasy/spack-stage/spack-stage-kokkos-kernels-3.0.00-av2\n            byemtyf7zn53ska4pb4fow2mxy2cg/spack-src/src/blas/impl/KokkosBlas1_a",
    "pename'\n     724     1263 |                  typename YMV::non_const_value_type>::value\n            ,\n     725          |                  ^~~~~~~~\n  >> 726    /var/tmp/koparasy/spack-stage/spack-stage-kokkos-kernels-3.0.00-av2\n            byemtyf7zn53ska4pb4fow2mxy2cg/spack-src/src/blas/impl/KokkosBlas1_a\nxpby_mv_impl.hpp:1262:65: error: expected ')' before 'typename'\n     727     1262 |   static_assert (Kokkos::Impl::is_same<typename YMV::value_\n            type,\n     728          |                 ~\n                 ^\n     729          |\n                 )",
    "byemtyf7zn53ska4pb4fow2mxy2cg/spack-src/src/blas/impl/KokkosBlas1_a\n            xpby_mv_impl.hpp: In static member function 'static void KokkosBlas\n            ::Impl::Axpby_MV_Invoke_Right<AV, XMV, BV, YMV, SizeType>::run(cons\n            t AV&, const XMV&, const BV&, const YMV&, int, int)':\n  >> 733    /var/tmp/koparasy/spack-stage/spack-stage-kokkos-kernels-3.0.00-av2\n            byemtyf7zn53ska4pb4fow2mxy2cg/spack-src/src/blas/impl/KokkosBlas1_a\nxpby_mv_impl.hpp:1341:32: error: 'is_same' is not a member of 'Kokk\n            os::Impl'; did you mean 'std::is_same'?\n     734     1341 |   static_assert (Kokkos::Impl::is_same<typename YMV::value_\n            type,\n     735          |                                ^~~~~~~\n     736    In file included from /p/vast1/koparasy/BUILD/spack_cluster_install\n            er/quartz/kokkos-kernels/spack_env_dir/linux-rhel7-broadwell/gcc-9.",
    "745                     from /var/tmp/koparasy/spack-stage/spack-stage-kok\n            kos-kernels-3.0.00-av2byemtyf7zn53ska4pb4fow2mxy2cg/spack-src/src/i\n            mpl/generated_specializations_cpp/axpby/KokkosBlas1_axpby_eti_spec_\n            inst_dbl_LayoutLeft_Serial_HostSpace.cpp:52:\n  >> 746    /var/tmp/koparasy/spack-stage/spack-stage-kokkos-kernels-3.0.00-av2\n            byemtyf7zn53ska4pb4fow2mxy2cg/spack-src/src/blas/impl/KokkosBlas1_a\nxpby_mv_impl.hpp:1341:64: error: expected '(' before ',' token\n     747     1341 |   static_assert (Kokkos::Impl::is_same<typename YMV::value_\n            type,\n     748          |\n                ^\n     749          |\n                (",
    "748          |\n                ^\n     749          |\n                (\n  >> 750    /var/tmp/koparasy/spack-stage/spack-stage-kokkos-kernels-3.0.00-av2\n            byemtyf7zn53ska4pb4fow2mxy2cg/spack-src/src/blas/impl/KokkosBlas1_a\nxpby_mv_impl.hpp:1342:18: error: expected string-literal before 'ty\n            pename'\n     751     1342 |                  typename YMV::non_const_value_type>::value\n            ,\n     752          |                  ^~~~~~~~\n  >> 753    /var/tmp/koparasy/spack-stage/spack-stage-kokkos-kernels-3.0.00-av2\n            byemtyf7zn53ska4pb4fow2mxy2cg/spack-src/src/blas/impl/KokkosBlas1_a",
    "pename'\n     751     1342 |                  typename YMV::non_const_value_type>::value\n            ,\n     752          |                  ^~~~~~~~\n  >> 753    /var/tmp/koparasy/spack-stage/spack-stage-kokkos-kernels-3.0.00-av2\n            byemtyf7zn53ska4pb4fow2mxy2cg/spack-src/src/blas/impl/KokkosBlas1_a\nxpby_mv_impl.hpp:1341:65: error: expected ')' before 'typename'\n     754     1341 |   static_assert (Kokkos::Impl::is_same<typename YMV::value_\n            type,\n     755          |                 ~\n                 ^\n     756          |\n                 )",
    "byemtyf7zn53ska4pb4fow2mxy2cg/spack-src/src/blas/impl/KokkosBlas1_a\n            xpby_spec.hpp: In static member function 'static void KokkosBlas::I\n            mpl::Axpby<AV, XMV, BV, YMV, 2, false, true>::axpby(const AV&, cons\n            t XMV&, const BV&, const YMV&)':\n  >> 761    /var/tmp/koparasy/spack-stage/spack-stage-kokkos-kernels-3.0.00-av2\n            byemtyf7zn53ska4pb4fow2mxy2cg/spack-src/src/blas/impl/KokkosBlas1_a\nxpby_spec.hpp:173:34: error: 'is_same' is not a member of 'Kokkos::\n            Impl'; did you mean 'std::is_same'?\n     762      173 |     static_assert (Kokkos::Impl::is_same<typename YMV::valu\n            e_type,\n     763          |                                  ^~~~~~~\n     764    In file included from /p/vast1/koparasy/BUILD/spack_cluster_install\n            er/quartz/kokkos-kernels/spack_env_dir/linux-rhel7-broadwell/gcc-9.",
    "772    In file included from /var/tmp/koparasy/spack-stage/spack-stage-kok\n            kos-kernels-3.0.00-av2byemtyf7zn53ska4pb4fow2mxy2cg/spack-src/src/i\n            mpl/generated_specializations_cpp/axpby/KokkosBlas1_axpby_eti_spec_\n            inst_dbl_LayoutLeft_Serial_HostSpace.cpp:52:\n  >> 773    /var/tmp/koparasy/spack-stage/spack-stage-kokkos-kernels-3.0.00-av2\n            byemtyf7zn53ska4pb4fow2mxy2cg/spack-src/src/blas/impl/KokkosBlas1_a\nxpby_spec.hpp:173:66: error: expected '(' before ',' token\n     774      173 |     static_assert (Kokkos::Impl::is_same<typename YMV::valu\n            e_type,\n     775          |\n                  ^\n     776          |\n                  (",
    "775          |\n                  ^\n     776          |\n                  (\n  >> 777    /var/tmp/koparasy/spack-stage/spack-stage-kokkos-kernels-3.0.00-av2\n            byemtyf7zn53ska4pb4fow2mxy2cg/spack-src/src/blas/impl/KokkosBlas1_a\nxpby_spec.hpp:174:22: error: expected string-literal before 'typena\n            me'\n     778      174 |                      typename YMV::non_const_value_type>::v\n            alue,\n     779          |                      ^~~~~~~~\n  >> 780    /var/tmp/koparasy/spack-stage/spack-stage-kokkos-kernels-3.0.00-av2\n            byemtyf7zn53ska4pb4fow2mxy2cg/spack-src/src/blas/impl/KokkosBlas1_a",
    "me'\n     778      174 |                      typename YMV::non_const_value_type>::v\n            alue,\n     779          |                      ^~~~~~~~\n  >> 780    /var/tmp/koparasy/spack-stage/spack-stage-kokkos-kernels-3.0.00-av2\n            byemtyf7zn53ska4pb4fow2mxy2cg/spack-src/src/blas/impl/KokkosBlas1_a\nxpby_spec.hpp:173:67: error: expected ')' before 'typename'\n     781      173 |     static_assert (Kokkos::Impl::is_same<typename YMV::valu\n            e_type,\n     782          |                   ~\n                   ^\n     783          |\n                   )",
    "xpby_spec.hpp: In static member function 'static void KokkosBlas::I\n            mpl::Axpby<typename XMV::non_const_value_type, XMV, typename YMV::n\n            on_const_value_type, YMV, 2, false, true>::axpby(const AV&, const X\n            MV&, const BV&, const YMV&)':\n  >> 788    /var/tmp/koparasy/spack-stage/spack-stage-kokkos-kernels-3.0.00-av2\n            byemtyf7zn53ska4pb4fow2mxy2cg/spack-src/src/blas/impl/KokkosBlas1_a\nxpby_spec.hpp:242:34: error: 'is_same' is not a member of 'Kokkos::\n            Impl'; did you mean 'std::is_same'?\n     789      242 |     static_assert (Kokkos::Impl::is_same<typename YMV::valu\n            e_type,\n     790          |                                  ^~~~~~~\n     791    In file included from /p/vast1/koparasy/BUILD/spack_cluster_install\n            er/quartz/kokkos-kernels/spack_env_dir/linux-rhel7-broadwell/gcc-9.",
    "799    In file included from /var/tmp/koparasy/spack-stage/spack-stage-kok\n            kos-kernels-3.0.00-av2byemtyf7zn53ska4pb4fow2mxy2cg/spack-src/src/i\n            mpl/generated_specializations_cpp/axpby/KokkosBlas1_axpby_eti_spec_\n            inst_dbl_LayoutLeft_Serial_HostSpace.cpp:52:\n  >> 800    /var/tmp/koparasy/spack-stage/spack-stage-kokkos-kernels-3.0.00-av2\n            byemtyf7zn53ska4pb4fow2mxy2cg/spack-src/src/blas/impl/KokkosBlas1_a\nxpby_spec.hpp:242:66: error: expected '(' before ',' token\n     801      242 |     static_assert (Kokkos::Impl::is_same<typename YMV::valu\n            e_type,\n     802          |\n                  ^\n     803          |\n                  (",
    "802          |\n                  ^\n     803          |\n                  (\n  >> 804    /var/tmp/koparasy/spack-stage/spack-stage-kokkos-kernels-3.0.00-av2\n            byemtyf7zn53ska4pb4fow2mxy2cg/spack-src/src/blas/impl/KokkosBlas1_a\nxpby_spec.hpp:243:22: error: expected string-literal before 'typena\n            me'\n     805      243 |                      typename YMV::non_const_value_type>::v\n            alue,\n     806          |                      ^~~~~~~~\n  >> 807    /var/tmp/koparasy/spack-stage/spack-stage-kokkos-kernels-3.0.00-av2\n            byemtyf7zn53ska4pb4fow2mxy2cg/spack-src/src/blas/impl/KokkosBlas1_a",
    "me'\n     805      243 |                      typename YMV::non_const_value_type>::v\n            alue,\n     806          |                      ^~~~~~~~\n  >> 807    /var/tmp/koparasy/spack-stage/spack-stage-kokkos-kernels-3.0.00-av2\n            byemtyf7zn53ska4pb4fow2mxy2cg/spack-src/src/blas/impl/KokkosBlas1_a\nxpby_spec.hpp:242:67: error: expected ')' before 'typename'\n     808      242 |     static_assert (Kokkos::Impl::is_same<typename YMV::valu\n            e_type,\n     809          |                   ~\n                   ^\n     810          |\n                   )",
    "xpby_spec.hpp: In static member function 'static void KokkosBlas::I\n            mpl::Axpby<typename XV::non_const_value_type, XV, typename YV::non_\n            const_value_type, YV, 1, false, true>::axpby(const AV&, const XV&,\n            const BV&, const YV&)':\n  >> 814    /var/tmp/koparasy/spack-stage/spack-stage-kokkos-kernels-3.0.00-av2\n            byemtyf7zn53ska4pb4fow2mxy2cg/spack-src/src/blas/impl/KokkosBlas1_a\nxpby_spec.hpp:335:34: error: 'is_same' is not a member of 'Kokkos::\n            Impl'; did you mean 'std::is_same'?\n     815      335 |     static_assert (Kokkos::Impl::is_same<typename YV::value\n            _type,\n     816          |                                  ^~~~~~~\n     817    In file included from /p/vast1/koparasy/BUILD/spack_cluster_install\n            er/quartz/kokkos-kernels/spack_env_dir/linux-rhel7-broadwell/gcc-9.",
    "825    In file included from /var/tmp/koparasy/spack-stage/spack-stage-kok\n            kos-kernels-3.0.00-av2byemtyf7zn53ska4pb4fow2mxy2cg/spack-src/src/i\n            mpl/generated_specializations_cpp/axpby/KokkosBlas1_axpby_eti_spec_\n            inst_dbl_LayoutLeft_Serial_HostSpace.cpp:52:\n  >> 826    /var/tmp/koparasy/spack-stage/spack-stage-kokkos-kernels-3.0.00-av2\n            byemtyf7zn53ska4pb4fow2mxy2cg/spack-src/src/blas/impl/KokkosBlas1_a\nxpby_spec.hpp:335:65: error: expected '(' before ',' token\n     827      335 |     static_assert (Kokkos::Impl::is_same<typename YV::value\n            _type,\n     828          |\n                 ^\n     829          |\n                 (",
    "828          |\n                 ^\n     829          |\n                 (\n  >> 830    /var/tmp/koparasy/spack-stage/spack-stage-kokkos-kernels-3.0.00-av2\n            byemtyf7zn53ska4pb4fow2mxy2cg/spack-src/src/blas/impl/KokkosBlas1_a\nxpby_spec.hpp:336:22: error: expected string-literal before 'typena\n            me'\n     831      336 |                      typename YV::non_const_value_type>::va\n            lue,\n     832          |                      ^~~~~~~~\n  >> 833    /var/tmp/koparasy/spack-stage/spack-stage-kokkos-kernels-3.0.00-av2\n            byemtyf7zn53ska4pb4fow2mxy2cg/spack-src/src/blas/impl/KokkosBlas1_a",
    "me'\n     831      336 |                      typename YV::non_const_value_type>::va\n            lue,\n     832          |                      ^~~~~~~~\n  >> 833    /var/tmp/koparasy/spack-stage/spack-stage-kokkos-kernels-3.0.00-av2\n            byemtyf7zn53ska4pb4fow2mxy2cg/spack-src/src/blas/impl/KokkosBlas1_a\nxpby_spec.hpp:335:66: error: expected ')' before 'typename'\n     834      335 |     static_assert (Kokkos::Impl::is_same<typename YV::value\n            _type,\n     835          |                   ~\n                  ^\n     836          |\n                  )",
    "byemtyf7zn53ska4pb4fow2mxy2cg/spack-src/src/blas/impl/KokkosBlas1_d\n            ot_mv_impl.hpp: In constructor 'KokkosBlas::Impl::MV_V_Dot_Functor<\n            RV, XMV, YV, SizeType>::MV_V_Dot_Functor(const RV&, const XMV&, con\n            st YV&, bool)':\n  >> 851    /var/tmp/koparasy/spack-stage/spack-stage-kokkos-kernels-3.0.00-av2\n            byemtyf7zn53ska4pb4fow2mxy2cg/spack-src/src/blas/impl/KokkosBlas1_d\not_mv_impl.hpp:103:34: error: 'is_same' is not a member of 'Kokkos:\n            :Impl'; did you mean 'std::is_same'?\n     852      103 |     static_assert (Kokkos::Impl::is_same<typename RV::value\n            _type,\n     853          |                                  ^~~~~~~\n     854    In file included from /p/vast1/koparasy/BUILD/spack_cluster_install\n            er/quartz/kokkos-kernels/spack_env_dir/linux-rhel7-broadwell/gcc-9.",
    "863                     from /var/tmp/koparasy/spack-stage/spack-stage-kok\n            kos-kernels-3.0.00-av2byemtyf7zn53ska4pb4fow2mxy2cg/spack-src/src/i\n            mpl/generated_specializations_cpp/dot/KokkosBlas1_dot_eti_spec_inst\n            _dbl_LayoutLeft_Serial_HostSpace.cpp:52:\n  >> 864    /var/tmp/koparasy/spack-stage/spack-stage-kokkos-kernels-3.0.00-av2\n            byemtyf7zn53ska4pb4fow2mxy2cg/spack-src/src/blas/impl/KokkosBlas1_d\not_mv_impl.hpp:103:65: error: expected '(' before ',' token\n     865      103 |     static_assert (Kokkos::Impl::is_same<typename RV::value\n            _type,\n     866          |\n                 ^\n     867          |\n                 (",
    "866          |\n                 ^\n     867          |\n                 (\n  >> 868    /var/tmp/koparasy/spack-stage/spack-stage-kokkos-kernels-3.0.00-av2\n            byemtyf7zn53ska4pb4fow2mxy2cg/spack-src/src/blas/impl/KokkosBlas1_d\not_mv_impl.hpp:104:20: error: expected string-literal before 'typen\n            ame'\n     869      104 |                    typename RV::non_const_value_type>::valu\n            e,\n     870          |                    ^~~~~~~~\n  >> 871    /var/tmp/koparasy/spack-stage/spack-stage-kokkos-kernels-3.0.00-av2\n            byemtyf7zn53ska4pb4fow2mxy2cg/spack-src/src/blas/impl/KokkosBlas1_d",
    "ame'\n     869      104 |                    typename RV::non_const_value_type>::valu\n            e,\n     870          |                    ^~~~~~~~\n  >> 871    /var/tmp/koparasy/spack-stage/spack-stage-kokkos-kernels-3.0.00-av2\n            byemtyf7zn53ska4pb4fow2mxy2cg/spack-src/src/blas/impl/KokkosBlas1_d\not_mv_impl.hpp:103:66: error: expected ')' before 'typename'\n     872      103 |     static_assert (Kokkos::Impl::is_same<typename RV::value\n            _type,\n     873          |                   ~\n                  ^\n     874          |\n                  )",
    "byemtyf7zn53ska4pb4fow2mxy2cg/spack-src/src/blas/impl/KokkosBlas1_d\n            ot_mv_impl.hpp: In constructor 'KokkosBlas::Impl::MV_Dot_Right_Func\n            torVector<RV, XMV, YMV, SizeType>::MV_Dot_Right_FunctorVector(const\n             RV&, const XMV&, const YMV&)':\n  >> 878    /var/tmp/koparasy/spack-stage/spack-stage-kokkos-kernels-3.0.00-av2\n            byemtyf7zn53ska4pb4fow2mxy2cg/spack-src/src/blas/impl/KokkosBlas1_d\not_mv_impl.hpp:222:34: error: 'is_same' is not a member of 'Kokkos:\n            :Impl'; did you mean 'std::is_same'?\n     879      222 |     static_assert (Kokkos::Impl::is_same<typename RV::value\n            _type,\n     880          |                                  ^~~~~~~\n     881    In file included from /p/vast1/koparasy/BUILD/spack_cluster_install\n            er/quartz/kokkos-kernels/spack_env_dir/linux-rhel7-broadwell/gcc-9.",
    "890                     from /var/tmp/koparasy/spack-stage/spack-stage-kok\n            kos-kernels-3.0.00-av2byemtyf7zn53ska4pb4fow2mxy2cg/spack-src/src/i\n            mpl/generated_specializations_cpp/dot/KokkosBlas1_dot_eti_spec_inst\n            _dbl_LayoutLeft_Serial_HostSpace.cpp:52:\n  >> 891    /var/tmp/koparasy/spack-stage/spack-stage-kokkos-kernels-3.0.00-av2\n            byemtyf7zn53ska4pb4fow2mxy2cg/spack-src/src/blas/impl/KokkosBlas1_d\not_mv_impl.hpp:222:65: error: expected '(' before ',' token\n     892      222 |     static_assert (Kokkos::Impl::is_same<typename RV::value\n            _type,\n     893          |\n                 ^\n     894          |\n                 (",
    "893          |\n                 ^\n     894          |\n                 (\n  >> 895    /var/tmp/koparasy/spack-stage/spack-stage-kokkos-kernels-3.0.00-av2\n            byemtyf7zn53ska4pb4fow2mxy2cg/spack-src/src/blas/impl/KokkosBlas1_d\not_mv_impl.hpp:223:20: error: expected string-literal before 'typen\n            ame'\n     896      223 |                    typename RV::non_const_value_type>::valu\n            e,\n     897          |                    ^~~~~~~~\n  >> 898    /var/tmp/koparasy/spack-stage/spack-stage-kokkos-kernels-3.0.00-av2\n            byemtyf7zn53ska4pb4fow2mxy2cg/spack-src/src/blas/impl/KokkosBlas1_d",
    "ame'\n     896      223 |                    typename RV::non_const_value_type>::valu\n            e,\n     897          |                    ^~~~~~~~\n  >> 898    /var/tmp/koparasy/spack-stage/spack-stage-kokkos-kernels-3.0.00-av2\n            byemtyf7zn53ska4pb4fow2mxy2cg/spack-src/src/blas/impl/KokkosBlas1_d\not_mv_impl.hpp:222:66: error: expected ')' before 'typename'\n     899      222 |     static_assert (Kokkos::Impl::is_same<typename RV::value\n            _type,\n     900          |                   ~\n                  ^\n     901          |\n                  )",
    "byemtyf7zn53ska4pb4fow2mxy2cg/spack-src/src/blas/impl/KokkosBlas1_d\n            ot_mv_impl.hpp: In constructor 'KokkosBlas::Impl::MV_Dot_Right_Func\n            torUnroll<RV, XMV, YMV, UNROLL, SizeType>::MV_Dot_Right_FunctorUnro\n            ll(const RV&, const XMV&, const YMV&)':\n  >> 905    /var/tmp/koparasy/spack-stage/spack-stage-kokkos-kernels-3.0.00-av2\n            byemtyf7zn53ska4pb4fow2mxy2cg/spack-src/src/blas/impl/KokkosBlas1_d\not_mv_impl.hpp:330:34: error: 'is_same' is not a member of 'Kokkos:\n            :Impl'; did you mean 'std::is_same'?\n     906      330 |     static_assert (Kokkos::Impl::is_same<typename RV::value\n            _type,\n     907          |                                  ^~~~~~~\n     908    In file included from /p/vast1/koparasy/BUILD/spack_cluster_install\n            er/quartz/kokkos-kernels/spack_env_dir/linux-rhel7-broadwell/gcc-9.",
    "917                     from /var/tmp/koparasy/spack-stage/spack-stage-kok\n            kos-kernels-3.0.00-av2byemtyf7zn53ska4pb4fow2mxy2cg/spack-src/src/i\n            mpl/generated_specializations_cpp/dot/KokkosBlas1_dot_eti_spec_inst\n            _dbl_LayoutLeft_Serial_HostSpace.cpp:52:\n  >> 918    /var/tmp/koparasy/spack-stage/spack-stage-kokkos-kernels-3.0.00-av2\n            byemtyf7zn53ska4pb4fow2mxy2cg/spack-src/src/blas/impl/KokkosBlas1_d\not_mv_impl.hpp:330:65: error: expected '(' before ',' token\n     919      330 |     static_assert (Kokkos::Impl::is_same<typename RV::value\n            _type,\n     920          |\n                 ^\n     921          |\n                 (",
    "920          |\n                 ^\n     921          |\n                 (\n  >> 922    /var/tmp/koparasy/spack-stage/spack-stage-kokkos-kernels-3.0.00-av2\n            byemtyf7zn53ska4pb4fow2mxy2cg/spack-src/src/blas/impl/KokkosBlas1_d\not_mv_impl.hpp:331:20: error: expected string-literal before 'typen\n            ame'\n     923      331 |                    typename RV::non_const_value_type>::valu\n            e,\n     924          |                    ^~~~~~~~\n  >> 925    /var/tmp/koparasy/spack-stage/spack-stage-kokkos-kernels-3.0.00-av2\n            byemtyf7zn53ska4pb4fow2mxy2cg/spack-src/src/blas/impl/KokkosBlas1_d",
    "ame'\n     923      331 |                    typename RV::non_const_value_type>::valu\n            e,\n     924          |                    ^~~~~~~~\n  >> 925    /var/tmp/koparasy/spack-stage/spack-stage-kokkos-kernels-3.0.00-av2\n            byemtyf7zn53ska4pb4fow2mxy2cg/spack-src/src/blas/impl/KokkosBlas1_d\not_mv_impl.hpp:330:66: error: expected ')' before 'typename'\n     926      330 |     static_assert (Kokkos::Impl::is_same<typename RV::value\n            _type,\n     927          |                   ~\n                  ^\n     928          |\n                  )",
    ">> 931    make[2]: *** [src/CMakeFiles/kokkoskernels.dir/impl/generated_speci\n            alizations_cpp/dot/KokkosBlas1_dot_eti_spec_inst_dbl_LayoutLeft_Ser\n            ial_HostSpace.cpp.o] Error 1\n     932    make[2]: Leaving directory `/tmp/koparasy/spack-stage/spack-stage-k\n            okkos-kernels-3.0.00-av2byemtyf7zn53ska4pb4fow2mxy2cg/spack-build-a\n            v2byem'\n>> 933    make[1]: *** [src/CMakeFiles/kokkoskernels.dir/all] Error 2\n     934    make[1]: Leaving directory `/tmp/koparasy/spack-stage/spack-stage-k\n            okkos-kernels-3.0.00-av2byemtyf7zn53ska4pb4fow2mxy2cg/spack-build-a\n            v2byem'\n  >> 935    make: *** [all] Error 2\n\nSee build log for details:",
    "okkos-kernels-3.0.00-av2byemtyf7zn53ska4pb4fow2mxy2cg/spack-build-a\n            v2byem'\n  >> 933    make[1]: *** [src/CMakeFiles/kokkoskernels.dir/all] Error 2\n     934    make[1]: Leaving directory `/tmp/koparasy/spack-stage/spack-stage-k\n            okkos-kernels-3.0.00-av2byemtyf7zn53ska4pb4fow2mxy2cg/spack-build-a\n            v2byem'\n>> 935    make: *** [all] Error 2\n\nSee build log for details:\n  /var/tmp/koparasy/spack-stage/spack-stage-kokkos-kernels-3.0.00-av2byemtyf7zn53ska4pb4fow2mxy2cg/spack-build-out.txt\n\nTraceback (most recent call last):\n  File \"/p/vast1/koparasy/BUILD/head/spack/lib/spack/spack/build_environment.py\", line 1035, in _setup_pkg_and_run"
]