[
    "ILD/spack_cluster_installer/quartz/trilinos/spack_env_dir/linux-rh\n             el7-broadwell/gcc-9.3.1/hwloc-2.0.0-zziiwubce3tqwurvqez47gw6yukes6\n             yq/include -O2 -g -MT tools/topo/topo.lo -MD -MP -MF tools/topo/.d\n             eps/topo.Tpo -c tools/topo/topo.c -o tools/topo/topo.o >/dev/null\n             2>&1\n     2802    tools/topo/hwloc/topo_hwloc.c: In function 'HYDT_topo_hwloc_init':\n>> 2803    tools/topo/hwloc/topo_hwloc.c:431:40: error: 'HWLOC_MEMBIND_REPLIC\n             ATE' undeclared (first use in this function); did you mean 'HWLOC_\n             MEMBIND_MIGRATE'?\n     2804      431 |         HYDT_topo_hwloc_info.membind = HWLOC_MEMBIND_REPLI\n             CATE;\n     2805          |                                        ^~~~~~~~~~~~~~~~~~~\n             ~~~~",
    "2805          |                                        ^~~~~~~~~~~~~~~~~~~\n             ~~~~\n     2806          |                                        HWLOC_MEMBIND_MIGRA\n             TE\n     2807    tools/topo/hwloc/topo_hwloc.c:431:40: note: each undeclared identi\n             fier is reported only once for each function it appears in\n>> 2808    make[3]: *** [tools/topo/hwloc/topo_hwloc.lo] Error 1\n     2809    make[3]: *** Waiting for unfinished jobs....\n     2810    make[3]: Leaving directory `/tmp/koparasy/spack-stage/spack-stage-\n             mpich-3.2.1-agef46sv4f2rhezcj4tsclrgpaa5tpqy/spack-src/src/pm/hydr\n             a'\n  >> 2811    make[2]: *** [all-recursive] Error 1\n     2812    make[2]: Leaving directory `/tmp/koparasy/spack-stage/spack-stage-",
    "fier is reported only once for each function it appears in\n  >> 2808    make[3]: *** [tools/topo/hwloc/topo_hwloc.lo] Error 1\n     2809    make[3]: *** Waiting for unfinished jobs....\n     2810    make[3]: Leaving directory `/tmp/koparasy/spack-stage/spack-stage-\n             mpich-3.2.1-agef46sv4f2rhezcj4tsclrgpaa5tpqy/spack-src/src/pm/hydr\n             a'\n>> 2811    make[2]: *** [all-recursive] Error 1\n     2812    make[2]: Leaving directory `/tmp/koparasy/spack-stage/spack-stage-\n             mpich-3.2.1-agef46sv4f2rhezcj4tsclrgpaa5tpqy/spack-src/src/pm/hydr\n             a'\n  >> 2813    make[1]: *** [all-recursive] Error 1\n     2814    make[1]: Leaving directory `/tmp/koparasy/spack-stage/spack-stage-\n             mpich-3.2.1-agef46sv4f2rhezcj4tsclrgpaa5tpqy/spack-src'",
    "mpich-3.2.1-agef46sv4f2rhezcj4tsclrgpaa5tpqy/spack-src/src/pm/hydr\n             a'\n  >> 2811    make[2]: *** [all-recursive] Error 1\n     2812    make[2]: Leaving directory `/tmp/koparasy/spack-stage/spack-stage-\n             mpich-3.2.1-agef46sv4f2rhezcj4tsclrgpaa5tpqy/spack-src/src/pm/hydr\n             a'\n>> 2813    make[1]: *** [all-recursive] Error 1\n     2814    make[1]: Leaving directory `/tmp/koparasy/spack-stage/spack-stage-\n             mpich-3.2.1-agef46sv4f2rhezcj4tsclrgpaa5tpqy/spack-src'\n  >> 2815    make: *** [all] Error 2\n\nSee build log for details:\n  /var/tmp/koparasy/spack-stage/spack-stage-mpich-3.2.1-agef46sv4f2rhezcj4tsclrgpaa5tpqy/spack-build-out.txt",
    "2812    make[2]: Leaving directory `/tmp/koparasy/spack-stage/spack-stage-\n             mpich-3.2.1-agef46sv4f2rhezcj4tsclrgpaa5tpqy/spack-src/src/pm/hydr\n             a'\n  >> 2813    make[1]: *** [all-recursive] Error 1\n     2814    make[1]: Leaving directory `/tmp/koparasy/spack-stage/spack-stage-\n             mpich-3.2.1-agef46sv4f2rhezcj4tsclrgpaa5tpqy/spack-src'\n>> 2815    make: *** [all] Error 2\n\nSee build log for details:\n  /var/tmp/koparasy/spack-stage/spack-stage-mpich-3.2.1-agef46sv4f2rhezcj4tsclrgpaa5tpqy/spack-build-out.txt\n\nTraceback (most recent call last):\n  File \"/p/vast1/koparasy/BUILD/head/spack/lib/spack/spack/build_environment.py\", line 1035, in _setup_pkg_and_run"
]