[
    "iles/conduit_libyaml.dir/src/dumper.c.o   -c /tmp/koparasy/spack-st\n            age/spack-stage-conduit-0.5.1-yqusvbiq2tea2m6drsbodhgnhxivhxdj/spac\n            k-src/src/thirdparty_builtin/libyaml-690a781/src/dumper.c\n     329    /p/vast1/koparasy/BUILD/spack_cluster_installer/quartz/axom/spack_e\n            nv_dir/linux-rhel7-broadwell/gcc-8.3.1/hwloc-2.6.0-a4t2t4p2u2xwo6y3\n            rn4fwf4cwboasekt/lib: file not recognized: Is a directory\n>> 330    collect2: error: ld returned 1 exit status\n  >> 331    make[2]: *** [tests/blt_mpi_smoke] Error 1\n     332    make[2]: Leaving directory `/tmp/koparasy/spack-stage/spack-stage-c\n            onduit-0.5.1-yqusvbiq2tea2m6drsbodhgnhxivhxdj/spack-build-yqusvbi'\n  >> 333    make[1]: *** [blt/tests/smoke/CMakeFiles/blt_mpi_smoke.dir/all] Err\n            or 2\n     334    make[1]: *** Waiting for unfinished jobs....",
    "age/spack-stage-conduit-0.5.1-yqusvbiq2tea2m6drsbodhgnhxivhxdj/spac\n            k-src/src/thirdparty_builtin/libyaml-690a781/src/dumper.c\n     329    /p/vast1/koparasy/BUILD/spack_cluster_installer/quartz/axom/spack_e\n            nv_dir/linux-rhel7-broadwell/gcc-8.3.1/hwloc-2.6.0-a4t2t4p2u2xwo6y3\n            rn4fwf4cwboasekt/lib: file not recognized: Is a directory\n  >> 330    collect2: error: ld returned 1 exit status\n>> 331    make[2]: *** [tests/blt_mpi_smoke] Error 1\n     332    make[2]: Leaving directory `/tmp/koparasy/spack-stage/spack-stage-c\n            onduit-0.5.1-yqusvbiq2tea2m6drsbodhgnhxivhxdj/spack-build-yqusvbi'\n  >> 333    make[1]: *** [blt/tests/smoke/CMakeFiles/blt_mpi_smoke.dir/all] Err\n            or 2\n     334    make[1]: *** Waiting for unfinished jobs....\n     335    [  3%] Building C object thirdparty_builtin/libyaml-690a781/CMakeFi",
    "eFiles/gtest.dir/src/gtest-all.cc.o -pthread\n     360    make[2]: Leaving directory `/tmp/koparasy/spack-stage/spack-stage-c\n            onduit-0.5.1-yqusvbiq2tea2m6drsbodhgnhxivhxdj/spack-build-yqusvbi'\n     361    [  7%] Built target gtest\n     362    make[1]: Leaving directory `/tmp/koparasy/spack-stage/spack-stage-c\n            onduit-0.5.1-yqusvbiq2tea2m6drsbodhgnhxivhxdj/spack-build-yqusvbi'\n>> 363    make: *** [all] Error 2\n\nSee build log for details:\n  /var/tmp/koparasy/spack-stage/spack-stage-conduit-0.5.1-yqusvbiq2tea2m6drsbodhgnhxivhxdj/spack-build-out.txt\n\nTraceback (most recent call last):\n  File \"/p/vast1/koparasy/BUILD/spack/lib/spack/spack/build_environment.py\", line 1035, in _setup_pkg_and_run"
]