[
    "np//spack_env_dirvast1//linuxkoparasy-/rhel7BUILD-/broadwellspack_c\n            luster_installer//gccquartz-/9.3.1tasmanian//intelspack_env_dir-/on\n            eapilinux--mklrhel7--2022.0.1broadwell-/gccybvgbcccsivp5pxsjs3wdfva\n            au7mqctx-/9.3.1mkl//intel2022.0.1-/oneapilib-/mklintel64-/2022.0.1l\n            ibmkl_blacs_intelmpi_lp64.so-: ybvgbcccsivp5pxsjs3wdfvaau7mqctxunde\n            fined/ mklreference/ 2022.0.1to/ lib`/MPI_Comm_rankintel64'/\n>> 271    libmkl_blacs_intelmpi_lp64.so: undefined reference to `MPI_Comm_ran\n            k'\n  >> 272    collect2: error: ld returned 1 exit status\n  >> 273    collect2: error: ld returned 1 exit status\n  >> 274    make[2]: *** [tasdream] Error 1\n     275    make[2]: Leaving directory `/tmp/koparasy/spack-stage/spack-stage-t\n            asmanian-5.1-dywvvqk5ipa5rrks3vwzktg6fl2o5vxx/spack-build-dywvvqk'",
    "eapilinux--mklrhel7--2022.0.1broadwell-/gccybvgbcccsivp5pxsjs3wdfva\n            au7mqctx-/9.3.1mkl//intel2022.0.1-/oneapilib-/mklintel64-/2022.0.1l\n            ibmkl_blacs_intelmpi_lp64.so-: ybvgbcccsivp5pxsjs3wdfvaau7mqctxunde\n            fined/ mklreference/ 2022.0.1to/ lib`/MPI_Comm_rankintel64'/\n  >> 271    libmkl_blacs_intelmpi_lp64.so: undefined reference to `MPI_Comm_ran\n            k'\n>> 272    collect2: error: ld returned 1 exit status\n  >> 273    collect2: error: ld returned 1 exit status\n  >> 274    make[2]: *** [tasdream] Error 1\n     275    make[2]: Leaving directory `/tmp/koparasy/spack-stage/spack-stage-t\n            asmanian-5.1-dywvvqk5ipa5rrks3vwzktg6fl2o5vxx/spack-build-dywvvqk'\n  >> 276    make[1]: *** [CMakeFiles/Tasmanian_tasdream.dir/all] Error 2\n     277    make[1]: *** Waiting for unfinished jobs....",
    "au7mqctx-/9.3.1mkl//intel2022.0.1-/oneapilib-/mklintel64-/2022.0.1l\n            ibmkl_blacs_intelmpi_lp64.so-: ybvgbcccsivp5pxsjs3wdfvaau7mqctxunde\n            fined/ mklreference/ 2022.0.1to/ lib`/MPI_Comm_rankintel64'/\n  >> 271    libmkl_blacs_intelmpi_lp64.so: undefined reference to `MPI_Comm_ran\n            k'\n  >> 272    collect2: error: ld returned 1 exit status\n>> 273    collect2: error: ld returned 1 exit status\n  >> 274    make[2]: *** [tasdream] Error 1\n     275    make[2]: Leaving directory `/tmp/koparasy/spack-stage/spack-stage-t\n            asmanian-5.1-dywvvqk5ipa5rrks3vwzktg6fl2o5vxx/spack-build-dywvvqk'\n  >> 276    make[1]: *** [CMakeFiles/Tasmanian_tasdream.dir/all] Error 2\n     277    make[1]: *** Waiting for unfinished jobs....\n  >> 278    make[2]: *** [tasgrid] Error 1",
    "ibmkl_blacs_intelmpi_lp64.so-: ybvgbcccsivp5pxsjs3wdfvaau7mqctxunde\n            fined/ mklreference/ 2022.0.1to/ lib`/MPI_Comm_rankintel64'/\n  >> 271    libmkl_blacs_intelmpi_lp64.so: undefined reference to `MPI_Comm_ran\n            k'\n  >> 272    collect2: error: ld returned 1 exit status\n  >> 273    collect2: error: ld returned 1 exit status\n>> 274    make[2]: *** [tasdream] Error 1\n     275    make[2]: Leaving directory `/tmp/koparasy/spack-stage/spack-stage-t\n            asmanian-5.1-dywvvqk5ipa5rrks3vwzktg6fl2o5vxx/spack-build-dywvvqk'\n  >> 276    make[1]: *** [CMakeFiles/Tasmanian_tasdream.dir/all] Error 2\n     277    make[1]: *** Waiting for unfinished jobs....\n  >> 278    make[2]: *** [tasgrid] Error 1\n     279    make[2]: Leaving directory `/tmp/koparasy/spack-stage/spack-stage-t",
    "k'\n  >> 272    collect2: error: ld returned 1 exit status\n  >> 273    collect2: error: ld returned 1 exit status\n  >> 274    make[2]: *** [tasdream] Error 1\n     275    make[2]: Leaving directory `/tmp/koparasy/spack-stage/spack-stage-t\n            asmanian-5.1-dywvvqk5ipa5rrks3vwzktg6fl2o5vxx/spack-build-dywvvqk'\n>> 276    make[1]: *** [CMakeFiles/Tasmanian_tasdream.dir/all] Error 2\n     277    make[1]: *** Waiting for unfinished jobs....\n  >> 278    make[2]: *** [tasgrid] Error 1\n     279    make[2]: Leaving directory `/tmp/koparasy/spack-stage/spack-stage-t\n            asmanian-5.1-dywvvqk5ipa5rrks3vwzktg6fl2o5vxx/spack-build-dywvvqk'\n  >> 280    make[1]: *** [CMakeFiles/Tasmanian_tasgrid.dir/all] Error 2\n     281    [ 76%] Building CXX object CMakeFiles/Tasmanian_libsparsegrid_share",
    ">> 273    collect2: error: ld returned 1 exit status\n  >> 274    make[2]: *** [tasdream] Error 1\n     275    make[2]: Leaving directory `/tmp/koparasy/spack-stage/spack-stage-t\n            asmanian-5.1-dywvvqk5ipa5rrks3vwzktg6fl2o5vxx/spack-build-dywvvqk'\n  >> 276    make[1]: *** [CMakeFiles/Tasmanian_tasdream.dir/all] Error 2\n     277    make[1]: *** Waiting for unfinished jobs....\n>> 278    make[2]: *** [tasgrid] Error 1\n     279    make[2]: Leaving directory `/tmp/koparasy/spack-stage/spack-stage-t\n            asmanian-5.1-dywvvqk5ipa5rrks3vwzktg6fl2o5vxx/spack-build-dywvvqk'\n  >> 280    make[1]: *** [CMakeFiles/Tasmanian_tasgrid.dir/all] Error 2\n     281    [ 76%] Building CXX object CMakeFiles/Tasmanian_libsparsegrid_share\n            d.dir/SparseGrids/tsgGridLocalPolynomial.cpp.o\n     282    /p/vast1/koparasy/BUILD/head/spack/lib/spack/env/gcc/g++   -DTasman",
    "asmanian-5.1-dywvvqk5ipa5rrks3vwzktg6fl2o5vxx/spack-build-dywvvqk'\n  >> 276    make[1]: *** [CMakeFiles/Tasmanian_tasdream.dir/all] Error 2\n     277    make[1]: *** Waiting for unfinished jobs....\n  >> 278    make[2]: *** [tasgrid] Error 1\n     279    make[2]: Leaving directory `/tmp/koparasy/spack-stage/spack-stage-t\n            asmanian-5.1-dywvvqk5ipa5rrks3vwzktg6fl2o5vxx/spack-build-dywvvqk'\n>> 280    make[1]: *** [CMakeFiles/Tasmanian_tasgrid.dir/all] Error 2\n     281    [ 76%] Building CXX object CMakeFiles/Tasmanian_libsparsegrid_share\n            d.dir/SparseGrids/tsgGridLocalPolynomial.cpp.o\n     282    /p/vast1/koparasy/BUILD/head/spack/lib/spack/env/gcc/g++   -DTasman\n            ian_libsparsegrid_shared_EXPORTS -I/var/tmp/koparasy/spack-stage/sp\n            ack-stage-tasmanian-5.1-dywvvqk5ipa5rrks3vwzktg6fl2o5vxx/spack-src/\n            SparseGrids -I/tmp/koparasy/spack-stage/spack-stage-tasmanian-5.1-d",
    ":::::::\n     302    make[2]: Leaving directory `/tmp/koparasy/spack-stage/spack-stage-t\n            asmanian-5.1-dywvvqk5ipa5rrks3vwzktg6fl2o5vxx/spack-build-dywvvqk'\n     303    [ 94%] Built target Tasmanian_libsparsegrid_shared\n     304    make[1]: Leaving directory `/tmp/koparasy/spack-stage/spack-stage-t\n            asmanian-5.1-dywvvqk5ipa5rrks3vwzktg6fl2o5vxx/spack-build-dywvvqk'\n>> 305    make: *** [all] Error 2\n\nSee build log for details:\n  /var/tmp/koparasy/spack-stage/spack-stage-tasmanian-5.1-dywvvqk5ipa5rrks3vwzktg6fl2o5vxx/spack-build-out.txt\n\nTraceback (most recent call last):\n  File \"/p/vast1/koparasy/BUILD/head/spack/lib/spack/spack/build_environment.py\", line 1035, in _setup_pkg_and_run"
]