[
    "ng)':\n  >> 4261    /tmp/koparasy/spack-stage/spack-stage-binutils-2.36.1-dkyptpbd7wvx\n             bq5b6w4tty7aqr6bvjxq/spack-src/gold/aarch64.cc:4046: undefined ref\n             erence to `gold::Sized_symbol<64>::Value_type gold::Symbol_table::\n             compute_final_value<64>(gold::Sized_symbol<64> const*, gold::Symbo\n             l_table::Compute_final_value_status*) const'\n>> 4262    clang++: error: linker command failed with exit code 1 (use -v to\n             see invocation)\n  >> 4263    make[4]: *** [ld-new] Error 1\n     4264    make[4]: *** Waiting for unfinished jobs....\n     4265    /bin/sh ./libtool  --tag=CC   --mode=compile /p/vast1/koparasy/BUI\n             LD/head/spack/lib/spack/env/oneapi/icx -DHAVE_CONFIG_H -I. -I/var/\n             tmp/koparasy/spack-stage/spack-stage-binutils-2.36.1-dkyptpbd7wvxb",
    "bq5b6w4tty7aqr6bvjxq/spack-src/gold/aarch64.cc:4046: undefined ref\n             erence to `gold::Sized_symbol<64>::Value_type gold::Symbol_table::\n             compute_final_value<64>(gold::Sized_symbol<64> const*, gold::Symbo\n             l_table::Compute_final_value_status*) const'\n  >> 4262    clang++: error: linker command failed with exit code 1 (use -v to\n             see invocation)\n>> 4263    make[4]: *** [ld-new] Error 1\n     4264    make[4]: *** Waiting for unfinished jobs....\n     4265    /bin/sh ./libtool  --tag=CC   --mode=compile /p/vast1/koparasy/BUI\n             LD/head/spack/lib/spack/env/oneapi/icx -DHAVE_CONFIG_H -I. -I/var/\n             tmp/koparasy/spack-stage/spack-stage-binutils-2.36.1-dkyptpbd7wvxb\n             q5b6w4tty7aqr6bvjxq/spack-src/opcodes  -I. -I/var/tmp/koparasy/spa\n             ck-stage/spack-stage-binutils-2.36.1-dkyptpbd7wvxbq5b6w4tty7aqr6bv",
    "bfd -I/var/tmp/koparasy/spack-stage/spack-stage-binutils-2.36.1-dk\n             yptpbd7wvxbq5b6w4tty7aqr6bvjxq/spack-src/opcodes/../include -I/var\n             /tmp/koparasy/spack-stage/spack-stage-binutils-2.36.1-dkyptpbd7wvx\n             bq5b6w4tty7aqr6bvjxq/spack-src/opcodes/../bfd -W -Wall -Wstrict-pr\n             ototypes -Wmissing-prototypes -Wshadow -g -O2 -c tic54x-dis.c  -fP\n             IC -DPIC -o .libs/tic54x-dis.o\n>> 4267    clang++: error: linker command failed with exit code 1 (use -v to\n             see invocation)\n  >> 4268    make[4]: *** [incremental-dump] Error 1\n     4269    make[4]: Leaving directory `/tmp/koparasy/spack-stage/spack-stage-\n             binutils-2.36.1-dkyptpbd7wvxbq5b6w4tty7aqr6bvjxq/spack-src/gold'\n  >> 4270    make[3]: *** [all-recursive] Error 1\n     4271    make[3]: Leaving directory `/tmp/koparasy/spack-stage/spack-stage-",
    "/tmp/koparasy/spack-stage/spack-stage-binutils-2.36.1-dkyptpbd7wvx\n             bq5b6w4tty7aqr6bvjxq/spack-src/opcodes/../bfd -W -Wall -Wstrict-pr\n             ototypes -Wmissing-prototypes -Wshadow -g -O2 -c tic54x-dis.c  -fP\n             IC -DPIC -o .libs/tic54x-dis.o\n  >> 4267    clang++: error: linker command failed with exit code 1 (use -v to\n             see invocation)\n>> 4268    make[4]: *** [incremental-dump] Error 1\n     4269    make[4]: Leaving directory `/tmp/koparasy/spack-stage/spack-stage-\n             binutils-2.36.1-dkyptpbd7wvxbq5b6w4tty7aqr6bvjxq/spack-src/gold'\n  >> 4270    make[3]: *** [all-recursive] Error 1\n     4271    make[3]: Leaving directory `/tmp/koparasy/spack-stage/spack-stage-\n             binutils-2.36.1-dkyptpbd7wvxbq5b6w4tty7aqr6bvjxq/spack-src/gold'\n  >> 4272    make[2]: *** [all] Error 2",
    "IC -DPIC -o .libs/tic54x-dis.o\n  >> 4267    clang++: error: linker command failed with exit code 1 (use -v to\n             see invocation)\n  >> 4268    make[4]: *** [incremental-dump] Error 1\n     4269    make[4]: Leaving directory `/tmp/koparasy/spack-stage/spack-stage-\n             binutils-2.36.1-dkyptpbd7wvxbq5b6w4tty7aqr6bvjxq/spack-src/gold'\n>> 4270    make[3]: *** [all-recursive] Error 1\n     4271    make[3]: Leaving directory `/tmp/koparasy/spack-stage/spack-stage-\n             binutils-2.36.1-dkyptpbd7wvxbq5b6w4tty7aqr6bvjxq/spack-src/gold'\n  >> 4272    make[2]: *** [all] Error 2\n     4273    make[2]: Leaving directory `/tmp/koparasy/spack-stage/spack-stage-\n             binutils-2.36.1-dkyptpbd7wvxbq5b6w4tty7aqr6bvjxq/spack-src/gold'\n  >> 4274    make[1]: *** [all-gold] Error 2",
    ">> 4268    make[4]: *** [incremental-dump] Error 1\n     4269    make[4]: Leaving directory `/tmp/koparasy/spack-stage/spack-stage-\n             binutils-2.36.1-dkyptpbd7wvxbq5b6w4tty7aqr6bvjxq/spack-src/gold'\n  >> 4270    make[3]: *** [all-recursive] Error 1\n     4271    make[3]: Leaving directory `/tmp/koparasy/spack-stage/spack-stage-\n             binutils-2.36.1-dkyptpbd7wvxbq5b6w4tty7aqr6bvjxq/spack-src/gold'\n>> 4272    make[2]: *** [all] Error 2\n     4273    make[2]: Leaving directory `/tmp/koparasy/spack-stage/spack-stage-\n             binutils-2.36.1-dkyptpbd7wvxbq5b6w4tty7aqr6bvjxq/spack-src/gold'\n  >> 4274    make[1]: *** [all-gold] Error 2\n     4275    make[1]: *** Waiting for unfinished jobs....\n     4276    /bin/sh ./libtool  --tag=CC   --mode=compile /p/vast1/koparasy/BUI\n             LD/head/spack/lib/spack/env/oneapi/icx -DHAVE_CONFIG_H -I. -I/var/",
    ">> 4270    make[3]: *** [all-recursive] Error 1\n     4271    make[3]: Leaving directory `/tmp/koparasy/spack-stage/spack-stage-\n             binutils-2.36.1-dkyptpbd7wvxbq5b6w4tty7aqr6bvjxq/spack-src/gold'\n  >> 4272    make[2]: *** [all] Error 2\n     4273    make[2]: Leaving directory `/tmp/koparasy/spack-stage/spack-stage-\n             binutils-2.36.1-dkyptpbd7wvxbq5b6w4tty7aqr6bvjxq/spack-src/gold'\n>> 4274    make[1]: *** [all-gold] Error 2\n     4275    make[1]: *** Waiting for unfinished jobs....\n     4276    /bin/sh ./libtool  --tag=CC   --mode=compile /p/vast1/koparasy/BUI\n             LD/head/spack/lib/spack/env/oneapi/icx -DHAVE_CONFIG_H -I. -I/var/\n             tmp/koparasy/spack-stage/spack-stage-binutils-2.36.1-dkyptpbd7wvxb\n             q5b6w4tty7aqr6bvjxq/spack-src/opcodes  -I. -I/var/tmp/koparasy/spa\n             ck-stage/spack-stage-binutils-2.36.1-dkyptpbd7wvxbq5b6w4tty7aqr6bv",
    "'\n     4382    make[2]: Leaving directory `/tmp/koparasy/spack-stage/spack-stage-\n             binutils-2.36.1-dkyptpbd7wvxbq5b6w4tty7aqr6bvjxq/spack-src/opcodes\n             '\n     4383    make[1]: Leaving directory `/tmp/koparasy/spack-stage/spack-stage-\n             binutils-2.36.1-dkyptpbd7wvxbq5b6w4tty7aqr6bvjxq/spack-src'\n>> 4384    make: *** [all] Error 2\n\nSee build log for details:\n  /var/tmp/koparasy/spack-stage/spack-stage-binutils-2.36.1-dkyptpbd7wvxbq5b6w4tty7aqr6bvjxq/spack-build-out.txt\n\nTraceback (most recent call last):\n  File \"/p/vast1/koparasy/BUILD/head/spack/lib/spack/spack/build_environment.py\", line 1035, in _setup_pkg_and_run"
]