[
    "124                     from /tmp/koparasy/spack-stage/spack-stage-vtk-h-0\n            .6.7-dvru3jp2g27llexpdw7f7wprol67zweh/spack-src/src/vtkh/vtkm_filte\n            rs/vtkmClip.cpp:1:\n  >> 125    /p/vast1/koparasy/BUILD/spack_cluster_installer/quartz/ascent/spack\n            _env_dir/linux-rhel7-broadwell/gcc-8.3.1/vtk-m-1.6.0-b77d27rzqzlu7f\n            mbn6ao6vzpnwkzwlib/include/vtkm-1.6/vtkm/cont/ImplicitFunctionHandl\ne.h:17:2: error: #error \"ImplicitFunction with virtual methods is r\n            emoved. Do not include ImplicitFunctionHeader.h\"\n     126     #error \"ImplicitFunction with virtual methods is removed. Do not i\n            nclude ImplicitFunctionHeader.h\"\n     127      ^~~~~\n  >> 128    /p/vast1/koparasy/BUILD/spack_cluster_installer/quartz/ascent/spack\n            _env_dir/linux-rhel7-broadwell/gcc-8.3.1/vtk-m-1.6.0-b77d27rzqzlu7f",
    "126     #error \"ImplicitFunction with virtual methods is removed. Do not i\n            nclude ImplicitFunctionHeader.h\"\n     127      ^~~~~\n  >> 128    /p/vast1/koparasy/BUILD/spack_cluster_installer/quartz/ascent/spack\n            _env_dir/linux-rhel7-broadwell/gcc-8.3.1/vtk-m-1.6.0-b77d27rzqzlu7f\n            mbn6ao6vzpnwkzwlib/include/vtkm-1.6/vtkm/cont/ImplicitFunctionHandl\ne.h:33:1: error: expected class-name before '{' token\n     129     {\n     130     ^\n  >> 131    /p/vast1/koparasy/BUILD/spack_cluster_installer/quartz/ascent/spack\n            _env_dir/linux-rhel7-broadwell/gcc-8.3.1/vtk-m-1.6.0-b77d27rzqzlu7f\n            mbn6ao6vzpnwkzwlib/include/vtkm-1.6/vtkm/cont/ImplicitFunctionHandl\n            e.h:48:26: error: 'Scalar' does not name a type; did you mean 'scal",
    "e.h:33:1: error: expected class-name before '{' token\n     129     {\n     130     ^\n  >> 131    /p/vast1/koparasy/BUILD/spack_cluster_installer/quartz/ascent/spack\n            _env_dir/linux-rhel7-broadwell/gcc-8.3.1/vtk-m-1.6.0-b77d27rzqzlu7f\n            mbn6ao6vzpnwkzwlib/include/vtkm-1.6/vtkm/cont/ImplicitFunctionHandl\ne.h:48:26: error: 'Scalar' does not name a type; did you mean 'scal\n            bl'?\n     132       VTKM_EXEC_CONT virtual Scalar Value(const Vector& point) const o\n            verride\n     133                              ^~~~~~\n     134                              scalbl\n  >> 135    /p/vast1/koparasy/BUILD/spack_cluster_installer/quartz/ascent/spack",
    "verride\n     133                              ^~~~~~\n     134                              scalbl\n  >> 135    /p/vast1/koparasy/BUILD/spack_cluster_installer/quartz/ascent/spack\n            _env_dir/linux-rhel7-broadwell/gcc-8.3.1/vtk-m-1.6.0-b77d27rzqzlu7f\n            mbn6ao6vzpnwkzwlib/include/vtkm-1.6/vtkm/cont/ImplicitFunctionHandl\ne.h:53:26: error: 'Vector' does not name a type; did you mean 'Vec4\n            ui'?\n     136       VTKM_EXEC_CONT virtual Vector Gradient(const Vector& point) cons\n            t override\n     137                              ^~~~~~\n     138                              Vec4ui\n  >> 139    /p/vast1/koparasy/BUILD/spack_cluster_installer/quartz/ascent/spack",
    "t override\n     137                              ^~~~~~\n     138                              Vec4ui\n  >> 139    /p/vast1/koparasy/BUILD/spack_cluster_installer/quartz/ascent/spack\n            _env_dir/linux-rhel7-broadwell/gcc-8.3.1/vtk-m-1.6.0-b77d27rzqzlu7f\n            mbn6ao6vzpnwkzwlib/include/vtkm-1.6/vtkm/cont/ImplicitFunctionHandl\ne.h:64:73: error: 'ImplicitFunction' is not a member of 'vtkm'\n     140       ImplicitFunctionHandle : public vtkm::cont::VirtualObjectHandle<\n            vtkm::ImplicitFunction>\n     141\n                  ^~~~~~~~~~~~~~~~\n     142    /p/vast1/koparasy/BUILD/spack_cluster_installer/quartz/ascent/spack\n            _env_dir/linux-rhel7-broadwell/gcc-8.3.1/vtk-m-1.6.0-b77d27rzqzlu7f",
    "^~~~~~~~~~~~~~~~\n     145\n                  ImplicitFunctionGeneral\n  >> 146    /p/vast1/koparasy/BUILD/spack_cluster_installer/quartz/ascent/spack\n            _env_dir/linux-rhel7-broadwell/gcc-8.3.1/vtk-m-1.6.0-b77d27rzqzlu7f\n            mbn6ao6vzpnwkzwlib/include/vtkm-1.6/vtkm/cont/ImplicitFunctionHandl\ne.h:64:73: error: 'ImplicitFunction' is not a member of 'vtkm'\n     147    /p/vast1/koparasy/BUILD/spack_cluster_installer/quartz/ascent/spack\n            _env_dir/linux-rhel7-broadwell/gcc-8.3.1/vtk-m-1.6.0-b77d27rzqzlu7f\n            mbn6ao6vzpnwkzwlib/include/vtkm-1.6/vtkm/cont/ImplicitFunctionHandl\n            e.h:64:73: note: suggested alternative: 'ImplicitFunctionGeneral'\n     148       ImplicitFunctionHandle : public vtkm::cont::VirtualObjectHandle<\n            vtkm::ImplicitFunction>",
    "^~~~~~~~~~~~~~~~\n     150\n                  ImplicitFunctionGeneral\n  >> 151    /p/vast1/koparasy/BUILD/spack_cluster_installer/quartz/ascent/spack\n            _env_dir/linux-rhel7-broadwell/gcc-8.3.1/vtk-m-1.6.0-b77d27rzqzlu7f\n            mbn6ao6vzpnwkzwlib/include/vtkm-1.6/vtkm/cont/ImplicitFunctionHandl\ne.h:64:89: error: template argument 1 is invalid\n     152       ImplicitFunctionHandle : public vtkm::cont::VirtualObjectHandle<\n            vtkm::ImplicitFunction>\n     153\n                                  ^\n  >> 154    /p/vast1/koparasy/BUILD/spack_cluster_installer/quartz/ascent/spack\n            _env_dir/linux-rhel7-broadwell/gcc-8.3.1/vtk-m-1.6.0-b77d27rzqzlu7f",
    "vtkm::ImplicitFunction>\n     153\n                                  ^\n  >> 154    /p/vast1/koparasy/BUILD/spack_cluster_installer/quartz/ascent/spack\n            _env_dir/linux-rhel7-broadwell/gcc-8.3.1/vtk-m-1.6.0-b77d27rzqzlu7f\n            mbn6ao6vzpnwkzwlib/include/vtkm-1.6/vtkm/cont/ImplicitFunctionHandl\ne.h:67:60: error: 'ImplicitFunction' is not a member of 'vtkm'\n     155       using Superclass = vtkm::cont::VirtualObjectHandle<vtkm::Implici\n            tFunction>;\n     156                                                                ^~~~~~~\n            ~~~~~~~~~\n     157    /p/vast1/koparasy/BUILD/spack_cluster_installer/quartz/ascent/spack\n            _env_dir/linux-rhel7-broadwell/gcc-8.3.1/vtk-m-1.6.0-b77d27rzqzlu7f",
    "~~~~~~~~~\n     160                                                                Implici\n            tFunctionGeneral\n  >> 161    /p/vast1/koparasy/BUILD/spack_cluster_installer/quartz/ascent/spack\n            _env_dir/linux-rhel7-broadwell/gcc-8.3.1/vtk-m-1.6.0-b77d27rzqzlu7f\n            mbn6ao6vzpnwkzwlib/include/vtkm-1.6/vtkm/cont/ImplicitFunctionHandl\ne.h:67:60: error: 'ImplicitFunction' is not a member of 'vtkm'\n     162    /p/vast1/koparasy/BUILD/spack_cluster_installer/quartz/ascent/spack\n            _env_dir/linux-rhel7-broadwell/gcc-8.3.1/vtk-m-1.6.0-b77d27rzqzlu7f\n            mbn6ao6vzpnwkzwlib/include/vtkm-1.6/vtkm/cont/ImplicitFunctionHandl\n            e.h:67:60: note: suggested alternative: 'ImplicitFunctionGeneral'\n     163       using Superclass = vtkm::cont::VirtualObjectHandle<vtkm::Implici\n            tFunction>;",
    "~~~~~~~~~\n     165                                                                Implici\n            tFunctionGeneral\n  >> 166    /p/vast1/koparasy/BUILD/spack_cluster_installer/quartz/ascent/spack\n            _env_dir/linux-rhel7-broadwell/gcc-8.3.1/vtk-m-1.6.0-b77d27rzqzlu7f\n            mbn6ao6vzpnwkzwlib/include/vtkm-1.6/vtkm/cont/ImplicitFunctionHandl\ne.h:67:76: error: template argument 1 is invalid\n     167       using Superclass = vtkm::cont::VirtualObjectHandle<vtkm::Implici\n            tFunction>;\n     168\n                     ^\n  >> 169    /p/vast1/koparasy/BUILD/spack_cluster_installer/quartz/ascent/spack\n            _env_dir/linux-rhel7-broadwell/gcc-8.3.1/vtk-m-1.6.0-b77d27rzqzlu7f",
    "tFunction>;\n     168\n                     ^\n  >> 169    /p/vast1/koparasy/BUILD/spack_cluster_installer/quartz/ascent/spack\n            _env_dir/linux-rhel7-broadwell/gcc-8.3.1/vtk-m-1.6.0-b77d27rzqzlu7f\n            mbn6ao6vzpnwkzwlib/include/vtkm-1.6/vtkm/cont/ImplicitFunctionHandl\ne.h:75:37: error: 'ImplicitFunction' is not a member of 'vtkm'\n     170                   std::is_base_of<vtkm::ImplicitFunction, VirtualDeriv\n            edType>::value>::type>\n     171                                         ^~~~~~~~~~~~~~~~\n     172    /p/vast1/koparasy/BUILD/spack_cluster_installer/quartz/ascent/spack\n            _env_dir/linux-rhel7-broadwell/gcc-8.3.1/vtk-m-1.6.0-b77d27rzqzlu7f\n            mbn6ao6vzpnwkzwlib/include/vtkm-1.6/vtkm/cont/ImplicitFunctionHandl",
    "edType>::value>::type>\n     174                                         ^~~~~~~~~~~~~~~~\n     175                                         ImplicitFunctionGeneral\n  >> 176    /p/vast1/koparasy/BUILD/spack_cluster_installer/quartz/ascent/spack\n            _env_dir/linux-rhel7-broadwell/gcc-8.3.1/vtk-m-1.6.0-b77d27rzqzlu7f\n            mbn6ao6vzpnwkzwlib/include/vtkm-1.6/vtkm/cont/ImplicitFunctionHandl\ne.h:75:37: error: 'ImplicitFunction' is not a member of 'vtkm'\n     177    /p/vast1/koparasy/BUILD/spack_cluster_installer/quartz/ascent/spack\n            _env_dir/linux-rhel7-broadwell/gcc-8.3.1/vtk-m-1.6.0-b77d27rzqzlu7f\n            mbn6ao6vzpnwkzwlib/include/vtkm-1.6/vtkm/cont/ImplicitFunctionHandl\n            e.h:75:37: note: suggested alternative: 'ImplicitFunctionGeneral'\n     178                   std::is_base_of<vtkm::ImplicitFunction, VirtualDeriv\n            edType>::value>::type>",
    "edType>::value>::type>\n     179                                         ^~~~~~~~~~~~~~~~\n     180                                         ImplicitFunctionGeneral\n  >> 181    /p/vast1/koparasy/BUILD/spack_cluster_installer/quartz/ascent/spack\n            _env_dir/linux-rhel7-broadwell/gcc-8.3.1/vtk-m-1.6.0-b77d27rzqzlu7f\n            mbn6ao6vzpnwkzwlib/include/vtkm-1.6/vtkm/cont/ImplicitFunctionHandl\ne.h:75:73: error: template argument 1 is invalid\n     182                   std::is_base_of<vtkm::ImplicitFunction, VirtualDeriv\n            edType>::value>::type>\n     183\n                  ^\n  >> 184    /p/vast1/koparasy/BUILD/spack_cluster_installer/quartz/ascent/spack\n            _env_dir/linux-rhel7-broadwell/gcc-8.3.1/vtk-m-1.6.0-b77d27rzqzlu7f",
    "edType>::value>::type>\n     183\n                  ^\n  >> 184    /p/vast1/koparasy/BUILD/spack_cluster_installer/quartz/ascent/spack\n            _env_dir/linux-rhel7-broadwell/gcc-8.3.1/vtk-m-1.6.0-b77d27rzqzlu7f\n            mbn6ao6vzpnwkzwlib/include/vtkm-1.6/vtkm/cont/ImplicitFunctionHandl\ne.h:75:81: error: template argument 1 is invalid\n     185                   std::is_base_of<vtkm::ImplicitFunction, VirtualDeriv\n            edType>::value>::type>\n     186\n                          ^\n  >> 187    /p/vast1/koparasy/BUILD/spack_cluster_installer/quartz/ascent/spack\n            _env_dir/linux-rhel7-broadwell/gcc-8.3.1/vtk-m-1.6.0-b77d27rzqzlu7f",
    "edType>::value>::type>\n     186\n                          ^\n  >> 187    /p/vast1/koparasy/BUILD/spack_cluster_installer/quartz/ascent/spack\n            _env_dir/linux-rhel7-broadwell/gcc-8.3.1/vtk-m-1.6.0-b77d27rzqzlu7f\n            mbn6ao6vzpnwkzwlib/include/vtkm-1.6/vtkm/cont/ImplicitFunctionHandl\ne.h:119:37: error: 'ImplicitFunction' is not a member of 'vtkm'\n     188                   std::is_base_of<vtkm::ImplicitFunction, VirtualDeriv\n            edType>::value>::type>\n     189                                         ^~~~~~~~~~~~~~~~\n     190    /p/vast1/koparasy/BUILD/spack_cluster_installer/quartz/ascent/spack\n            _env_dir/linux-rhel7-broadwell/gcc-8.3.1/vtk-m-1.6.0-b77d27rzqzlu7f\n            mbn6ao6vzpnwkzwlib/include/vtkm-1.6/vtkm/cont/ImplicitFunctionHandl",
    "edType>::value>::type>\n     192                                         ^~~~~~~~~~~~~~~~\n     193                                         ImplicitFunctionGeneral\n  >> 194    /p/vast1/koparasy/BUILD/spack_cluster_installer/quartz/ascent/spack\n            _env_dir/linux-rhel7-broadwell/gcc-8.3.1/vtk-m-1.6.0-b77d27rzqzlu7f\n            mbn6ao6vzpnwkzwlib/include/vtkm-1.6/vtkm/cont/ImplicitFunctionHandl\ne.h:119:37: error: 'ImplicitFunction' is not a member of 'vtkm'\n     195    /p/vast1/koparasy/BUILD/spack_cluster_installer/quartz/ascent/spack\n            _env_dir/linux-rhel7-broadwell/gcc-8.3.1/vtk-m-1.6.0-b77d27rzqzlu7f\n            mbn6ao6vzpnwkzwlib/include/vtkm-1.6/vtkm/cont/ImplicitFunctionHandl\n            e.h:119:37: note: suggested alternative: 'ImplicitFunctionGeneral'\n     196                   std::is_base_of<vtkm::ImplicitFunction, VirtualDeriv\n            edType>::value>::type>",
    "edType>::value>::type>\n     197                                         ^~~~~~~~~~~~~~~~\n     198                                         ImplicitFunctionGeneral\n  >> 199    /p/vast1/koparasy/BUILD/spack_cluster_installer/quartz/ascent/spack\n            _env_dir/linux-rhel7-broadwell/gcc-8.3.1/vtk-m-1.6.0-b77d27rzqzlu7f\n            mbn6ao6vzpnwkzwlib/include/vtkm-1.6/vtkm/cont/ImplicitFunctionHandl\ne.h:119:73: error: template argument 1 is invalid\n     200                   std::is_base_of<vtkm::ImplicitFunction, VirtualDeriv\n            edType>::value>::type>\n     201\n                  ^\n  >> 202    /p/vast1/koparasy/BUILD/spack_cluster_installer/quartz/ascent/spack\n            _env_dir/linux-rhel7-broadwell/gcc-8.3.1/vtk-m-1.6.0-b77d27rzqzlu7f",
    "edType>::value>::type>\n     201\n                  ^\n  >> 202    /p/vast1/koparasy/BUILD/spack_cluster_installer/quartz/ascent/spack\n            _env_dir/linux-rhel7-broadwell/gcc-8.3.1/vtk-m-1.6.0-b77d27rzqzlu7f\n            mbn6ao6vzpnwkzwlib/include/vtkm-1.6/vtkm/cont/ImplicitFunctionHandl\ne.h:119:81: error: template argument 1 is invalid\n     203                   std::is_base_of<vtkm::ImplicitFunction, VirtualDeriv\n            edType>::value>::type>\n     204\n                          ^\n     205    /p/vast1/koparasy/BUILD/spack_cluster_installer/quartz/ascent/spack\n            _env_dir/linux-rhel7-broadwell/gcc-8.3.1/vtk-m-1.6.0-b77d27rzqzlu7f",
    "mbn6ao6vzpnwkzwlib/include/vtkm-1.6/vtkm/cont/ImplicitFunctionHandl\n            e.h: In constructor 'vtkm::cont::ImplicitFunctionHandle::ImplicitFu\n            nctionHandle(VirtualDerivedType*, bool, DeviceAdapterList)':\n  >> 206    /p/vast1/koparasy/BUILD/spack_cluster_installer/quartz/ascent/spack\n            _env_dir/linux-rhel7-broadwell/gcc-8.3.1/vtk-m-1.6.0-b77d27rzqzlu7f\n            mbn6ao6vzpnwkzwlib/include/vtkm-1.6/vtkm/cont/ImplicitFunctionHandl\ne.h:79:7: error: class 'vtkm::cont::ImplicitFunctionHandle' does no\n            t have any field named 'Superclass'\n     207         : Superclass(function, acquireOwnership, devices)\n     208           ^~~~~~~~~~\n     209    /p/vast1/koparasy/BUILD/spack_cluster_installer/quartz/ascent/spack\n            _env_dir/linux-rhel7-broadwell/gcc-8.3.1/vtk-m-1.6.0-b77d27rzqzlu7f\n            mbn6ao6vzpnwkzwlib/include/vtkm-1.6/vtkm/cont/ImplicitFunctionHandl",
    "e.h: In constructor 'vtkm::cont::ImplicitFunctionHandle::ImplicitFu\n            nctionHandle(vtkm::internal::ImplicitFunctionBase<FunctionType>*, b\n            ool, DeviceAdapterList)':\n  >> 210    /p/vast1/koparasy/BUILD/spack_cluster_installer/quartz/ascent/spack\n            _env_dir/linux-rhel7-broadwell/gcc-8.3.1/vtk-m-1.6.0-b77d27rzqzlu7f\n            mbn6ao6vzpnwkzwlib/include/vtkm-1.6/vtkm/cont/ImplicitFunctionHandl\ne.h:89:7: error: class 'vtkm::cont::ImplicitFunctionHandle' does no\n            t have any field named 'Superclass'\n     211         : Superclass(new detail::ImplicitFunctionBaseExecWrapper<Impli\n            citFunctionType>(\n     212           ^~~~~~~~~~\n     213    /p/vast1/koparasy/BUILD/spack_cluster_installer/quartz/ascent/spack\n            _env_dir/linux-rhel7-broadwell/gcc-8.3.1/vtk-m-1.6.0-b77d27rzqzlu7f",
    "mbn6ao6vzpnwkzwlib/include/vtkm-1.6/vtkm/cont/ImplicitFunctionHandl\n            e.h: In member function 'void vtkm::cont::ImplicitFunctionHandle::R\n            eset(VirtualDerivedType*, bool, DeviceAdapterList)':\n  >> 214    /p/vast1/koparasy/BUILD/spack_cluster_installer/quartz/ascent/spack\n            _env_dir/linux-rhel7-broadwell/gcc-8.3.1/vtk-m-1.6.0-b77d27rzqzlu7f\n            mbn6ao6vzpnwkzwlib/include/vtkm-1.6/vtkm/cont/ImplicitFunctionHandl\ne.h:124:11: error: 'vtkm::cont::ImplicitFunctionHandle::Superclass'\n             has not been declared\n     215         this->Superclass::Reset(derived, acquireOwnership, devices);\n     216               ^~~~~~~~~~\n     217    /p/vast1/koparasy/BUILD/spack_cluster_installer/quartz/ascent/spack\n            _env_dir/linux-rhel7-broadwell/gcc-8.3.1/vtk-m-1.6.0-b77d27rzqzlu7f\n            mbn6ao6vzpnwkzwlib/include/vtkm-1.6/vtkm/cont/ImplicitFunctionHandl",
    "_env_dir/linux-rhel7-broadwell/gcc-8.3.1/vtk-m-1.6.0-b77d27rzqzlu7f\n            mbn6ao6vzpnwkzwlib/include/vtkm-1.6/vtkm/cont/ImplicitFunctionHandl\n            e.h: At global scope:\n  >> 218    /p/vast1/koparasy/BUILD/spack_cluster_installer/quartz/ascent/spack\n            _env_dir/linux-rhel7-broadwell/gcc-8.3.1/vtk-m-1.6.0-b77d27rzqzlu7f\n            mbn6ao6vzpnwkzwlib/include/vtkm-1.6/vtkm/cont/ImplicitFunctionHandl\ne.h:192:9: error: 'ImplicitFunctionValue' in namespace 'vtkm' does\n            not name a type\n     219       vtkm::ImplicitFunctionValue PrepareForExecution(vtkm::cont::Devi\n            ceAdapterId device,\n     220             ^~~~~~~~~~~~~~~~~~~~~\n     221    /p/vast1/koparasy/BUILD/spack_cluster_installer/quartz/ascent/spack\n            _env_dir/linux-rhel7-broadwell/gcc-8.3.1/vtk-m-1.6.0-b77d27rzqzlu7f",
    "ceAdapterId device,\n     223       ^~~~\n     224       ImplicitFunctionGeneral\n  >> 225    /p/vast1/koparasy/BUILD/spack_cluster_installer/quartz/ascent/spack\n            _env_dir/linux-rhel7-broadwell/gcc-8.3.1/vtk-m-1.6.0-b77d27rzqzlu7f\n            mbn6ao6vzpnwkzwlib/include/vtkm-1.6/vtkm/cont/ImplicitFunctionHandl\ne.h:198:19: error: 'ImplicitFunctionValue' in namespace 'vtkm' does\n             not name a type\n     226       VTKM_CONT vtkm::ImplicitFunctionValue PrepareForControl() const\n     227                       ^~~~~~~~~~~~~~~~~~~~~\n     228    /p/vast1/koparasy/BUILD/spack_cluster_installer/quartz/ascent/spack\n            _env_dir/linux-rhel7-broadwell/gcc-8.3.1/vtk-m-1.6.0-b77d27rzqzlu7f\n            mbn6ao6vzpnwkzwlib/include/vtkm-1.6/vtkm/cont/ImplicitFunctionHandl",
    "odepng-1.6.a -lrt\n     306    make[2]: Leaving directory `/tmp/koparasy/spack-stage/spack-stage-v\n            tk-h-0.6.7-dvru3jp2g27llexpdw7f7wprol67zweh/spack-src/spack-build'\n     307    [ 12%] Built target vtkh_utils_mpi\n     308    make[1]: Leaving directory `/tmp/koparasy/spack-stage/spack-stage-v\n            tk-h-0.6.7-dvru3jp2g27llexpdw7f7wprol67zweh/spack-src/spack-build'\n>> 309    make: *** [all] Error 2\n\nSee build log for details:\n  /var/tmp/koparasy/spack-stage/spack-stage-vtk-h-0.6.7-dvru3jp2g27llexpdw7f7wprol67zweh/spack-build-out.txt\n\nTraceback (most recent call last):\n  File \"/p/vast1/koparasy/BUILD/spack/lib/spack/spack/build_environment.py\", line 1035, in _setup_pkg_and_run"
]