[
    "411     gcc: _configtest.c\n\n     ...\n\n     770         3 | #pragma clang diagnostic error \"-Wattributes\"\n     771           |\n772     _configtest.c:5:5: warning: function declaration isn't a prototype\n              [-Wstrict-prototypes]\n     773         5 | int __declspec(thread) foo;\n     774           |     ^~~~~~~~~~\n     775     _configtest.c: In function '__declspec':\n  >> 776     _configtest.c:5:24: error: expected declaration specifiers before\n             'foo'",
    "777         5 | int __declspec(thread) foo;\n     778           |                        ^~~\n  >> 779     _configtest.c:9:1: error: expected '=', ',', ';', 'asm' or '__attr\n             ibute__' before '{' token\n     780         9 | {\n     781           | ^\n782     _configtest.c:5:5: warning: type of 'thread' defaults to 'int' [-W\n             implicit-int]\n     783         5 | int __declspec(thread) foo;\n     784           |     ^~~~~~~~~~\n  >> 785     _configtest.c:11: error: expected '{' at end of input\n     786        11 | }\n     787           |",
    "implicit-int]\n     783         5 | int __declspec(thread) foo;\n     784           |     ^~~~~~~~~~\n  >> 785     _configtest.c:11: error: expected '{' at end of input\n     786        11 | }\n     787           |\n788     _configtest.c:11: warning: control reaches end of non-void functio\n             n [-Wreturn-type]\n     789        11 | }\n     790           |\n     791     _configtest.c:3: warning: ignoring #pragma clang diagnostic [-Wunk\n             nown-pragmas]\n     792         3 | #pragma clang diagnostic error \"-Wattributes\"",
    "786        11 | }\n     787           |\n     788     _configtest.c:11: warning: control reaches end of non-void functio\n             n [-Wreturn-type]\n     789        11 | }\n     790           |\n791     _configtest.c:3: warning: ignoring #pragma clang diagnostic [-Wunk\n             nown-pragmas]\n     792         3 | #pragma clang diagnostic error \"-Wattributes\"\n     793           |\n     794     _configtest.c:5:5: warning: function declaration isn't a prototype\n              [-Wstrict-prototypes]\n     795         5 | int __declspec(thread) foo;",
    "789        11 | }\n     790           |\n     791     _configtest.c:3: warning: ignoring #pragma clang diagnostic [-Wunk\n             nown-pragmas]\n     792         3 | #pragma clang diagnostic error \"-Wattributes\"\n     793           |\n794     _configtest.c:5:5: warning: function declaration isn't a prototype\n              [-Wstrict-prototypes]\n     795         5 | int __declspec(thread) foo;\n     796           |     ^~~~~~~~~~\n     797     _configtest.c: In function '__declspec':\n  >> 798     _configtest.c:5:24: error: expected declaration specifiers before\n             'foo'",
    "799         5 | int __declspec(thread) foo;\n     800           |                        ^~~\n  >> 801     _configtest.c:9:1: error: expected '=', ',', ';', 'asm' or '__attr\n             ibute__' before '{' token\n     802         9 | {\n     803           | ^\n804     _configtest.c:5:5: warning: type of 'thread' defaults to 'int' [-W\n             implicit-int]\n     805         5 | int __declspec(thread) foo;\n     806           |     ^~~~~~~~~~\n  >> 807     _configtest.c:11: error: expected '{' at end of input\n     808        11 | }\n     809           |",
    "implicit-int]\n     805         5 | int __declspec(thread) foo;\n     806           |     ^~~~~~~~~~\n  >> 807     _configtest.c:11: error: expected '{' at end of input\n     808        11 | }\n     809           |\n810     _configtest.c:11: warning: control reaches end of non-void functio\n             n [-Wreturn-type]\n     811        11 | }\n     812           |\n     813     failure.\n\n     ...",
    "st.o -o _configtest\n     96      /usr/tce/packages/gcc/gcc-9.3.1/rh/usr/bin/../libexec/gcc/x86_64-r\n             edhat-linux/9/ld: _configtest.o: in function `main':\n  >> 97      /tmp/koparasy/spack-stage/spack-stage-py-numpy-1.10.4-2obpw3xtdms5\n             37zruka7d6yduxjcdinq/spack-src/_configtest.c:6: undefined referenc\n             e to `exp'\n>> 98      collect2: error: ld returned 1 exit status\n     99      /usr/tce/packages/gcc/gcc-9.3.1/rh/usr/bin/../libexec/gcc/x86_64-r\n             edhat-linux/9/ld: _configtest.o: in function `main':\n  >> 100     /tmp/koparasy/spack-stage/spack-stage-py-numpy-1.10.4-2obpw3xtdms5\n             37zruka7d6yduxjcdinq/spack-src/_configtest.c:6: undefined referenc\n             e to `exp'\n  >> 101     collect2: error: ld returned 1 exit status",
    ">> 98      collect2: error: ld returned 1 exit status\n     99      /usr/tce/packages/gcc/gcc-9.3.1/rh/usr/bin/../libexec/gcc/x86_64-r\n             edhat-linux/9/ld: _configtest.o: in function `main':\n  >> 100     /tmp/koparasy/spack-stage/spack-stage-py-numpy-1.10.4-2obpw3xtdms5\n             37zruka7d6yduxjcdinq/spack-src/_configtest.c:6: undefined referenc\n             e to `exp'\n>> 101     collect2: error: ld returned 1 exit status\n     102     failure.\n     103     removing: _configtest.c _configtest.o\n     104     C compiler: /p/vast1/koparasy/BUILD/head/spack/lib/spack/env/gcc/g\n             cc -fno-strict-aliasing -fPIC -DNDEBUG -g -fwrapv -O3 -Wall -Wstri\n             ct-prototypes -fPIC\n     105",
    "y/core/src/umath -Inumpy/core/src/npysort -I/p/vast1/koparasy/BUIL\n             D/spack_cluster_installer/quartz/py-petsc4py/spack_env_dir/linux-r\n             hel7-broadwell/gcc-9.3.1/python-2.7.18-fhyuossqnn72elgmimlggs2rn3p\n             fsqnd/include/python2.7 -c'\n     254     gcc: _configtest.c\n     255     _configtest.c: In function 'main':\n>> 256     _configtest.c:7:12: error: 'SIZEOF_LONGDOUBLE' undeclared (first u\n             se in this function); did you mean 'SIZEOF_LONG_DOUBLE'?\n     257         7 |     (void) SIZEOF_LONGDOUBLE;\n     258           |            ^~~~~~~~~~~~~~~~~\n     259           |            SIZEOF_LONG_DOUBLE\n     260     _configtest.c:7:12: note: each undeclared identifier is reported o\n             nly once for each function it appears in",
    "257         7 |     (void) SIZEOF_LONGDOUBLE;\n     258           |            ^~~~~~~~~~~~~~~~~\n     259           |            SIZEOF_LONG_DOUBLE\n     260     _configtest.c:7:12: note: each undeclared identifier is reported o\n             nly once for each function it appears in\n     261     _configtest.c: In function 'main':\n>> 262     _configtest.c:7:12: error: 'SIZEOF_LONGDOUBLE' undeclared (first u\n             se in this function); did you mean 'SIZEOF_LONG_DOUBLE'?\n     263         7 |     (void) SIZEOF_LONGDOUBLE;\n     264           |            ^~~~~~~~~~~~~~~~~\n     265           |            SIZEOF_LONG_DOUBLE\n     266     _configtest.c:7:12: note: each undeclared identifier is reported o\n             nly once for each function it appears in",
    "st.o -o _configtest\n     400     /usr/tce/packages/gcc/gcc-9.3.1/rh/usr/bin/../libexec/gcc/x86_64-r\n             edhat-linux/9/ld: _configtest.o: in function `main':\n  >> 401     /tmp/koparasy/spack-stage/spack-stage-py-numpy-1.10.4-2obpw3xtdms5\n             37zruka7d6yduxjcdinq/spack-src/_configtest.c:6: undefined referenc\n             e to `exp'\n>> 402     collect2: error: ld returned 1 exit status\n     403     /usr/tce/packages/gcc/gcc-9.3.1/rh/usr/bin/../libexec/gcc/x86_64-r\n             edhat-linux/9/ld: _configtest.o: in function `main':\n  >> 404     /tmp/koparasy/spack-stage/spack-stage-py-numpy-1.10.4-2obpw3xtdms5\n             37zruka7d6yduxjcdinq/spack-src/_configtest.c:6: undefined referenc\n             e to `exp'\n  >> 405     collect2: error: ld returned 1 exit status",
    ">> 402     collect2: error: ld returned 1 exit status\n     403     /usr/tce/packages/gcc/gcc-9.3.1/rh/usr/bin/../libexec/gcc/x86_64-r\n             edhat-linux/9/ld: _configtest.o: in function `main':\n  >> 404     /tmp/koparasy/spack-stage/spack-stage-py-numpy-1.10.4-2obpw3xtdms5\n             37zruka7d6yduxjcdinq/spack-src/_configtest.c:6: undefined referenc\n             e to `exp'\n>> 405     collect2: error: ld returned 1 exit status\n     406     failure.\n     407     removing: _configtest.c _configtest.o\n     408     C compiler: /p/vast1/koparasy/BUILD/head/spack/lib/spack/env/gcc/g\n             cc -fno-strict-aliasing -fPIC -DNDEBUG -g -fwrapv -O3 -Wall -Wstri\n             ct-prototypes -fPIC\n     409",
    "771           |\n     772     _configtest.c:5:5: warning: function declaration isn't a prototype\n              [-Wstrict-prototypes]\n     773         5 | int __declspec(thread) foo;\n     774           |     ^~~~~~~~~~\n     775     _configtest.c: In function '__declspec':\n>> 776     _configtest.c:5:24: error: expected declaration specifiers before\n             'foo'\n     777         5 | int __declspec(thread) foo;\n     778           |                        ^~~\n  >> 779     _configtest.c:9:1: error: expected '=', ',', ';', 'asm' or '__attr\n             ibute__' before '{' token\n     780         9 | {",
    "774           |     ^~~~~~~~~~\n     775     _configtest.c: In function '__declspec':\n  >> 776     _configtest.c:5:24: error: expected declaration specifiers before\n             'foo'\n     777         5 | int __declspec(thread) foo;\n     778           |                        ^~~\n>> 779     _configtest.c:9:1: error: expected '=', ',', ';', 'asm' or '__attr\n             ibute__' before '{' token\n     780         9 | {\n     781           | ^\n     782     _configtest.c:5:5: warning: type of 'thread' defaults to 'int' [-W\n             implicit-int]\n     783         5 | int __declspec(thread) foo;",
    "780         9 | {\n     781           | ^\n     782     _configtest.c:5:5: warning: type of 'thread' defaults to 'int' [-W\n             implicit-int]\n     783         5 | int __declspec(thread) foo;\n     784           |     ^~~~~~~~~~\n>> 785     _configtest.c:11: error: expected '{' at end of input\n     786        11 | }\n     787           |\n     788     _configtest.c:11: warning: control reaches end of non-void functio\n             n [-Wreturn-type]\n     789        11 | }\n     790           |",
    "793           |\n     794     _configtest.c:5:5: warning: function declaration isn't a prototype\n              [-Wstrict-prototypes]\n     795         5 | int __declspec(thread) foo;\n     796           |     ^~~~~~~~~~\n     797     _configtest.c: In function '__declspec':\n>> 798     _configtest.c:5:24: error: expected declaration specifiers before\n             'foo'\n     799         5 | int __declspec(thread) foo;\n     800           |                        ^~~\n  >> 801     _configtest.c:9:1: error: expected '=', ',', ';', 'asm' or '__attr\n             ibute__' before '{' token\n     802         9 | {",
    "796           |     ^~~~~~~~~~\n     797     _configtest.c: In function '__declspec':\n  >> 798     _configtest.c:5:24: error: expected declaration specifiers before\n             'foo'\n     799         5 | int __declspec(thread) foo;\n     800           |                        ^~~\n>> 801     _configtest.c:9:1: error: expected '=', ',', ';', 'asm' or '__attr\n             ibute__' before '{' token\n     802         9 | {\n     803           | ^\n     804     _configtest.c:5:5: warning: type of 'thread' defaults to 'int' [-W\n             implicit-int]\n     805         5 | int __declspec(thread) foo;",
    "802         9 | {\n     803           | ^\n     804     _configtest.c:5:5: warning: type of 'thread' defaults to 'int' [-W\n             implicit-int]\n     805         5 | int __declspec(thread) foo;\n     806           |     ^~~~~~~~~~\n>> 807     _configtest.c:11: error: expected '{' at end of input\n     808        11 | }\n     809           |\n     810     _configtest.c:11: warning: control reaches end of non-void functio\n             n [-Wreturn-type]\n     811        11 | }\n     812           |",
    "y/core/src/umath -Inumpy/core/src/npysort -I/p/vast1/koparasy/BUIL\n             D/spack_cluster_installer/quartz/py-petsc4py/spack_env_dir/linux-r\n             hel7-broadwell/gcc-9.3.1/python-2.7.18-fhyuossqnn72elgmimlggs2rn3p\n             fsqnd/include/python2.7 -c'\n     1140    gcc: _configtest.c\n     1141    _configtest.c: In function 'main':\n>> 1142    _configtest.c:8:12: error: 'HAVE_DECL_SIGNBIT' undeclared (first u\n             se in this function); did you mean 'HAVE_DECL_ISNAN'?\n     1143        8 |     (void) HAVE_DECL_SIGNBIT;\n     1144          |            ^~~~~~~~~~~~~~~~~\n     1145          |            HAVE_DECL_ISNAN\n     1146    _configtest.c:8:12: note: each undeclared identifier is reported o\n             nly once for each function it appears in",
    "1143        8 |     (void) HAVE_DECL_SIGNBIT;\n     1144          |            ^~~~~~~~~~~~~~~~~\n     1145          |            HAVE_DECL_ISNAN\n     1146    _configtest.c:8:12: note: each undeclared identifier is reported o\n             nly once for each function it appears in\n     1147    _configtest.c: In function 'main':\n>> 1148    _configtest.c:8:12: error: 'HAVE_DECL_SIGNBIT' undeclared (first u\n             se in this function); did you mean 'HAVE_DECL_ISNAN'?\n     1149        8 |     (void) HAVE_DECL_SIGNBIT;\n     1150          |            ^~~~~~~~~~~~~~~~~\n     1151          |            HAVE_DECL_ISNAN\n     1152    _configtest.c:8:12: note: each undeclared identifier is reported o\n             nly once for each function it appears in",
    "y/core/src/umath -Inumpy/core/src/npysort -I/p/vast1/koparasy/BUIL\n             D/spack_cluster_installer/quartz/py-petsc4py/spack_env_dir/linux-r\n             hel7-broadwell/gcc-9.3.1/python-2.7.18-fhyuossqnn72elgmimlggs2rn3p\n             fsqnd/include/python2.7 -c'\n     1503    gcc: _configtest.c\n     1504    _configtest.c: In function 'main':\n>> 1505    _configtest.c:7:12: error: 'Py_UNICODE_WIDE' undeclared (first use\n              in this function); did you mean 'Py_UNICODE_SIZE'?\n     1506        7 |     (void) Py_UNICODE_WIDE;\n     1507          |            ^~~~~~~~~~~~~~~\n     1508          |            Py_UNICODE_SIZE\n     1509    _configtest.c:7:12: note: each undeclared identifier is reported o\n             nly once for each function it appears in",
    "1506        7 |     (void) Py_UNICODE_WIDE;\n     1507          |            ^~~~~~~~~~~~~~~\n     1508          |            Py_UNICODE_SIZE\n     1509    _configtest.c:7:12: note: each undeclared identifier is reported o\n             nly once for each function it appears in\n     1510    _configtest.c: In function 'main':\n>> 1511    _configtest.c:7:12: error: 'Py_UNICODE_WIDE' undeclared (first use\n              in this function); did you mean 'Py_UNICODE_SIZE'?\n     1512        7 |     (void) Py_UNICODE_WIDE;\n     1513          |            ^~~~~~~~~~~~~~~\n     1514          |            Py_UNICODE_SIZE\n     1515    _configtest.c:7:12: note: each undeclared identifier is reported o\n             nly once for each function it appears in",
    "st.o -o _configtest\n     1738    /usr/tce/packages/gcc/gcc-9.3.1/rh/usr/bin/../libexec/gcc/x86_64-r\n             edhat-linux/9/ld: _configtest.o: in function `main':\n  >> 1739    /tmp/koparasy/spack-stage/spack-stage-py-numpy-1.10.4-2obpw3xtdms5\n             37zruka7d6yduxjcdinq/spack-src/_configtest.c:6: undefined referenc\n             e to `exp'\n>> 1740    collect2: error: ld returned 1 exit status\n     1741    /usr/tce/packages/gcc/gcc-9.3.1/rh/usr/bin/../libexec/gcc/x86_64-r\n             edhat-linux/9/ld: _configtest.o: in function `main':\n  >> 1742    /tmp/koparasy/spack-stage/spack-stage-py-numpy-1.10.4-2obpw3xtdms5\n             37zruka7d6yduxjcdinq/spack-src/_configtest.c:6: undefined referenc\n             e to `exp'\n  >> 1743    collect2: error: ld returned 1 exit status",
    ">> 1740    collect2: error: ld returned 1 exit status\n     1741    /usr/tce/packages/gcc/gcc-9.3.1/rh/usr/bin/../libexec/gcc/x86_64-r\n             edhat-linux/9/ld: _configtest.o: in function `main':\n  >> 1742    /tmp/koparasy/spack-stage/spack-stage-py-numpy-1.10.4-2obpw3xtdms5\n             37zruka7d6yduxjcdinq/spack-src/_configtest.c:6: undefined referenc\n             e to `exp'\n>> 1743    collect2: error: ld returned 1 exit status\n     1744    failure.\n     1745    removing: _configtest.c _configtest.o\n     1746    C compiler: /p/vast1/koparasy/BUILD/head/spack/lib/spack/env/gcc/g\n             cc -fno-strict-aliasing -fPIC -DNDEBUG -g -fwrapv -O3 -Wall -Wstri\n             ct-prototypes -fPIC\n     1747"
]