[
    "ell/gcc-9.3.1/hwloc-2.0.2-asfcrbfotb33lweulpgxnct5aus6w33x/include\n               -O2  -g -MT tools/bootstrap/src/bsci_init.lo -MD -MP -MF $depbas\n             e.Tpo -c -o tools/bootstrap/src/bsci_init.lo tools/bootstrap/src/b\n             sci_init.c &&\\\n     2632    mv -f $depbase.Tpo $depbase.Plo\n     2633    tools/topo/hwloc/topo_hwloc.c: In function 'HYDT_topo_hwloc_init':\n>> 2634    tools/topo/hwloc/topo_hwloc.c:432:40: error: 'HWLOC_MEMBIND_REPLIC\n             ATE' undeclared (first use in this function); did you mean 'HWLOC_\n             MEMBIND_MIGRATE'?\n     2635      432 |         HYDT_topo_hwloc_info.membind = HWLOC_MEMBIND_REPLI\n             CATE;\n     2636          |                                        ^~~~~~~~~~~~~~~~~~~\n             ~~~~",
    "2636          |                                        ^~~~~~~~~~~~~~~~~~~\n             ~~~~\n     2637          |                                        HWLOC_MEMBIND_MIGRA\n             TE\n     2638    tools/topo/hwloc/topo_hwloc.c:432:40: note: each undeclared identi\n             fier is reported only once for each function it appears in\n>> 2639    make[3]: *** [tools/topo/hwloc/topo_hwloc.lo] Error 1\n     2640    make[3]: *** Waiting for unfinished jobs....\n     2641    libtool: compile:  /p/vast1/koparasy/BUILD/head/spack/lib/spack/en\n             v/gcc/gcc -DHAVE_CONFIG_H -I. -I/var/tmp/koparasy/spack-stage/spac\n             k-stage-mpich-3.2-rszhimhdj7yz2ur7rzhqvog43wzzhjb3/spack-src/src/p\n             m/hydra -I./include -I./tools/topo/hwloc/hwloc/include/private/aut\n             ogen -I./tools/topo/hwloc/hwloc/include/hwloc/autogen -I/var/tmp/k",
    "fcrbfotb33lweulpgxnct5aus6w33x/include -O2 -g -MT tools/bootstrap/\n             src/bsci_init.lo -MD -MP -MF tools/bootstrap/src/.deps/bsci_init.T\n             po -c tools/bootstrap/src/bsci_init.c -o tools/bootstrap/src/bsci_\n             init.o >/dev/null 2>&1\n     2643    make[3]: Leaving directory `/tmp/koparasy/spack-stage/spack-stage-\n             mpich-3.2-rszhimhdj7yz2ur7rzhqvog43wzzhjb3/spack-src/src/pm/hydra'\n>> 2644    make[2]: *** [all-recursive] Error 1\n     2645    make[2]: Leaving directory `/tmp/koparasy/spack-stage/spack-stage-\n             mpich-3.2-rszhimhdj7yz2ur7rzhqvog43wzzhjb3/spack-src/src/pm/hydra'\n  >> 2646    make[1]: *** [all-recursive] Error 1\n     2647    make[1]: Leaving directory `/tmp/koparasy/spack-stage/spack-stage-\n             mpich-3.2-rszhimhdj7yz2ur7rzhqvog43wzzhjb3/spack-src'\n  >> 2648    make: *** [all] Error 2",
    "init.o >/dev/null 2>&1\n     2643    make[3]: Leaving directory `/tmp/koparasy/spack-stage/spack-stage-\n             mpich-3.2-rszhimhdj7yz2ur7rzhqvog43wzzhjb3/spack-src/src/pm/hydra'\n  >> 2644    make[2]: *** [all-recursive] Error 1\n     2645    make[2]: Leaving directory `/tmp/koparasy/spack-stage/spack-stage-\n             mpich-3.2-rszhimhdj7yz2ur7rzhqvog43wzzhjb3/spack-src/src/pm/hydra'\n>> 2646    make[1]: *** [all-recursive] Error 1\n     2647    make[1]: Leaving directory `/tmp/koparasy/spack-stage/spack-stage-\n             mpich-3.2-rszhimhdj7yz2ur7rzhqvog43wzzhjb3/spack-src'\n  >> 2648    make: *** [all] Error 2\n\nSee build log for details:\n  /var/tmp/koparasy/spack-stage/spack-stage-mpich-3.2-rszhimhdj7yz2ur7rzhqvog43wzzhjb3/spack-build-out.txt",
    ">> 2644    make[2]: *** [all-recursive] Error 1\n     2645    make[2]: Leaving directory `/tmp/koparasy/spack-stage/spack-stage-\n             mpich-3.2-rszhimhdj7yz2ur7rzhqvog43wzzhjb3/spack-src/src/pm/hydra'\n  >> 2646    make[1]: *** [all-recursive] Error 1\n     2647    make[1]: Leaving directory `/tmp/koparasy/spack-stage/spack-stage-\n             mpich-3.2-rszhimhdj7yz2ur7rzhqvog43wzzhjb3/spack-src'\n>> 2648    make: *** [all] Error 2\n\nSee build log for details:\n  /var/tmp/koparasy/spack-stage/spack-stage-mpich-3.2-rszhimhdj7yz2ur7rzhqvog43wzzhjb3/spack-build-out.txt\n\nTraceback (most recent call last):\n  File \"/p/vast1/koparasy/BUILD/head/spack/lib/spack/spack/build_environment.py\", line 1035, in _setup_pkg_and_run"
]