[
    "e-ascent-0.7.1-5idhpabbvm47mj7zaxhms2hwnj3b76ae/spack-src/src/rover\n            /image.cpp\n     294    /tmp/koparasy/spack-stage/spack-stage-ascent-0.7.1-5idhpabbvm47mj7z\n            axhms2hwnj3b76ae/spack-src/src/flow/flow_graph.cpp: In member funct\n            ion 'std::string flow::Graph::to_yaml() const':\n  >> 295    /tmp/koparasy/spack-stage/spack-stage-ascent-0.7.1-5idhpabbvm47mj7z\naxhms2hwnj3b76ae/spack-src/src/flow/flow_graph.cpp:604:9: error: 'c\n            lass conduit::Node' has no member named 'to_yaml_stream'; did you m\n            ean 'to_json_stream'?\n     296         out.to_yaml_stream(oss);\n     297             ^~~~~~~~~~~~~~\n     298             to_json_stream\n  >> 299    make[2]: *** [flow/CMakeFiles/ascent_flow.dir/flow_graph.cpp.o] Err",
    "297             ^~~~~~~~~~~~~~\n     298             to_json_stream\n  >> 299    make[2]: *** [flow/CMakeFiles/ascent_flow.dir/flow_graph.cpp.o] Err\n            or 1\n     300    make[2]: Leaving directory `/tmp/koparasy/spack-stage/spack-stage-a\n            scent-0.7.1-5idhpabbvm47mj7zaxhms2hwnj3b76ae/spack-build-5idhpab'\n>> 301    make[1]: *** [flow/CMakeFiles/ascent_flow.dir/all] Error 2\n     302    make[1]: *** Waiting for unfinished jobs....\n     303    [  4%] Building CXX object rover/CMakeFiles/rover_mpi.dir/image.cpp\n            .o\n     304    cd /tmp/koparasy/spack-stage/spack-stage-ascent-0.7.1-5idhpabbvm47m\n            j7zaxhms2hwnj3b76ae/spack-build-5idhpab/rover && /usr/tce/packages/\n            gcc/gcc-8.3.1/bin/g++ -DROVER_EXPORTS_FLAG -DVTKMDIY_MPI_AS_LIB -DV",
    "BUG -fPIC -fvisibility=hidden -pthread -DROVER_PARALLEL -ffunction-\n            sections -fopenmp -std=c++11 -o CMakeFiles/rover_mpi.dir/utils/vtk_\n            dataset_reader.cpp.o -c /tmp/koparasy/spack-stage/spack-stage-ascen\n            t-0.7.1-5idhpabbvm47mj7zaxhms2hwnj3b76ae/spack-src/src/rover/utils/\n            vtk_dataset_reader.cpp\n  >> 357    /usr/tce/packages/gcc/gcc-8.3.1/rh/usr/bin/../libexec/gcc/x86_64-re\ndhat-linux/8/ld: cannot find -lhdf5-shared\n  >> 358    collect2: error: ld returned 1 exit status\n  >> 359    make[2]: *** [lib/librover.so] Error 1\n     360    make[2]: Leaving directory `/tmp/koparasy/spack-stage/spack-stage-a\n            scent-0.7.1-5idhpabbvm47mj7zaxhms2hwnj3b76ae/spack-build-5idhpab'\n  >> 361    make[1]: *** [rover/CMakeFiles/rover.dir/all] Error 2\n     362    [ 12%] Linking CXX shared library ../lib/librover_mpi.so",
    "sections -fopenmp -std=c++11 -o CMakeFiles/rover_mpi.dir/utils/vtk_\n            dataset_reader.cpp.o -c /tmp/koparasy/spack-stage/spack-stage-ascen\n            t-0.7.1-5idhpabbvm47mj7zaxhms2hwnj3b76ae/spack-src/src/rover/utils/\n            vtk_dataset_reader.cpp\n  >> 357    /usr/tce/packages/gcc/gcc-8.3.1/rh/usr/bin/../libexec/gcc/x86_64-re\n            dhat-linux/8/ld: cannot find -lhdf5-shared\n>> 358    collect2: error: ld returned 1 exit status\n  >> 359    make[2]: *** [lib/librover.so] Error 1\n     360    make[2]: Leaving directory `/tmp/koparasy/spack-stage/spack-stage-a\n            scent-0.7.1-5idhpabbvm47mj7zaxhms2hwnj3b76ae/spack-build-5idhpab'\n  >> 361    make[1]: *** [rover/CMakeFiles/rover.dir/all] Error 2\n     362    [ 12%] Linking CXX shared library ../lib/librover_mpi.so\n     363    cd /tmp/koparasy/spack-stage/spack-stage-ascent-0.7.1-5idhpabbvm47m",
    "dataset_reader.cpp.o -c /tmp/koparasy/spack-stage/spack-stage-ascen\n            t-0.7.1-5idhpabbvm47mj7zaxhms2hwnj3b76ae/spack-src/src/rover/utils/\n            vtk_dataset_reader.cpp\n  >> 357    /usr/tce/packages/gcc/gcc-8.3.1/rh/usr/bin/../libexec/gcc/x86_64-re\n            dhat-linux/8/ld: cannot find -lhdf5-shared\n  >> 358    collect2: error: ld returned 1 exit status\n>> 359    make[2]: *** [lib/librover.so] Error 1\n     360    make[2]: Leaving directory `/tmp/koparasy/spack-stage/spack-stage-a\n            scent-0.7.1-5idhpabbvm47mj7zaxhms2hwnj3b76ae/spack-build-5idhpab'\n  >> 361    make[1]: *** [rover/CMakeFiles/rover.dir/all] Error 2\n     362    [ 12%] Linking CXX shared library ../lib/librover_mpi.so\n     363    cd /tmp/koparasy/spack-stage/spack-stage-ascent-0.7.1-5idhpabbvm47m\n            j7zaxhms2hwnj3b76ae/spack-build-5idhpab/rover && /p/vast1/koparasy/",
    ">> 357    /usr/tce/packages/gcc/gcc-8.3.1/rh/usr/bin/../libexec/gcc/x86_64-re\n            dhat-linux/8/ld: cannot find -lhdf5-shared\n  >> 358    collect2: error: ld returned 1 exit status\n  >> 359    make[2]: *** [lib/librover.so] Error 1\n     360    make[2]: Leaving directory `/tmp/koparasy/spack-stage/spack-stage-a\n            scent-0.7.1-5idhpabbvm47mj7zaxhms2hwnj3b76ae/spack-build-5idhpab'\n>> 361    make[1]: *** [rover/CMakeFiles/rover.dir/all] Error 2\n     362    [ 12%] Linking CXX shared library ../lib/librover_mpi.so\n     363    cd /tmp/koparasy/spack-stage/spack-stage-ascent-0.7.1-5idhpabbvm47m\n            j7zaxhms2hwnj3b76ae/spack-build-5idhpab/rover && /p/vast1/koparasy/\n            BUILD/spack_cluster_installer/quartz/ascent/spack_env_dir/linux-rhe\n            l7-broadwell/gcc-8.3.1/cmake-3.18.3-67bvznmgljvaggdxndmjgmi3z5fxbzt\n            6/bin/cmake -E cmake_link_script CMakeFiles/rover_mpi.dir/link.txt",
    "ack_cluster_installer/quartz/ascent/spack_env_dir/linux-rhel7-broad\n            well/gcc-8.3.1/openmpi-4.1.2-g2lj2wqwnnddccx2xla7rbusoyva53ec/lib/l\n            ibmpi_mpifh.so /p/vast1/koparasy/BUILD/spack_cluster_installer/quar\n            tz/ascent/spack_env_dir/linux-rhel7-broadwell/gcc-8.3.1/openmpi-4.1\n            .2-g2lj2wqwnnddccx2xla7rbusoyva53ec/lib/libmpi.so\n  >> 365    /usr/tce/packages/gcc/gcc-8.3.1/rh/usr/bin/../libexec/gcc/x86_64-re\ndhat-linux/8/ld: cannot find -lhdf5-shared\n  >> 366    collect2: error: ld returned 1 exit status\n  >> 367    make[2]: *** [lib/librover_mpi.so] Error 1\n     368    make[2]: Leaving directory `/tmp/koparasy/spack-stage/spack-stage-a\n            scent-0.7.1-5idhpabbvm47mj7zaxhms2hwnj3b76ae/spack-build-5idhpab'\n  >> 369    make[1]: *** [rover/CMakeFiles/rover_mpi.dir/all] Error 2\n     370    make[1]: Leaving directory `/tmp/koparasy/spack-stage/spack-stage-a",
    "well/gcc-8.3.1/openmpi-4.1.2-g2lj2wqwnnddccx2xla7rbusoyva53ec/lib/l\n            ibmpi_mpifh.so /p/vast1/koparasy/BUILD/spack_cluster_installer/quar\n            tz/ascent/spack_env_dir/linux-rhel7-broadwell/gcc-8.3.1/openmpi-4.1\n            .2-g2lj2wqwnnddccx2xla7rbusoyva53ec/lib/libmpi.so\n  >> 365    /usr/tce/packages/gcc/gcc-8.3.1/rh/usr/bin/../libexec/gcc/x86_64-re\n            dhat-linux/8/ld: cannot find -lhdf5-shared\n>> 366    collect2: error: ld returned 1 exit status\n  >> 367    make[2]: *** [lib/librover_mpi.so] Error 1\n     368    make[2]: Leaving directory `/tmp/koparasy/spack-stage/spack-stage-a\n            scent-0.7.1-5idhpabbvm47mj7zaxhms2hwnj3b76ae/spack-build-5idhpab'\n  >> 369    make[1]: *** [rover/CMakeFiles/rover_mpi.dir/all] Error 2\n     370    make[1]: Leaving directory `/tmp/koparasy/spack-stage/spack-stage-a\n            scent-0.7.1-5idhpabbvm47mj7zaxhms2hwnj3b76ae/spack-build-5idhpab'",
    "ibmpi_mpifh.so /p/vast1/koparasy/BUILD/spack_cluster_installer/quar\n            tz/ascent/spack_env_dir/linux-rhel7-broadwell/gcc-8.3.1/openmpi-4.1\n            .2-g2lj2wqwnnddccx2xla7rbusoyva53ec/lib/libmpi.so\n  >> 365    /usr/tce/packages/gcc/gcc-8.3.1/rh/usr/bin/../libexec/gcc/x86_64-re\n            dhat-linux/8/ld: cannot find -lhdf5-shared\n  >> 366    collect2: error: ld returned 1 exit status\n>> 367    make[2]: *** [lib/librover_mpi.so] Error 1\n     368    make[2]: Leaving directory `/tmp/koparasy/spack-stage/spack-stage-a\n            scent-0.7.1-5idhpabbvm47mj7zaxhms2hwnj3b76ae/spack-build-5idhpab'\n  >> 369    make[1]: *** [rover/CMakeFiles/rover_mpi.dir/all] Error 2\n     370    make[1]: Leaving directory `/tmp/koparasy/spack-stage/spack-stage-a\n            scent-0.7.1-5idhpabbvm47mj7zaxhms2hwnj3b76ae/spack-build-5idhpab'\n  >> 371    make: *** [all] Error 2",
    ">> 365    /usr/tce/packages/gcc/gcc-8.3.1/rh/usr/bin/../libexec/gcc/x86_64-re\n            dhat-linux/8/ld: cannot find -lhdf5-shared\n  >> 366    collect2: error: ld returned 1 exit status\n  >> 367    make[2]: *** [lib/librover_mpi.so] Error 1\n     368    make[2]: Leaving directory `/tmp/koparasy/spack-stage/spack-stage-a\n            scent-0.7.1-5idhpabbvm47mj7zaxhms2hwnj3b76ae/spack-build-5idhpab'\n>> 369    make[1]: *** [rover/CMakeFiles/rover_mpi.dir/all] Error 2\n     370    make[1]: Leaving directory `/tmp/koparasy/spack-stage/spack-stage-a\n            scent-0.7.1-5idhpabbvm47mj7zaxhms2hwnj3b76ae/spack-build-5idhpab'\n  >> 371    make: *** [all] Error 2\n\nSee build log for details:\n  /var/tmp/koparasy/spack-stage/spack-stage-ascent-0.7.1-5idhpabbvm47mj7zaxhms2hwnj3b76ae/spack-build-out.txt",
    ">> 367    make[2]: *** [lib/librover_mpi.so] Error 1\n     368    make[2]: Leaving directory `/tmp/koparasy/spack-stage/spack-stage-a\n            scent-0.7.1-5idhpabbvm47mj7zaxhms2hwnj3b76ae/spack-build-5idhpab'\n  >> 369    make[1]: *** [rover/CMakeFiles/rover_mpi.dir/all] Error 2\n     370    make[1]: Leaving directory `/tmp/koparasy/spack-stage/spack-stage-a\n            scent-0.7.1-5idhpabbvm47mj7zaxhms2hwnj3b76ae/spack-build-5idhpab'\n>> 371    make: *** [all] Error 2\n\nSee build log for details:\n  /var/tmp/koparasy/spack-stage/spack-stage-ascent-0.7.1-5idhpabbvm47mj7zaxhms2hwnj3b76ae/spack-build-out.txt\n\nTraceback (most recent call last):\n  File \"/p/vast1/koparasy/BUILD/spack/lib/spack/spack/build_environment.py\", line 1035, in _setup_pkg_and_run"
]