[
    "r/runtimes/flow_filters/ascent_runtime_vtkh_filters.cpp.o -c /tmp/k\n            oparasy/spack-stage/spack-stage-ascent-develop-zobvjhnpy7p272ndkw7r\n            73xsz2lmnifo/spack-src/src/ascent/runtimes/flow_filters/ascent_runt\n            ime_vtkh_filters.cpp\n  >> 808    /tmp/koparasy/spack-stage/spack-stage-ascent-develop-zobvjhnpy7p272\n            ndkw7r73xsz2lmnifo/spack-src/src/ascent/runtimes/flow_filters/ascen\nt_runtime_vtkh_filters.cpp:99:10: fatal error: vtkh/filters/Particl\n            eAdvection.hpp: No such file or directory\n     809     #include <vtkh/filters/ParticleAdvection.hpp>\n     810              ^~~~~~~~~~~~~~~~~~~~~~~~~~~~~~~~~~~~\n     811    compilation terminated.\n  >> 812    make[2]: *** [ascent/CMakeFiles/ascent.dir/runtimes/flow_filters/as\n            cent_runtime_vtkh_filters.cpp.o] Error 1",
    "oparasy/spack-stage/spack-stage-ascent-develop-zobvjhnpy7p272ndkw7r\n            73xsz2lmnifo/spack-src/src/ascent/runtimes/flow_filters/ascent_runt\n            ime_vtkh_filters.cpp\n  >> 808    /tmp/koparasy/spack-stage/spack-stage-ascent-develop-zobvjhnpy7p272\n            ndkw7r73xsz2lmnifo/spack-src/src/ascent/runtimes/flow_filters/ascen\n            t_runtime_vtkh_filters.cpp:99:10: fatal error: vtkh/filters/Particl\neAdvection.hpp: No such file or directory\n     809     #include <vtkh/filters/ParticleAdvection.hpp>\n     810              ^~~~~~~~~~~~~~~~~~~~~~~~~~~~~~~~~~~~\n     811    compilation terminated.\n  >> 812    make[2]: *** [ascent/CMakeFiles/ascent.dir/runtimes/flow_filters/as\n            cent_runtime_vtkh_filters.cpp.o] Error 1\n     813    make[2]: *** Waiting for unfinished jobs....",
    "811    compilation terminated.\n  >> 812    make[2]: *** [ascent/CMakeFiles/ascent.dir/runtimes/flow_filters/as\n            cent_runtime_vtkh_filters.cpp.o] Error 1\n     813    make[2]: *** Waiting for unfinished jobs....\n  >> 814    /tmp/koparasy/spack-stage/spack-stage-ascent-develop-zobvjhnpy7p272\n            ndkw7r73xsz2lmnifo/spack-src/src/ascent/runtimes/flow_filters/ascen\nt_runtime_vtkh_filters.cpp:99:10: fatal error: vtkh/filters/Particl\n            eAdvection.hpp: No such file or directory\n     815     #include <vtkh/filters/ParticleAdvection.hpp>\n     816              ^~~~~~~~~~~~~~~~~~~~~~~~~~~~~~~~~~~~\n     817    compilation terminated.\n  >> 818    make[2]: *** [ascent/CMakeFiles/ascent_mpi.dir/runtimes/flow_filter\n            s/ascent_runtime_vtkh_filters.cpp.o] Error 1",
    ">> 812    make[2]: *** [ascent/CMakeFiles/ascent.dir/runtimes/flow_filters/as\n            cent_runtime_vtkh_filters.cpp.o] Error 1\n     813    make[2]: *** Waiting for unfinished jobs....\n  >> 814    /tmp/koparasy/spack-stage/spack-stage-ascent-develop-zobvjhnpy7p272\n            ndkw7r73xsz2lmnifo/spack-src/src/ascent/runtimes/flow_filters/ascen\n            t_runtime_vtkh_filters.cpp:99:10: fatal error: vtkh/filters/Particl\neAdvection.hpp: No such file or directory\n     815     #include <vtkh/filters/ParticleAdvection.hpp>\n     816              ^~~~~~~~~~~~~~~~~~~~~~~~~~~~~~~~~~~~\n     817    compilation terminated.\n  >> 818    make[2]: *** [ascent/CMakeFiles/ascent_mpi.dir/runtimes/flow_filter\n            s/ascent_runtime_vtkh_filters.cpp.o] Error 1\n     819    make[2]: *** Waiting for unfinished jobs....",
    "1 -o CMakeFiles/ascent_mpi.dir/runtimes/flow_filters/ascent_runtime\n            _vtkh_utils.cpp.o -c /tmp/koparasy/spack-stage/spack-stage-ascent-d\n            evelop-zobvjhnpy7p272ndkw7r73xsz2lmnifo/spack-src/src/ascent/runtim\n            es/flow_filters/ascent_runtime_vtkh_utils.cpp\n     822    make[2]: Leaving directory `/tmp/koparasy/spack-stage/spack-stage-a\n            scent-develop-zobvjhnpy7p272ndkw7r73xsz2lmnifo/spack-build-zobvjhn'\n>> 823    make[1]: *** [ascent/CMakeFiles/ascent.dir/all] Error 2\n     824    make[1]: *** Waiting for unfinished jobs....\n     825    make[2]: Leaving directory `/tmp/koparasy/spack-stage/spack-stage-a\n            scent-develop-zobvjhnpy7p272ndkw7r73xsz2lmnifo/spack-build-zobvjhn'\n  >> 826    make[1]: *** [ascent/CMakeFiles/ascent_mpi.dir/all] Error 2\n     827    make[1]: Leaving directory `/tmp/koparasy/spack-stage/spack-stage-a\n            scent-develop-zobvjhnpy7p272ndkw7r73xsz2lmnifo/spack-build-zobvjhn'",
    "822    make[2]: Leaving directory `/tmp/koparasy/spack-stage/spack-stage-a\n            scent-develop-zobvjhnpy7p272ndkw7r73xsz2lmnifo/spack-build-zobvjhn'\n  >> 823    make[1]: *** [ascent/CMakeFiles/ascent.dir/all] Error 2\n     824    make[1]: *** Waiting for unfinished jobs....\n     825    make[2]: Leaving directory `/tmp/koparasy/spack-stage/spack-stage-a\n            scent-develop-zobvjhnpy7p272ndkw7r73xsz2lmnifo/spack-build-zobvjhn'\n>> 826    make[1]: *** [ascent/CMakeFiles/ascent_mpi.dir/all] Error 2\n     827    make[1]: Leaving directory `/tmp/koparasy/spack-stage/spack-stage-a\n            scent-develop-zobvjhnpy7p272ndkw7r73xsz2lmnifo/spack-build-zobvjhn'\n  >> 828    make: *** [all] Error 2\n\nSee build log for details:\n  /var/tmp/koparasy/spack-stage/spack-stage-ascent-develop-zobvjhnpy7p272ndkw7r73xsz2lmnifo/spack-build-out.txt",
    "824    make[1]: *** Waiting for unfinished jobs....\n     825    make[2]: Leaving directory `/tmp/koparasy/spack-stage/spack-stage-a\n            scent-develop-zobvjhnpy7p272ndkw7r73xsz2lmnifo/spack-build-zobvjhn'\n  >> 826    make[1]: *** [ascent/CMakeFiles/ascent_mpi.dir/all] Error 2\n     827    make[1]: Leaving directory `/tmp/koparasy/spack-stage/spack-stage-a\n            scent-develop-zobvjhnpy7p272ndkw7r73xsz2lmnifo/spack-build-zobvjhn'\n>> 828    make: *** [all] Error 2\n\nSee build log for details:\n  /var/tmp/koparasy/spack-stage/spack-stage-ascent-develop-zobvjhnpy7p272ndkw7r73xsz2lmnifo/spack-build-out.txt\n\nTraceback (most recent call last):\n  File \"/p/vast1/koparasy/BUILD/spack/lib/spack/spack/build_environment.py\", line 1035, in _setup_pkg_and_run"
]