[
    "5.0-h7prq5wfolwj54eal7k4fzbucfcdvdet/spack-src/src/axom/quest/MeshT\n            ester.hpp:26,\n     251                     from /tmp/koparasy/spack-stage/spack-stage-axom-0.\n            5.0-h7prq5wfolwj54eal7k4fzbucfcdvdet/spack-src/src/axom/quest/MeshT\n            ester.cpp:7:\n  >> 252    /tmp/koparasy/spack-stage/spack-stage-axom-0.5.0-h7prq5wfolwj54eal7\nk4fzbucfcdvdet/spack-src/src/axom/spin/BVH.hpp:20:4: error: #error\n            *** The spin::BVH class requires RAJA and Umpire ***\n     253       #error*** The spin::BVH class requires RAJA and Umpire ***\n     254        ^~~~~\n     255    [ 11%] Building CXX object axom/core/CMakeFiles/core.dir/utilities/\n            nvtx/interface.cpp.o\n     256    cd /tmp/koparasy/spack-stage/spack-stage-axom-0.5.0-h7prq5wfolwj54e",
    "270    /tmp/koparasy/spack-stage/spack-stage-axom-0.5.0-h7prq5wfolwj54eal7\n            k4fzbucfcdvdet/spack-src/src/axom/quest/MeshTester.hpp: In function\n             'void axom::quest::findTriMeshIntersectionsBVH(axom::mint::Unstruc\n            turedMesh<(axom::mint::Topology)0>*, std::vector<std::pair<int, int\n            > >&, std::vector<int>&, double)':\n  >> 271    /tmp/koparasy/spack-stage/spack-stage-axom-0.5.0-h7prq5wfolwj54eal7\nk4fzbucfcdvdet/spack-src/src/axom/quest/MeshTester.hpp:119:3: error\n            : 'umpire' has not been declared\n     272       umpire::ResourceManager& rm = umpire::ResourceManager::getInstan\n            ce();\n     273       ^~~~~~\n  >> 274    /tmp/koparasy/spack-stage/spack-stage-axom-0.5.0-h7prq5wfolwj54eal7\n            k4fzbucfcdvdet/spack-src/src/axom/quest/MeshTester.hpp:119:28: erro",
    "k4fzbucfcdvdet/spack-src/src/axom/quest/MeshTester.hpp:119:33: erro\n            r: 'umpire' has not been declared\n     282       umpire::ResourceManager& rm = umpire::ResourceManager::getInstan\n            ce();\n     283                                     ^~~~~~\n  >> 284    /tmp/koparasy/spack-stage/spack-stage-axom-0.5.0-h7prq5wfolwj54eal7\nk4fzbucfcdvdet/spack-src/src/axom/quest/MeshTester.hpp:122:3: error\n            : 'umpire' has not been declared\n     285       umpire::Allocator allocator =\n     286       ^~~~~~\n  >> 287    /tmp/koparasy/spack-stage/spack-stage-axom-0.5.0-h7prq5wfolwj54eal7\n            k4fzbucfcdvdet/spack-src/src/axom/quest/MeshTester.hpp:127:3: error\n            : 'umpire' has not been declared",
    ">> 284    /tmp/koparasy/spack-stage/spack-stage-axom-0.5.0-h7prq5wfolwj54eal7\n            k4fzbucfcdvdet/spack-src/src/axom/quest/MeshTester.hpp:122:3: error\n            : 'umpire' has not been declared\n     285       umpire::Allocator allocator =\n     286       ^~~~~~\n  >> 287    /tmp/koparasy/spack-stage/spack-stage-axom-0.5.0-h7prq5wfolwj54eal7\nk4fzbucfcdvdet/spack-src/src/axom/quest/MeshTester.hpp:127:3: error\n            : 'umpire' has not been declared\n     288       umpire::Allocator pool_allocator =\n     289       ^~~~~~\n  >> 290    /tmp/koparasy/spack-stage/spack-stage-axom-0.5.0-h7prq5wfolwj54eal7\n            k4fzbucfcdvdet/spack-src/src/axom/quest/MeshTester.hpp:133:22: erro\n            r: 'pool_allocator' was not declared in this scope",
    "les/slic.dir/interface/c_fortran/wrapSLIC.cpp.o.d -o CMakeFiles/sli\n            c.dir/interface/c_fortran/wrapSLIC.cpp.o -c /tmp/koparasy/spack-sta\n            ge/spack-stage-axom-0.5.0-h7prq5wfolwj54eal7k4fzbucfcdvdet/spack-sr\n            c/src/axom/slic/interface/c_fortran/wrapSLIC.cpp\n     346    make[2]: Leaving directory `/tmp/koparasy/spack-stage/spack-stage-a\n            xom-0.5.0-h7prq5wfolwj54eal7k4fzbucfcdvdet/spack-build-h7prq5w'\n>> 347    make[1]: *** [axom/quest/CMakeFiles/quest.dir/all] Error 2\n     348    make[1]: *** Waiting for unfinished jobs....\n     349    [ 17%] Building CXX object axom/slam/CMakeFiles/slam.dir/OrderedSet\n            .cpp.o\n     350    cd /tmp/koparasy/spack-stage/spack-stage-axom-0.5.0-h7prq5wfolwj54e\n            al7k4fzbucfcdvdet/spack-build-h7prq5w/axom/slam && /p/vast1/koparas\n            y/BUILD/spack/lib/spack/env/gcc/g++ -DAXOM_DEBUG -I/tmp/koparasy/sp",
    "356    [ 17%] Built target slam\n     357    make[2]: Leaving directory `/tmp/koparasy/spack-stage/spack-stage-a\n            xom-0.5.0-h7prq5wfolwj54eal7k4fzbucfcdvdet/spack-build-h7prq5w'\n     358    [ 17%] Built target core\n     359    make[1]: Leaving directory `/tmp/koparasy/spack-stage/spack-stage-a\n            xom-0.5.0-h7prq5wfolwj54eal7k4fzbucfcdvdet/spack-build-h7prq5w'\n>> 360    make: *** [all] Error 2\n\nSee build log for details:\n  /var/tmp/koparasy/spack-stage/spack-stage-axom-0.5.0-h7prq5wfolwj54eal7k4fzbucfcdvdet/spack-build-out.txt\n\nTraceback (most recent call last):\n  File \"/p/vast1/koparasy/BUILD/spack/lib/spack/spack/build_environment.py\", line 1035, in _setup_pkg_and_run"
]