[
    "r -Wall -Wcast-qual -Wno-error=deprecated-declarations -Wextra -Wwr\n            ite-strings -Wno-unused-parameter -Wstrict-prototypes -O2 -g -DNDEB\n            UG -fPIC   -D_REENTRANT -o CMakeFiles/json-c.dir/json_object.c.o\n            -c /var/tmp/koparasy/spack-stage/spack-stage-json-c-0.15-htcooavb3j\n            kkqbmogn3vtnh6chqjmick/spack-src/json_object.c\n  >> 129    /var/tmp/koparasy/spack-stage/spack-stage-json-c-0.15-htcooavb3jkkq\nbmogn3vtnh6chqjmick/spack-src/json_object.c:50:2: error: #error Una\n            ble to determine size of ssize_t\n     130       50 | #error Unable to determine size of ssize_t\n     131          |  ^~~~~\n     132    /var/tmp/koparasy/spack-stage/spack-stage-json-c-0.15-htcooavb3jkkq\n            bmogn3vtnh6chqjmick/spack-src/json_object.c: In function '_json_obj\n            ect_new_string':",
    "130       50 | #error Unable to determine size of ssize_t\n     131          |  ^~~~~\n     132    /var/tmp/koparasy/spack-stage/spack-stage-json-c-0.15-htcooavb3jkkq\n            bmogn3vtnh6chqjmick/spack-src/json_object.c: In function '_json_obj\n            ect_new_string':\n  >> 133    /var/tmp/koparasy/spack-stage/spack-stage-json-c-0.15-htcooavb3jkkq\nbmogn3vtnh6chqjmick/spack-src/json_object.c:1269:13: error: 'SSIZE_\n            T_MAX' undeclared (first use in this function); did you mean 'SSIZE\n            _MAX'?\n     134     1269 |  if (len > (SSIZE_T_MAX - (sizeof(*jso) - sizeof(jso->c_str\n            ing)) - 1))\n     135          |             ^~~~~~~~~~~\n     136          |             SSIZE_MAX",
    "eclared identifier is reported only once for each function it appea\n            rs in\n     138    /var/tmp/koparasy/spack-stage/spack-stage-json-c-0.15-htcooavb3jkkq\n            bmogn3vtnh6chqjmick/spack-src/json_object.c: In function '_json_obj\n            ect_set_string_len':\n  >> 139    /var/tmp/koparasy/spack-stage/spack-stage-json-c-0.15-htcooavb3jkkq\nbmogn3vtnh6chqjmick/spack-src/json_object.c:1332:13: error: 'SSIZE_\n            T_MAX' undeclared (first use in this function); did you mean 'SSIZE\n            _MAX'?\n     140     1332 |  if (len >= SSIZE_T_MAX - 1)\n     141          |             ^~~~~~~~~~~\n     142          |             SSIZE_MAX\n  >> 143    make[2]: *** [CMakeFiles/json-c.dir/json_object.c.o] Error 1",
    "bmogn3vtnh6chqjmick/spack-src/json_object.c:1332:13: error: 'SSIZE_\n            T_MAX' undeclared (first use in this function); did you mean 'SSIZE\n            _MAX'?\n     140     1332 |  if (len >= SSIZE_T_MAX - 1)\n     141          |             ^~~~~~~~~~~\n     142          |             SSIZE_MAX\n>> 143    make[2]: *** [CMakeFiles/json-c.dir/json_object.c.o] Error 1\n     144    make[2]: Leaving directory `/tmp/koparasy/spack-stage/spack-stage-j\n            son-c-0.15-htcooavb3jkkqbmogn3vtnh6chqjmick/spack-build-htcooav'\n  >> 145    make[1]: *** [CMakeFiles/json-c.dir/all] Error 2\n     146    make[1]: Leaving directory `/tmp/koparasy/spack-stage/spack-stage-j\n            son-c-0.15-htcooavb3jkkqbmogn3vtnh6chqjmick/spack-build-htcooav'\n  >> 147    make: *** [all] Error 2",
    "140     1332 |  if (len >= SSIZE_T_MAX - 1)\n     141          |             ^~~~~~~~~~~\n     142          |             SSIZE_MAX\n  >> 143    make[2]: *** [CMakeFiles/json-c.dir/json_object.c.o] Error 1\n     144    make[2]: Leaving directory `/tmp/koparasy/spack-stage/spack-stage-j\n            son-c-0.15-htcooavb3jkkqbmogn3vtnh6chqjmick/spack-build-htcooav'\n>> 145    make[1]: *** [CMakeFiles/json-c.dir/all] Error 2\n     146    make[1]: Leaving directory `/tmp/koparasy/spack-stage/spack-stage-j\n            son-c-0.15-htcooavb3jkkqbmogn3vtnh6chqjmick/spack-build-htcooav'\n  >> 147    make: *** [all] Error 2\n\nSee build log for details:\n  /var/tmp/koparasy/spack-stage/spack-stage-json-c-0.15-htcooavb3jkkqbmogn3vtnh6chqjmick/spack-build-out.txt",
    ">> 143    make[2]: *** [CMakeFiles/json-c.dir/json_object.c.o] Error 1\n     144    make[2]: Leaving directory `/tmp/koparasy/spack-stage/spack-stage-j\n            son-c-0.15-htcooavb3jkkqbmogn3vtnh6chqjmick/spack-build-htcooav'\n  >> 145    make[1]: *** [CMakeFiles/json-c.dir/all] Error 2\n     146    make[1]: Leaving directory `/tmp/koparasy/spack-stage/spack-stage-j\n            son-c-0.15-htcooavb3jkkqbmogn3vtnh6chqjmick/spack-build-htcooav'\n>> 147    make: *** [all] Error 2\n\nSee build log for details:\n  /var/tmp/koparasy/spack-stage/spack-stage-json-c-0.15-htcooavb3jkkqbmogn3vtnh6chqjmick/spack-build-out.txt\n\nTraceback (most recent call last):\n  File \"/p/vast1/koparasy/BUILD/head/spack/lib/spack/spack/build_environment.py\", line 1035, in _setup_pkg_and_run"
]