[
    "ILD/spack_cluster_installer/quartz/trilinos/spack_env_dir/linux-rh\n             el7-broadwell/gcc-9.3.1/hwloc-2.0.1-ylrry6astpwo34xtqfu5x67nxdvlzr\n             2q/include -O2 -g -MT utils/string/string.lo -MD -MP -MF utils/str\n             ing/.deps/string.Tpo -c utils/string/string.c -o utils/string/stri\n             ng.o >/dev/null 2>&1\n     2815    tools/topo/hwloc/topo_hwloc.c: In function 'HYDT_topo_hwloc_init':\n>> 2816    tools/topo/hwloc/topo_hwloc.c:431:40: error: 'HWLOC_MEMBIND_REPLIC\n             ATE' undeclared (first use in this function); did you mean 'HWLOC_\n             MEMBIND_MIGRATE'?\n     2817      431 |         HYDT_topo_hwloc_info.membind = HWLOC_MEMBIND_REPLI\n             CATE;\n     2818          |                                        ^~~~~~~~~~~~~~~~~~~\n             ~~~~",
    "2818          |                                        ^~~~~~~~~~~~~~~~~~~\n             ~~~~\n     2819          |                                        HWLOC_MEMBIND_MIGRA\n             TE\n     2820    tools/topo/hwloc/topo_hwloc.c:431:40: note: each undeclared identi\n             fier is reported only once for each function it appears in\n>> 2821    make[3]: *** [tools/topo/hwloc/topo_hwloc.lo] Error 1\n     2822    make[3]: *** Waiting for unfinished jobs....\n     2823    libtool: compile:  /p/vast1/koparasy/BUILD/head/spack/lib/spack/en\n             v/gcc/gcc -DHAVE_CONFIG_H -I. -I/var/tmp/koparasy/spack-stage/spac\n             k-stage-mpich-3.2.1-if7sicbr7jsf3fl4tgrbyleak4ol7p5a/spack-src/src\n             /pm/hydra -I./include -I./tools/topo/hwloc/hwloc/include/private/a\n             utogen -I./tools/topo/hwloc/hwloc/include/hwloc/autogen -I/var/tmp",
    "2q/include -O2 -g -MT tools/topo/topo.lo -MD -MP -MF tools/topo/.d\n             eps/topo.Tpo -c tools/topo/topo.c -o tools/topo/topo.o >/dev/null\n             2>&1\n     2824    make[3]: Leaving directory `/tmp/koparasy/spack-stage/spack-stage-\n             mpich-3.2.1-if7sicbr7jsf3fl4tgrbyleak4ol7p5a/spack-src/src/pm/hydr\n             a'\n>> 2825    make[2]: *** [all-recursive] Error 1\n     2826    make[2]: Leaving directory `/tmp/koparasy/spack-stage/spack-stage-\n             mpich-3.2.1-if7sicbr7jsf3fl4tgrbyleak4ol7p5a/spack-src/src/pm/hydr\n             a'\n  >> 2827    make[1]: *** [all-recursive] Error 1\n     2828    make[1]: Leaving directory `/tmp/koparasy/spack-stage/spack-stage-\n             mpich-3.2.1-if7sicbr7jsf3fl4tgrbyleak4ol7p5a/spack-src'",
    "mpich-3.2.1-if7sicbr7jsf3fl4tgrbyleak4ol7p5a/spack-src/src/pm/hydr\n             a'\n  >> 2825    make[2]: *** [all-recursive] Error 1\n     2826    make[2]: Leaving directory `/tmp/koparasy/spack-stage/spack-stage-\n             mpich-3.2.1-if7sicbr7jsf3fl4tgrbyleak4ol7p5a/spack-src/src/pm/hydr\n             a'\n>> 2827    make[1]: *** [all-recursive] Error 1\n     2828    make[1]: Leaving directory `/tmp/koparasy/spack-stage/spack-stage-\n             mpich-3.2.1-if7sicbr7jsf3fl4tgrbyleak4ol7p5a/spack-src'\n  >> 2829    make: *** [all] Error 2\n\nSee build log for details:\n  /var/tmp/koparasy/spack-stage/spack-stage-mpich-3.2.1-if7sicbr7jsf3fl4tgrbyleak4ol7p5a/spack-build-out.txt",
    "2826    make[2]: Leaving directory `/tmp/koparasy/spack-stage/spack-stage-\n             mpich-3.2.1-if7sicbr7jsf3fl4tgrbyleak4ol7p5a/spack-src/src/pm/hydr\n             a'\n  >> 2827    make[1]: *** [all-recursive] Error 1\n     2828    make[1]: Leaving directory `/tmp/koparasy/spack-stage/spack-stage-\n             mpich-3.2.1-if7sicbr7jsf3fl4tgrbyleak4ol7p5a/spack-src'\n>> 2829    make: *** [all] Error 2\n\nSee build log for details:\n  /var/tmp/koparasy/spack-stage/spack-stage-mpich-3.2.1-if7sicbr7jsf3fl4tgrbyleak4ol7p5a/spack-build-out.txt\n\nTraceback (most recent call last):\n  File \"/p/vast1/koparasy/BUILD/head/spack/lib/spack/spack/build_environment.py\", line 1035, in _setup_pkg_and_run"
]