[
    "z6frp5fbhtssyz2kdq6kk4y5imafq/spack-src/src/blas/impl/KokkosBlas1_a\n            xpby_impl.hpp: In constructor 'KokkosBlas::Impl::Axpby_Functor<AV,\n            XV, BV, YV, scalar_x, scalar_y, SizeType>::Axpby_Functor(const XV&,\n             const YV&, const AV&, const BV&, SizeType)':\n  >> 84     /var/tmp/koparasy/spack-stage/spack-stage-kokkos-kernels-3.0.00-cbz\n            z6frp5fbhtssyz2kdq6kk4y5imafq/spack-src/src/blas/impl/KokkosBlas1_a\nxpby_impl.hpp:101:34: error: 'is_same' is not a member of 'Kokkos::\n            Impl'; did you mean 'std::is_same'?\n     85       101 |     static_assert (Kokkos::Impl::is_same<typename YV::value\n            _type,\n     86           |                                  ^~~~~~~\n     87     In file included from /usr/tce/packages/gcc/gcc-9.3.1/rh/usr/includ\n            e/c++/9/bits/move.h:55,",
    "101                     from /var/tmp/koparasy/spack-stage/spack-stage-kok\n            kos-kernels-3.0.00-cbzz6frp5fbhtssyz2kdq6kk4y5imafq/spack-src/src/i\n            mpl/generated_specializations_cpp/axpby/KokkosBlas1_axpby_eti_spec_\n            inst_dbl_LayoutLeft_Serial_HostSpace.cpp:52:\n  >> 102    /var/tmp/koparasy/spack-stage/spack-stage-kokkos-kernels-3.0.00-cbz\n            z6frp5fbhtssyz2kdq6kk4y5imafq/spack-src/src/blas/impl/KokkosBlas1_a\nxpby_impl.hpp:101:65: error: expected '(' before ',' token\n     103      101 |     static_assert (Kokkos::Impl::is_same<typename YV::value\n            _type,\n     104          |\n                 ^\n     105          |\n                 (",
    "104          |\n                 ^\n     105          |\n                 (\n  >> 106    /var/tmp/koparasy/spack-stage/spack-stage-kokkos-kernels-3.0.00-cbz\n            z6frp5fbhtssyz2kdq6kk4y5imafq/spack-src/src/blas/impl/KokkosBlas1_a\nxpby_impl.hpp:102:20: error: expected string-literal before 'typena\n            me'\n     107      102 |                    typename YV::non_const_value_type>::valu\n            e,\n     108          |                    ^~~~~~~~\n  >> 109    /var/tmp/koparasy/spack-stage/spack-stage-kokkos-kernels-3.0.00-cbz\n            z6frp5fbhtssyz2kdq6kk4y5imafq/spack-src/src/blas/impl/KokkosBlas1_a",
    "me'\n     107      102 |                    typename YV::non_const_value_type>::valu\n            e,\n     108          |                    ^~~~~~~~\n  >> 109    /var/tmp/koparasy/spack-stage/spack-stage-kokkos-kernels-3.0.00-cbz\n            z6frp5fbhtssyz2kdq6kk4y5imafq/spack-src/src/blas/impl/KokkosBlas1_a\nxpby_impl.hpp:101:66: error: expected ')' before 'typename'\n     110      101 |     static_assert (Kokkos::Impl::is_same<typename YV::value\n            _type,\n     111          |                   ~\n                  ^\n     112          |\n                  )",
    "name XV::non_const_value_type, XV, typename YV::non_const_value_typ\n            e, YV, scalar_x, scalar_y, SizeType>::Axpby_Functor(const XV&, cons\n            t YV&, const typename XV::non_const_value_type&, const typename YV:\n            :non_const_value_type&, SizeType)':\n  >> 116    /var/tmp/koparasy/spack-stage/spack-stage-kokkos-kernels-3.0.00-cbz\n            z6frp5fbhtssyz2kdq6kk4y5imafq/spack-src/src/blas/impl/KokkosBlas1_a\nxpby_impl.hpp:235:34: error: 'is_same' is not a member of 'Kokkos::\n            Impl'; did you mean 'std::is_same'?\n     117      235 |     static_assert (Kokkos::Impl::is_same<typename YV::value\n            _type,\n     118          |                                  ^~~~~~~\n     119    In file included from /usr/tce/packages/gcc/gcc-9.3.1/rh/usr/includ\n            e/c++/9/bits/move.h:55,",
    "133                     from /var/tmp/koparasy/spack-stage/spack-stage-kok\n            kos-kernels-3.0.00-cbzz6frp5fbhtssyz2kdq6kk4y5imafq/spack-src/src/i\n            mpl/generated_specializations_cpp/axpby/KokkosBlas1_axpby_eti_spec_\n            inst_dbl_LayoutLeft_Serial_HostSpace.cpp:52:\n  >> 134    /var/tmp/koparasy/spack-stage/spack-stage-kokkos-kernels-3.0.00-cbz\n            z6frp5fbhtssyz2kdq6kk4y5imafq/spack-src/src/blas/impl/KokkosBlas1_a\nxpby_impl.hpp:235:65: error: expected '(' before ',' token\n     135      235 |     static_assert (Kokkos::Impl::is_same<typename YV::value\n            _type,\n     136          |\n                 ^\n     137          |\n                 (",
    "136          |\n                 ^\n     137          |\n                 (\n  >> 138    /var/tmp/koparasy/spack-stage/spack-stage-kokkos-kernels-3.0.00-cbz\n            z6frp5fbhtssyz2kdq6kk4y5imafq/spack-src/src/blas/impl/KokkosBlas1_a\nxpby_impl.hpp:236:20: error: expected string-literal before 'typena\n            me'\n     139      236 |                    typename YV::non_const_value_type>::valu\n            e,\n     140          |                    ^~~~~~~~\n  >> 141    /var/tmp/koparasy/spack-stage/spack-stage-kokkos-kernels-3.0.00-cbz\n            z6frp5fbhtssyz2kdq6kk4y5imafq/spack-src/src/blas/impl/KokkosBlas1_a",
    "me'\n     139      236 |                    typename YV::non_const_value_type>::valu\n            e,\n     140          |                    ^~~~~~~~\n  >> 141    /var/tmp/koparasy/spack-stage/spack-stage-kokkos-kernels-3.0.00-cbz\n            z6frp5fbhtssyz2kdq6kk4y5imafq/spack-src/src/blas/impl/KokkosBlas1_a\nxpby_impl.hpp:235:66: error: expected ')' before 'typename'\n     142      235 |     static_assert (Kokkos::Impl::is_same<typename YV::value\n            _type,\n     143          |                   ~\n                  ^\n     144          |\n                  )",
    "147    /var/tmp/koparasy/spack-stage/spack-stage-kokkos-kernels-3.0.00-cbz\n            z6frp5fbhtssyz2kdq6kk4y5imafq/spack-src/src/blas/impl/KokkosBlas1_a\n            xpby_impl.hpp: In function 'void KokkosBlas::Impl::Axpby_Generic(co\n            nst AV&, const XV&, const BV&, const YV&, SizeType, int, int)':\n  >> 148    /var/tmp/koparasy/spack-stage/spack-stage-kokkos-kernels-3.0.00-cbz\n            z6frp5fbhtssyz2kdq6kk4y5imafq/spack-src/src/blas/impl/KokkosBlas1_a\nxpby_impl.hpp:340:32: error: 'is_same' is not a member of 'Kokkos::\n            Impl'; did you mean 'std::is_same'?\n     149      340 |   static_assert (Kokkos::Impl::is_same<typename YV::value_t\n            ype,\n     150          |                                ^~~~~~~\n     151    In file included from /usr/tce/packages/gcc/gcc-9.3.1/rh/usr/includ\n            e/c++/9/bits/move.h:55,",
    "165                     from /var/tmp/koparasy/spack-stage/spack-stage-kok\n            kos-kernels-3.0.00-cbzz6frp5fbhtssyz2kdq6kk4y5imafq/spack-src/src/i\n            mpl/generated_specializations_cpp/axpby/KokkosBlas1_axpby_eti_spec_\n            inst_dbl_LayoutLeft_Serial_HostSpace.cpp:52:\n  >> 166    /var/tmp/koparasy/spack-stage/spack-stage-kokkos-kernels-3.0.00-cbz\n            z6frp5fbhtssyz2kdq6kk4y5imafq/spack-src/src/blas/impl/KokkosBlas1_a\nxpby_impl.hpp:340:63: error: expected '(' before ',' token\n     167      340 |   static_assert (Kokkos::Impl::is_same<typename YV::value_t\n            ype,\n     168          |\n               ^\n     169          |\n               (",
    "168          |\n               ^\n     169          |\n               (\n  >> 170    /var/tmp/koparasy/spack-stage/spack-stage-kokkos-kernels-3.0.00-cbz\n            z6frp5fbhtssyz2kdq6kk4y5imafq/spack-src/src/blas/impl/KokkosBlas1_a\nxpby_impl.hpp:341:20: error: expected string-literal before 'typena\n            me'\n     171      341 |                    typename YV::non_const_value_type>::valu\n            e,\n     172          |                    ^~~~~~~~\n  >> 173    /var/tmp/koparasy/spack-stage/spack-stage-kokkos-kernels-3.0.00-cbz\n            z6frp5fbhtssyz2kdq6kk4y5imafq/spack-src/src/blas/impl/KokkosBlas1_a",
    "me'\n     171      341 |                    typename YV::non_const_value_type>::valu\n            e,\n     172          |                    ^~~~~~~~\n  >> 173    /var/tmp/koparasy/spack-stage/spack-stage-kokkos-kernels-3.0.00-cbz\n            z6frp5fbhtssyz2kdq6kk4y5imafq/spack-src/src/blas/impl/KokkosBlas1_a\nxpby_impl.hpp:340:64: error: expected ')' before 'typename'\n     174      340 |   static_assert (Kokkos::Impl::is_same<typename YV::value_t\n            ype,\n     175          |                 ~\n                ^\n     176          |\n                )",
    "z6frp5fbhtssyz2kdq6kk4y5imafq/spack-src/src/blas/impl/KokkosBlas1_a\n            xpby_mv_impl.hpp: In constructor 'KokkosBlas::Impl::Axpby_MV_Functo\n            r<AV, XMV, BV, YMV, scalar_x, scalar_y, SizeType>::Axpby_MV_Functor\n            (const XMV&, const YMV&, const AV&, const BV&)':\n  >> 182    /var/tmp/koparasy/spack-stage/spack-stage-kokkos-kernels-3.0.00-cbz\n            z6frp5fbhtssyz2kdq6kk4y5imafq/spack-src/src/blas/impl/KokkosBlas1_a\nxpby_mv_impl.hpp:98:34: error: 'is_same' is not a member of 'Kokkos\n            ::Impl'; did you mean 'std::is_same'?\n     183       98 |     static_assert (Kokkos::Impl::is_same<typename YMV::valu\n            e_type,\n     184          |                                  ^~~~~~~\n     185    In file included from /usr/tce/packages/gcc/gcc-9.3.1/rh/usr/includ\n            e/c++/9/bits/move.h:55,",
    "199                     from /var/tmp/koparasy/spack-stage/spack-stage-kok\n            kos-kernels-3.0.00-cbzz6frp5fbhtssyz2kdq6kk4y5imafq/spack-src/src/i\n            mpl/generated_specializations_cpp/axpby/KokkosBlas1_axpby_eti_spec_\n            inst_dbl_LayoutLeft_Serial_HostSpace.cpp:52:\n  >> 200    /var/tmp/koparasy/spack-stage/spack-stage-kokkos-kernels-3.0.00-cbz\n            z6frp5fbhtssyz2kdq6kk4y5imafq/spack-src/src/blas/impl/KokkosBlas1_a\nxpby_mv_impl.hpp:98:66: error: expected '(' before ',' token\n     201       98 |     static_assert (Kokkos::Impl::is_same<typename YMV::valu\n            e_type,\n     202          |\n                  ^\n     203          |\n                  (",
    "202          |\n                  ^\n     203          |\n                  (\n  >> 204    /var/tmp/koparasy/spack-stage/spack-stage-kokkos-kernels-3.0.00-cbz\n            z6frp5fbhtssyz2kdq6kk4y5imafq/spack-src/src/blas/impl/KokkosBlas1_a\nxpby_mv_impl.hpp:99:20: error: expected string-literal before 'type\n            name'\n     205       99 |                    typename YMV::non_const_value_type>::val\n            ue,\n     206          |                    ^~~~~~~~\n  >> 207    /var/tmp/koparasy/spack-stage/spack-stage-kokkos-kernels-3.0.00-cbz\n            z6frp5fbhtssyz2kdq6kk4y5imafq/spack-src/src/blas/impl/KokkosBlas1_a",
    "name'\n     205       99 |                    typename YMV::non_const_value_type>::val\n            ue,\n     206          |                    ^~~~~~~~\n  >> 207    /var/tmp/koparasy/spack-stage/spack-stage-kokkos-kernels-3.0.00-cbz\n            z6frp5fbhtssyz2kdq6kk4y5imafq/spack-src/src/blas/impl/KokkosBlas1_a\nxpby_mv_impl.hpp:98:67: error: expected ')' before 'typename'\n     208       98 |     static_assert (Kokkos::Impl::is_same<typename YMV::valu\n            e_type,\n     209          |                   ~\n                   ^\n     210          |\n                   )",
    "r<typename XMV::non_const_value_type, XMV, typename YMV::non_const_\n            value_type, YMV, scalar_x, scalar_y, SizeType>::Axpby_MV_Functor(co\n            nst XMV&, const YMV&, const typename XMV::non_const_value_type&, co\n            nst typename YMV::non_const_value_type&)':\n  >> 214    /var/tmp/koparasy/spack-stage/spack-stage-kokkos-kernels-3.0.00-cbz\n            z6frp5fbhtssyz2kdq6kk4y5imafq/spack-src/src/blas/impl/KokkosBlas1_a\nxpby_mv_impl.hpp:332:34: error: 'is_same' is not a member of 'Kokko\n            s::Impl'; did you mean 'std::is_same'?\n     215      332 |     static_assert (Kokkos::Impl::is_same<typename YMV::valu\n            e_type,\n     216          |                                  ^~~~~~~\n     217    In file included from /usr/tce/packages/gcc/gcc-9.3.1/rh/usr/includ\n            e/c++/9/bits/move.h:55,",
    "231                     from /var/tmp/koparasy/spack-stage/spack-stage-kok\n            kos-kernels-3.0.00-cbzz6frp5fbhtssyz2kdq6kk4y5imafq/spack-src/src/i\n            mpl/generated_specializations_cpp/axpby/KokkosBlas1_axpby_eti_spec_\n            inst_dbl_LayoutLeft_Serial_HostSpace.cpp:52:\n  >> 232    /var/tmp/koparasy/spack-stage/spack-stage-kokkos-kernels-3.0.00-cbz\n            z6frp5fbhtssyz2kdq6kk4y5imafq/spack-src/src/blas/impl/KokkosBlas1_a\nxpby_mv_impl.hpp:332:66: error: expected '(' before ',' token\n     233      332 |     static_assert (Kokkos::Impl::is_same<typename YMV::valu\n            e_type,\n     234          |\n                  ^\n     235          |\n                  (",
    "234          |\n                  ^\n     235          |\n                  (\n  >> 236    /var/tmp/koparasy/spack-stage/spack-stage-kokkos-kernels-3.0.00-cbz\n            z6frp5fbhtssyz2kdq6kk4y5imafq/spack-src/src/blas/impl/KokkosBlas1_a\nxpby_mv_impl.hpp:333:20: error: expected string-literal before 'typ\n            ename'\n     237      333 |                    typename YMV::non_const_value_type>::val\n            ue,\n     238          |                    ^~~~~~~~\n  >> 239    /var/tmp/koparasy/spack-stage/spack-stage-kokkos-kernels-3.0.00-cbz\n            z6frp5fbhtssyz2kdq6kk4y5imafq/spack-src/src/blas/impl/KokkosBlas1_a",
    "ename'\n     237      333 |                    typename YMV::non_const_value_type>::val\n            ue,\n     238          |                    ^~~~~~~~\n  >> 239    /var/tmp/koparasy/spack-stage/spack-stage-kokkos-kernels-3.0.00-cbz\n            z6frp5fbhtssyz2kdq6kk4y5imafq/spack-src/src/blas/impl/KokkosBlas1_a\nxpby_mv_impl.hpp:332:67: error: expected ')' before 'typename'\n     240      332 |     static_assert (Kokkos::Impl::is_same<typename YMV::valu\n            e_type,\n     241          |                   ~\n                   ^\n     242          |\n                   )",
    "xpby_mv_impl.hpp: In constructor 'KokkosBlas::Impl::Axpby_MV_Unroll\n            _Functor<AV, XMV, BV, YMV, scalar_x, scalar_y, UNROLL, SizeType>::A\n            xpby_MV_Unroll_Functor(const XMV&, const YMV&, const AV&, const BV&\n            , SizeType)':\n  >> 246    /var/tmp/koparasy/spack-stage/spack-stage-kokkos-kernels-3.0.00-cbz\n            z6frp5fbhtssyz2kdq6kk4y5imafq/spack-src/src/blas/impl/KokkosBlas1_a\nxpby_mv_impl.hpp:549:34: error: 'is_same' is not a member of 'Kokko\n            s::Impl'; did you mean 'std::is_same'?\n     247      549 |     static_assert (Kokkos::Impl::is_same<typename YMV::valu\n            e_type,\n     248          |                                  ^~~~~~~\n     249    In file included from /usr/tce/packages/gcc/gcc-9.3.1/rh/usr/includ\n            e/c++/9/bits/move.h:55,",
    "263                     from /var/tmp/koparasy/spack-stage/spack-stage-kok\n            kos-kernels-3.0.00-cbzz6frp5fbhtssyz2kdq6kk4y5imafq/spack-src/src/i\n            mpl/generated_specializations_cpp/axpby/KokkosBlas1_axpby_eti_spec_\n            inst_dbl_LayoutLeft_Serial_HostSpace.cpp:52:\n  >> 264    /var/tmp/koparasy/spack-stage/spack-stage-kokkos-kernels-3.0.00-cbz\n            z6frp5fbhtssyz2kdq6kk4y5imafq/spack-src/src/blas/impl/KokkosBlas1_a\nxpby_mv_impl.hpp:549:66: error: expected '(' before ',' token\n     265      549 |     static_assert (Kokkos::Impl::is_same<typename YMV::valu\n            e_type,\n     266          |\n                  ^\n     267          |\n                  (",
    "266          |\n                  ^\n     267          |\n                  (\n  >> 268    /var/tmp/koparasy/spack-stage/spack-stage-kokkos-kernels-3.0.00-cbz\n            z6frp5fbhtssyz2kdq6kk4y5imafq/spack-src/src/blas/impl/KokkosBlas1_a\nxpby_mv_impl.hpp:550:20: error: expected string-literal before 'typ\n            ename'\n     269      550 |                    typename YMV::non_const_value_type>::val\n            ue,\n     270          |                    ^~~~~~~~\n  >> 271    /var/tmp/koparasy/spack-stage/spack-stage-kokkos-kernels-3.0.00-cbz\n            z6frp5fbhtssyz2kdq6kk4y5imafq/spack-src/src/blas/impl/KokkosBlas1_a",
    "ename'\n     269      550 |                    typename YMV::non_const_value_type>::val\n            ue,\n     270          |                    ^~~~~~~~\n  >> 271    /var/tmp/koparasy/spack-stage/spack-stage-kokkos-kernels-3.0.00-cbz\n            z6frp5fbhtssyz2kdq6kk4y5imafq/spack-src/src/blas/impl/KokkosBlas1_a\nxpby_mv_impl.hpp:549:67: error: expected ')' before 'typename'\n     272      549 |     static_assert (Kokkos::Impl::is_same<typename YMV::valu\n            e_type,\n     273          |                   ~\n                   ^\n     274          |\n                   )",
    "_const_value_type, YMV, scalar_x, scalar_y, UNROLL, SizeType>::Axpb\n            y_MV_Unroll_Functor(const XMV&, const YMV&, const typename XMV::non\n            _const_value_type&, const typename YMV::non_const_value_type&, Size\n            Type)':\n  >> 278    /var/tmp/koparasy/spack-stage/spack-stage-kokkos-kernels-3.0.00-cbz\n            z6frp5fbhtssyz2kdq6kk4y5imafq/spack-src/src/blas/impl/KokkosBlas1_a\nxpby_mv_impl.hpp:770:34: error: 'is_same' is not a member of 'Kokko\n            s::Impl'; did you mean 'std::is_same'?\n     279      770 |     static_assert (Kokkos::Impl::is_same<typename YMV::valu\n            e_type,\n     280          |                                  ^~~~~~~\n     281    In file included from /usr/tce/packages/gcc/gcc-9.3.1/rh/usr/includ\n            e/c++/9/bits/move.h:55,",
    "295                     from /var/tmp/koparasy/spack-stage/spack-stage-kok\n            kos-kernels-3.0.00-cbzz6frp5fbhtssyz2kdq6kk4y5imafq/spack-src/src/i\n            mpl/generated_specializations_cpp/axpby/KokkosBlas1_axpby_eti_spec_\n            inst_dbl_LayoutLeft_Serial_HostSpace.cpp:52:\n  >> 296    /var/tmp/koparasy/spack-stage/spack-stage-kokkos-kernels-3.0.00-cbz\n            z6frp5fbhtssyz2kdq6kk4y5imafq/spack-src/src/blas/impl/KokkosBlas1_a\nxpby_mv_impl.hpp:770:66: error: expected '(' before ',' token\n     297      770 |     static_assert (Kokkos::Impl::is_same<typename YMV::valu\n            e_type,\n     298          |\n                  ^\n     299          |\n                  (",
    "298          |\n                  ^\n     299          |\n                  (\n  >> 300    /var/tmp/koparasy/spack-stage/spack-stage-kokkos-kernels-3.0.00-cbz\n            z6frp5fbhtssyz2kdq6kk4y5imafq/spack-src/src/blas/impl/KokkosBlas1_a\nxpby_mv_impl.hpp:771:20: error: expected string-literal before 'typ\n            ename'\n     301      771 |                    typename YMV::non_const_value_type>::val\n            ue,\n     302          |                    ^~~~~~~~\n  >> 303    /var/tmp/koparasy/spack-stage/spack-stage-kokkos-kernels-3.0.00-cbz\n            z6frp5fbhtssyz2kdq6kk4y5imafq/spack-src/src/blas/impl/KokkosBlas1_a",
    "ename'\n     301      771 |                    typename YMV::non_const_value_type>::val\n            ue,\n     302          |                    ^~~~~~~~\n  >> 303    /var/tmp/koparasy/spack-stage/spack-stage-kokkos-kernels-3.0.00-cbz\n            z6frp5fbhtssyz2kdq6kk4y5imafq/spack-src/src/blas/impl/KokkosBlas1_a\nxpby_mv_impl.hpp:770:67: error: expected ')' before 'typename'\n     304      770 |     static_assert (Kokkos::Impl::is_same<typename YMV::valu\n            e_type,\n     305          |                   ~\n                   ^\n     306          |\n                   )",
    "z6frp5fbhtssyz2kdq6kk4y5imafq/spack-src/src/blas/impl/KokkosBlas1_a\n            xpby_mv_impl.hpp: In function 'void KokkosBlas::Impl::Axpby_MV_Unro\n            lled(const AV&, const XMV&, const BV&, const YMV&, SizeType, int, i\n            nt)':\n  >> 310    /var/tmp/koparasy/spack-stage/spack-stage-kokkos-kernels-3.0.00-cbz\n            z6frp5fbhtssyz2kdq6kk4y5imafq/spack-src/src/blas/impl/KokkosBlas1_a\nxpby_mv_impl.hpp:984:32: error: 'is_same' is not a member of 'Kokko\n            s::Impl'; did you mean 'std::is_same'?\n     311      984 |   static_assert (Kokkos::Impl::is_same<typename YMV::value_\n            type,\n     312          |                                ^~~~~~~\n     313    In file included from /usr/tce/packages/gcc/gcc-9.3.1/rh/usr/includ\n            e/c++/9/bits/move.h:55,",
    "327                     from /var/tmp/koparasy/spack-stage/spack-stage-kok\n            kos-kernels-3.0.00-cbzz6frp5fbhtssyz2kdq6kk4y5imafq/spack-src/src/i\n            mpl/generated_specializations_cpp/axpby/KokkosBlas1_axpby_eti_spec_\n            inst_dbl_LayoutLeft_Serial_HostSpace.cpp:52:\n  >> 328    /var/tmp/koparasy/spack-stage/spack-stage-kokkos-kernels-3.0.00-cbz\n            z6frp5fbhtssyz2kdq6kk4y5imafq/spack-src/src/blas/impl/KokkosBlas1_a\nxpby_mv_impl.hpp:984:64: error: expected '(' before ',' token\n     329      984 |   static_assert (Kokkos::Impl::is_same<typename YMV::value_\n            type,\n     330          |\n                ^\n     331          |\n                (",
    "330          |\n                ^\n     331          |\n                (\n  >> 332    /var/tmp/koparasy/spack-stage/spack-stage-kokkos-kernels-3.0.00-cbz\n            z6frp5fbhtssyz2kdq6kk4y5imafq/spack-src/src/blas/impl/KokkosBlas1_a\nxpby_mv_impl.hpp:985:20: error: expected string-literal before 'typ\n            ename'\n     333      985 |                    typename YMV::non_const_value_type>::val\n            ue,\n     334          |                    ^~~~~~~~\n  >> 335    /var/tmp/koparasy/spack-stage/spack-stage-kokkos-kernels-3.0.00-cbz\n            z6frp5fbhtssyz2kdq6kk4y5imafq/spack-src/src/blas/impl/KokkosBlas1_a",
    "ename'\n     333      985 |                    typename YMV::non_const_value_type>::val\n            ue,\n     334          |                    ^~~~~~~~\n  >> 335    /var/tmp/koparasy/spack-stage/spack-stage-kokkos-kernels-3.0.00-cbz\n            z6frp5fbhtssyz2kdq6kk4y5imafq/spack-src/src/blas/impl/KokkosBlas1_a\nxpby_mv_impl.hpp:984:65: error: expected ')' before 'typename'\n     336      984 |   static_assert (Kokkos::Impl::is_same<typename YMV::value_\n            type,\n     337          |                 ~\n                 ^\n     338          |\n                 )",
    "341    /var/tmp/koparasy/spack-stage/spack-stage-kokkos-kernels-3.0.00-cbz\n            z6frp5fbhtssyz2kdq6kk4y5imafq/spack-src/src/blas/impl/KokkosBlas1_a\n            xpby_mv_impl.hpp: In function 'void KokkosBlas::Impl::Axpby_MV_Gene\n            ric(const AV&, const XMV&, const BV&, const YMV&, int, int)':\n  >> 342    /var/tmp/koparasy/spack-stage/spack-stage-kokkos-kernels-3.0.00-cbz\n            z6frp5fbhtssyz2kdq6kk4y5imafq/spack-src/src/blas/impl/KokkosBlas1_a\nxpby_mv_impl.hpp:1122:32: error: 'is_same' is not a member of 'Kokk\n            os::Impl'; did you mean 'std::is_same'?\n     343     1122 |   static_assert (Kokkos::Impl::is_same<typename YMV::value_\n            type,\n     344          |                                ^~~~~~~\n     345    In file included from /usr/tce/packages/gcc/gcc-9.3.1/rh/usr/includ\n            e/c++/9/bits/move.h:55,",
    "359                     from /var/tmp/koparasy/spack-stage/spack-stage-kok\n            kos-kernels-3.0.00-cbzz6frp5fbhtssyz2kdq6kk4y5imafq/spack-src/src/i\n            mpl/generated_specializations_cpp/axpby/KokkosBlas1_axpby_eti_spec_\n            inst_dbl_LayoutLeft_Serial_HostSpace.cpp:52:\n  >> 360    /var/tmp/koparasy/spack-stage/spack-stage-kokkos-kernels-3.0.00-cbz\n            z6frp5fbhtssyz2kdq6kk4y5imafq/spack-src/src/blas/impl/KokkosBlas1_a\nxpby_mv_impl.hpp:1122:64: error: expected '(' before ',' token\n     361     1122 |   static_assert (Kokkos::Impl::is_same<typename YMV::value_\n            type,\n     362          |\n                ^\n     363          |\n                (",
    "362          |\n                ^\n     363          |\n                (\n  >> 364    /var/tmp/koparasy/spack-stage/spack-stage-kokkos-kernels-3.0.00-cbz\n            z6frp5fbhtssyz2kdq6kk4y5imafq/spack-src/src/blas/impl/KokkosBlas1_a\nxpby_mv_impl.hpp:1123:20: error: expected string-literal before 'ty\n            pename'\n     365     1123 |                    typename YMV::non_const_value_type>::val\n            ue,\n     366          |                    ^~~~~~~~\n  >> 367    /var/tmp/koparasy/spack-stage/spack-stage-kokkos-kernels-3.0.00-cbz\n            z6frp5fbhtssyz2kdq6kk4y5imafq/spack-src/src/blas/impl/KokkosBlas1_a",
    "pename'\n     365     1123 |                    typename YMV::non_const_value_type>::val\n            ue,\n     366          |                    ^~~~~~~~\n  >> 367    /var/tmp/koparasy/spack-stage/spack-stage-kokkos-kernels-3.0.00-cbz\n            z6frp5fbhtssyz2kdq6kk4y5imafq/spack-src/src/blas/impl/KokkosBlas1_a\nxpby_mv_impl.hpp:1122:65: error: expected ')' before 'typename'\n     368     1122 |   static_assert (Kokkos::Impl::is_same<typename YMV::value_\n            type,\n     369          |                 ~\n                 ^\n     370          |\n                 )",
    "z6frp5fbhtssyz2kdq6kk4y5imafq/spack-src/src/blas/impl/KokkosBlas1_a\n            xpby_mv_impl.hpp: In static member function 'static void KokkosBlas\n            ::Impl::Axpby_MV_Invoke_Left<AV, XMV, BV, YMV, SizeType>::run(const\n             AV&, const XMV&, const BV&, const YMV&, int, int)':\n  >> 374    /var/tmp/koparasy/spack-stage/spack-stage-kokkos-kernels-3.0.00-cbz\n            z6frp5fbhtssyz2kdq6kk4y5imafq/spack-src/src/blas/impl/KokkosBlas1_a\nxpby_mv_impl.hpp:1262:32: error: 'is_same' is not a member of 'Kokk\n            os::Impl'; did you mean 'std::is_same'?\n     375     1262 |   static_assert (Kokkos::Impl::is_same<typename YMV::value_\n            type,\n     376          |                                ^~~~~~~\n     377    In file included from /usr/tce/packages/gcc/gcc-9.3.1/rh/usr/includ\n            e/c++/9/bits/move.h:55,",
    "391                     from /var/tmp/koparasy/spack-stage/spack-stage-kok\n            kos-kernels-3.0.00-cbzz6frp5fbhtssyz2kdq6kk4y5imafq/spack-src/src/i\n            mpl/generated_specializations_cpp/axpby/KokkosBlas1_axpby_eti_spec_\n            inst_dbl_LayoutLeft_Serial_HostSpace.cpp:52:\n  >> 392    /var/tmp/koparasy/spack-stage/spack-stage-kokkos-kernels-3.0.00-cbz\n            z6frp5fbhtssyz2kdq6kk4y5imafq/spack-src/src/blas/impl/KokkosBlas1_a\nxpby_mv_impl.hpp:1262:64: error: expected '(' before ',' token\n     393     1262 |   static_assert (Kokkos::Impl::is_same<typename YMV::value_\n            type,\n     394          |\n                ^\n     395          |\n                (",
    "394          |\n                ^\n     395          |\n                (\n  >> 396    /var/tmp/koparasy/spack-stage/spack-stage-kokkos-kernels-3.0.00-cbz\n            z6frp5fbhtssyz2kdq6kk4y5imafq/spack-src/src/blas/impl/KokkosBlas1_a\nxpby_mv_impl.hpp:1263:18: error: expected string-literal before 'ty\n            pename'\n     397     1263 |                  typename YMV::non_const_value_type>::value\n            ,\n     398          |                  ^~~~~~~~\n  >> 399    /var/tmp/koparasy/spack-stage/spack-stage-kokkos-kernels-3.0.00-cbz\n            z6frp5fbhtssyz2kdq6kk4y5imafq/spack-src/src/blas/impl/KokkosBlas1_a",
    "pename'\n     397     1263 |                  typename YMV::non_const_value_type>::value\n            ,\n     398          |                  ^~~~~~~~\n  >> 399    /var/tmp/koparasy/spack-stage/spack-stage-kokkos-kernels-3.0.00-cbz\n            z6frp5fbhtssyz2kdq6kk4y5imafq/spack-src/src/blas/impl/KokkosBlas1_a\nxpby_mv_impl.hpp:1262:65: error: expected ')' before 'typename'\n     400     1262 |   static_assert (Kokkos::Impl::is_same<typename YMV::value_\n            type,\n     401          |                 ~\n                 ^\n     402          |\n                 )",
    "z6frp5fbhtssyz2kdq6kk4y5imafq/spack-src/src/blas/impl/KokkosBlas1_a\n            xpby_mv_impl.hpp: In static member function 'static void KokkosBlas\n            ::Impl::Axpby_MV_Invoke_Right<AV, XMV, BV, YMV, SizeType>::run(cons\n            t AV&, const XMV&, const BV&, const YMV&, int, int)':\n  >> 406    /var/tmp/koparasy/spack-stage/spack-stage-kokkos-kernels-3.0.00-cbz\n            z6frp5fbhtssyz2kdq6kk4y5imafq/spack-src/src/blas/impl/KokkosBlas1_a\nxpby_mv_impl.hpp:1341:32: error: 'is_same' is not a member of 'Kokk\n            os::Impl'; did you mean 'std::is_same'?\n     407     1341 |   static_assert (Kokkos::Impl::is_same<typename YMV::value_\n            type,\n     408          |                                ^~~~~~~\n     409    In file included from /usr/tce/packages/gcc/gcc-9.3.1/rh/usr/includ\n            e/c++/9/bits/move.h:55,",
    "423                     from /var/tmp/koparasy/spack-stage/spack-stage-kok\n            kos-kernels-3.0.00-cbzz6frp5fbhtssyz2kdq6kk4y5imafq/spack-src/src/i\n            mpl/generated_specializations_cpp/axpby/KokkosBlas1_axpby_eti_spec_\n            inst_dbl_LayoutLeft_Serial_HostSpace.cpp:52:\n  >> 424    /var/tmp/koparasy/spack-stage/spack-stage-kokkos-kernels-3.0.00-cbz\n            z6frp5fbhtssyz2kdq6kk4y5imafq/spack-src/src/blas/impl/KokkosBlas1_a\nxpby_mv_impl.hpp:1341:64: error: expected '(' before ',' token\n     425     1341 |   static_assert (Kokkos::Impl::is_same<typename YMV::value_\n            type,\n     426          |\n                ^\n     427          |\n                (",
    "426          |\n                ^\n     427          |\n                (\n  >> 428    /var/tmp/koparasy/spack-stage/spack-stage-kokkos-kernels-3.0.00-cbz\n            z6frp5fbhtssyz2kdq6kk4y5imafq/spack-src/src/blas/impl/KokkosBlas1_a\nxpby_mv_impl.hpp:1342:18: error: expected string-literal before 'ty\n            pename'\n     429     1342 |                  typename YMV::non_const_value_type>::value\n            ,\n     430          |                  ^~~~~~~~\n  >> 431    /var/tmp/koparasy/spack-stage/spack-stage-kokkos-kernels-3.0.00-cbz\n            z6frp5fbhtssyz2kdq6kk4y5imafq/spack-src/src/blas/impl/KokkosBlas1_a",
    "pename'\n     429     1342 |                  typename YMV::non_const_value_type>::value\n            ,\n     430          |                  ^~~~~~~~\n  >> 431    /var/tmp/koparasy/spack-stage/spack-stage-kokkos-kernels-3.0.00-cbz\n            z6frp5fbhtssyz2kdq6kk4y5imafq/spack-src/src/blas/impl/KokkosBlas1_a\nxpby_mv_impl.hpp:1341:65: error: expected ')' before 'typename'\n     432     1341 |   static_assert (Kokkos::Impl::is_same<typename YMV::value_\n            type,\n     433          |                 ~\n                 ^\n     434          |\n                 )",
    "z6frp5fbhtssyz2kdq6kk4y5imafq/spack-src/src/blas/impl/KokkosBlas1_a\n            xpby_spec.hpp: In static member function 'static void KokkosBlas::I\n            mpl::Axpby<AV, XMV, BV, YMV, 2, false, true>::axpby(const AV&, cons\n            t XMV&, const BV&, const YMV&)':\n  >> 439    /var/tmp/koparasy/spack-stage/spack-stage-kokkos-kernels-3.0.00-cbz\n            z6frp5fbhtssyz2kdq6kk4y5imafq/spack-src/src/blas/impl/KokkosBlas1_a\nxpby_spec.hpp:173:34: error: 'is_same' is not a member of 'Kokkos::\n            Impl'; did you mean 'std::is_same'?\n     440      173 |     static_assert (Kokkos::Impl::is_same<typename YMV::valu\n            e_type,\n     441          |                                  ^~~~~~~\n     442    In file included from /usr/tce/packages/gcc/gcc-9.3.1/rh/usr/includ\n            e/c++/9/bits/move.h:55,",
    "455    In file included from /var/tmp/koparasy/spack-stage/spack-stage-kok\n            kos-kernels-3.0.00-cbzz6frp5fbhtssyz2kdq6kk4y5imafq/spack-src/src/i\n            mpl/generated_specializations_cpp/axpby/KokkosBlas1_axpby_eti_spec_\n            inst_dbl_LayoutLeft_Serial_HostSpace.cpp:52:\n  >> 456    /var/tmp/koparasy/spack-stage/spack-stage-kokkos-kernels-3.0.00-cbz\n            z6frp5fbhtssyz2kdq6kk4y5imafq/spack-src/src/blas/impl/KokkosBlas1_a\nxpby_spec.hpp:173:66: error: expected '(' before ',' token\n     457      173 |     static_assert (Kokkos::Impl::is_same<typename YMV::valu\n            e_type,\n     458          |\n                  ^\n     459          |\n                  (",
    "458          |\n                  ^\n     459          |\n                  (\n  >> 460    /var/tmp/koparasy/spack-stage/spack-stage-kokkos-kernels-3.0.00-cbz\n            z6frp5fbhtssyz2kdq6kk4y5imafq/spack-src/src/blas/impl/KokkosBlas1_a\nxpby_spec.hpp:174:22: error: expected string-literal before 'typena\n            me'\n     461      174 |                      typename YMV::non_const_value_type>::v\n            alue,\n     462          |                      ^~~~~~~~\n  >> 463    /var/tmp/koparasy/spack-stage/spack-stage-kokkos-kernels-3.0.00-cbz\n            z6frp5fbhtssyz2kdq6kk4y5imafq/spack-src/src/blas/impl/KokkosBlas1_a",
    "me'\n     461      174 |                      typename YMV::non_const_value_type>::v\n            alue,\n     462          |                      ^~~~~~~~\n  >> 463    /var/tmp/koparasy/spack-stage/spack-stage-kokkos-kernels-3.0.00-cbz\n            z6frp5fbhtssyz2kdq6kk4y5imafq/spack-src/src/blas/impl/KokkosBlas1_a\nxpby_spec.hpp:173:67: error: expected ')' before 'typename'\n     464      173 |     static_assert (Kokkos::Impl::is_same<typename YMV::valu\n            e_type,\n     465          |                   ~\n                   ^\n     466          |\n                   )",
    "xpby_spec.hpp: In static member function 'static void KokkosBlas::I\n            mpl::Axpby<typename XMV::non_const_value_type, XMV, typename YMV::n\n            on_const_value_type, YMV, 2, false, true>::axpby(const AV&, const X\n            MV&, const BV&, const YMV&)':\n  >> 471    /var/tmp/koparasy/spack-stage/spack-stage-kokkos-kernels-3.0.00-cbz\n            z6frp5fbhtssyz2kdq6kk4y5imafq/spack-src/src/blas/impl/KokkosBlas1_a\nxpby_spec.hpp:242:34: error: 'is_same' is not a member of 'Kokkos::\n            Impl'; did you mean 'std::is_same'?\n     472      242 |     static_assert (Kokkos::Impl::is_same<typename YMV::valu\n            e_type,\n     473          |                                  ^~~~~~~\n     474    In file included from /usr/tce/packages/gcc/gcc-9.3.1/rh/usr/includ\n            e/c++/9/bits/move.h:55,",
    "487    In file included from /var/tmp/koparasy/spack-stage/spack-stage-kok\n            kos-kernels-3.0.00-cbzz6frp5fbhtssyz2kdq6kk4y5imafq/spack-src/src/i\n            mpl/generated_specializations_cpp/axpby/KokkosBlas1_axpby_eti_spec_\n            inst_dbl_LayoutLeft_Serial_HostSpace.cpp:52:\n  >> 488    /var/tmp/koparasy/spack-stage/spack-stage-kokkos-kernels-3.0.00-cbz\n            z6frp5fbhtssyz2kdq6kk4y5imafq/spack-src/src/blas/impl/KokkosBlas1_a\nxpby_spec.hpp:242:66: error: expected '(' before ',' token\n     489      242 |     static_assert (Kokkos::Impl::is_same<typename YMV::valu\n            e_type,\n     490          |\n                  ^\n     491          |\n                  (",
    "490          |\n                  ^\n     491          |\n                  (\n  >> 492    /var/tmp/koparasy/spack-stage/spack-stage-kokkos-kernels-3.0.00-cbz\n            z6frp5fbhtssyz2kdq6kk4y5imafq/spack-src/src/blas/impl/KokkosBlas1_a\nxpby_spec.hpp:243:22: error: expected string-literal before 'typena\n            me'\n     493      243 |                      typename YMV::non_const_value_type>::v\n            alue,\n     494          |                      ^~~~~~~~\n  >> 495    /var/tmp/koparasy/spack-stage/spack-stage-kokkos-kernels-3.0.00-cbz\n            z6frp5fbhtssyz2kdq6kk4y5imafq/spack-src/src/blas/impl/KokkosBlas1_a",
    "me'\n     493      243 |                      typename YMV::non_const_value_type>::v\n            alue,\n     494          |                      ^~~~~~~~\n  >> 495    /var/tmp/koparasy/spack-stage/spack-stage-kokkos-kernels-3.0.00-cbz\n            z6frp5fbhtssyz2kdq6kk4y5imafq/spack-src/src/blas/impl/KokkosBlas1_a\nxpby_spec.hpp:242:67: error: expected ')' before 'typename'\n     496      242 |     static_assert (Kokkos::Impl::is_same<typename YMV::valu\n            e_type,\n     497          |                   ~\n                   ^\n     498          |\n                   )",
    "xpby_spec.hpp: In static member function 'static void KokkosBlas::I\n            mpl::Axpby<typename XV::non_const_value_type, XV, typename YV::non_\n            const_value_type, YV, 1, false, true>::axpby(const AV&, const XV&,\n            const BV&, const YV&)':\n  >> 502    /var/tmp/koparasy/spack-stage/spack-stage-kokkos-kernels-3.0.00-cbz\n            z6frp5fbhtssyz2kdq6kk4y5imafq/spack-src/src/blas/impl/KokkosBlas1_a\nxpby_spec.hpp:335:34: error: 'is_same' is not a member of 'Kokkos::\n            Impl'; did you mean 'std::is_same'?\n     503      335 |     static_assert (Kokkos::Impl::is_same<typename YV::value\n            _type,\n     504          |                                  ^~~~~~~\n     505    In file included from /usr/tce/packages/gcc/gcc-9.3.1/rh/usr/includ\n            e/c++/9/bits/move.h:55,",
    "518    In file included from /var/tmp/koparasy/spack-stage/spack-stage-kok\n            kos-kernels-3.0.00-cbzz6frp5fbhtssyz2kdq6kk4y5imafq/spack-src/src/i\n            mpl/generated_specializations_cpp/axpby/KokkosBlas1_axpby_eti_spec_\n            inst_dbl_LayoutLeft_Serial_HostSpace.cpp:52:\n  >> 519    /var/tmp/koparasy/spack-stage/spack-stage-kokkos-kernels-3.0.00-cbz\n            z6frp5fbhtssyz2kdq6kk4y5imafq/spack-src/src/blas/impl/KokkosBlas1_a\nxpby_spec.hpp:335:65: error: expected '(' before ',' token\n     520      335 |     static_assert (Kokkos::Impl::is_same<typename YV::value\n            _type,\n     521          |\n                 ^\n     522          |\n                 (",
    "521          |\n                 ^\n     522          |\n                 (\n  >> 523    /var/tmp/koparasy/spack-stage/spack-stage-kokkos-kernels-3.0.00-cbz\n            z6frp5fbhtssyz2kdq6kk4y5imafq/spack-src/src/blas/impl/KokkosBlas1_a\nxpby_spec.hpp:336:22: error: expected string-literal before 'typena\n            me'\n     524      336 |                      typename YV::non_const_value_type>::va\n            lue,\n     525          |                      ^~~~~~~~\n  >> 526    /var/tmp/koparasy/spack-stage/spack-stage-kokkos-kernels-3.0.00-cbz\n            z6frp5fbhtssyz2kdq6kk4y5imafq/spack-src/src/blas/impl/KokkosBlas1_a",
    "me'\n     524      336 |                      typename YV::non_const_value_type>::va\n            lue,\n     525          |                      ^~~~~~~~\n  >> 526    /var/tmp/koparasy/spack-stage/spack-stage-kokkos-kernels-3.0.00-cbz\n            z6frp5fbhtssyz2kdq6kk4y5imafq/spack-src/src/blas/impl/KokkosBlas1_a\nxpby_spec.hpp:335:66: error: expected ')' before 'typename'\n     527      335 |     static_assert (Kokkos::Impl::is_same<typename YV::value\n            _type,\n     528          |                   ~\n                  ^\n     529          |\n                  )",
    "z6frp5fbhtssyz2kdq6kk4y5imafq/spack-src/src/blas/impl/KokkosBlas1_a\n            xpby_impl.hpp: In constructor 'KokkosBlas::Impl::Axpby_Functor<AV,\n            XV, BV, YV, scalar_x, scalar_y, SizeType>::Axpby_Functor(const XV&,\n             const YV&, const AV&, const BV&, SizeType)':\n  >> 537    /var/tmp/koparasy/spack-stage/spack-stage-kokkos-kernels-3.0.00-cbz\n            z6frp5fbhtssyz2kdq6kk4y5imafq/spack-src/src/blas/impl/KokkosBlas1_a\nxpby_impl.hpp:101:34: error: 'is_same' is not a member of 'Kokkos::\n            Impl'; did you mean 'std::is_same'?\n     538      101 |     static_assert (Kokkos::Impl::is_same<typename YV::value\n            _type,\n     539          |                                  ^~~~~~~\n     540    In file included from /usr/tce/packages/gcc/gcc-9.3.1/rh/usr/includ\n            e/c++/9/bits/move.h:55,",
    "554                     from /var/tmp/koparasy/spack-stage/spack-stage-kok\n            kos-kernels-3.0.00-cbzz6frp5fbhtssyz2kdq6kk4y5imafq/spack-src/src/i\n            mpl/generated_specializations_cpp/axpby/KokkosBlas1_axpby_mv_eti_sp\n            ec_inst_dbl_LayoutLeft_Serial_HostSpace.cpp:52:\n  >> 555    /var/tmp/koparasy/spack-stage/spack-stage-kokkos-kernels-3.0.00-cbz\n            z6frp5fbhtssyz2kdq6kk4y5imafq/spack-src/src/blas/impl/KokkosBlas1_a\nxpby_impl.hpp:101:65: error: expected '(' before ',' token\n     556      101 |     static_assert (Kokkos::Impl::is_same<typename YV::value\n            _type,\n     557          |\n                 ^\n     558          |\n                 (",
    "557          |\n                 ^\n     558          |\n                 (\n  >> 559    /var/tmp/koparasy/spack-stage/spack-stage-kokkos-kernels-3.0.00-cbz\n            z6frp5fbhtssyz2kdq6kk4y5imafq/spack-src/src/blas/impl/KokkosBlas1_a\nxpby_impl.hpp:102:20: error: expected string-literal before 'typena\n            me'\n     560      102 |                    typename YV::non_const_value_type>::valu\n            e,\n     561          |                    ^~~~~~~~\n  >> 562    /var/tmp/koparasy/spack-stage/spack-stage-kokkos-kernels-3.0.00-cbz\n            z6frp5fbhtssyz2kdq6kk4y5imafq/spack-src/src/blas/impl/KokkosBlas1_a",
    "me'\n     560      102 |                    typename YV::non_const_value_type>::valu\n            e,\n     561          |                    ^~~~~~~~\n  >> 562    /var/tmp/koparasy/spack-stage/spack-stage-kokkos-kernels-3.0.00-cbz\n            z6frp5fbhtssyz2kdq6kk4y5imafq/spack-src/src/blas/impl/KokkosBlas1_a\nxpby_impl.hpp:101:66: error: expected ')' before 'typename'\n     563      101 |     static_assert (Kokkos::Impl::is_same<typename YV::value\n            _type,\n     564          |                   ~\n                  ^\n     565          |\n                  )",
    "name XV::non_const_value_type, XV, typename YV::non_const_value_typ\n            e, YV, scalar_x, scalar_y, SizeType>::Axpby_Functor(const XV&, cons\n            t YV&, const typename XV::non_const_value_type&, const typename YV:\n            :non_const_value_type&, SizeType)':\n  >> 569    /var/tmp/koparasy/spack-stage/spack-stage-kokkos-kernels-3.0.00-cbz\n            z6frp5fbhtssyz2kdq6kk4y5imafq/spack-src/src/blas/impl/KokkosBlas1_a\nxpby_impl.hpp:235:34: error: 'is_same' is not a member of 'Kokkos::\n            Impl'; did you mean 'std::is_same'?\n     570      235 |     static_assert (Kokkos::Impl::is_same<typename YV::value\n            _type,\n     571          |                                  ^~~~~~~\n     572    In file included from /usr/tce/packages/gcc/gcc-9.3.1/rh/usr/includ\n            e/c++/9/bits/move.h:55,",
    "586                     from /var/tmp/koparasy/spack-stage/spack-stage-kok\n            kos-kernels-3.0.00-cbzz6frp5fbhtssyz2kdq6kk4y5imafq/spack-src/src/i\n            mpl/generated_specializations_cpp/axpby/KokkosBlas1_axpby_mv_eti_sp\n            ec_inst_dbl_LayoutLeft_Serial_HostSpace.cpp:52:\n  >> 587    /var/tmp/koparasy/spack-stage/spack-stage-kokkos-kernels-3.0.00-cbz\n            z6frp5fbhtssyz2kdq6kk4y5imafq/spack-src/src/blas/impl/KokkosBlas1_a\nxpby_impl.hpp:235:65: error: expected '(' before ',' token\n     588      235 |     static_assert (Kokkos::Impl::is_same<typename YV::value\n            _type,\n     589          |\n                 ^\n     590          |\n                 (",
    "589          |\n                 ^\n     590          |\n                 (\n  >> 591    /var/tmp/koparasy/spack-stage/spack-stage-kokkos-kernels-3.0.00-cbz\n            z6frp5fbhtssyz2kdq6kk4y5imafq/spack-src/src/blas/impl/KokkosBlas1_a\nxpby_impl.hpp:236:20: error: expected string-literal before 'typena\n            me'\n     592      236 |                    typename YV::non_const_value_type>::valu\n            e,\n     593          |                    ^~~~~~~~\n  >> 594    /var/tmp/koparasy/spack-stage/spack-stage-kokkos-kernels-3.0.00-cbz\n            z6frp5fbhtssyz2kdq6kk4y5imafq/spack-src/src/blas/impl/KokkosBlas1_a",
    "me'\n     592      236 |                    typename YV::non_const_value_type>::valu\n            e,\n     593          |                    ^~~~~~~~\n  >> 594    /var/tmp/koparasy/spack-stage/spack-stage-kokkos-kernels-3.0.00-cbz\n            z6frp5fbhtssyz2kdq6kk4y5imafq/spack-src/src/blas/impl/KokkosBlas1_a\nxpby_impl.hpp:235:66: error: expected ')' before 'typename'\n     595      235 |     static_assert (Kokkos::Impl::is_same<typename YV::value\n            _type,\n     596          |                   ~\n                  ^\n     597          |\n                  )",
    "600    /var/tmp/koparasy/spack-stage/spack-stage-kokkos-kernels-3.0.00-cbz\n            z6frp5fbhtssyz2kdq6kk4y5imafq/spack-src/src/blas/impl/KokkosBlas1_a\n            xpby_impl.hpp: In function 'void KokkosBlas::Impl::Axpby_Generic(co\n            nst AV&, const XV&, const BV&, const YV&, SizeType, int, int)':\n  >> 601    /var/tmp/koparasy/spack-stage/spack-stage-kokkos-kernels-3.0.00-cbz\n            z6frp5fbhtssyz2kdq6kk4y5imafq/spack-src/src/blas/impl/KokkosBlas1_a\nxpby_impl.hpp:340:32: error: 'is_same' is not a member of 'Kokkos::\n            Impl'; did you mean 'std::is_same'?\n     602      340 |   static_assert (Kokkos::Impl::is_same<typename YV::value_t\n            ype,\n     603          |                                ^~~~~~~\n     604    In file included from /usr/tce/packages/gcc/gcc-9.3.1/rh/usr/includ\n            e/c++/9/bits/move.h:55,",
    "618                     from /var/tmp/koparasy/spack-stage/spack-stage-kok\n            kos-kernels-3.0.00-cbzz6frp5fbhtssyz2kdq6kk4y5imafq/spack-src/src/i\n            mpl/generated_specializations_cpp/axpby/KokkosBlas1_axpby_mv_eti_sp\n            ec_inst_dbl_LayoutLeft_Serial_HostSpace.cpp:52:\n  >> 619    /var/tmp/koparasy/spack-stage/spack-stage-kokkos-kernels-3.0.00-cbz\n            z6frp5fbhtssyz2kdq6kk4y5imafq/spack-src/src/blas/impl/KokkosBlas1_a\nxpby_impl.hpp:340:63: error: expected '(' before ',' token\n     620      340 |   static_assert (Kokkos::Impl::is_same<typename YV::value_t\n            ype,\n     621          |\n               ^\n     622          |\n               (",
    "621          |\n               ^\n     622          |\n               (\n  >> 623    /var/tmp/koparasy/spack-stage/spack-stage-kokkos-kernels-3.0.00-cbz\n            z6frp5fbhtssyz2kdq6kk4y5imafq/spack-src/src/blas/impl/KokkosBlas1_a\nxpby_impl.hpp:341:20: error: expected string-literal before 'typena\n            me'\n     624      341 |                    typename YV::non_const_value_type>::valu\n            e,\n     625          |                    ^~~~~~~~\n  >> 626    /var/tmp/koparasy/spack-stage/spack-stage-kokkos-kernels-3.0.00-cbz\n            z6frp5fbhtssyz2kdq6kk4y5imafq/spack-src/src/blas/impl/KokkosBlas1_a",
    "me'\n     624      341 |                    typename YV::non_const_value_type>::valu\n            e,\n     625          |                    ^~~~~~~~\n  >> 626    /var/tmp/koparasy/spack-stage/spack-stage-kokkos-kernels-3.0.00-cbz\n            z6frp5fbhtssyz2kdq6kk4y5imafq/spack-src/src/blas/impl/KokkosBlas1_a\nxpby_impl.hpp:340:64: error: expected ')' before 'typename'\n     627      340 |   static_assert (Kokkos::Impl::is_same<typename YV::value_t\n            ype,\n     628          |                 ~\n                ^\n     629          |\n                )",
    "z6frp5fbhtssyz2kdq6kk4y5imafq/spack-src/src/blas/impl/KokkosBlas1_a\n            xpby_mv_impl.hpp: In constructor 'KokkosBlas::Impl::Axpby_MV_Functo\n            r<AV, XMV, BV, YMV, scalar_x, scalar_y, SizeType>::Axpby_MV_Functor\n            (const XMV&, const YMV&, const AV&, const BV&)':\n  >> 635    /var/tmp/koparasy/spack-stage/spack-stage-kokkos-kernels-3.0.00-cbz\n            z6frp5fbhtssyz2kdq6kk4y5imafq/spack-src/src/blas/impl/KokkosBlas1_a\nxpby_mv_impl.hpp:98:34: error: 'is_same' is not a member of 'Kokkos\n            ::Impl'; did you mean 'std::is_same'?\n     636       98 |     static_assert (Kokkos::Impl::is_same<typename YMV::valu\n            e_type,\n     637          |                                  ^~~~~~~\n     638    In file included from /usr/tce/packages/gcc/gcc-9.3.1/rh/usr/includ\n            e/c++/9/bits/move.h:55,",
    "652                     from /var/tmp/koparasy/spack-stage/spack-stage-kok\n            kos-kernels-3.0.00-cbzz6frp5fbhtssyz2kdq6kk4y5imafq/spack-src/src/i\n            mpl/generated_specializations_cpp/axpby/KokkosBlas1_axpby_mv_eti_sp\n            ec_inst_dbl_LayoutLeft_Serial_HostSpace.cpp:52:\n  >> 653    /var/tmp/koparasy/spack-stage/spack-stage-kokkos-kernels-3.0.00-cbz\n            z6frp5fbhtssyz2kdq6kk4y5imafq/spack-src/src/blas/impl/KokkosBlas1_a\nxpby_mv_impl.hpp:98:66: error: expected '(' before ',' token\n     654       98 |     static_assert (Kokkos::Impl::is_same<typename YMV::valu\n            e_type,\n     655          |\n                  ^\n     656          |\n                  (",
    "655          |\n                  ^\n     656          |\n                  (\n  >> 657    /var/tmp/koparasy/spack-stage/spack-stage-kokkos-kernels-3.0.00-cbz\n            z6frp5fbhtssyz2kdq6kk4y5imafq/spack-src/src/blas/impl/KokkosBlas1_a\nxpby_mv_impl.hpp:99:20: error: expected string-literal before 'type\n            name'\n     658       99 |                    typename YMV::non_const_value_type>::val\n            ue,\n     659          |                    ^~~~~~~~\n  >> 660    /var/tmp/koparasy/spack-stage/spack-stage-kokkos-kernels-3.0.00-cbz\n            z6frp5fbhtssyz2kdq6kk4y5imafq/spack-src/src/blas/impl/KokkosBlas1_a",
    "name'\n     658       99 |                    typename YMV::non_const_value_type>::val\n            ue,\n     659          |                    ^~~~~~~~\n  >> 660    /var/tmp/koparasy/spack-stage/spack-stage-kokkos-kernels-3.0.00-cbz\n            z6frp5fbhtssyz2kdq6kk4y5imafq/spack-src/src/blas/impl/KokkosBlas1_a\nxpby_mv_impl.hpp:98:67: error: expected ')' before 'typename'\n     661       98 |     static_assert (Kokkos::Impl::is_same<typename YMV::valu\n            e_type,\n     662          |                   ~\n                   ^\n     663          |\n                   )",
    "r<typename XMV::non_const_value_type, XMV, typename YMV::non_const_\n            value_type, YMV, scalar_x, scalar_y, SizeType>::Axpby_MV_Functor(co\n            nst XMV&, const YMV&, const typename XMV::non_const_value_type&, co\n            nst typename YMV::non_const_value_type&)':\n  >> 667    /var/tmp/koparasy/spack-stage/spack-stage-kokkos-kernels-3.0.00-cbz\n            z6frp5fbhtssyz2kdq6kk4y5imafq/spack-src/src/blas/impl/KokkosBlas1_a\nxpby_mv_impl.hpp:332:34: error: 'is_same' is not a member of 'Kokko\n            s::Impl'; did you mean 'std::is_same'?\n     668      332 |     static_assert (Kokkos::Impl::is_same<typename YMV::valu\n            e_type,\n     669          |                                  ^~~~~~~\n     670    In file included from /usr/tce/packages/gcc/gcc-9.3.1/rh/usr/includ\n            e/c++/9/bits/move.h:55,",
    "684                     from /var/tmp/koparasy/spack-stage/spack-stage-kok\n            kos-kernels-3.0.00-cbzz6frp5fbhtssyz2kdq6kk4y5imafq/spack-src/src/i\n            mpl/generated_specializations_cpp/axpby/KokkosBlas1_axpby_mv_eti_sp\n            ec_inst_dbl_LayoutLeft_Serial_HostSpace.cpp:52:\n  >> 685    /var/tmp/koparasy/spack-stage/spack-stage-kokkos-kernels-3.0.00-cbz\n            z6frp5fbhtssyz2kdq6kk4y5imafq/spack-src/src/blas/impl/KokkosBlas1_a\nxpby_mv_impl.hpp:332:66: error: expected '(' before ',' token\n     686      332 |     static_assert (Kokkos::Impl::is_same<typename YMV::valu\n            e_type,\n     687          |\n                  ^\n     688          |\n                  (",
    "687          |\n                  ^\n     688          |\n                  (\n  >> 689    /var/tmp/koparasy/spack-stage/spack-stage-kokkos-kernels-3.0.00-cbz\n            z6frp5fbhtssyz2kdq6kk4y5imafq/spack-src/src/blas/impl/KokkosBlas1_a\nxpby_mv_impl.hpp:333:20: error: expected string-literal before 'typ\n            ename'\n     690      333 |                    typename YMV::non_const_value_type>::val\n            ue,\n     691          |                    ^~~~~~~~\n  >> 692    /var/tmp/koparasy/spack-stage/spack-stage-kokkos-kernels-3.0.00-cbz\n            z6frp5fbhtssyz2kdq6kk4y5imafq/spack-src/src/blas/impl/KokkosBlas1_a",
    "ename'\n     690      333 |                    typename YMV::non_const_value_type>::val\n            ue,\n     691          |                    ^~~~~~~~\n  >> 692    /var/tmp/koparasy/spack-stage/spack-stage-kokkos-kernels-3.0.00-cbz\n            z6frp5fbhtssyz2kdq6kk4y5imafq/spack-src/src/blas/impl/KokkosBlas1_a\nxpby_mv_impl.hpp:332:67: error: expected ')' before 'typename'\n     693      332 |     static_assert (Kokkos::Impl::is_same<typename YMV::valu\n            e_type,\n     694          |                   ~\n                   ^\n     695          |\n                   )",
    "xpby_mv_impl.hpp: In constructor 'KokkosBlas::Impl::Axpby_MV_Unroll\n            _Functor<AV, XMV, BV, YMV, scalar_x, scalar_y, UNROLL, SizeType>::A\n            xpby_MV_Unroll_Functor(const XMV&, const YMV&, const AV&, const BV&\n            , SizeType)':\n  >> 699    /var/tmp/koparasy/spack-stage/spack-stage-kokkos-kernels-3.0.00-cbz\n            z6frp5fbhtssyz2kdq6kk4y5imafq/spack-src/src/blas/impl/KokkosBlas1_a\nxpby_mv_impl.hpp:549:34: error: 'is_same' is not a member of 'Kokko\n            s::Impl'; did you mean 'std::is_same'?\n     700      549 |     static_assert (Kokkos::Impl::is_same<typename YMV::valu\n            e_type,\n     701          |                                  ^~~~~~~\n     702    In file included from /usr/tce/packages/gcc/gcc-9.3.1/rh/usr/includ\n            e/c++/9/bits/move.h:55,",
    "716                     from /var/tmp/koparasy/spack-stage/spack-stage-kok\n            kos-kernels-3.0.00-cbzz6frp5fbhtssyz2kdq6kk4y5imafq/spack-src/src/i\n            mpl/generated_specializations_cpp/axpby/KokkosBlas1_axpby_mv_eti_sp\n            ec_inst_dbl_LayoutLeft_Serial_HostSpace.cpp:52:\n  >> 717    /var/tmp/koparasy/spack-stage/spack-stage-kokkos-kernels-3.0.00-cbz\n            z6frp5fbhtssyz2kdq6kk4y5imafq/spack-src/src/blas/impl/KokkosBlas1_a\nxpby_mv_impl.hpp:549:66: error: expected '(' before ',' token\n     718      549 |     static_assert (Kokkos::Impl::is_same<typename YMV::valu\n            e_type,\n     719          |\n                  ^\n     720          |\n                  (",
    "719          |\n                  ^\n     720          |\n                  (\n  >> 721    /var/tmp/koparasy/spack-stage/spack-stage-kokkos-kernels-3.0.00-cbz\n            z6frp5fbhtssyz2kdq6kk4y5imafq/spack-src/src/blas/impl/KokkosBlas1_a\nxpby_mv_impl.hpp:550:20: error: expected string-literal before 'typ\n            ename'\n     722      550 |                    typename YMV::non_const_value_type>::val\n            ue,\n     723          |                    ^~~~~~~~\n  >> 724    /var/tmp/koparasy/spack-stage/spack-stage-kokkos-kernels-3.0.00-cbz\n            z6frp5fbhtssyz2kdq6kk4y5imafq/spack-src/src/blas/impl/KokkosBlas1_a",
    "ename'\n     722      550 |                    typename YMV::non_const_value_type>::val\n            ue,\n     723          |                    ^~~~~~~~\n  >> 724    /var/tmp/koparasy/spack-stage/spack-stage-kokkos-kernels-3.0.00-cbz\n            z6frp5fbhtssyz2kdq6kk4y5imafq/spack-src/src/blas/impl/KokkosBlas1_a\nxpby_mv_impl.hpp:549:67: error: expected ')' before 'typename'\n     725      549 |     static_assert (Kokkos::Impl::is_same<typename YMV::valu\n            e_type,\n     726          |                   ~\n                   ^\n     727          |\n                   )",
    "_const_value_type, YMV, scalar_x, scalar_y, UNROLL, SizeType>::Axpb\n            y_MV_Unroll_Functor(const XMV&, const YMV&, const typename XMV::non\n            _const_value_type&, const typename YMV::non_const_value_type&, Size\n            Type)':\n  >> 731    /var/tmp/koparasy/spack-stage/spack-stage-kokkos-kernels-3.0.00-cbz\n            z6frp5fbhtssyz2kdq6kk4y5imafq/spack-src/src/blas/impl/KokkosBlas1_a\nxpby_mv_impl.hpp:770:34: error: 'is_same' is not a member of 'Kokko\n            s::Impl'; did you mean 'std::is_same'?\n     732      770 |     static_assert (Kokkos::Impl::is_same<typename YMV::valu\n            e_type,\n     733          |                                  ^~~~~~~\n     734    In file included from /usr/tce/packages/gcc/gcc-9.3.1/rh/usr/includ\n            e/c++/9/bits/move.h:55,",
    "748                     from /var/tmp/koparasy/spack-stage/spack-stage-kok\n            kos-kernels-3.0.00-cbzz6frp5fbhtssyz2kdq6kk4y5imafq/spack-src/src/i\n            mpl/generated_specializations_cpp/axpby/KokkosBlas1_axpby_mv_eti_sp\n            ec_inst_dbl_LayoutLeft_Serial_HostSpace.cpp:52:\n  >> 749    /var/tmp/koparasy/spack-stage/spack-stage-kokkos-kernels-3.0.00-cbz\n            z6frp5fbhtssyz2kdq6kk4y5imafq/spack-src/src/blas/impl/KokkosBlas1_a\nxpby_mv_impl.hpp:770:66: error: expected '(' before ',' token\n     750      770 |     static_assert (Kokkos::Impl::is_same<typename YMV::valu\n            e_type,\n     751          |\n                  ^\n     752          |\n                  (",
    "751          |\n                  ^\n     752          |\n                  (\n  >> 753    /var/tmp/koparasy/spack-stage/spack-stage-kokkos-kernels-3.0.00-cbz\n            z6frp5fbhtssyz2kdq6kk4y5imafq/spack-src/src/blas/impl/KokkosBlas1_a\nxpby_mv_impl.hpp:771:20: error: expected string-literal before 'typ\n            ename'\n     754      771 |                    typename YMV::non_const_value_type>::val\n            ue,\n     755          |                    ^~~~~~~~\n  >> 756    /var/tmp/koparasy/spack-stage/spack-stage-kokkos-kernels-3.0.00-cbz\n            z6frp5fbhtssyz2kdq6kk4y5imafq/spack-src/src/blas/impl/KokkosBlas1_a",
    "ename'\n     754      771 |                    typename YMV::non_const_value_type>::val\n            ue,\n     755          |                    ^~~~~~~~\n  >> 756    /var/tmp/koparasy/spack-stage/spack-stage-kokkos-kernels-3.0.00-cbz\n            z6frp5fbhtssyz2kdq6kk4y5imafq/spack-src/src/blas/impl/KokkosBlas1_a\nxpby_mv_impl.hpp:770:67: error: expected ')' before 'typename'\n     757      770 |     static_assert (Kokkos::Impl::is_same<typename YMV::valu\n            e_type,\n     758          |                   ~\n                   ^\n     759          |\n                   )",
    "z6frp5fbhtssyz2kdq6kk4y5imafq/spack-src/src/blas/impl/KokkosBlas1_a\n            xpby_mv_impl.hpp: In function 'void KokkosBlas::Impl::Axpby_MV_Unro\n            lled(const AV&, const XMV&, const BV&, const YMV&, SizeType, int, i\n            nt)':\n  >> 763    /var/tmp/koparasy/spack-stage/spack-stage-kokkos-kernels-3.0.00-cbz\n            z6frp5fbhtssyz2kdq6kk4y5imafq/spack-src/src/blas/impl/KokkosBlas1_a\nxpby_mv_impl.hpp:984:32: error: 'is_same' is not a member of 'Kokko\n            s::Impl'; did you mean 'std::is_same'?\n     764      984 |   static_assert (Kokkos::Impl::is_same<typename YMV::value_\n            type,\n     765          |                                ^~~~~~~\n     766    In file included from /usr/tce/packages/gcc/gcc-9.3.1/rh/usr/includ\n            e/c++/9/bits/move.h:55,",
    "780                     from /var/tmp/koparasy/spack-stage/spack-stage-kok\n            kos-kernels-3.0.00-cbzz6frp5fbhtssyz2kdq6kk4y5imafq/spack-src/src/i\n            mpl/generated_specializations_cpp/axpby/KokkosBlas1_axpby_mv_eti_sp\n            ec_inst_dbl_LayoutLeft_Serial_HostSpace.cpp:52:\n  >> 781    /var/tmp/koparasy/spack-stage/spack-stage-kokkos-kernels-3.0.00-cbz\n            z6frp5fbhtssyz2kdq6kk4y5imafq/spack-src/src/blas/impl/KokkosBlas1_a\nxpby_mv_impl.hpp:984:64: error: expected '(' before ',' token\n     782      984 |   static_assert (Kokkos::Impl::is_same<typename YMV::value_\n            type,\n     783          |\n                ^\n     784          |\n                (",
    "783          |\n                ^\n     784          |\n                (\n  >> 785    /var/tmp/koparasy/spack-stage/spack-stage-kokkos-kernels-3.0.00-cbz\n            z6frp5fbhtssyz2kdq6kk4y5imafq/spack-src/src/blas/impl/KokkosBlas1_a\nxpby_mv_impl.hpp:985:20: error: expected string-literal before 'typ\n            ename'\n     786      985 |                    typename YMV::non_const_value_type>::val\n            ue,\n     787          |                    ^~~~~~~~\n  >> 788    /var/tmp/koparasy/spack-stage/spack-stage-kokkos-kernels-3.0.00-cbz\n            z6frp5fbhtssyz2kdq6kk4y5imafq/spack-src/src/blas/impl/KokkosBlas1_a",
    "ename'\n     786      985 |                    typename YMV::non_const_value_type>::val\n            ue,\n     787          |                    ^~~~~~~~\n  >> 788    /var/tmp/koparasy/spack-stage/spack-stage-kokkos-kernels-3.0.00-cbz\n            z6frp5fbhtssyz2kdq6kk4y5imafq/spack-src/src/blas/impl/KokkosBlas1_a\nxpby_mv_impl.hpp:984:65: error: expected ')' before 'typename'\n     789      984 |   static_assert (Kokkos::Impl::is_same<typename YMV::value_\n            type,\n     790          |                 ~\n                 ^\n     791          |\n                 )",
    "794    /var/tmp/koparasy/spack-stage/spack-stage-kokkos-kernels-3.0.00-cbz\n            z6frp5fbhtssyz2kdq6kk4y5imafq/spack-src/src/blas/impl/KokkosBlas1_a\n            xpby_mv_impl.hpp: In function 'void KokkosBlas::Impl::Axpby_MV_Gene\n            ric(const AV&, const XMV&, const BV&, const YMV&, int, int)':\n  >> 795    /var/tmp/koparasy/spack-stage/spack-stage-kokkos-kernels-3.0.00-cbz\n            z6frp5fbhtssyz2kdq6kk4y5imafq/spack-src/src/blas/impl/KokkosBlas1_a\nxpby_mv_impl.hpp:1122:32: error: 'is_same' is not a member of 'Kokk\n            os::Impl'; did you mean 'std::is_same'?\n     796     1122 |   static_assert (Kokkos::Impl::is_same<typename YMV::value_\n            type,\n     797          |                                ^~~~~~~\n     798    In file included from /usr/tce/packages/gcc/gcc-9.3.1/rh/usr/includ\n            e/c++/9/bits/move.h:55,",
    "812                     from /var/tmp/koparasy/spack-stage/spack-stage-kok\n            kos-kernels-3.0.00-cbzz6frp5fbhtssyz2kdq6kk4y5imafq/spack-src/src/i\n            mpl/generated_specializations_cpp/axpby/KokkosBlas1_axpby_mv_eti_sp\n            ec_inst_dbl_LayoutLeft_Serial_HostSpace.cpp:52:\n  >> 813    /var/tmp/koparasy/spack-stage/spack-stage-kokkos-kernels-3.0.00-cbz\n            z6frp5fbhtssyz2kdq6kk4y5imafq/spack-src/src/blas/impl/KokkosBlas1_a\nxpby_mv_impl.hpp:1122:64: error: expected '(' before ',' token\n     814     1122 |   static_assert (Kokkos::Impl::is_same<typename YMV::value_\n            type,\n     815          |\n                ^\n     816          |\n                (",
    "815          |\n                ^\n     816          |\n                (\n  >> 817    /var/tmp/koparasy/spack-stage/spack-stage-kokkos-kernels-3.0.00-cbz\n            z6frp5fbhtssyz2kdq6kk4y5imafq/spack-src/src/blas/impl/KokkosBlas1_a\nxpby_mv_impl.hpp:1123:20: error: expected string-literal before 'ty\n            pename'\n     818     1123 |                    typename YMV::non_const_value_type>::val\n            ue,\n     819          |                    ^~~~~~~~\n  >> 820    /var/tmp/koparasy/spack-stage/spack-stage-kokkos-kernels-3.0.00-cbz\n            z6frp5fbhtssyz2kdq6kk4y5imafq/spack-src/src/blas/impl/KokkosBlas1_a",
    "pename'\n     818     1123 |                    typename YMV::non_const_value_type>::val\n            ue,\n     819          |                    ^~~~~~~~\n  >> 820    /var/tmp/koparasy/spack-stage/spack-stage-kokkos-kernels-3.0.00-cbz\n            z6frp5fbhtssyz2kdq6kk4y5imafq/spack-src/src/blas/impl/KokkosBlas1_a\nxpby_mv_impl.hpp:1122:65: error: expected ')' before 'typename'\n     821     1122 |   static_assert (Kokkos::Impl::is_same<typename YMV::value_\n            type,\n     822          |                 ~\n                 ^\n     823          |\n                 )",
    "z6frp5fbhtssyz2kdq6kk4y5imafq/spack-src/src/blas/impl/KokkosBlas1_a\n            xpby_mv_impl.hpp: In static member function 'static void KokkosBlas\n            ::Impl::Axpby_MV_Invoke_Left<AV, XMV, BV, YMV, SizeType>::run(const\n             AV&, const XMV&, const BV&, const YMV&, int, int)':\n  >> 827    /var/tmp/koparasy/spack-stage/spack-stage-kokkos-kernels-3.0.00-cbz\n            z6frp5fbhtssyz2kdq6kk4y5imafq/spack-src/src/blas/impl/KokkosBlas1_a\nxpby_mv_impl.hpp:1262:32: error: 'is_same' is not a member of 'Kokk\n            os::Impl'; did you mean 'std::is_same'?\n     828     1262 |   static_assert (Kokkos::Impl::is_same<typename YMV::value_\n            type,\n     829          |                                ^~~~~~~\n     830    In file included from /usr/tce/packages/gcc/gcc-9.3.1/rh/usr/includ\n            e/c++/9/bits/move.h:55,",
    "844                     from /var/tmp/koparasy/spack-stage/spack-stage-kok\n            kos-kernels-3.0.00-cbzz6frp5fbhtssyz2kdq6kk4y5imafq/spack-src/src/i\n            mpl/generated_specializations_cpp/axpby/KokkosBlas1_axpby_mv_eti_sp\n            ec_inst_dbl_LayoutLeft_Serial_HostSpace.cpp:52:\n  >> 845    /var/tmp/koparasy/spack-stage/spack-stage-kokkos-kernels-3.0.00-cbz\n            z6frp5fbhtssyz2kdq6kk4y5imafq/spack-src/src/blas/impl/KokkosBlas1_a\nxpby_mv_impl.hpp:1262:64: error: expected '(' before ',' token\n     846     1262 |   static_assert (Kokkos::Impl::is_same<typename YMV::value_\n            type,\n     847          |\n                ^\n     848          |\n                (",
    "847          |\n                ^\n     848          |\n                (\n  >> 849    /var/tmp/koparasy/spack-stage/spack-stage-kokkos-kernels-3.0.00-cbz\n            z6frp5fbhtssyz2kdq6kk4y5imafq/spack-src/src/blas/impl/KokkosBlas1_a\nxpby_mv_impl.hpp:1263:18: error: expected string-literal before 'ty\n            pename'\n     850     1263 |                  typename YMV::non_const_value_type>::value\n            ,\n     851          |                  ^~~~~~~~\n  >> 852    /var/tmp/koparasy/spack-stage/spack-stage-kokkos-kernels-3.0.00-cbz\n            z6frp5fbhtssyz2kdq6kk4y5imafq/spack-src/src/blas/impl/KokkosBlas1_a",
    "pename'\n     850     1263 |                  typename YMV::non_const_value_type>::value\n            ,\n     851          |                  ^~~~~~~~\n  >> 852    /var/tmp/koparasy/spack-stage/spack-stage-kokkos-kernels-3.0.00-cbz\n            z6frp5fbhtssyz2kdq6kk4y5imafq/spack-src/src/blas/impl/KokkosBlas1_a\nxpby_mv_impl.hpp:1262:65: error: expected ')' before 'typename'\n     853     1262 |   static_assert (Kokkos::Impl::is_same<typename YMV::value_\n            type,\n     854          |                 ~\n                 ^\n     855          |\n                 )",
    "z6frp5fbhtssyz2kdq6kk4y5imafq/spack-src/src/blas/impl/KokkosBlas1_a\n            xpby_mv_impl.hpp: In static member function 'static void KokkosBlas\n            ::Impl::Axpby_MV_Invoke_Right<AV, XMV, BV, YMV, SizeType>::run(cons\n            t AV&, const XMV&, const BV&, const YMV&, int, int)':\n  >> 859    /var/tmp/koparasy/spack-stage/spack-stage-kokkos-kernels-3.0.00-cbz\n            z6frp5fbhtssyz2kdq6kk4y5imafq/spack-src/src/blas/impl/KokkosBlas1_a\nxpby_mv_impl.hpp:1341:32: error: 'is_same' is not a member of 'Kokk\n            os::Impl'; did you mean 'std::is_same'?\n     860     1341 |   static_assert (Kokkos::Impl::is_same<typename YMV::value_\n            type,\n     861          |                                ^~~~~~~\n     862    In file included from /usr/tce/packages/gcc/gcc-9.3.1/rh/usr/includ\n            e/c++/9/bits/move.h:55,",
    "876                     from /var/tmp/koparasy/spack-stage/spack-stage-kok\n            kos-kernels-3.0.00-cbzz6frp5fbhtssyz2kdq6kk4y5imafq/spack-src/src/i\n            mpl/generated_specializations_cpp/axpby/KokkosBlas1_axpby_mv_eti_sp\n            ec_inst_dbl_LayoutLeft_Serial_HostSpace.cpp:52:\n  >> 877    /var/tmp/koparasy/spack-stage/spack-stage-kokkos-kernels-3.0.00-cbz\n            z6frp5fbhtssyz2kdq6kk4y5imafq/spack-src/src/blas/impl/KokkosBlas1_a\nxpby_mv_impl.hpp:1341:64: error: expected '(' before ',' token\n     878     1341 |   static_assert (Kokkos::Impl::is_same<typename YMV::value_\n            type,\n     879          |\n                ^\n     880          |\n                (",
    "879          |\n                ^\n     880          |\n                (\n  >> 881    /var/tmp/koparasy/spack-stage/spack-stage-kokkos-kernels-3.0.00-cbz\n            z6frp5fbhtssyz2kdq6kk4y5imafq/spack-src/src/blas/impl/KokkosBlas1_a\nxpby_mv_impl.hpp:1342:18: error: expected string-literal before 'ty\n            pename'\n     882     1342 |                  typename YMV::non_const_value_type>::value\n            ,\n     883          |                  ^~~~~~~~\n  >> 884    /var/tmp/koparasy/spack-stage/spack-stage-kokkos-kernels-3.0.00-cbz\n            z6frp5fbhtssyz2kdq6kk4y5imafq/spack-src/src/blas/impl/KokkosBlas1_a",
    "pename'\n     882     1342 |                  typename YMV::non_const_value_type>::value\n            ,\n     883          |                  ^~~~~~~~\n  >> 884    /var/tmp/koparasy/spack-stage/spack-stage-kokkos-kernels-3.0.00-cbz\n            z6frp5fbhtssyz2kdq6kk4y5imafq/spack-src/src/blas/impl/KokkosBlas1_a\nxpby_mv_impl.hpp:1341:65: error: expected ')' before 'typename'\n     885     1341 |   static_assert (Kokkos::Impl::is_same<typename YMV::value_\n            type,\n     886          |                 ~\n                 ^\n     887          |\n                 )",
    "z6frp5fbhtssyz2kdq6kk4y5imafq/spack-src/src/blas/impl/KokkosBlas1_a\n            xpby_spec.hpp: In static member function 'static void KokkosBlas::I\n            mpl::Axpby<AV, XMV, BV, YMV, 2, false, true>::axpby(const AV&, cons\n            t XMV&, const BV&, const YMV&)':\n  >> 892    /var/tmp/koparasy/spack-stage/spack-stage-kokkos-kernels-3.0.00-cbz\n            z6frp5fbhtssyz2kdq6kk4y5imafq/spack-src/src/blas/impl/KokkosBlas1_a\nxpby_spec.hpp:173:34: error: 'is_same' is not a member of 'Kokkos::\n            Impl'; did you mean 'std::is_same'?\n     893      173 |     static_assert (Kokkos::Impl::is_same<typename YMV::valu\n            e_type,\n     894          |                                  ^~~~~~~\n     895    In file included from /usr/tce/packages/gcc/gcc-9.3.1/rh/usr/includ\n            e/c++/9/bits/move.h:55,",
    "908    In file included from /var/tmp/koparasy/spack-stage/spack-stage-kok\n            kos-kernels-3.0.00-cbzz6frp5fbhtssyz2kdq6kk4y5imafq/spack-src/src/i\n            mpl/generated_specializations_cpp/axpby/KokkosBlas1_axpby_mv_eti_sp\n            ec_inst_dbl_LayoutLeft_Serial_HostSpace.cpp:52:\n  >> 909    /var/tmp/koparasy/spack-stage/spack-stage-kokkos-kernels-3.0.00-cbz\n            z6frp5fbhtssyz2kdq6kk4y5imafq/spack-src/src/blas/impl/KokkosBlas1_a\nxpby_spec.hpp:173:66: error: expected '(' before ',' token\n     910      173 |     static_assert (Kokkos::Impl::is_same<typename YMV::valu\n            e_type,\n     911          |\n                  ^\n     912          |\n                  (",
    "911          |\n                  ^\n     912          |\n                  (\n  >> 913    /var/tmp/koparasy/spack-stage/spack-stage-kokkos-kernels-3.0.00-cbz\n            z6frp5fbhtssyz2kdq6kk4y5imafq/spack-src/src/blas/impl/KokkosBlas1_a\nxpby_spec.hpp:174:22: error: expected string-literal before 'typena\n            me'\n     914      174 |                      typename YMV::non_const_value_type>::v\n            alue,\n     915          |                      ^~~~~~~~\n  >> 916    /var/tmp/koparasy/spack-stage/spack-stage-kokkos-kernels-3.0.00-cbz\n            z6frp5fbhtssyz2kdq6kk4y5imafq/spack-src/src/blas/impl/KokkosBlas1_a",
    "me'\n     914      174 |                      typename YMV::non_const_value_type>::v\n            alue,\n     915          |                      ^~~~~~~~\n  >> 916    /var/tmp/koparasy/spack-stage/spack-stage-kokkos-kernels-3.0.00-cbz\n            z6frp5fbhtssyz2kdq6kk4y5imafq/spack-src/src/blas/impl/KokkosBlas1_a\nxpby_spec.hpp:173:67: error: expected ')' before 'typename'\n     917      173 |     static_assert (Kokkos::Impl::is_same<typename YMV::valu\n            e_type,\n     918          |                   ~\n                   ^\n     919          |\n                   )",
    "xpby_spec.hpp: In static member function 'static void KokkosBlas::I\n            mpl::Axpby<typename XMV::non_const_value_type, XMV, typename YMV::n\n            on_const_value_type, YMV, 2, false, true>::axpby(const AV&, const X\n            MV&, const BV&, const YMV&)':\n  >> 924    /var/tmp/koparasy/spack-stage/spack-stage-kokkos-kernels-3.0.00-cbz\n            z6frp5fbhtssyz2kdq6kk4y5imafq/spack-src/src/blas/impl/KokkosBlas1_a\nxpby_spec.hpp:242:34: error: 'is_same' is not a member of 'Kokkos::\n            Impl'; did you mean 'std::is_same'?\n     925      242 |     static_assert (Kokkos::Impl::is_same<typename YMV::valu\n            e_type,\n     926          |                                  ^~~~~~~\n     927    In file included from /usr/tce/packages/gcc/gcc-9.3.1/rh/usr/includ\n            e/c++/9/bits/move.h:55,",
    "940    In file included from /var/tmp/koparasy/spack-stage/spack-stage-kok\n            kos-kernels-3.0.00-cbzz6frp5fbhtssyz2kdq6kk4y5imafq/spack-src/src/i\n            mpl/generated_specializations_cpp/axpby/KokkosBlas1_axpby_mv_eti_sp\n            ec_inst_dbl_LayoutLeft_Serial_HostSpace.cpp:52:\n  >> 941    /var/tmp/koparasy/spack-stage/spack-stage-kokkos-kernels-3.0.00-cbz\n            z6frp5fbhtssyz2kdq6kk4y5imafq/spack-src/src/blas/impl/KokkosBlas1_a\nxpby_spec.hpp:242:66: error: expected '(' before ',' token\n     942      242 |     static_assert (Kokkos::Impl::is_same<typename YMV::valu\n            e_type,\n     943          |\n                  ^\n     944          |\n                  (",
    "943          |\n                  ^\n     944          |\n                  (\n  >> 945    /var/tmp/koparasy/spack-stage/spack-stage-kokkos-kernels-3.0.00-cbz\n            z6frp5fbhtssyz2kdq6kk4y5imafq/spack-src/src/blas/impl/KokkosBlas1_a\nxpby_spec.hpp:243:22: error: expected string-literal before 'typena\n            me'\n     946      243 |                      typename YMV::non_const_value_type>::v\n            alue,\n     947          |                      ^~~~~~~~\n  >> 948    /var/tmp/koparasy/spack-stage/spack-stage-kokkos-kernels-3.0.00-cbz\n            z6frp5fbhtssyz2kdq6kk4y5imafq/spack-src/src/blas/impl/KokkosBlas1_a",
    "me'\n     946      243 |                      typename YMV::non_const_value_type>::v\n            alue,\n     947          |                      ^~~~~~~~\n  >> 948    /var/tmp/koparasy/spack-stage/spack-stage-kokkos-kernels-3.0.00-cbz\n            z6frp5fbhtssyz2kdq6kk4y5imafq/spack-src/src/blas/impl/KokkosBlas1_a\nxpby_spec.hpp:242:67: error: expected ')' before 'typename'\n     949      242 |     static_assert (Kokkos::Impl::is_same<typename YMV::valu\n            e_type,\n     950          |                   ~\n                   ^\n     951          |\n                   )",
    "xpby_spec.hpp: In static member function 'static void KokkosBlas::I\n            mpl::Axpby<typename XV::non_const_value_type, XV, typename YV::non_\n            const_value_type, YV, 1, false, true>::axpby(const AV&, const XV&,\n            const BV&, const YV&)':\n  >> 955    /var/tmp/koparasy/spack-stage/spack-stage-kokkos-kernels-3.0.00-cbz\n            z6frp5fbhtssyz2kdq6kk4y5imafq/spack-src/src/blas/impl/KokkosBlas1_a\nxpby_spec.hpp:335:34: error: 'is_same' is not a member of 'Kokkos::\n            Impl'; did you mean 'std::is_same'?\n     956      335 |     static_assert (Kokkos::Impl::is_same<typename YV::value\n            _type,\n     957          |                                  ^~~~~~~\n     958    In file included from /usr/tce/packages/gcc/gcc-9.3.1/rh/usr/includ\n            e/c++/9/bits/move.h:55,",
    "971    In file included from /var/tmp/koparasy/spack-stage/spack-stage-kok\n            kos-kernels-3.0.00-cbzz6frp5fbhtssyz2kdq6kk4y5imafq/spack-src/src/i\n            mpl/generated_specializations_cpp/axpby/KokkosBlas1_axpby_mv_eti_sp\n            ec_inst_dbl_LayoutLeft_Serial_HostSpace.cpp:52:\n  >> 972    /var/tmp/koparasy/spack-stage/spack-stage-kokkos-kernels-3.0.00-cbz\n            z6frp5fbhtssyz2kdq6kk4y5imafq/spack-src/src/blas/impl/KokkosBlas1_a\nxpby_spec.hpp:335:65: error: expected '(' before ',' token\n     973      335 |     static_assert (Kokkos::Impl::is_same<typename YV::value\n            _type,\n     974          |\n                 ^\n     975          |\n                 (",
    "974          |\n                 ^\n     975          |\n                 (\n  >> 976    /var/tmp/koparasy/spack-stage/spack-stage-kokkos-kernels-3.0.00-cbz\n            z6frp5fbhtssyz2kdq6kk4y5imafq/spack-src/src/blas/impl/KokkosBlas1_a\nxpby_spec.hpp:336:22: error: expected string-literal before 'typena\n            me'\n     977      336 |                      typename YV::non_const_value_type>::va\n            lue,\n     978          |                      ^~~~~~~~\n  >> 979    /var/tmp/koparasy/spack-stage/spack-stage-kokkos-kernels-3.0.00-cbz\n            z6frp5fbhtssyz2kdq6kk4y5imafq/spack-src/src/blas/impl/KokkosBlas1_a",
    "me'\n     977      336 |                      typename YV::non_const_value_type>::va\n            lue,\n     978          |                      ^~~~~~~~\n  >> 979    /var/tmp/koparasy/spack-stage/spack-stage-kokkos-kernels-3.0.00-cbz\n            z6frp5fbhtssyz2kdq6kk4y5imafq/spack-src/src/blas/impl/KokkosBlas1_a\nxpby_spec.hpp:335:66: error: expected ')' before 'typename'\n     980      335 |     static_assert (Kokkos::Impl::is_same<typename YV::value\n            _type,\n     981          |                   ~\n                  ^\n     982          |\n                  )",
    ">> 985    make[2]: *** [src/CMakeFiles/kokkoskernels.dir/impl/generated_speci\n            alizations_cpp/axpby/KokkosBlas1_axpby_mv_eti_spec_inst_dbl_LayoutL\n            eft_Serial_HostSpace.cpp.o] Error 1\n     986    make[2]: Leaving directory `/tmp/koparasy/spack-stage/spack-stage-k\n            okkos-kernels-3.0.00-cbzz6frp5fbhtssyz2kdq6kk4y5imafq/spack-build-c\n            bzz6fr'\n>> 987    make[1]: *** [src/CMakeFiles/kokkoskernels.dir/all] Error 2\n     988    make[1]: Leaving directory `/tmp/koparasy/spack-stage/spack-stage-k\n            okkos-kernels-3.0.00-cbzz6frp5fbhtssyz2kdq6kk4y5imafq/spack-build-c\n            bzz6fr'\n  >> 989    make: *** [all] Error 2\n\nSee build log for details:",
    "okkos-kernels-3.0.00-cbzz6frp5fbhtssyz2kdq6kk4y5imafq/spack-build-c\n            bzz6fr'\n  >> 987    make[1]: *** [src/CMakeFiles/kokkoskernels.dir/all] Error 2\n     988    make[1]: Leaving directory `/tmp/koparasy/spack-stage/spack-stage-k\n            okkos-kernels-3.0.00-cbzz6frp5fbhtssyz2kdq6kk4y5imafq/spack-build-c\n            bzz6fr'\n>> 989    make: *** [all] Error 2\n\nSee build log for details:\n  /var/tmp/koparasy/spack-stage/spack-stage-kokkos-kernels-3.0.00-cbzz6frp5fbhtssyz2kdq6kk4y5imafq/spack-build-out.txt\n\nTraceback (most recent call last):\n  File \"/p/vast1/koparasy/BUILD/head/spack/lib/spack/spack/build_environment.py\", line 1035, in _setup_pkg_and_run"
]