[
    "5.0-mop6ozgeem4b4h3lvqfe7n7knk5nagba/spack-src/src/axom/quest/MeshT\n            ester.hpp:26,\n     251                     from /tmp/koparasy/spack-stage/spack-stage-axom-0.\n            5.0-mop6ozgeem4b4h3lvqfe7n7knk5nagba/spack-src/src/axom/quest/MeshT\n            ester.cpp:7:\n  >> 252    /tmp/koparasy/spack-stage/spack-stage-axom-0.5.0-mop6ozgeem4b4h3lvq\nfe7n7knk5nagba/spack-src/src/axom/spin/BVH.hpp:20:4: error: #error\n            *** The spin::BVH class requires RAJA and Umpire ***\n     253       #error*** The spin::BVH class requires RAJA and Umpire ***\n     254        ^~~~~\n     255    make[2]: Leaving directory `/tmp/koparasy/spack-stage/spack-stage-a\n            xom-0.5.0-mop6ozgeem4b4h3lvqfe7n7knk5nagba/spack-build-mop6ozg'\n     256    [ 11%] Built target lumberjack",
    "277    /tmp/koparasy/spack-stage/spack-stage-axom-0.5.0-mop6ozgeem4b4h3lvq\n            fe7n7knk5nagba/spack-src/src/axom/quest/MeshTester.hpp: In function\n             'void axom::quest::findTriMeshIntersectionsBVH(axom::mint::Unstruc\n            turedMesh<(axom::mint::Topology)0>*, std::vector<std::pair<int, int\n            > >&, std::vector<int>&, double)':\n  >> 278    /tmp/koparasy/spack-stage/spack-stage-axom-0.5.0-mop6ozgeem4b4h3lvq\nfe7n7knk5nagba/spack-src/src/axom/quest/MeshTester.hpp:119:3: error\n            : 'umpire' has not been declared\n     279       umpire::ResourceManager& rm = umpire::ResourceManager::getInstan\n            ce();\n     280       ^~~~~~\n  >> 281    /tmp/koparasy/spack-stage/spack-stage-axom-0.5.0-mop6ozgeem4b4h3lvq\n            fe7n7knk5nagba/spack-src/src/axom/quest/MeshTester.hpp:119:28: erro",
    "fe7n7knk5nagba/spack-src/src/axom/quest/MeshTester.hpp:119:33: erro\n            r: 'umpire' has not been declared\n     289       umpire::ResourceManager& rm = umpire::ResourceManager::getInstan\n            ce();\n     290                                     ^~~~~~\n  >> 291    /tmp/koparasy/spack-stage/spack-stage-axom-0.5.0-mop6ozgeem4b4h3lvq\nfe7n7knk5nagba/spack-src/src/axom/quest/MeshTester.hpp:122:3: error\n            : 'umpire' has not been declared\n     292       umpire::Allocator allocator =\n     293       ^~~~~~\n  >> 294    /tmp/koparasy/spack-stage/spack-stage-axom-0.5.0-mop6ozgeem4b4h3lvq\n            fe7n7knk5nagba/spack-src/src/axom/quest/MeshTester.hpp:127:3: error\n            : 'umpire' has not been declared",
    ">> 291    /tmp/koparasy/spack-stage/spack-stage-axom-0.5.0-mop6ozgeem4b4h3lvq\n            fe7n7knk5nagba/spack-src/src/axom/quest/MeshTester.hpp:122:3: error\n            : 'umpire' has not been declared\n     292       umpire::Allocator allocator =\n     293       ^~~~~~\n  >> 294    /tmp/koparasy/spack-stage/spack-stage-axom-0.5.0-mop6ozgeem4b4h3lvq\nfe7n7knk5nagba/spack-src/src/axom/quest/MeshTester.hpp:127:3: error\n            : 'umpire' has not been declared\n     295       umpire::Allocator pool_allocator =\n     296       ^~~~~~\n  >> 297    /tmp/koparasy/spack-stage/spack-stage-axom-0.5.0-mop6ozgeem4b4h3lvq\n            fe7n7knk5nagba/spack-src/src/axom/quest/MeshTester.hpp:133:22: erro\n            r: 'pool_allocator' was not declared in this scope",
    "ack-stage-axom-0.5.0-mop6ozgeem4b4h3lvqfe7n7knk5nagba/spack-src/src\n            /axom/slic/streams/LumberjackStream.cpp\n  >> 337    make[2]: *** [axom/quest/CMakeFiles/quest.dir/MeshTester.cpp.o] Err\n            or 1\n     338    make[2]: Leaving directory `/tmp/koparasy/spack-stage/spack-stage-a\n            xom-0.5.0-mop6ozgeem4b4h3lvqfe7n7knk5nagba/spack-build-mop6ozg'\n>> 339    make[1]: *** [axom/quest/CMakeFiles/quest.dir/all] Error 2\n     340    make[1]: *** Waiting for unfinished jobs....\n     341    [ 14%] Building CXX object axom/slic/CMakeFiles/slic.dir/interface/\n            c_fortran/wrapSLIC.cpp.o\n     342    cd /tmp/koparasy/spack-stage/spack-stage-axom-0.5.0-mop6ozgeem4b4h3\n            lvqfe7n7knk5nagba/spack-build-mop6ozg/axom/slic && /p/vast1/koparas\n            y/BUILD/spack/lib/spack/env/gcc/g++ -DAXOM_DEBUG -I/tmp/koparasy/sp",
    "352    [ 16%] Built target slam\n     353    make[2]: Leaving directory `/tmp/koparasy/spack-stage/spack-stage-a\n            xom-0.5.0-mop6ozgeem4b4h3lvqfe7n7knk5nagba/spack-build-mop6ozg'\n     354    [ 16%] Built target core\n     355    make[1]: Leaving directory `/tmp/koparasy/spack-stage/spack-stage-a\n            xom-0.5.0-mop6ozgeem4b4h3lvqfe7n7knk5nagba/spack-build-mop6ozg'\n>> 356    make: *** [all] Error 2\n\nSee build log for details:\n  /var/tmp/koparasy/spack-stage/spack-stage-axom-0.5.0-mop6ozgeem4b4h3lvqfe7n7knk5nagba/spack-build-out.txt\n\nTraceback (most recent call last):\n  File \"/p/vast1/koparasy/BUILD/spack/lib/spack/spack/build_environment.py\", line 1035, in _setup_pkg_and_run"
]