[
    "1202    [ 54%] Linking CXX executable examples/Dbench_cg\n     1203    /p/vast1/koparasy/BUILD/spack_cluster_installer/quartz/phist/spack\n             _env_dir/linux-rhel7-broadwell/gcc-9.3.1/cmake-3.9.0-ajn6ok446bp5c\n             kp2tgt5cssokfk6xdkh/bin/cmake -E cmake_link_script CMakeFiles/Dben\n             ch_cg.dir/link.txt --verbose=1\n  >> 1204    /usr/tce/packages/gcc/gcc-9.3.1/rh/usr/bin/../libexec/gcc/x86_64-r\nedhat-linux/9/ld: libphist_kernels_builtin.so: undefined reference\n              to `omp_get_max_threads_'\n  >> 1205    collect2: error: ld returned 1 exit status\n  >> 1206    make[2]: *** [examples/Dbench_mvec_dot_mvec] Error 1\n     1207    make[2]: Leaving directory `/tmp/koparasy/spack-stage/spack-stage-\n             phist-1.9.5-aaud6oslmwfppe64dbetimaiwttohcaf/spack-build-aaud6os'\n  >> 1208    make[1]: *** [CMakeFiles/Dbench_mvec_dot_mvec.dir/all] Error 2",
    "_env_dir/linux-rhel7-broadwell/gcc-9.3.1/cmake-3.9.0-ajn6ok446bp5c\n             kp2tgt5cssokfk6xdkh/bin/cmake -E cmake_link_script CMakeFiles/Dben\n             ch_cg.dir/link.txt --verbose=1\n  >> 1204    /usr/tce/packages/gcc/gcc-9.3.1/rh/usr/bin/../libexec/gcc/x86_64-r\n             edhat-linux/9/ld: libphist_kernels_builtin.so: undefined reference\n              to `omp_get_max_threads_'\n>> 1205    collect2: error: ld returned 1 exit status\n  >> 1206    make[2]: *** [examples/Dbench_mvec_dot_mvec] Error 1\n     1207    make[2]: Leaving directory `/tmp/koparasy/spack-stage/spack-stage-\n             phist-1.9.5-aaud6oslmwfppe64dbetimaiwttohcaf/spack-build-aaud6os'\n  >> 1208    make[1]: *** [CMakeFiles/Dbench_mvec_dot_mvec.dir/all] Error 2\n     1209    make[1]: *** Waiting for unfinished jobs....\n     1210    [ 55%] Building CXX object CMakeFiles/phist-1.9.5-core-test-RelWit",
    "kp2tgt5cssokfk6xdkh/bin/cmake -E cmake_link_script CMakeFiles/Dben\n             ch_cg.dir/link.txt --verbose=1\n  >> 1204    /usr/tce/packages/gcc/gcc-9.3.1/rh/usr/bin/../libexec/gcc/x86_64-r\n             edhat-linux/9/ld: libphist_kernels_builtin.so: undefined reference\n              to `omp_get_max_threads_'\n  >> 1205    collect2: error: ld returned 1 exit status\n>> 1206    make[2]: *** [examples/Dbench_mvec_dot_mvec] Error 1\n     1207    make[2]: Leaving directory `/tmp/koparasy/spack-stage/spack-stage-\n             phist-1.9.5-aaud6oslmwfppe64dbetimaiwttohcaf/spack-build-aaud6os'\n  >> 1208    make[1]: *** [CMakeFiles/Dbench_mvec_dot_mvec.dir/all] Error 2\n     1209    make[1]: *** Waiting for unfinished jobs....\n     1210    [ 55%] Building CXX object CMakeFiles/phist-1.9.5-core-test-RelWit\n             hDebInfo.dir/test/core/OpTest.cpp.o",
    "edhat-linux/9/ld: libphist_kernels_builtin.so: undefined reference\n              to `omp_get_max_threads_'\n  >> 1205    collect2: error: ld returned 1 exit status\n  >> 1206    make[2]: *** [examples/Dbench_mvec_dot_mvec] Error 1\n     1207    make[2]: Leaving directory `/tmp/koparasy/spack-stage/spack-stage-\n             phist-1.9.5-aaud6oslmwfppe64dbetimaiwttohcaf/spack-build-aaud6os'\n>> 1208    make[1]: *** [CMakeFiles/Dbench_mvec_dot_mvec.dir/all] Error 2\n     1209    make[1]: *** Waiting for unfinished jobs....\n     1210    [ 55%] Building CXX object CMakeFiles/phist-1.9.5-core-test-RelWit\n             hDebInfo.dir/test/core/OpTest.cpp.o\n     1211    /p/vast1/koparasy/BUILD/spack_cluster_installer/quartz/phist/spack\n             _env_dir/linux-rhel7-broadwell/gcc-9.3.1/mpich-3.3.2-rq6s2a5f726vc\n             pa4lrpyipn6q2phmqvt/bin/mpic++  -DGTEST_HAS_EXCEPTIONS=1 -DGTEST_H",
    "ck_env_dir/linux-rhel7-broadwell/gcc-9.3.1/mpich-3.3.2-rq6s2a5f726\n             vcpa4lrpyipn6q2phmqvt/lib/libmpi.so /p/vast1/koparasy/BUILD/spack_\n             cluster_installer/quartz/phist/spack_env_dir/linux-rhel7-broadwell\n             /gcc-9.3.1/mpich-3.3.2-rq6s2a5f726vcpa4lrpyipn6q2phmqvt/lib/libmpi\n             fort.so -lm\n  >> 1213    /usr/tce/packages/gcc/gcc-9.3.1/rh/usr/bin/../libexec/gcc/x86_64-r\nedhat-linux/9/ld: libphist_kernels_builtin.so: undefined reference\n              to `omp_get_max_threads_'\n  >> 1214    collect2: error: ld returned 1 exit status\n  >> 1215    make[2]: *** [examples/Dbench_cg_prec] Error 1\n     1216    make[2]: Leaving directory `/tmp/koparasy/spack-stage/spack-stage-\n             phist-1.9.5-aaud6oslmwfppe64dbetimaiwttohcaf/spack-build-aaud6os'\n  >> 1217    make[1]: *** [CMakeFiles/Dbench_cg_prec.dir/all] Error 2",
    "cluster_installer/quartz/phist/spack_env_dir/linux-rhel7-broadwell\n             /gcc-9.3.1/mpich-3.3.2-rq6s2a5f726vcpa4lrpyipn6q2phmqvt/lib/libmpi\n             fort.so -lm\n  >> 1213    /usr/tce/packages/gcc/gcc-9.3.1/rh/usr/bin/../libexec/gcc/x86_64-r\n             edhat-linux/9/ld: libphist_kernels_builtin.so: undefined reference\n              to `omp_get_max_threads_'\n>> 1214    collect2: error: ld returned 1 exit status\n  >> 1215    make[2]: *** [examples/Dbench_cg_prec] Error 1\n     1216    make[2]: Leaving directory `/tmp/koparasy/spack-stage/spack-stage-\n             phist-1.9.5-aaud6oslmwfppe64dbetimaiwttohcaf/spack-build-aaud6os'\n  >> 1217    make[1]: *** [CMakeFiles/Dbench_cg_prec.dir/all] Error 2\n     1218    [ 55%] Building CXX object CMakeFiles/phist-1.9.5-core-test-RelWit\n             hDebInfo.dir/test/core/OrthogTest.cpp.o",
    "/gcc-9.3.1/mpich-3.3.2-rq6s2a5f726vcpa4lrpyipn6q2phmqvt/lib/libmpi\n             fort.so -lm\n  >> 1213    /usr/tce/packages/gcc/gcc-9.3.1/rh/usr/bin/../libexec/gcc/x86_64-r\n             edhat-linux/9/ld: libphist_kernels_builtin.so: undefined reference\n              to `omp_get_max_threads_'\n  >> 1214    collect2: error: ld returned 1 exit status\n>> 1215    make[2]: *** [examples/Dbench_cg_prec] Error 1\n     1216    make[2]: Leaving directory `/tmp/koparasy/spack-stage/spack-stage-\n             phist-1.9.5-aaud6oslmwfppe64dbetimaiwttohcaf/spack-build-aaud6os'\n  >> 1217    make[1]: *** [CMakeFiles/Dbench_cg_prec.dir/all] Error 2\n     1218    [ 55%] Building CXX object CMakeFiles/phist-1.9.5-core-test-RelWit\n             hDebInfo.dir/test/core/OrthogTest.cpp.o\n     1219    /p/vast1/koparasy/BUILD/spack_cluster_installer/quartz/phist/spack",
    "edhat-linux/9/ld: libphist_kernels_builtin.so: undefined reference\n              to `omp_get_max_threads_'\n  >> 1214    collect2: error: ld returned 1 exit status\n  >> 1215    make[2]: *** [examples/Dbench_cg_prec] Error 1\n     1216    make[2]: Leaving directory `/tmp/koparasy/spack-stage/spack-stage-\n             phist-1.9.5-aaud6oslmwfppe64dbetimaiwttohcaf/spack-build-aaud6os'\n>> 1217    make[1]: *** [CMakeFiles/Dbench_cg_prec.dir/all] Error 2\n     1218    [ 55%] Building CXX object CMakeFiles/phist-1.9.5-core-test-RelWit\n             hDebInfo.dir/test/core/OrthogTest.cpp.o\n     1219    /p/vast1/koparasy/BUILD/spack_cluster_installer/quartz/phist/spack\n             _env_dir/linux-rhel7-broadwell/gcc-9.3.1/mpich-3.3.2-rq6s2a5f726vc\n             pa4lrpyipn6q2phmqvt/bin/mpic++  -DGTEST_HAS_EXCEPTIONS=1 -DGTEST_H\n             AS_MPI=1 -DGTEST_HAS_PTHREADS=0 -I/p/vast1/koparasy/BUILD/spack_cl",
    "h=native -O3 -fno-math-errno -ffinite-math-only -fno-signed-zeros\n             -fno-trapping-math     -g   -O0 -std=gnu++11 -o CMakeFiles/phist-1\n             .9.5-core-test-RelWithDebInfo.dir/test/core/OrthogTest.cpp.o -c /v\n             ar/tmp/koparasy/spack-stage/spack-stage-phist-1.9.5-aaud6oslmwfppe\n             64dbetimaiwttohcaf/spack-src/test/core/OrthogTest.cpp\n  >> 1220    /usr/tce/packages/gcc/gcc-9.3.1/rh/usr/bin/../libexec/gcc/x86_64-r\nedhat-linux/9/ld: libphist_kernels_builtin.so: undefined reference\n              to `omp_get_max_threads_'\n  >> 1221    collect2: error: ld returned 1 exit status\n  >> 1222    make[2]: *** [examples/Dbench_cg] Error 1\n     1223    make[2]: Leaving directory `/tmp/koparasy/spack-stage/spack-stage-\n             phist-1.9.5-aaud6oslmwfppe64dbetimaiwttohcaf/spack-build-aaud6os'\n  >> 1224    make[1]: *** [CMakeFiles/Dbench_cg.dir/all] Error 2",
    ".9.5-core-test-RelWithDebInfo.dir/test/core/OrthogTest.cpp.o -c /v\n             ar/tmp/koparasy/spack-stage/spack-stage-phist-1.9.5-aaud6oslmwfppe\n             64dbetimaiwttohcaf/spack-src/test/core/OrthogTest.cpp\n  >> 1220    /usr/tce/packages/gcc/gcc-9.3.1/rh/usr/bin/../libexec/gcc/x86_64-r\n             edhat-linux/9/ld: libphist_kernels_builtin.so: undefined reference\n              to `omp_get_max_threads_'\n>> 1221    collect2: error: ld returned 1 exit status\n  >> 1222    make[2]: *** [examples/Dbench_cg] Error 1\n     1223    make[2]: Leaving directory `/tmp/koparasy/spack-stage/spack-stage-\n             phist-1.9.5-aaud6oslmwfppe64dbetimaiwttohcaf/spack-build-aaud6os'\n  >> 1224    make[1]: *** [CMakeFiles/Dbench_cg.dir/all] Error 2\n     1225    [ 55%] Building CXX object CMakeFiles/phist-1.9.5-core-test-RelWit\n             hDebInfo.dir/test/core/OrthogTestWithB.cpp.o",
    "ar/tmp/koparasy/spack-stage/spack-stage-phist-1.9.5-aaud6oslmwfppe\n             64dbetimaiwttohcaf/spack-src/test/core/OrthogTest.cpp\n  >> 1220    /usr/tce/packages/gcc/gcc-9.3.1/rh/usr/bin/../libexec/gcc/x86_64-r\n             edhat-linux/9/ld: libphist_kernels_builtin.so: undefined reference\n              to `omp_get_max_threads_'\n  >> 1221    collect2: error: ld returned 1 exit status\n>> 1222    make[2]: *** [examples/Dbench_cg] Error 1\n     1223    make[2]: Leaving directory `/tmp/koparasy/spack-stage/spack-stage-\n             phist-1.9.5-aaud6oslmwfppe64dbetimaiwttohcaf/spack-build-aaud6os'\n  >> 1224    make[1]: *** [CMakeFiles/Dbench_cg.dir/all] Error 2\n     1225    [ 55%] Building CXX object CMakeFiles/phist-1.9.5-core-test-RelWit\n             hDebInfo.dir/test/core/OrthogTestWithB.cpp.o\n     1226    /p/vast1/koparasy/BUILD/spack_cluster_installer/quartz/phist/spack",
    "edhat-linux/9/ld: libphist_kernels_builtin.so: undefined reference\n              to `omp_get_max_threads_'\n  >> 1221    collect2: error: ld returned 1 exit status\n  >> 1222    make[2]: *** [examples/Dbench_cg] Error 1\n     1223    make[2]: Leaving directory `/tmp/koparasy/spack-stage/spack-stage-\n             phist-1.9.5-aaud6oslmwfppe64dbetimaiwttohcaf/spack-build-aaud6os'\n>> 1224    make[1]: *** [CMakeFiles/Dbench_cg.dir/all] Error 2\n     1225    [ 55%] Building CXX object CMakeFiles/phist-1.9.5-core-test-RelWit\n             hDebInfo.dir/test/core/OrthogTestWithB.cpp.o\n     1226    /p/vast1/koparasy/BUILD/spack_cluster_installer/quartz/phist/spack\n             _env_dir/linux-rhel7-broadwell/gcc-9.3.1/mpich-3.3.2-rq6s2a5f726vc\n             pa4lrpyipn6q2phmqvt/bin/mpic++  -DGTEST_HAS_EXCEPTIONS=1 -DGTEST_H\n             AS_MPI=1 -DGTEST_HAS_PTHREADS=0 -I/p/vast1/koparasy/BUILD/spack_cl",
    "oparasy/BUILD/spack_cluster_installer/quartz/phist/spack_env_dir/l\n             inux-rhel7-broadwell/gcc-9.3.1/mpich-3.3.2-rq6s2a5f726vcpa4lrpyipn\n             6q2phmqvt/lib/libmpi.so /p/vast1/koparasy/BUILD/spack_cluster_inst\n             aller/quartz/phist/spack_env_dir/linux-rhel7-broadwell/gcc-9.3.1/m\n             pich-3.3.2-rq6s2a5f726vcpa4lrpyipn6q2phmqvt/lib/libmpifort.so -lm\n  >> 1252    /usr/tce/packages/gcc/gcc-9.3.1/rh/usr/bin/../libexec/gcc/x86_64-r\nedhat-linux/9/ld: libphist_kernels_builtin.so: undefined reference\n              to `omp_get_max_threads_'\n  >> 1253    collect2: error: ld returned 1 exit status\n  >> 1254    make[2]: *** [phist-1.9.5-core-test-RelWithDebInfo] Error 1\n     1255    make[2]: Leaving directory `/tmp/koparasy/spack-stage/spack-stage-\n             phist-1.9.5-aaud6oslmwfppe64dbetimaiwttohcaf/spack-build-aaud6os'\n  >> 1256    make[1]: *** [CMakeFiles/phist-1.9.5-core-test-RelWithDebInfo.dir/",
    "6q2phmqvt/lib/libmpi.so /p/vast1/koparasy/BUILD/spack_cluster_inst\n             aller/quartz/phist/spack_env_dir/linux-rhel7-broadwell/gcc-9.3.1/m\n             pich-3.3.2-rq6s2a5f726vcpa4lrpyipn6q2phmqvt/lib/libmpifort.so -lm\n  >> 1252    /usr/tce/packages/gcc/gcc-9.3.1/rh/usr/bin/../libexec/gcc/x86_64-r\n             edhat-linux/9/ld: libphist_kernels_builtin.so: undefined reference\n              to `omp_get_max_threads_'\n>> 1253    collect2: error: ld returned 1 exit status\n  >> 1254    make[2]: *** [phist-1.9.5-core-test-RelWithDebInfo] Error 1\n     1255    make[2]: Leaving directory `/tmp/koparasy/spack-stage/spack-stage-\n             phist-1.9.5-aaud6oslmwfppe64dbetimaiwttohcaf/spack-build-aaud6os'\n  >> 1256    make[1]: *** [CMakeFiles/phist-1.9.5-core-test-RelWithDebInfo.dir/\n             all] Error 2\n     1257    make[1]: Leaving directory `/tmp/koparasy/spack-stage/spack-stage-",
    "aller/quartz/phist/spack_env_dir/linux-rhel7-broadwell/gcc-9.3.1/m\n             pich-3.3.2-rq6s2a5f726vcpa4lrpyipn6q2phmqvt/lib/libmpifort.so -lm\n  >> 1252    /usr/tce/packages/gcc/gcc-9.3.1/rh/usr/bin/../libexec/gcc/x86_64-r\n             edhat-linux/9/ld: libphist_kernels_builtin.so: undefined reference\n              to `omp_get_max_threads_'\n  >> 1253    collect2: error: ld returned 1 exit status\n>> 1254    make[2]: *** [phist-1.9.5-core-test-RelWithDebInfo] Error 1\n     1255    make[2]: Leaving directory `/tmp/koparasy/spack-stage/spack-stage-\n             phist-1.9.5-aaud6oslmwfppe64dbetimaiwttohcaf/spack-build-aaud6os'\n  >> 1256    make[1]: *** [CMakeFiles/phist-1.9.5-core-test-RelWithDebInfo.dir/\n             all] Error 2\n     1257    make[1]: Leaving directory `/tmp/koparasy/spack-stage/spack-stage-\n             phist-1.9.5-aaud6oslmwfppe64dbetimaiwttohcaf/spack-build-aaud6os'",
    "1255    make[2]: Leaving directory `/tmp/koparasy/spack-stage/spack-stage-\n             phist-1.9.5-aaud6oslmwfppe64dbetimaiwttohcaf/spack-build-aaud6os'\n  >> 1256    make[1]: *** [CMakeFiles/phist-1.9.5-core-test-RelWithDebInfo.dir/\n             all] Error 2\n     1257    make[1]: Leaving directory `/tmp/koparasy/spack-stage/spack-stage-\n             phist-1.9.5-aaud6oslmwfppe64dbetimaiwttohcaf/spack-build-aaud6os'\n>> 1258    make: *** [all] Error 2\n\nSee build log for details:\n  /var/tmp/koparasy/spack-stage/spack-stage-phist-1.9.5-aaud6oslmwfppe64dbetimaiwttohcaf/spack-build-out.txt\n\nTraceback (most recent call last):\n  File \"/p/vast1/koparasy/BUILD/head/spack/lib/spack/spack/build_environment.py\", line 1035, in _setup_pkg_and_run"
]