[
    "115                     from /tmp/koparasy/spack-stage/spack-stage-vtk-h-0\n            .5.4-wo4dznk3llpk4n25g7xdmnf6rhb7iehk/spack-src/src/vtkh/vtkm_filte\n            rs/vtkmClip.cpp:1:\n  >> 116    /p/vast1/koparasy/BUILD/spack_cluster_installer/quartz/ascent/spack\n            _env_dir/linux-rhel7-broadwell/gcc-8.3.1/vtk-m-1.6.0-b77d27rzqzlu7f\n            mbn6ao6vzpnwkzwlib/include/vtkm-1.6/vtkm/thirdparty/diy/pre-include\n.h:6:34: fatal error: vtkmdiy/serialization.hpp: No such file or di\n            rectory\n     117     #define VTKM_DIY_INCLUDE(header) <vtkmdiy/header>\n     118                                      ^\n     119    compilation terminated.\n     120    In file included from /p/vast1/koparasy/BUILD/spack_cluster_install\n            er/quartz/ascent/spack_env_dir/linux-rhel7-broadwell/gcc-8.3.1/vtk-",
    "127                     from /tmp/koparasy/spack-stage/spack-stage-vtk-h-0\n            .5.4-wo4dznk3llpk4n25g7xdmnf6rhb7iehk/spack-src/src/vtkh/vtkm_filte\n            rs/vtkmCellAverage.cpp:1:\n  >> 128    /p/vast1/koparasy/BUILD/spack_cluster_installer/quartz/ascent/spack\n            _env_dir/linux-rhel7-broadwell/gcc-8.3.1/vtk-m-1.6.0-b77d27rzqzlu7f\n            mbn6ao6vzpnwkzwlib/include/vtkm-1.6/vtkm/thirdparty/diy/pre-include\n.h:6:34: fatal error: vtkmdiy/serialization.hpp: No such file or di\n            rectory\n     129     #define VTKM_DIY_INCLUDE(header) <vtkmdiy/header>\n     130                                      ^\n     131    compilation terminated.\n     132    In file included from /p/vast1/koparasy/BUILD/spack_cluster_install\n            er/quartz/ascent/spack_env_dir/linux-rhel7-broadwell/gcc-8.3.1/vtk-",
    "139                     from /tmp/koparasy/spack-stage/spack-stage-vtk-h-0\n            .5.4-wo4dznk3llpk4n25g7xdmnf6rhb7iehk/spack-src/src/vtkh/vtkm_filte\n            rs/vtkmCleanGrid.cpp:1:\n  >> 140    /p/vast1/koparasy/BUILD/spack_cluster_installer/quartz/ascent/spack\n            _env_dir/linux-rhel7-broadwell/gcc-8.3.1/vtk-m-1.6.0-b77d27rzqzlu7f\n            mbn6ao6vzpnwkzwlib/include/vtkm-1.6/vtkm/thirdparty/diy/pre-include\n.h:6:34: fatal error: vtkmdiy/serialization.hpp: No such file or di\n            rectory\n     141     #define VTKM_DIY_INCLUDE(header) <vtkmdiy/header>\n     142                                      ^\n  >> 143    make[2]: *** [vtkh/vtkm_filters/CMakeFiles/vtkm_compiled_filters.di\n            r/vtkmClip.cpp.o] Error 1\n     144    compilation terminated.",
    "::::::::::::::::::::\n     154    make[2]: Leaving directory `/tmp/koparasy/spack-stage/spack-stage-v\n            tk-h-0.5.4-wo4dznk3llpk4n25g7xdmnf6rhb7iehk/spack-src/spack-build'\n     155    [  4%] Built target vtkh_lodepng\n     156    make[1]: Leaving directory `/tmp/koparasy/spack-stage/spack-stage-v\n            tk-h-0.5.4-wo4dznk3llpk4n25g7xdmnf6rhb7iehk/spack-src/spack-build'\n>> 157    make: *** [all] Error 2\n\nSee build log for details:\n  /var/tmp/koparasy/spack-stage/spack-stage-vtk-h-0.5.4-wo4dznk3llpk4n25g7xdmnf6rhb7iehk/spack-build-out.txt\n\nTraceback (most recent call last):\n  File \"/p/vast1/koparasy/BUILD/spack/lib/spack/spack/build_environment.py\", line 1035, in _setup_pkg_and_run"
]