[
    "c-9.3.1/sundials-5.8.0-fenbkyj3knuvrdh3axftyb4zpxo3esc5/include -I/\n            p/vast1/koparasy/BUILD/spack_cluster_installer/quartz/mfem/spack_en\n            v_dir/linux-rhel7-broadwell/gcc-9.3.1/zlib-1.2.11-dtzzlwcy6jw7hjm7z\n            2aip4eyed2rizzu/include  -c linalg/superlu.cpp -o linalg/superlu.o\n     99     linalg/sundials.cpp: In member function 'virtual void mfem::CVODESo\n            lver::Init(mfem::TimeDependentOperator&)':\n>> 100    linalg/sundials.cpp:162:51: error: 'MPI_LONG' was not declared in t\n            his scope\n     101      162 |       MPI_Allreduce(&local_size, &global_size, 1, MPI_LONG,\n             MPI_SUM,\n     102          |                                                   ^~~~~~~~\n  >> 103    linalg/sundials.cpp:162:61: error: 'MPI_SUM' was not declared in th\n            is scope",
    "lver::Init(mfem::TimeDependentOperator&)':\n  >> 100    linalg/sundials.cpp:162:51: error: 'MPI_LONG' was not declared in t\n            his scope\n     101      162 |       MPI_Allreduce(&local_size, &global_size, 1, MPI_LONG,\n             MPI_SUM,\n     102          |                                                   ^~~~~~~~\n>> 103    linalg/sundials.cpp:162:61: error: 'MPI_SUM' was not declared in th\n            is scope\n     104      162 |       MPI_Allreduce(&local_size, &global_size, 1, MPI_LONG,\n             MPI_SUM,\n     105          |\n             ^~~~~~~\n  >> 106    linalg/sundials.cpp:163:21: error: 'NV_COMM_P' was not declared in",
    ">> 103    linalg/sundials.cpp:162:61: error: 'MPI_SUM' was not declared in th\n            is scope\n     104      162 |       MPI_Allreduce(&local_size, &global_size, 1, MPI_LONG,\n             MPI_SUM,\n     105          |\n             ^~~~~~~\n>> 106    linalg/sundials.cpp:163:21: error: 'NV_COMM_P' was not declared in\n            this scope\n     107      163 |                     NV_COMM_P(y));\n     108          |                     ^~~~~~~~~\n  >> 109    linalg/sundials.cpp:162:7: error: 'MPI_Allreduce' was not declared\n            in this scope\n     110      162 |       MPI_Allreduce(&local_size, &global_size, 1, MPI_LONG,",
    "105          |\n             ^~~~~~~\n  >> 106    linalg/sundials.cpp:163:21: error: 'NV_COMM_P' was not declared in\n            this scope\n     107      163 |                     NV_COMM_P(y));\n     108          |                     ^~~~~~~~~\n>> 109    linalg/sundials.cpp:162:7: error: 'MPI_Allreduce' was not declared\n            in this scope\n     110      162 |       MPI_Allreduce(&local_size, &global_size, 1, MPI_LONG,\n             MPI_SUM,\n     111          |       ^~~~~~~~~~~~~\n     112    /p/vast1/koparasy/BUILD/head/spack/lib/spack/env/gcc/g++   -O3 -std\n            =c++11 -I/p/vast1/koparasy/BUILD/spack_cluster_installer/quartz/mfe",
    "c-9.3.1/sundials-5.8.0-fenbkyj3knuvrdh3axftyb4zpxo3esc5/include -I/\n            p/vast1/koparasy/BUILD/spack_cluster_installer/quartz/mfem/spack_en\n            v_dir/linux-rhel7-broadwell/gcc-9.3.1/zlib-1.2.11-dtzzlwcy6jw7hjm7z\n            2aip4eyed2rizzu/include  -c linalg/solvers.cpp -o linalg/solvers.o\n     113    linalg/sundials.cpp: In member function 'virtual void mfem::ARKStep\n            Solver::Init(mfem::TimeDependentOperator&)':\n>> 114    linalg/sundials.cpp:572:51: error: 'MPI_LONG' was not declared in t\n            his scope\n     115      572 |       MPI_Allreduce(&local_size, &global_size, 1, MPI_LONG,\n             MPI_SUM,\n     116          |                                                   ^~~~~~~~\n  >> 117    linalg/sundials.cpp:572:61: error: 'MPI_SUM' was not declared in th\n            is scope",
    "Solver::Init(mfem::TimeDependentOperator&)':\n  >> 114    linalg/sundials.cpp:572:51: error: 'MPI_LONG' was not declared in t\n            his scope\n     115      572 |       MPI_Allreduce(&local_size, &global_size, 1, MPI_LONG,\n             MPI_SUM,\n     116          |                                                   ^~~~~~~~\n>> 117    linalg/sundials.cpp:572:61: error: 'MPI_SUM' was not declared in th\n            is scope\n     118      572 |       MPI_Allreduce(&local_size, &global_size, 1, MPI_LONG,\n             MPI_SUM,\n     119          |\n             ^~~~~~~\n  >> 120    linalg/sundials.cpp:573:21: error: 'NV_COMM_P' was not declared in",
    ">> 117    linalg/sundials.cpp:572:61: error: 'MPI_SUM' was not declared in th\n            is scope\n     118      572 |       MPI_Allreduce(&local_size, &global_size, 1, MPI_LONG,\n             MPI_SUM,\n     119          |\n             ^~~~~~~\n>> 120    linalg/sundials.cpp:573:21: error: 'NV_COMM_P' was not declared in\n            this scope\n     121      573 |                     NV_COMM_P(y));\n     122          |                     ^~~~~~~~~\n  >> 123    linalg/sundials.cpp:572:7: error: 'MPI_Allreduce' was not declared\n            in this scope\n     124      572 |       MPI_Allreduce(&local_size, &global_size, 1, MPI_LONG,",
    "119          |\n             ^~~~~~~\n  >> 120    linalg/sundials.cpp:573:21: error: 'NV_COMM_P' was not declared in\n            this scope\n     121      573 |                     NV_COMM_P(y));\n     122          |                     ^~~~~~~~~\n>> 123    linalg/sundials.cpp:572:7: error: 'MPI_Allreduce' was not declared\n            in this scope\n     124      572 |       MPI_Allreduce(&local_size, &global_size, 1, MPI_LONG,\n             MPI_SUM,\n     125          |       ^~~~~~~~~~~~~\n     126    linalg/sundials.cpp: In member function 'virtual void mfem::KINSolv\n            er::SetOperator(const mfem::Operator&)':",
    "in this scope\n     124      572 |       MPI_Allreduce(&local_size, &global_size, 1, MPI_LONG,\n             MPI_SUM,\n     125          |       ^~~~~~~~~~~~~\n     126    linalg/sundials.cpp: In member function 'virtual void mfem::KINSolv\n            er::SetOperator(const mfem::Operator&)':\n>> 127    linalg/sundials.cpp:1056:51: error: 'MPI_LONG' was not declared in\n            this scope\n     128     1056 |       MPI_Allreduce(&local_size, &global_size, 1, MPI_LONG,\n             MPI_SUM,\n     129          |                                                   ^~~~~~~~\n  >> 130    linalg/sundials.cpp:1056:61: error: 'MPI_SUM' was not declared in t\n            his scope",
    "er::SetOperator(const mfem::Operator&)':\n  >> 127    linalg/sundials.cpp:1056:51: error: 'MPI_LONG' was not declared in\n            this scope\n     128     1056 |       MPI_Allreduce(&local_size, &global_size, 1, MPI_LONG,\n             MPI_SUM,\n     129          |                                                   ^~~~~~~~\n>> 130    linalg/sundials.cpp:1056:61: error: 'MPI_SUM' was not declared in t\n            his scope\n     131     1056 |       MPI_Allreduce(&local_size, &global_size, 1, MPI_LONG,\n             MPI_SUM,\n     132          |\n             ^~~~~~~\n  >> 133    linalg/sundials.cpp:1057:21: error: 'NV_COMM_P' was not declared in",
    ">> 130    linalg/sundials.cpp:1056:61: error: 'MPI_SUM' was not declared in t\n            his scope\n     131     1056 |       MPI_Allreduce(&local_size, &global_size, 1, MPI_LONG,\n             MPI_SUM,\n     132          |\n             ^~~~~~~\n>> 133    linalg/sundials.cpp:1057:21: error: 'NV_COMM_P' was not declared in\n             this scope\n     134     1057 |                     NV_COMM_P(y));\n     135          |                     ^~~~~~~~~\n  >> 136    linalg/sundials.cpp:1056:7: error: 'MPI_Allreduce' was not declared\n             in this scope\n     137     1056 |       MPI_Allreduce(&local_size, &global_size, 1, MPI_LONG,",
    "132          |\n             ^~~~~~~\n  >> 133    linalg/sundials.cpp:1057:21: error: 'NV_COMM_P' was not declared in\n             this scope\n     134     1057 |                     NV_COMM_P(y));\n     135          |                     ^~~~~~~~~\n>> 136    linalg/sundials.cpp:1056:7: error: 'MPI_Allreduce' was not declared\n             in this scope\n     137     1056 |       MPI_Allreduce(&local_size, &global_size, 1, MPI_LONG,\n             MPI_SUM,\n     138          |       ^~~~~~~~~~~~~\n  >> 139    make: *** [linalg/sundials.o] Error 1\n     140    make: *** Waiting for unfinished jobs....",
    "135          |                     ^~~~~~~~~\n  >> 136    linalg/sundials.cpp:1056:7: error: 'MPI_Allreduce' was not declared\n             in this scope\n     137     1056 |       MPI_Allreduce(&local_size, &global_size, 1, MPI_LONG,\n             MPI_SUM,\n     138          |       ^~~~~~~~~~~~~\n>> 139    make: *** [linalg/sundials.o] Error 1\n     140    make: *** Waiting for unfinished jobs....\n\nSee build log for details:\n  /var/tmp/koparasy/spack-stage/spack-stage-mfem-4.0.1-xsdk-hynv4aapcuopbr5hyym7dbwinn4a3m3j/spack-build-out.txt\n\nTraceback (most recent call last):"
]