[
    "b/lib/libvtkmdiympi_nompi.a /p/vast1/koparasy/BUILD/spack_cluster_i\n            nstaller/quartz/ascent/spack_env_dir/linux-rhel7-broadwell/gcc-8.3.\n            1/vtk-m-1.6.0-b77d27rzqzlu7fmbn6ao6vzpnwkzwlib/lib/libvtkm_lodepng-\n            1.6.a /p/vast1/koparasy/BUILD/spack_cluster_installer/quartz/ascent\n            /spack_env_dir/linux-rhel7-broadwell/gcc-8.3.1/vtk-h-develop-vqauc4\n            2ejilggkbenxjzzh5vyvibtrrc/lib/libvtkh_lodepng.so\n>> 914    ../../../lib/librover.so: undefined reference to `vtkh::lodepng_enc\n            ode_memory(unsigned char**, unsigned long*, unsigned char const*, u\n            nsigned int, unsigned int, vtkh::LodePNGColorType, unsigned int)'\n  >> 915    collect2: error: ld returned 1 exit status\n  >> 916    make[2]: *** [examples/synthetic/noise/noise_ser] Error 1\n     917    make[2]: Leaving directory `/tmp/koparasy/spack-stage/spack-stage-a\n            scent-0.7.0-g6sx5kaaawvcgvqhezd6lmwbmljcreuv/spack-build-g6sx5ka'",
    "1.6.a /p/vast1/koparasy/BUILD/spack_cluster_installer/quartz/ascent\n            /spack_env_dir/linux-rhel7-broadwell/gcc-8.3.1/vtk-h-develop-vqauc4\n            2ejilggkbenxjzzh5vyvibtrrc/lib/libvtkh_lodepng.so\n  >> 914    ../../../lib/librover.so: undefined reference to `vtkh::lodepng_enc\n            ode_memory(unsigned char**, unsigned long*, unsigned char const*, u\n            nsigned int, unsigned int, vtkh::LodePNGColorType, unsigned int)'\n>> 915    collect2: error: ld returned 1 exit status\n  >> 916    make[2]: *** [examples/synthetic/noise/noise_ser] Error 1\n     917    make[2]: Leaving directory `/tmp/koparasy/spack-stage/spack-stage-a\n            scent-0.7.0-g6sx5kaaawvcgvqhezd6lmwbmljcreuv/spack-build-g6sx5ka'\n  >> 918    make[1]: *** [examples/synthetic/noise/CMakeFiles/noise_ser.dir/all\n            ] Error 2\n     919    make[1]: *** Waiting for unfinished jobs....",
    "/spack_env_dir/linux-rhel7-broadwell/gcc-8.3.1/vtk-h-develop-vqauc4\n            2ejilggkbenxjzzh5vyvibtrrc/lib/libvtkh_lodepng.so\n  >> 914    ../../../lib/librover.so: undefined reference to `vtkh::lodepng_enc\n            ode_memory(unsigned char**, unsigned long*, unsigned char const*, u\n            nsigned int, unsigned int, vtkh::LodePNGColorType, unsigned int)'\n  >> 915    collect2: error: ld returned 1 exit status\n>> 916    make[2]: *** [examples/synthetic/noise/noise_ser] Error 1\n     917    make[2]: Leaving directory `/tmp/koparasy/spack-stage/spack-stage-a\n            scent-0.7.0-g6sx5kaaawvcgvqhezd6lmwbmljcreuv/spack-build-g6sx5ka'\n  >> 918    make[1]: *** [examples/synthetic/noise/CMakeFiles/noise_ser.dir/all\n            ] Error 2\n     919    make[1]: *** Waiting for unfinished jobs....\n     920    [ 43%] Building CXX object examples/proxies/lulesh2.0.3/CMakeFiles/",
    "vtkmdiympi_nompi.a /p/vast1/koparasy/BUILD/spack_cluster_installer/\n            quartz/ascent/spack_env_dir/linux-rhel7-broadwell/gcc-8.3.1/vtk-m-1\n            .6.0-b77d27rzqzlu7fmbn6ao6vzpnwkzwlib/lib/libvtkm_lodepng-1.6.a /p/\n            vast1/koparasy/BUILD/spack_cluster_installer/quartz/ascent/spack_en\n            v_dir/linux-rhel7-broadwell/gcc-8.3.1/vtk-h-develop-vqauc42ejilggkb\n            enxjzzh5vyvibtrrc/lib/libvtkh_lodepng.so\n>> 934    ../../../lib/librover.so: undefined reference to `vtkh::lodepng_enc\n            ode_memory(unsigned char**, unsigned long*, unsigned char const*, u\n            nsigned int, unsigned int, vtkh::LodePNGColorType, unsigned int)'\n  >> 935    collect2: error: ld returned 1 exit status\n  >> 936    make[2]: *** [examples/proxies/lulesh2.0.3/lulesh_ser] Error 1\n     937    make[2]: Leaving directory `/tmp/koparasy/spack-stage/spack-stage-a\n            scent-0.7.0-g6sx5kaaawvcgvqhezd6lmwbmljcreuv/spack-build-g6sx5ka'",
    "vast1/koparasy/BUILD/spack_cluster_installer/quartz/ascent/spack_en\n            v_dir/linux-rhel7-broadwell/gcc-8.3.1/vtk-h-develop-vqauc42ejilggkb\n            enxjzzh5vyvibtrrc/lib/libvtkh_lodepng.so\n  >> 934    ../../../lib/librover.so: undefined reference to `vtkh::lodepng_enc\n            ode_memory(unsigned char**, unsigned long*, unsigned char const*, u\n            nsigned int, unsigned int, vtkh::LodePNGColorType, unsigned int)'\n>> 935    collect2: error: ld returned 1 exit status\n  >> 936    make[2]: *** [examples/proxies/lulesh2.0.3/lulesh_ser] Error 1\n     937    make[2]: Leaving directory `/tmp/koparasy/spack-stage/spack-stage-a\n            scent-0.7.0-g6sx5kaaawvcgvqhezd6lmwbmljcreuv/spack-build-g6sx5ka'\n  >> 938    make[1]: *** [examples/proxies/lulesh2.0.3/CMakeFiles/lulesh_ser.di\n            r/all] Error 2\n     939    make[1]: Leaving directory `/tmp/koparasy/spack-stage/spack-stage-a",
    "v_dir/linux-rhel7-broadwell/gcc-8.3.1/vtk-h-develop-vqauc42ejilggkb\n            enxjzzh5vyvibtrrc/lib/libvtkh_lodepng.so\n  >> 934    ../../../lib/librover.so: undefined reference to `vtkh::lodepng_enc\n            ode_memory(unsigned char**, unsigned long*, unsigned char const*, u\n            nsigned int, unsigned int, vtkh::LodePNGColorType, unsigned int)'\n  >> 935    collect2: error: ld returned 1 exit status\n>> 936    make[2]: *** [examples/proxies/lulesh2.0.3/lulesh_ser] Error 1\n     937    make[2]: Leaving directory `/tmp/koparasy/spack-stage/spack-stage-a\n            scent-0.7.0-g6sx5kaaawvcgvqhezd6lmwbmljcreuv/spack-build-g6sx5ka'\n  >> 938    make[1]: *** [examples/proxies/lulesh2.0.3/CMakeFiles/lulesh_ser.di\n            r/all] Error 2\n     939    make[1]: Leaving directory `/tmp/koparasy/spack-stage/spack-stage-a\n            scent-0.7.0-g6sx5kaaawvcgvqhezd6lmwbmljcreuv/spack-build-g6sx5ka'",
    "937    make[2]: Leaving directory `/tmp/koparasy/spack-stage/spack-stage-a\n            scent-0.7.0-g6sx5kaaawvcgvqhezd6lmwbmljcreuv/spack-build-g6sx5ka'\n  >> 938    make[1]: *** [examples/proxies/lulesh2.0.3/CMakeFiles/lulesh_ser.di\n            r/all] Error 2\n     939    make[1]: Leaving directory `/tmp/koparasy/spack-stage/spack-stage-a\n            scent-0.7.0-g6sx5kaaawvcgvqhezd6lmwbmljcreuv/spack-build-g6sx5ka'\n>> 940    make: *** [all] Error 2\n\nSee build log for details:\n  /var/tmp/koparasy/spack-stage/spack-stage-ascent-0.7.0-g6sx5kaaawvcgvqhezd6lmwbmljcreuv/spack-build-out.txt\n\nTraceback (most recent call last):\n  File \"/p/vast1/koparasy/BUILD/spack/lib/spack/spack/build_environment.py\", line 1035, in _setup_pkg_and_run"
]