[
    "wxg5pe6yrmyqwmfu72u3qf2snxkoo/spack-src/src/blas/impl/KokkosBlas1_a\n            xpby_impl.hpp: In constructor 'KokkosBlas::Impl::Axpby_Functor<AV,\n            XV, BV, YV, scalar_x, scalar_y, SizeType>::Axpby_Functor(const XV&,\n             const YV&, const AV&, const BV&, SizeType)':\n  >> 82     /var/tmp/koparasy/spack-stage/spack-stage-kokkos-kernels-3.0.00-cuv\n            wxg5pe6yrmyqwmfu72u3qf2snxkoo/spack-src/src/blas/impl/KokkosBlas1_a\nxpby_impl.hpp:101:34: error: 'is_same' is not a member of 'Kokkos::\n            Impl'; did you mean 'std::is_same'?\n     83       101 |     static_assert (Kokkos::Impl::is_same<typename YV::value\n            _type,\n     84           |                                  ^~~~~~~\n     85     In file included from /p/vast1/koparasy/BUILD/spack_cluster_install\n            er/quartz/kokkos-kernels/spack_env_dir/linux-rhel7-broadwell/gcc-9.",
    "94                      from /var/tmp/koparasy/spack-stage/spack-stage-kok\n            kos-kernels-3.0.00-cuvwxg5pe6yrmyqwmfu72u3qf2snxkoo/spack-src/src/i\n            mpl/generated_specializations_cpp/axpby/KokkosBlas1_axpby_eti_spec_\n            inst_dbl_LayoutLeft_Serial_HostSpace.cpp:52:\n  >> 95     /var/tmp/koparasy/spack-stage/spack-stage-kokkos-kernels-3.0.00-cuv\n            wxg5pe6yrmyqwmfu72u3qf2snxkoo/spack-src/src/blas/impl/KokkosBlas1_a\nxpby_impl.hpp:101:65: error: expected '(' before ',' token\n     96       101 |     static_assert (Kokkos::Impl::is_same<typename YV::value\n            _type,\n     97           |\n                 ^\n     98           |\n                 (",
    "97           |\n                 ^\n     98           |\n                 (\n  >> 99     /var/tmp/koparasy/spack-stage/spack-stage-kokkos-kernels-3.0.00-cuv\n            wxg5pe6yrmyqwmfu72u3qf2snxkoo/spack-src/src/blas/impl/KokkosBlas1_a\nxpby_impl.hpp:102:20: error: expected string-literal before 'typena\n            me'\n     100      102 |                    typename YV::non_const_value_type>::valu\n            e,\n     101          |                    ^~~~~~~~\n  >> 102    /var/tmp/koparasy/spack-stage/spack-stage-kokkos-kernels-3.0.00-cuv\n            wxg5pe6yrmyqwmfu72u3qf2snxkoo/spack-src/src/blas/impl/KokkosBlas1_a",
    "me'\n     100      102 |                    typename YV::non_const_value_type>::valu\n            e,\n     101          |                    ^~~~~~~~\n  >> 102    /var/tmp/koparasy/spack-stage/spack-stage-kokkos-kernels-3.0.00-cuv\n            wxg5pe6yrmyqwmfu72u3qf2snxkoo/spack-src/src/blas/impl/KokkosBlas1_a\nxpby_impl.hpp:101:66: error: expected ')' before 'typename'\n     103      101 |     static_assert (Kokkos::Impl::is_same<typename YV::value\n            _type,\n     104          |                   ~\n                  ^\n     105          |\n                  )",
    "name XV::non_const_value_type, XV, typename YV::non_const_value_typ\n            e, YV, scalar_x, scalar_y, SizeType>::Axpby_Functor(const XV&, cons\n            t YV&, const typename XV::non_const_value_type&, const typename YV:\n            :non_const_value_type&, SizeType)':\n  >> 109    /var/tmp/koparasy/spack-stage/spack-stage-kokkos-kernels-3.0.00-cuv\n            wxg5pe6yrmyqwmfu72u3qf2snxkoo/spack-src/src/blas/impl/KokkosBlas1_a\nxpby_impl.hpp:235:34: error: 'is_same' is not a member of 'Kokkos::\n            Impl'; did you mean 'std::is_same'?\n     110      235 |     static_assert (Kokkos::Impl::is_same<typename YV::value\n            _type,\n     111          |                                  ^~~~~~~\n     112    In file included from /p/vast1/koparasy/BUILD/spack_cluster_install\n            er/quartz/kokkos-kernels/spack_env_dir/linux-rhel7-broadwell/gcc-9.",
    "121                     from /var/tmp/koparasy/spack-stage/spack-stage-kok\n            kos-kernels-3.0.00-cuvwxg5pe6yrmyqwmfu72u3qf2snxkoo/spack-src/src/i\n            mpl/generated_specializations_cpp/axpby/KokkosBlas1_axpby_eti_spec_\n            inst_dbl_LayoutLeft_Serial_HostSpace.cpp:52:\n  >> 122    /var/tmp/koparasy/spack-stage/spack-stage-kokkos-kernels-3.0.00-cuv\n            wxg5pe6yrmyqwmfu72u3qf2snxkoo/spack-src/src/blas/impl/KokkosBlas1_a\nxpby_impl.hpp:235:65: error: expected '(' before ',' token\n     123      235 |     static_assert (Kokkos::Impl::is_same<typename YV::value\n            _type,\n     124          |\n                 ^\n     125          |\n                 (",
    "124          |\n                 ^\n     125          |\n                 (\n  >> 126    /var/tmp/koparasy/spack-stage/spack-stage-kokkos-kernels-3.0.00-cuv\n            wxg5pe6yrmyqwmfu72u3qf2snxkoo/spack-src/src/blas/impl/KokkosBlas1_a\nxpby_impl.hpp:236:20: error: expected string-literal before 'typena\n            me'\n     127      236 |                    typename YV::non_const_value_type>::valu\n            e,\n     128          |                    ^~~~~~~~\n  >> 129    /var/tmp/koparasy/spack-stage/spack-stage-kokkos-kernels-3.0.00-cuv\n            wxg5pe6yrmyqwmfu72u3qf2snxkoo/spack-src/src/blas/impl/KokkosBlas1_a",
    "me'\n     127      236 |                    typename YV::non_const_value_type>::valu\n            e,\n     128          |                    ^~~~~~~~\n  >> 129    /var/tmp/koparasy/spack-stage/spack-stage-kokkos-kernels-3.0.00-cuv\n            wxg5pe6yrmyqwmfu72u3qf2snxkoo/spack-src/src/blas/impl/KokkosBlas1_a\nxpby_impl.hpp:235:66: error: expected ')' before 'typename'\n     130      235 |     static_assert (Kokkos::Impl::is_same<typename YV::value\n            _type,\n     131          |                   ~\n                  ^\n     132          |\n                  )",
    "135    /var/tmp/koparasy/spack-stage/spack-stage-kokkos-kernels-3.0.00-cuv\n            wxg5pe6yrmyqwmfu72u3qf2snxkoo/spack-src/src/blas/impl/KokkosBlas1_a\n            xpby_impl.hpp: In function 'void KokkosBlas::Impl::Axpby_Generic(co\n            nst AV&, const XV&, const BV&, const YV&, SizeType, int, int)':\n  >> 136    /var/tmp/koparasy/spack-stage/spack-stage-kokkos-kernels-3.0.00-cuv\n            wxg5pe6yrmyqwmfu72u3qf2snxkoo/spack-src/src/blas/impl/KokkosBlas1_a\nxpby_impl.hpp:340:32: error: 'is_same' is not a member of 'Kokkos::\n            Impl'; did you mean 'std::is_same'?\n     137      340 |   static_assert (Kokkos::Impl::is_same<typename YV::value_t\n            ype,\n     138          |                                ^~~~~~~\n     139    In file included from /p/vast1/koparasy/BUILD/spack_cluster_install\n            er/quartz/kokkos-kernels/spack_env_dir/linux-rhel7-broadwell/gcc-9.",
    "148                     from /var/tmp/koparasy/spack-stage/spack-stage-kok\n            kos-kernels-3.0.00-cuvwxg5pe6yrmyqwmfu72u3qf2snxkoo/spack-src/src/i\n            mpl/generated_specializations_cpp/axpby/KokkosBlas1_axpby_eti_spec_\n            inst_dbl_LayoutLeft_Serial_HostSpace.cpp:52:\n  >> 149    /var/tmp/koparasy/spack-stage/spack-stage-kokkos-kernels-3.0.00-cuv\n            wxg5pe6yrmyqwmfu72u3qf2snxkoo/spack-src/src/blas/impl/KokkosBlas1_a\nxpby_impl.hpp:340:63: error: expected '(' before ',' token\n     150      340 |   static_assert (Kokkos::Impl::is_same<typename YV::value_t\n            ype,\n     151          |\n               ^\n     152          |\n               (",
    "151          |\n               ^\n     152          |\n               (\n  >> 153    /var/tmp/koparasy/spack-stage/spack-stage-kokkos-kernels-3.0.00-cuv\n            wxg5pe6yrmyqwmfu72u3qf2snxkoo/spack-src/src/blas/impl/KokkosBlas1_a\nxpby_impl.hpp:341:20: error: expected string-literal before 'typena\n            me'\n     154      341 |                    typename YV::non_const_value_type>::valu\n            e,\n     155          |                    ^~~~~~~~\n  >> 156    /var/tmp/koparasy/spack-stage/spack-stage-kokkos-kernels-3.0.00-cuv\n            wxg5pe6yrmyqwmfu72u3qf2snxkoo/spack-src/src/blas/impl/KokkosBlas1_a",
    "me'\n     154      341 |                    typename YV::non_const_value_type>::valu\n            e,\n     155          |                    ^~~~~~~~\n  >> 156    /var/tmp/koparasy/spack-stage/spack-stage-kokkos-kernels-3.0.00-cuv\n            wxg5pe6yrmyqwmfu72u3qf2snxkoo/spack-src/src/blas/impl/KokkosBlas1_a\nxpby_impl.hpp:340:64: error: expected ')' before 'typename'\n     157      340 |   static_assert (Kokkos::Impl::is_same<typename YV::value_t\n            ype,\n     158          |                 ~\n                ^\n     159          |\n                )",
    "wxg5pe6yrmyqwmfu72u3qf2snxkoo/spack-src/src/blas/impl/KokkosBlas1_a\n            xpby_mv_impl.hpp: In constructor 'KokkosBlas::Impl::Axpby_MV_Functo\n            r<AV, XMV, BV, YMV, scalar_x, scalar_y, SizeType>::Axpby_MV_Functor\n            (const XMV&, const YMV&, const AV&, const BV&)':\n  >> 165    /var/tmp/koparasy/spack-stage/spack-stage-kokkos-kernels-3.0.00-cuv\n            wxg5pe6yrmyqwmfu72u3qf2snxkoo/spack-src/src/blas/impl/KokkosBlas1_a\nxpby_mv_impl.hpp:98:34: error: 'is_same' is not a member of 'Kokkos\n            ::Impl'; did you mean 'std::is_same'?\n     166       98 |     static_assert (Kokkos::Impl::is_same<typename YMV::valu\n            e_type,\n     167          |                                  ^~~~~~~\n     168    In file included from /p/vast1/koparasy/BUILD/spack_cluster_install\n            er/quartz/kokkos-kernels/spack_env_dir/linux-rhel7-broadwell/gcc-9.",
    "177                     from /var/tmp/koparasy/spack-stage/spack-stage-kok\n            kos-kernels-3.0.00-cuvwxg5pe6yrmyqwmfu72u3qf2snxkoo/spack-src/src/i\n            mpl/generated_specializations_cpp/axpby/KokkosBlas1_axpby_eti_spec_\n            inst_dbl_LayoutLeft_Serial_HostSpace.cpp:52:\n  >> 178    /var/tmp/koparasy/spack-stage/spack-stage-kokkos-kernels-3.0.00-cuv\n            wxg5pe6yrmyqwmfu72u3qf2snxkoo/spack-src/src/blas/impl/KokkosBlas1_a\nxpby_mv_impl.hpp:98:66: error: expected '(' before ',' token\n     179       98 |     static_assert (Kokkos::Impl::is_same<typename YMV::valu\n            e_type,\n     180          |\n                  ^\n     181          |\n                  (",
    "180          |\n                  ^\n     181          |\n                  (\n  >> 182    /var/tmp/koparasy/spack-stage/spack-stage-kokkos-kernels-3.0.00-cuv\n            wxg5pe6yrmyqwmfu72u3qf2snxkoo/spack-src/src/blas/impl/KokkosBlas1_a\nxpby_mv_impl.hpp:99:20: error: expected string-literal before 'type\n            name'\n     183       99 |                    typename YMV::non_const_value_type>::val\n            ue,\n     184          |                    ^~~~~~~~\n  >> 185    /var/tmp/koparasy/spack-stage/spack-stage-kokkos-kernels-3.0.00-cuv\n            wxg5pe6yrmyqwmfu72u3qf2snxkoo/spack-src/src/blas/impl/KokkosBlas1_a",
    "name'\n     183       99 |                    typename YMV::non_const_value_type>::val\n            ue,\n     184          |                    ^~~~~~~~\n  >> 185    /var/tmp/koparasy/spack-stage/spack-stage-kokkos-kernels-3.0.00-cuv\n            wxg5pe6yrmyqwmfu72u3qf2snxkoo/spack-src/src/blas/impl/KokkosBlas1_a\nxpby_mv_impl.hpp:98:67: error: expected ')' before 'typename'\n     186       98 |     static_assert (Kokkos::Impl::is_same<typename YMV::valu\n            e_type,\n     187          |                   ~\n                   ^\n     188          |\n                   )",
    "r<typename XMV::non_const_value_type, XMV, typename YMV::non_const_\n            value_type, YMV, scalar_x, scalar_y, SizeType>::Axpby_MV_Functor(co\n            nst XMV&, const YMV&, const typename XMV::non_const_value_type&, co\n            nst typename YMV::non_const_value_type&)':\n  >> 192    /var/tmp/koparasy/spack-stage/spack-stage-kokkos-kernels-3.0.00-cuv\n            wxg5pe6yrmyqwmfu72u3qf2snxkoo/spack-src/src/blas/impl/KokkosBlas1_a\nxpby_mv_impl.hpp:332:34: error: 'is_same' is not a member of 'Kokko\n            s::Impl'; did you mean 'std::is_same'?\n     193      332 |     static_assert (Kokkos::Impl::is_same<typename YMV::valu\n            e_type,\n     194          |                                  ^~~~~~~\n     195    In file included from /p/vast1/koparasy/BUILD/spack_cluster_install\n            er/quartz/kokkos-kernels/spack_env_dir/linux-rhel7-broadwell/gcc-9.",
    "204                     from /var/tmp/koparasy/spack-stage/spack-stage-kok\n            kos-kernels-3.0.00-cuvwxg5pe6yrmyqwmfu72u3qf2snxkoo/spack-src/src/i\n            mpl/generated_specializations_cpp/axpby/KokkosBlas1_axpby_eti_spec_\n            inst_dbl_LayoutLeft_Serial_HostSpace.cpp:52:\n  >> 205    /var/tmp/koparasy/spack-stage/spack-stage-kokkos-kernels-3.0.00-cuv\n            wxg5pe6yrmyqwmfu72u3qf2snxkoo/spack-src/src/blas/impl/KokkosBlas1_a\nxpby_mv_impl.hpp:332:66: error: expected '(' before ',' token\n     206      332 |     static_assert (Kokkos::Impl::is_same<typename YMV::valu\n            e_type,\n     207          |\n                  ^\n     208          |\n                  (",
    "207          |\n                  ^\n     208          |\n                  (\n  >> 209    /var/tmp/koparasy/spack-stage/spack-stage-kokkos-kernels-3.0.00-cuv\n            wxg5pe6yrmyqwmfu72u3qf2snxkoo/spack-src/src/blas/impl/KokkosBlas1_a\nxpby_mv_impl.hpp:333:20: error: expected string-literal before 'typ\n            ename'\n     210      333 |                    typename YMV::non_const_value_type>::val\n            ue,\n     211          |                    ^~~~~~~~\n  >> 212    /var/tmp/koparasy/spack-stage/spack-stage-kokkos-kernels-3.0.00-cuv\n            wxg5pe6yrmyqwmfu72u3qf2snxkoo/spack-src/src/blas/impl/KokkosBlas1_a",
    "ename'\n     210      333 |                    typename YMV::non_const_value_type>::val\n            ue,\n     211          |                    ^~~~~~~~\n  >> 212    /var/tmp/koparasy/spack-stage/spack-stage-kokkos-kernels-3.0.00-cuv\n            wxg5pe6yrmyqwmfu72u3qf2snxkoo/spack-src/src/blas/impl/KokkosBlas1_a\nxpby_mv_impl.hpp:332:67: error: expected ')' before 'typename'\n     213      332 |     static_assert (Kokkos::Impl::is_same<typename YMV::valu\n            e_type,\n     214          |                   ~\n                   ^\n     215          |\n                   )",
    "xpby_mv_impl.hpp: In constructor 'KokkosBlas::Impl::Axpby_MV_Unroll\n            _Functor<AV, XMV, BV, YMV, scalar_x, scalar_y, UNROLL, SizeType>::A\n            xpby_MV_Unroll_Functor(const XMV&, const YMV&, const AV&, const BV&\n            , SizeType)':\n  >> 219    /var/tmp/koparasy/spack-stage/spack-stage-kokkos-kernels-3.0.00-cuv\n            wxg5pe6yrmyqwmfu72u3qf2snxkoo/spack-src/src/blas/impl/KokkosBlas1_a\nxpby_mv_impl.hpp:549:34: error: 'is_same' is not a member of 'Kokko\n            s::Impl'; did you mean 'std::is_same'?\n     220      549 |     static_assert (Kokkos::Impl::is_same<typename YMV::valu\n            e_type,\n     221          |                                  ^~~~~~~\n     222    In file included from /p/vast1/koparasy/BUILD/spack_cluster_install\n            er/quartz/kokkos-kernels/spack_env_dir/linux-rhel7-broadwell/gcc-9.",
    "231                     from /var/tmp/koparasy/spack-stage/spack-stage-kok\n            kos-kernels-3.0.00-cuvwxg5pe6yrmyqwmfu72u3qf2snxkoo/spack-src/src/i\n            mpl/generated_specializations_cpp/axpby/KokkosBlas1_axpby_eti_spec_\n            inst_dbl_LayoutLeft_Serial_HostSpace.cpp:52:\n  >> 232    /var/tmp/koparasy/spack-stage/spack-stage-kokkos-kernels-3.0.00-cuv\n            wxg5pe6yrmyqwmfu72u3qf2snxkoo/spack-src/src/blas/impl/KokkosBlas1_a\nxpby_mv_impl.hpp:549:66: error: expected '(' before ',' token\n     233      549 |     static_assert (Kokkos::Impl::is_same<typename YMV::valu\n            e_type,\n     234          |\n                  ^\n     235          |\n                  (",
    "234          |\n                  ^\n     235          |\n                  (\n  >> 236    /var/tmp/koparasy/spack-stage/spack-stage-kokkos-kernels-3.0.00-cuv\n            wxg5pe6yrmyqwmfu72u3qf2snxkoo/spack-src/src/blas/impl/KokkosBlas1_a\nxpby_mv_impl.hpp:550:20: error: expected string-literal before 'typ\n            ename'\n     237      550 |                    typename YMV::non_const_value_type>::val\n            ue,\n     238          |                    ^~~~~~~~\n  >> 239    /var/tmp/koparasy/spack-stage/spack-stage-kokkos-kernels-3.0.00-cuv\n            wxg5pe6yrmyqwmfu72u3qf2snxkoo/spack-src/src/blas/impl/KokkosBlas1_a",
    "ename'\n     237      550 |                    typename YMV::non_const_value_type>::val\n            ue,\n     238          |                    ^~~~~~~~\n  >> 239    /var/tmp/koparasy/spack-stage/spack-stage-kokkos-kernels-3.0.00-cuv\n            wxg5pe6yrmyqwmfu72u3qf2snxkoo/spack-src/src/blas/impl/KokkosBlas1_a\nxpby_mv_impl.hpp:549:67: error: expected ')' before 'typename'\n     240      549 |     static_assert (Kokkos::Impl::is_same<typename YMV::valu\n            e_type,\n     241          |                   ~\n                   ^\n     242          |\n                   )",
    "_const_value_type, YMV, scalar_x, scalar_y, UNROLL, SizeType>::Axpb\n            y_MV_Unroll_Functor(const XMV&, const YMV&, const typename XMV::non\n            _const_value_type&, const typename YMV::non_const_value_type&, Size\n            Type)':\n  >> 246    /var/tmp/koparasy/spack-stage/spack-stage-kokkos-kernels-3.0.00-cuv\n            wxg5pe6yrmyqwmfu72u3qf2snxkoo/spack-src/src/blas/impl/KokkosBlas1_a\nxpby_mv_impl.hpp:770:34: error: 'is_same' is not a member of 'Kokko\n            s::Impl'; did you mean 'std::is_same'?\n     247      770 |     static_assert (Kokkos::Impl::is_same<typename YMV::valu\n            e_type,\n     248          |                                  ^~~~~~~\n     249    In file included from /p/vast1/koparasy/BUILD/spack_cluster_install\n            er/quartz/kokkos-kernels/spack_env_dir/linux-rhel7-broadwell/gcc-9.",
    "258                     from /var/tmp/koparasy/spack-stage/spack-stage-kok\n            kos-kernels-3.0.00-cuvwxg5pe6yrmyqwmfu72u3qf2snxkoo/spack-src/src/i\n            mpl/generated_specializations_cpp/axpby/KokkosBlas1_axpby_eti_spec_\n            inst_dbl_LayoutLeft_Serial_HostSpace.cpp:52:\n  >> 259    /var/tmp/koparasy/spack-stage/spack-stage-kokkos-kernels-3.0.00-cuv\n            wxg5pe6yrmyqwmfu72u3qf2snxkoo/spack-src/src/blas/impl/KokkosBlas1_a\nxpby_mv_impl.hpp:770:66: error: expected '(' before ',' token\n     260      770 |     static_assert (Kokkos::Impl::is_same<typename YMV::valu\n            e_type,\n     261          |\n                  ^\n     262          |\n                  (",
    "261          |\n                  ^\n     262          |\n                  (\n  >> 263    /var/tmp/koparasy/spack-stage/spack-stage-kokkos-kernels-3.0.00-cuv\n            wxg5pe6yrmyqwmfu72u3qf2snxkoo/spack-src/src/blas/impl/KokkosBlas1_a\nxpby_mv_impl.hpp:771:20: error: expected string-literal before 'typ\n            ename'\n     264      771 |                    typename YMV::non_const_value_type>::val\n            ue,\n     265          |                    ^~~~~~~~\n  >> 266    /var/tmp/koparasy/spack-stage/spack-stage-kokkos-kernels-3.0.00-cuv\n            wxg5pe6yrmyqwmfu72u3qf2snxkoo/spack-src/src/blas/impl/KokkosBlas1_a",
    "ename'\n     264      771 |                    typename YMV::non_const_value_type>::val\n            ue,\n     265          |                    ^~~~~~~~\n  >> 266    /var/tmp/koparasy/spack-stage/spack-stage-kokkos-kernels-3.0.00-cuv\n            wxg5pe6yrmyqwmfu72u3qf2snxkoo/spack-src/src/blas/impl/KokkosBlas1_a\nxpby_mv_impl.hpp:770:67: error: expected ')' before 'typename'\n     267      770 |     static_assert (Kokkos::Impl::is_same<typename YMV::valu\n            e_type,\n     268          |                   ~\n                   ^\n     269          |\n                   )",
    "wxg5pe6yrmyqwmfu72u3qf2snxkoo/spack-src/src/blas/impl/KokkosBlas1_a\n            xpby_mv_impl.hpp: In function 'void KokkosBlas::Impl::Axpby_MV_Unro\n            lled(const AV&, const XMV&, const BV&, const YMV&, SizeType, int, i\n            nt)':\n  >> 273    /var/tmp/koparasy/spack-stage/spack-stage-kokkos-kernels-3.0.00-cuv\n            wxg5pe6yrmyqwmfu72u3qf2snxkoo/spack-src/src/blas/impl/KokkosBlas1_a\nxpby_mv_impl.hpp:984:32: error: 'is_same' is not a member of 'Kokko\n            s::Impl'; did you mean 'std::is_same'?\n     274      984 |   static_assert (Kokkos::Impl::is_same<typename YMV::value_\n            type,\n     275          |                                ^~~~~~~\n     276    In file included from /p/vast1/koparasy/BUILD/spack_cluster_install\n            er/quartz/kokkos-kernels/spack_env_dir/linux-rhel7-broadwell/gcc-9.",
    "285                     from /var/tmp/koparasy/spack-stage/spack-stage-kok\n            kos-kernels-3.0.00-cuvwxg5pe6yrmyqwmfu72u3qf2snxkoo/spack-src/src/i\n            mpl/generated_specializations_cpp/axpby/KokkosBlas1_axpby_eti_spec_\n            inst_dbl_LayoutLeft_Serial_HostSpace.cpp:52:\n  >> 286    /var/tmp/koparasy/spack-stage/spack-stage-kokkos-kernels-3.0.00-cuv\n            wxg5pe6yrmyqwmfu72u3qf2snxkoo/spack-src/src/blas/impl/KokkosBlas1_a\nxpby_mv_impl.hpp:984:64: error: expected '(' before ',' token\n     287      984 |   static_assert (Kokkos::Impl::is_same<typename YMV::value_\n            type,\n     288          |\n                ^\n     289          |\n                (",
    "288          |\n                ^\n     289          |\n                (\n  >> 290    /var/tmp/koparasy/spack-stage/spack-stage-kokkos-kernels-3.0.00-cuv\n            wxg5pe6yrmyqwmfu72u3qf2snxkoo/spack-src/src/blas/impl/KokkosBlas1_a\nxpby_mv_impl.hpp:985:20: error: expected string-literal before 'typ\n            ename'\n     291      985 |                    typename YMV::non_const_value_type>::val\n            ue,\n     292          |                    ^~~~~~~~\n  >> 293    /var/tmp/koparasy/spack-stage/spack-stage-kokkos-kernels-3.0.00-cuv\n            wxg5pe6yrmyqwmfu72u3qf2snxkoo/spack-src/src/blas/impl/KokkosBlas1_a",
    "ename'\n     291      985 |                    typename YMV::non_const_value_type>::val\n            ue,\n     292          |                    ^~~~~~~~\n  >> 293    /var/tmp/koparasy/spack-stage/spack-stage-kokkos-kernels-3.0.00-cuv\n            wxg5pe6yrmyqwmfu72u3qf2snxkoo/spack-src/src/blas/impl/KokkosBlas1_a\nxpby_mv_impl.hpp:984:65: error: expected ')' before 'typename'\n     294      984 |   static_assert (Kokkos::Impl::is_same<typename YMV::value_\n            type,\n     295          |                 ~\n                 ^\n     296          |\n                 )",
    "299    /var/tmp/koparasy/spack-stage/spack-stage-kokkos-kernels-3.0.00-cuv\n            wxg5pe6yrmyqwmfu72u3qf2snxkoo/spack-src/src/blas/impl/KokkosBlas1_a\n            xpby_mv_impl.hpp: In function 'void KokkosBlas::Impl::Axpby_MV_Gene\n            ric(const AV&, const XMV&, const BV&, const YMV&, int, int)':\n  >> 300    /var/tmp/koparasy/spack-stage/spack-stage-kokkos-kernels-3.0.00-cuv\n            wxg5pe6yrmyqwmfu72u3qf2snxkoo/spack-src/src/blas/impl/KokkosBlas1_a\nxpby_mv_impl.hpp:1122:32: error: 'is_same' is not a member of 'Kokk\n            os::Impl'; did you mean 'std::is_same'?\n     301     1122 |   static_assert (Kokkos::Impl::is_same<typename YMV::value_\n            type,\n     302          |                                ^~~~~~~\n     303    In file included from /p/vast1/koparasy/BUILD/spack_cluster_install\n            er/quartz/kokkos-kernels/spack_env_dir/linux-rhel7-broadwell/gcc-9.",
    "312                     from /var/tmp/koparasy/spack-stage/spack-stage-kok\n            kos-kernels-3.0.00-cuvwxg5pe6yrmyqwmfu72u3qf2snxkoo/spack-src/src/i\n            mpl/generated_specializations_cpp/axpby/KokkosBlas1_axpby_eti_spec_\n            inst_dbl_LayoutLeft_Serial_HostSpace.cpp:52:\n  >> 313    /var/tmp/koparasy/spack-stage/spack-stage-kokkos-kernels-3.0.00-cuv\n            wxg5pe6yrmyqwmfu72u3qf2snxkoo/spack-src/src/blas/impl/KokkosBlas1_a\nxpby_mv_impl.hpp:1122:64: error: expected '(' before ',' token\n     314     1122 |   static_assert (Kokkos::Impl::is_same<typename YMV::value_\n            type,\n     315          |\n                ^\n     316          |\n                (",
    "315          |\n                ^\n     316          |\n                (\n  >> 317    /var/tmp/koparasy/spack-stage/spack-stage-kokkos-kernels-3.0.00-cuv\n            wxg5pe6yrmyqwmfu72u3qf2snxkoo/spack-src/src/blas/impl/KokkosBlas1_a\nxpby_mv_impl.hpp:1123:20: error: expected string-literal before 'ty\n            pename'\n     318     1123 |                    typename YMV::non_const_value_type>::val\n            ue,\n     319          |                    ^~~~~~~~\n  >> 320    /var/tmp/koparasy/spack-stage/spack-stage-kokkos-kernels-3.0.00-cuv\n            wxg5pe6yrmyqwmfu72u3qf2snxkoo/spack-src/src/blas/impl/KokkosBlas1_a",
    "pename'\n     318     1123 |                    typename YMV::non_const_value_type>::val\n            ue,\n     319          |                    ^~~~~~~~\n  >> 320    /var/tmp/koparasy/spack-stage/spack-stage-kokkos-kernels-3.0.00-cuv\n            wxg5pe6yrmyqwmfu72u3qf2snxkoo/spack-src/src/blas/impl/KokkosBlas1_a\nxpby_mv_impl.hpp:1122:65: error: expected ')' before 'typename'\n     321     1122 |   static_assert (Kokkos::Impl::is_same<typename YMV::value_\n            type,\n     322          |                 ~\n                 ^\n     323          |\n                 )",
    "wxg5pe6yrmyqwmfu72u3qf2snxkoo/spack-src/src/blas/impl/KokkosBlas1_a\n            xpby_mv_impl.hpp: In static member function 'static void KokkosBlas\n            ::Impl::Axpby_MV_Invoke_Left<AV, XMV, BV, YMV, SizeType>::run(const\n             AV&, const XMV&, const BV&, const YMV&, int, int)':\n  >> 327    /var/tmp/koparasy/spack-stage/spack-stage-kokkos-kernels-3.0.00-cuv\n            wxg5pe6yrmyqwmfu72u3qf2snxkoo/spack-src/src/blas/impl/KokkosBlas1_a\nxpby_mv_impl.hpp:1262:32: error: 'is_same' is not a member of 'Kokk\n            os::Impl'; did you mean 'std::is_same'?\n     328     1262 |   static_assert (Kokkos::Impl::is_same<typename YMV::value_\n            type,\n     329          |                                ^~~~~~~\n     330    In file included from /p/vast1/koparasy/BUILD/spack_cluster_install\n            er/quartz/kokkos-kernels/spack_env_dir/linux-rhel7-broadwell/gcc-9.",
    "339                     from /var/tmp/koparasy/spack-stage/spack-stage-kok\n            kos-kernels-3.0.00-cuvwxg5pe6yrmyqwmfu72u3qf2snxkoo/spack-src/src/i\n            mpl/generated_specializations_cpp/axpby/KokkosBlas1_axpby_eti_spec_\n            inst_dbl_LayoutLeft_Serial_HostSpace.cpp:52:\n  >> 340    /var/tmp/koparasy/spack-stage/spack-stage-kokkos-kernels-3.0.00-cuv\n            wxg5pe6yrmyqwmfu72u3qf2snxkoo/spack-src/src/blas/impl/KokkosBlas1_a\nxpby_mv_impl.hpp:1262:64: error: expected '(' before ',' token\n     341     1262 |   static_assert (Kokkos::Impl::is_same<typename YMV::value_\n            type,\n     342          |\n                ^\n     343          |\n                (",
    "342          |\n                ^\n     343          |\n                (\n  >> 344    /var/tmp/koparasy/spack-stage/spack-stage-kokkos-kernels-3.0.00-cuv\n            wxg5pe6yrmyqwmfu72u3qf2snxkoo/spack-src/src/blas/impl/KokkosBlas1_a\nxpby_mv_impl.hpp:1263:18: error: expected string-literal before 'ty\n            pename'\n     345     1263 |                  typename YMV::non_const_value_type>::value\n            ,\n     346          |                  ^~~~~~~~\n  >> 347    /var/tmp/koparasy/spack-stage/spack-stage-kokkos-kernels-3.0.00-cuv\n            wxg5pe6yrmyqwmfu72u3qf2snxkoo/spack-src/src/blas/impl/KokkosBlas1_a",
    "pename'\n     345     1263 |                  typename YMV::non_const_value_type>::value\n            ,\n     346          |                  ^~~~~~~~\n  >> 347    /var/tmp/koparasy/spack-stage/spack-stage-kokkos-kernels-3.0.00-cuv\n            wxg5pe6yrmyqwmfu72u3qf2snxkoo/spack-src/src/blas/impl/KokkosBlas1_a\nxpby_mv_impl.hpp:1262:65: error: expected ')' before 'typename'\n     348     1262 |   static_assert (Kokkos::Impl::is_same<typename YMV::value_\n            type,\n     349          |                 ~\n                 ^\n     350          |\n                 )",
    "wxg5pe6yrmyqwmfu72u3qf2snxkoo/spack-src/src/blas/impl/KokkosBlas1_a\n            xpby_mv_impl.hpp: In static member function 'static void KokkosBlas\n            ::Impl::Axpby_MV_Invoke_Right<AV, XMV, BV, YMV, SizeType>::run(cons\n            t AV&, const XMV&, const BV&, const YMV&, int, int)':\n  >> 354    /var/tmp/koparasy/spack-stage/spack-stage-kokkos-kernels-3.0.00-cuv\n            wxg5pe6yrmyqwmfu72u3qf2snxkoo/spack-src/src/blas/impl/KokkosBlas1_a\nxpby_mv_impl.hpp:1341:32: error: 'is_same' is not a member of 'Kokk\n            os::Impl'; did you mean 'std::is_same'?\n     355     1341 |   static_assert (Kokkos::Impl::is_same<typename YMV::value_\n            type,\n     356          |                                ^~~~~~~\n     357    In file included from /p/vast1/koparasy/BUILD/spack_cluster_install\n            er/quartz/kokkos-kernels/spack_env_dir/linux-rhel7-broadwell/gcc-9.",
    "366                     from /var/tmp/koparasy/spack-stage/spack-stage-kok\n            kos-kernels-3.0.00-cuvwxg5pe6yrmyqwmfu72u3qf2snxkoo/spack-src/src/i\n            mpl/generated_specializations_cpp/axpby/KokkosBlas1_axpby_eti_spec_\n            inst_dbl_LayoutLeft_Serial_HostSpace.cpp:52:\n  >> 367    /var/tmp/koparasy/spack-stage/spack-stage-kokkos-kernels-3.0.00-cuv\n            wxg5pe6yrmyqwmfu72u3qf2snxkoo/spack-src/src/blas/impl/KokkosBlas1_a\nxpby_mv_impl.hpp:1341:64: error: expected '(' before ',' token\n     368     1341 |   static_assert (Kokkos::Impl::is_same<typename YMV::value_\n            type,\n     369          |\n                ^\n     370          |\n                (",
    "369          |\n                ^\n     370          |\n                (\n  >> 371    /var/tmp/koparasy/spack-stage/spack-stage-kokkos-kernels-3.0.00-cuv\n            wxg5pe6yrmyqwmfu72u3qf2snxkoo/spack-src/src/blas/impl/KokkosBlas1_a\nxpby_mv_impl.hpp:1342:18: error: expected string-literal before 'ty\n            pename'\n     372     1342 |                  typename YMV::non_const_value_type>::value\n            ,\n     373          |                  ^~~~~~~~\n  >> 374    /var/tmp/koparasy/spack-stage/spack-stage-kokkos-kernels-3.0.00-cuv\n            wxg5pe6yrmyqwmfu72u3qf2snxkoo/spack-src/src/blas/impl/KokkosBlas1_a",
    "pename'\n     372     1342 |                  typename YMV::non_const_value_type>::value\n            ,\n     373          |                  ^~~~~~~~\n  >> 374    /var/tmp/koparasy/spack-stage/spack-stage-kokkos-kernels-3.0.00-cuv\n            wxg5pe6yrmyqwmfu72u3qf2snxkoo/spack-src/src/blas/impl/KokkosBlas1_a\nxpby_mv_impl.hpp:1341:65: error: expected ')' before 'typename'\n     375     1341 |   static_assert (Kokkos::Impl::is_same<typename YMV::value_\n            type,\n     376          |                 ~\n                 ^\n     377          |\n                 )",
    "wxg5pe6yrmyqwmfu72u3qf2snxkoo/spack-src/src/blas/impl/KokkosBlas1_a\n            xpby_spec.hpp: In static member function 'static void KokkosBlas::I\n            mpl::Axpby<AV, XMV, BV, YMV, 2, false, true>::axpby(const AV&, cons\n            t XMV&, const BV&, const YMV&)':\n  >> 382    /var/tmp/koparasy/spack-stage/spack-stage-kokkos-kernels-3.0.00-cuv\n            wxg5pe6yrmyqwmfu72u3qf2snxkoo/spack-src/src/blas/impl/KokkosBlas1_a\nxpby_spec.hpp:173:34: error: 'is_same' is not a member of 'Kokkos::\n            Impl'; did you mean 'std::is_same'?\n     383      173 |     static_assert (Kokkos::Impl::is_same<typename YMV::valu\n            e_type,\n     384          |                                  ^~~~~~~\n     385    In file included from /p/vast1/koparasy/BUILD/spack_cluster_install\n            er/quartz/kokkos-kernels/spack_env_dir/linux-rhel7-broadwell/gcc-9.",
    "393    In file included from /var/tmp/koparasy/spack-stage/spack-stage-kok\n            kos-kernels-3.0.00-cuvwxg5pe6yrmyqwmfu72u3qf2snxkoo/spack-src/src/i\n            mpl/generated_specializations_cpp/axpby/KokkosBlas1_axpby_eti_spec_\n            inst_dbl_LayoutLeft_Serial_HostSpace.cpp:52:\n  >> 394    /var/tmp/koparasy/spack-stage/spack-stage-kokkos-kernels-3.0.00-cuv\n            wxg5pe6yrmyqwmfu72u3qf2snxkoo/spack-src/src/blas/impl/KokkosBlas1_a\nxpby_spec.hpp:173:66: error: expected '(' before ',' token\n     395      173 |     static_assert (Kokkos::Impl::is_same<typename YMV::valu\n            e_type,\n     396          |\n                  ^\n     397          |\n                  (",
    "396          |\n                  ^\n     397          |\n                  (\n  >> 398    /var/tmp/koparasy/spack-stage/spack-stage-kokkos-kernels-3.0.00-cuv\n            wxg5pe6yrmyqwmfu72u3qf2snxkoo/spack-src/src/blas/impl/KokkosBlas1_a\nxpby_spec.hpp:174:22: error: expected string-literal before 'typena\n            me'\n     399      174 |                      typename YMV::non_const_value_type>::v\n            alue,\n     400          |                      ^~~~~~~~\n  >> 401    /var/tmp/koparasy/spack-stage/spack-stage-kokkos-kernels-3.0.00-cuv\n            wxg5pe6yrmyqwmfu72u3qf2snxkoo/spack-src/src/blas/impl/KokkosBlas1_a",
    "me'\n     399      174 |                      typename YMV::non_const_value_type>::v\n            alue,\n     400          |                      ^~~~~~~~\n  >> 401    /var/tmp/koparasy/spack-stage/spack-stage-kokkos-kernels-3.0.00-cuv\n            wxg5pe6yrmyqwmfu72u3qf2snxkoo/spack-src/src/blas/impl/KokkosBlas1_a\nxpby_spec.hpp:173:67: error: expected ')' before 'typename'\n     402      173 |     static_assert (Kokkos::Impl::is_same<typename YMV::valu\n            e_type,\n     403          |                   ~\n                   ^\n     404          |\n                   )",
    "xpby_spec.hpp: In static member function 'static void KokkosBlas::I\n            mpl::Axpby<typename XMV::non_const_value_type, XMV, typename YMV::n\n            on_const_value_type, YMV, 2, false, true>::axpby(const AV&, const X\n            MV&, const BV&, const YMV&)':\n  >> 409    /var/tmp/koparasy/spack-stage/spack-stage-kokkos-kernels-3.0.00-cuv\n            wxg5pe6yrmyqwmfu72u3qf2snxkoo/spack-src/src/blas/impl/KokkosBlas1_a\nxpby_spec.hpp:242:34: error: 'is_same' is not a member of 'Kokkos::\n            Impl'; did you mean 'std::is_same'?\n     410      242 |     static_assert (Kokkos::Impl::is_same<typename YMV::valu\n            e_type,\n     411          |                                  ^~~~~~~\n     412    In file included from /p/vast1/koparasy/BUILD/spack_cluster_install\n            er/quartz/kokkos-kernels/spack_env_dir/linux-rhel7-broadwell/gcc-9.",
    "420    In file included from /var/tmp/koparasy/spack-stage/spack-stage-kok\n            kos-kernels-3.0.00-cuvwxg5pe6yrmyqwmfu72u3qf2snxkoo/spack-src/src/i\n            mpl/generated_specializations_cpp/axpby/KokkosBlas1_axpby_eti_spec_\n            inst_dbl_LayoutLeft_Serial_HostSpace.cpp:52:\n  >> 421    /var/tmp/koparasy/spack-stage/spack-stage-kokkos-kernels-3.0.00-cuv\n            wxg5pe6yrmyqwmfu72u3qf2snxkoo/spack-src/src/blas/impl/KokkosBlas1_a\nxpby_spec.hpp:242:66: error: expected '(' before ',' token\n     422      242 |     static_assert (Kokkos::Impl::is_same<typename YMV::valu\n            e_type,\n     423          |\n                  ^\n     424          |\n                  (",
    "423          |\n                  ^\n     424          |\n                  (\n  >> 425    /var/tmp/koparasy/spack-stage/spack-stage-kokkos-kernels-3.0.00-cuv\n            wxg5pe6yrmyqwmfu72u3qf2snxkoo/spack-src/src/blas/impl/KokkosBlas1_a\nxpby_spec.hpp:243:22: error: expected string-literal before 'typena\n            me'\n     426      243 |                      typename YMV::non_const_value_type>::v\n            alue,\n     427          |                      ^~~~~~~~\n  >> 428    /var/tmp/koparasy/spack-stage/spack-stage-kokkos-kernels-3.0.00-cuv\n            wxg5pe6yrmyqwmfu72u3qf2snxkoo/spack-src/src/blas/impl/KokkosBlas1_a",
    "me'\n     426      243 |                      typename YMV::non_const_value_type>::v\n            alue,\n     427          |                      ^~~~~~~~\n  >> 428    /var/tmp/koparasy/spack-stage/spack-stage-kokkos-kernels-3.0.00-cuv\n            wxg5pe6yrmyqwmfu72u3qf2snxkoo/spack-src/src/blas/impl/KokkosBlas1_a\nxpby_spec.hpp:242:67: error: expected ')' before 'typename'\n     429      242 |     static_assert (Kokkos::Impl::is_same<typename YMV::valu\n            e_type,\n     430          |                   ~\n                   ^\n     431          |\n                   )",
    "xpby_spec.hpp: In static member function 'static void KokkosBlas::I\n            mpl::Axpby<typename XV::non_const_value_type, XV, typename YV::non_\n            const_value_type, YV, 1, false, true>::axpby(const AV&, const XV&,\n            const BV&, const YV&)':\n  >> 435    /var/tmp/koparasy/spack-stage/spack-stage-kokkos-kernels-3.0.00-cuv\n            wxg5pe6yrmyqwmfu72u3qf2snxkoo/spack-src/src/blas/impl/KokkosBlas1_a\nxpby_spec.hpp:335:34: error: 'is_same' is not a member of 'Kokkos::\n            Impl'; did you mean 'std::is_same'?\n     436      335 |     static_assert (Kokkos::Impl::is_same<typename YV::value\n            _type,\n     437          |                                  ^~~~~~~\n     438    In file included from /p/vast1/koparasy/BUILD/spack_cluster_install\n            er/quartz/kokkos-kernels/spack_env_dir/linux-rhel7-broadwell/gcc-9.",
    "446    In file included from /var/tmp/koparasy/spack-stage/spack-stage-kok\n            kos-kernels-3.0.00-cuvwxg5pe6yrmyqwmfu72u3qf2snxkoo/spack-src/src/i\n            mpl/generated_specializations_cpp/axpby/KokkosBlas1_axpby_eti_spec_\n            inst_dbl_LayoutLeft_Serial_HostSpace.cpp:52:\n  >> 447    /var/tmp/koparasy/spack-stage/spack-stage-kokkos-kernels-3.0.00-cuv\n            wxg5pe6yrmyqwmfu72u3qf2snxkoo/spack-src/src/blas/impl/KokkosBlas1_a\nxpby_spec.hpp:335:65: error: expected '(' before ',' token\n     448      335 |     static_assert (Kokkos::Impl::is_same<typename YV::value\n            _type,\n     449          |\n                 ^\n     450          |\n                 (",
    "449          |\n                 ^\n     450          |\n                 (\n  >> 451    /var/tmp/koparasy/spack-stage/spack-stage-kokkos-kernels-3.0.00-cuv\n            wxg5pe6yrmyqwmfu72u3qf2snxkoo/spack-src/src/blas/impl/KokkosBlas1_a\nxpby_spec.hpp:336:22: error: expected string-literal before 'typena\n            me'\n     452      336 |                      typename YV::non_const_value_type>::va\n            lue,\n     453          |                      ^~~~~~~~\n  >> 454    /var/tmp/koparasy/spack-stage/spack-stage-kokkos-kernels-3.0.00-cuv\n            wxg5pe6yrmyqwmfu72u3qf2snxkoo/spack-src/src/blas/impl/KokkosBlas1_a",
    "me'\n     452      336 |                      typename YV::non_const_value_type>::va\n            lue,\n     453          |                      ^~~~~~~~\n  >> 454    /var/tmp/koparasy/spack-stage/spack-stage-kokkos-kernels-3.0.00-cuv\n            wxg5pe6yrmyqwmfu72u3qf2snxkoo/spack-src/src/blas/impl/KokkosBlas1_a\nxpby_spec.hpp:335:66: error: expected ')' before 'typename'\n     455      335 |     static_assert (Kokkos::Impl::is_same<typename YV::value\n            _type,\n     456          |                   ~\n                  ^\n     457          |\n                  )",
    "wxg5pe6yrmyqwmfu72u3qf2snxkoo/spack-src/src/blas/impl/KokkosBlas1_a\n            xpby_impl.hpp: In constructor 'KokkosBlas::Impl::Axpby_Functor<AV,\n            XV, BV, YV, scalar_x, scalar_y, SizeType>::Axpby_Functor(const XV&,\n             const YV&, const AV&, const BV&, SizeType)':\n  >> 463    /var/tmp/koparasy/spack-stage/spack-stage-kokkos-kernels-3.0.00-cuv\n            wxg5pe6yrmyqwmfu72u3qf2snxkoo/spack-src/src/blas/impl/KokkosBlas1_a\nxpby_impl.hpp:101:34: error: 'is_same' is not a member of 'Kokkos::\n            Impl'; did you mean 'std::is_same'?\n     464      101 |     static_assert (Kokkos::Impl::is_same<typename YV::value\n            _type,\n     465          |                                  ^~~~~~~\n     466    In file included from /p/vast1/koparasy/BUILD/spack_cluster_install\n            er/quartz/kokkos-kernels/spack_env_dir/linux-rhel7-broadwell/gcc-9.",
    "475                     from /var/tmp/koparasy/spack-stage/spack-stage-kok\n            kos-kernels-3.0.00-cuvwxg5pe6yrmyqwmfu72u3qf2snxkoo/spack-src/src/i\n            mpl/generated_specializations_cpp/axpby/KokkosBlas1_axpby_mv_eti_sp\n            ec_inst_dbl_LayoutLeft_Serial_HostSpace.cpp:52:\n  >> 476    /var/tmp/koparasy/spack-stage/spack-stage-kokkos-kernels-3.0.00-cuv\n            wxg5pe6yrmyqwmfu72u3qf2snxkoo/spack-src/src/blas/impl/KokkosBlas1_a\nxpby_impl.hpp:101:65: error: expected '(' before ',' token\n     477      101 |     static_assert (Kokkos::Impl::is_same<typename YV::value\n            _type,\n     478          |\n                 ^\n     479          |\n                 (",
    "478          |\n                 ^\n     479          |\n                 (\n  >> 480    /var/tmp/koparasy/spack-stage/spack-stage-kokkos-kernels-3.0.00-cuv\n            wxg5pe6yrmyqwmfu72u3qf2snxkoo/spack-src/src/blas/impl/KokkosBlas1_a\nxpby_impl.hpp:102:20: error: expected string-literal before 'typena\n            me'\n     481      102 |                    typename YV::non_const_value_type>::valu\n            e,\n     482          |                    ^~~~~~~~\n  >> 483    /var/tmp/koparasy/spack-stage/spack-stage-kokkos-kernels-3.0.00-cuv\n            wxg5pe6yrmyqwmfu72u3qf2snxkoo/spack-src/src/blas/impl/KokkosBlas1_a",
    "me'\n     481      102 |                    typename YV::non_const_value_type>::valu\n            e,\n     482          |                    ^~~~~~~~\n  >> 483    /var/tmp/koparasy/spack-stage/spack-stage-kokkos-kernels-3.0.00-cuv\n            wxg5pe6yrmyqwmfu72u3qf2snxkoo/spack-src/src/blas/impl/KokkosBlas1_a\nxpby_impl.hpp:101:66: error: expected ')' before 'typename'\n     484      101 |     static_assert (Kokkos::Impl::is_same<typename YV::value\n            _type,\n     485          |                   ~\n                  ^\n     486          |\n                  )",
    "name XV::non_const_value_type, XV, typename YV::non_const_value_typ\n            e, YV, scalar_x, scalar_y, SizeType>::Axpby_Functor(const XV&, cons\n            t YV&, const typename XV::non_const_value_type&, const typename YV:\n            :non_const_value_type&, SizeType)':\n  >> 490    /var/tmp/koparasy/spack-stage/spack-stage-kokkos-kernels-3.0.00-cuv\n            wxg5pe6yrmyqwmfu72u3qf2snxkoo/spack-src/src/blas/impl/KokkosBlas1_a\nxpby_impl.hpp:235:34: error: 'is_same' is not a member of 'Kokkos::\n            Impl'; did you mean 'std::is_same'?\n     491      235 |     static_assert (Kokkos::Impl::is_same<typename YV::value\n            _type,\n     492          |                                  ^~~~~~~\n     493    In file included from /p/vast1/koparasy/BUILD/spack_cluster_install\n            er/quartz/kokkos-kernels/spack_env_dir/linux-rhel7-broadwell/gcc-9.",
    "502                     from /var/tmp/koparasy/spack-stage/spack-stage-kok\n            kos-kernels-3.0.00-cuvwxg5pe6yrmyqwmfu72u3qf2snxkoo/spack-src/src/i\n            mpl/generated_specializations_cpp/axpby/KokkosBlas1_axpby_mv_eti_sp\n            ec_inst_dbl_LayoutLeft_Serial_HostSpace.cpp:52:\n  >> 503    /var/tmp/koparasy/spack-stage/spack-stage-kokkos-kernels-3.0.00-cuv\n            wxg5pe6yrmyqwmfu72u3qf2snxkoo/spack-src/src/blas/impl/KokkosBlas1_a\nxpby_impl.hpp:235:65: error: expected '(' before ',' token\n     504      235 |     static_assert (Kokkos::Impl::is_same<typename YV::value\n            _type,\n     505          |\n                 ^\n     506          |\n                 (",
    "505          |\n                 ^\n     506          |\n                 (\n  >> 507    /var/tmp/koparasy/spack-stage/spack-stage-kokkos-kernels-3.0.00-cuv\n            wxg5pe6yrmyqwmfu72u3qf2snxkoo/spack-src/src/blas/impl/KokkosBlas1_a\nxpby_impl.hpp:236:20: error: expected string-literal before 'typena\n            me'\n     508      236 |                    typename YV::non_const_value_type>::valu\n            e,\n     509          |                    ^~~~~~~~\n  >> 510    /var/tmp/koparasy/spack-stage/spack-stage-kokkos-kernels-3.0.00-cuv\n            wxg5pe6yrmyqwmfu72u3qf2snxkoo/spack-src/src/blas/impl/KokkosBlas1_a",
    "me'\n     508      236 |                    typename YV::non_const_value_type>::valu\n            e,\n     509          |                    ^~~~~~~~\n  >> 510    /var/tmp/koparasy/spack-stage/spack-stage-kokkos-kernels-3.0.00-cuv\n            wxg5pe6yrmyqwmfu72u3qf2snxkoo/spack-src/src/blas/impl/KokkosBlas1_a\nxpby_impl.hpp:235:66: error: expected ')' before 'typename'\n     511      235 |     static_assert (Kokkos::Impl::is_same<typename YV::value\n            _type,\n     512          |                   ~\n                  ^\n     513          |\n                  )",
    "516    /var/tmp/koparasy/spack-stage/spack-stage-kokkos-kernels-3.0.00-cuv\n            wxg5pe6yrmyqwmfu72u3qf2snxkoo/spack-src/src/blas/impl/KokkosBlas1_a\n            xpby_impl.hpp: In function 'void KokkosBlas::Impl::Axpby_Generic(co\n            nst AV&, const XV&, const BV&, const YV&, SizeType, int, int)':\n  >> 517    /var/tmp/koparasy/spack-stage/spack-stage-kokkos-kernels-3.0.00-cuv\n            wxg5pe6yrmyqwmfu72u3qf2snxkoo/spack-src/src/blas/impl/KokkosBlas1_a\nxpby_impl.hpp:340:32: error: 'is_same' is not a member of 'Kokkos::\n            Impl'; did you mean 'std::is_same'?\n     518      340 |   static_assert (Kokkos::Impl::is_same<typename YV::value_t\n            ype,\n     519          |                                ^~~~~~~\n     520    In file included from /p/vast1/koparasy/BUILD/spack_cluster_install\n            er/quartz/kokkos-kernels/spack_env_dir/linux-rhel7-broadwell/gcc-9.",
    "529                     from /var/tmp/koparasy/spack-stage/spack-stage-kok\n            kos-kernels-3.0.00-cuvwxg5pe6yrmyqwmfu72u3qf2snxkoo/spack-src/src/i\n            mpl/generated_specializations_cpp/axpby/KokkosBlas1_axpby_mv_eti_sp\n            ec_inst_dbl_LayoutLeft_Serial_HostSpace.cpp:52:\n  >> 530    /var/tmp/koparasy/spack-stage/spack-stage-kokkos-kernels-3.0.00-cuv\n            wxg5pe6yrmyqwmfu72u3qf2snxkoo/spack-src/src/blas/impl/KokkosBlas1_a\nxpby_impl.hpp:340:63: error: expected '(' before ',' token\n     531      340 |   static_assert (Kokkos::Impl::is_same<typename YV::value_t\n            ype,\n     532          |\n               ^\n     533          |\n               (",
    "532          |\n               ^\n     533          |\n               (\n  >> 534    /var/tmp/koparasy/spack-stage/spack-stage-kokkos-kernels-3.0.00-cuv\n            wxg5pe6yrmyqwmfu72u3qf2snxkoo/spack-src/src/blas/impl/KokkosBlas1_a\nxpby_impl.hpp:341:20: error: expected string-literal before 'typena\n            me'\n     535      341 |                    typename YV::non_const_value_type>::valu\n            e,\n     536          |                    ^~~~~~~~\n  >> 537    /var/tmp/koparasy/spack-stage/spack-stage-kokkos-kernels-3.0.00-cuv\n            wxg5pe6yrmyqwmfu72u3qf2snxkoo/spack-src/src/blas/impl/KokkosBlas1_a",
    "me'\n     535      341 |                    typename YV::non_const_value_type>::valu\n            e,\n     536          |                    ^~~~~~~~\n  >> 537    /var/tmp/koparasy/spack-stage/spack-stage-kokkos-kernels-3.0.00-cuv\n            wxg5pe6yrmyqwmfu72u3qf2snxkoo/spack-src/src/blas/impl/KokkosBlas1_a\nxpby_impl.hpp:340:64: error: expected ')' before 'typename'\n     538      340 |   static_assert (Kokkos::Impl::is_same<typename YV::value_t\n            ype,\n     539          |                 ~\n                ^\n     540          |\n                )",
    "wxg5pe6yrmyqwmfu72u3qf2snxkoo/spack-src/src/blas/impl/KokkosBlas1_a\n            xpby_mv_impl.hpp: In constructor 'KokkosBlas::Impl::Axpby_MV_Functo\n            r<AV, XMV, BV, YMV, scalar_x, scalar_y, SizeType>::Axpby_MV_Functor\n            (const XMV&, const YMV&, const AV&, const BV&)':\n  >> 546    /var/tmp/koparasy/spack-stage/spack-stage-kokkos-kernels-3.0.00-cuv\n            wxg5pe6yrmyqwmfu72u3qf2snxkoo/spack-src/src/blas/impl/KokkosBlas1_a\nxpby_mv_impl.hpp:98:34: error: 'is_same' is not a member of 'Kokkos\n            ::Impl'; did you mean 'std::is_same'?\n     547       98 |     static_assert (Kokkos::Impl::is_same<typename YMV::valu\n            e_type,\n     548          |                                  ^~~~~~~\n     549    In file included from /p/vast1/koparasy/BUILD/spack_cluster_install\n            er/quartz/kokkos-kernels/spack_env_dir/linux-rhel7-broadwell/gcc-9.",
    "558                     from /var/tmp/koparasy/spack-stage/spack-stage-kok\n            kos-kernels-3.0.00-cuvwxg5pe6yrmyqwmfu72u3qf2snxkoo/spack-src/src/i\n            mpl/generated_specializations_cpp/axpby/KokkosBlas1_axpby_mv_eti_sp\n            ec_inst_dbl_LayoutLeft_Serial_HostSpace.cpp:52:\n  >> 559    /var/tmp/koparasy/spack-stage/spack-stage-kokkos-kernels-3.0.00-cuv\n            wxg5pe6yrmyqwmfu72u3qf2snxkoo/spack-src/src/blas/impl/KokkosBlas1_a\nxpby_mv_impl.hpp:98:66: error: expected '(' before ',' token\n     560       98 |     static_assert (Kokkos::Impl::is_same<typename YMV::valu\n            e_type,\n     561          |\n                  ^\n     562          |\n                  (",
    "561          |\n                  ^\n     562          |\n                  (\n  >> 563    /var/tmp/koparasy/spack-stage/spack-stage-kokkos-kernels-3.0.00-cuv\n            wxg5pe6yrmyqwmfu72u3qf2snxkoo/spack-src/src/blas/impl/KokkosBlas1_a\nxpby_mv_impl.hpp:99:20: error: expected string-literal before 'type\n            name'\n     564       99 |                    typename YMV::non_const_value_type>::val\n            ue,\n     565          |                    ^~~~~~~~\n  >> 566    /var/tmp/koparasy/spack-stage/spack-stage-kokkos-kernels-3.0.00-cuv\n            wxg5pe6yrmyqwmfu72u3qf2snxkoo/spack-src/src/blas/impl/KokkosBlas1_a",
    "name'\n     564       99 |                    typename YMV::non_const_value_type>::val\n            ue,\n     565          |                    ^~~~~~~~\n  >> 566    /var/tmp/koparasy/spack-stage/spack-stage-kokkos-kernels-3.0.00-cuv\n            wxg5pe6yrmyqwmfu72u3qf2snxkoo/spack-src/src/blas/impl/KokkosBlas1_a\nxpby_mv_impl.hpp:98:67: error: expected ')' before 'typename'\n     567       98 |     static_assert (Kokkos::Impl::is_same<typename YMV::valu\n            e_type,\n     568          |                   ~\n                   ^\n     569          |\n                   )",
    "r<typename XMV::non_const_value_type, XMV, typename YMV::non_const_\n            value_type, YMV, scalar_x, scalar_y, SizeType>::Axpby_MV_Functor(co\n            nst XMV&, const YMV&, const typename XMV::non_const_value_type&, co\n            nst typename YMV::non_const_value_type&)':\n  >> 573    /var/tmp/koparasy/spack-stage/spack-stage-kokkos-kernels-3.0.00-cuv\n            wxg5pe6yrmyqwmfu72u3qf2snxkoo/spack-src/src/blas/impl/KokkosBlas1_a\nxpby_mv_impl.hpp:332:34: error: 'is_same' is not a member of 'Kokko\n            s::Impl'; did you mean 'std::is_same'?\n     574      332 |     static_assert (Kokkos::Impl::is_same<typename YMV::valu\n            e_type,\n     575          |                                  ^~~~~~~\n     576    In file included from /p/vast1/koparasy/BUILD/spack_cluster_install\n            er/quartz/kokkos-kernels/spack_env_dir/linux-rhel7-broadwell/gcc-9.",
    "585                     from /var/tmp/koparasy/spack-stage/spack-stage-kok\n            kos-kernels-3.0.00-cuvwxg5pe6yrmyqwmfu72u3qf2snxkoo/spack-src/src/i\n            mpl/generated_specializations_cpp/axpby/KokkosBlas1_axpby_mv_eti_sp\n            ec_inst_dbl_LayoutLeft_Serial_HostSpace.cpp:52:\n  >> 586    /var/tmp/koparasy/spack-stage/spack-stage-kokkos-kernels-3.0.00-cuv\n            wxg5pe6yrmyqwmfu72u3qf2snxkoo/spack-src/src/blas/impl/KokkosBlas1_a\nxpby_mv_impl.hpp:332:66: error: expected '(' before ',' token\n     587      332 |     static_assert (Kokkos::Impl::is_same<typename YMV::valu\n            e_type,\n     588          |\n                  ^\n     589          |\n                  (",
    "588          |\n                  ^\n     589          |\n                  (\n  >> 590    /var/tmp/koparasy/spack-stage/spack-stage-kokkos-kernels-3.0.00-cuv\n            wxg5pe6yrmyqwmfu72u3qf2snxkoo/spack-src/src/blas/impl/KokkosBlas1_a\nxpby_mv_impl.hpp:333:20: error: expected string-literal before 'typ\n            ename'\n     591      333 |                    typename YMV::non_const_value_type>::val\n            ue,\n     592          |                    ^~~~~~~~\n  >> 593    /var/tmp/koparasy/spack-stage/spack-stage-kokkos-kernels-3.0.00-cuv\n            wxg5pe6yrmyqwmfu72u3qf2snxkoo/spack-src/src/blas/impl/KokkosBlas1_a",
    "ename'\n     591      333 |                    typename YMV::non_const_value_type>::val\n            ue,\n     592          |                    ^~~~~~~~\n  >> 593    /var/tmp/koparasy/spack-stage/spack-stage-kokkos-kernels-3.0.00-cuv\n            wxg5pe6yrmyqwmfu72u3qf2snxkoo/spack-src/src/blas/impl/KokkosBlas1_a\nxpby_mv_impl.hpp:332:67: error: expected ')' before 'typename'\n     594      332 |     static_assert (Kokkos::Impl::is_same<typename YMV::valu\n            e_type,\n     595          |                   ~\n                   ^\n     596          |\n                   )",
    "xpby_mv_impl.hpp: In constructor 'KokkosBlas::Impl::Axpby_MV_Unroll\n            _Functor<AV, XMV, BV, YMV, scalar_x, scalar_y, UNROLL, SizeType>::A\n            xpby_MV_Unroll_Functor(const XMV&, const YMV&, const AV&, const BV&\n            , SizeType)':\n  >> 600    /var/tmp/koparasy/spack-stage/spack-stage-kokkos-kernels-3.0.00-cuv\n            wxg5pe6yrmyqwmfu72u3qf2snxkoo/spack-src/src/blas/impl/KokkosBlas1_a\nxpby_mv_impl.hpp:549:34: error: 'is_same' is not a member of 'Kokko\n            s::Impl'; did you mean 'std::is_same'?\n     601      549 |     static_assert (Kokkos::Impl::is_same<typename YMV::valu\n            e_type,\n     602          |                                  ^~~~~~~\n     603    In file included from /p/vast1/koparasy/BUILD/spack_cluster_install\n            er/quartz/kokkos-kernels/spack_env_dir/linux-rhel7-broadwell/gcc-9.",
    "612                     from /var/tmp/koparasy/spack-stage/spack-stage-kok\n            kos-kernels-3.0.00-cuvwxg5pe6yrmyqwmfu72u3qf2snxkoo/spack-src/src/i\n            mpl/generated_specializations_cpp/axpby/KokkosBlas1_axpby_mv_eti_sp\n            ec_inst_dbl_LayoutLeft_Serial_HostSpace.cpp:52:\n  >> 613    /var/tmp/koparasy/spack-stage/spack-stage-kokkos-kernels-3.0.00-cuv\n            wxg5pe6yrmyqwmfu72u3qf2snxkoo/spack-src/src/blas/impl/KokkosBlas1_a\nxpby_mv_impl.hpp:549:66: error: expected '(' before ',' token\n     614      549 |     static_assert (Kokkos::Impl::is_same<typename YMV::valu\n            e_type,\n     615          |\n                  ^\n     616          |\n                  (",
    "615          |\n                  ^\n     616          |\n                  (\n  >> 617    /var/tmp/koparasy/spack-stage/spack-stage-kokkos-kernels-3.0.00-cuv\n            wxg5pe6yrmyqwmfu72u3qf2snxkoo/spack-src/src/blas/impl/KokkosBlas1_a\nxpby_mv_impl.hpp:550:20: error: expected string-literal before 'typ\n            ename'\n     618      550 |                    typename YMV::non_const_value_type>::val\n            ue,\n     619          |                    ^~~~~~~~\n  >> 620    /var/tmp/koparasy/spack-stage/spack-stage-kokkos-kernels-3.0.00-cuv\n            wxg5pe6yrmyqwmfu72u3qf2snxkoo/spack-src/src/blas/impl/KokkosBlas1_a",
    "ename'\n     618      550 |                    typename YMV::non_const_value_type>::val\n            ue,\n     619          |                    ^~~~~~~~\n  >> 620    /var/tmp/koparasy/spack-stage/spack-stage-kokkos-kernels-3.0.00-cuv\n            wxg5pe6yrmyqwmfu72u3qf2snxkoo/spack-src/src/blas/impl/KokkosBlas1_a\nxpby_mv_impl.hpp:549:67: error: expected ')' before 'typename'\n     621      549 |     static_assert (Kokkos::Impl::is_same<typename YMV::valu\n            e_type,\n     622          |                   ~\n                   ^\n     623          |\n                   )",
    "_const_value_type, YMV, scalar_x, scalar_y, UNROLL, SizeType>::Axpb\n            y_MV_Unroll_Functor(const XMV&, const YMV&, const typename XMV::non\n            _const_value_type&, const typename YMV::non_const_value_type&, Size\n            Type)':\n  >> 627    /var/tmp/koparasy/spack-stage/spack-stage-kokkos-kernels-3.0.00-cuv\n            wxg5pe6yrmyqwmfu72u3qf2snxkoo/spack-src/src/blas/impl/KokkosBlas1_a\nxpby_mv_impl.hpp:770:34: error: 'is_same' is not a member of 'Kokko\n            s::Impl'; did you mean 'std::is_same'?\n     628      770 |     static_assert (Kokkos::Impl::is_same<typename YMV::valu\n            e_type,\n     629          |                                  ^~~~~~~\n     630    In file included from /p/vast1/koparasy/BUILD/spack_cluster_install\n            er/quartz/kokkos-kernels/spack_env_dir/linux-rhel7-broadwell/gcc-9.",
    "639                     from /var/tmp/koparasy/spack-stage/spack-stage-kok\n            kos-kernels-3.0.00-cuvwxg5pe6yrmyqwmfu72u3qf2snxkoo/spack-src/src/i\n            mpl/generated_specializations_cpp/axpby/KokkosBlas1_axpby_mv_eti_sp\n            ec_inst_dbl_LayoutLeft_Serial_HostSpace.cpp:52:\n  >> 640    /var/tmp/koparasy/spack-stage/spack-stage-kokkos-kernels-3.0.00-cuv\n            wxg5pe6yrmyqwmfu72u3qf2snxkoo/spack-src/src/blas/impl/KokkosBlas1_a\nxpby_mv_impl.hpp:770:66: error: expected '(' before ',' token\n     641      770 |     static_assert (Kokkos::Impl::is_same<typename YMV::valu\n            e_type,\n     642          |\n                  ^\n     643          |\n                  (",
    "642          |\n                  ^\n     643          |\n                  (\n  >> 644    /var/tmp/koparasy/spack-stage/spack-stage-kokkos-kernels-3.0.00-cuv\n            wxg5pe6yrmyqwmfu72u3qf2snxkoo/spack-src/src/blas/impl/KokkosBlas1_a\nxpby_mv_impl.hpp:771:20: error: expected string-literal before 'typ\n            ename'\n     645      771 |                    typename YMV::non_const_value_type>::val\n            ue,\n     646          |                    ^~~~~~~~\n  >> 647    /var/tmp/koparasy/spack-stage/spack-stage-kokkos-kernels-3.0.00-cuv\n            wxg5pe6yrmyqwmfu72u3qf2snxkoo/spack-src/src/blas/impl/KokkosBlas1_a",
    "ename'\n     645      771 |                    typename YMV::non_const_value_type>::val\n            ue,\n     646          |                    ^~~~~~~~\n  >> 647    /var/tmp/koparasy/spack-stage/spack-stage-kokkos-kernels-3.0.00-cuv\n            wxg5pe6yrmyqwmfu72u3qf2snxkoo/spack-src/src/blas/impl/KokkosBlas1_a\nxpby_mv_impl.hpp:770:67: error: expected ')' before 'typename'\n     648      770 |     static_assert (Kokkos::Impl::is_same<typename YMV::valu\n            e_type,\n     649          |                   ~\n                   ^\n     650          |\n                   )",
    "wxg5pe6yrmyqwmfu72u3qf2snxkoo/spack-src/src/blas/impl/KokkosBlas1_a\n            xpby_mv_impl.hpp: In function 'void KokkosBlas::Impl::Axpby_MV_Unro\n            lled(const AV&, const XMV&, const BV&, const YMV&, SizeType, int, i\n            nt)':\n  >> 654    /var/tmp/koparasy/spack-stage/spack-stage-kokkos-kernels-3.0.00-cuv\n            wxg5pe6yrmyqwmfu72u3qf2snxkoo/spack-src/src/blas/impl/KokkosBlas1_a\nxpby_mv_impl.hpp:984:32: error: 'is_same' is not a member of 'Kokko\n            s::Impl'; did you mean 'std::is_same'?\n     655      984 |   static_assert (Kokkos::Impl::is_same<typename YMV::value_\n            type,\n     656          |                                ^~~~~~~\n     657    In file included from /p/vast1/koparasy/BUILD/spack_cluster_install\n            er/quartz/kokkos-kernels/spack_env_dir/linux-rhel7-broadwell/gcc-9.",
    "666                     from /var/tmp/koparasy/spack-stage/spack-stage-kok\n            kos-kernels-3.0.00-cuvwxg5pe6yrmyqwmfu72u3qf2snxkoo/spack-src/src/i\n            mpl/generated_specializations_cpp/axpby/KokkosBlas1_axpby_mv_eti_sp\n            ec_inst_dbl_LayoutLeft_Serial_HostSpace.cpp:52:\n  >> 667    /var/tmp/koparasy/spack-stage/spack-stage-kokkos-kernels-3.0.00-cuv\n            wxg5pe6yrmyqwmfu72u3qf2snxkoo/spack-src/src/blas/impl/KokkosBlas1_a\nxpby_mv_impl.hpp:984:64: error: expected '(' before ',' token\n     668      984 |   static_assert (Kokkos::Impl::is_same<typename YMV::value_\n            type,\n     669          |\n                ^\n     670          |\n                (",
    "669          |\n                ^\n     670          |\n                (\n  >> 671    /var/tmp/koparasy/spack-stage/spack-stage-kokkos-kernels-3.0.00-cuv\n            wxg5pe6yrmyqwmfu72u3qf2snxkoo/spack-src/src/blas/impl/KokkosBlas1_a\nxpby_mv_impl.hpp:985:20: error: expected string-literal before 'typ\n            ename'\n     672      985 |                    typename YMV::non_const_value_type>::val\n            ue,\n     673          |                    ^~~~~~~~\n  >> 674    /var/tmp/koparasy/spack-stage/spack-stage-kokkos-kernels-3.0.00-cuv\n            wxg5pe6yrmyqwmfu72u3qf2snxkoo/spack-src/src/blas/impl/KokkosBlas1_a",
    "ename'\n     672      985 |                    typename YMV::non_const_value_type>::val\n            ue,\n     673          |                    ^~~~~~~~\n  >> 674    /var/tmp/koparasy/spack-stage/spack-stage-kokkos-kernels-3.0.00-cuv\n            wxg5pe6yrmyqwmfu72u3qf2snxkoo/spack-src/src/blas/impl/KokkosBlas1_a\nxpby_mv_impl.hpp:984:65: error: expected ')' before 'typename'\n     675      984 |   static_assert (Kokkos::Impl::is_same<typename YMV::value_\n            type,\n     676          |                 ~\n                 ^\n     677          |\n                 )",
    "680    /var/tmp/koparasy/spack-stage/spack-stage-kokkos-kernels-3.0.00-cuv\n            wxg5pe6yrmyqwmfu72u3qf2snxkoo/spack-src/src/blas/impl/KokkosBlas1_a\n            xpby_mv_impl.hpp: In function 'void KokkosBlas::Impl::Axpby_MV_Gene\n            ric(const AV&, const XMV&, const BV&, const YMV&, int, int)':\n  >> 681    /var/tmp/koparasy/spack-stage/spack-stage-kokkos-kernels-3.0.00-cuv\n            wxg5pe6yrmyqwmfu72u3qf2snxkoo/spack-src/src/blas/impl/KokkosBlas1_a\nxpby_mv_impl.hpp:1122:32: error: 'is_same' is not a member of 'Kokk\n            os::Impl'; did you mean 'std::is_same'?\n     682     1122 |   static_assert (Kokkos::Impl::is_same<typename YMV::value_\n            type,\n     683          |                                ^~~~~~~\n     684    In file included from /p/vast1/koparasy/BUILD/spack_cluster_install\n            er/quartz/kokkos-kernels/spack_env_dir/linux-rhel7-broadwell/gcc-9.",
    "693                     from /var/tmp/koparasy/spack-stage/spack-stage-kok\n            kos-kernels-3.0.00-cuvwxg5pe6yrmyqwmfu72u3qf2snxkoo/spack-src/src/i\n            mpl/generated_specializations_cpp/axpby/KokkosBlas1_axpby_mv_eti_sp\n            ec_inst_dbl_LayoutLeft_Serial_HostSpace.cpp:52:\n  >> 694    /var/tmp/koparasy/spack-stage/spack-stage-kokkos-kernels-3.0.00-cuv\n            wxg5pe6yrmyqwmfu72u3qf2snxkoo/spack-src/src/blas/impl/KokkosBlas1_a\nxpby_mv_impl.hpp:1122:64: error: expected '(' before ',' token\n     695     1122 |   static_assert (Kokkos::Impl::is_same<typename YMV::value_\n            type,\n     696          |\n                ^\n     697          |\n                (",
    "696          |\n                ^\n     697          |\n                (\n  >> 698    /var/tmp/koparasy/spack-stage/spack-stage-kokkos-kernels-3.0.00-cuv\n            wxg5pe6yrmyqwmfu72u3qf2snxkoo/spack-src/src/blas/impl/KokkosBlas1_a\nxpby_mv_impl.hpp:1123:20: error: expected string-literal before 'ty\n            pename'\n     699     1123 |                    typename YMV::non_const_value_type>::val\n            ue,\n     700          |                    ^~~~~~~~\n  >> 701    /var/tmp/koparasy/spack-stage/spack-stage-kokkos-kernels-3.0.00-cuv\n            wxg5pe6yrmyqwmfu72u3qf2snxkoo/spack-src/src/blas/impl/KokkosBlas1_a",
    "pename'\n     699     1123 |                    typename YMV::non_const_value_type>::val\n            ue,\n     700          |                    ^~~~~~~~\n  >> 701    /var/tmp/koparasy/spack-stage/spack-stage-kokkos-kernels-3.0.00-cuv\n            wxg5pe6yrmyqwmfu72u3qf2snxkoo/spack-src/src/blas/impl/KokkosBlas1_a\nxpby_mv_impl.hpp:1122:65: error: expected ')' before 'typename'\n     702     1122 |   static_assert (Kokkos::Impl::is_same<typename YMV::value_\n            type,\n     703          |                 ~\n                 ^\n     704          |\n                 )",
    "wxg5pe6yrmyqwmfu72u3qf2snxkoo/spack-src/src/blas/impl/KokkosBlas1_a\n            xpby_mv_impl.hpp: In static member function 'static void KokkosBlas\n            ::Impl::Axpby_MV_Invoke_Left<AV, XMV, BV, YMV, SizeType>::run(const\n             AV&, const XMV&, const BV&, const YMV&, int, int)':\n  >> 708    /var/tmp/koparasy/spack-stage/spack-stage-kokkos-kernels-3.0.00-cuv\n            wxg5pe6yrmyqwmfu72u3qf2snxkoo/spack-src/src/blas/impl/KokkosBlas1_a\nxpby_mv_impl.hpp:1262:32: error: 'is_same' is not a member of 'Kokk\n            os::Impl'; did you mean 'std::is_same'?\n     709     1262 |   static_assert (Kokkos::Impl::is_same<typename YMV::value_\n            type,\n     710          |                                ^~~~~~~\n     711    In file included from /p/vast1/koparasy/BUILD/spack_cluster_install\n            er/quartz/kokkos-kernels/spack_env_dir/linux-rhel7-broadwell/gcc-9.",
    "720                     from /var/tmp/koparasy/spack-stage/spack-stage-kok\n            kos-kernels-3.0.00-cuvwxg5pe6yrmyqwmfu72u3qf2snxkoo/spack-src/src/i\n            mpl/generated_specializations_cpp/axpby/KokkosBlas1_axpby_mv_eti_sp\n            ec_inst_dbl_LayoutLeft_Serial_HostSpace.cpp:52:\n  >> 721    /var/tmp/koparasy/spack-stage/spack-stage-kokkos-kernels-3.0.00-cuv\n            wxg5pe6yrmyqwmfu72u3qf2snxkoo/spack-src/src/blas/impl/KokkosBlas1_a\nxpby_mv_impl.hpp:1262:64: error: expected '(' before ',' token\n     722     1262 |   static_assert (Kokkos::Impl::is_same<typename YMV::value_\n            type,\n     723          |\n                ^\n     724          |\n                (",
    "723          |\n                ^\n     724          |\n                (\n  >> 725    /var/tmp/koparasy/spack-stage/spack-stage-kokkos-kernels-3.0.00-cuv\n            wxg5pe6yrmyqwmfu72u3qf2snxkoo/spack-src/src/blas/impl/KokkosBlas1_a\nxpby_mv_impl.hpp:1263:18: error: expected string-literal before 'ty\n            pename'\n     726     1263 |                  typename YMV::non_const_value_type>::value\n            ,\n     727          |                  ^~~~~~~~\n  >> 728    /var/tmp/koparasy/spack-stage/spack-stage-kokkos-kernels-3.0.00-cuv\n            wxg5pe6yrmyqwmfu72u3qf2snxkoo/spack-src/src/blas/impl/KokkosBlas1_a",
    "pename'\n     726     1263 |                  typename YMV::non_const_value_type>::value\n            ,\n     727          |                  ^~~~~~~~\n  >> 728    /var/tmp/koparasy/spack-stage/spack-stage-kokkos-kernels-3.0.00-cuv\n            wxg5pe6yrmyqwmfu72u3qf2snxkoo/spack-src/src/blas/impl/KokkosBlas1_a\nxpby_mv_impl.hpp:1262:65: error: expected ')' before 'typename'\n     729     1262 |   static_assert (Kokkos::Impl::is_same<typename YMV::value_\n            type,\n     730          |                 ~\n                 ^\n     731          |\n                 )",
    "wxg5pe6yrmyqwmfu72u3qf2snxkoo/spack-src/src/blas/impl/KokkosBlas1_a\n            xpby_mv_impl.hpp: In static member function 'static void KokkosBlas\n            ::Impl::Axpby_MV_Invoke_Right<AV, XMV, BV, YMV, SizeType>::run(cons\n            t AV&, const XMV&, const BV&, const YMV&, int, int)':\n  >> 735    /var/tmp/koparasy/spack-stage/spack-stage-kokkos-kernels-3.0.00-cuv\n            wxg5pe6yrmyqwmfu72u3qf2snxkoo/spack-src/src/blas/impl/KokkosBlas1_a\nxpby_mv_impl.hpp:1341:32: error: 'is_same' is not a member of 'Kokk\n            os::Impl'; did you mean 'std::is_same'?\n     736     1341 |   static_assert (Kokkos::Impl::is_same<typename YMV::value_\n            type,\n     737          |                                ^~~~~~~\n     738    In file included from /p/vast1/koparasy/BUILD/spack_cluster_install\n            er/quartz/kokkos-kernels/spack_env_dir/linux-rhel7-broadwell/gcc-9.",
    "747                     from /var/tmp/koparasy/spack-stage/spack-stage-kok\n            kos-kernels-3.0.00-cuvwxg5pe6yrmyqwmfu72u3qf2snxkoo/spack-src/src/i\n            mpl/generated_specializations_cpp/axpby/KokkosBlas1_axpby_mv_eti_sp\n            ec_inst_dbl_LayoutLeft_Serial_HostSpace.cpp:52:\n  >> 748    /var/tmp/koparasy/spack-stage/spack-stage-kokkos-kernels-3.0.00-cuv\n            wxg5pe6yrmyqwmfu72u3qf2snxkoo/spack-src/src/blas/impl/KokkosBlas1_a\nxpby_mv_impl.hpp:1341:64: error: expected '(' before ',' token\n     749     1341 |   static_assert (Kokkos::Impl::is_same<typename YMV::value_\n            type,\n     750          |\n                ^\n     751          |\n                (",
    "750          |\n                ^\n     751          |\n                (\n  >> 752    /var/tmp/koparasy/spack-stage/spack-stage-kokkos-kernels-3.0.00-cuv\n            wxg5pe6yrmyqwmfu72u3qf2snxkoo/spack-src/src/blas/impl/KokkosBlas1_a\nxpby_mv_impl.hpp:1342:18: error: expected string-literal before 'ty\n            pename'\n     753     1342 |                  typename YMV::non_const_value_type>::value\n            ,\n     754          |                  ^~~~~~~~\n  >> 755    /var/tmp/koparasy/spack-stage/spack-stage-kokkos-kernels-3.0.00-cuv\n            wxg5pe6yrmyqwmfu72u3qf2snxkoo/spack-src/src/blas/impl/KokkosBlas1_a",
    "pename'\n     753     1342 |                  typename YMV::non_const_value_type>::value\n            ,\n     754          |                  ^~~~~~~~\n  >> 755    /var/tmp/koparasy/spack-stage/spack-stage-kokkos-kernels-3.0.00-cuv\n            wxg5pe6yrmyqwmfu72u3qf2snxkoo/spack-src/src/blas/impl/KokkosBlas1_a\nxpby_mv_impl.hpp:1341:65: error: expected ')' before 'typename'\n     756     1341 |   static_assert (Kokkos::Impl::is_same<typename YMV::value_\n            type,\n     757          |                 ~\n                 ^\n     758          |\n                 )",
    "wxg5pe6yrmyqwmfu72u3qf2snxkoo/spack-src/src/blas/impl/KokkosBlas1_a\n            xpby_spec.hpp: In static member function 'static void KokkosBlas::I\n            mpl::Axpby<AV, XMV, BV, YMV, 2, false, true>::axpby(const AV&, cons\n            t XMV&, const BV&, const YMV&)':\n  >> 763    /var/tmp/koparasy/spack-stage/spack-stage-kokkos-kernels-3.0.00-cuv\n            wxg5pe6yrmyqwmfu72u3qf2snxkoo/spack-src/src/blas/impl/KokkosBlas1_a\nxpby_spec.hpp:173:34: error: 'is_same' is not a member of 'Kokkos::\n            Impl'; did you mean 'std::is_same'?\n     764      173 |     static_assert (Kokkos::Impl::is_same<typename YMV::valu\n            e_type,\n     765          |                                  ^~~~~~~\n     766    In file included from /p/vast1/koparasy/BUILD/spack_cluster_install\n            er/quartz/kokkos-kernels/spack_env_dir/linux-rhel7-broadwell/gcc-9.",
    "774    In file included from /var/tmp/koparasy/spack-stage/spack-stage-kok\n            kos-kernels-3.0.00-cuvwxg5pe6yrmyqwmfu72u3qf2snxkoo/spack-src/src/i\n            mpl/generated_specializations_cpp/axpby/KokkosBlas1_axpby_mv_eti_sp\n            ec_inst_dbl_LayoutLeft_Serial_HostSpace.cpp:52:\n  >> 775    /var/tmp/koparasy/spack-stage/spack-stage-kokkos-kernels-3.0.00-cuv\n            wxg5pe6yrmyqwmfu72u3qf2snxkoo/spack-src/src/blas/impl/KokkosBlas1_a\nxpby_spec.hpp:173:66: error: expected '(' before ',' token\n     776      173 |     static_assert (Kokkos::Impl::is_same<typename YMV::valu\n            e_type,\n     777          |\n                  ^\n     778          |\n                  (",
    "777          |\n                  ^\n     778          |\n                  (\n  >> 779    /var/tmp/koparasy/spack-stage/spack-stage-kokkos-kernels-3.0.00-cuv\n            wxg5pe6yrmyqwmfu72u3qf2snxkoo/spack-src/src/blas/impl/KokkosBlas1_a\nxpby_spec.hpp:174:22: error: expected string-literal before 'typena\n            me'\n     780      174 |                      typename YMV::non_const_value_type>::v\n            alue,\n     781          |                      ^~~~~~~~\n  >> 782    /var/tmp/koparasy/spack-stage/spack-stage-kokkos-kernels-3.0.00-cuv\n            wxg5pe6yrmyqwmfu72u3qf2snxkoo/spack-src/src/blas/impl/KokkosBlas1_a",
    "me'\n     780      174 |                      typename YMV::non_const_value_type>::v\n            alue,\n     781          |                      ^~~~~~~~\n  >> 782    /var/tmp/koparasy/spack-stage/spack-stage-kokkos-kernels-3.0.00-cuv\n            wxg5pe6yrmyqwmfu72u3qf2snxkoo/spack-src/src/blas/impl/KokkosBlas1_a\nxpby_spec.hpp:173:67: error: expected ')' before 'typename'\n     783      173 |     static_assert (Kokkos::Impl::is_same<typename YMV::valu\n            e_type,\n     784          |                   ~\n                   ^\n     785          |\n                   )",
    "xpby_spec.hpp: In static member function 'static void KokkosBlas::I\n            mpl::Axpby<typename XMV::non_const_value_type, XMV, typename YMV::n\n            on_const_value_type, YMV, 2, false, true>::axpby(const AV&, const X\n            MV&, const BV&, const YMV&)':\n  >> 790    /var/tmp/koparasy/spack-stage/spack-stage-kokkos-kernels-3.0.00-cuv\n            wxg5pe6yrmyqwmfu72u3qf2snxkoo/spack-src/src/blas/impl/KokkosBlas1_a\nxpby_spec.hpp:242:34: error: 'is_same' is not a member of 'Kokkos::\n            Impl'; did you mean 'std::is_same'?\n     791      242 |     static_assert (Kokkos::Impl::is_same<typename YMV::valu\n            e_type,\n     792          |                                  ^~~~~~~\n     793    In file included from /p/vast1/koparasy/BUILD/spack_cluster_install\n            er/quartz/kokkos-kernels/spack_env_dir/linux-rhel7-broadwell/gcc-9.",
    "801    In file included from /var/tmp/koparasy/spack-stage/spack-stage-kok\n            kos-kernels-3.0.00-cuvwxg5pe6yrmyqwmfu72u3qf2snxkoo/spack-src/src/i\n            mpl/generated_specializations_cpp/axpby/KokkosBlas1_axpby_mv_eti_sp\n            ec_inst_dbl_LayoutLeft_Serial_HostSpace.cpp:52:\n  >> 802    /var/tmp/koparasy/spack-stage/spack-stage-kokkos-kernels-3.0.00-cuv\n            wxg5pe6yrmyqwmfu72u3qf2snxkoo/spack-src/src/blas/impl/KokkosBlas1_a\nxpby_spec.hpp:242:66: error: expected '(' before ',' token\n     803      242 |     static_assert (Kokkos::Impl::is_same<typename YMV::valu\n            e_type,\n     804          |\n                  ^\n     805          |\n                  (",
    "804          |\n                  ^\n     805          |\n                  (\n  >> 806    /var/tmp/koparasy/spack-stage/spack-stage-kokkos-kernels-3.0.00-cuv\n            wxg5pe6yrmyqwmfu72u3qf2snxkoo/spack-src/src/blas/impl/KokkosBlas1_a\nxpby_spec.hpp:243:22: error: expected string-literal before 'typena\n            me'\n     807      243 |                      typename YMV::non_const_value_type>::v\n            alue,\n     808          |                      ^~~~~~~~\n  >> 809    /var/tmp/koparasy/spack-stage/spack-stage-kokkos-kernels-3.0.00-cuv\n            wxg5pe6yrmyqwmfu72u3qf2snxkoo/spack-src/src/blas/impl/KokkosBlas1_a",
    "me'\n     807      243 |                      typename YMV::non_const_value_type>::v\n            alue,\n     808          |                      ^~~~~~~~\n  >> 809    /var/tmp/koparasy/spack-stage/spack-stage-kokkos-kernels-3.0.00-cuv\n            wxg5pe6yrmyqwmfu72u3qf2snxkoo/spack-src/src/blas/impl/KokkosBlas1_a\nxpby_spec.hpp:242:67: error: expected ')' before 'typename'\n     810      242 |     static_assert (Kokkos::Impl::is_same<typename YMV::valu\n            e_type,\n     811          |                   ~\n                   ^\n     812          |\n                   )",
    "xpby_spec.hpp: In static member function 'static void KokkosBlas::I\n            mpl::Axpby<typename XV::non_const_value_type, XV, typename YV::non_\n            const_value_type, YV, 1, false, true>::axpby(const AV&, const XV&,\n            const BV&, const YV&)':\n  >> 816    /var/tmp/koparasy/spack-stage/spack-stage-kokkos-kernels-3.0.00-cuv\n            wxg5pe6yrmyqwmfu72u3qf2snxkoo/spack-src/src/blas/impl/KokkosBlas1_a\nxpby_spec.hpp:335:34: error: 'is_same' is not a member of 'Kokkos::\n            Impl'; did you mean 'std::is_same'?\n     817      335 |     static_assert (Kokkos::Impl::is_same<typename YV::value\n            _type,\n     818          |                                  ^~~~~~~\n     819    In file included from /p/vast1/koparasy/BUILD/spack_cluster_install\n            er/quartz/kokkos-kernels/spack_env_dir/linux-rhel7-broadwell/gcc-9.",
    "827    In file included from /var/tmp/koparasy/spack-stage/spack-stage-kok\n            kos-kernels-3.0.00-cuvwxg5pe6yrmyqwmfu72u3qf2snxkoo/spack-src/src/i\n            mpl/generated_specializations_cpp/axpby/KokkosBlas1_axpby_mv_eti_sp\n            ec_inst_dbl_LayoutLeft_Serial_HostSpace.cpp:52:\n  >> 828    /var/tmp/koparasy/spack-stage/spack-stage-kokkos-kernels-3.0.00-cuv\n            wxg5pe6yrmyqwmfu72u3qf2snxkoo/spack-src/src/blas/impl/KokkosBlas1_a\nxpby_spec.hpp:335:65: error: expected '(' before ',' token\n     829      335 |     static_assert (Kokkos::Impl::is_same<typename YV::value\n            _type,\n     830          |\n                 ^\n     831          |\n                 (",
    "830          |\n                 ^\n     831          |\n                 (\n  >> 832    /var/tmp/koparasy/spack-stage/spack-stage-kokkos-kernels-3.0.00-cuv\n            wxg5pe6yrmyqwmfu72u3qf2snxkoo/spack-src/src/blas/impl/KokkosBlas1_a\nxpby_spec.hpp:336:22: error: expected string-literal before 'typena\n            me'\n     833      336 |                      typename YV::non_const_value_type>::va\n            lue,\n     834          |                      ^~~~~~~~\n  >> 835    /var/tmp/koparasy/spack-stage/spack-stage-kokkos-kernels-3.0.00-cuv\n            wxg5pe6yrmyqwmfu72u3qf2snxkoo/spack-src/src/blas/impl/KokkosBlas1_a",
    "me'\n     833      336 |                      typename YV::non_const_value_type>::va\n            lue,\n     834          |                      ^~~~~~~~\n  >> 835    /var/tmp/koparasy/spack-stage/spack-stage-kokkos-kernels-3.0.00-cuv\n            wxg5pe6yrmyqwmfu72u3qf2snxkoo/spack-src/src/blas/impl/KokkosBlas1_a\nxpby_spec.hpp:335:66: error: expected ')' before 'typename'\n     836      335 |     static_assert (Kokkos::Impl::is_same<typename YV::value\n            _type,\n     837          |                   ~\n                  ^\n     838          |\n                  )",
    ">> 843    make[2]: *** [src/CMakeFiles/kokkoskernels.dir/impl/generated_speci\n            alizations_cpp/axpby/KokkosBlas1_axpby_mv_eti_spec_inst_dbl_LayoutL\n            eft_Serial_HostSpace.cpp.o] Error 1\n     844    make[2]: Leaving directory `/tmp/koparasy/spack-stage/spack-stage-k\n            okkos-kernels-3.0.00-cuvwxg5pe6yrmyqwmfu72u3qf2snxkoo/spack-build-c\n            uvwxg5'\n>> 845    make[1]: *** [src/CMakeFiles/kokkoskernels.dir/all] Error 2\n     846    make[1]: Leaving directory `/tmp/koparasy/spack-stage/spack-stage-k\n            okkos-kernels-3.0.00-cuvwxg5pe6yrmyqwmfu72u3qf2snxkoo/spack-build-c\n            uvwxg5'\n  >> 847    make: *** [all] Error 2\n\nSee build log for details:",
    "okkos-kernels-3.0.00-cuvwxg5pe6yrmyqwmfu72u3qf2snxkoo/spack-build-c\n            uvwxg5'\n  >> 845    make[1]: *** [src/CMakeFiles/kokkoskernels.dir/all] Error 2\n     846    make[1]: Leaving directory `/tmp/koparasy/spack-stage/spack-stage-k\n            okkos-kernels-3.0.00-cuvwxg5pe6yrmyqwmfu72u3qf2snxkoo/spack-build-c\n            uvwxg5'\n>> 847    make: *** [all] Error 2\n\nSee build log for details:\n  /var/tmp/koparasy/spack-stage/spack-stage-kokkos-kernels-3.0.00-cuvwxg5pe6yrmyqwmfu72u3qf2snxkoo/spack-build-out.txt\n\nTraceback (most recent call last):\n  File \"/p/vast1/koparasy/BUILD/head/spack/lib/spack/spack/build_environment.py\", line 1035, in _setup_pkg_and_run"
]