[
    "629    /tmp/koparasy/spack-stage/spack-stage-ascent-develop-45fl7b625yz4wi\n            orvfukn2oktlws4lmf/spack-src/src/ascent/runtimes/ascent_transmogrif\n            ier.cpp: In static member function 'static void ascent::Transmogrif\n            ier::to_poly(conduit::Node&, conduit::Node&)':\n  >> 630    /tmp/koparasy/spack-stage/spack-stage-ascent-develop-45fl7b625yz4wi\n            orvfukn2oktlws4lmf/spack-src/src/ascent/runtimes/ascent_transmogrif\nier.cpp:183:16: error: too many arguments to function 'void conduit\n            ::blueprint::mesh::topology::unstructured::generate_sides(const con\n            duit::Node&, conduit::Node&, conduit::Node&, conduit::Node&, condui\n            t::Node&)'\n     631             options);\n     632                    ^\n     633    In file included from /p/vast1/koparasy/BUILD/spack_cluster_install",
    "642    /tmp/koparasy/spack-stage/spack-stage-ascent-develop-45fl7b625yz4wi\n            orvfukn2oktlws4lmf/spack-src/src/ascent/runtimes/ascent_transmogrif\n            ier.cpp: In static member function 'static void ascent::Transmogrif\n            ier::to_poly(conduit::Node&, conduit::Node&)':\n  >> 643    /tmp/koparasy/spack-stage/spack-stage-ascent-develop-45fl7b625yz4wi\n            orvfukn2oktlws4lmf/spack-src/src/ascent/runtimes/ascent_transmogrif\nier.cpp:183:16: error: too many arguments to function 'void conduit\n            ::blueprint::mesh::topology::unstructured::generate_sides(const con\n            duit::Node&, conduit::Node&, conduit::Node&, conduit::Node&, condui\n            t::Node&)'\n     644             options);\n     645                    ^\n     646    In file included from /p/vast1/koparasy/BUILD/spack_cluster_install",
    "eval.cpp:400:1: note: variable tracking size limit exceeded with -f\n            var-tracking-assignments, retrying without\n     655     initialize_functions()\n     656     ^~~~~~~~~~~~~~~~~~~~\n     657    make[2]: Leaving directory `/tmp/koparasy/spack-stage/spack-stage-a\n            scent-develop-45fl7b625yz4wiorvfukn2oktlws4lmf/spack-build-45fl7b6'\n>> 658    make[1]: *** [ascent/CMakeFiles/ascent_mpi.dir/all] Error 2\n     659    make[1]: *** Waiting for unfinished jobs....\n     660    /tmp/koparasy/spack-stage/spack-stage-ascent-develop-45fl7b625yz4wi\n            orvfukn2oktlws4lmf/spack-src/src/ascent/runtimes/ascent_expression_\n            eval.cpp: In function 'void ascent::runtime::expressions::initializ\n            e_functions()':\n     661    /tmp/koparasy/spack-stage/spack-stage-ascent-develop-45fl7b625yz4wi",
    "eval.cpp:400:1: note: variable tracking size limit exceeded with -f\n            var-tracking-assignments, retrying without\n     662     initialize_functions()\n     663     ^~~~~~~~~~~~~~~~~~~~\n     664    make[2]: Leaving directory `/tmp/koparasy/spack-stage/spack-stage-a\n            scent-develop-45fl7b625yz4wiorvfukn2oktlws4lmf/spack-build-45fl7b6'\n>> 665    make[1]: *** [ascent/CMakeFiles/ascent.dir/all] Error 2\n     666    make[1]: Leaving directory `/tmp/koparasy/spack-stage/spack-stage-a\n            scent-develop-45fl7b625yz4wiorvfukn2oktlws4lmf/spack-build-45fl7b6'\n  >> 667    make: *** [all] Error 2\n\nSee build log for details:\n  /var/tmp/koparasy/spack-stage/spack-stage-ascent-develop-45fl7b625yz4wiorvfukn2oktlws4lmf/spack-build-out.txt",
    "663     ^~~~~~~~~~~~~~~~~~~~\n     664    make[2]: Leaving directory `/tmp/koparasy/spack-stage/spack-stage-a\n            scent-develop-45fl7b625yz4wiorvfukn2oktlws4lmf/spack-build-45fl7b6'\n  >> 665    make[1]: *** [ascent/CMakeFiles/ascent.dir/all] Error 2\n     666    make[1]: Leaving directory `/tmp/koparasy/spack-stage/spack-stage-a\n            scent-develop-45fl7b625yz4wiorvfukn2oktlws4lmf/spack-build-45fl7b6'\n>> 667    make: *** [all] Error 2\n\nSee build log for details:\n  /var/tmp/koparasy/spack-stage/spack-stage-ascent-develop-45fl7b625yz4wiorvfukn2oktlws4lmf/spack-build-out.txt\n\nTraceback (most recent call last):\n  File \"/p/vast1/koparasy/BUILD/spack/lib/spack/spack/build_environment.py\", line 1035, in _setup_pkg_and_run"
]