[
    "linos/spack_env_dir/linux-rhel7-broadwell/gcc-9.3.1/hwloc-2.0.2-as\n             fcrbfotb33lweulpgxnct5aus6w33x/include -O2 -g -MT tools/topo/hwloc\n             /topo_hwloc.lo -MD -MP -MF tools/topo/hwloc/.deps/topo_hwloc.Tpo -\n             c tools/topo/hwloc/topo_hwloc.c  -fPIC -DPIC -o tools/topo/hwloc/.\n             libs/topo_hwloc.o\n     2642    tools/topo/hwloc/topo_hwloc.c: In function 'HYDT_topo_hwloc_init':\n>> 2643    tools/topo/hwloc/topo_hwloc.c:432:40: error: 'HWLOC_MEMBIND_REPLIC\n             ATE' undeclared (first use in this function); did you mean 'HWLOC_\n             MEMBIND_MIGRATE'?\n     2644      432 |         HYDT_topo_hwloc_info.membind = HWLOC_MEMBIND_REPLI\n             CATE;\n     2645          |                                        ^~~~~~~~~~~~~~~~~~~\n             ~~~~",
    "2645          |                                        ^~~~~~~~~~~~~~~~~~~\n             ~~~~\n     2646          |                                        HWLOC_MEMBIND_MIGRA\n             TE\n     2647    tools/topo/hwloc/topo_hwloc.c:432:40: note: each undeclared identi\n             fier is reported only once for each function it appears in\n>> 2648    make[3]: *** [tools/topo/hwloc/topo_hwloc.lo] Error 1\n     2649    make[3]: *** Waiting for unfinished jobs....\n     2650    libtool: compile:  /p/vast1/koparasy/BUILD/head/spack/lib/spack/en\n             v/gcc/gcc -DHAVE_CONFIG_H -I. -I/var/tmp/koparasy/spack-stage/spac\n             k-stage-mpich-3.2-rszhimhdj7yz2ur7rzhqvog43wzzhjb3/spack-src/src/p\n             m/hydra -I./include -I./tools/topo/hwloc/hwloc/include/private/aut\n             ogen -I./tools/topo/hwloc/hwloc/include/hwloc/autogen -I/var/tmp/k",
    "linos/spack_env_dir/linux-rhel7-broadwell/gcc-9.3.1/hwloc-2.0.2-as\n             fcrbfotb33lweulpgxnct5aus6w33x/include -O2 -g -MT utils/string/str\n             ing.lo -MD -MP -MF utils/string/.deps/string.Tpo -c utils/string/s\n             tring.c -o utils/string/string.o >/dev/null 2>&1\n     2652    make[3]: Leaving directory `/tmp/koparasy/spack-stage/spack-stage-\n             mpich-3.2-rszhimhdj7yz2ur7rzhqvog43wzzhjb3/spack-src/src/pm/hydra'\n>> 2653    make[2]: *** [all-recursive] Error 1\n     2654    make[2]: Leaving directory `/tmp/koparasy/spack-stage/spack-stage-\n             mpich-3.2-rszhimhdj7yz2ur7rzhqvog43wzzhjb3/spack-src/src/pm/hydra'\n  >> 2655    make[1]: *** [all-recursive] Error 1\n     2656    make[1]: Leaving directory `/tmp/koparasy/spack-stage/spack-stage-\n             mpich-3.2-rszhimhdj7yz2ur7rzhqvog43wzzhjb3/spack-src'\n  >> 2657    make: *** [all] Error 2",
    "tring.c -o utils/string/string.o >/dev/null 2>&1\n     2652    make[3]: Leaving directory `/tmp/koparasy/spack-stage/spack-stage-\n             mpich-3.2-rszhimhdj7yz2ur7rzhqvog43wzzhjb3/spack-src/src/pm/hydra'\n  >> 2653    make[2]: *** [all-recursive] Error 1\n     2654    make[2]: Leaving directory `/tmp/koparasy/spack-stage/spack-stage-\n             mpich-3.2-rszhimhdj7yz2ur7rzhqvog43wzzhjb3/spack-src/src/pm/hydra'\n>> 2655    make[1]: *** [all-recursive] Error 1\n     2656    make[1]: Leaving directory `/tmp/koparasy/spack-stage/spack-stage-\n             mpich-3.2-rszhimhdj7yz2ur7rzhqvog43wzzhjb3/spack-src'\n  >> 2657    make: *** [all] Error 2\n\nSee build log for details:\n  /var/tmp/koparasy/spack-stage/spack-stage-mpich-3.2-rszhimhdj7yz2ur7rzhqvog43wzzhjb3/spack-build-out.txt",
    ">> 2653    make[2]: *** [all-recursive] Error 1\n     2654    make[2]: Leaving directory `/tmp/koparasy/spack-stage/spack-stage-\n             mpich-3.2-rszhimhdj7yz2ur7rzhqvog43wzzhjb3/spack-src/src/pm/hydra'\n  >> 2655    make[1]: *** [all-recursive] Error 1\n     2656    make[1]: Leaving directory `/tmp/koparasy/spack-stage/spack-stage-\n             mpich-3.2-rszhimhdj7yz2ur7rzhqvog43wzzhjb3/spack-src'\n>> 2657    make: *** [all] Error 2\n\nSee build log for details:\n  /var/tmp/koparasy/spack-stage/spack-stage-mpich-3.2-rszhimhdj7yz2ur7rzhqvog43wzzhjb3/spack-build-out.txt\n\nTraceback (most recent call last):\n  File \"/p/vast1/koparasy/BUILD/head/spack/lib/spack/spack/build_environment.py\", line 1035, in _setup_pkg_and_run"
]