[
    "antiation of 'Omega_h::promoted_t<T> Omega_h::get_sum(Omega_h::Read\n            <T>) [with T = signed char; Omega_h::promoted_t<T> = int]':\n     198    /var/tmp/koparasy/spack-stage/spack-stage-omega-h-9.27.0-ujvcj47oxs\n            sgyat5s4vv2kzovlftwgeo/spack-src/src/Omega_h_array_ops.cpp:610:1:\n             required from here\n  >> 199    /var/tmp/koparasy/spack-stage/spack-stage-omega-h-9.27.0-ujvcj47oxs\nsgyat5s4vv2kzovlftwgeo/spack-src/src/Omega_h_macros.h:45:29: error:\n             base operand of '->' has non-pointer type 'Omega_h::get_sum(Omega_\n            h::Read<T>) [with T = signed char; Omega_h::promoted_t<T> = int]::<\n            lambda(signed char)>'\n     200       45 | #define OMEGA_H_LAMBDA(...) [=](__VA_ARGS__) __attribute__(\n            (always_inline, flatten))\n     201          |                             ^",
    "antiation of 'Omega_h::LO Omega_h::find_last(Omega_h::Read<T>, T) [\n            with T = signed char; Omega_h::LO = int]':\n     206    /var/tmp/koparasy/spack-stage/spack-stage-omega-h-9.27.0-ujvcj47oxs\n            sgyat5s4vv2kzovlftwgeo/spack-src/src/Omega_h_array_ops.cpp:610:1:\n             required from here\n  >> 207    /var/tmp/koparasy/spack-stage/spack-stage-omega-h-9.27.0-ujvcj47oxs\nsgyat5s4vv2kzovlftwgeo/spack-src/src/Omega_h_macros.h:45:29: error:\n             base operand of '->' has non-pointer type 'Omega_h::find_last(Omeg\n            a_h::Read<T>, T) [with T = signed char; Omega_h::LO = int]::<lambda\n            (Omega_h::LO)>'\n     208       45 | #define OMEGA_H_LAMBDA(...) [=](__VA_ARGS__) __attribute__(\n            (always_inline, flatten))\n     209          |                             ^",
    "antiation of 'Omega_h::promoted_t<T> Omega_h::get_sum(Omega_h::Read\n            <T>) [with T = int; Omega_h::promoted_t<T> = int]':\n     214    /var/tmp/koparasy/spack-stage/spack-stage-omega-h-9.27.0-ujvcj47oxs\n            sgyat5s4vv2kzovlftwgeo/spack-src/src/Omega_h_array_ops.cpp:611:1:\n             required from here\n  >> 215    /var/tmp/koparasy/spack-stage/spack-stage-omega-h-9.27.0-ujvcj47oxs\nsgyat5s4vv2kzovlftwgeo/spack-src/src/Omega_h_macros.h:45:29: error:\n             base operand of '->' has non-pointer type 'Omega_h::get_sum(Omega_\n            h::Read<T>) [with T = int; Omega_h::promoted_t<T> = int]::<lambda(i\n            nt)>'\n     216       45 | #define OMEGA_H_LAMBDA(...) [=](__VA_ARGS__) __attribute__(\n            (always_inline, flatten))\n     217          |                             ^",
    "antiation of 'Omega_h::LO Omega_h::find_last(Omega_h::Read<T>, T) [\n            with T = int; Omega_h::LO = int]':\n     222    /var/tmp/koparasy/spack-stage/spack-stage-omega-h-9.27.0-ujvcj47oxs\n            sgyat5s4vv2kzovlftwgeo/spack-src/src/Omega_h_array_ops.cpp:611:1:\n             required from here\n  >> 223    /var/tmp/koparasy/spack-stage/spack-stage-omega-h-9.27.0-ujvcj47oxs\nsgyat5s4vv2kzovlftwgeo/spack-src/src/Omega_h_macros.h:45:29: error:\n             base operand of '->' has non-pointer type 'Omega_h::find_last(Omeg\n            a_h::Read<T>, T) [with T = int; Omega_h::LO = int]::<lambda(Omega_h\n            ::LO)>'\n     224       45 | #define OMEGA_H_LAMBDA(...) [=](__VA_ARGS__) __attribute__(\n            (always_inline, flatten))\n     225          |                             ^",
    "antiation of 'Omega_h::promoted_t<T> Omega_h::get_sum(Omega_h::Read\n            <T>) [with T = long int; Omega_h::promoted_t<T> = long int]':\n     230    /var/tmp/koparasy/spack-stage/spack-stage-omega-h-9.27.0-ujvcj47oxs\n            sgyat5s4vv2kzovlftwgeo/spack-src/src/Omega_h_array_ops.cpp:612:1:\n             required from here\n  >> 231    /var/tmp/koparasy/spack-stage/spack-stage-omega-h-9.27.0-ujvcj47oxs\nsgyat5s4vv2kzovlftwgeo/spack-src/src/Omega_h_macros.h:45:29: error:\n             base operand of '->' has non-pointer type 'Omega_h::get_sum(Omega_\n            h::Read<T>) [with T = long int; Omega_h::promoted_t<T> = long int]:\n            :<lambda(long int)>'\n     232       45 | #define OMEGA_H_LAMBDA(...) [=](__VA_ARGS__) __attribute__(\n            (always_inline, flatten))\n     233          |                             ^",
    "antiation of 'Omega_h::LO Omega_h::find_last(Omega_h::Read<T>, T) [\n            with T = long int; Omega_h::LO = int]':\n     238    /var/tmp/koparasy/spack-stage/spack-stage-omega-h-9.27.0-ujvcj47oxs\n            sgyat5s4vv2kzovlftwgeo/spack-src/src/Omega_h_array_ops.cpp:612:1:\n             required from here\n  >> 239    /var/tmp/koparasy/spack-stage/spack-stage-omega-h-9.27.0-ujvcj47oxs\nsgyat5s4vv2kzovlftwgeo/spack-src/src/Omega_h_macros.h:45:29: error:\n             base operand of '->' has non-pointer type 'Omega_h::find_last(Omeg\n            a_h::Read<T>, T) [with T = long int; Omega_h::LO = int]::<lambda(Om\n            ega_h::LO)>'\n     240       45 | #define OMEGA_H_LAMBDA(...) [=](__VA_ARGS__) __attribute__(\n            (always_inline, flatten))\n     241          |                             ^",
    "antiation of 'Omega_h::promoted_t<T> Omega_h::get_sum(Omega_h::Read\n            <T>) [with T = double; Omega_h::promoted_t<T> = double]':\n     246    /var/tmp/koparasy/spack-stage/spack-stage-omega-h-9.27.0-ujvcj47oxs\n            sgyat5s4vv2kzovlftwgeo/spack-src/src/Omega_h_array_ops.cpp:613:1:\n             required from here\n  >> 247    /var/tmp/koparasy/spack-stage/spack-stage-omega-h-9.27.0-ujvcj47oxs\nsgyat5s4vv2kzovlftwgeo/spack-src/src/Omega_h_macros.h:45:29: error:\n             base operand of '->' has non-pointer type 'Omega_h::get_sum(Omega_\n            h::Read<T>) [with T = double; Omega_h::promoted_t<T> = double]::<la\n            mbda(double)>'\n     248       45 | #define OMEGA_H_LAMBDA(...) [=](__VA_ARGS__) __attribute__(\n            (always_inline, flatten))\n     249          |                             ^",
    "antiation of 'Omega_h::LO Omega_h::find_last(Omega_h::Read<T>, T) [\n            with T = double; Omega_h::LO = int]':\n     254    /var/tmp/koparasy/spack-stage/spack-stage-omega-h-9.27.0-ujvcj47oxs\n            sgyat5s4vv2kzovlftwgeo/spack-src/src/Omega_h_array_ops.cpp:613:1:\n             required from here\n  >> 255    /var/tmp/koparasy/spack-stage/spack-stage-omega-h-9.27.0-ujvcj47oxs\nsgyat5s4vv2kzovlftwgeo/spack-src/src/Omega_h_macros.h:45:29: error:\n             base operand of '->' has non-pointer type 'Omega_h::find_last(Omeg\n            a_h::Read<T>, T) [with T = double; Omega_h::LO = int]::<lambda(Omeg\n            a_h::LO)>'\n     256       45 | #define OMEGA_H_LAMBDA(...) [=](__VA_ARGS__) __attribute__(\n            (always_inline, flatten))\n     257          |                             ^",
    "292          |              ^~~~\n  >> 293    make[2]: *** [src/CMakeFiles/omega_h.dir/Omega_h_array_ops.cpp.o] E\n            rror 1\n     294    make[2]: *** Waiting for unfinished jobs....\n     295    make[2]: Leaving directory `/tmp/koparasy/spack-stage/spack-stage-o\n            mega-h-9.27.0-ujvcj47oxssgyat5s4vv2kzovlftwgeo/spack-build-ujvcj47'\n>> 296    make[1]: *** [src/CMakeFiles/omega_h.dir/all] Error 2\n     297    make[1]: Leaving directory `/tmp/koparasy/spack-stage/spack-stage-o\n            mega-h-9.27.0-ujvcj47oxssgyat5s4vv2kzovlftwgeo/spack-build-ujvcj47'\n  >> 298    make: *** [all] Error 2\n\nSee build log for details:\n  /var/tmp/koparasy/spack-stage/spack-stage-omega-h-9.27.0-ujvcj47oxssgyat5s4vv2kzovlftwgeo/spack-build-out.txt",
    "294    make[2]: *** Waiting for unfinished jobs....\n     295    make[2]: Leaving directory `/tmp/koparasy/spack-stage/spack-stage-o\n            mega-h-9.27.0-ujvcj47oxssgyat5s4vv2kzovlftwgeo/spack-build-ujvcj47'\n  >> 296    make[1]: *** [src/CMakeFiles/omega_h.dir/all] Error 2\n     297    make[1]: Leaving directory `/tmp/koparasy/spack-stage/spack-stage-o\n            mega-h-9.27.0-ujvcj47oxssgyat5s4vv2kzovlftwgeo/spack-build-ujvcj47'\n>> 298    make: *** [all] Error 2\n\nSee build log for details:\n  /var/tmp/koparasy/spack-stage/spack-stage-omega-h-9.27.0-ujvcj47oxssgyat5s4vv2kzovlftwgeo/spack-build-out.txt\n\nTraceback (most recent call last):\n  File \"/p/vast1/koparasy/BUILD/head/spack/lib/spack/spack/build_environment.py\", line 1035, in _setup_pkg_and_run"
]