[
    "-1.8.22-yp6uw4v3qt5geptuetcd3h6oeqrznggv/include/hdf5.h:22,\n     528                     from /tmp/koparasy/spack-stage/spack-stage-conduit\n            -0.3.1-zwemeduyyhjx2y5he2mj6mxitlsxs2kd/spack-src/src/tests/thirdpa\n            rty/t_hdf5_smoke.cpp:51:\n  >> 529    /p/vast1/koparasy/BUILD/spack_cluster_installer/quartz/ascent/spack\n            _env_dir/linux-rhel7-broadwell/gcc-8.3.1/hdf5-1.8.22-yp6uw4v3qt5gep\ntuetcd3h6oeqrznggv/include/H5public.h:63:10: fatal error: mpi.h: No\n             such file or directory\n     530     #include <mpi.h>\n     531              ^~~~~~~\n     532    compilation terminated.\n     533    [ 21%] Building Fortran object libs/conduit/CMakeFiles/conduit.dir/\n            fortran/conduit_fortran_obj.f.o",
    "n -lquadmath\n     547    make[2]: Leaving directory `/tmp/koparasy/spack-stage/spack-stage-c\n            onduit-0.3.1-zwemeduyyhjx2y5he2mj6mxitlsxs2kd/spack-build-zwemedu'\n     548    [ 21%] Built target conduit\n     549    make[1]: Leaving directory `/tmp/koparasy/spack-stage/spack-stage-c\n            onduit-0.3.1-zwemeduyyhjx2y5he2mj6mxitlsxs2kd/spack-build-zwemedu'\n>> 550    make: *** [all] Error 2\n\nSee build log for details:\n  /var/tmp/koparasy/spack-stage/spack-stage-conduit-0.3.1-zwemeduyyhjx2y5he2mj6mxitlsxs2kd/spack-build-out.txt\n\nTraceback (most recent call last):\n  File \"/p/vast1/koparasy/BUILD/spack/lib/spack/spack/build_environment.py\", line 1035, in _setup_pkg_and_run",
    ".8.22-yp6uw4v3qt5geptuetcd3h6oeqrznggv/include/hdf5.h:22,\n     520                     from /tmp/koparasy/spack-stage/spack-stage-conduit\n            -0.3.1-zwemeduyyhjx2y5he2mj6mxitlsxs2kd/spack-src/src/tests/thirdpa\n            rty/t_hdf5_smoke.cpp:51:\n  >> 521    /p/vast1/koparasy/BUILD/spack_cluster_installer/quartz/axom/spack_e\n            nv_dir/linux-rhel7-broadwell/gcc-8.3.1/hdf5-1.8.22-yp6uw4v3qt5geptu\netcd3h6oeqrznggv/include/H5public.h:63:10: fatal error: mpi.h: No s\n            uch file or directory\n     522     #include <mpi.h>\n     523              ^~~~~~~\n     524    compilation terminated.\n  >> 525    make[2]: *** [tests/thirdparty/CMakeFiles/t_hdf5_smoke.dir/t_hdf5_s\n            moke.cpp.o] Error 1",
    "-lquadmath\n     547    make[2]: Leaving directory `/tmp/koparasy/spack-stage/spack-stage-c\n            onduit-0.3.1-zwemeduyyhjx2y5he2mj6mxitlsxs2kd/spack-build-zwemedu'\n     548    [ 21%] Built target conduit\n     549    make[1]: Leaving directory `/tmp/koparasy/spack-stage/spack-stage-c\n            onduit-0.3.1-zwemeduyyhjx2y5he2mj6mxitlsxs2kd/spack-build-zwemedu'\n>> 550    make: *** [all] Error 2\n\nSee build log for details:\n  /var/tmp/koparasy/spack-stage/spack-stage-conduit-0.3.1-zwemeduyyhjx2y5he2mj6mxitlsxs2kd/spack-build-out.txt\n\nTraceback (most recent call last):\n  File \"/p/vast1/koparasy/BUILD/spack/lib/spack/spack/build_environment.py\", line 1035, in _setup_pkg_and_run"
]