[
    "lib/libboost_iostreams.a\n     12716    gcc.compile.c++ bin.v2/libs/thread/build/gcc-8/release/link-stati\n              c/threading-multi/pthread/once.o\n     12717    In file included from ./boost/thread/detail/platform.hpp:17,\n     12718                     from ./boost/thread/once.hpp:12,\n     12719                     from libs/thread/src/pthread/once.cpp:7:\n>> 12720    ./boost/config/requires_threads.hpp:29:4: error: #error \"Threadin\n              g support unavaliable: it has been explicitly disabled with BOOST\n              _DISABLE_THREADS\"\n     12721     #  error \"Threading support unavaliable: it has been explicitly\n              disabled with BOOST_DISABLE_THREADS\"\n     12722        ^~~~~\n     12723",
    "hreading-multi/encoding\n     12731    gcc.compile.c++ bin.v2/libs/thread/build/gcc-8/release/link-stati\n              c/threading-multi/pthread/thread.o\n     12732    In file included from ./boost/thread/detail/platform.hpp:17,\n     12733                     from ./boost/thread/detail/config.hpp:20,\n     12734                     from libs/thread/src/pthread/thread.cpp:8:\n>> 12735    ./boost/config/requires_threads.hpp:29:4: error: #error \"Threadin\n              g support unavaliable: it has been explicitly disabled with BOOST\n              _DISABLE_THREADS\"\n     12736     #  error \"Threading support unavaliable: it has been explicitly\n              disabled with BOOST_DISABLE_THREADS\"\n     12737        ^~~~~\n     12738    In file included from /usr/include/pthread.h:24,",
    "12743                     from /usr/tce/packages/gcc/gcc-8.3.1/rh/usr/incl\n              ude/c++/8/string:52,\n     12744                     from ./boost/thread/exceptions.hpp:19,\n     12745                     from ./boost/thread/pthread/thread_data.hpp:9,\n     12746                     from ./boost/thread/thread.hpp:17,\n     12747                     from libs/thread/src/pthread/thread.cpp:10:\n>> 12748    ./boost/thread/xtime.hpp:23:5: error: expected identifier before\n              numeric constant\n     12749         TIME_UTC=1\n     12750         ^~~~~~~~\n  >> 12751    ./boost/thread/xtime.hpp:23:5: error: expected '}' before numeric\n               constant\n     12752    In file included from ./boost/thread/pthread/mutex.hpp:14,",
    "12746                     from ./boost/thread/thread.hpp:17,\n     12747                     from libs/thread/src/pthread/thread.cpp:10:\n  >> 12748    ./boost/thread/xtime.hpp:23:5: error: expected identifier before\n              numeric constant\n     12749         TIME_UTC=1\n     12750         ^~~~~~~~\n>> 12751    ./boost/thread/xtime.hpp:23:5: error: expected '}' before numeric\n               constant\n     12752    In file included from ./boost/thread/pthread/mutex.hpp:14,\n     12753                     from ./boost/thread/mutex.hpp:16,\n     12754                     from ./boost/thread/pthread/thread_data.hpp:12,\n     12755                     from ./boost/thread/thread.hpp:17,\n     12756                     from libs/thread/src/pthread/thread.cpp:10:",
    "12765                     from /usr/tce/packages/gcc/gcc-8.3.1/rh/usr/incl\n              ude/c++/8/string:52,\n     12766                     from ./boost/thread/exceptions.hpp:19,\n     12767                     from ./boost/thread/pthread/thread_data.hpp:9,\n     12768                     from ./boost/thread/thread.hpp:17,\n     12769                     from libs/thread/src/pthread/thread.cpp:10:\n>> 12770    ./boost/thread/xtime.hpp:23:5: error: expected unqualified-id bef\n              ore numeric constant\n     12771         TIME_UTC=1\n     12772         ^~~~~~~~\n     12773    In file included from ./boost/thread/pthread/mutex.hpp:14,\n     12774                     from ./boost/thread/mutex.hpp:16,\n     12775                     from ./boost/thread/pthread/thread_data.hpp:12,",
    "12772         ^~~~~~~~\n     12773    In file included from ./boost/thread/pthread/mutex.hpp:14,\n     12774                     from ./boost/thread/mutex.hpp:16,\n     12775                     from ./boost/thread/pthread/thread_data.hpp:12,\n     12776                     from ./boost/thread/thread.hpp:17,\n     12777                     from libs/thread/src/pthread/thread.cpp:10:\n>> 12778    ./boost/thread/xtime.hpp:46:14: error: expected type-specifier be\n              fore 'system_time'\n     12779         operator system_time() const\n     12780                  ^~~~~~~~~~~\n     12781    In file included from ./boost/thread/pthread/mutex.hpp:14,\n     12782                     from ./boost/thread/mutex.hpp:16,\n     12783                     from ./boost/thread/pthread/thread_data.hpp:12,",
    "12782                     from ./boost/thread/mutex.hpp:16,\n     12783                     from ./boost/thread/pthread/thread_data.hpp:12,\n     12784                     from ./boost/thread/thread.hpp:17,\n     12785                     from libs/thread/src/pthread/thread.cpp:10:\n     12786    ./boost/thread/xtime.hpp: In function 'int xtime_get(xtime*, int)\n              ':\n>> 12787    ./boost/thread/xtime.hpp:73:24: error: 'get_system_time' was not\n              declared in this scope\n     12788             *xtp=get_xtime(get_system_time());\n     12789                            ^~~~~~~~~~~~~~~\n     12790    ./boost/thread/xtime.hpp:73:24: note: suggested alternative:\n     12791    In file included from ./boost/thread/locks.hpp:12,\n     12792                     from ./boost/thread/pthread/mutex.hpp:12,",
    "12800    In file included from ./boost/thread/pthread/mutex.hpp:14,\n     12801                     from ./boost/thread/mutex.hpp:16,\n     12802                     from ./boost/thread/pthread/thread_data.hpp:12,\n     12803                     from ./boost/thread/thread.hpp:17,\n     12804                     from libs/thread/src/pthread/thread.cpp:10:\n     12805    ./boost/thread/xtime.hpp: At global scope:\n>> 12806    ./boost/thread/xtime.hpp:88:1: error: expected declaration before\n               '}' token\n     12807     } // namespace boost\n     12808     ^\n     12809\n     12810        \"/p/vast1/koparasy/BUILD/spack/lib/spack/env/gcc/g++\"  -ftemp\n              late-depth-128 -O3 -finline-functions -Wno-inline -Wall -pthread",
    "hreading-multi/shared\n     12817    gcc.compile.c++ bin.v2/libs/locale/build/gcc-8/release/link-stati\n              c/threading-multi/shared/date_time.o\n     12818    In file included from ./boost/thread/detail/platform.hpp:17,\n     12819                     from ./boost/thread/mutex.hpp:12,\n     12820                     from libs/locale/src/shared/date_time.cpp:11:\n>> 12821    ./boost/config/requires_threads.hpp:29:4: error: #error \"Threadin\n              g support unavaliable: it has been explicitly disabled with BOOST\n              _DISABLE_THREADS\"\n     12822     #  error \"Threading support unavaliable: it has been explicitly\n              disabled with BOOST_DISABLE_THREADS\"\n     12823        ^~~~~\n     12824    In file included from /usr/include/pthread.h:24,",
    "ude/c++/8/bits/locale_classes.h:40,\n     12831                     from /usr/tce/packages/gcc/gcc-8.3.1/rh/usr/incl\n              ude/c++/8/locale:39,\n     12832                     from ./boost/locale/date_time_facet.hpp:18,\n     12833                     from ./boost/locale/date_time.hpp:18,\n     12834                     from libs/locale/src/shared/date_time.cpp:9:\n>> 12835    ./boost/thread/xtime.hpp:23:5: error: expected identifier before\n              numeric constant\n     12836         TIME_UTC=1\n     12837         ^~~~~~~~\n  >> 12838    ./boost/thread/xtime.hpp:23:5: error: expected '}' before numeric\n               constant\n     12839    In file included from ./boost/thread/pthread/mutex.hpp:14,",
    "12833                     from ./boost/locale/date_time.hpp:18,\n     12834                     from libs/locale/src/shared/date_time.cpp:9:\n  >> 12835    ./boost/thread/xtime.hpp:23:5: error: expected identifier before\n              numeric constant\n     12836         TIME_UTC=1\n     12837         ^~~~~~~~\n>> 12838    ./boost/thread/xtime.hpp:23:5: error: expected '}' before numeric\n               constant\n     12839    In file included from ./boost/thread/pthread/mutex.hpp:14,\n     12840                     from ./boost/thread/mutex.hpp:16,\n     12841                     from libs/locale/src/shared/date_time.cpp:11:\n     12842    ./boost/thread/xtime.hpp:22:1: note: to match this '{'\n     12843     {",
    "ude/c++/8/bits/locale_classes.h:40,\n     12852                     from /usr/tce/packages/gcc/gcc-8.3.1/rh/usr/incl\n              ude/c++/8/locale:39,\n     12853                     from ./boost/locale/date_time_facet.hpp:18,\n     12854                     from ./boost/locale/date_time.hpp:18,\n     12855                     from libs/locale/src/shared/date_time.cpp:9:\n>> 12856    ./boost/thread/xtime.hpp:23:5: error: expected unqualified-id bef\n              ore numeric constant\n     12857         TIME_UTC=1\n     12858         ^~~~~~~~\n     12859    In file included from ./boost/thread/pthread/mutex.hpp:14,\n     12860                     from ./boost/thread/mutex.hpp:16,\n     12861                     from libs/locale/src/shared/date_time.cpp:11:",
    "ore numeric constant\n     12857         TIME_UTC=1\n     12858         ^~~~~~~~\n     12859    In file included from ./boost/thread/pthread/mutex.hpp:14,\n     12860                     from ./boost/thread/mutex.hpp:16,\n     12861                     from libs/locale/src/shared/date_time.cpp:11:\n>> 12862    ./boost/thread/xtime.hpp:46:14: error: expected type-specifier be\n              fore 'system_time'\n     12863         operator system_time() const\n     12864                  ^~~~~~~~~~~\n     12865    In file included from ./boost/thread/pthread/mutex.hpp:14,\n     12866                     from ./boost/thread/mutex.hpp:16,\n     12867                     from libs/locale/src/shared/date_time.cpp:11:",
    "12864                  ^~~~~~~~~~~\n     12865    In file included from ./boost/thread/pthread/mutex.hpp:14,\n     12866                     from ./boost/thread/mutex.hpp:16,\n     12867                     from libs/locale/src/shared/date_time.cpp:11:\n     12868    ./boost/thread/xtime.hpp: In function 'int xtime_get(xtime*, int)\n              ':\n>> 12869    ./boost/thread/xtime.hpp:73:24: error: 'get_system_time' was not\n              declared in this scope\n     12870             *xtp=get_xtime(get_system_time());\n     12871                            ^~~~~~~~~~~~~~~\n     12872    ./boost/thread/xtime.hpp:73:24: note: suggested alternative:\n     12873    In file included from ./boost/thread/locks.hpp:12,\n     12874                     from ./boost/thread/pthread/mutex.hpp:12,",
    "12878         inline system_time get_system_time()\n     12879                            ^~~~~~~~~~~~~~~\n     12880    In file included from ./boost/thread/pthread/mutex.hpp:14,\n     12881                     from ./boost/thread/mutex.hpp:16,\n     12882                     from libs/locale/src/shared/date_time.cpp:11:\n     12883    ./boost/thread/xtime.hpp: At global scope:\n>> 12884    ./boost/thread/xtime.hpp:88:1: error: expected declaration before\n               '}' token\n     12885     } // namespace boost\n     12886     ^\n     12887\n     12888        \"/p/vast1/koparasy/BUILD/spack/lib/spack/env/gcc/g++\"  -ftemp\n              late-depth-128 -O3 -finline-functions -Wno-inline -Wall -pthread",
    "17232       ^~~~~~~~~~~~~~~~~~~~~~~~~~~~~\n     17233    gcc.compile.c++ bin.v2/libs/locale/build/gcc-8/release/link-stati\n              c/threading-multi/shared/generator.o\n     17234    In file included from ./boost/thread/detail/platform.hpp:17,\n     17235                     from ./boost/thread/mutex.hpp:12,\n     17236                     from libs/locale/src/shared/generator.cpp:16:\n>> 17237    ./boost/config/requires_threads.hpp:29:4: error: #error \"Threadin\n              g support unavaliable: it has been explicitly disabled with BOOST\n              _DISABLE_THREADS\"\n     17238     #  error \"Threading support unavaliable: it has been explicitly\n              disabled with BOOST_DISABLE_THREADS\"\n     17239        ^~~~~\n     17240    In file included from /usr/include/pthread.h:24,",
    "17244                     from /usr/tce/packages/gcc/gcc-8.3.1/rh/usr/incl\n              ude/c++/8/bits/basic_string.h:39,\n     17245                     from /usr/tce/packages/gcc/gcc-8.3.1/rh/usr/incl\n              ude/c++/8/string:52,\n     17246                     from ./boost/locale/generator.hpp:16,\n     17247                     from libs/locale/src/shared/generator.cpp:9:\n>> 17248    ./boost/thread/xtime.hpp:23:5: error: expected identifier before\n              numeric constant\n     17249         TIME_UTC=1\n     17250         ^~~~~~~~\n  >> 17251    ./boost/thread/xtime.hpp:23:5: error: expected '}' before numeric\n               constant\n     17252    In file included from ./boost/thread/pthread/mutex.hpp:14,",
    "17246                     from ./boost/locale/generator.hpp:16,\n     17247                     from libs/locale/src/shared/generator.cpp:9:\n  >> 17248    ./boost/thread/xtime.hpp:23:5: error: expected identifier before\n              numeric constant\n     17249         TIME_UTC=1\n     17250         ^~~~~~~~\n>> 17251    ./boost/thread/xtime.hpp:23:5: error: expected '}' before numeric\n               constant\n     17252    In file included from ./boost/thread/pthread/mutex.hpp:14,\n     17253                     from ./boost/thread/mutex.hpp:16,\n     17254                     from libs/locale/src/shared/generator.cpp:16:\n     17255    ./boost/thread/xtime.hpp:22:1: note: to match this '{'\n     17256     {",
    "17262                     from /usr/tce/packages/gcc/gcc-8.3.1/rh/usr/incl\n              ude/c++/8/bits/basic_string.h:39,\n     17263                     from /usr/tce/packages/gcc/gcc-8.3.1/rh/usr/incl\n              ude/c++/8/string:52,\n     17264                     from ./boost/locale/generator.hpp:16,\n     17265                     from libs/locale/src/shared/generator.cpp:9:\n>> 17266    ./boost/thread/xtime.hpp:23:5: error: expected unqualified-id bef\n              ore numeric constant\n     17267         TIME_UTC=1\n     17268         ^~~~~~~~\n     17269    In file included from ./boost/thread/pthread/mutex.hpp:14,\n     17270                     from ./boost/thread/mutex.hpp:16,\n     17271                     from libs/locale/src/shared/generator.cpp:16:",
    "ore numeric constant\n     17267         TIME_UTC=1\n     17268         ^~~~~~~~\n     17269    In file included from ./boost/thread/pthread/mutex.hpp:14,\n     17270                     from ./boost/thread/mutex.hpp:16,\n     17271                     from libs/locale/src/shared/generator.cpp:16:\n>> 17272    ./boost/thread/xtime.hpp:46:14: error: expected type-specifier be\n              fore 'system_time'\n     17273         operator system_time() const\n     17274                  ^~~~~~~~~~~\n     17275    In file included from ./boost/thread/pthread/mutex.hpp:14,\n     17276                     from ./boost/thread/mutex.hpp:16,\n     17277                     from libs/locale/src/shared/generator.cpp:16:",
    "17274                  ^~~~~~~~~~~\n     17275    In file included from ./boost/thread/pthread/mutex.hpp:14,\n     17276                     from ./boost/thread/mutex.hpp:16,\n     17277                     from libs/locale/src/shared/generator.cpp:16:\n     17278    ./boost/thread/xtime.hpp: In function 'int xtime_get(xtime*, int)\n              ':\n>> 17279    ./boost/thread/xtime.hpp:73:24: error: 'get_system_time' was not\n              declared in this scope\n     17280             *xtp=get_xtime(get_system_time());\n     17281                            ^~~~~~~~~~~~~~~\n     17282    ./boost/thread/xtime.hpp:73:24: note: suggested alternative:\n     17283    In file included from ./boost/thread/locks.hpp:12,\n     17284                     from ./boost/thread/pthread/mutex.hpp:12,",
    "17288         inline system_time get_system_time()\n     17289                            ^~~~~~~~~~~~~~~\n     17290    In file included from ./boost/thread/pthread/mutex.hpp:14,\n     17291                     from ./boost/thread/mutex.hpp:16,\n     17292                     from libs/locale/src/shared/generator.cpp:16:\n     17293    ./boost/thread/xtime.hpp: At global scope:\n>> 17294    ./boost/thread/xtime.hpp:88:1: error: expected declaration before\n               '}' token\n     17295     } // namespace boost\n     17296     ^\n     17297\n     17298        \"/p/vast1/koparasy/BUILD/spack/lib/spack/env/gcc/g++\"  -ftemp\n              late-depth-128 -O3 -finline-functions -Wno-inline -Wall -pthread",
    "17302    gcc.compile.c++ bin.v2/libs/locale/build/gcc-8/release/link-stati\n              c/threading-multi/shared/localization_backend.o\n     17303    In file included from ./boost/thread/detail/platform.hpp:17,\n     17304                     from ./boost/thread/mutex.hpp:12,\n     17305                     from libs/locale/src/shared/localization_backend\n              .cpp:11:\n>> 17306    ./boost/config/requires_threads.hpp:29:4: error: #error \"Threadin\n              g support unavaliable: it has been explicitly disabled with BOOST\n              _DISABLE_THREADS\"\n     17307     #  error \"Threading support unavaliable: it has been explicitly\n              disabled with BOOST_DISABLE_THREADS\"\n     17308        ^~~~~\n     17309    In file included from /usr/include/pthread.h:24,",
    "17314                     from /usr/tce/packages/gcc/gcc-8.3.1/rh/usr/incl\n              ude/c++/8/string:52,\n     17315                     from ./boost/locale/generator.hpp:16,\n     17316                     from ./boost/locale/localization_backend.hpp:11,\n     17317                     from libs/locale/src/shared/localization_backend\n              .cpp:9:\n>> 17318    ./boost/thread/xtime.hpp:23:5: error: expected identifier before\n              numeric constant\n     17319         TIME_UTC=1\n     17320         ^~~~~~~~\n  >> 17321    ./boost/thread/xtime.hpp:23:5: error: expected '}' before numeric\n               constant\n     17322    In file included from ./boost/thread/pthread/mutex.hpp:14,",
    "17317                     from libs/locale/src/shared/localization_backend\n              .cpp:9:\n  >> 17318    ./boost/thread/xtime.hpp:23:5: error: expected identifier before\n              numeric constant\n     17319         TIME_UTC=1\n     17320         ^~~~~~~~\n>> 17321    ./boost/thread/xtime.hpp:23:5: error: expected '}' before numeric\n               constant\n     17322    In file included from ./boost/thread/pthread/mutex.hpp:14,\n     17323                     from ./boost/thread/mutex.hpp:16,\n     17324                     from libs/locale/src/shared/localization_backend\n              .cpp:11:\n     17325    ./boost/thread/xtime.hpp:22:1: note: to match this '{'",
    "17333                     from /usr/tce/packages/gcc/gcc-8.3.1/rh/usr/incl\n              ude/c++/8/string:52,\n     17334                     from ./boost/locale/generator.hpp:16,\n     17335                     from ./boost/locale/localization_backend.hpp:11,\n     17336                     from libs/locale/src/shared/localization_backend\n              .cpp:9:\n>> 17337    ./boost/thread/xtime.hpp:23:5: error: expected unqualified-id bef\n              ore numeric constant\n     17338         TIME_UTC=1\n     17339         ^~~~~~~~\n     17340    In file included from ./boost/thread/pthread/mutex.hpp:14,\n     17341                     from ./boost/thread/mutex.hpp:16,\n     17342                     from libs/locale/src/shared/localization_backend",
    "17338         TIME_UTC=1\n     17339         ^~~~~~~~\n     17340    In file included from ./boost/thread/pthread/mutex.hpp:14,\n     17341                     from ./boost/thread/mutex.hpp:16,\n     17342                     from libs/locale/src/shared/localization_backend\n              .cpp:11:\n>> 17343    ./boost/thread/xtime.hpp:46:14: error: expected type-specifier be\n              fore 'system_time'\n     17344         operator system_time() const\n     17345                  ^~~~~~~~~~~\n     17346    In file included from ./boost/thread/pthread/mutex.hpp:14,\n     17347                     from ./boost/thread/mutex.hpp:16,\n     17348                     from libs/locale/src/shared/localization_backend",
    "17346    In file included from ./boost/thread/pthread/mutex.hpp:14,\n     17347                     from ./boost/thread/mutex.hpp:16,\n     17348                     from libs/locale/src/shared/localization_backend\n              .cpp:11:\n     17349    ./boost/thread/xtime.hpp: In function 'int xtime_get(xtime*, int)\n              ':\n>> 17350    ./boost/thread/xtime.hpp:73:24: error: 'get_system_time' was not\n              declared in this scope\n     17351             *xtp=get_xtime(get_system_time());\n     17352                            ^~~~~~~~~~~~~~~\n     17353    ./boost/thread/xtime.hpp:73:24: note: suggested alternative:\n     17354    In file included from ./boost/thread/locks.hpp:12,\n     17355                     from ./boost/thread/pthread/mutex.hpp:12,",
    "17360                            ^~~~~~~~~~~~~~~\n     17361    In file included from ./boost/thread/pthread/mutex.hpp:14,\n     17362                     from ./boost/thread/mutex.hpp:16,\n     17363                     from libs/locale/src/shared/localization_backend\n              .cpp:11:\n     17364    ./boost/thread/xtime.hpp: At global scope:\n>> 17365    ./boost/thread/xtime.hpp:88:1: error: expected declaration before\n               '}' token\n     17366     } // namespace boost\n     17367     ^\n     17368\n     17369        \"/p/vast1/koparasy/BUILD/spack/lib/spack/env/gcc/g++\"  -ftemp\n              late-depth-128 -O3 -finline-functions -Wno-inline -Wall -pthread",
    "17500    gcc.compile.c++ bin.v2/libs/locale/build/gcc-8/release/link-stati\n              c/threading-multi/icu/collator.o\n     17501    In file included from ./boost/thread/detail/platform.hpp:17,\n     17502                     from ./boost/thread/thread.hpp:12,\n     17503                     from ./boost/thread.hpp:13,\n     17504                     from libs/locale/src/icu/collator.cpp:11:\n>> 17505    ./boost/config/requires_threads.hpp:29:4: error: #error \"Threadin\n              g support unavaliable: it has been explicitly disabled with BOOST\n              _DISABLE_THREADS\"\n     17506     #  error \"Threading support unavaliable: it has been explicitly\n              disabled with BOOST_DISABLE_THREADS\"\n     17507        ^~~~~\n     17508    In file included from /usr/include/pthread.h:24,",
    "17514                     from /usr/tce/packages/gcc/gcc-8.3.1/rh/usr/incl\n              ude/c++/8/bits/locale_classes.h:40,\n     17515                     from /usr/tce/packages/gcc/gcc-8.3.1/rh/usr/incl\n              ude/c++/8/locale:39,\n     17516                     from ./boost/locale/collator.hpp:16,\n     17517                     from libs/locale/src/icu/collator.cpp:9:\n>> 17518    ./boost/thread/xtime.hpp:23:5: error: expected identifier before\n              numeric constant\n     17519         TIME_UTC=1\n     17520         ^~~~~~~~\n  >> 17521    ./boost/thread/xtime.hpp:23:5: error: expected '}' before numeric\n               constant\n     17522    In file included from ./boost/thread/pthread/mutex.hpp:14,",
    "17516                     from ./boost/locale/collator.hpp:16,\n     17517                     from libs/locale/src/icu/collator.cpp:9:\n  >> 17518    ./boost/thread/xtime.hpp:23:5: error: expected identifier before\n              numeric constant\n     17519         TIME_UTC=1\n     17520         ^~~~~~~~\n>> 17521    ./boost/thread/xtime.hpp:23:5: error: expected '}' before numeric\n               constant\n     17522    In file included from ./boost/thread/pthread/mutex.hpp:14,\n     17523                     from ./boost/thread/mutex.hpp:16,\n     17524                     from ./boost/thread/pthread/thread_data.hpp:12,\n     17525                     from ./boost/thread/thread.hpp:17,\n     17526                     from ./boost/thread.hpp:13,",
    "17537                     from /usr/tce/packages/gcc/gcc-8.3.1/rh/usr/incl\n              ude/c++/8/bits/locale_classes.h:40,\n     17538                     from /usr/tce/packages/gcc/gcc-8.3.1/rh/usr/incl\n              ude/c++/8/locale:39,\n     17539                     from ./boost/locale/collator.hpp:16,\n     17540                     from libs/locale/src/icu/collator.cpp:9:\n>> 17541    ./boost/thread/xtime.hpp:23:5: error: expected unqualified-id bef\n              ore numeric constant\n     17542         TIME_UTC=1\n     17543         ^~~~~~~~\n     17544    In file included from ./boost/thread/pthread/mutex.hpp:14,\n     17545                     from ./boost/thread/mutex.hpp:16,\n     17546                     from ./boost/thread/pthread/thread_data.hpp:12,",
    "17544    In file included from ./boost/thread/pthread/mutex.hpp:14,\n     17545                     from ./boost/thread/mutex.hpp:16,\n     17546                     from ./boost/thread/pthread/thread_data.hpp:12,\n     17547                     from ./boost/thread/thread.hpp:17,\n     17548                     from ./boost/thread.hpp:13,\n     17549                     from libs/locale/src/icu/collator.cpp:11:\n>> 17550    ./boost/thread/xtime.hpp:46:14: error: expected type-specifier be\n              fore 'system_time'\n     17551         operator system_time() const\n     17552                  ^~~~~~~~~~~\n     17553    In file included from ./boost/thread/pthread/mutex.hpp:14,\n     17554                     from ./boost/thread/mutex.hpp:16,\n     17555                     from ./boost/thread/pthread/thread_data.hpp:12,",
    "17555                     from ./boost/thread/pthread/thread_data.hpp:12,\n     17556                     from ./boost/thread/thread.hpp:17,\n     17557                     from ./boost/thread.hpp:13,\n     17558                     from libs/locale/src/icu/collator.cpp:11:\n     17559    ./boost/thread/xtime.hpp: In function 'int xtime_get(xtime*, int)\n              ':\n>> 17560    ./boost/thread/xtime.hpp:73:24: error: 'get_system_time' was not\n              declared in this scope\n     17561             *xtp=get_xtime(get_system_time());\n     17562                            ^~~~~~~~~~~~~~~\n     17563    ./boost/thread/xtime.hpp:73:24: note: suggested alternative:\n     17564    In file included from ./boost/thread/locks.hpp:12,\n     17565                     from ./boost/thread/pthread/mutex.hpp:12,",
    "17575                     from ./boost/thread/mutex.hpp:16,\n     17576                     from ./boost/thread/pthread/thread_data.hpp:12,\n     17577                     from ./boost/thread/thread.hpp:17,\n     17578                     from ./boost/thread.hpp:13,\n     17579                     from libs/locale/src/icu/collator.cpp:11:\n     17580    ./boost/thread/xtime.hpp: At global scope:\n>> 17581    ./boost/thread/xtime.hpp:88:1: error: expected declaration before\n               '}' token\n     17582     } // namespace boost\n     17583     ^\n     17584\n     17585        \"/p/vast1/koparasy/BUILD/spack/lib/spack/env/gcc/g++\"  -ftemp\n              late-depth-128 -O3 -finline-functions -Wno-inline -Wall -pthread",
    "17588    gcc.compile.c++ bin.v2/libs/locale/build/gcc-8/release/link-stati\n              c/threading-multi/icu/date_time.o\n     17589    In file included from ./boost/thread/detail/platform.hpp:17,\n     17590                     from ./boost/thread/thread.hpp:12,\n     17591                     from ./boost/thread.hpp:13,\n     17592                     from libs/locale/src/icu/date_time.cpp:14:\n>> 17593    ./boost/config/requires_threads.hpp:29:4: error: #error \"Threadin\n              g support unavaliable: it has been explicitly disabled with BOOST\n              _DISABLE_THREADS\"\n     17594     #  error \"Threading support unavaliable: it has been explicitly\n              disabled with BOOST_DISABLE_THREADS\"\n     17595        ^~~~~\n     17596    In file included from /usr/include/pthread.h:24,",
    "17602                     from /usr/tce/packages/gcc/gcc-8.3.1/rh/usr/incl\n              ude/c++/8/bits/locale_classes.h:40,\n     17603                     from /usr/tce/packages/gcc/gcc-8.3.1/rh/usr/incl\n              ude/c++/8/locale:39,\n     17604                     from ./boost/locale/date_time_facet.hpp:18,\n     17605                     from libs/locale/src/icu/date_time.cpp:9:\n>> 17606    ./boost/thread/xtime.hpp:23:5: error: expected identifier before\n              numeric constant\n     17607         TIME_UTC=1\n     17608         ^~~~~~~~\n  >> 17609    ./boost/thread/xtime.hpp:23:5: error: expected '}' before numeric\n               constant\n     17610    In file included from ./boost/thread/pthread/mutex.hpp:14,",
    "17604                     from ./boost/locale/date_time_facet.hpp:18,\n     17605                     from libs/locale/src/icu/date_time.cpp:9:\n  >> 17606    ./boost/thread/xtime.hpp:23:5: error: expected identifier before\n              numeric constant\n     17607         TIME_UTC=1\n     17608         ^~~~~~~~\n>> 17609    ./boost/thread/xtime.hpp:23:5: error: expected '}' before numeric\n               constant\n     17610    In file included from ./boost/thread/pthread/mutex.hpp:14,\n     17611                     from ./boost/thread/mutex.hpp:16,\n     17612                     from ./boost/thread/pthread/thread_data.hpp:12,\n     17613                     from ./boost/thread/thread.hpp:17,\n     17614                     from ./boost/thread.hpp:13,",
    "17625                     from /usr/tce/packages/gcc/gcc-8.3.1/rh/usr/incl\n              ude/c++/8/bits/locale_classes.h:40,\n     17626                     from /usr/tce/packages/gcc/gcc-8.3.1/rh/usr/incl\n              ude/c++/8/locale:39,\n     17627                     from ./boost/locale/date_time_facet.hpp:18,\n     17628                     from libs/locale/src/icu/date_time.cpp:9:\n>> 17629    ./boost/thread/xtime.hpp:23:5: error: expected unqualified-id bef\n              ore numeric constant\n     17630         TIME_UTC=1\n     17631         ^~~~~~~~\n     17632    In file included from ./boost/thread/pthread/mutex.hpp:14,\n     17633                     from ./boost/thread/mutex.hpp:16,\n     17634                     from ./boost/thread/pthread/thread_data.hpp:12,",
    "17632    In file included from ./boost/thread/pthread/mutex.hpp:14,\n     17633                     from ./boost/thread/mutex.hpp:16,\n     17634                     from ./boost/thread/pthread/thread_data.hpp:12,\n     17635                     from ./boost/thread/thread.hpp:17,\n     17636                     from ./boost/thread.hpp:13,\n     17637                     from libs/locale/src/icu/date_time.cpp:14:\n>> 17638    ./boost/thread/xtime.hpp:46:14: error: expected type-specifier be\n              fore 'system_time'\n     17639         operator system_time() const\n     17640                  ^~~~~~~~~~~\n     17641    In file included from ./boost/thread/pthread/mutex.hpp:14,\n     17642                     from ./boost/thread/mutex.hpp:16,\n     17643                     from ./boost/thread/pthread/thread_data.hpp:12,",
    "17643                     from ./boost/thread/pthread/thread_data.hpp:12,\n     17644                     from ./boost/thread/thread.hpp:17,\n     17645                     from ./boost/thread.hpp:13,\n     17646                     from libs/locale/src/icu/date_time.cpp:14:\n     17647    ./boost/thread/xtime.hpp: In function 'int xtime_get(xtime*, int)\n              ':\n>> 17648    ./boost/thread/xtime.hpp:73:24: error: 'get_system_time' was not\n              declared in this scope\n     17649             *xtp=get_xtime(get_system_time());\n     17650                            ^~~~~~~~~~~~~~~\n     17651    ./boost/thread/xtime.hpp:73:24: note: suggested alternative:\n     17652    In file included from ./boost/thread/locks.hpp:12,\n     17653                     from ./boost/thread/pthread/mutex.hpp:12,",
    "17663                     from ./boost/thread/mutex.hpp:16,\n     17664                     from ./boost/thread/pthread/thread_data.hpp:12,\n     17665                     from ./boost/thread/thread.hpp:17,\n     17666                     from ./boost/thread.hpp:13,\n     17667                     from libs/locale/src/icu/date_time.cpp:14:\n     17668    ./boost/thread/xtime.hpp: At global scope:\n>> 17669    ./boost/thread/xtime.hpp:88:1: error: expected declaration before\n               '}' token\n     17670     } // namespace boost\n     17671     ^\n     17672\n     17673        \"/p/vast1/koparasy/BUILD/spack/lib/spack/env/gcc/g++\"  -ftemp\n              late-depth-128 -O3 -finline-functions -Wno-inline -Wall -pthread",
    "17680    In file included from ./boost/thread/detail/platform.hpp:17,\n     17681                     from ./boost/thread/thread.hpp:12,\n     17682                     from ./boost/thread.hpp:13,\n     17683                     from libs/locale/src/icu/predefined_formatters.h\n              pp:14,\n     17684                     from libs/locale/src/icu/formatter.cpp:25:\n>> 17685    ./boost/config/requires_threads.hpp:29:4: error: #error \"Threadin\n              g support unavaliable: it has been explicitly disabled with BOOST\n              _DISABLE_THREADS\"\n     17686     #  error \"Threading support unavaliable: it has been explicitly\n              disabled with BOOST_DISABLE_THREADS\"\n     17687        ^~~~~\n     17688    In file included from /usr/include/pthread.h:24,",
    "ude/c++/8/bits/basic_string.h:39,\n     17693                     from /usr/tce/packages/gcc/gcc-8.3.1/rh/usr/incl\n              ude/c++/8/string:52,\n     17694                     from ./boost/locale/time_zone.hpp:17,\n     17695                     from ./boost/locale/formatting.hpp:17,\n     17696                     from libs/locale/src/icu/formatter.cpp:9:\n>> 17697    ./boost/thread/xtime.hpp:23:5: error: expected identifier before\n              numeric constant\n     17698         TIME_UTC=1\n     17699         ^~~~~~~~\n  >> 17700    ./boost/thread/xtime.hpp:23:5: error: expected '}' before numeric\n               constant\n     17701    In file included from ./boost/thread/pthread/mutex.hpp:14,",
    "17695                     from ./boost/locale/formatting.hpp:17,\n     17696                     from libs/locale/src/icu/formatter.cpp:9:\n  >> 17697    ./boost/thread/xtime.hpp:23:5: error: expected identifier before\n              numeric constant\n     17698         TIME_UTC=1\n     17699         ^~~~~~~~\n>> 17700    ./boost/thread/xtime.hpp:23:5: error: expected '}' before numeric\n               constant\n     17701    In file included from ./boost/thread/pthread/mutex.hpp:14,\n     17702                     from ./boost/thread/mutex.hpp:16,\n     17703                     from ./boost/thread/pthread/thread_data.hpp:12,\n     17704                     from ./boost/thread/thread.hpp:17,\n     17705                     from ./boost/thread.hpp:13,",
    "ude/c++/8/bits/basic_string.h:39,\n     17716                     from /usr/tce/packages/gcc/gcc-8.3.1/rh/usr/incl\n              ude/c++/8/string:52,\n     17717                     from ./boost/locale/time_zone.hpp:17,\n     17718                     from ./boost/locale/formatting.hpp:17,\n     17719                     from libs/locale/src/icu/formatter.cpp:9:\n>> 17720    ./boost/thread/xtime.hpp:23:5: error: expected unqualified-id bef\n              ore numeric constant\n     17721         TIME_UTC=1\n     17722         ^~~~~~~~\n     17723    In file included from ./boost/thread/pthread/mutex.hpp:14,\n     17724                     from ./boost/thread/mutex.hpp:16,\n     17725                     from ./boost/thread/pthread/thread_data.hpp:12,",
    "17725                     from ./boost/thread/pthread/thread_data.hpp:12,\n     17726                     from ./boost/thread/thread.hpp:17,\n     17727                     from ./boost/thread.hpp:13,\n     17728                     from libs/locale/src/icu/predefined_formatters.h\n              pp:14,\n     17729                     from libs/locale/src/icu/formatter.cpp:25:\n>> 17730    ./boost/thread/xtime.hpp:46:14: error: expected type-specifier be\n              fore 'system_time'\n     17731         operator system_time() const\n     17732                  ^~~~~~~~~~~\n     17733    In file included from ./boost/thread/pthread/mutex.hpp:14,\n     17734                     from ./boost/thread/mutex.hpp:16,\n     17735                     from ./boost/thread/pthread/thread_data.hpp:12,",
    "17737                     from ./boost/thread.hpp:13,\n     17738                     from libs/locale/src/icu/predefined_formatters.h\n              pp:14,\n     17739                     from libs/locale/src/icu/formatter.cpp:25:\n     17740    ./boost/thread/xtime.hpp: In function 'int xtime_get(xtime*, int)\n              ':\n>> 17741    ./boost/thread/xtime.hpp:73:24: error: 'get_system_time' was not\n              declared in this scope\n     17742             *xtp=get_xtime(get_system_time());\n     17743                            ^~~~~~~~~~~~~~~\n     17744    ./boost/thread/xtime.hpp:73:24: note: suggested alternative:\n     17745    In file included from ./boost/thread/locks.hpp:12,\n     17746                     from ./boost/thread/pthread/mutex.hpp:12,",
    "17759                     from ./boost/thread/thread.hpp:17,\n     17760                     from ./boost/thread.hpp:13,\n     17761                     from libs/locale/src/icu/predefined_formatters.h\n              pp:14,\n     17762                     from libs/locale/src/icu/formatter.cpp:25:\n     17763    ./boost/thread/xtime.hpp: At global scope:\n>> 17764    ./boost/thread/xtime.hpp:88:1: error: expected declaration before\n               '}' token\n     17765     } // namespace boost\n     17766     ^\n     17767\n     17768        \"/p/vast1/koparasy/BUILD/spack/lib/spack/env/gcc/g++\"  -ftemp\n              late-depth-128 -O3 -finline-functions -Wno-inline -Wall -pthread",
    "17774    In file included from ./boost/thread/detail/platform.hpp:17,\n     17775                     from ./boost/thread/thread.hpp:12,\n     17776                     from ./boost/thread.hpp:13,\n     17777                     from libs/locale/src/icu/predefined_formatters.h\n              pp:14,\n     17778                     from libs/locale/src/icu/numeric.cpp:18:\n>> 17779    ./boost/config/requires_threads.hpp:29:4: error: #error \"Threadin\n              g support unavaliable: it has been explicitly disabled with BOOST\n              _DISABLE_THREADS\"\n     17780     #  error \"Threading support unavaliable: it has been explicitly\n              disabled with BOOST_DISABLE_THREADS\"\n     17781        ^~~~~\n     17782    In file included from /usr/include/pthread.h:24,",
    "ude/c++/8/string:52,\n     17788                     from /usr/tce/packages/gcc/gcc-8.3.1/rh/usr/incl\n              ude/c++/8/bits/locale_classes.h:40,\n     17789                     from /usr/tce/packages/gcc/gcc-8.3.1/rh/usr/incl\n              ude/c++/8/locale:39,\n     17790                     from libs/locale/src/icu/numeric.cpp:9:\n>> 17791    ./boost/thread/xtime.hpp:23:5: error: expected identifier before\n              numeric constant\n     17792         TIME_UTC=1\n     17793         ^~~~~~~~\n  >> 17794    ./boost/thread/xtime.hpp:23:5: error: expected '}' before numeric\n               constant\n     17795    In file included from ./boost/thread/pthread/mutex.hpp:14,",
    "ude/c++/8/locale:39,\n     17790                     from libs/locale/src/icu/numeric.cpp:9:\n  >> 17791    ./boost/thread/xtime.hpp:23:5: error: expected identifier before\n              numeric constant\n     17792         TIME_UTC=1\n     17793         ^~~~~~~~\n>> 17794    ./boost/thread/xtime.hpp:23:5: error: expected '}' before numeric\n               constant\n     17795    In file included from ./boost/thread/pthread/mutex.hpp:14,\n     17796                     from ./boost/thread/mutex.hpp:16,\n     17797                     from ./boost/thread/pthread/thread_data.hpp:12,\n     17798                     from ./boost/thread/thread.hpp:17,\n     17799                     from ./boost/thread.hpp:13,",
    "ude/c++/8/string:52,\n     17811                     from /usr/tce/packages/gcc/gcc-8.3.1/rh/usr/incl\n              ude/c++/8/bits/locale_classes.h:40,\n     17812                     from /usr/tce/packages/gcc/gcc-8.3.1/rh/usr/incl\n              ude/c++/8/locale:39,\n     17813                     from libs/locale/src/icu/numeric.cpp:9:\n>> 17814    ./boost/thread/xtime.hpp:23:5: error: expected unqualified-id bef\n              ore numeric constant\n     17815         TIME_UTC=1\n     17816         ^~~~~~~~\n     17817    In file included from ./boost/thread/pthread/mutex.hpp:14,\n     17818                     from ./boost/thread/mutex.hpp:16,\n     17819                     from ./boost/thread/pthread/thread_data.hpp:12,",
    "17819                     from ./boost/thread/pthread/thread_data.hpp:12,\n     17820                     from ./boost/thread/thread.hpp:17,\n     17821                     from ./boost/thread.hpp:13,\n     17822                     from libs/locale/src/icu/predefined_formatters.h\n              pp:14,\n     17823                     from libs/locale/src/icu/numeric.cpp:18:\n>> 17824    ./boost/thread/xtime.hpp:46:14: error: expected type-specifier be\n              fore 'system_time'\n     17825         operator system_time() const\n     17826                  ^~~~~~~~~~~\n     17827    In file included from ./boost/thread/pthread/mutex.hpp:14,\n     17828                     from ./boost/thread/mutex.hpp:16,\n     17829                     from ./boost/thread/pthread/thread_data.hpp:12,",
    "17831                     from ./boost/thread.hpp:13,\n     17832                     from libs/locale/src/icu/predefined_formatters.h\n              pp:14,\n     17833                     from libs/locale/src/icu/numeric.cpp:18:\n     17834    ./boost/thread/xtime.hpp: In function 'int xtime_get(xtime*, int)\n              ':\n>> 17835    ./boost/thread/xtime.hpp:73:24: error: 'get_system_time' was not\n              declared in this scope\n     17836             *xtp=get_xtime(get_system_time());\n     17837                            ^~~~~~~~~~~~~~~\n     17838    ./boost/thread/xtime.hpp:73:24: note: suggested alternative:\n     17839    In file included from ./boost/thread/locks.hpp:12,\n     17840                     from ./boost/thread/pthread/mutex.hpp:12,",
    "17853                     from ./boost/thread/thread.hpp:17,\n     17854                     from ./boost/thread.hpp:13,\n     17855                     from libs/locale/src/icu/predefined_formatters.h\n              pp:14,\n     17856                     from libs/locale/src/icu/numeric.cpp:18:\n     17857    ./boost/thread/xtime.hpp: At global scope:\n>> 17858    ./boost/thread/xtime.hpp:88:1: error: expected declaration before\n               '}' token\n     17859     } // namespace boost\n     17860     ^\n     17861\n     17862        \"/p/vast1/koparasy/BUILD/spack/lib/spack/env/gcc/g++\"  -ftemp\n              late-depth-128 -O3 -finline-functions -Wno-inline -Wall -pthread",
    "ti/pthread\n     39368    gcc.compile.c++ bin.v2/libs/thread/build/gcc-8/release/threading-\n              multi/pthread/thread.o\n     39369    In file included from ./boost/thread/detail/platform.hpp:17,\n     39370                     from ./boost/thread/detail/config.hpp:20,\n     39371                     from libs/thread/src/pthread/thread.cpp:8:\n>> 39372    ./boost/config/requires_threads.hpp:29:4: error: #error \"Threadin\n              g support unavaliable: it has been explicitly disabled with BOOST\n              _DISABLE_THREADS\"\n     39373     #  error \"Threading support unavaliable: it has been explicitly\n              disabled with BOOST_DISABLE_THREADS\"\n     39374        ^~~~~\n     39375    In file included from /usr/include/pthread.h:24,",
    "39380                     from /usr/tce/packages/gcc/gcc-8.3.1/rh/usr/incl\n              ude/c++/8/string:52,\n     39381                     from ./boost/thread/exceptions.hpp:19,\n     39382                     from ./boost/thread/pthread/thread_data.hpp:9,\n     39383                     from ./boost/thread/thread.hpp:17,\n     39384                     from libs/thread/src/pthread/thread.cpp:10:\n>> 39385    ./boost/thread/xtime.hpp:23:5: error: expected identifier before\n              numeric constant\n     39386         TIME_UTC=1\n     39387         ^~~~~~~~\n  >> 39388    ./boost/thread/xtime.hpp:23:5: error: expected '}' before numeric\n               constant\n     39389    In file included from ./boost/thread/pthread/mutex.hpp:14,",
    "39383                     from ./boost/thread/thread.hpp:17,\n     39384                     from libs/thread/src/pthread/thread.cpp:10:\n  >> 39385    ./boost/thread/xtime.hpp:23:5: error: expected identifier before\n              numeric constant\n     39386         TIME_UTC=1\n     39387         ^~~~~~~~\n>> 39388    ./boost/thread/xtime.hpp:23:5: error: expected '}' before numeric\n               constant\n     39389    In file included from ./boost/thread/pthread/mutex.hpp:14,\n     39390                     from ./boost/thread/mutex.hpp:16,\n     39391                     from ./boost/thread/pthread/thread_data.hpp:12,\n     39392                     from ./boost/thread/thread.hpp:17,\n     39393                     from libs/thread/src/pthread/thread.cpp:10:",
    "39402                     from /usr/tce/packages/gcc/gcc-8.3.1/rh/usr/incl\n              ude/c++/8/string:52,\n     39403                     from ./boost/thread/exceptions.hpp:19,\n     39404                     from ./boost/thread/pthread/thread_data.hpp:9,\n     39405                     from ./boost/thread/thread.hpp:17,\n     39406                     from libs/thread/src/pthread/thread.cpp:10:\n>> 39407    ./boost/thread/xtime.hpp:23:5: error: expected unqualified-id bef\n              ore numeric constant\n     39408         TIME_UTC=1\n     39409         ^~~~~~~~\n     39410    In file included from ./boost/thread/pthread/mutex.hpp:14,\n     39411                     from ./boost/thread/mutex.hpp:16,\n     39412                     from ./boost/thread/pthread/thread_data.hpp:12,",
    "39409         ^~~~~~~~\n     39410    In file included from ./boost/thread/pthread/mutex.hpp:14,\n     39411                     from ./boost/thread/mutex.hpp:16,\n     39412                     from ./boost/thread/pthread/thread_data.hpp:12,\n     39413                     from ./boost/thread/thread.hpp:17,\n     39414                     from libs/thread/src/pthread/thread.cpp:10:\n>> 39415    ./boost/thread/xtime.hpp:46:14: error: expected type-specifier be\n              fore 'system_time'\n     39416         operator system_time() const\n     39417                  ^~~~~~~~~~~\n     39418    In file included from ./boost/thread/pthread/mutex.hpp:14,\n     39419                     from ./boost/thread/mutex.hpp:16,\n     39420                     from ./boost/thread/pthread/thread_data.hpp:12,",
    "39419                     from ./boost/thread/mutex.hpp:16,\n     39420                     from ./boost/thread/pthread/thread_data.hpp:12,\n     39421                     from ./boost/thread/thread.hpp:17,\n     39422                     from libs/thread/src/pthread/thread.cpp:10:\n     39423    ./boost/thread/xtime.hpp: In function 'int xtime_get(xtime*, int)\n              ':\n>> 39424    ./boost/thread/xtime.hpp:73:24: error: 'get_system_time' was not\n              declared in this scope\n     39425             *xtp=get_xtime(get_system_time());\n     39426                            ^~~~~~~~~~~~~~~\n     39427    ./boost/thread/xtime.hpp:73:24: note: suggested alternative:\n     39428    In file included from ./boost/thread/locks.hpp:12,\n     39429                     from ./boost/thread/pthread/mutex.hpp:12,",
    "39437    In file included from ./boost/thread/pthread/mutex.hpp:14,\n     39438                     from ./boost/thread/mutex.hpp:16,\n     39439                     from ./boost/thread/pthread/thread_data.hpp:12,\n     39440                     from ./boost/thread/thread.hpp:17,\n     39441                     from libs/thread/src/pthread/thread.cpp:10:\n     39442    ./boost/thread/xtime.hpp: At global scope:\n>> 39443    ./boost/thread/xtime.hpp:88:1: error: expected declaration before\n               '}' token\n     39444     } // namespace boost\n     39445     ^\n     39446\n     39447        \"/p/vast1/koparasy/BUILD/spack/lib/spack/env/gcc/g++\"  -ftemp\n              late-depth-128 -O3 -finline-functions -Wno-inline -Wall -pthread",
    "threading-multi/pthread/thread.o...\n     39450    gcc.compile.c++ bin.v2/libs/thread/build/gcc-8/release/threading-\n              multi/pthread/once.o\n     39451    In file included from ./boost/thread/detail/platform.hpp:17,\n     39452                     from ./boost/thread/once.hpp:12,\n     39453                     from libs/thread/src/pthread/once.cpp:7:\n>> 39454    ./boost/config/requires_threads.hpp:29:4: error: #error \"Threadin\n              g support unavaliable: it has been explicitly disabled with BOOST\n              _DISABLE_THREADS\"\n     39455     #  error \"Threading support unavaliable: it has been explicitly\n              disabled with BOOST_DISABLE_THREADS\"\n     39456        ^~~~~\n     39457",
    "42178                                                    ^~~\n     42179    gcc.compile.c++ bin.v2/libs/locale/build/gcc-8/release/threading-\n              multi/shared/date_time.o\n     42180    In file included from ./boost/thread/detail/platform.hpp:17,\n     42181                     from ./boost/thread/mutex.hpp:12,\n     42182                     from libs/locale/src/shared/date_time.cpp:11:\n>> 42183    ./boost/config/requires_threads.hpp:29:4: error: #error \"Threadin\n              g support unavaliable: it has been explicitly disabled with BOOST\n              _DISABLE_THREADS\"\n     42184     #  error \"Threading support unavaliable: it has been explicitly\n              disabled with BOOST_DISABLE_THREADS\"\n     42185        ^~~~~\n     42186    In file included from /usr/include/pthread.h:24,",
    "ude/c++/8/bits/locale_classes.h:40,\n     42193                     from /usr/tce/packages/gcc/gcc-8.3.1/rh/usr/incl\n              ude/c++/8/locale:39,\n     42194                     from ./boost/locale/date_time_facet.hpp:18,\n     42195                     from ./boost/locale/date_time.hpp:18,\n     42196                     from libs/locale/src/shared/date_time.cpp:9:\n>> 42197    ./boost/thread/xtime.hpp:23:5: error: expected identifier before\n              numeric constant\n     42198         TIME_UTC=1\n     42199         ^~~~~~~~\n  >> 42200    ./boost/thread/xtime.hpp:23:5: error: expected '}' before numeric\n               constant\n     42201    In file included from ./boost/thread/pthread/mutex.hpp:14,",
    "42195                     from ./boost/locale/date_time.hpp:18,\n     42196                     from libs/locale/src/shared/date_time.cpp:9:\n  >> 42197    ./boost/thread/xtime.hpp:23:5: error: expected identifier before\n              numeric constant\n     42198         TIME_UTC=1\n     42199         ^~~~~~~~\n>> 42200    ./boost/thread/xtime.hpp:23:5: error: expected '}' before numeric\n               constant\n     42201    In file included from ./boost/thread/pthread/mutex.hpp:14,\n     42202                     from ./boost/thread/mutex.hpp:16,\n     42203                     from libs/locale/src/shared/date_time.cpp:11:\n     42204    ./boost/thread/xtime.hpp:22:1: note: to match this '{'\n     42205     {",
    "ude/c++/8/bits/locale_classes.h:40,\n     42214                     from /usr/tce/packages/gcc/gcc-8.3.1/rh/usr/incl\n              ude/c++/8/locale:39,\n     42215                     from ./boost/locale/date_time_facet.hpp:18,\n     42216                     from ./boost/locale/date_time.hpp:18,\n     42217                     from libs/locale/src/shared/date_time.cpp:9:\n>> 42218    ./boost/thread/xtime.hpp:23:5: error: expected unqualified-id bef\n              ore numeric constant\n     42219         TIME_UTC=1\n     42220         ^~~~~~~~\n     42221    In file included from ./boost/thread/pthread/mutex.hpp:14,\n     42222                     from ./boost/thread/mutex.hpp:16,\n     42223                     from libs/locale/src/shared/date_time.cpp:11:",
    "ore numeric constant\n     42219         TIME_UTC=1\n     42220         ^~~~~~~~\n     42221    In file included from ./boost/thread/pthread/mutex.hpp:14,\n     42222                     from ./boost/thread/mutex.hpp:16,\n     42223                     from libs/locale/src/shared/date_time.cpp:11:\n>> 42224    ./boost/thread/xtime.hpp:46:14: error: expected type-specifier be\n              fore 'system_time'\n     42225         operator system_time() const\n     42226                  ^~~~~~~~~~~\n     42227    In file included from ./boost/thread/pthread/mutex.hpp:14,\n     42228                     from ./boost/thread/mutex.hpp:16,\n     42229                     from libs/locale/src/shared/date_time.cpp:11:",
    "42226                  ^~~~~~~~~~~\n     42227    In file included from ./boost/thread/pthread/mutex.hpp:14,\n     42228                     from ./boost/thread/mutex.hpp:16,\n     42229                     from libs/locale/src/shared/date_time.cpp:11:\n     42230    ./boost/thread/xtime.hpp: In function 'int xtime_get(xtime*, int)\n              ':\n>> 42231    ./boost/thread/xtime.hpp:73:24: error: 'get_system_time' was not\n              declared in this scope\n     42232             *xtp=get_xtime(get_system_time());\n     42233                            ^~~~~~~~~~~~~~~\n     42234    ./boost/thread/xtime.hpp:73:24: note: suggested alternative:\n     42235    In file included from ./boost/thread/locks.hpp:12,\n     42236                     from ./boost/thread/pthread/mutex.hpp:12,",
    "42240         inline system_time get_system_time()\n     42241                            ^~~~~~~~~~~~~~~\n     42242    In file included from ./boost/thread/pthread/mutex.hpp:14,\n     42243                     from ./boost/thread/mutex.hpp:16,\n     42244                     from libs/locale/src/shared/date_time.cpp:11:\n     42245    ./boost/thread/xtime.hpp: At global scope:\n>> 42246    ./boost/thread/xtime.hpp:88:1: error: expected declaration before\n               '}' token\n     42247     } // namespace boost\n     42248     ^\n     42249\n     42250        \"/p/vast1/koparasy/BUILD/spack/lib/spack/env/gcc/g++\"  -ftemp\n              late-depth-128 -O3 -finline-functions -Wno-inline -Wall -pthread",
    "multi/encoding/codepage.o\n     44397    gcc.compile.c++ bin.v2/libs/locale/build/gcc-8/release/threading-\n              multi/shared/generator.o\n     44398    In file included from ./boost/thread/detail/platform.hpp:17,\n     44399                     from ./boost/thread/mutex.hpp:12,\n     44400                     from libs/locale/src/shared/generator.cpp:16:\n>> 44401    ./boost/config/requires_threads.hpp:29:4: error: #error \"Threadin\n              g support unavaliable: it has been explicitly disabled with BOOST\n              _DISABLE_THREADS\"\n     44402     #  error \"Threading support unavaliable: it has been explicitly\n              disabled with BOOST_DISABLE_THREADS\"\n     44403        ^~~~~\n     44404    In file included from /usr/include/pthread.h:24,",
    "44408                     from /usr/tce/packages/gcc/gcc-8.3.1/rh/usr/incl\n              ude/c++/8/bits/basic_string.h:39,\n     44409                     from /usr/tce/packages/gcc/gcc-8.3.1/rh/usr/incl\n              ude/c++/8/string:52,\n     44410                     from ./boost/locale/generator.hpp:16,\n     44411                     from libs/locale/src/shared/generator.cpp:9:\n>> 44412    ./boost/thread/xtime.hpp:23:5: error: expected identifier before\n              numeric constant\n     44413         TIME_UTC=1\n     44414         ^~~~~~~~\n  >> 44415    ./boost/thread/xtime.hpp:23:5: error: expected '}' before numeric\n               constant\n     44416    In file included from ./boost/thread/pthread/mutex.hpp:14,",
    "44410                     from ./boost/locale/generator.hpp:16,\n     44411                     from libs/locale/src/shared/generator.cpp:9:\n  >> 44412    ./boost/thread/xtime.hpp:23:5: error: expected identifier before\n              numeric constant\n     44413         TIME_UTC=1\n     44414         ^~~~~~~~\n>> 44415    ./boost/thread/xtime.hpp:23:5: error: expected '}' before numeric\n               constant\n     44416    In file included from ./boost/thread/pthread/mutex.hpp:14,\n     44417                     from ./boost/thread/mutex.hpp:16,\n     44418                     from libs/locale/src/shared/generator.cpp:16:\n     44419    ./boost/thread/xtime.hpp:22:1: note: to match this '{'\n     44420     {",
    "44426                     from /usr/tce/packages/gcc/gcc-8.3.1/rh/usr/incl\n              ude/c++/8/bits/basic_string.h:39,\n     44427                     from /usr/tce/packages/gcc/gcc-8.3.1/rh/usr/incl\n              ude/c++/8/string:52,\n     44428                     from ./boost/locale/generator.hpp:16,\n     44429                     from libs/locale/src/shared/generator.cpp:9:\n>> 44430    ./boost/thread/xtime.hpp:23:5: error: expected unqualified-id bef\n              ore numeric constant\n     44431         TIME_UTC=1\n     44432         ^~~~~~~~\n     44433    In file included from ./boost/thread/pthread/mutex.hpp:14,\n     44434                     from ./boost/thread/mutex.hpp:16,\n     44435                     from libs/locale/src/shared/generator.cpp:16:",
    "ore numeric constant\n     44431         TIME_UTC=1\n     44432         ^~~~~~~~\n     44433    In file included from ./boost/thread/pthread/mutex.hpp:14,\n     44434                     from ./boost/thread/mutex.hpp:16,\n     44435                     from libs/locale/src/shared/generator.cpp:16:\n>> 44436    ./boost/thread/xtime.hpp:46:14: error: expected type-specifier be\n              fore 'system_time'\n     44437         operator system_time() const\n     44438                  ^~~~~~~~~~~\n     44439    In file included from ./boost/thread/pthread/mutex.hpp:14,\n     44440                     from ./boost/thread/mutex.hpp:16,\n     44441                     from libs/locale/src/shared/generator.cpp:16:",
    "44438                  ^~~~~~~~~~~\n     44439    In file included from ./boost/thread/pthread/mutex.hpp:14,\n     44440                     from ./boost/thread/mutex.hpp:16,\n     44441                     from libs/locale/src/shared/generator.cpp:16:\n     44442    ./boost/thread/xtime.hpp: In function 'int xtime_get(xtime*, int)\n              ':\n>> 44443    ./boost/thread/xtime.hpp:73:24: error: 'get_system_time' was not\n              declared in this scope\n     44444             *xtp=get_xtime(get_system_time());\n     44445                            ^~~~~~~~~~~~~~~\n     44446    ./boost/thread/xtime.hpp:73:24: note: suggested alternative:\n     44447    In file included from ./boost/thread/locks.hpp:12,\n     44448                     from ./boost/thread/pthread/mutex.hpp:12,",
    "44452         inline system_time get_system_time()\n     44453                            ^~~~~~~~~~~~~~~\n     44454    In file included from ./boost/thread/pthread/mutex.hpp:14,\n     44455                     from ./boost/thread/mutex.hpp:16,\n     44456                     from libs/locale/src/shared/generator.cpp:16:\n     44457    ./boost/thread/xtime.hpp: At global scope:\n>> 44458    ./boost/thread/xtime.hpp:88:1: error: expected declaration before\n               '}' token\n     44459     } // namespace boost\n     44460     ^\n     44461\n     44462        \"/p/vast1/koparasy/BUILD/spack/lib/spack/env/gcc/g++\"  -ftemp\n              late-depth-128 -O3 -finline-functions -Wno-inline -Wall -pthread",
    "44583    gcc.compile.c++ bin.v2/libs/locale/build/gcc-8/release/threading-\n              multi/shared/localization_backend.o\n     44584    In file included from ./boost/thread/detail/platform.hpp:17,\n     44585                     from ./boost/thread/mutex.hpp:12,\n     44586                     from libs/locale/src/shared/localization_backend\n              .cpp:11:\n>> 44587    ./boost/config/requires_threads.hpp:29:4: error: #error \"Threadin\n              g support unavaliable: it has been explicitly disabled with BOOST\n              _DISABLE_THREADS\"\n     44588     #  error \"Threading support unavaliable: it has been explicitly\n              disabled with BOOST_DISABLE_THREADS\"\n     44589        ^~~~~\n     44590    In file included from /usr/include/pthread.h:24,",
    "44595                     from /usr/tce/packages/gcc/gcc-8.3.1/rh/usr/incl\n              ude/c++/8/string:52,\n     44596                     from ./boost/locale/generator.hpp:16,\n     44597                     from ./boost/locale/localization_backend.hpp:11,\n     44598                     from libs/locale/src/shared/localization_backend\n              .cpp:9:\n>> 44599    ./boost/thread/xtime.hpp:23:5: error: expected identifier before\n              numeric constant\n     44600         TIME_UTC=1\n     44601         ^~~~~~~~\n  >> 44602    ./boost/thread/xtime.hpp:23:5: error: expected '}' before numeric\n               constant\n     44603    In file included from ./boost/thread/pthread/mutex.hpp:14,",
    "44598                     from libs/locale/src/shared/localization_backend\n              .cpp:9:\n  >> 44599    ./boost/thread/xtime.hpp:23:5: error: expected identifier before\n              numeric constant\n     44600         TIME_UTC=1\n     44601         ^~~~~~~~\n>> 44602    ./boost/thread/xtime.hpp:23:5: error: expected '}' before numeric\n               constant\n     44603    In file included from ./boost/thread/pthread/mutex.hpp:14,\n     44604                     from ./boost/thread/mutex.hpp:16,\n     44605                     from libs/locale/src/shared/localization_backend\n              .cpp:11:\n     44606    ./boost/thread/xtime.hpp:22:1: note: to match this '{'",
    "44614                     from /usr/tce/packages/gcc/gcc-8.3.1/rh/usr/incl\n              ude/c++/8/string:52,\n     44615                     from ./boost/locale/generator.hpp:16,\n     44616                     from ./boost/locale/localization_backend.hpp:11,\n     44617                     from libs/locale/src/shared/localization_backend\n              .cpp:9:\n>> 44618    ./boost/thread/xtime.hpp:23:5: error: expected unqualified-id bef\n              ore numeric constant\n     44619         TIME_UTC=1\n     44620         ^~~~~~~~\n     44621    In file included from ./boost/thread/pthread/mutex.hpp:14,\n     44622                     from ./boost/thread/mutex.hpp:16,\n     44623                     from libs/locale/src/shared/localization_backend",
    "44619         TIME_UTC=1\n     44620         ^~~~~~~~\n     44621    In file included from ./boost/thread/pthread/mutex.hpp:14,\n     44622                     from ./boost/thread/mutex.hpp:16,\n     44623                     from libs/locale/src/shared/localization_backend\n              .cpp:11:\n>> 44624    ./boost/thread/xtime.hpp:46:14: error: expected type-specifier be\n              fore 'system_time'\n     44625         operator system_time() const\n     44626                  ^~~~~~~~~~~\n     44627    In file included from ./boost/thread/pthread/mutex.hpp:14,\n     44628                     from ./boost/thread/mutex.hpp:16,\n     44629                     from libs/locale/src/shared/localization_backend",
    "44627    In file included from ./boost/thread/pthread/mutex.hpp:14,\n     44628                     from ./boost/thread/mutex.hpp:16,\n     44629                     from libs/locale/src/shared/localization_backend\n              .cpp:11:\n     44630    ./boost/thread/xtime.hpp: In function 'int xtime_get(xtime*, int)\n              ':\n>> 44631    ./boost/thread/xtime.hpp:73:24: error: 'get_system_time' was not\n              declared in this scope\n     44632             *xtp=get_xtime(get_system_time());\n     44633                            ^~~~~~~~~~~~~~~\n     44634    ./boost/thread/xtime.hpp:73:24: note: suggested alternative:\n     44635    In file included from ./boost/thread/locks.hpp:12,\n     44636                     from ./boost/thread/pthread/mutex.hpp:12,",
    "44641                            ^~~~~~~~~~~~~~~\n     44642    In file included from ./boost/thread/pthread/mutex.hpp:14,\n     44643                     from ./boost/thread/mutex.hpp:16,\n     44644                     from libs/locale/src/shared/localization_backend\n              .cpp:11:\n     44645    ./boost/thread/xtime.hpp: At global scope:\n>> 44646    ./boost/thread/xtime.hpp:88:1: error: expected declaration before\n               '}' token\n     44647     } // namespace boost\n     44648     ^\n     44649\n     44650        \"/p/vast1/koparasy/BUILD/spack/lib/spack/env/gcc/g++\"  -ftemp\n              late-depth-128 -O3 -finline-functions -Wno-inline -Wall -pthread",
    "44781    gcc.compile.c++ bin.v2/libs/locale/build/gcc-8/release/threading-\n              multi/icu/collator.o\n     44782    In file included from ./boost/thread/detail/platform.hpp:17,\n     44783                     from ./boost/thread/thread.hpp:12,\n     44784                     from ./boost/thread.hpp:13,\n     44785                     from libs/locale/src/icu/collator.cpp:11:\n>> 44786    ./boost/config/requires_threads.hpp:29:4: error: #error \"Threadin\n              g support unavaliable: it has been explicitly disabled with BOOST\n              _DISABLE_THREADS\"\n     44787     #  error \"Threading support unavaliable: it has been explicitly\n              disabled with BOOST_DISABLE_THREADS\"\n     44788        ^~~~~\n     44789    In file included from /usr/include/pthread.h:24,",
    "44795                     from /usr/tce/packages/gcc/gcc-8.3.1/rh/usr/incl\n              ude/c++/8/bits/locale_classes.h:40,\n     44796                     from /usr/tce/packages/gcc/gcc-8.3.1/rh/usr/incl\n              ude/c++/8/locale:39,\n     44797                     from ./boost/locale/collator.hpp:16,\n     44798                     from libs/locale/src/icu/collator.cpp:9:\n>> 44799    ./boost/thread/xtime.hpp:23:5: error: expected identifier before\n              numeric constant\n     44800         TIME_UTC=1\n     44801         ^~~~~~~~\n  >> 44802    ./boost/thread/xtime.hpp:23:5: error: expected '}' before numeric\n               constant\n     44803    In file included from ./boost/thread/pthread/mutex.hpp:14,",
    "44797                     from ./boost/locale/collator.hpp:16,\n     44798                     from libs/locale/src/icu/collator.cpp:9:\n  >> 44799    ./boost/thread/xtime.hpp:23:5: error: expected identifier before\n              numeric constant\n     44800         TIME_UTC=1\n     44801         ^~~~~~~~\n>> 44802    ./boost/thread/xtime.hpp:23:5: error: expected '}' before numeric\n               constant\n     44803    In file included from ./boost/thread/pthread/mutex.hpp:14,\n     44804                     from ./boost/thread/mutex.hpp:16,\n     44805                     from ./boost/thread/pthread/thread_data.hpp:12,\n     44806                     from ./boost/thread/thread.hpp:17,\n     44807                     from ./boost/thread.hpp:13,",
    "44818                     from /usr/tce/packages/gcc/gcc-8.3.1/rh/usr/incl\n              ude/c++/8/bits/locale_classes.h:40,\n     44819                     from /usr/tce/packages/gcc/gcc-8.3.1/rh/usr/incl\n              ude/c++/8/locale:39,\n     44820                     from ./boost/locale/collator.hpp:16,\n     44821                     from libs/locale/src/icu/collator.cpp:9:\n>> 44822    ./boost/thread/xtime.hpp:23:5: error: expected unqualified-id bef\n              ore numeric constant\n     44823         TIME_UTC=1\n     44824         ^~~~~~~~\n     44825    In file included from ./boost/thread/pthread/mutex.hpp:14,\n     44826                     from ./boost/thread/mutex.hpp:16,\n     44827                     from ./boost/thread/pthread/thread_data.hpp:12,",
    "44825    In file included from ./boost/thread/pthread/mutex.hpp:14,\n     44826                     from ./boost/thread/mutex.hpp:16,\n     44827                     from ./boost/thread/pthread/thread_data.hpp:12,\n     44828                     from ./boost/thread/thread.hpp:17,\n     44829                     from ./boost/thread.hpp:13,\n     44830                     from libs/locale/src/icu/collator.cpp:11:\n>> 44831    ./boost/thread/xtime.hpp:46:14: error: expected type-specifier be\n              fore 'system_time'\n     44832         operator system_time() const\n     44833                  ^~~~~~~~~~~\n     44834    In file included from ./boost/thread/pthread/mutex.hpp:14,\n     44835                     from ./boost/thread/mutex.hpp:16,\n     44836                     from ./boost/thread/pthread/thread_data.hpp:12,",
    "44836                     from ./boost/thread/pthread/thread_data.hpp:12,\n     44837                     from ./boost/thread/thread.hpp:17,\n     44838                     from ./boost/thread.hpp:13,\n     44839                     from libs/locale/src/icu/collator.cpp:11:\n     44840    ./boost/thread/xtime.hpp: In function 'int xtime_get(xtime*, int)\n              ':\n>> 44841    ./boost/thread/xtime.hpp:73:24: error: 'get_system_time' was not\n              declared in this scope\n     44842             *xtp=get_xtime(get_system_time());\n     44843                            ^~~~~~~~~~~~~~~\n     44844    ./boost/thread/xtime.hpp:73:24: note: suggested alternative:\n     44845    In file included from ./boost/thread/locks.hpp:12,\n     44846                     from ./boost/thread/pthread/mutex.hpp:12,",
    "44856                     from ./boost/thread/mutex.hpp:16,\n     44857                     from ./boost/thread/pthread/thread_data.hpp:12,\n     44858                     from ./boost/thread/thread.hpp:17,\n     44859                     from ./boost/thread.hpp:13,\n     44860                     from libs/locale/src/icu/collator.cpp:11:\n     44861    ./boost/thread/xtime.hpp: At global scope:\n>> 44862    ./boost/thread/xtime.hpp:88:1: error: expected declaration before\n               '}' token\n     44863     } // namespace boost\n     44864     ^\n     44865\n     44866        \"/p/vast1/koparasy/BUILD/spack/lib/spack/env/gcc/g++\"  -ftemp\n              late-depth-128 -O3 -finline-functions -Wno-inline -Wall -pthread",
    "44870    gcc.compile.c++ bin.v2/libs/locale/build/gcc-8/release/threading-\n              multi/icu/date_time.o\n     44871    In file included from ./boost/thread/detail/platform.hpp:17,\n     44872                     from ./boost/thread/thread.hpp:12,\n     44873                     from ./boost/thread.hpp:13,\n     44874                     from libs/locale/src/icu/date_time.cpp:14:\n>> 44875    ./boost/config/requires_threads.hpp:29:4: error: #error \"Threadin\n              g support unavaliable: it has been explicitly disabled with BOOST\n              _DISABLE_THREADS\"\n     44876     #  error \"Threading support unavaliable: it has been explicitly\n              disabled with BOOST_DISABLE_THREADS\"\n     44877        ^~~~~\n     44878    In file included from /usr/include/pthread.h:24,",
    "44884                     from /usr/tce/packages/gcc/gcc-8.3.1/rh/usr/incl\n              ude/c++/8/bits/locale_classes.h:40,\n     44885                     from /usr/tce/packages/gcc/gcc-8.3.1/rh/usr/incl\n              ude/c++/8/locale:39,\n     44886                     from ./boost/locale/date_time_facet.hpp:18,\n     44887                     from libs/locale/src/icu/date_time.cpp:9:\n>> 44888    ./boost/thread/xtime.hpp:23:5: error: expected identifier before\n              numeric constant\n     44889         TIME_UTC=1\n     44890         ^~~~~~~~\n  >> 44891    ./boost/thread/xtime.hpp:23:5: error: expected '}' before numeric\n               constant\n     44892    In file included from ./boost/thread/pthread/mutex.hpp:14,",
    "44886                     from ./boost/locale/date_time_facet.hpp:18,\n     44887                     from libs/locale/src/icu/date_time.cpp:9:\n  >> 44888    ./boost/thread/xtime.hpp:23:5: error: expected identifier before\n              numeric constant\n     44889         TIME_UTC=1\n     44890         ^~~~~~~~\n>> 44891    ./boost/thread/xtime.hpp:23:5: error: expected '}' before numeric\n               constant\n     44892    In file included from ./boost/thread/pthread/mutex.hpp:14,\n     44893                     from ./boost/thread/mutex.hpp:16,\n     44894                     from ./boost/thread/pthread/thread_data.hpp:12,\n     44895                     from ./boost/thread/thread.hpp:17,\n     44896                     from ./boost/thread.hpp:13,",
    "44907                     from /usr/tce/packages/gcc/gcc-8.3.1/rh/usr/incl\n              ude/c++/8/bits/locale_classes.h:40,\n     44908                     from /usr/tce/packages/gcc/gcc-8.3.1/rh/usr/incl\n              ude/c++/8/locale:39,\n     44909                     from ./boost/locale/date_time_facet.hpp:18,\n     44910                     from libs/locale/src/icu/date_time.cpp:9:\n>> 44911    ./boost/thread/xtime.hpp:23:5: error: expected unqualified-id bef\n              ore numeric constant\n     44912         TIME_UTC=1\n     44913         ^~~~~~~~\n     44914    In file included from ./boost/thread/pthread/mutex.hpp:14,\n     44915                     from ./boost/thread/mutex.hpp:16,\n     44916                     from ./boost/thread/pthread/thread_data.hpp:12,",
    "44914    In file included from ./boost/thread/pthread/mutex.hpp:14,\n     44915                     from ./boost/thread/mutex.hpp:16,\n     44916                     from ./boost/thread/pthread/thread_data.hpp:12,\n     44917                     from ./boost/thread/thread.hpp:17,\n     44918                     from ./boost/thread.hpp:13,\n     44919                     from libs/locale/src/icu/date_time.cpp:14:\n>> 44920    ./boost/thread/xtime.hpp:46:14: error: expected type-specifier be\n              fore 'system_time'\n     44921         operator system_time() const\n     44922                  ^~~~~~~~~~~\n     44923    In file included from ./boost/thread/pthread/mutex.hpp:14,\n     44924                     from ./boost/thread/mutex.hpp:16,\n     44925                     from ./boost/thread/pthread/thread_data.hpp:12,",
    "44925                     from ./boost/thread/pthread/thread_data.hpp:12,\n     44926                     from ./boost/thread/thread.hpp:17,\n     44927                     from ./boost/thread.hpp:13,\n     44928                     from libs/locale/src/icu/date_time.cpp:14:\n     44929    ./boost/thread/xtime.hpp: In function 'int xtime_get(xtime*, int)\n              ':\n>> 44930    ./boost/thread/xtime.hpp:73:24: error: 'get_system_time' was not\n              declared in this scope\n     44931             *xtp=get_xtime(get_system_time());\n     44932                            ^~~~~~~~~~~~~~~\n     44933    ./boost/thread/xtime.hpp:73:24: note: suggested alternative:\n     44934    In file included from ./boost/thread/locks.hpp:12,\n     44935                     from ./boost/thread/pthread/mutex.hpp:12,",
    "44945                     from ./boost/thread/mutex.hpp:16,\n     44946                     from ./boost/thread/pthread/thread_data.hpp:12,\n     44947                     from ./boost/thread/thread.hpp:17,\n     44948                     from ./boost/thread.hpp:13,\n     44949                     from libs/locale/src/icu/date_time.cpp:14:\n     44950    ./boost/thread/xtime.hpp: At global scope:\n>> 44951    ./boost/thread/xtime.hpp:88:1: error: expected declaration before\n               '}' token\n     44952     } // namespace boost\n     44953     ^\n     44954\n     44955        \"/p/vast1/koparasy/BUILD/spack/lib/spack/env/gcc/g++\"  -ftemp\n              late-depth-128 -O3 -finline-functions -Wno-inline -Wall -pthread",
    "44961    In file included from ./boost/thread/detail/platform.hpp:17,\n     44962                     from ./boost/thread/thread.hpp:12,\n     44963                     from ./boost/thread.hpp:13,\n     44964                     from libs/locale/src/icu/predefined_formatters.h\n              pp:14,\n     44965                     from libs/locale/src/icu/formatter.cpp:25:\n>> 44966    ./boost/config/requires_threads.hpp:29:4: error: #error \"Threadin\n              g support unavaliable: it has been explicitly disabled with BOOST\n              _DISABLE_THREADS\"\n     44967     #  error \"Threading support unavaliable: it has been explicitly\n              disabled with BOOST_DISABLE_THREADS\"\n     44968        ^~~~~\n     44969    In file included from /usr/include/pthread.h:24,",
    "ude/c++/8/bits/basic_string.h:39,\n     44974                     from /usr/tce/packages/gcc/gcc-8.3.1/rh/usr/incl\n              ude/c++/8/string:52,\n     44975                     from ./boost/locale/time_zone.hpp:17,\n     44976                     from ./boost/locale/formatting.hpp:17,\n     44977                     from libs/locale/src/icu/formatter.cpp:9:\n>> 44978    ./boost/thread/xtime.hpp:23:5: error: expected identifier before\n              numeric constant\n     44979         TIME_UTC=1\n     44980         ^~~~~~~~\n  >> 44981    ./boost/thread/xtime.hpp:23:5: error: expected '}' before numeric\n               constant\n     44982    In file included from ./boost/thread/pthread/mutex.hpp:14,",
    "44976                     from ./boost/locale/formatting.hpp:17,\n     44977                     from libs/locale/src/icu/formatter.cpp:9:\n  >> 44978    ./boost/thread/xtime.hpp:23:5: error: expected identifier before\n              numeric constant\n     44979         TIME_UTC=1\n     44980         ^~~~~~~~\n>> 44981    ./boost/thread/xtime.hpp:23:5: error: expected '}' before numeric\n               constant\n     44982    In file included from ./boost/thread/pthread/mutex.hpp:14,\n     44983                     from ./boost/thread/mutex.hpp:16,\n     44984                     from ./boost/thread/pthread/thread_data.hpp:12,\n     44985                     from ./boost/thread/thread.hpp:17,\n     44986                     from ./boost/thread.hpp:13,",
    "ude/c++/8/bits/basic_string.h:39,\n     44997                     from /usr/tce/packages/gcc/gcc-8.3.1/rh/usr/incl\n              ude/c++/8/string:52,\n     44998                     from ./boost/locale/time_zone.hpp:17,\n     44999                     from ./boost/locale/formatting.hpp:17,\n     45000                     from libs/locale/src/icu/formatter.cpp:9:\n>> 45001    ./boost/thread/xtime.hpp:23:5: error: expected unqualified-id bef\n              ore numeric constant\n     45002         TIME_UTC=1\n     45003         ^~~~~~~~\n     45004    In file included from ./boost/thread/pthread/mutex.hpp:14,\n     45005                     from ./boost/thread/mutex.hpp:16,\n     45006                     from ./boost/thread/pthread/thread_data.hpp:12,",
    "45006                     from ./boost/thread/pthread/thread_data.hpp:12,\n     45007                     from ./boost/thread/thread.hpp:17,\n     45008                     from ./boost/thread.hpp:13,\n     45009                     from libs/locale/src/icu/predefined_formatters.h\n              pp:14,\n     45010                     from libs/locale/src/icu/formatter.cpp:25:\n>> 45011    ./boost/thread/xtime.hpp:46:14: error: expected type-specifier be\n              fore 'system_time'\n     45012         operator system_time() const\n     45013                  ^~~~~~~~~~~\n     45014    In file included from ./boost/thread/pthread/mutex.hpp:14,\n     45015                     from ./boost/thread/mutex.hpp:16,\n     45016                     from ./boost/thread/pthread/thread_data.hpp:12,",
    "45018                     from ./boost/thread.hpp:13,\n     45019                     from libs/locale/src/icu/predefined_formatters.h\n              pp:14,\n     45020                     from libs/locale/src/icu/formatter.cpp:25:\n     45021    ./boost/thread/xtime.hpp: In function 'int xtime_get(xtime*, int)\n              ':\n>> 45022    ./boost/thread/xtime.hpp:73:24: error: 'get_system_time' was not\n              declared in this scope\n     45023             *xtp=get_xtime(get_system_time());\n     45024                            ^~~~~~~~~~~~~~~\n     45025    ./boost/thread/xtime.hpp:73:24: note: suggested alternative:\n     45026    In file included from ./boost/thread/locks.hpp:12,\n     45027                     from ./boost/thread/pthread/mutex.hpp:12,",
    "45040                     from ./boost/thread/thread.hpp:17,\n     45041                     from ./boost/thread.hpp:13,\n     45042                     from libs/locale/src/icu/predefined_formatters.h\n              pp:14,\n     45043                     from libs/locale/src/icu/formatter.cpp:25:\n     45044    ./boost/thread/xtime.hpp: At global scope:\n>> 45045    ./boost/thread/xtime.hpp:88:1: error: expected declaration before\n               '}' token\n     45046     } // namespace boost\n     45047     ^\n     45048\n     45049        \"/p/vast1/koparasy/BUILD/spack/lib/spack/env/gcc/g++\"  -ftemp\n              late-depth-128 -O3 -finline-functions -Wno-inline -Wall -pthread",
    "45054    In file included from ./boost/thread/detail/platform.hpp:17,\n     45055                     from ./boost/thread/thread.hpp:12,\n     45056                     from ./boost/thread.hpp:13,\n     45057                     from libs/locale/src/icu/predefined_formatters.h\n              pp:14,\n     45058                     from libs/locale/src/icu/numeric.cpp:18:\n>> 45059    ./boost/config/requires_threads.hpp:29:4: error: #error \"Threadin\n              g support unavaliable: it has been explicitly disabled with BOOST\n              _DISABLE_THREADS\"\n     45060     #  error \"Threading support unavaliable: it has been explicitly\n              disabled with BOOST_DISABLE_THREADS\"\n     45061        ^~~~~\n     45062    In file included from /usr/include/pthread.h:24,",
    "ude/c++/8/string:52,\n     45068                     from /usr/tce/packages/gcc/gcc-8.3.1/rh/usr/incl\n              ude/c++/8/bits/locale_classes.h:40,\n     45069                     from /usr/tce/packages/gcc/gcc-8.3.1/rh/usr/incl\n              ude/c++/8/locale:39,\n     45070                     from libs/locale/src/icu/numeric.cpp:9:\n>> 45071    ./boost/thread/xtime.hpp:23:5: error: expected identifier before\n              numeric constant\n     45072         TIME_UTC=1\n     45073         ^~~~~~~~\n  >> 45074    ./boost/thread/xtime.hpp:23:5: error: expected '}' before numeric\n               constant\n     45075    In file included from ./boost/thread/pthread/mutex.hpp:14,",
    "ude/c++/8/locale:39,\n     45070                     from libs/locale/src/icu/numeric.cpp:9:\n  >> 45071    ./boost/thread/xtime.hpp:23:5: error: expected identifier before\n              numeric constant\n     45072         TIME_UTC=1\n     45073         ^~~~~~~~\n>> 45074    ./boost/thread/xtime.hpp:23:5: error: expected '}' before numeric\n               constant\n     45075    In file included from ./boost/thread/pthread/mutex.hpp:14,\n     45076                     from ./boost/thread/mutex.hpp:16,\n     45077                     from ./boost/thread/pthread/thread_data.hpp:12,\n     45078                     from ./boost/thread/thread.hpp:17,\n     45079                     from ./boost/thread.hpp:13,",
    "ude/c++/8/string:52,\n     45091                     from /usr/tce/packages/gcc/gcc-8.3.1/rh/usr/incl\n              ude/c++/8/bits/locale_classes.h:40,\n     45092                     from /usr/tce/packages/gcc/gcc-8.3.1/rh/usr/incl\n              ude/c++/8/locale:39,\n     45093                     from libs/locale/src/icu/numeric.cpp:9:\n>> 45094    ./boost/thread/xtime.hpp:23:5: error: expected unqualified-id bef\n              ore numeric constant\n     45095         TIME_UTC=1\n     45096         ^~~~~~~~\n     45097    In file included from ./boost/thread/pthread/mutex.hpp:14,\n     45098                     from ./boost/thread/mutex.hpp:16,\n     45099                     from ./boost/thread/pthread/thread_data.hpp:12,",
    "45099                     from ./boost/thread/pthread/thread_data.hpp:12,\n     45100                     from ./boost/thread/thread.hpp:17,\n     45101                     from ./boost/thread.hpp:13,\n     45102                     from libs/locale/src/icu/predefined_formatters.h\n              pp:14,\n     45103                     from libs/locale/src/icu/numeric.cpp:18:\n>> 45104    ./boost/thread/xtime.hpp:46:14: error: expected type-specifier be\n              fore 'system_time'\n     45105         operator system_time() const\n     45106                  ^~~~~~~~~~~\n     45107    In file included from ./boost/thread/pthread/mutex.hpp:14,\n     45108                     from ./boost/thread/mutex.hpp:16,\n     45109                     from ./boost/thread/pthread/thread_data.hpp:12,",
    "45111                     from ./boost/thread.hpp:13,\n     45112                     from libs/locale/src/icu/predefined_formatters.h\n              pp:14,\n     45113                     from libs/locale/src/icu/numeric.cpp:18:\n     45114    ./boost/thread/xtime.hpp: In function 'int xtime_get(xtime*, int)\n              ':\n>> 45115    ./boost/thread/xtime.hpp:73:24: error: 'get_system_time' was not\n              declared in this scope\n     45116             *xtp=get_xtime(get_system_time());\n     45117                            ^~~~~~~~~~~~~~~\n     45118    ./boost/thread/xtime.hpp:73:24: note: suggested alternative:\n     45119    In file included from ./boost/thread/locks.hpp:12,\n     45120                     from ./boost/thread/pthread/mutex.hpp:12,",
    "45133                     from ./boost/thread/thread.hpp:17,\n     45134                     from ./boost/thread.hpp:13,\n     45135                     from libs/locale/src/icu/predefined_formatters.h\n              pp:14,\n     45136                     from libs/locale/src/icu/numeric.cpp:18:\n     45137    ./boost/thread/xtime.hpp: At global scope:\n>> 45138    ./boost/thread/xtime.hpp:88:1: error: expected declaration before\n               '}' token\n     45139     } // namespace boost\n     45140     ^\n     45141\n     45142        \"/p/vast1/koparasy/BUILD/spack/lib/spack/env/gcc/g++\"  -ftemp\n              late-depth-128 -O3 -finline-functions -Wno-inline -Wall -pthread"
]