[
    "inux-rhel7-broadwell/gcc-9.3.1/zlib-1.2.11-dtzzlwcy6jw7hjm7z2aip4eye\n           d2rizzu/include  -c linalg/hypre_parcsr.cpp -o linalg/hypre_parcsr.o\n     87    In file included from linalg/linalg.hpp:33,\n     88                     from linalg/sparsemat.cpp:14:\n     89    linalg/sundials.hpp: In member function 'void mfem::ARKODESolver::Se\n           tMaxStep(double)':\n>> 90    linalg/sundials.hpp:277:13: error: 'ARKodeSetMaxStep' was not declar\n           ed in this scope; did you mean 'CVodeSetMaxStep'?\n     91      277 |    { flag = ARKodeSetMaxStep(sundials_mem, dt_max); }\n     92          |             ^~~~~~~~~~~~~~~~\n     93          |             CVodeSetMaxStep\n     94    /p/vast1/koparasy/BUILD/head/spack/lib/spack/env/gcc/g++   -O3 -std=\n           c++11 -I/p/vast1/koparasy/BUILD/spack_cluster_installer/quartz/mfem/",
    "xfsqwg2a2mrzjtyenuynmy/include -I/p/vast1/koparasy/BUILD/spack_clust\n           er_installer/quartz/mfem/spack_env_dir/linux-rhel7-broadwell/gcc-9.3\n           .1/sundials-5.8.0-fjzqx5if33vj5mdhnsy5vpyasxhcfaup/include -I/p/vast\n           1/koparasy/BUILD/spack_cluster_installer/quartz/mfem/spack_env_dir/l\n           inux-rhel7-broadwell/gcc-9.3.1/zlib-1.2.11-dtzzlwcy6jw7hjm7z2aip4eye\n           d2rizzu/include  -c linalg/densemat.cpp -o linalg/densemat.o\n>> 96    make: *** [linalg/sparsemat.o] Error 1\n     97    make: *** Waiting for unfinished jobs....\n\nSee build log for details:\n  /var/tmp/koparasy/spack-stage/spack-stage-mfem-4.0.0-ultewjwqugqoj6fexb5w6j3pbtkb3eoh/spack-build-out.txt\n\nTraceback (most recent call last):"
]