[
    "ings -Wno-unused-parameter -Wstrict-prototypes -O2 -g -DNDEBUG -fPIC\n            -D_REENTRANT -MD -MT CMakeFiles/json-c.dir/json_object.c.o -MF CMak\n           eFiles/json-c.dir/json_object.c.o.d -o CMakeFiles/json-c.dir/json_ob\n           ject.c.o -c /var/tmp/koparasy/spack-stage/spack-stage-json-c-0.15-ht\n           cooavb3jkkqbmogn3vtnh6chqjmick/spack-src/json_object.c\n  >> 71    /var/tmp/koparasy/spack-stage/spack-stage-json-c-0.15-htcooavb3jkkqb\nmogn3vtnh6chqjmick/spack-src/json_object.c:39:2: error: #error \"The\n           long long type isn't 64-bits\"\n     72       39 | #error \"The long long type isn't 64-bits\"\n     73          |  ^~~~~\n  >> 74    make[2]: *** [CMakeFiles/json-c.dir/json_object.c.o] Error 1\n     75    make[2]: Leaving directory `/tmp/koparasy/spack-stage/spack-stage-js\n           on-c-0.15-htcooavb3jkkqbmogn3vtnh6chqjmick/spack-build-htcooav'",
    "cooavb3jkkqbmogn3vtnh6chqjmick/spack-src/json_object.c\n  >> 71    /var/tmp/koparasy/spack-stage/spack-stage-json-c-0.15-htcooavb3jkkqb\n           mogn3vtnh6chqjmick/spack-src/json_object.c:39:2: error: #error \"The\n           long long type isn't 64-bits\"\n     72       39 | #error \"The long long type isn't 64-bits\"\n     73          |  ^~~~~\n>> 74    make[2]: *** [CMakeFiles/json-c.dir/json_object.c.o] Error 1\n     75    make[2]: Leaving directory `/tmp/koparasy/spack-stage/spack-stage-js\n           on-c-0.15-htcooavb3jkkqbmogn3vtnh6chqjmick/spack-build-htcooav'\n  >> 76    make[1]: *** [CMakeFiles/json-c.dir/all] Error 2\n     77    make[1]: Leaving directory `/tmp/koparasy/spack-stage/spack-stage-js\n           on-c-0.15-htcooavb3jkkqbmogn3vtnh6chqjmick/spack-build-htcooav'\n  >> 78    make: *** [all] Error 2",
    "long long type isn't 64-bits\"\n     72       39 | #error \"The long long type isn't 64-bits\"\n     73          |  ^~~~~\n  >> 74    make[2]: *** [CMakeFiles/json-c.dir/json_object.c.o] Error 1\n     75    make[2]: Leaving directory `/tmp/koparasy/spack-stage/spack-stage-js\n           on-c-0.15-htcooavb3jkkqbmogn3vtnh6chqjmick/spack-build-htcooav'\n>> 76    make[1]: *** [CMakeFiles/json-c.dir/all] Error 2\n     77    make[1]: Leaving directory `/tmp/koparasy/spack-stage/spack-stage-js\n           on-c-0.15-htcooavb3jkkqbmogn3vtnh6chqjmick/spack-build-htcooav'\n  >> 78    make: *** [all] Error 2\n\nSee build log for details:\n  /var/tmp/koparasy/spack-stage/spack-stage-json-c-0.15-htcooavb3jkkqbmogn3vtnh6chqjmick/spack-build-out.txt",
    ">> 74    make[2]: *** [CMakeFiles/json-c.dir/json_object.c.o] Error 1\n     75    make[2]: Leaving directory `/tmp/koparasy/spack-stage/spack-stage-js\n           on-c-0.15-htcooavb3jkkqbmogn3vtnh6chqjmick/spack-build-htcooav'\n  >> 76    make[1]: *** [CMakeFiles/json-c.dir/all] Error 2\n     77    make[1]: Leaving directory `/tmp/koparasy/spack-stage/spack-stage-js\n           on-c-0.15-htcooavb3jkkqbmogn3vtnh6chqjmick/spack-build-htcooav'\n>> 78    make: *** [all] Error 2\n\nSee build log for details:\n  /var/tmp/koparasy/spack-stage/spack-stage-json-c-0.15-htcooavb3jkkqbmogn3vtnh6chqjmick/spack-build-out.txt\n\nTraceback (most recent call last):\n  File \"/p/vast1/koparasy/BUILD/head/spack/lib/spack/spack/build_environment.py\", line 1035, in _setup_pkg_and_run"
]