[
    "14494    /tmp/koparasy/spack-stage/spack-stage-llvm-amdgpu-4.3.1-dosacqvq7\n              gzgemcga3ifgbt2inv3rcrn/spack-build-dosacqv/include/c++/v1/varian\n              t: In member function 'void std::__1::__variant_detail::__impl<_T\n              ypes>::__swap(std::__1::__variant_detail::__impl<_Types>&)':\n  >> 14495    /tmp/koparasy/spack-stage/spack-stage-llvm-amdgpu-4.3.1-dosacqvq7\n              gzgemcga3ifgbt2inv3rcrn/spack-build-dosacqv/include/c++/v1/varian\nt:1114:10: error: expected '(' before 'constexpr'\n     14496           if constexpr (__all<is_nothrow_move_constructible_v<_Types\n              >...>::value) {\n     14497              ^~~~~~~~~\n  >> 14498    /tmp/koparasy/spack-stage/spack-stage-llvm-amdgpu-4.3.1-dosacqvq7\n              gzgemcga3ifgbt2inv3rcrn/spack-build-dosacqv/include/c++/v1/varian\n              t:1116:9: error: 'else' without a previous 'if'",
    "t:1114:10: error: expected '(' before 'constexpr'\n     14496           if constexpr (__all<is_nothrow_move_constructible_v<_Types\n              >...>::value) {\n     14497              ^~~~~~~~~\n  >> 14498    /tmp/koparasy/spack-stage/spack-stage-llvm-amdgpu-4.3.1-dosacqvq7\n              gzgemcga3ifgbt2inv3rcrn/spack-build-dosacqv/include/c++/v1/varian\nt:1116:9: error: 'else' without a previous 'if'\n     14499           } else {\n     14500             ^~~~\n     14501    /tmp/koparasy/spack-stage/spack-stage-llvm-amdgpu-4.3.1-dosacqvq7\n              gzgemcga3ifgbt2inv3rcrn/spack-build-dosacqv/include/c++/v1/varian\n              t: At global scope:\n  >> 14502    /tmp/koparasy/spack-stage/spack-stage-llvm-amdgpu-4.3.1-dosacqvq7",
    "14500             ^~~~\n     14501    /tmp/koparasy/spack-stage/spack-stage-llvm-amdgpu-4.3.1-dosacqvq7\n              gzgemcga3ifgbt2inv3rcrn/spack-build-dosacqv/include/c++/v1/varian\n              t: At global scope:\n  >> 14502    /tmp/koparasy/spack-stage/spack-stage-llvm-amdgpu-4.3.1-dosacqvq7\n              gzgemcga3ifgbt2inv3rcrn/spack-build-dosacqv/include/c++/v1/varian\nt:1194:26: error: parameter packs not expanded with '...':\n     14503       using _Bases::operator()...;\n     14504                              ^\n     14505    /tmp/koparasy/spack-stage/spack-stage-llvm-amdgpu-4.3.1-dosacqvq7\n              gzgemcga3ifgbt2inv3rcrn/spack-build-dosacqv/include/c++/v1/varian\n              t:1194:26: note:         '_Bases'\n  >> 14506    /tmp/koparasy/spack-stage/spack-stage-llvm-amdgpu-4.3.1-dosacqvq7",
    "14504                              ^\n     14505    /tmp/koparasy/spack-stage/spack-stage-llvm-amdgpu-4.3.1-dosacqvq7\n              gzgemcga3ifgbt2inv3rcrn/spack-build-dosacqv/include/c++/v1/varian\n              t:1194:26: note:         '_Bases'\n  >> 14506    /tmp/koparasy/spack-stage/spack-stage-llvm-amdgpu-4.3.1-dosacqvq7\n              gzgemcga3ifgbt2inv3rcrn/spack-build-dosacqv/include/c++/v1/varian\nt:1194:27: error: expected ';' before '...' token\n     14507       using _Bases::operator()...;\n     14508                               ^~~\n  >> 14509    /tmp/koparasy/spack-stage/spack-stage-llvm-amdgpu-4.3.1-dosacqvq7\n              gzgemcga3ifgbt2inv3rcrn/spack-build-dosacqv/include/c++/v1/varian\n              t:1194:27: error: expected unqualified-id before '...' token\n     14510    In file included from /tmp/koparasy/spack-stage/spack-stage-llvm-",
    "gzgemcga3ifgbt2inv3rcrn/spack-build-dosacqv/include/c++/v1/varian\n              t:1194:27: error: expected ';' before '...' token\n     14507       using _Bases::operator()...;\n     14508                               ^~~\n  >> 14509    /tmp/koparasy/spack-stage/spack-stage-llvm-amdgpu-4.3.1-dosacqvq7\n              gzgemcga3ifgbt2inv3rcrn/spack-build-dosacqv/include/c++/v1/varian\nt:1194:27: error: expected unqualified-id before '...' token\n     14510    In file included from /tmp/koparasy/spack-stage/spack-stage-llvm-\n              amdgpu-4.3.1-dosacqvq7gzgemcga3ifgbt2inv3rcrn/spack-build-dosacqv\n              /include/c++/v1/memory:682:0,\n     14511                     from /tmp/koparasy/spack-stage/spack-stage-llvm-\n              amdgpu-4.3.1-dosacqvq7gzgemcga3ifgbt2inv3rcrn/spack-build-dosacqv\n              /include/c++/v1/algorithm:653,",
    "24298           ^~~~~~~~~~~~~~~~~~~~~\n     24299    cc1plus: warning: unrecognized command line option '-Wno-noexcept\n              -type'\n     24300    make[5]: Leaving directory `/tmp/koparasy/spack-stage/spack-stage\n              -llvm-amdgpu-4.3.1-dosacqvq7gzgemcga3ifgbt2inv3rcrn/spack-build-d\n              osacqv/projects/compiler-rt/lib/fuzzer/libcxx_fuzzer_x86_64-bins'\n>> 24301    make[4]: *** [cxx/src/CMakeFiles/cxx_static.dir/all] Error 2\n     24302    make[4]: Leaving directory `/tmp/koparasy/spack-stage/spack-stage\n              -llvm-amdgpu-4.3.1-dosacqvq7gzgemcga3ifgbt2inv3rcrn/spack-build-d\n              osacqv/projects/compiler-rt/lib/fuzzer/libcxx_fuzzer_x86_64-bins'\n  >> 24303    make[3]: *** [all] Error 2\n     24304    make[3]: Leaving directory `/tmp/koparasy/spack-stage/spack-stage\n              -llvm-amdgpu-4.3.1-dosacqvq7gzgemcga3ifgbt2inv3rcrn/spack-build-d",
    "-llvm-amdgpu-4.3.1-dosacqvq7gzgemcga3ifgbt2inv3rcrn/spack-build-d\n              osacqv/projects/compiler-rt/lib/fuzzer/libcxx_fuzzer_x86_64-bins'\n  >> 24301    make[4]: *** [cxx/src/CMakeFiles/cxx_static.dir/all] Error 2\n     24302    make[4]: Leaving directory `/tmp/koparasy/spack-stage/spack-stage\n              -llvm-amdgpu-4.3.1-dosacqvq7gzgemcga3ifgbt2inv3rcrn/spack-build-d\n              osacqv/projects/compiler-rt/lib/fuzzer/libcxx_fuzzer_x86_64-bins'\n>> 24303    make[3]: *** [all] Error 2\n     24304    make[3]: Leaving directory `/tmp/koparasy/spack-stage/spack-stage\n              -llvm-amdgpu-4.3.1-dosacqvq7gzgemcga3ifgbt2inv3rcrn/spack-build-d\n              osacqv/projects/compiler-rt/lib/fuzzer/libcxx_fuzzer_x86_64-bins'\n  >> 24305    make[2]: *** [projects/compiler-rt/lib/fuzzer/libcxx_fuzzer_x86_6\n              4-stamps/libcxx_fuzzer_x86_64-build] Error 2\n     24306    make[2]: Leaving directory `/tmp/koparasy/spack-stage/spack-stage",
    "-llvm-amdgpu-4.3.1-dosacqvq7gzgemcga3ifgbt2inv3rcrn/spack-build-d\n              osacqv'\n     24390    [ 18%] Built target LLVMSupport\n     24391    make[1]: Leaving directory `/tmp/koparasy/spack-stage/spack-stage\n              -llvm-amdgpu-4.3.1-dosacqvq7gzgemcga3ifgbt2inv3rcrn/spack-build-d\n              osacqv'\n>> 24392    make: *** [all] Error 2\n\nSee build log for details:\n  /var/tmp/koparasy/spack-stage/spack-stage-llvm-amdgpu-4.3.1-dosacqvq7gzgemcga3ifgbt2inv3rcrn/spack-build-out.txt\n\nTraceback (most recent call last):\n  File \"/p/vast1/koparasy/BUILD/head/spack/lib/spack/spack/build_environment.py\", line 1035, in _setup_pkg_and_run",
    "16 errors found in build log:\n     14489                     from /tmp/koparasy/spack-stage/spack-stage-llvm-\n              amdgpu-4.3.1-dosacqvq7gzgemcga3ifgbt2inv3rcrn/spack-src/libcxxabi\n              /src/fallback_malloc.cpp:9:\n     14490    /tmp/koparasy/spack-stage/spack-stage-llvm-amdgpu-4.3.1-dosacqvq7\n              gzgemcga3ifgbt2inv3rcrn/spack-src/libcxxabi/include/__cxxabi_conf\nig.h:96:44: warning: \"__EXCEPTIONS\" is not defined [-Wundef]\n     14491     #elif defined(_LIBCXXABI_COMPILER_GCC) && !__EXCEPTIONS\n     14492                                                ^~~~~~~~~~~~\n     14493    In file included from /tmp/koparasy/spack-stage/spack-stage-llvm-\n              amdgpu-4.3.1-dosacqvq7gzgemcga3ifgbt2inv3rcrn/spack-src/libcxx/sr\n              c/variant.cpp:9:0:\n     14494    /tmp/koparasy/spack-stage/spack-stage-llvm-amdgpu-4.3.1-dosacqvq7",
    "14709     void __do_deallocate_handle_size(void *__ptr, size_t __size, _Ar\n              gs ...__args) {\n     14710          ^~~~~~~~~~~~~~~~~~~~~~~~~~~\n     14711    /tmp/koparasy/spack-stage/spack-stage-llvm-amdgpu-4.3.1-dosacqvq7\n              gzgemcga3ifgbt2inv3rcrn/spack-build-dosacqv/include/c++/v1/new:23\n3:7: warning: always_inline function might not be inlinable [-Wat\n              tributes]\n     14712     void* __libcpp_operator_new(_Args ...__args) {\n     14713           ^~~~~~~~~~~~~~~~~~~~~\n     14714    cc1plus: warning: unrecognized command line option '-Wno-noexcept\n              -type'\n  >> 14715    make[2]: *** [projects/libcxx/src/CMakeFiles/cxx_static.dir/varia",
    "14711    /tmp/koparasy/spack-stage/spack-stage-llvm-amdgpu-4.3.1-dosacqvq7\n              gzgemcga3ifgbt2inv3rcrn/spack-build-dosacqv/include/c++/v1/new:23\n              3:7: warning: always_inline function might not be inlinable [-Wat\n              tributes]\n     14712     void* __libcpp_operator_new(_Args ...__args) {\n     14713           ^~~~~~~~~~~~~~~~~~~~~\n14714    cc1plus: warning: unrecognized command line option '-Wno-noexcept\n              -type'\n  >> 14715    make[2]: *** [projects/libcxx/src/CMakeFiles/cxx_static.dir/varia\n              nt.cpp.o] Error 1\n     14716    make[2]: *** Waiting for unfinished jobs....\n     14717    make[5]: Entering directory `/tmp/koparasy/spack-stage/spack-stag\n              e-llvm-amdgpu-4.3.1-dosacqvq7gzgemcga3ifgbt2inv3rcrn/spack-build-",
    "14717    make[5]: Entering directory `/tmp/koparasy/spack-stage/spack-stag\n              e-llvm-amdgpu-4.3.1-dosacqvq7gzgemcga3ifgbt2inv3rcrn/spack-build-\n              dosacqv/projects/compiler-rt/lib/fuzzer/libcxx_fuzzer_x86_64-bins\n              '\n     14718    /tmp/koparasy/spack-stage/spack-stage-llvm-amdgpu-4.3.1-dosacqvq7\n              gzgemcga3ifgbt2inv3rcrn/spack-src/libcxxabi/src/fallback_malloc.c\npp:73:34: warning: dereferencing type-punned pointer will break s\n              trict-aliasing rules [-Wstrict-aliasing]\n     14719         (heap_node*)(&heap[HEAP_SIZE]); // one past the end of the h\n              eap\n     14720                                      ^\n     14721    /tmp/koparasy/spack-stage/spack-stage-llvm-amdgpu-4.3.1-dosacqvq7\n              gzgemcga3ifgbt2inv3rcrn/spack-src/libcxxabi/src/fallback_malloc.c",
    "osacqv/projects/compiler-rt/lib/fuzzer/libcxx_fuzzer_x86_64-bins'\n     14727    make[5]: Entering directory `/tmp/koparasy/spack-stage/spack-stag\n              e-llvm-amdgpu-4.3.1-dosacqvq7gzgemcga3ifgbt2inv3rcrn/spack-build-\n              dosacqv/projects/compiler-rt/lib/fuzzer/libcxx_fuzzer_x86_64-bins\n              '\n     14728    [  8%] Generating ../__generated_config\n14729    cc1plus: warning: unrecognized command line option '-Wno-noexcept\n              -type'\n     14730    make[2]: Leaving directory `/tmp/koparasy/spack-stage/spack-stage\n              -llvm-amdgpu-4.3.1-dosacqvq7gzgemcga3ifgbt2inv3rcrn/spack-build-d\n              osacqv'\n  >> 14731    make[1]: *** [projects/libcxx/src/CMakeFiles/cxx_static.dir/all]\n              Error 2",
    "r/stdlib_new_delete.cpp.o\n     14735    In file included from /tmp/koparasy/spack-stage/spack-stage-llvm-\n              amdgpu-4.3.1-dosacqvq7gzgemcga3ifgbt2inv3rcrn/spack-src/libcxxabi\n              /src/stdlib_new_delete.cpp:11:0:\n     14736    /tmp/koparasy/spack-stage/spack-stage-llvm-amdgpu-4.3.1-dosacqvq7\n              gzgemcga3ifgbt2inv3rcrn/spack-src/libcxxabi/include/__cxxabi_conf\nig.h:96:44: warning: \"__EXCEPTIONS\" is not defined [-Wundef]\n     14737     #elif defined(_LIBCXXABI_COMPILER_GCC) && !__EXCEPTIONS\n\n     ...\n\n     23867                     from /tmp/koparasy/spack-stage/spack-stage-llvm-\n              amdgpu-4.3.1-dosacqvq7gzgemcga3ifgbt2inv3rcrn/spack-src/libcxx/sr",
    "...\n\n     24295          ^~~~~~~~~~~~~~~~~~~~~~~~~~~\n     24296    /tmp/koparasy/spack-stage/spack-stage-llvm-amdgpu-4.3.1-dosacqvq7\n              gzgemcga3ifgbt2inv3rcrn/spack-build-dosacqv/projects/compiler-rt/\nlib/fuzzer/libcxx_fuzzer_x86_64/include/c++/v1/new:233:7: warning\n              : always_inline function might not be inlinable [-Wattributes]\n     24297     void* __libcpp_operator_new(_Args ...__args) {\n     24298           ^~~~~~~~~~~~~~~~~~~~~\n     24299    cc1plus: warning: unrecognized command line option '-Wno-noexcept\n              -type'\n     24300    make[5]: Leaving directory `/tmp/koparasy/spack-stage/spack-stage",
    "24296    /tmp/koparasy/spack-stage/spack-stage-llvm-amdgpu-4.3.1-dosacqvq7\n              gzgemcga3ifgbt2inv3rcrn/spack-build-dosacqv/projects/compiler-rt/\n              lib/fuzzer/libcxx_fuzzer_x86_64/include/c++/v1/new:233:7: warning\n              : always_inline function might not be inlinable [-Wattributes]\n     24297     void* __libcpp_operator_new(_Args ...__args) {\n     24298           ^~~~~~~~~~~~~~~~~~~~~\n24299    cc1plus: warning: unrecognized command line option '-Wno-noexcept\n              -type'\n     24300    make[5]: Leaving directory `/tmp/koparasy/spack-stage/spack-stage\n              -llvm-amdgpu-4.3.1-dosacqvq7gzgemcga3ifgbt2inv3rcrn/spack-build-d\n              osacqv/projects/compiler-rt/lib/fuzzer/libcxx_fuzzer_x86_64-bins'\n  >> 24301    make[4]: *** [cxx/src/CMakeFiles/cxx_static.dir/all] Error 2\n     24302    make[4]: Leaving directory `/tmp/koparasy/spack-stage/spack-stage"
]