[
    "tkr.so /p/vast1/koparasy/BUILD/spack_cluster_installer/quartz/ascen\n            t/spack_env_dir/linux-rhel7-broadwell/gcc-8.3.1/openmpi-4.1.2-g2lj2\n            wqwnnddccx2xla7rbusoyva53ec/lib/libmpi_mpifh.so\n     351    /p/vast1/koparasy/BUILD/spack_cluster_installer/quartz/ascent/spack\n            _env_dir/linux-rhel7-broadwell/gcc-8.3.1/hwloc-2.6.0-a4t2t4p2u2xwo6\n            y3rn4fwf4cwboasekt/lib: file not recognized: Is a directory\n>> 352    collect2: error: ld returned 1 exit status\n  >> 353    make[2]: *** [tests/blt_mpi_smoke] Error 1\n     354    make[2]: Leaving directory `/tmp/koparasy/spack-stage/spack-stage-c\n            onduit-0.5.0-2qm6h4mf756aq4f5irrywwzzlado2dh2/spack-build-2qm6h4m'\n  >> 355    make[1]: *** [blt/tests/smoke/CMakeFiles/blt_mpi_smoke.dir/all] Err\n            or 2\n     356    make[1]: *** Waiting for unfinished jobs....",
    "t/spack_env_dir/linux-rhel7-broadwell/gcc-8.3.1/openmpi-4.1.2-g2lj2\n            wqwnnddccx2xla7rbusoyva53ec/lib/libmpi_mpifh.so\n     351    /p/vast1/koparasy/BUILD/spack_cluster_installer/quartz/ascent/spack\n            _env_dir/linux-rhel7-broadwell/gcc-8.3.1/hwloc-2.6.0-a4t2t4p2u2xwo6\n            y3rn4fwf4cwboasekt/lib: file not recognized: Is a directory\n  >> 352    collect2: error: ld returned 1 exit status\n>> 353    make[2]: *** [tests/blt_mpi_smoke] Error 1\n     354    make[2]: Leaving directory `/tmp/koparasy/spack-stage/spack-stage-c\n            onduit-0.5.0-2qm6h4mf756aq4f5irrywwzzlado2dh2/spack-build-2qm6h4m'\n  >> 355    make[1]: *** [blt/tests/smoke/CMakeFiles/blt_mpi_smoke.dir/all] Err\n            or 2\n     356    make[1]: *** Waiting for unfinished jobs....\n     357    [  4%] Building C object thirdparty_builtin/libyaml-690a781/CMakeFi",
    "s/gtest.dir/src/gtest-all.cc.o  -pthread\n     384    make[2]: Leaving directory `/tmp/koparasy/spack-stage/spack-stage-c\n            onduit-0.5.0-2qm6h4mf756aq4f5irrywwzzlado2dh2/spack-build-2qm6h4m'\n     385    [  7%] Built target gtest\n     386    make[1]: Leaving directory `/tmp/koparasy/spack-stage/spack-stage-c\n            onduit-0.5.0-2qm6h4mf756aq4f5irrywwzzlado2dh2/spack-build-2qm6h4m'\n>> 387    make: *** [all] Error 2\n\nSee build log for details:\n  /var/tmp/koparasy/spack-stage/spack-stage-conduit-0.5.0-2qm6h4mf756aq4f5irrywwzzlado2dh2/spack-build-out.txt\n\nTraceback (most recent call last):\n  File \"/p/vast1/koparasy/BUILD/spack/lib/spack/spack/build_environment.py\", line 1035, in _setup_pkg_and_run"
]