[
    "2qwna6r5j7gsjzyj5smrojsggttnt/spack-src/src/blas/impl/KokkosBlas1_a\n            xpby_impl.hpp: In constructor 'KokkosBlas::Impl::Axpby_Functor<AV,\n            XV, BV, YV, scalar_x, scalar_y, SizeType>::Axpby_Functor(const XV&,\n             const YV&, const AV&, const BV&, SizeType)':\n  >> 84     /var/tmp/koparasy/spack-stage/spack-stage-kokkos-kernels-3.0.00-ere\n            2qwna6r5j7gsjzyj5smrojsggttnt/spack-src/src/blas/impl/KokkosBlas1_a\nxpby_impl.hpp:101:34: error: 'is_same' is not a member of 'Kokkos::\n            Impl'; did you mean 'std::is_same'?\n     85       101 |     static_assert (Kokkos::Impl::is_same<typename YV::value\n            _type,\n     86           |                                  ^~~~~~~\n     87     In file included from /p/vast1/koparasy/BUILD/spack_cluster_install\n            er/quartz/kokkos-kernels/spack_env_dir/linux-rhel7-broadwell/gcc-9.",
    "96                      from /var/tmp/koparasy/spack-stage/spack-stage-kok\n            kos-kernels-3.0.00-ere2qwna6r5j7gsjzyj5smrojsggttnt/spack-src/src/i\n            mpl/generated_specializations_cpp/axpby/KokkosBlas1_axpby_eti_spec_\n            inst_dbl_LayoutLeft_Serial_HostSpace.cpp:52:\n  >> 97     /var/tmp/koparasy/spack-stage/spack-stage-kokkos-kernels-3.0.00-ere\n            2qwna6r5j7gsjzyj5smrojsggttnt/spack-src/src/blas/impl/KokkosBlas1_a\nxpby_impl.hpp:101:65: error: expected '(' before ',' token\n     98       101 |     static_assert (Kokkos::Impl::is_same<typename YV::value\n            _type,\n     99           |\n                 ^\n     100          |\n                 (",
    "99           |\n                 ^\n     100          |\n                 (\n  >> 101    /var/tmp/koparasy/spack-stage/spack-stage-kokkos-kernels-3.0.00-ere\n            2qwna6r5j7gsjzyj5smrojsggttnt/spack-src/src/blas/impl/KokkosBlas1_a\nxpby_impl.hpp:102:20: error: expected string-literal before 'typena\n            me'\n     102      102 |                    typename YV::non_const_value_type>::valu\n            e,\n     103          |                    ^~~~~~~~\n  >> 104    /var/tmp/koparasy/spack-stage/spack-stage-kokkos-kernels-3.0.00-ere\n            2qwna6r5j7gsjzyj5smrojsggttnt/spack-src/src/blas/impl/KokkosBlas1_a",
    "me'\n     102      102 |                    typename YV::non_const_value_type>::valu\n            e,\n     103          |                    ^~~~~~~~\n  >> 104    /var/tmp/koparasy/spack-stage/spack-stage-kokkos-kernels-3.0.00-ere\n            2qwna6r5j7gsjzyj5smrojsggttnt/spack-src/src/blas/impl/KokkosBlas1_a\nxpby_impl.hpp:101:66: error: expected ')' before 'typename'\n     105      101 |     static_assert (Kokkos::Impl::is_same<typename YV::value\n            _type,\n     106          |                   ~\n                  ^\n     107          |\n                  )",
    "name XV::non_const_value_type, XV, typename YV::non_const_value_typ\n            e, YV, scalar_x, scalar_y, SizeType>::Axpby_Functor(const XV&, cons\n            t YV&, const typename XV::non_const_value_type&, const typename YV:\n            :non_const_value_type&, SizeType)':\n  >> 111    /var/tmp/koparasy/spack-stage/spack-stage-kokkos-kernels-3.0.00-ere\n            2qwna6r5j7gsjzyj5smrojsggttnt/spack-src/src/blas/impl/KokkosBlas1_a\nxpby_impl.hpp:235:34: error: 'is_same' is not a member of 'Kokkos::\n            Impl'; did you mean 'std::is_same'?\n     112      235 |     static_assert (Kokkos::Impl::is_same<typename YV::value\n            _type,\n     113          |                                  ^~~~~~~\n     114    In file included from /p/vast1/koparasy/BUILD/spack_cluster_install\n            er/quartz/kokkos-kernels/spack_env_dir/linux-rhel7-broadwell/gcc-9.",
    "123                     from /var/tmp/koparasy/spack-stage/spack-stage-kok\n            kos-kernels-3.0.00-ere2qwna6r5j7gsjzyj5smrojsggttnt/spack-src/src/i\n            mpl/generated_specializations_cpp/axpby/KokkosBlas1_axpby_eti_spec_\n            inst_dbl_LayoutLeft_Serial_HostSpace.cpp:52:\n  >> 124    /var/tmp/koparasy/spack-stage/spack-stage-kokkos-kernels-3.0.00-ere\n            2qwna6r5j7gsjzyj5smrojsggttnt/spack-src/src/blas/impl/KokkosBlas1_a\nxpby_impl.hpp:235:65: error: expected '(' before ',' token\n     125      235 |     static_assert (Kokkos::Impl::is_same<typename YV::value\n            _type,\n     126          |\n                 ^\n     127          |\n                 (",
    "126          |\n                 ^\n     127          |\n                 (\n  >> 128    /var/tmp/koparasy/spack-stage/spack-stage-kokkos-kernels-3.0.00-ere\n            2qwna6r5j7gsjzyj5smrojsggttnt/spack-src/src/blas/impl/KokkosBlas1_a\nxpby_impl.hpp:236:20: error: expected string-literal before 'typena\n            me'\n     129      236 |                    typename YV::non_const_value_type>::valu\n            e,\n     130          |                    ^~~~~~~~\n  >> 131    /var/tmp/koparasy/spack-stage/spack-stage-kokkos-kernels-3.0.00-ere\n            2qwna6r5j7gsjzyj5smrojsggttnt/spack-src/src/blas/impl/KokkosBlas1_a",
    "me'\n     129      236 |                    typename YV::non_const_value_type>::valu\n            e,\n     130          |                    ^~~~~~~~\n  >> 131    /var/tmp/koparasy/spack-stage/spack-stage-kokkos-kernels-3.0.00-ere\n            2qwna6r5j7gsjzyj5smrojsggttnt/spack-src/src/blas/impl/KokkosBlas1_a\nxpby_impl.hpp:235:66: error: expected ')' before 'typename'\n     132      235 |     static_assert (Kokkos::Impl::is_same<typename YV::value\n            _type,\n     133          |                   ~\n                  ^\n     134          |\n                  )",
    "137    /var/tmp/koparasy/spack-stage/spack-stage-kokkos-kernels-3.0.00-ere\n            2qwna6r5j7gsjzyj5smrojsggttnt/spack-src/src/blas/impl/KokkosBlas1_a\n            xpby_impl.hpp: In function 'void KokkosBlas::Impl::Axpby_Generic(co\n            nst AV&, const XV&, const BV&, const YV&, SizeType, int, int)':\n  >> 138    /var/tmp/koparasy/spack-stage/spack-stage-kokkos-kernels-3.0.00-ere\n            2qwna6r5j7gsjzyj5smrojsggttnt/spack-src/src/blas/impl/KokkosBlas1_a\nxpby_impl.hpp:340:32: error: 'is_same' is not a member of 'Kokkos::\n            Impl'; did you mean 'std::is_same'?\n     139      340 |   static_assert (Kokkos::Impl::is_same<typename YV::value_t\n            ype,\n     140          |                                ^~~~~~~\n     141    In file included from /p/vast1/koparasy/BUILD/spack_cluster_install\n            er/quartz/kokkos-kernels/spack_env_dir/linux-rhel7-broadwell/gcc-9.",
    "150                     from /var/tmp/koparasy/spack-stage/spack-stage-kok\n            kos-kernels-3.0.00-ere2qwna6r5j7gsjzyj5smrojsggttnt/spack-src/src/i\n            mpl/generated_specializations_cpp/axpby/KokkosBlas1_axpby_eti_spec_\n            inst_dbl_LayoutLeft_Serial_HostSpace.cpp:52:\n  >> 151    /var/tmp/koparasy/spack-stage/spack-stage-kokkos-kernels-3.0.00-ere\n            2qwna6r5j7gsjzyj5smrojsggttnt/spack-src/src/blas/impl/KokkosBlas1_a\nxpby_impl.hpp:340:63: error: expected '(' before ',' token\n     152      340 |   static_assert (Kokkos::Impl::is_same<typename YV::value_t\n            ype,\n     153          |\n               ^\n     154          |\n               (",
    "153          |\n               ^\n     154          |\n               (\n  >> 155    /var/tmp/koparasy/spack-stage/spack-stage-kokkos-kernels-3.0.00-ere\n            2qwna6r5j7gsjzyj5smrojsggttnt/spack-src/src/blas/impl/KokkosBlas1_a\nxpby_impl.hpp:341:20: error: expected string-literal before 'typena\n            me'\n     156      341 |                    typename YV::non_const_value_type>::valu\n            e,\n     157          |                    ^~~~~~~~\n  >> 158    /var/tmp/koparasy/spack-stage/spack-stage-kokkos-kernels-3.0.00-ere\n            2qwna6r5j7gsjzyj5smrojsggttnt/spack-src/src/blas/impl/KokkosBlas1_a",
    "me'\n     156      341 |                    typename YV::non_const_value_type>::valu\n            e,\n     157          |                    ^~~~~~~~\n  >> 158    /var/tmp/koparasy/spack-stage/spack-stage-kokkos-kernels-3.0.00-ere\n            2qwna6r5j7gsjzyj5smrojsggttnt/spack-src/src/blas/impl/KokkosBlas1_a\nxpby_impl.hpp:340:64: error: expected ')' before 'typename'\n     159      340 |   static_assert (Kokkos::Impl::is_same<typename YV::value_t\n            ype,\n     160          |                 ~\n                ^\n     161          |\n                )",
    "2qwna6r5j7gsjzyj5smrojsggttnt/spack-src/src/blas/impl/KokkosBlas1_a\n            xpby_mv_impl.hpp: In constructor 'KokkosBlas::Impl::Axpby_MV_Functo\n            r<AV, XMV, BV, YMV, scalar_x, scalar_y, SizeType>::Axpby_MV_Functor\n            (const XMV&, const YMV&, const AV&, const BV&)':\n  >> 167    /var/tmp/koparasy/spack-stage/spack-stage-kokkos-kernels-3.0.00-ere\n            2qwna6r5j7gsjzyj5smrojsggttnt/spack-src/src/blas/impl/KokkosBlas1_a\nxpby_mv_impl.hpp:98:34: error: 'is_same' is not a member of 'Kokkos\n            ::Impl'; did you mean 'std::is_same'?\n     168       98 |     static_assert (Kokkos::Impl::is_same<typename YMV::valu\n            e_type,\n     169          |                                  ^~~~~~~\n     170    In file included from /p/vast1/koparasy/BUILD/spack_cluster_install\n            er/quartz/kokkos-kernels/spack_env_dir/linux-rhel7-broadwell/gcc-9.",
    "179                     from /var/tmp/koparasy/spack-stage/spack-stage-kok\n            kos-kernels-3.0.00-ere2qwna6r5j7gsjzyj5smrojsggttnt/spack-src/src/i\n            mpl/generated_specializations_cpp/axpby/KokkosBlas1_axpby_eti_spec_\n            inst_dbl_LayoutLeft_Serial_HostSpace.cpp:52:\n  >> 180    /var/tmp/koparasy/spack-stage/spack-stage-kokkos-kernels-3.0.00-ere\n            2qwna6r5j7gsjzyj5smrojsggttnt/spack-src/src/blas/impl/KokkosBlas1_a\nxpby_mv_impl.hpp:98:66: error: expected '(' before ',' token\n     181       98 |     static_assert (Kokkos::Impl::is_same<typename YMV::valu\n            e_type,\n     182          |\n                  ^\n     183          |\n                  (",
    "182          |\n                  ^\n     183          |\n                  (\n  >> 184    /var/tmp/koparasy/spack-stage/spack-stage-kokkos-kernels-3.0.00-ere\n            2qwna6r5j7gsjzyj5smrojsggttnt/spack-src/src/blas/impl/KokkosBlas1_a\nxpby_mv_impl.hpp:99:20: error: expected string-literal before 'type\n            name'\n     185       99 |                    typename YMV::non_const_value_type>::val\n            ue,\n     186          |                    ^~~~~~~~\n  >> 187    /var/tmp/koparasy/spack-stage/spack-stage-kokkos-kernels-3.0.00-ere\n            2qwna6r5j7gsjzyj5smrojsggttnt/spack-src/src/blas/impl/KokkosBlas1_a",
    "name'\n     185       99 |                    typename YMV::non_const_value_type>::val\n            ue,\n     186          |                    ^~~~~~~~\n  >> 187    /var/tmp/koparasy/spack-stage/spack-stage-kokkos-kernels-3.0.00-ere\n            2qwna6r5j7gsjzyj5smrojsggttnt/spack-src/src/blas/impl/KokkosBlas1_a\nxpby_mv_impl.hpp:98:67: error: expected ')' before 'typename'\n     188       98 |     static_assert (Kokkos::Impl::is_same<typename YMV::valu\n            e_type,\n     189          |                   ~\n                   ^\n     190          |\n                   )",
    "r<typename XMV::non_const_value_type, XMV, typename YMV::non_const_\n            value_type, YMV, scalar_x, scalar_y, SizeType>::Axpby_MV_Functor(co\n            nst XMV&, const YMV&, const typename XMV::non_const_value_type&, co\n            nst typename YMV::non_const_value_type&)':\n  >> 194    /var/tmp/koparasy/spack-stage/spack-stage-kokkos-kernels-3.0.00-ere\n            2qwna6r5j7gsjzyj5smrojsggttnt/spack-src/src/blas/impl/KokkosBlas1_a\nxpby_mv_impl.hpp:332:34: error: 'is_same' is not a member of 'Kokko\n            s::Impl'; did you mean 'std::is_same'?\n     195      332 |     static_assert (Kokkos::Impl::is_same<typename YMV::valu\n            e_type,\n     196          |                                  ^~~~~~~\n     197    In file included from /p/vast1/koparasy/BUILD/spack_cluster_install\n            er/quartz/kokkos-kernels/spack_env_dir/linux-rhel7-broadwell/gcc-9.",
    "206                     from /var/tmp/koparasy/spack-stage/spack-stage-kok\n            kos-kernels-3.0.00-ere2qwna6r5j7gsjzyj5smrojsggttnt/spack-src/src/i\n            mpl/generated_specializations_cpp/axpby/KokkosBlas1_axpby_eti_spec_\n            inst_dbl_LayoutLeft_Serial_HostSpace.cpp:52:\n  >> 207    /var/tmp/koparasy/spack-stage/spack-stage-kokkos-kernels-3.0.00-ere\n            2qwna6r5j7gsjzyj5smrojsggttnt/spack-src/src/blas/impl/KokkosBlas1_a\nxpby_mv_impl.hpp:332:66: error: expected '(' before ',' token\n     208      332 |     static_assert (Kokkos::Impl::is_same<typename YMV::valu\n            e_type,\n     209          |\n                  ^\n     210          |\n                  (",
    "209          |\n                  ^\n     210          |\n                  (\n  >> 211    /var/tmp/koparasy/spack-stage/spack-stage-kokkos-kernels-3.0.00-ere\n            2qwna6r5j7gsjzyj5smrojsggttnt/spack-src/src/blas/impl/KokkosBlas1_a\nxpby_mv_impl.hpp:333:20: error: expected string-literal before 'typ\n            ename'\n     212      333 |                    typename YMV::non_const_value_type>::val\n            ue,\n     213          |                    ^~~~~~~~\n  >> 214    /var/tmp/koparasy/spack-stage/spack-stage-kokkos-kernels-3.0.00-ere\n            2qwna6r5j7gsjzyj5smrojsggttnt/spack-src/src/blas/impl/KokkosBlas1_a",
    "ename'\n     212      333 |                    typename YMV::non_const_value_type>::val\n            ue,\n     213          |                    ^~~~~~~~\n  >> 214    /var/tmp/koparasy/spack-stage/spack-stage-kokkos-kernels-3.0.00-ere\n            2qwna6r5j7gsjzyj5smrojsggttnt/spack-src/src/blas/impl/KokkosBlas1_a\nxpby_mv_impl.hpp:332:67: error: expected ')' before 'typename'\n     215      332 |     static_assert (Kokkos::Impl::is_same<typename YMV::valu\n            e_type,\n     216          |                   ~\n                   ^\n     217          |\n                   )",
    "xpby_mv_impl.hpp: In constructor 'KokkosBlas::Impl::Axpby_MV_Unroll\n            _Functor<AV, XMV, BV, YMV, scalar_x, scalar_y, UNROLL, SizeType>::A\n            xpby_MV_Unroll_Functor(const XMV&, const YMV&, const AV&, const BV&\n            , SizeType)':\n  >> 221    /var/tmp/koparasy/spack-stage/spack-stage-kokkos-kernels-3.0.00-ere\n            2qwna6r5j7gsjzyj5smrojsggttnt/spack-src/src/blas/impl/KokkosBlas1_a\nxpby_mv_impl.hpp:549:34: error: 'is_same' is not a member of 'Kokko\n            s::Impl'; did you mean 'std::is_same'?\n     222      549 |     static_assert (Kokkos::Impl::is_same<typename YMV::valu\n            e_type,\n     223          |                                  ^~~~~~~\n     224    In file included from /p/vast1/koparasy/BUILD/spack_cluster_install\n            er/quartz/kokkos-kernels/spack_env_dir/linux-rhel7-broadwell/gcc-9.",
    "233                     from /var/tmp/koparasy/spack-stage/spack-stage-kok\n            kos-kernels-3.0.00-ere2qwna6r5j7gsjzyj5smrojsggttnt/spack-src/src/i\n            mpl/generated_specializations_cpp/axpby/KokkosBlas1_axpby_eti_spec_\n            inst_dbl_LayoutLeft_Serial_HostSpace.cpp:52:\n  >> 234    /var/tmp/koparasy/spack-stage/spack-stage-kokkos-kernels-3.0.00-ere\n            2qwna6r5j7gsjzyj5smrojsggttnt/spack-src/src/blas/impl/KokkosBlas1_a\nxpby_mv_impl.hpp:549:66: error: expected '(' before ',' token\n     235      549 |     static_assert (Kokkos::Impl::is_same<typename YMV::valu\n            e_type,\n     236          |\n                  ^\n     237          |\n                  (",
    "236          |\n                  ^\n     237          |\n                  (\n  >> 238    /var/tmp/koparasy/spack-stage/spack-stage-kokkos-kernels-3.0.00-ere\n            2qwna6r5j7gsjzyj5smrojsggttnt/spack-src/src/blas/impl/KokkosBlas1_a\nxpby_mv_impl.hpp:550:20: error: expected string-literal before 'typ\n            ename'\n     239      550 |                    typename YMV::non_const_value_type>::val\n            ue,\n     240          |                    ^~~~~~~~\n  >> 241    /var/tmp/koparasy/spack-stage/spack-stage-kokkos-kernels-3.0.00-ere\n            2qwna6r5j7gsjzyj5smrojsggttnt/spack-src/src/blas/impl/KokkosBlas1_a",
    "ename'\n     239      550 |                    typename YMV::non_const_value_type>::val\n            ue,\n     240          |                    ^~~~~~~~\n  >> 241    /var/tmp/koparasy/spack-stage/spack-stage-kokkos-kernels-3.0.00-ere\n            2qwna6r5j7gsjzyj5smrojsggttnt/spack-src/src/blas/impl/KokkosBlas1_a\nxpby_mv_impl.hpp:549:67: error: expected ')' before 'typename'\n     242      549 |     static_assert (Kokkos::Impl::is_same<typename YMV::valu\n            e_type,\n     243          |                   ~\n                   ^\n     244          |\n                   )",
    "_const_value_type, YMV, scalar_x, scalar_y, UNROLL, SizeType>::Axpb\n            y_MV_Unroll_Functor(const XMV&, const YMV&, const typename XMV::non\n            _const_value_type&, const typename YMV::non_const_value_type&, Size\n            Type)':\n  >> 248    /var/tmp/koparasy/spack-stage/spack-stage-kokkos-kernels-3.0.00-ere\n            2qwna6r5j7gsjzyj5smrojsggttnt/spack-src/src/blas/impl/KokkosBlas1_a\nxpby_mv_impl.hpp:770:34: error: 'is_same' is not a member of 'Kokko\n            s::Impl'; did you mean 'std::is_same'?\n     249      770 |     static_assert (Kokkos::Impl::is_same<typename YMV::valu\n            e_type,\n     250          |                                  ^~~~~~~\n     251    In file included from /p/vast1/koparasy/BUILD/spack_cluster_install\n            er/quartz/kokkos-kernels/spack_env_dir/linux-rhel7-broadwell/gcc-9.",
    "260                     from /var/tmp/koparasy/spack-stage/spack-stage-kok\n            kos-kernels-3.0.00-ere2qwna6r5j7gsjzyj5smrojsggttnt/spack-src/src/i\n            mpl/generated_specializations_cpp/axpby/KokkosBlas1_axpby_eti_spec_\n            inst_dbl_LayoutLeft_Serial_HostSpace.cpp:52:\n  >> 261    /var/tmp/koparasy/spack-stage/spack-stage-kokkos-kernels-3.0.00-ere\n            2qwna6r5j7gsjzyj5smrojsggttnt/spack-src/src/blas/impl/KokkosBlas1_a\nxpby_mv_impl.hpp:770:66: error: expected '(' before ',' token\n     262      770 |     static_assert (Kokkos::Impl::is_same<typename YMV::valu\n            e_type,\n     263          |\n                  ^\n     264          |\n                  (",
    "263          |\n                  ^\n     264          |\n                  (\n  >> 265    /var/tmp/koparasy/spack-stage/spack-stage-kokkos-kernels-3.0.00-ere\n            2qwna6r5j7gsjzyj5smrojsggttnt/spack-src/src/blas/impl/KokkosBlas1_a\nxpby_mv_impl.hpp:771:20: error: expected string-literal before 'typ\n            ename'\n     266      771 |                    typename YMV::non_const_value_type>::val\n            ue,\n     267          |                    ^~~~~~~~\n  >> 268    /var/tmp/koparasy/spack-stage/spack-stage-kokkos-kernels-3.0.00-ere\n            2qwna6r5j7gsjzyj5smrojsggttnt/spack-src/src/blas/impl/KokkosBlas1_a",
    "ename'\n     266      771 |                    typename YMV::non_const_value_type>::val\n            ue,\n     267          |                    ^~~~~~~~\n  >> 268    /var/tmp/koparasy/spack-stage/spack-stage-kokkos-kernels-3.0.00-ere\n            2qwna6r5j7gsjzyj5smrojsggttnt/spack-src/src/blas/impl/KokkosBlas1_a\nxpby_mv_impl.hpp:770:67: error: expected ')' before 'typename'\n     269      770 |     static_assert (Kokkos::Impl::is_same<typename YMV::valu\n            e_type,\n     270          |                   ~\n                   ^\n     271          |\n                   )",
    "2qwna6r5j7gsjzyj5smrojsggttnt/spack-src/src/blas/impl/KokkosBlas1_a\n            xpby_mv_impl.hpp: In function 'void KokkosBlas::Impl::Axpby_MV_Unro\n            lled(const AV&, const XMV&, const BV&, const YMV&, SizeType, int, i\n            nt)':\n  >> 275    /var/tmp/koparasy/spack-stage/spack-stage-kokkos-kernels-3.0.00-ere\n            2qwna6r5j7gsjzyj5smrojsggttnt/spack-src/src/blas/impl/KokkosBlas1_a\nxpby_mv_impl.hpp:984:32: error: 'is_same' is not a member of 'Kokko\n            s::Impl'; did you mean 'std::is_same'?\n     276      984 |   static_assert (Kokkos::Impl::is_same<typename YMV::value_\n            type,\n     277          |                                ^~~~~~~\n     278    In file included from /p/vast1/koparasy/BUILD/spack_cluster_install\n            er/quartz/kokkos-kernels/spack_env_dir/linux-rhel7-broadwell/gcc-9.",
    "287                     from /var/tmp/koparasy/spack-stage/spack-stage-kok\n            kos-kernels-3.0.00-ere2qwna6r5j7gsjzyj5smrojsggttnt/spack-src/src/i\n            mpl/generated_specializations_cpp/axpby/KokkosBlas1_axpby_eti_spec_\n            inst_dbl_LayoutLeft_Serial_HostSpace.cpp:52:\n  >> 288    /var/tmp/koparasy/spack-stage/spack-stage-kokkos-kernels-3.0.00-ere\n            2qwna6r5j7gsjzyj5smrojsggttnt/spack-src/src/blas/impl/KokkosBlas1_a\nxpby_mv_impl.hpp:984:64: error: expected '(' before ',' token\n     289      984 |   static_assert (Kokkos::Impl::is_same<typename YMV::value_\n            type,\n     290          |\n                ^\n     291          |\n                (",
    "290          |\n                ^\n     291          |\n                (\n  >> 292    /var/tmp/koparasy/spack-stage/spack-stage-kokkos-kernels-3.0.00-ere\n            2qwna6r5j7gsjzyj5smrojsggttnt/spack-src/src/blas/impl/KokkosBlas1_a\nxpby_mv_impl.hpp:985:20: error: expected string-literal before 'typ\n            ename'\n     293      985 |                    typename YMV::non_const_value_type>::val\n            ue,\n     294          |                    ^~~~~~~~\n  >> 295    /var/tmp/koparasy/spack-stage/spack-stage-kokkos-kernels-3.0.00-ere\n            2qwna6r5j7gsjzyj5smrojsggttnt/spack-src/src/blas/impl/KokkosBlas1_a",
    "ename'\n     293      985 |                    typename YMV::non_const_value_type>::val\n            ue,\n     294          |                    ^~~~~~~~\n  >> 295    /var/tmp/koparasy/spack-stage/spack-stage-kokkos-kernels-3.0.00-ere\n            2qwna6r5j7gsjzyj5smrojsggttnt/spack-src/src/blas/impl/KokkosBlas1_a\nxpby_mv_impl.hpp:984:65: error: expected ')' before 'typename'\n     296      984 |   static_assert (Kokkos::Impl::is_same<typename YMV::value_\n            type,\n     297          |                 ~\n                 ^\n     298          |\n                 )",
    "301    /var/tmp/koparasy/spack-stage/spack-stage-kokkos-kernels-3.0.00-ere\n            2qwna6r5j7gsjzyj5smrojsggttnt/spack-src/src/blas/impl/KokkosBlas1_a\n            xpby_mv_impl.hpp: In function 'void KokkosBlas::Impl::Axpby_MV_Gene\n            ric(const AV&, const XMV&, const BV&, const YMV&, int, int)':\n  >> 302    /var/tmp/koparasy/spack-stage/spack-stage-kokkos-kernels-3.0.00-ere\n            2qwna6r5j7gsjzyj5smrojsggttnt/spack-src/src/blas/impl/KokkosBlas1_a\nxpby_mv_impl.hpp:1122:32: error: 'is_same' is not a member of 'Kokk\n            os::Impl'; did you mean 'std::is_same'?\n     303     1122 |   static_assert (Kokkos::Impl::is_same<typename YMV::value_\n            type,\n     304          |                                ^~~~~~~\n     305    In file included from /p/vast1/koparasy/BUILD/spack_cluster_install\n            er/quartz/kokkos-kernels/spack_env_dir/linux-rhel7-broadwell/gcc-9.",
    "314                     from /var/tmp/koparasy/spack-stage/spack-stage-kok\n            kos-kernels-3.0.00-ere2qwna6r5j7gsjzyj5smrojsggttnt/spack-src/src/i\n            mpl/generated_specializations_cpp/axpby/KokkosBlas1_axpby_eti_spec_\n            inst_dbl_LayoutLeft_Serial_HostSpace.cpp:52:\n  >> 315    /var/tmp/koparasy/spack-stage/spack-stage-kokkos-kernels-3.0.00-ere\n            2qwna6r5j7gsjzyj5smrojsggttnt/spack-src/src/blas/impl/KokkosBlas1_a\nxpby_mv_impl.hpp:1122:64: error: expected '(' before ',' token\n     316     1122 |   static_assert (Kokkos::Impl::is_same<typename YMV::value_\n            type,\n     317          |\n                ^\n     318          |\n                (",
    "317          |\n                ^\n     318          |\n                (\n  >> 319    /var/tmp/koparasy/spack-stage/spack-stage-kokkos-kernels-3.0.00-ere\n            2qwna6r5j7gsjzyj5smrojsggttnt/spack-src/src/blas/impl/KokkosBlas1_a\nxpby_mv_impl.hpp:1123:20: error: expected string-literal before 'ty\n            pename'\n     320     1123 |                    typename YMV::non_const_value_type>::val\n            ue,\n     321          |                    ^~~~~~~~\n  >> 322    /var/tmp/koparasy/spack-stage/spack-stage-kokkos-kernels-3.0.00-ere\n            2qwna6r5j7gsjzyj5smrojsggttnt/spack-src/src/blas/impl/KokkosBlas1_a",
    "pename'\n     320     1123 |                    typename YMV::non_const_value_type>::val\n            ue,\n     321          |                    ^~~~~~~~\n  >> 322    /var/tmp/koparasy/spack-stage/spack-stage-kokkos-kernels-3.0.00-ere\n            2qwna6r5j7gsjzyj5smrojsggttnt/spack-src/src/blas/impl/KokkosBlas1_a\nxpby_mv_impl.hpp:1122:65: error: expected ')' before 'typename'\n     323     1122 |   static_assert (Kokkos::Impl::is_same<typename YMV::value_\n            type,\n     324          |                 ~\n                 ^\n     325          |\n                 )",
    "2qwna6r5j7gsjzyj5smrojsggttnt/spack-src/src/blas/impl/KokkosBlas1_a\n            xpby_mv_impl.hpp: In static member function 'static void KokkosBlas\n            ::Impl::Axpby_MV_Invoke_Left<AV, XMV, BV, YMV, SizeType>::run(const\n             AV&, const XMV&, const BV&, const YMV&, int, int)':\n  >> 329    /var/tmp/koparasy/spack-stage/spack-stage-kokkos-kernels-3.0.00-ere\n            2qwna6r5j7gsjzyj5smrojsggttnt/spack-src/src/blas/impl/KokkosBlas1_a\nxpby_mv_impl.hpp:1262:32: error: 'is_same' is not a member of 'Kokk\n            os::Impl'; did you mean 'std::is_same'?\n     330     1262 |   static_assert (Kokkos::Impl::is_same<typename YMV::value_\n            type,\n     331          |                                ^~~~~~~\n     332    In file included from /p/vast1/koparasy/BUILD/spack_cluster_install\n            er/quartz/kokkos-kernels/spack_env_dir/linux-rhel7-broadwell/gcc-9.",
    "341                     from /var/tmp/koparasy/spack-stage/spack-stage-kok\n            kos-kernels-3.0.00-ere2qwna6r5j7gsjzyj5smrojsggttnt/spack-src/src/i\n            mpl/generated_specializations_cpp/axpby/KokkosBlas1_axpby_eti_spec_\n            inst_dbl_LayoutLeft_Serial_HostSpace.cpp:52:\n  >> 342    /var/tmp/koparasy/spack-stage/spack-stage-kokkos-kernels-3.0.00-ere\n            2qwna6r5j7gsjzyj5smrojsggttnt/spack-src/src/blas/impl/KokkosBlas1_a\nxpby_mv_impl.hpp:1262:64: error: expected '(' before ',' token\n     343     1262 |   static_assert (Kokkos::Impl::is_same<typename YMV::value_\n            type,\n     344          |\n                ^\n     345          |\n                (",
    "344          |\n                ^\n     345          |\n                (\n  >> 346    /var/tmp/koparasy/spack-stage/spack-stage-kokkos-kernels-3.0.00-ere\n            2qwna6r5j7gsjzyj5smrojsggttnt/spack-src/src/blas/impl/KokkosBlas1_a\nxpby_mv_impl.hpp:1263:18: error: expected string-literal before 'ty\n            pename'\n     347     1263 |                  typename YMV::non_const_value_type>::value\n            ,\n     348          |                  ^~~~~~~~\n  >> 349    /var/tmp/koparasy/spack-stage/spack-stage-kokkos-kernels-3.0.00-ere\n            2qwna6r5j7gsjzyj5smrojsggttnt/spack-src/src/blas/impl/KokkosBlas1_a",
    "pename'\n     347     1263 |                  typename YMV::non_const_value_type>::value\n            ,\n     348          |                  ^~~~~~~~\n  >> 349    /var/tmp/koparasy/spack-stage/spack-stage-kokkos-kernels-3.0.00-ere\n            2qwna6r5j7gsjzyj5smrojsggttnt/spack-src/src/blas/impl/KokkosBlas1_a\nxpby_mv_impl.hpp:1262:65: error: expected ')' before 'typename'\n     350     1262 |   static_assert (Kokkos::Impl::is_same<typename YMV::value_\n            type,\n     351          |                 ~\n                 ^\n     352          |\n                 )",
    "2qwna6r5j7gsjzyj5smrojsggttnt/spack-src/src/blas/impl/KokkosBlas1_a\n            xpby_mv_impl.hpp: In static member function 'static void KokkosBlas\n            ::Impl::Axpby_MV_Invoke_Right<AV, XMV, BV, YMV, SizeType>::run(cons\n            t AV&, const XMV&, const BV&, const YMV&, int, int)':\n  >> 356    /var/tmp/koparasy/spack-stage/spack-stage-kokkos-kernels-3.0.00-ere\n            2qwna6r5j7gsjzyj5smrojsggttnt/spack-src/src/blas/impl/KokkosBlas1_a\nxpby_mv_impl.hpp:1341:32: error: 'is_same' is not a member of 'Kokk\n            os::Impl'; did you mean 'std::is_same'?\n     357     1341 |   static_assert (Kokkos::Impl::is_same<typename YMV::value_\n            type,\n     358          |                                ^~~~~~~\n     359    In file included from /p/vast1/koparasy/BUILD/spack_cluster_install\n            er/quartz/kokkos-kernels/spack_env_dir/linux-rhel7-broadwell/gcc-9.",
    "368                     from /var/tmp/koparasy/spack-stage/spack-stage-kok\n            kos-kernels-3.0.00-ere2qwna6r5j7gsjzyj5smrojsggttnt/spack-src/src/i\n            mpl/generated_specializations_cpp/axpby/KokkosBlas1_axpby_eti_spec_\n            inst_dbl_LayoutLeft_Serial_HostSpace.cpp:52:\n  >> 369    /var/tmp/koparasy/spack-stage/spack-stage-kokkos-kernels-3.0.00-ere\n            2qwna6r5j7gsjzyj5smrojsggttnt/spack-src/src/blas/impl/KokkosBlas1_a\nxpby_mv_impl.hpp:1341:64: error: expected '(' before ',' token\n     370     1341 |   static_assert (Kokkos::Impl::is_same<typename YMV::value_\n            type,\n     371          |\n                ^\n     372          |\n                (",
    "371          |\n                ^\n     372          |\n                (\n  >> 373    /var/tmp/koparasy/spack-stage/spack-stage-kokkos-kernels-3.0.00-ere\n            2qwna6r5j7gsjzyj5smrojsggttnt/spack-src/src/blas/impl/KokkosBlas1_a\nxpby_mv_impl.hpp:1342:18: error: expected string-literal before 'ty\n            pename'\n     374     1342 |                  typename YMV::non_const_value_type>::value\n            ,\n     375          |                  ^~~~~~~~\n  >> 376    /var/tmp/koparasy/spack-stage/spack-stage-kokkos-kernels-3.0.00-ere\n            2qwna6r5j7gsjzyj5smrojsggttnt/spack-src/src/blas/impl/KokkosBlas1_a",
    "pename'\n     374     1342 |                  typename YMV::non_const_value_type>::value\n            ,\n     375          |                  ^~~~~~~~\n  >> 376    /var/tmp/koparasy/spack-stage/spack-stage-kokkos-kernels-3.0.00-ere\n            2qwna6r5j7gsjzyj5smrojsggttnt/spack-src/src/blas/impl/KokkosBlas1_a\nxpby_mv_impl.hpp:1341:65: error: expected ')' before 'typename'\n     377     1341 |   static_assert (Kokkos::Impl::is_same<typename YMV::value_\n            type,\n     378          |                 ~\n                 ^\n     379          |\n                 )",
    "2qwna6r5j7gsjzyj5smrojsggttnt/spack-src/src/blas/impl/KokkosBlas1_a\n            xpby_spec.hpp: In static member function 'static void KokkosBlas::I\n            mpl::Axpby<AV, XMV, BV, YMV, 2, false, true>::axpby(const AV&, cons\n            t XMV&, const BV&, const YMV&)':\n  >> 384    /var/tmp/koparasy/spack-stage/spack-stage-kokkos-kernels-3.0.00-ere\n            2qwna6r5j7gsjzyj5smrojsggttnt/spack-src/src/blas/impl/KokkosBlas1_a\nxpby_spec.hpp:173:34: error: 'is_same' is not a member of 'Kokkos::\n            Impl'; did you mean 'std::is_same'?\n     385      173 |     static_assert (Kokkos::Impl::is_same<typename YMV::valu\n            e_type,\n     386          |                                  ^~~~~~~\n     387    In file included from /p/vast1/koparasy/BUILD/spack_cluster_install\n            er/quartz/kokkos-kernels/spack_env_dir/linux-rhel7-broadwell/gcc-9.",
    "395    In file included from /var/tmp/koparasy/spack-stage/spack-stage-kok\n            kos-kernels-3.0.00-ere2qwna6r5j7gsjzyj5smrojsggttnt/spack-src/src/i\n            mpl/generated_specializations_cpp/axpby/KokkosBlas1_axpby_eti_spec_\n            inst_dbl_LayoutLeft_Serial_HostSpace.cpp:52:\n  >> 396    /var/tmp/koparasy/spack-stage/spack-stage-kokkos-kernels-3.0.00-ere\n            2qwna6r5j7gsjzyj5smrojsggttnt/spack-src/src/blas/impl/KokkosBlas1_a\nxpby_spec.hpp:173:66: error: expected '(' before ',' token\n     397      173 |     static_assert (Kokkos::Impl::is_same<typename YMV::valu\n            e_type,\n     398          |\n                  ^\n     399          |\n                  (",
    "398          |\n                  ^\n     399          |\n                  (\n  >> 400    /var/tmp/koparasy/spack-stage/spack-stage-kokkos-kernels-3.0.00-ere\n            2qwna6r5j7gsjzyj5smrojsggttnt/spack-src/src/blas/impl/KokkosBlas1_a\nxpby_spec.hpp:174:22: error: expected string-literal before 'typena\n            me'\n     401      174 |                      typename YMV::non_const_value_type>::v\n            alue,\n     402          |                      ^~~~~~~~\n  >> 403    /var/tmp/koparasy/spack-stage/spack-stage-kokkos-kernels-3.0.00-ere\n            2qwna6r5j7gsjzyj5smrojsggttnt/spack-src/src/blas/impl/KokkosBlas1_a",
    "me'\n     401      174 |                      typename YMV::non_const_value_type>::v\n            alue,\n     402          |                      ^~~~~~~~\n  >> 403    /var/tmp/koparasy/spack-stage/spack-stage-kokkos-kernels-3.0.00-ere\n            2qwna6r5j7gsjzyj5smrojsggttnt/spack-src/src/blas/impl/KokkosBlas1_a\nxpby_spec.hpp:173:67: error: expected ')' before 'typename'\n     404      173 |     static_assert (Kokkos::Impl::is_same<typename YMV::valu\n            e_type,\n     405          |                   ~\n                   ^\n     406          |\n                   )",
    "xpby_spec.hpp: In static member function 'static void KokkosBlas::I\n            mpl::Axpby<typename XMV::non_const_value_type, XMV, typename YMV::n\n            on_const_value_type, YMV, 2, false, true>::axpby(const AV&, const X\n            MV&, const BV&, const YMV&)':\n  >> 411    /var/tmp/koparasy/spack-stage/spack-stage-kokkos-kernels-3.0.00-ere\n            2qwna6r5j7gsjzyj5smrojsggttnt/spack-src/src/blas/impl/KokkosBlas1_a\nxpby_spec.hpp:242:34: error: 'is_same' is not a member of 'Kokkos::\n            Impl'; did you mean 'std::is_same'?\n     412      242 |     static_assert (Kokkos::Impl::is_same<typename YMV::valu\n            e_type,\n     413          |                                  ^~~~~~~\n     414    In file included from /p/vast1/koparasy/BUILD/spack_cluster_install\n            er/quartz/kokkos-kernels/spack_env_dir/linux-rhel7-broadwell/gcc-9.",
    "422    In file included from /var/tmp/koparasy/spack-stage/spack-stage-kok\n            kos-kernels-3.0.00-ere2qwna6r5j7gsjzyj5smrojsggttnt/spack-src/src/i\n            mpl/generated_specializations_cpp/axpby/KokkosBlas1_axpby_eti_spec_\n            inst_dbl_LayoutLeft_Serial_HostSpace.cpp:52:\n  >> 423    /var/tmp/koparasy/spack-stage/spack-stage-kokkos-kernels-3.0.00-ere\n            2qwna6r5j7gsjzyj5smrojsggttnt/spack-src/src/blas/impl/KokkosBlas1_a\nxpby_spec.hpp:242:66: error: expected '(' before ',' token\n     424      242 |     static_assert (Kokkos::Impl::is_same<typename YMV::valu\n            e_type,\n     425          |\n                  ^\n     426          |\n                  (",
    "425          |\n                  ^\n     426          |\n                  (\n  >> 427    /var/tmp/koparasy/spack-stage/spack-stage-kokkos-kernels-3.0.00-ere\n            2qwna6r5j7gsjzyj5smrojsggttnt/spack-src/src/blas/impl/KokkosBlas1_a\nxpby_spec.hpp:243:22: error: expected string-literal before 'typena\n            me'\n     428      243 |                      typename YMV::non_const_value_type>::v\n            alue,\n     429          |                      ^~~~~~~~\n  >> 430    /var/tmp/koparasy/spack-stage/spack-stage-kokkos-kernels-3.0.00-ere\n            2qwna6r5j7gsjzyj5smrojsggttnt/spack-src/src/blas/impl/KokkosBlas1_a",
    "me'\n     428      243 |                      typename YMV::non_const_value_type>::v\n            alue,\n     429          |                      ^~~~~~~~\n  >> 430    /var/tmp/koparasy/spack-stage/spack-stage-kokkos-kernels-3.0.00-ere\n            2qwna6r5j7gsjzyj5smrojsggttnt/spack-src/src/blas/impl/KokkosBlas1_a\nxpby_spec.hpp:242:67: error: expected ')' before 'typename'\n     431      242 |     static_assert (Kokkos::Impl::is_same<typename YMV::valu\n            e_type,\n     432          |                   ~\n                   ^\n     433          |\n                   )",
    "xpby_spec.hpp: In static member function 'static void KokkosBlas::I\n            mpl::Axpby<typename XV::non_const_value_type, XV, typename YV::non_\n            const_value_type, YV, 1, false, true>::axpby(const AV&, const XV&,\n            const BV&, const YV&)':\n  >> 437    /var/tmp/koparasy/spack-stage/spack-stage-kokkos-kernels-3.0.00-ere\n            2qwna6r5j7gsjzyj5smrojsggttnt/spack-src/src/blas/impl/KokkosBlas1_a\nxpby_spec.hpp:335:34: error: 'is_same' is not a member of 'Kokkos::\n            Impl'; did you mean 'std::is_same'?\n     438      335 |     static_assert (Kokkos::Impl::is_same<typename YV::value\n            _type,\n     439          |                                  ^~~~~~~\n     440    In file included from /p/vast1/koparasy/BUILD/spack_cluster_install\n            er/quartz/kokkos-kernels/spack_env_dir/linux-rhel7-broadwell/gcc-9.",
    "448    In file included from /var/tmp/koparasy/spack-stage/spack-stage-kok\n            kos-kernels-3.0.00-ere2qwna6r5j7gsjzyj5smrojsggttnt/spack-src/src/i\n            mpl/generated_specializations_cpp/axpby/KokkosBlas1_axpby_eti_spec_\n            inst_dbl_LayoutLeft_Serial_HostSpace.cpp:52:\n  >> 449    /var/tmp/koparasy/spack-stage/spack-stage-kokkos-kernels-3.0.00-ere\n            2qwna6r5j7gsjzyj5smrojsggttnt/spack-src/src/blas/impl/KokkosBlas1_a\nxpby_spec.hpp:335:65: error: expected '(' before ',' token\n     450      335 |     static_assert (Kokkos::Impl::is_same<typename YV::value\n            _type,\n     451          |\n                 ^\n     452          |\n                 (",
    "451          |\n                 ^\n     452          |\n                 (\n  >> 453    /var/tmp/koparasy/spack-stage/spack-stage-kokkos-kernels-3.0.00-ere\n            2qwna6r5j7gsjzyj5smrojsggttnt/spack-src/src/blas/impl/KokkosBlas1_a\nxpby_spec.hpp:336:22: error: expected string-literal before 'typena\n            me'\n     454      336 |                      typename YV::non_const_value_type>::va\n            lue,\n     455          |                      ^~~~~~~~\n  >> 456    /var/tmp/koparasy/spack-stage/spack-stage-kokkos-kernels-3.0.00-ere\n            2qwna6r5j7gsjzyj5smrojsggttnt/spack-src/src/blas/impl/KokkosBlas1_a",
    "me'\n     454      336 |                      typename YV::non_const_value_type>::va\n            lue,\n     455          |                      ^~~~~~~~\n  >> 456    /var/tmp/koparasy/spack-stage/spack-stage-kokkos-kernels-3.0.00-ere\n            2qwna6r5j7gsjzyj5smrojsggttnt/spack-src/src/blas/impl/KokkosBlas1_a\nxpby_spec.hpp:335:66: error: expected ')' before 'typename'\n     457      335 |     static_assert (Kokkos::Impl::is_same<typename YV::value\n            _type,\n     458          |                   ~\n                  ^\n     459          |\n                  )",
    "2qwna6r5j7gsjzyj5smrojsggttnt/spack-src/src/blas/impl/KokkosBlas1_a\n            xpby_impl.hpp: In constructor 'KokkosBlas::Impl::Axpby_Functor<AV,\n            XV, BV, YV, scalar_x, scalar_y, SizeType>::Axpby_Functor(const XV&,\n             const YV&, const AV&, const BV&, SizeType)':\n  >> 475    /var/tmp/koparasy/spack-stage/spack-stage-kokkos-kernels-3.0.00-ere\n            2qwna6r5j7gsjzyj5smrojsggttnt/spack-src/src/blas/impl/KokkosBlas1_a\nxpby_impl.hpp:101:34: error: 'is_same' is not a member of 'Kokkos::\n            Impl'; did you mean 'std::is_same'?\n     476      101 |     static_assert (Kokkos::Impl::is_same<typename YV::value\n            _type,\n     477          |                                  ^~~~~~~\n     478    In file included from /p/vast1/koparasy/BUILD/spack_cluster_install\n            er/quartz/kokkos-kernels/spack_env_dir/linux-rhel7-broadwell/gcc-9.",
    "487                     from /var/tmp/koparasy/spack-stage/spack-stage-kok\n            kos-kernels-3.0.00-ere2qwna6r5j7gsjzyj5smrojsggttnt/spack-src/src/i\n            mpl/generated_specializations_cpp/axpby/KokkosBlas1_axpby_mv_eti_sp\n            ec_inst_dbl_LayoutLeft_Serial_HostSpace.cpp:52:\n  >> 488    /var/tmp/koparasy/spack-stage/spack-stage-kokkos-kernels-3.0.00-ere\n            2qwna6r5j7gsjzyj5smrojsggttnt/spack-src/src/blas/impl/KokkosBlas1_a\nxpby_impl.hpp:101:65: error: expected '(' before ',' token\n     489      101 |     static_assert (Kokkos::Impl::is_same<typename YV::value\n            _type,\n     490          |\n                 ^\n     491          |\n                 (",
    "490          |\n                 ^\n     491          |\n                 (\n  >> 492    /var/tmp/koparasy/spack-stage/spack-stage-kokkos-kernels-3.0.00-ere\n            2qwna6r5j7gsjzyj5smrojsggttnt/spack-src/src/blas/impl/KokkosBlas1_a\nxpby_impl.hpp:102:20: error: expected string-literal before 'typena\n            me'\n     493      102 |                    typename YV::non_const_value_type>::valu\n            e,\n     494          |                    ^~~~~~~~\n  >> 495    /var/tmp/koparasy/spack-stage/spack-stage-kokkos-kernels-3.0.00-ere\n            2qwna6r5j7gsjzyj5smrojsggttnt/spack-src/src/blas/impl/KokkosBlas1_a",
    "me'\n     493      102 |                    typename YV::non_const_value_type>::valu\n            e,\n     494          |                    ^~~~~~~~\n  >> 495    /var/tmp/koparasy/spack-stage/spack-stage-kokkos-kernels-3.0.00-ere\n            2qwna6r5j7gsjzyj5smrojsggttnt/spack-src/src/blas/impl/KokkosBlas1_a\nxpby_impl.hpp:101:66: error: expected ')' before 'typename'\n     496      101 |     static_assert (Kokkos::Impl::is_same<typename YV::value\n            _type,\n     497          |                   ~\n                  ^\n     498          |\n                  )",
    "name XV::non_const_value_type, XV, typename YV::non_const_value_typ\n            e, YV, scalar_x, scalar_y, SizeType>::Axpby_Functor(const XV&, cons\n            t YV&, const typename XV::non_const_value_type&, const typename YV:\n            :non_const_value_type&, SizeType)':\n  >> 502    /var/tmp/koparasy/spack-stage/spack-stage-kokkos-kernels-3.0.00-ere\n            2qwna6r5j7gsjzyj5smrojsggttnt/spack-src/src/blas/impl/KokkosBlas1_a\nxpby_impl.hpp:235:34: error: 'is_same' is not a member of 'Kokkos::\n            Impl'; did you mean 'std::is_same'?\n     503      235 |     static_assert (Kokkos::Impl::is_same<typename YV::value\n            _type,\n     504          |                                  ^~~~~~~\n     505    In file included from /p/vast1/koparasy/BUILD/spack_cluster_install\n            er/quartz/kokkos-kernels/spack_env_dir/linux-rhel7-broadwell/gcc-9.",
    "514                     from /var/tmp/koparasy/spack-stage/spack-stage-kok\n            kos-kernels-3.0.00-ere2qwna6r5j7gsjzyj5smrojsggttnt/spack-src/src/i\n            mpl/generated_specializations_cpp/axpby/KokkosBlas1_axpby_mv_eti_sp\n            ec_inst_dbl_LayoutLeft_Serial_HostSpace.cpp:52:\n  >> 515    /var/tmp/koparasy/spack-stage/spack-stage-kokkos-kernels-3.0.00-ere\n            2qwna6r5j7gsjzyj5smrojsggttnt/spack-src/src/blas/impl/KokkosBlas1_a\nxpby_impl.hpp:235:65: error: expected '(' before ',' token\n     516      235 |     static_assert (Kokkos::Impl::is_same<typename YV::value\n            _type,\n     517          |\n                 ^\n     518          |\n                 (",
    "517          |\n                 ^\n     518          |\n                 (\n  >> 519    /var/tmp/koparasy/spack-stage/spack-stage-kokkos-kernels-3.0.00-ere\n            2qwna6r5j7gsjzyj5smrojsggttnt/spack-src/src/blas/impl/KokkosBlas1_a\nxpby_impl.hpp:236:20: error: expected string-literal before 'typena\n            me'\n     520      236 |                    typename YV::non_const_value_type>::valu\n            e,\n     521          |                    ^~~~~~~~\n  >> 522    /var/tmp/koparasy/spack-stage/spack-stage-kokkos-kernels-3.0.00-ere\n            2qwna6r5j7gsjzyj5smrojsggttnt/spack-src/src/blas/impl/KokkosBlas1_a",
    "me'\n     520      236 |                    typename YV::non_const_value_type>::valu\n            e,\n     521          |                    ^~~~~~~~\n  >> 522    /var/tmp/koparasy/spack-stage/spack-stage-kokkos-kernels-3.0.00-ere\n            2qwna6r5j7gsjzyj5smrojsggttnt/spack-src/src/blas/impl/KokkosBlas1_a\nxpby_impl.hpp:235:66: error: expected ')' before 'typename'\n     523      235 |     static_assert (Kokkos::Impl::is_same<typename YV::value\n            _type,\n     524          |                   ~\n                  ^\n     525          |\n                  )",
    "528    /var/tmp/koparasy/spack-stage/spack-stage-kokkos-kernels-3.0.00-ere\n            2qwna6r5j7gsjzyj5smrojsggttnt/spack-src/src/blas/impl/KokkosBlas1_a\n            xpby_impl.hpp: In function 'void KokkosBlas::Impl::Axpby_Generic(co\n            nst AV&, const XV&, const BV&, const YV&, SizeType, int, int)':\n  >> 529    /var/tmp/koparasy/spack-stage/spack-stage-kokkos-kernels-3.0.00-ere\n            2qwna6r5j7gsjzyj5smrojsggttnt/spack-src/src/blas/impl/KokkosBlas1_a\nxpby_impl.hpp:340:32: error: 'is_same' is not a member of 'Kokkos::\n            Impl'; did you mean 'std::is_same'?\n     530      340 |   static_assert (Kokkos::Impl::is_same<typename YV::value_t\n            ype,\n     531          |                                ^~~~~~~\n     532    In file included from /p/vast1/koparasy/BUILD/spack_cluster_install\n            er/quartz/kokkos-kernels/spack_env_dir/linux-rhel7-broadwell/gcc-9.",
    "541                     from /var/tmp/koparasy/spack-stage/spack-stage-kok\n            kos-kernels-3.0.00-ere2qwna6r5j7gsjzyj5smrojsggttnt/spack-src/src/i\n            mpl/generated_specializations_cpp/axpby/KokkosBlas1_axpby_mv_eti_sp\n            ec_inst_dbl_LayoutLeft_Serial_HostSpace.cpp:52:\n  >> 542    /var/tmp/koparasy/spack-stage/spack-stage-kokkos-kernels-3.0.00-ere\n            2qwna6r5j7gsjzyj5smrojsggttnt/spack-src/src/blas/impl/KokkosBlas1_a\nxpby_impl.hpp:340:63: error: expected '(' before ',' token\n     543      340 |   static_assert (Kokkos::Impl::is_same<typename YV::value_t\n            ype,\n     544          |\n               ^\n     545          |\n               (",
    "544          |\n               ^\n     545          |\n               (\n  >> 546    /var/tmp/koparasy/spack-stage/spack-stage-kokkos-kernels-3.0.00-ere\n            2qwna6r5j7gsjzyj5smrojsggttnt/spack-src/src/blas/impl/KokkosBlas1_a\nxpby_impl.hpp:341:20: error: expected string-literal before 'typena\n            me'\n     547      341 |                    typename YV::non_const_value_type>::valu\n            e,\n     548          |                    ^~~~~~~~\n  >> 549    /var/tmp/koparasy/spack-stage/spack-stage-kokkos-kernels-3.0.00-ere\n            2qwna6r5j7gsjzyj5smrojsggttnt/spack-src/src/blas/impl/KokkosBlas1_a",
    "me'\n     547      341 |                    typename YV::non_const_value_type>::valu\n            e,\n     548          |                    ^~~~~~~~\n  >> 549    /var/tmp/koparasy/spack-stage/spack-stage-kokkos-kernels-3.0.00-ere\n            2qwna6r5j7gsjzyj5smrojsggttnt/spack-src/src/blas/impl/KokkosBlas1_a\nxpby_impl.hpp:340:64: error: expected ')' before 'typename'\n     550      340 |   static_assert (Kokkos::Impl::is_same<typename YV::value_t\n            ype,\n     551          |                 ~\n                ^\n     552          |\n                )",
    "2qwna6r5j7gsjzyj5smrojsggttnt/spack-src/src/blas/impl/KokkosBlas1_a\n            xpby_mv_impl.hpp: In constructor 'KokkosBlas::Impl::Axpby_MV_Functo\n            r<AV, XMV, BV, YMV, scalar_x, scalar_y, SizeType>::Axpby_MV_Functor\n            (const XMV&, const YMV&, const AV&, const BV&)':\n  >> 558    /var/tmp/koparasy/spack-stage/spack-stage-kokkos-kernels-3.0.00-ere\n            2qwna6r5j7gsjzyj5smrojsggttnt/spack-src/src/blas/impl/KokkosBlas1_a\nxpby_mv_impl.hpp:98:34: error: 'is_same' is not a member of 'Kokkos\n            ::Impl'; did you mean 'std::is_same'?\n     559       98 |     static_assert (Kokkos::Impl::is_same<typename YMV::valu\n            e_type,\n     560          |                                  ^~~~~~~\n     561    In file included from /p/vast1/koparasy/BUILD/spack_cluster_install\n            er/quartz/kokkos-kernels/spack_env_dir/linux-rhel7-broadwell/gcc-9.",
    "570                     from /var/tmp/koparasy/spack-stage/spack-stage-kok\n            kos-kernels-3.0.00-ere2qwna6r5j7gsjzyj5smrojsggttnt/spack-src/src/i\n            mpl/generated_specializations_cpp/axpby/KokkosBlas1_axpby_mv_eti_sp\n            ec_inst_dbl_LayoutLeft_Serial_HostSpace.cpp:52:\n  >> 571    /var/tmp/koparasy/spack-stage/spack-stage-kokkos-kernels-3.0.00-ere\n            2qwna6r5j7gsjzyj5smrojsggttnt/spack-src/src/blas/impl/KokkosBlas1_a\nxpby_mv_impl.hpp:98:66: error: expected '(' before ',' token\n     572       98 |     static_assert (Kokkos::Impl::is_same<typename YMV::valu\n            e_type,\n     573          |\n                  ^\n     574          |\n                  (",
    "573          |\n                  ^\n     574          |\n                  (\n  >> 575    /var/tmp/koparasy/spack-stage/spack-stage-kokkos-kernels-3.0.00-ere\n            2qwna6r5j7gsjzyj5smrojsggttnt/spack-src/src/blas/impl/KokkosBlas1_a\nxpby_mv_impl.hpp:99:20: error: expected string-literal before 'type\n            name'\n     576       99 |                    typename YMV::non_const_value_type>::val\n            ue,\n     577          |                    ^~~~~~~~\n  >> 578    /var/tmp/koparasy/spack-stage/spack-stage-kokkos-kernels-3.0.00-ere\n            2qwna6r5j7gsjzyj5smrojsggttnt/spack-src/src/blas/impl/KokkosBlas1_a",
    "name'\n     576       99 |                    typename YMV::non_const_value_type>::val\n            ue,\n     577          |                    ^~~~~~~~\n  >> 578    /var/tmp/koparasy/spack-stage/spack-stage-kokkos-kernels-3.0.00-ere\n            2qwna6r5j7gsjzyj5smrojsggttnt/spack-src/src/blas/impl/KokkosBlas1_a\nxpby_mv_impl.hpp:98:67: error: expected ')' before 'typename'\n     579       98 |     static_assert (Kokkos::Impl::is_same<typename YMV::valu\n            e_type,\n     580          |                   ~\n                   ^\n     581          |\n                   )",
    "r<typename XMV::non_const_value_type, XMV, typename YMV::non_const_\n            value_type, YMV, scalar_x, scalar_y, SizeType>::Axpby_MV_Functor(co\n            nst XMV&, const YMV&, const typename XMV::non_const_value_type&, co\n            nst typename YMV::non_const_value_type&)':\n  >> 585    /var/tmp/koparasy/spack-stage/spack-stage-kokkos-kernels-3.0.00-ere\n            2qwna6r5j7gsjzyj5smrojsggttnt/spack-src/src/blas/impl/KokkosBlas1_a\nxpby_mv_impl.hpp:332:34: error: 'is_same' is not a member of 'Kokko\n            s::Impl'; did you mean 'std::is_same'?\n     586      332 |     static_assert (Kokkos::Impl::is_same<typename YMV::valu\n            e_type,\n     587          |                                  ^~~~~~~\n     588    In file included from /p/vast1/koparasy/BUILD/spack_cluster_install\n            er/quartz/kokkos-kernels/spack_env_dir/linux-rhel7-broadwell/gcc-9.",
    "597                     from /var/tmp/koparasy/spack-stage/spack-stage-kok\n            kos-kernels-3.0.00-ere2qwna6r5j7gsjzyj5smrojsggttnt/spack-src/src/i\n            mpl/generated_specializations_cpp/axpby/KokkosBlas1_axpby_mv_eti_sp\n            ec_inst_dbl_LayoutLeft_Serial_HostSpace.cpp:52:\n  >> 598    /var/tmp/koparasy/spack-stage/spack-stage-kokkos-kernels-3.0.00-ere\n            2qwna6r5j7gsjzyj5smrojsggttnt/spack-src/src/blas/impl/KokkosBlas1_a\nxpby_mv_impl.hpp:332:66: error: expected '(' before ',' token\n     599      332 |     static_assert (Kokkos::Impl::is_same<typename YMV::valu\n            e_type,\n     600          |\n                  ^\n     601          |\n                  (",
    "600          |\n                  ^\n     601          |\n                  (\n  >> 602    /var/tmp/koparasy/spack-stage/spack-stage-kokkos-kernels-3.0.00-ere\n            2qwna6r5j7gsjzyj5smrojsggttnt/spack-src/src/blas/impl/KokkosBlas1_a\nxpby_mv_impl.hpp:333:20: error: expected string-literal before 'typ\n            ename'\n     603      333 |                    typename YMV::non_const_value_type>::val\n            ue,\n     604          |                    ^~~~~~~~\n  >> 605    /var/tmp/koparasy/spack-stage/spack-stage-kokkos-kernels-3.0.00-ere\n            2qwna6r5j7gsjzyj5smrojsggttnt/spack-src/src/blas/impl/KokkosBlas1_a",
    "ename'\n     603      333 |                    typename YMV::non_const_value_type>::val\n            ue,\n     604          |                    ^~~~~~~~\n  >> 605    /var/tmp/koparasy/spack-stage/spack-stage-kokkos-kernels-3.0.00-ere\n            2qwna6r5j7gsjzyj5smrojsggttnt/spack-src/src/blas/impl/KokkosBlas1_a\nxpby_mv_impl.hpp:332:67: error: expected ')' before 'typename'\n     606      332 |     static_assert (Kokkos::Impl::is_same<typename YMV::valu\n            e_type,\n     607          |                   ~\n                   ^\n     608          |\n                   )",
    "xpby_mv_impl.hpp: In constructor 'KokkosBlas::Impl::Axpby_MV_Unroll\n            _Functor<AV, XMV, BV, YMV, scalar_x, scalar_y, UNROLL, SizeType>::A\n            xpby_MV_Unroll_Functor(const XMV&, const YMV&, const AV&, const BV&\n            , SizeType)':\n  >> 612    /var/tmp/koparasy/spack-stage/spack-stage-kokkos-kernels-3.0.00-ere\n            2qwna6r5j7gsjzyj5smrojsggttnt/spack-src/src/blas/impl/KokkosBlas1_a\nxpby_mv_impl.hpp:549:34: error: 'is_same' is not a member of 'Kokko\n            s::Impl'; did you mean 'std::is_same'?\n     613      549 |     static_assert (Kokkos::Impl::is_same<typename YMV::valu\n            e_type,\n     614          |                                  ^~~~~~~\n     615    In file included from /p/vast1/koparasy/BUILD/spack_cluster_install\n            er/quartz/kokkos-kernels/spack_env_dir/linux-rhel7-broadwell/gcc-9.",
    "624                     from /var/tmp/koparasy/spack-stage/spack-stage-kok\n            kos-kernels-3.0.00-ere2qwna6r5j7gsjzyj5smrojsggttnt/spack-src/src/i\n            mpl/generated_specializations_cpp/axpby/KokkosBlas1_axpby_mv_eti_sp\n            ec_inst_dbl_LayoutLeft_Serial_HostSpace.cpp:52:\n  >> 625    /var/tmp/koparasy/spack-stage/spack-stage-kokkos-kernels-3.0.00-ere\n            2qwna6r5j7gsjzyj5smrojsggttnt/spack-src/src/blas/impl/KokkosBlas1_a\nxpby_mv_impl.hpp:549:66: error: expected '(' before ',' token\n     626      549 |     static_assert (Kokkos::Impl::is_same<typename YMV::valu\n            e_type,\n     627          |\n                  ^\n     628          |\n                  (",
    "627          |\n                  ^\n     628          |\n                  (\n  >> 629    /var/tmp/koparasy/spack-stage/spack-stage-kokkos-kernels-3.0.00-ere\n            2qwna6r5j7gsjzyj5smrojsggttnt/spack-src/src/blas/impl/KokkosBlas1_a\nxpby_mv_impl.hpp:550:20: error: expected string-literal before 'typ\n            ename'\n     630      550 |                    typename YMV::non_const_value_type>::val\n            ue,\n     631          |                    ^~~~~~~~\n  >> 632    /var/tmp/koparasy/spack-stage/spack-stage-kokkos-kernels-3.0.00-ere\n            2qwna6r5j7gsjzyj5smrojsggttnt/spack-src/src/blas/impl/KokkosBlas1_a",
    "ename'\n     630      550 |                    typename YMV::non_const_value_type>::val\n            ue,\n     631          |                    ^~~~~~~~\n  >> 632    /var/tmp/koparasy/spack-stage/spack-stage-kokkos-kernels-3.0.00-ere\n            2qwna6r5j7gsjzyj5smrojsggttnt/spack-src/src/blas/impl/KokkosBlas1_a\nxpby_mv_impl.hpp:549:67: error: expected ')' before 'typename'\n     633      549 |     static_assert (Kokkos::Impl::is_same<typename YMV::valu\n            e_type,\n     634          |                   ~\n                   ^\n     635          |\n                   )",
    "_const_value_type, YMV, scalar_x, scalar_y, UNROLL, SizeType>::Axpb\n            y_MV_Unroll_Functor(const XMV&, const YMV&, const typename XMV::non\n            _const_value_type&, const typename YMV::non_const_value_type&, Size\n            Type)':\n  >> 639    /var/tmp/koparasy/spack-stage/spack-stage-kokkos-kernels-3.0.00-ere\n            2qwna6r5j7gsjzyj5smrojsggttnt/spack-src/src/blas/impl/KokkosBlas1_a\nxpby_mv_impl.hpp:770:34: error: 'is_same' is not a member of 'Kokko\n            s::Impl'; did you mean 'std::is_same'?\n     640      770 |     static_assert (Kokkos::Impl::is_same<typename YMV::valu\n            e_type,\n     641          |                                  ^~~~~~~\n     642    In file included from /p/vast1/koparasy/BUILD/spack_cluster_install\n            er/quartz/kokkos-kernels/spack_env_dir/linux-rhel7-broadwell/gcc-9.",
    "651                     from /var/tmp/koparasy/spack-stage/spack-stage-kok\n            kos-kernels-3.0.00-ere2qwna6r5j7gsjzyj5smrojsggttnt/spack-src/src/i\n            mpl/generated_specializations_cpp/axpby/KokkosBlas1_axpby_mv_eti_sp\n            ec_inst_dbl_LayoutLeft_Serial_HostSpace.cpp:52:\n  >> 652    /var/tmp/koparasy/spack-stage/spack-stage-kokkos-kernels-3.0.00-ere\n            2qwna6r5j7gsjzyj5smrojsggttnt/spack-src/src/blas/impl/KokkosBlas1_a\nxpby_mv_impl.hpp:770:66: error: expected '(' before ',' token\n     653      770 |     static_assert (Kokkos::Impl::is_same<typename YMV::valu\n            e_type,\n     654          |\n                  ^\n     655          |\n                  (",
    "654          |\n                  ^\n     655          |\n                  (\n  >> 656    /var/tmp/koparasy/spack-stage/spack-stage-kokkos-kernels-3.0.00-ere\n            2qwna6r5j7gsjzyj5smrojsggttnt/spack-src/src/blas/impl/KokkosBlas1_a\nxpby_mv_impl.hpp:771:20: error: expected string-literal before 'typ\n            ename'\n     657      771 |                    typename YMV::non_const_value_type>::val\n            ue,\n     658          |                    ^~~~~~~~\n  >> 659    /var/tmp/koparasy/spack-stage/spack-stage-kokkos-kernels-3.0.00-ere\n            2qwna6r5j7gsjzyj5smrojsggttnt/spack-src/src/blas/impl/KokkosBlas1_a",
    "ename'\n     657      771 |                    typename YMV::non_const_value_type>::val\n            ue,\n     658          |                    ^~~~~~~~\n  >> 659    /var/tmp/koparasy/spack-stage/spack-stage-kokkos-kernels-3.0.00-ere\n            2qwna6r5j7gsjzyj5smrojsggttnt/spack-src/src/blas/impl/KokkosBlas1_a\nxpby_mv_impl.hpp:770:67: error: expected ')' before 'typename'\n     660      770 |     static_assert (Kokkos::Impl::is_same<typename YMV::valu\n            e_type,\n     661          |                   ~\n                   ^\n     662          |\n                   )",
    "2qwna6r5j7gsjzyj5smrojsggttnt/spack-src/src/blas/impl/KokkosBlas1_a\n            xpby_mv_impl.hpp: In function 'void KokkosBlas::Impl::Axpby_MV_Unro\n            lled(const AV&, const XMV&, const BV&, const YMV&, SizeType, int, i\n            nt)':\n  >> 666    /var/tmp/koparasy/spack-stage/spack-stage-kokkos-kernels-3.0.00-ere\n            2qwna6r5j7gsjzyj5smrojsggttnt/spack-src/src/blas/impl/KokkosBlas1_a\nxpby_mv_impl.hpp:984:32: error: 'is_same' is not a member of 'Kokko\n            s::Impl'; did you mean 'std::is_same'?\n     667      984 |   static_assert (Kokkos::Impl::is_same<typename YMV::value_\n            type,\n     668          |                                ^~~~~~~\n     669    In file included from /p/vast1/koparasy/BUILD/spack_cluster_install\n            er/quartz/kokkos-kernels/spack_env_dir/linux-rhel7-broadwell/gcc-9.",
    "678                     from /var/tmp/koparasy/spack-stage/spack-stage-kok\n            kos-kernels-3.0.00-ere2qwna6r5j7gsjzyj5smrojsggttnt/spack-src/src/i\n            mpl/generated_specializations_cpp/axpby/KokkosBlas1_axpby_mv_eti_sp\n            ec_inst_dbl_LayoutLeft_Serial_HostSpace.cpp:52:\n  >> 679    /var/tmp/koparasy/spack-stage/spack-stage-kokkos-kernels-3.0.00-ere\n            2qwna6r5j7gsjzyj5smrojsggttnt/spack-src/src/blas/impl/KokkosBlas1_a\nxpby_mv_impl.hpp:984:64: error: expected '(' before ',' token\n     680      984 |   static_assert (Kokkos::Impl::is_same<typename YMV::value_\n            type,\n     681          |\n                ^\n     682          |\n                (",
    "681          |\n                ^\n     682          |\n                (\n  >> 683    /var/tmp/koparasy/spack-stage/spack-stage-kokkos-kernels-3.0.00-ere\n            2qwna6r5j7gsjzyj5smrojsggttnt/spack-src/src/blas/impl/KokkosBlas1_a\nxpby_mv_impl.hpp:985:20: error: expected string-literal before 'typ\n            ename'\n     684      985 |                    typename YMV::non_const_value_type>::val\n            ue,\n     685          |                    ^~~~~~~~\n  >> 686    /var/tmp/koparasy/spack-stage/spack-stage-kokkos-kernels-3.0.00-ere\n            2qwna6r5j7gsjzyj5smrojsggttnt/spack-src/src/blas/impl/KokkosBlas1_a",
    "ename'\n     684      985 |                    typename YMV::non_const_value_type>::val\n            ue,\n     685          |                    ^~~~~~~~\n  >> 686    /var/tmp/koparasy/spack-stage/spack-stage-kokkos-kernels-3.0.00-ere\n            2qwna6r5j7gsjzyj5smrojsggttnt/spack-src/src/blas/impl/KokkosBlas1_a\nxpby_mv_impl.hpp:984:65: error: expected ')' before 'typename'\n     687      984 |   static_assert (Kokkos::Impl::is_same<typename YMV::value_\n            type,\n     688          |                 ~\n                 ^\n     689          |\n                 )",
    "692    /var/tmp/koparasy/spack-stage/spack-stage-kokkos-kernels-3.0.00-ere\n            2qwna6r5j7gsjzyj5smrojsggttnt/spack-src/src/blas/impl/KokkosBlas1_a\n            xpby_mv_impl.hpp: In function 'void KokkosBlas::Impl::Axpby_MV_Gene\n            ric(const AV&, const XMV&, const BV&, const YMV&, int, int)':\n  >> 693    /var/tmp/koparasy/spack-stage/spack-stage-kokkos-kernels-3.0.00-ere\n            2qwna6r5j7gsjzyj5smrojsggttnt/spack-src/src/blas/impl/KokkosBlas1_a\nxpby_mv_impl.hpp:1122:32: error: 'is_same' is not a member of 'Kokk\n            os::Impl'; did you mean 'std::is_same'?\n     694     1122 |   static_assert (Kokkos::Impl::is_same<typename YMV::value_\n            type,\n     695          |                                ^~~~~~~\n     696    In file included from /p/vast1/koparasy/BUILD/spack_cluster_install\n            er/quartz/kokkos-kernels/spack_env_dir/linux-rhel7-broadwell/gcc-9.",
    "705                     from /var/tmp/koparasy/spack-stage/spack-stage-kok\n            kos-kernels-3.0.00-ere2qwna6r5j7gsjzyj5smrojsggttnt/spack-src/src/i\n            mpl/generated_specializations_cpp/axpby/KokkosBlas1_axpby_mv_eti_sp\n            ec_inst_dbl_LayoutLeft_Serial_HostSpace.cpp:52:\n  >> 706    /var/tmp/koparasy/spack-stage/spack-stage-kokkos-kernels-3.0.00-ere\n            2qwna6r5j7gsjzyj5smrojsggttnt/spack-src/src/blas/impl/KokkosBlas1_a\nxpby_mv_impl.hpp:1122:64: error: expected '(' before ',' token\n     707     1122 |   static_assert (Kokkos::Impl::is_same<typename YMV::value_\n            type,\n     708          |\n                ^\n     709          |\n                (",
    "708          |\n                ^\n     709          |\n                (\n  >> 710    /var/tmp/koparasy/spack-stage/spack-stage-kokkos-kernels-3.0.00-ere\n            2qwna6r5j7gsjzyj5smrojsggttnt/spack-src/src/blas/impl/KokkosBlas1_a\nxpby_mv_impl.hpp:1123:20: error: expected string-literal before 'ty\n            pename'\n     711     1123 |                    typename YMV::non_const_value_type>::val\n            ue,\n     712          |                    ^~~~~~~~\n  >> 713    /var/tmp/koparasy/spack-stage/spack-stage-kokkos-kernels-3.0.00-ere\n            2qwna6r5j7gsjzyj5smrojsggttnt/spack-src/src/blas/impl/KokkosBlas1_a",
    "pename'\n     711     1123 |                    typename YMV::non_const_value_type>::val\n            ue,\n     712          |                    ^~~~~~~~\n  >> 713    /var/tmp/koparasy/spack-stage/spack-stage-kokkos-kernels-3.0.00-ere\n            2qwna6r5j7gsjzyj5smrojsggttnt/spack-src/src/blas/impl/KokkosBlas1_a\nxpby_mv_impl.hpp:1122:65: error: expected ')' before 'typename'\n     714     1122 |   static_assert (Kokkos::Impl::is_same<typename YMV::value_\n            type,\n     715          |                 ~\n                 ^\n     716          |\n                 )",
    "2qwna6r5j7gsjzyj5smrojsggttnt/spack-src/src/blas/impl/KokkosBlas1_a\n            xpby_mv_impl.hpp: In static member function 'static void KokkosBlas\n            ::Impl::Axpby_MV_Invoke_Left<AV, XMV, BV, YMV, SizeType>::run(const\n             AV&, const XMV&, const BV&, const YMV&, int, int)':\n  >> 720    /var/tmp/koparasy/spack-stage/spack-stage-kokkos-kernels-3.0.00-ere\n            2qwna6r5j7gsjzyj5smrojsggttnt/spack-src/src/blas/impl/KokkosBlas1_a\nxpby_mv_impl.hpp:1262:32: error: 'is_same' is not a member of 'Kokk\n            os::Impl'; did you mean 'std::is_same'?\n     721     1262 |   static_assert (Kokkos::Impl::is_same<typename YMV::value_\n            type,\n     722          |                                ^~~~~~~\n     723    In file included from /p/vast1/koparasy/BUILD/spack_cluster_install\n            er/quartz/kokkos-kernels/spack_env_dir/linux-rhel7-broadwell/gcc-9.",
    "732                     from /var/tmp/koparasy/spack-stage/spack-stage-kok\n            kos-kernels-3.0.00-ere2qwna6r5j7gsjzyj5smrojsggttnt/spack-src/src/i\n            mpl/generated_specializations_cpp/axpby/KokkosBlas1_axpby_mv_eti_sp\n            ec_inst_dbl_LayoutLeft_Serial_HostSpace.cpp:52:\n  >> 733    /var/tmp/koparasy/spack-stage/spack-stage-kokkos-kernels-3.0.00-ere\n            2qwna6r5j7gsjzyj5smrojsggttnt/spack-src/src/blas/impl/KokkosBlas1_a\nxpby_mv_impl.hpp:1262:64: error: expected '(' before ',' token\n     734     1262 |   static_assert (Kokkos::Impl::is_same<typename YMV::value_\n            type,\n     735          |\n                ^\n     736          |\n                (",
    "735          |\n                ^\n     736          |\n                (\n  >> 737    /var/tmp/koparasy/spack-stage/spack-stage-kokkos-kernels-3.0.00-ere\n            2qwna6r5j7gsjzyj5smrojsggttnt/spack-src/src/blas/impl/KokkosBlas1_a\nxpby_mv_impl.hpp:1263:18: error: expected string-literal before 'ty\n            pename'\n     738     1263 |                  typename YMV::non_const_value_type>::value\n            ,\n     739          |                  ^~~~~~~~\n  >> 740    /var/tmp/koparasy/spack-stage/spack-stage-kokkos-kernels-3.0.00-ere\n            2qwna6r5j7gsjzyj5smrojsggttnt/spack-src/src/blas/impl/KokkosBlas1_a",
    "pename'\n     738     1263 |                  typename YMV::non_const_value_type>::value\n            ,\n     739          |                  ^~~~~~~~\n  >> 740    /var/tmp/koparasy/spack-stage/spack-stage-kokkos-kernels-3.0.00-ere\n            2qwna6r5j7gsjzyj5smrojsggttnt/spack-src/src/blas/impl/KokkosBlas1_a\nxpby_mv_impl.hpp:1262:65: error: expected ')' before 'typename'\n     741     1262 |   static_assert (Kokkos::Impl::is_same<typename YMV::value_\n            type,\n     742          |                 ~\n                 ^\n     743          |\n                 )",
    "2qwna6r5j7gsjzyj5smrojsggttnt/spack-src/src/blas/impl/KokkosBlas1_a\n            xpby_mv_impl.hpp: In static member function 'static void KokkosBlas\n            ::Impl::Axpby_MV_Invoke_Right<AV, XMV, BV, YMV, SizeType>::run(cons\n            t AV&, const XMV&, const BV&, const YMV&, int, int)':\n  >> 747    /var/tmp/koparasy/spack-stage/spack-stage-kokkos-kernels-3.0.00-ere\n            2qwna6r5j7gsjzyj5smrojsggttnt/spack-src/src/blas/impl/KokkosBlas1_a\nxpby_mv_impl.hpp:1341:32: error: 'is_same' is not a member of 'Kokk\n            os::Impl'; did you mean 'std::is_same'?\n     748     1341 |   static_assert (Kokkos::Impl::is_same<typename YMV::value_\n            type,\n     749          |                                ^~~~~~~\n     750    In file included from /p/vast1/koparasy/BUILD/spack_cluster_install\n            er/quartz/kokkos-kernels/spack_env_dir/linux-rhel7-broadwell/gcc-9.",
    "759                     from /var/tmp/koparasy/spack-stage/spack-stage-kok\n            kos-kernels-3.0.00-ere2qwna6r5j7gsjzyj5smrojsggttnt/spack-src/src/i\n            mpl/generated_specializations_cpp/axpby/KokkosBlas1_axpby_mv_eti_sp\n            ec_inst_dbl_LayoutLeft_Serial_HostSpace.cpp:52:\n  >> 760    /var/tmp/koparasy/spack-stage/spack-stage-kokkos-kernels-3.0.00-ere\n            2qwna6r5j7gsjzyj5smrojsggttnt/spack-src/src/blas/impl/KokkosBlas1_a\nxpby_mv_impl.hpp:1341:64: error: expected '(' before ',' token\n     761     1341 |   static_assert (Kokkos::Impl::is_same<typename YMV::value_\n            type,\n     762          |\n                ^\n     763          |\n                (",
    "762          |\n                ^\n     763          |\n                (\n  >> 764    /var/tmp/koparasy/spack-stage/spack-stage-kokkos-kernels-3.0.00-ere\n            2qwna6r5j7gsjzyj5smrojsggttnt/spack-src/src/blas/impl/KokkosBlas1_a\nxpby_mv_impl.hpp:1342:18: error: expected string-literal before 'ty\n            pename'\n     765     1342 |                  typename YMV::non_const_value_type>::value\n            ,\n     766          |                  ^~~~~~~~\n  >> 767    /var/tmp/koparasy/spack-stage/spack-stage-kokkos-kernels-3.0.00-ere\n            2qwna6r5j7gsjzyj5smrojsggttnt/spack-src/src/blas/impl/KokkosBlas1_a",
    "pename'\n     765     1342 |                  typename YMV::non_const_value_type>::value\n            ,\n     766          |                  ^~~~~~~~\n  >> 767    /var/tmp/koparasy/spack-stage/spack-stage-kokkos-kernels-3.0.00-ere\n            2qwna6r5j7gsjzyj5smrojsggttnt/spack-src/src/blas/impl/KokkosBlas1_a\nxpby_mv_impl.hpp:1341:65: error: expected ')' before 'typename'\n     768     1341 |   static_assert (Kokkos::Impl::is_same<typename YMV::value_\n            type,\n     769          |                 ~\n                 ^\n     770          |\n                 )",
    "2qwna6r5j7gsjzyj5smrojsggttnt/spack-src/src/blas/impl/KokkosBlas1_a\n            xpby_spec.hpp: In static member function 'static void KokkosBlas::I\n            mpl::Axpby<AV, XMV, BV, YMV, 2, false, true>::axpby(const AV&, cons\n            t XMV&, const BV&, const YMV&)':\n  >> 775    /var/tmp/koparasy/spack-stage/spack-stage-kokkos-kernels-3.0.00-ere\n            2qwna6r5j7gsjzyj5smrojsggttnt/spack-src/src/blas/impl/KokkosBlas1_a\nxpby_spec.hpp:173:34: error: 'is_same' is not a member of 'Kokkos::\n            Impl'; did you mean 'std::is_same'?\n     776      173 |     static_assert (Kokkos::Impl::is_same<typename YMV::valu\n            e_type,\n     777          |                                  ^~~~~~~\n     778    In file included from /p/vast1/koparasy/BUILD/spack_cluster_install\n            er/quartz/kokkos-kernels/spack_env_dir/linux-rhel7-broadwell/gcc-9.",
    "786    In file included from /var/tmp/koparasy/spack-stage/spack-stage-kok\n            kos-kernels-3.0.00-ere2qwna6r5j7gsjzyj5smrojsggttnt/spack-src/src/i\n            mpl/generated_specializations_cpp/axpby/KokkosBlas1_axpby_mv_eti_sp\n            ec_inst_dbl_LayoutLeft_Serial_HostSpace.cpp:52:\n  >> 787    /var/tmp/koparasy/spack-stage/spack-stage-kokkos-kernels-3.0.00-ere\n            2qwna6r5j7gsjzyj5smrojsggttnt/spack-src/src/blas/impl/KokkosBlas1_a\nxpby_spec.hpp:173:66: error: expected '(' before ',' token\n     788      173 |     static_assert (Kokkos::Impl::is_same<typename YMV::valu\n            e_type,\n     789          |\n                  ^\n     790          |\n                  (",
    "789          |\n                  ^\n     790          |\n                  (\n  >> 791    /var/tmp/koparasy/spack-stage/spack-stage-kokkos-kernels-3.0.00-ere\n            2qwna6r5j7gsjzyj5smrojsggttnt/spack-src/src/blas/impl/KokkosBlas1_a\nxpby_spec.hpp:174:22: error: expected string-literal before 'typena\n            me'\n     792      174 |                      typename YMV::non_const_value_type>::v\n            alue,\n     793          |                      ^~~~~~~~\n  >> 794    /var/tmp/koparasy/spack-stage/spack-stage-kokkos-kernels-3.0.00-ere\n            2qwna6r5j7gsjzyj5smrojsggttnt/spack-src/src/blas/impl/KokkosBlas1_a",
    "me'\n     792      174 |                      typename YMV::non_const_value_type>::v\n            alue,\n     793          |                      ^~~~~~~~\n  >> 794    /var/tmp/koparasy/spack-stage/spack-stage-kokkos-kernels-3.0.00-ere\n            2qwna6r5j7gsjzyj5smrojsggttnt/spack-src/src/blas/impl/KokkosBlas1_a\nxpby_spec.hpp:173:67: error: expected ')' before 'typename'\n     795      173 |     static_assert (Kokkos::Impl::is_same<typename YMV::valu\n            e_type,\n     796          |                   ~\n                   ^\n     797          |\n                   )",
    "xpby_spec.hpp: In static member function 'static void KokkosBlas::I\n            mpl::Axpby<typename XMV::non_const_value_type, XMV, typename YMV::n\n            on_const_value_type, YMV, 2, false, true>::axpby(const AV&, const X\n            MV&, const BV&, const YMV&)':\n  >> 802    /var/tmp/koparasy/spack-stage/spack-stage-kokkos-kernels-3.0.00-ere\n            2qwna6r5j7gsjzyj5smrojsggttnt/spack-src/src/blas/impl/KokkosBlas1_a\nxpby_spec.hpp:242:34: error: 'is_same' is not a member of 'Kokkos::\n            Impl'; did you mean 'std::is_same'?\n     803      242 |     static_assert (Kokkos::Impl::is_same<typename YMV::valu\n            e_type,\n     804          |                                  ^~~~~~~\n     805    In file included from /p/vast1/koparasy/BUILD/spack_cluster_install\n            er/quartz/kokkos-kernels/spack_env_dir/linux-rhel7-broadwell/gcc-9.",
    "813    In file included from /var/tmp/koparasy/spack-stage/spack-stage-kok\n            kos-kernels-3.0.00-ere2qwna6r5j7gsjzyj5smrojsggttnt/spack-src/src/i\n            mpl/generated_specializations_cpp/axpby/KokkosBlas1_axpby_mv_eti_sp\n            ec_inst_dbl_LayoutLeft_Serial_HostSpace.cpp:52:\n  >> 814    /var/tmp/koparasy/spack-stage/spack-stage-kokkos-kernels-3.0.00-ere\n            2qwna6r5j7gsjzyj5smrojsggttnt/spack-src/src/blas/impl/KokkosBlas1_a\nxpby_spec.hpp:242:66: error: expected '(' before ',' token\n     815      242 |     static_assert (Kokkos::Impl::is_same<typename YMV::valu\n            e_type,\n     816          |\n                  ^\n     817          |\n                  (",
    "816          |\n                  ^\n     817          |\n                  (\n  >> 818    /var/tmp/koparasy/spack-stage/spack-stage-kokkos-kernels-3.0.00-ere\n            2qwna6r5j7gsjzyj5smrojsggttnt/spack-src/src/blas/impl/KokkosBlas1_a\nxpby_spec.hpp:243:22: error: expected string-literal before 'typena\n            me'\n     819      243 |                      typename YMV::non_const_value_type>::v\n            alue,\n     820          |                      ^~~~~~~~\n  >> 821    /var/tmp/koparasy/spack-stage/spack-stage-kokkos-kernels-3.0.00-ere\n            2qwna6r5j7gsjzyj5smrojsggttnt/spack-src/src/blas/impl/KokkosBlas1_a",
    "me'\n     819      243 |                      typename YMV::non_const_value_type>::v\n            alue,\n     820          |                      ^~~~~~~~\n  >> 821    /var/tmp/koparasy/spack-stage/spack-stage-kokkos-kernels-3.0.00-ere\n            2qwna6r5j7gsjzyj5smrojsggttnt/spack-src/src/blas/impl/KokkosBlas1_a\nxpby_spec.hpp:242:67: error: expected ')' before 'typename'\n     822      242 |     static_assert (Kokkos::Impl::is_same<typename YMV::valu\n            e_type,\n     823          |                   ~\n                   ^\n     824          |\n                   )",
    "xpby_spec.hpp: In static member function 'static void KokkosBlas::I\n            mpl::Axpby<typename XV::non_const_value_type, XV, typename YV::non_\n            const_value_type, YV, 1, false, true>::axpby(const AV&, const XV&,\n            const BV&, const YV&)':\n  >> 828    /var/tmp/koparasy/spack-stage/spack-stage-kokkos-kernels-3.0.00-ere\n            2qwna6r5j7gsjzyj5smrojsggttnt/spack-src/src/blas/impl/KokkosBlas1_a\nxpby_spec.hpp:335:34: error: 'is_same' is not a member of 'Kokkos::\n            Impl'; did you mean 'std::is_same'?\n     829      335 |     static_assert (Kokkos::Impl::is_same<typename YV::value\n            _type,\n     830          |                                  ^~~~~~~\n     831    In file included from /p/vast1/koparasy/BUILD/spack_cluster_install\n            er/quartz/kokkos-kernels/spack_env_dir/linux-rhel7-broadwell/gcc-9.",
    "839    In file included from /var/tmp/koparasy/spack-stage/spack-stage-kok\n            kos-kernels-3.0.00-ere2qwna6r5j7gsjzyj5smrojsggttnt/spack-src/src/i\n            mpl/generated_specializations_cpp/axpby/KokkosBlas1_axpby_mv_eti_sp\n            ec_inst_dbl_LayoutLeft_Serial_HostSpace.cpp:52:\n  >> 840    /var/tmp/koparasy/spack-stage/spack-stage-kokkos-kernels-3.0.00-ere\n            2qwna6r5j7gsjzyj5smrojsggttnt/spack-src/src/blas/impl/KokkosBlas1_a\nxpby_spec.hpp:335:65: error: expected '(' before ',' token\n     841      335 |     static_assert (Kokkos::Impl::is_same<typename YV::value\n            _type,\n     842          |\n                 ^\n     843          |\n                 (",
    "842          |\n                 ^\n     843          |\n                 (\n  >> 844    /var/tmp/koparasy/spack-stage/spack-stage-kokkos-kernels-3.0.00-ere\n            2qwna6r5j7gsjzyj5smrojsggttnt/spack-src/src/blas/impl/KokkosBlas1_a\nxpby_spec.hpp:336:22: error: expected string-literal before 'typena\n            me'\n     845      336 |                      typename YV::non_const_value_type>::va\n            lue,\n     846          |                      ^~~~~~~~\n  >> 847    /var/tmp/koparasy/spack-stage/spack-stage-kokkos-kernels-3.0.00-ere\n            2qwna6r5j7gsjzyj5smrojsggttnt/spack-src/src/blas/impl/KokkosBlas1_a",
    "me'\n     845      336 |                      typename YV::non_const_value_type>::va\n            lue,\n     846          |                      ^~~~~~~~\n  >> 847    /var/tmp/koparasy/spack-stage/spack-stage-kokkos-kernels-3.0.00-ere\n            2qwna6r5j7gsjzyj5smrojsggttnt/spack-src/src/blas/impl/KokkosBlas1_a\nxpby_spec.hpp:335:66: error: expected ')' before 'typename'\n     848      335 |     static_assert (Kokkos::Impl::is_same<typename YV::value\n            _type,\n     849          |                   ~\n                  ^\n     850          |\n                  )",
    "2qwna6r5j7gsjzyj5smrojsggttnt/spack-src/src/blas/impl/KokkosBlas1_d\n            ot_mv_impl.hpp: In constructor 'KokkosBlas::Impl::MV_V_Dot_Functor<\n            RV, XMV, YV, SizeType>::MV_V_Dot_Functor(const RV&, const XMV&, con\n            st YV&, bool)':\n  >> 857    /var/tmp/koparasy/spack-stage/spack-stage-kokkos-kernels-3.0.00-ere\n            2qwna6r5j7gsjzyj5smrojsggttnt/spack-src/src/blas/impl/KokkosBlas1_d\not_mv_impl.hpp:103:34: error: 'is_same' is not a member of 'Kokkos:\n            :Impl'; did you mean 'std::is_same'?\n     858      103 |     static_assert (Kokkos::Impl::is_same<typename RV::value\n            _type,\n     859          |                                  ^~~~~~~\n     860    In file included from /p/vast1/koparasy/BUILD/spack_cluster_install\n            er/quartz/kokkos-kernels/spack_env_dir/linux-rhel7-broadwell/gcc-9.",
    "869                     from /var/tmp/koparasy/spack-stage/spack-stage-kok\n            kos-kernels-3.0.00-ere2qwna6r5j7gsjzyj5smrojsggttnt/spack-src/src/i\n            mpl/generated_specializations_cpp/dot/KokkosBlas1_dot_eti_spec_inst\n            _dbl_LayoutLeft_Serial_HostSpace.cpp:52:\n  >> 870    /var/tmp/koparasy/spack-stage/spack-stage-kokkos-kernels-3.0.00-ere\n            2qwna6r5j7gsjzyj5smrojsggttnt/spack-src/src/blas/impl/KokkosBlas1_d\not_mv_impl.hpp:103:65: error: expected '(' before ',' token\n     871      103 |     static_assert (Kokkos::Impl::is_same<typename RV::value\n            _type,\n     872          |\n                 ^\n     873          |\n                 (",
    "872          |\n                 ^\n     873          |\n                 (\n  >> 874    /var/tmp/koparasy/spack-stage/spack-stage-kokkos-kernels-3.0.00-ere\n            2qwna6r5j7gsjzyj5smrojsggttnt/spack-src/src/blas/impl/KokkosBlas1_d\not_mv_impl.hpp:104:20: error: expected string-literal before 'typen\n            ame'\n     875      104 |                    typename RV::non_const_value_type>::valu\n            e,\n     876          |                    ^~~~~~~~\n  >> 877    /var/tmp/koparasy/spack-stage/spack-stage-kokkos-kernels-3.0.00-ere\n            2qwna6r5j7gsjzyj5smrojsggttnt/spack-src/src/blas/impl/KokkosBlas1_d",
    "ame'\n     875      104 |                    typename RV::non_const_value_type>::valu\n            e,\n     876          |                    ^~~~~~~~\n  >> 877    /var/tmp/koparasy/spack-stage/spack-stage-kokkos-kernels-3.0.00-ere\n            2qwna6r5j7gsjzyj5smrojsggttnt/spack-src/src/blas/impl/KokkosBlas1_d\not_mv_impl.hpp:103:66: error: expected ')' before 'typename'\n     878      103 |     static_assert (Kokkos::Impl::is_same<typename RV::value\n            _type,\n     879          |                   ~\n                  ^\n     880          |\n                  )",
    "2qwna6r5j7gsjzyj5smrojsggttnt/spack-src/src/blas/impl/KokkosBlas1_d\n            ot_mv_impl.hpp: In constructor 'KokkosBlas::Impl::MV_Dot_Right_Func\n            torVector<RV, XMV, YMV, SizeType>::MV_Dot_Right_FunctorVector(const\n             RV&, const XMV&, const YMV&)':\n  >> 884    /var/tmp/koparasy/spack-stage/spack-stage-kokkos-kernels-3.0.00-ere\n            2qwna6r5j7gsjzyj5smrojsggttnt/spack-src/src/blas/impl/KokkosBlas1_d\not_mv_impl.hpp:222:34: error: 'is_same' is not a member of 'Kokkos:\n            :Impl'; did you mean 'std::is_same'?\n     885      222 |     static_assert (Kokkos::Impl::is_same<typename RV::value\n            _type,\n     886          |                                  ^~~~~~~\n     887    In file included from /p/vast1/koparasy/BUILD/spack_cluster_install\n            er/quartz/kokkos-kernels/spack_env_dir/linux-rhel7-broadwell/gcc-9.",
    "896                     from /var/tmp/koparasy/spack-stage/spack-stage-kok\n            kos-kernels-3.0.00-ere2qwna6r5j7gsjzyj5smrojsggttnt/spack-src/src/i\n            mpl/generated_specializations_cpp/dot/KokkosBlas1_dot_eti_spec_inst\n            _dbl_LayoutLeft_Serial_HostSpace.cpp:52:\n  >> 897    /var/tmp/koparasy/spack-stage/spack-stage-kokkos-kernels-3.0.00-ere\n            2qwna6r5j7gsjzyj5smrojsggttnt/spack-src/src/blas/impl/KokkosBlas1_d\not_mv_impl.hpp:222:65: error: expected '(' before ',' token\n     898      222 |     static_assert (Kokkos::Impl::is_same<typename RV::value\n            _type,\n     899          |\n                 ^\n     900          |\n                 (",
    "899          |\n                 ^\n     900          |\n                 (\n  >> 901    /var/tmp/koparasy/spack-stage/spack-stage-kokkos-kernels-3.0.00-ere\n            2qwna6r5j7gsjzyj5smrojsggttnt/spack-src/src/blas/impl/KokkosBlas1_d\not_mv_impl.hpp:223:20: error: expected string-literal before 'typen\n            ame'\n     902      223 |                    typename RV::non_const_value_type>::valu\n            e,\n     903          |                    ^~~~~~~~\n  >> 904    /var/tmp/koparasy/spack-stage/spack-stage-kokkos-kernels-3.0.00-ere\n            2qwna6r5j7gsjzyj5smrojsggttnt/spack-src/src/blas/impl/KokkosBlas1_d",
    "ame'\n     902      223 |                    typename RV::non_const_value_type>::valu\n            e,\n     903          |                    ^~~~~~~~\n  >> 904    /var/tmp/koparasy/spack-stage/spack-stage-kokkos-kernels-3.0.00-ere\n            2qwna6r5j7gsjzyj5smrojsggttnt/spack-src/src/blas/impl/KokkosBlas1_d\not_mv_impl.hpp:222:66: error: expected ')' before 'typename'\n     905      222 |     static_assert (Kokkos::Impl::is_same<typename RV::value\n            _type,\n     906          |                   ~\n                  ^\n     907          |\n                  )",
    "2qwna6r5j7gsjzyj5smrojsggttnt/spack-src/src/blas/impl/KokkosBlas1_d\n            ot_mv_impl.hpp: In constructor 'KokkosBlas::Impl::MV_Dot_Right_Func\n            torUnroll<RV, XMV, YMV, UNROLL, SizeType>::MV_Dot_Right_FunctorUnro\n            ll(const RV&, const XMV&, const YMV&)':\n  >> 911    /var/tmp/koparasy/spack-stage/spack-stage-kokkos-kernels-3.0.00-ere\n            2qwna6r5j7gsjzyj5smrojsggttnt/spack-src/src/blas/impl/KokkosBlas1_d\not_mv_impl.hpp:330:34: error: 'is_same' is not a member of 'Kokkos:\n            :Impl'; did you mean 'std::is_same'?\n     912      330 |     static_assert (Kokkos::Impl::is_same<typename RV::value\n            _type,\n     913          |                                  ^~~~~~~\n     914    In file included from /p/vast1/koparasy/BUILD/spack_cluster_install\n            er/quartz/kokkos-kernels/spack_env_dir/linux-rhel7-broadwell/gcc-9.",
    "923                     from /var/tmp/koparasy/spack-stage/spack-stage-kok\n            kos-kernels-3.0.00-ere2qwna6r5j7gsjzyj5smrojsggttnt/spack-src/src/i\n            mpl/generated_specializations_cpp/dot/KokkosBlas1_dot_eti_spec_inst\n            _dbl_LayoutLeft_Serial_HostSpace.cpp:52:\n  >> 924    /var/tmp/koparasy/spack-stage/spack-stage-kokkos-kernels-3.0.00-ere\n            2qwna6r5j7gsjzyj5smrojsggttnt/spack-src/src/blas/impl/KokkosBlas1_d\not_mv_impl.hpp:330:65: error: expected '(' before ',' token\n     925      330 |     static_assert (Kokkos::Impl::is_same<typename RV::value\n            _type,\n     926          |\n                 ^\n     927          |\n                 (",
    "926          |\n                 ^\n     927          |\n                 (\n  >> 928    /var/tmp/koparasy/spack-stage/spack-stage-kokkos-kernels-3.0.00-ere\n            2qwna6r5j7gsjzyj5smrojsggttnt/spack-src/src/blas/impl/KokkosBlas1_d\not_mv_impl.hpp:331:20: error: expected string-literal before 'typen\n            ame'\n     929      331 |                    typename RV::non_const_value_type>::valu\n            e,\n     930          |                    ^~~~~~~~\n  >> 931    /var/tmp/koparasy/spack-stage/spack-stage-kokkos-kernels-3.0.00-ere\n            2qwna6r5j7gsjzyj5smrojsggttnt/spack-src/src/blas/impl/KokkosBlas1_d",
    "ame'\n     929      331 |                    typename RV::non_const_value_type>::valu\n            e,\n     930          |                    ^~~~~~~~\n  >> 931    /var/tmp/koparasy/spack-stage/spack-stage-kokkos-kernels-3.0.00-ere\n            2qwna6r5j7gsjzyj5smrojsggttnt/spack-src/src/blas/impl/KokkosBlas1_d\not_mv_impl.hpp:330:66: error: expected ')' before 'typename'\n     932      330 |     static_assert (Kokkos::Impl::is_same<typename RV::value\n            _type,\n     933          |                   ~\n                  ^\n     934          |\n                  )",
    ">> 937    make[2]: *** [src/CMakeFiles/kokkoskernels.dir/impl/generated_speci\n            alizations_cpp/dot/KokkosBlas1_dot_eti_spec_inst_dbl_LayoutLeft_Ser\n            ial_HostSpace.cpp.o] Error 1\n     938    make[2]: Leaving directory `/tmp/koparasy/spack-stage/spack-stage-k\n            okkos-kernels-3.0.00-ere2qwna6r5j7gsjzyj5smrojsggttnt/spack-build-e\n            re2qwn'\n>> 939    make[1]: *** [src/CMakeFiles/kokkoskernels.dir/all] Error 2\n     940    make[1]: Leaving directory `/tmp/koparasy/spack-stage/spack-stage-k\n            okkos-kernels-3.0.00-ere2qwna6r5j7gsjzyj5smrojsggttnt/spack-build-e\n            re2qwn'\n  >> 941    make: *** [all] Error 2\n\nSee build log for details:",
    "okkos-kernels-3.0.00-ere2qwna6r5j7gsjzyj5smrojsggttnt/spack-build-e\n            re2qwn'\n  >> 939    make[1]: *** [src/CMakeFiles/kokkoskernels.dir/all] Error 2\n     940    make[1]: Leaving directory `/tmp/koparasy/spack-stage/spack-stage-k\n            okkos-kernels-3.0.00-ere2qwna6r5j7gsjzyj5smrojsggttnt/spack-build-e\n            re2qwn'\n>> 941    make: *** [all] Error 2\n\nSee build log for details:\n  /var/tmp/koparasy/spack-stage/spack-stage-kokkos-kernels-3.0.00-ere2qwna6r5j7gsjzyj5smrojsggttnt/spack-build-out.txt\n\nTraceback (most recent call last):\n  File \"/p/vast1/koparasy/BUILD/head/spack/lib/spack/spack/build_environment.py\", line 1035, in _setup_pkg_and_run"
]