[
    "14530    /tmp/koparasy/spack-stage/spack-stage-llvm-amdgpu-4.3.1-4mlk5ieu3\n              rt5msy7vxmxa4qh4zuq4zhb/spack-build-4mlk5ie/include/c++/v1/varian\n              t: In member function 'void std::__1::__variant_detail::__impl<_T\n              ypes>::__swap(std::__1::__variant_detail::__impl<_Types>&)':\n  >> 14531    /tmp/koparasy/spack-stage/spack-stage-llvm-amdgpu-4.3.1-4mlk5ieu3\n              rt5msy7vxmxa4qh4zuq4zhb/spack-build-4mlk5ie/include/c++/v1/varian\nt:1114:10: error: expected '(' before 'constexpr'\n     14532           if constexpr (__all<is_nothrow_move_constructible_v<_Types\n              >...>::value) {\n     14533              ^~~~~~~~~\n  >> 14534    /tmp/koparasy/spack-stage/spack-stage-llvm-amdgpu-4.3.1-4mlk5ieu3\n              rt5msy7vxmxa4qh4zuq4zhb/spack-build-4mlk5ie/include/c++/v1/varian\n              t:1116:9: error: 'else' without a previous 'if'",
    "t:1114:10: error: expected '(' before 'constexpr'\n     14532           if constexpr (__all<is_nothrow_move_constructible_v<_Types\n              >...>::value) {\n     14533              ^~~~~~~~~\n  >> 14534    /tmp/koparasy/spack-stage/spack-stage-llvm-amdgpu-4.3.1-4mlk5ieu3\n              rt5msy7vxmxa4qh4zuq4zhb/spack-build-4mlk5ie/include/c++/v1/varian\nt:1116:9: error: 'else' without a previous 'if'\n     14535           } else {\n     14536             ^~~~\n     14537    /tmp/koparasy/spack-stage/spack-stage-llvm-amdgpu-4.3.1-4mlk5ieu3\n              rt5msy7vxmxa4qh4zuq4zhb/spack-build-4mlk5ie/include/c++/v1/varian\n              t: At global scope:\n  >> 14538    /tmp/koparasy/spack-stage/spack-stage-llvm-amdgpu-4.3.1-4mlk5ieu3",
    "14536             ^~~~\n     14537    /tmp/koparasy/spack-stage/spack-stage-llvm-amdgpu-4.3.1-4mlk5ieu3\n              rt5msy7vxmxa4qh4zuq4zhb/spack-build-4mlk5ie/include/c++/v1/varian\n              t: At global scope:\n  >> 14538    /tmp/koparasy/spack-stage/spack-stage-llvm-amdgpu-4.3.1-4mlk5ieu3\n              rt5msy7vxmxa4qh4zuq4zhb/spack-build-4mlk5ie/include/c++/v1/varian\nt:1194:26: error: parameter packs not expanded with '...':\n     14539       using _Bases::operator()...;\n     14540                              ^\n     14541    /tmp/koparasy/spack-stage/spack-stage-llvm-amdgpu-4.3.1-4mlk5ieu3\n              rt5msy7vxmxa4qh4zuq4zhb/spack-build-4mlk5ie/include/c++/v1/varian\n              t:1194:26: note:         '_Bases'\n  >> 14542    /tmp/koparasy/spack-stage/spack-stage-llvm-amdgpu-4.3.1-4mlk5ieu3",
    "14540                              ^\n     14541    /tmp/koparasy/spack-stage/spack-stage-llvm-amdgpu-4.3.1-4mlk5ieu3\n              rt5msy7vxmxa4qh4zuq4zhb/spack-build-4mlk5ie/include/c++/v1/varian\n              t:1194:26: note:         '_Bases'\n  >> 14542    /tmp/koparasy/spack-stage/spack-stage-llvm-amdgpu-4.3.1-4mlk5ieu3\n              rt5msy7vxmxa4qh4zuq4zhb/spack-build-4mlk5ie/include/c++/v1/varian\nt:1194:27: error: expected ';' before '...' token\n     14543       using _Bases::operator()...;\n     14544                               ^~~\n  >> 14545    /tmp/koparasy/spack-stage/spack-stage-llvm-amdgpu-4.3.1-4mlk5ieu3\n              rt5msy7vxmxa4qh4zuq4zhb/spack-build-4mlk5ie/include/c++/v1/varian\n              t:1194:27: error: expected unqualified-id before '...' token\n     14546    make[3]: Entering directory `/tmp/koparasy/spack-stage/spack-stag",
    "rt5msy7vxmxa4qh4zuq4zhb/spack-build-4mlk5ie/include/c++/v1/varian\n              t:1194:27: error: expected ';' before '...' token\n     14543       using _Bases::operator()...;\n     14544                               ^~~\n  >> 14545    /tmp/koparasy/spack-stage/spack-stage-llvm-amdgpu-4.3.1-4mlk5ieu3\n              rt5msy7vxmxa4qh4zuq4zhb/spack-build-4mlk5ie/include/c++/v1/varian\nt:1194:27: error: expected unqualified-id before '...' token\n     14546    make[3]: Entering directory `/tmp/koparasy/spack-stage/spack-stag\n              e-llvm-amdgpu-4.3.1-4mlk5ieu3rt5msy7vxmxa4qh4zuq4zhb/spack-build-\n              4mlk5ie/projects/compiler-rt/lib/fuzzer/libcxx_fuzzer_x86_64-bins\n              '\n     14547    In file included from /tmp/koparasy/spack-stage/spack-stage-llvm-\n              amdgpu-4.3.1-4mlk5ieu3rt5msy7vxmxa4qh4zuq4zhb/spack-build-4mlk5ie",
    "-type'\n  >> 24059    make[5]: *** [cxx/src/CMakeFiles/cxx_static.dir/variant.cpp.o] Er\n              ror 1\n     24060    make[5]: Leaving directory `/tmp/koparasy/spack-stage/spack-stage\n              -llvm-amdgpu-4.3.1-4mlk5ieu3rt5msy7vxmxa4qh4zuq4zhb/spack-build-4\n              mlk5ie/projects/compiler-rt/lib/fuzzer/libcxx_fuzzer_x86_64-bins'\n>> 24061    make[4]: *** [cxx/src/CMakeFiles/cxx_static.dir/all] Error 2\n     24062    make[4]: Leaving directory `/tmp/koparasy/spack-stage/spack-stage\n              -llvm-amdgpu-4.3.1-4mlk5ieu3rt5msy7vxmxa4qh4zuq4zhb/spack-build-4\n              mlk5ie/projects/compiler-rt/lib/fuzzer/libcxx_fuzzer_x86_64-bins'\n  >> 24063    make[3]: *** [all] Error 2\n     24064    make[3]: Leaving directory `/tmp/koparasy/spack-stage/spack-stage\n              -llvm-amdgpu-4.3.1-4mlk5ieu3rt5msy7vxmxa4qh4zuq4zhb/spack-build-4",
    "-llvm-amdgpu-4.3.1-4mlk5ieu3rt5msy7vxmxa4qh4zuq4zhb/spack-build-4\n              mlk5ie/projects/compiler-rt/lib/fuzzer/libcxx_fuzzer_x86_64-bins'\n  >> 24061    make[4]: *** [cxx/src/CMakeFiles/cxx_static.dir/all] Error 2\n     24062    make[4]: Leaving directory `/tmp/koparasy/spack-stage/spack-stage\n              -llvm-amdgpu-4.3.1-4mlk5ieu3rt5msy7vxmxa4qh4zuq4zhb/spack-build-4\n              mlk5ie/projects/compiler-rt/lib/fuzzer/libcxx_fuzzer_x86_64-bins'\n>> 24063    make[3]: *** [all] Error 2\n     24064    make[3]: Leaving directory `/tmp/koparasy/spack-stage/spack-stage\n              -llvm-amdgpu-4.3.1-4mlk5ieu3rt5msy7vxmxa4qh4zuq4zhb/spack-build-4\n              mlk5ie/projects/compiler-rt/lib/fuzzer/libcxx_fuzzer_x86_64-bins'\n  >> 24065    make[2]: *** [projects/compiler-rt/lib/fuzzer/libcxx_fuzzer_x86_6\n              4-stamps/libcxx_fuzzer_x86_64-build] Error 2\n     24066    make[2]: Leaving directory `/tmp/koparasy/spack-stage/spack-stage",
    "-llvm-amdgpu-4.3.1-4mlk5ieu3rt5msy7vxmxa4qh4zuq4zhb/spack-build-4\n              mlk5ie'\n     24090    [ 18%] Built target LLVMSupport\n     24091    make[1]: Leaving directory `/tmp/koparasy/spack-stage/spack-stage\n              -llvm-amdgpu-4.3.1-4mlk5ieu3rt5msy7vxmxa4qh4zuq4zhb/spack-build-4\n              mlk5ie'\n>> 24092    make: *** [all] Error 2\n\nSee build log for details:\n  /var/tmp/koparasy/spack-stage/spack-stage-llvm-amdgpu-4.3.1-4mlk5ieu3rt5msy7vxmxa4qh4zuq4zhb/spack-build-out.txt\n\nTraceback (most recent call last):\n  File \"/p/vast1/koparasy/BUILD/head/spack/lib/spack/spack/build_environment.py\", line 1035, in _setup_pkg_and_run",
    "14623     void __do_deallocate_handle_size(void *__ptr, size_t __size, _Ar\n              gs ...__args) {\n     14624          ^~~~~~~~~~~~~~~~~~~~~~~~~~~\n     14625    /tmp/koparasy/spack-stage/spack-stage-llvm-amdgpu-4.3.1-4mlk5ieu3\n              rt5msy7vxmxa4qh4zuq4zhb/spack-build-4mlk5ie/include/c++/v1/new:23\n3:7: warning: always_inline function might not be inlinable [-Wat\n              tributes]\n     14626     void* __libcpp_operator_new(_Args ...__args) {\n     14627           ^~~~~~~~~~~~~~~~~~~~~\n     14628    cc1plus: warning: unrecognized command line option '-Wno-noexcept\n              -type'\n  >> 14629    make[2]: *** [projects/libcxx/src/CMakeFiles/cxx_static.dir/varia",
    "14625    /tmp/koparasy/spack-stage/spack-stage-llvm-amdgpu-4.3.1-4mlk5ieu3\n              rt5msy7vxmxa4qh4zuq4zhb/spack-build-4mlk5ie/include/c++/v1/new:23\n              3:7: warning: always_inline function might not be inlinable [-Wat\n              tributes]\n     14626     void* __libcpp_operator_new(_Args ...__args) {\n     14627           ^~~~~~~~~~~~~~~~~~~~~\n14628    cc1plus: warning: unrecognized command line option '-Wno-noexcept\n              -type'\n  >> 14629    make[2]: *** [projects/libcxx/src/CMakeFiles/cxx_static.dir/varia\n              nt.cpp.o] Error 1\n     14630    make[2]: Leaving directory `/tmp/koparasy/spack-stage/spack-stage\n              -llvm-amdgpu-4.3.1-4mlk5ieu3rt5msy7vxmxa4qh4zuq4zhb/spack-build-4\n              mlk5ie'",
    "24053     void __do_deallocate_handle_size(void *__ptr, size_t __size, _Ar\n              gs ...__args) {\n     24054          ^~~~~~~~~~~~~~~~~~~~~~~~~~~\n     24055    /tmp/koparasy/spack-stage/spack-stage-llvm-amdgpu-4.3.1-4mlk5ieu3\n              rt5msy7vxmxa4qh4zuq4zhb/spack-build-4mlk5ie/projects/compiler-rt/\nlib/fuzzer/libcxx_fuzzer_x86_64/include/c++/v1/new:233:7: warning\n              : always_inline function might not be inlinable [-Wattributes]\n     24056     void* __libcpp_operator_new(_Args ...__args) {\n     24057           ^~~~~~~~~~~~~~~~~~~~~\n     24058    cc1plus: warning: unrecognized command line option '-Wno-noexcept\n              -type'\n  >> 24059    make[5]: *** [cxx/src/CMakeFiles/cxx_static.dir/variant.cpp.o] Er",
    "24055    /tmp/koparasy/spack-stage/spack-stage-llvm-amdgpu-4.3.1-4mlk5ieu3\n              rt5msy7vxmxa4qh4zuq4zhb/spack-build-4mlk5ie/projects/compiler-rt/\n              lib/fuzzer/libcxx_fuzzer_x86_64/include/c++/v1/new:233:7: warning\n              : always_inline function might not be inlinable [-Wattributes]\n     24056     void* __libcpp_operator_new(_Args ...__args) {\n     24057           ^~~~~~~~~~~~~~~~~~~~~\n24058    cc1plus: warning: unrecognized command line option '-Wno-noexcept\n              -type'\n  >> 24059    make[5]: *** [cxx/src/CMakeFiles/cxx_static.dir/variant.cpp.o] Er\n              ror 1\n     24060    make[5]: Leaving directory `/tmp/koparasy/spack-stage/spack-stage\n              -llvm-amdgpu-4.3.1-4mlk5ieu3rt5msy7vxmxa4qh4zuq4zhb/spack-build-4\n              mlk5ie/projects/compiler-rt/lib/fuzzer/libcxx_fuzzer_x86_64-bins'"
]