[
    "6011    /var/tmp/koparasy/spack-stage/spack-stage-plasma-18.9.0-wqbfjuh4ot\n             xyvhtupdccbuh5tvenoanx/spack-src/control/tuning.c:31:16: note: pre\n             vious definition of 'L' was here\n     6012       31 |     lua_State *L = (lua_State *)plasma->L;\n     6013          |                ^\n     6014    /var/tmp/koparasy/spack-stage/spack-stage-plasma-18.9.0-wqbfjuh4ot\nxyvhtupdccbuh5tvenoanx/spack-src/control/tuning.c:36:16: warning:\n             'return' with a value, in function returning void\n\n     ...\n\n     6039       66 |     return L;\n     6040          |            ^",
    "parasy/spack-stage/spack-stage-plasma-18.9.0-wqbfjuh4otxyvhtupdccb\n             uh5tvenoanx/spack-src/control/tuning.c\n     6007    /var/tmp/koparasy/spack-stage/spack-stage-plasma-18.9.0-wqbfjuh4ot\n             xyvhtupdccbuh5tvenoanx/spack-src/control/tuning.c: In function 'pl\n             asma_tuning_init':\n  >> 6008    /var/tmp/koparasy/spack-stage/spack-stage-plasma-18.9.0-wqbfjuh4ot\nxyvhtupdccbuh5tvenoanx/spack-src/control/tuning.c:33:16: error: re\n             definition of 'L'\n     6009       33 |     lua_State *L = luaL_newstate();\n     6010          |                ^\n     6011    /var/tmp/koparasy/spack-stage/spack-stage-plasma-18.9.0-wqbfjuh4ot\n             xyvhtupdccbuh5tvenoanx/spack-src/control/tuning.c:31:16: note: pre\n             vious definition of 'L' was here",
    "6042       29 | plasma_tuning_init(plasma_context_t *plasma)\n     6043          | ^~~~~~~~~~~~~~~~~~\n     6044    /var/tmp/koparasy/spack-stage/spack-stage-plasma-18.9.0-wqbfjuh4ot\n             xyvhtupdccbuh5tvenoanx/spack-src/control/tuning.c: In function 'pl\n             asma_tune':\n  >> 6045    /var/tmp/koparasy/spack-stage/spack-stage-plasma-18.9.0-wqbfjuh4ot\nxyvhtupdccbuh5tvenoanx/spack-src/control/tuning.c:83:12: error: vo\n             id value not ignored as it ought to be\n     6046       83 |     retval = lua_getglobal(L, func_name);\n     6047          |            ^\n  >> 6048    /var/tmp/koparasy/spack-stage/spack-stage-plasma-18.9.0-wqbfjuh4ot\n             xyvhtupdccbuh5tvenoanx/spack-src/control/tuning.c:105:19: error: '\n             LUA_OK' undeclared (first use in this function); did you mean 'LUA",
    ">> 6045    /var/tmp/koparasy/spack-stage/spack-stage-plasma-18.9.0-wqbfjuh4ot\n             xyvhtupdccbuh5tvenoanx/spack-src/control/tuning.c:83:12: error: vo\n             id value not ignored as it ought to be\n     6046       83 |     retval = lua_getglobal(L, func_name);\n     6047          |            ^\n  >> 6048    /var/tmp/koparasy/spack-stage/spack-stage-plasma-18.9.0-wqbfjuh4ot\nxyvhtupdccbuh5tvenoanx/spack-src/control/tuning.c:105:19: error: '\n             LUA_OK' undeclared (first use in this function); did you mean 'LUA\n             _QL'?\n     6049      105 |     if (retval != LUA_OK) {\n     6050          |                   ^~~~~~\n     6051          |                   LUA_QL\n     6052    /var/tmp/koparasy/spack-stage/spack-stage-plasma-18.9.0-wqbfjuh4ot",
    "t appears in\n     6053    /p/vast1/koparasy/BUILD/spack_cluster_installer/quartz/plasma/spac\n             k_env_dir/linux-rhel7-broadwell/gcc-9.3.1/cmake-3.0.2-odspp6jrclec\n             6nbhglenf6oujsm46bmp/bin/cmake -E cmake_progress_report /tmp/kopar\n             asy/spack-stage/spack-stage-plasma-18.9.0-wqbfjuh4otxyvhtupdccbuh5\n             tvenoanx/spack-build-wqbfjuh/CMakeFiles\n>> 6054    make[2]: *** [CMakeFiles/plasma.dir/control/tuning.c.o] Error 1\n     6055    make[2]: *** Waiting for unfinished jobs....\n     6056    [ 76%] Building C object CMakeFiles/plasma.dir/control/workspace.c\n             .o\n     6057    /p/vast1/koparasy/BUILD/head/spack/lib/spack/env/gcc/gcc  -DPLASMA\n             _USE_LUA -DPLASMA_WITH_OPENBLAS -Dplasma_EXPORTS -std=gnu99  -fope\n             nmp -O2 -g -DNDEBUG -fPIC -I/var/tmp/koparasy/spack-stage/spack-st",
    "de    -o CMakeFiles/plasma.dir/control/workspace.c.o   -c /var/tmp\n             /koparasy/spack-stage/spack-stage-plasma-18.9.0-wqbfjuh4otxyvhtupd\n             ccbuh5tvenoanx/spack-src/control/workspace.c\n     6058    make[2]: Leaving directory `/tmp/koparasy/spack-stage/spack-stage-\n             plasma-18.9.0-wqbfjuh4otxyvhtupdccbuh5tvenoanx/spack-build-wqbfjuh\n             '\n>> 6059    make[1]: *** [CMakeFiles/plasma.dir/all] Error 2\n     6060    make[1]: Leaving directory `/tmp/koparasy/spack-stage/spack-stage-\n             plasma-18.9.0-wqbfjuh4otxyvhtupdccbuh5tvenoanx/spack-build-wqbfjuh\n             '\n  >> 6061    make: *** [all] Error 2\n\nSee build log for details:",
    "plasma-18.9.0-wqbfjuh4otxyvhtupdccbuh5tvenoanx/spack-build-wqbfjuh\n             '\n  >> 6059    make[1]: *** [CMakeFiles/plasma.dir/all] Error 2\n     6060    make[1]: Leaving directory `/tmp/koparasy/spack-stage/spack-stage-\n             plasma-18.9.0-wqbfjuh4otxyvhtupdccbuh5tvenoanx/spack-build-wqbfjuh\n             '\n>> 6061    make: *** [all] Error 2\n\nSee build log for details:\n  /var/tmp/koparasy/spack-stage/spack-stage-plasma-18.9.0-wqbfjuh4otxyvhtupdccbuh5tvenoanx/spack-build-out.txt\n\nTraceback (most recent call last):\n  File \"/p/vast1/koparasy/BUILD/head/spack/lib/spack/spack/build_environment.py\", line 1035, in _setup_pkg_and_run"
]