[
    "116                     from /tmp/koparasy/spack-stage/spack-stage-vtk-h-0\n            .6.2-56u7iwx4dhd5lrvhewcddpykjpby4jc5/spack-src/src/vtkh/vtkm_filte\n            rs/vtkmClip.cpp:1:\n  >> 117    /p/vast1/koparasy/BUILD/spack_cluster_installer/quartz/ascent/spack\n            _env_dir/linux-rhel7-broadwell/gcc-8.3.1/vtk-m-1.6.0-b77d27rzqzlu7f\n            mbn6ao6vzpnwkzwlib/include/vtkm-1.6/vtkm/cont/ImplicitFunctionHandl\ne.h:17:2: error: #error \"ImplicitFunction with virtual methods is r\n            emoved. Do not include ImplicitFunctionHeader.h\"\n     118     #error \"ImplicitFunction with virtual methods is removed. Do not i\n            nclude ImplicitFunctionHeader.h\"\n     119      ^~~~~\n  >> 120    /p/vast1/koparasy/BUILD/spack_cluster_installer/quartz/ascent/spack\n            _env_dir/linux-rhel7-broadwell/gcc-8.3.1/vtk-m-1.6.0-b77d27rzqzlu7f",
    "118     #error \"ImplicitFunction with virtual methods is removed. Do not i\n            nclude ImplicitFunctionHeader.h\"\n     119      ^~~~~\n  >> 120    /p/vast1/koparasy/BUILD/spack_cluster_installer/quartz/ascent/spack\n            _env_dir/linux-rhel7-broadwell/gcc-8.3.1/vtk-m-1.6.0-b77d27rzqzlu7f\n            mbn6ao6vzpnwkzwlib/include/vtkm-1.6/vtkm/cont/ImplicitFunctionHandl\ne.h:33:1: error: expected class-name before '{' token\n     121     {\n     122     ^\n  >> 123    /p/vast1/koparasy/BUILD/spack_cluster_installer/quartz/ascent/spack\n            _env_dir/linux-rhel7-broadwell/gcc-8.3.1/vtk-m-1.6.0-b77d27rzqzlu7f\n            mbn6ao6vzpnwkzwlib/include/vtkm-1.6/vtkm/cont/ImplicitFunctionHandl\n            e.h:48:26: error: 'Scalar' does not name a type; did you mean 'scal",
    "e.h:33:1: error: expected class-name before '{' token\n     121     {\n     122     ^\n  >> 123    /p/vast1/koparasy/BUILD/spack_cluster_installer/quartz/ascent/spack\n            _env_dir/linux-rhel7-broadwell/gcc-8.3.1/vtk-m-1.6.0-b77d27rzqzlu7f\n            mbn6ao6vzpnwkzwlib/include/vtkm-1.6/vtkm/cont/ImplicitFunctionHandl\ne.h:48:26: error: 'Scalar' does not name a type; did you mean 'scal\n            bl'?\n     124       VTKM_EXEC_CONT virtual Scalar Value(const Vector& point) const o\n            verride\n     125                              ^~~~~~\n     126                              scalbl\n  >> 127    /p/vast1/koparasy/BUILD/spack_cluster_installer/quartz/ascent/spack",
    "verride\n     125                              ^~~~~~\n     126                              scalbl\n  >> 127    /p/vast1/koparasy/BUILD/spack_cluster_installer/quartz/ascent/spack\n            _env_dir/linux-rhel7-broadwell/gcc-8.3.1/vtk-m-1.6.0-b77d27rzqzlu7f\n            mbn6ao6vzpnwkzwlib/include/vtkm-1.6/vtkm/cont/ImplicitFunctionHandl\ne.h:53:26: error: 'Vector' does not name a type; did you mean 'Vec4\n            ui'?\n     128       VTKM_EXEC_CONT virtual Vector Gradient(const Vector& point) cons\n            t override\n     129                              ^~~~~~\n     130                              Vec4ui\n  >> 131    /p/vast1/koparasy/BUILD/spack_cluster_installer/quartz/ascent/spack",
    "t override\n     129                              ^~~~~~\n     130                              Vec4ui\n  >> 131    /p/vast1/koparasy/BUILD/spack_cluster_installer/quartz/ascent/spack\n            _env_dir/linux-rhel7-broadwell/gcc-8.3.1/vtk-m-1.6.0-b77d27rzqzlu7f\n            mbn6ao6vzpnwkzwlib/include/vtkm-1.6/vtkm/cont/ImplicitFunctionHandl\ne.h:64:73: error: 'ImplicitFunction' is not a member of 'vtkm'\n     132       ImplicitFunctionHandle : public vtkm::cont::VirtualObjectHandle<\n            vtkm::ImplicitFunction>\n     133\n                  ^~~~~~~~~~~~~~~~\n     134    /p/vast1/koparasy/BUILD/spack_cluster_installer/quartz/ascent/spack\n            _env_dir/linux-rhel7-broadwell/gcc-8.3.1/vtk-m-1.6.0-b77d27rzqzlu7f",
    "^~~~~~~~~~~~~~~~\n     137\n                  ImplicitFunctionGeneral\n  >> 138    /p/vast1/koparasy/BUILD/spack_cluster_installer/quartz/ascent/spack\n            _env_dir/linux-rhel7-broadwell/gcc-8.3.1/vtk-m-1.6.0-b77d27rzqzlu7f\n            mbn6ao6vzpnwkzwlib/include/vtkm-1.6/vtkm/cont/ImplicitFunctionHandl\ne.h:64:73: error: 'ImplicitFunction' is not a member of 'vtkm'\n     139    /p/vast1/koparasy/BUILD/spack_cluster_installer/quartz/ascent/spack\n            _env_dir/linux-rhel7-broadwell/gcc-8.3.1/vtk-m-1.6.0-b77d27rzqzlu7f\n            mbn6ao6vzpnwkzwlib/include/vtkm-1.6/vtkm/cont/ImplicitFunctionHandl\n            e.h:64:73: note: suggested alternative: 'ImplicitFunctionGeneral'\n     140       ImplicitFunctionHandle : public vtkm::cont::VirtualObjectHandle<\n            vtkm::ImplicitFunction>",
    "^~~~~~~~~~~~~~~~\n     142\n                  ImplicitFunctionGeneral\n  >> 143    /p/vast1/koparasy/BUILD/spack_cluster_installer/quartz/ascent/spack\n            _env_dir/linux-rhel7-broadwell/gcc-8.3.1/vtk-m-1.6.0-b77d27rzqzlu7f\n            mbn6ao6vzpnwkzwlib/include/vtkm-1.6/vtkm/cont/ImplicitFunctionHandl\ne.h:64:89: error: template argument 1 is invalid\n     144       ImplicitFunctionHandle : public vtkm::cont::VirtualObjectHandle<\n            vtkm::ImplicitFunction>\n     145\n                                  ^\n  >> 146    /p/vast1/koparasy/BUILD/spack_cluster_installer/quartz/ascent/spack\n            _env_dir/linux-rhel7-broadwell/gcc-8.3.1/vtk-m-1.6.0-b77d27rzqzlu7f",
    "vtkm::ImplicitFunction>\n     145\n                                  ^\n  >> 146    /p/vast1/koparasy/BUILD/spack_cluster_installer/quartz/ascent/spack\n            _env_dir/linux-rhel7-broadwell/gcc-8.3.1/vtk-m-1.6.0-b77d27rzqzlu7f\n            mbn6ao6vzpnwkzwlib/include/vtkm-1.6/vtkm/cont/ImplicitFunctionHandl\ne.h:67:60: error: 'ImplicitFunction' is not a member of 'vtkm'\n     147       using Superclass = vtkm::cont::VirtualObjectHandle<vtkm::Implici\n            tFunction>;\n     148                                                                ^~~~~~~\n            ~~~~~~~~~\n     149    /p/vast1/koparasy/BUILD/spack_cluster_installer/quartz/ascent/spack\n            _env_dir/linux-rhel7-broadwell/gcc-8.3.1/vtk-m-1.6.0-b77d27rzqzlu7f",
    "~~~~~~~~~\n     152                                                                Implici\n            tFunctionGeneral\n  >> 153    /p/vast1/koparasy/BUILD/spack_cluster_installer/quartz/ascent/spack\n            _env_dir/linux-rhel7-broadwell/gcc-8.3.1/vtk-m-1.6.0-b77d27rzqzlu7f\n            mbn6ao6vzpnwkzwlib/include/vtkm-1.6/vtkm/cont/ImplicitFunctionHandl\ne.h:67:60: error: 'ImplicitFunction' is not a member of 'vtkm'\n     154    /p/vast1/koparasy/BUILD/spack_cluster_installer/quartz/ascent/spack\n            _env_dir/linux-rhel7-broadwell/gcc-8.3.1/vtk-m-1.6.0-b77d27rzqzlu7f\n            mbn6ao6vzpnwkzwlib/include/vtkm-1.6/vtkm/cont/ImplicitFunctionHandl\n            e.h:67:60: note: suggested alternative: 'ImplicitFunctionGeneral'\n     155       using Superclass = vtkm::cont::VirtualObjectHandle<vtkm::Implici\n            tFunction>;",
    "~~~~~~~~~\n     157                                                                Implici\n            tFunctionGeneral\n  >> 158    /p/vast1/koparasy/BUILD/spack_cluster_installer/quartz/ascent/spack\n            _env_dir/linux-rhel7-broadwell/gcc-8.3.1/vtk-m-1.6.0-b77d27rzqzlu7f\n            mbn6ao6vzpnwkzwlib/include/vtkm-1.6/vtkm/cont/ImplicitFunctionHandl\ne.h:67:76: error: template argument 1 is invalid\n     159       using Superclass = vtkm::cont::VirtualObjectHandle<vtkm::Implici\n            tFunction>;\n     160\n                     ^\n  >> 161    /p/vast1/koparasy/BUILD/spack_cluster_installer/quartz/ascent/spack\n            _env_dir/linux-rhel7-broadwell/gcc-8.3.1/vtk-m-1.6.0-b77d27rzqzlu7f",
    "tFunction>;\n     160\n                     ^\n  >> 161    /p/vast1/koparasy/BUILD/spack_cluster_installer/quartz/ascent/spack\n            _env_dir/linux-rhel7-broadwell/gcc-8.3.1/vtk-m-1.6.0-b77d27rzqzlu7f\n            mbn6ao6vzpnwkzwlib/include/vtkm-1.6/vtkm/cont/ImplicitFunctionHandl\ne.h:75:37: error: 'ImplicitFunction' is not a member of 'vtkm'\n     162                   std::is_base_of<vtkm::ImplicitFunction, VirtualDeriv\n            edType>::value>::type>\n     163                                         ^~~~~~~~~~~~~~~~\n     164    /p/vast1/koparasy/BUILD/spack_cluster_installer/quartz/ascent/spack\n            _env_dir/linux-rhel7-broadwell/gcc-8.3.1/vtk-m-1.6.0-b77d27rzqzlu7f\n            mbn6ao6vzpnwkzwlib/include/vtkm-1.6/vtkm/cont/ImplicitFunctionHandl",
    "edType>::value>::type>\n     166                                         ^~~~~~~~~~~~~~~~\n     167                                         ImplicitFunctionGeneral\n  >> 168    /p/vast1/koparasy/BUILD/spack_cluster_installer/quartz/ascent/spack\n            _env_dir/linux-rhel7-broadwell/gcc-8.3.1/vtk-m-1.6.0-b77d27rzqzlu7f\n            mbn6ao6vzpnwkzwlib/include/vtkm-1.6/vtkm/cont/ImplicitFunctionHandl\ne.h:75:37: error: 'ImplicitFunction' is not a member of 'vtkm'\n     169    /p/vast1/koparasy/BUILD/spack_cluster_installer/quartz/ascent/spack\n            _env_dir/linux-rhel7-broadwell/gcc-8.3.1/vtk-m-1.6.0-b77d27rzqzlu7f\n            mbn6ao6vzpnwkzwlib/include/vtkm-1.6/vtkm/cont/ImplicitFunctionHandl\n            e.h:75:37: note: suggested alternative: 'ImplicitFunctionGeneral'\n     170                   std::is_base_of<vtkm::ImplicitFunction, VirtualDeriv\n            edType>::value>::type>",
    "edType>::value>::type>\n     171                                         ^~~~~~~~~~~~~~~~\n     172                                         ImplicitFunctionGeneral\n  >> 173    /p/vast1/koparasy/BUILD/spack_cluster_installer/quartz/ascent/spack\n            _env_dir/linux-rhel7-broadwell/gcc-8.3.1/vtk-m-1.6.0-b77d27rzqzlu7f\n            mbn6ao6vzpnwkzwlib/include/vtkm-1.6/vtkm/cont/ImplicitFunctionHandl\ne.h:75:73: error: template argument 1 is invalid\n     174                   std::is_base_of<vtkm::ImplicitFunction, VirtualDeriv\n            edType>::value>::type>\n     175\n                  ^\n  >> 176    /p/vast1/koparasy/BUILD/spack_cluster_installer/quartz/ascent/spack\n            _env_dir/linux-rhel7-broadwell/gcc-8.3.1/vtk-m-1.6.0-b77d27rzqzlu7f",
    "edType>::value>::type>\n     175\n                  ^\n  >> 176    /p/vast1/koparasy/BUILD/spack_cluster_installer/quartz/ascent/spack\n            _env_dir/linux-rhel7-broadwell/gcc-8.3.1/vtk-m-1.6.0-b77d27rzqzlu7f\n            mbn6ao6vzpnwkzwlib/include/vtkm-1.6/vtkm/cont/ImplicitFunctionHandl\ne.h:75:81: error: template argument 1 is invalid\n     177                   std::is_base_of<vtkm::ImplicitFunction, VirtualDeriv\n            edType>::value>::type>\n     178\n                          ^\n  >> 179    /p/vast1/koparasy/BUILD/spack_cluster_installer/quartz/ascent/spack\n            _env_dir/linux-rhel7-broadwell/gcc-8.3.1/vtk-m-1.6.0-b77d27rzqzlu7f",
    "edType>::value>::type>\n     178\n                          ^\n  >> 179    /p/vast1/koparasy/BUILD/spack_cluster_installer/quartz/ascent/spack\n            _env_dir/linux-rhel7-broadwell/gcc-8.3.1/vtk-m-1.6.0-b77d27rzqzlu7f\n            mbn6ao6vzpnwkzwlib/include/vtkm-1.6/vtkm/cont/ImplicitFunctionHandl\ne.h:119:37: error: 'ImplicitFunction' is not a member of 'vtkm'\n     180                   std::is_base_of<vtkm::ImplicitFunction, VirtualDeriv\n            edType>::value>::type>\n     181                                         ^~~~~~~~~~~~~~~~\n     182    /p/vast1/koparasy/BUILD/spack_cluster_installer/quartz/ascent/spack\n            _env_dir/linux-rhel7-broadwell/gcc-8.3.1/vtk-m-1.6.0-b77d27rzqzlu7f\n            mbn6ao6vzpnwkzwlib/include/vtkm-1.6/vtkm/cont/ImplicitFunctionHandl",
    "edType>::value>::type>\n     184                                         ^~~~~~~~~~~~~~~~\n     185                                         ImplicitFunctionGeneral\n  >> 186    /p/vast1/koparasy/BUILD/spack_cluster_installer/quartz/ascent/spack\n            _env_dir/linux-rhel7-broadwell/gcc-8.3.1/vtk-m-1.6.0-b77d27rzqzlu7f\n            mbn6ao6vzpnwkzwlib/include/vtkm-1.6/vtkm/cont/ImplicitFunctionHandl\ne.h:119:37: error: 'ImplicitFunction' is not a member of 'vtkm'\n     187    /p/vast1/koparasy/BUILD/spack_cluster_installer/quartz/ascent/spack\n            _env_dir/linux-rhel7-broadwell/gcc-8.3.1/vtk-m-1.6.0-b77d27rzqzlu7f\n            mbn6ao6vzpnwkzwlib/include/vtkm-1.6/vtkm/cont/ImplicitFunctionHandl\n            e.h:119:37: note: suggested alternative: 'ImplicitFunctionGeneral'\n     188                   std::is_base_of<vtkm::ImplicitFunction, VirtualDeriv\n            edType>::value>::type>",
    "edType>::value>::type>\n     189                                         ^~~~~~~~~~~~~~~~\n     190                                         ImplicitFunctionGeneral\n  >> 191    /p/vast1/koparasy/BUILD/spack_cluster_installer/quartz/ascent/spack\n            _env_dir/linux-rhel7-broadwell/gcc-8.3.1/vtk-m-1.6.0-b77d27rzqzlu7f\n            mbn6ao6vzpnwkzwlib/include/vtkm-1.6/vtkm/cont/ImplicitFunctionHandl\ne.h:119:73: error: template argument 1 is invalid\n     192                   std::is_base_of<vtkm::ImplicitFunction, VirtualDeriv\n            edType>::value>::type>\n     193\n                  ^\n  >> 194    /p/vast1/koparasy/BUILD/spack_cluster_installer/quartz/ascent/spack\n            _env_dir/linux-rhel7-broadwell/gcc-8.3.1/vtk-m-1.6.0-b77d27rzqzlu7f",
    "edType>::value>::type>\n     193\n                  ^\n  >> 194    /p/vast1/koparasy/BUILD/spack_cluster_installer/quartz/ascent/spack\n            _env_dir/linux-rhel7-broadwell/gcc-8.3.1/vtk-m-1.6.0-b77d27rzqzlu7f\n            mbn6ao6vzpnwkzwlib/include/vtkm-1.6/vtkm/cont/ImplicitFunctionHandl\ne.h:119:81: error: template argument 1 is invalid\n     195                   std::is_base_of<vtkm::ImplicitFunction, VirtualDeriv\n            edType>::value>::type>\n     196\n                          ^\n     197    /p/vast1/koparasy/BUILD/spack_cluster_installer/quartz/ascent/spack\n            _env_dir/linux-rhel7-broadwell/gcc-8.3.1/vtk-m-1.6.0-b77d27rzqzlu7f",
    "mbn6ao6vzpnwkzwlib/include/vtkm-1.6/vtkm/cont/ImplicitFunctionHandl\n            e.h: In constructor 'vtkm::cont::ImplicitFunctionHandle::ImplicitFu\n            nctionHandle(VirtualDerivedType*, bool, DeviceAdapterList)':\n  >> 198    /p/vast1/koparasy/BUILD/spack_cluster_installer/quartz/ascent/spack\n            _env_dir/linux-rhel7-broadwell/gcc-8.3.1/vtk-m-1.6.0-b77d27rzqzlu7f\n            mbn6ao6vzpnwkzwlib/include/vtkm-1.6/vtkm/cont/ImplicitFunctionHandl\ne.h:79:7: error: class 'vtkm::cont::ImplicitFunctionHandle' does no\n            t have any field named 'Superclass'\n     199         : Superclass(function, acquireOwnership, devices)\n     200           ^~~~~~~~~~\n     201    /p/vast1/koparasy/BUILD/spack_cluster_installer/quartz/ascent/spack\n            _env_dir/linux-rhel7-broadwell/gcc-8.3.1/vtk-m-1.6.0-b77d27rzqzlu7f\n            mbn6ao6vzpnwkzwlib/include/vtkm-1.6/vtkm/cont/ImplicitFunctionHandl",
    "e.h: In constructor 'vtkm::cont::ImplicitFunctionHandle::ImplicitFu\n            nctionHandle(vtkm::internal::ImplicitFunctionBase<FunctionType>*, b\n            ool, DeviceAdapterList)':\n  >> 202    /p/vast1/koparasy/BUILD/spack_cluster_installer/quartz/ascent/spack\n            _env_dir/linux-rhel7-broadwell/gcc-8.3.1/vtk-m-1.6.0-b77d27rzqzlu7f\n            mbn6ao6vzpnwkzwlib/include/vtkm-1.6/vtkm/cont/ImplicitFunctionHandl\ne.h:89:7: error: class 'vtkm::cont::ImplicitFunctionHandle' does no\n            t have any field named 'Superclass'\n     203         : Superclass(new detail::ImplicitFunctionBaseExecWrapper<Impli\n            citFunctionType>(\n     204           ^~~~~~~~~~\n     205    /p/vast1/koparasy/BUILD/spack_cluster_installer/quartz/ascent/spack\n            _env_dir/linux-rhel7-broadwell/gcc-8.3.1/vtk-m-1.6.0-b77d27rzqzlu7f",
    "mbn6ao6vzpnwkzwlib/include/vtkm-1.6/vtkm/cont/ImplicitFunctionHandl\n            e.h: In member function 'void vtkm::cont::ImplicitFunctionHandle::R\n            eset(VirtualDerivedType*, bool, DeviceAdapterList)':\n  >> 206    /p/vast1/koparasy/BUILD/spack_cluster_installer/quartz/ascent/spack\n            _env_dir/linux-rhel7-broadwell/gcc-8.3.1/vtk-m-1.6.0-b77d27rzqzlu7f\n            mbn6ao6vzpnwkzwlib/include/vtkm-1.6/vtkm/cont/ImplicitFunctionHandl\ne.h:124:11: error: 'vtkm::cont::ImplicitFunctionHandle::Superclass'\n             has not been declared\n     207         this->Superclass::Reset(derived, acquireOwnership, devices);\n     208               ^~~~~~~~~~\n     209    /p/vast1/koparasy/BUILD/spack_cluster_installer/quartz/ascent/spack\n            _env_dir/linux-rhel7-broadwell/gcc-8.3.1/vtk-m-1.6.0-b77d27rzqzlu7f\n            mbn6ao6vzpnwkzwlib/include/vtkm-1.6/vtkm/cont/ImplicitFunctionHandl",
    "_env_dir/linux-rhel7-broadwell/gcc-8.3.1/vtk-m-1.6.0-b77d27rzqzlu7f\n            mbn6ao6vzpnwkzwlib/include/vtkm-1.6/vtkm/cont/ImplicitFunctionHandl\n            e.h: At global scope:\n  >> 210    /p/vast1/koparasy/BUILD/spack_cluster_installer/quartz/ascent/spack\n            _env_dir/linux-rhel7-broadwell/gcc-8.3.1/vtk-m-1.6.0-b77d27rzqzlu7f\n            mbn6ao6vzpnwkzwlib/include/vtkm-1.6/vtkm/cont/ImplicitFunctionHandl\ne.h:192:9: error: 'ImplicitFunctionValue' in namespace 'vtkm' does\n            not name a type\n     211       vtkm::ImplicitFunctionValue PrepareForExecution(vtkm::cont::Devi\n            ceAdapterId device,\n     212             ^~~~~~~~~~~~~~~~~~~~~\n     213    /p/vast1/koparasy/BUILD/spack_cluster_installer/quartz/ascent/spack\n            _env_dir/linux-rhel7-broadwell/gcc-8.3.1/vtk-m-1.6.0-b77d27rzqzlu7f",
    "ceAdapterId device,\n     215       ^~~~\n     216       ImplicitFunctionGeneral\n  >> 217    /p/vast1/koparasy/BUILD/spack_cluster_installer/quartz/ascent/spack\n            _env_dir/linux-rhel7-broadwell/gcc-8.3.1/vtk-m-1.6.0-b77d27rzqzlu7f\n            mbn6ao6vzpnwkzwlib/include/vtkm-1.6/vtkm/cont/ImplicitFunctionHandl\ne.h:198:19: error: 'ImplicitFunctionValue' in namespace 'vtkm' does\n             not name a type\n     218       VTKM_CONT vtkm::ImplicitFunctionValue PrepareForControl() const\n     219                       ^~~~~~~~~~~~~~~~~~~~~\n     220    /p/vast1/koparasy/BUILD/spack_cluster_installer/quartz/ascent/spack\n            _env_dir/linux-rhel7-broadwell/gcc-8.3.1/vtk-m-1.6.0-b77d27rzqzlu7f\n            mbn6ao6vzpnwkzwlib/include/vtkm-1.6/vtkm/cont/ImplicitFunctionHandl",
    "y/diy/vtkmdiy/include/vtkmdiy/mpi  -O3 -DNDEBUG -fPIC -fvisibility=\n            hidden   -ffunction-sections -fopenmp -pthread -std=c++11 -o CMakeF\n            iles/vtkh_core_mpi.dir/DataSet.cpp.o -c /tmp/koparasy/spack-stage/s\n            pack-stage-vtk-h-0.6.2-56u7iwx4dhd5lrvhewcddpykjpby4jc5/spack-src/s\n            rc/vtkh/DataSet.cpp\n  >> 317    /tmp/koparasy/spack-stage/spack-stage-vtk-h-0.6.2-56u7iwx4dhd5lrvhe\nwcddpykjpby4jc5/spack-src/src/vtkh/DataSet.cpp:48:45: error: invali\n            d use of incomplete type 'class vtkm::worklet::WorkletMapField'\n     318     class MemSetWorklet : public vtkm::worklet::WorkletMapField\n     319                                                 ^~~~~~~~~~~~~~~\n     320    In file included from /tmp/koparasy/spack-stage/spack-stage-vtk-h-0\n            .6.2-56u7iwx4dhd5lrvhewcddpykjpby4jc5/spack-src/src/vtkh/DataSet.cp\n            p:15:",
    "mbn6ao6vzpnwkzwlib/include/vtkm-1.6/vtkm/worklet/DispatcherMapField\n            .h:20:7: note: forward declaration of 'class vtkm::worklet::Worklet\n            MapField'\n     322     class WorkletMapField;\n     323           ^~~~~~~~~~~~~~~\n  >> 324    /tmp/koparasy/spack-stage/spack-stage-vtk-h-0.6.2-56u7iwx4dhd5lrvhe\nwcddpykjpby4jc5/spack-src/src/vtkh/DataSet.cpp:59:33: error: 'Field\n            Out' has not been declared\n     325       typedef void ControlSignature(FieldOut);\n     326                                     ^~~~~~~~\n  >> 327    /tmp/koparasy/spack-stage/spack-stage-vtk-h-0.6.2-56u7iwx4dhd5lrvhe\n            wcddpykjpby4jc5/spack-src/src/vtkh/DataSet.cpp:60:35: error: '_1' h\n            as not been declared",
    ">> 324    /tmp/koparasy/spack-stage/spack-stage-vtk-h-0.6.2-56u7iwx4dhd5lrvhe\n            wcddpykjpby4jc5/spack-src/src/vtkh/DataSet.cpp:59:33: error: 'Field\n            Out' has not been declared\n     325       typedef void ControlSignature(FieldOut);\n     326                                     ^~~~~~~~\n  >> 327    /tmp/koparasy/spack-stage/spack-stage-vtk-h-0.6.2-56u7iwx4dhd5lrvhe\nwcddpykjpby4jc5/spack-src/src/vtkh/DataSet.cpp:60:35: error: '_1' h\n            as not been declared\n     328       typedef void ExecutionSignature(_1);\n     329                                       ^~\n     330    In file included from /p/vast1/koparasy/BUILD/spack_cluster_install\n            er/quartz/ascent/spack_env_dir/linux-rhel7-broadwell/gcc-8.3.1/vtk-\n            m-1.6.0-b77d27rzqzlu7fmbn6ao6vzpnwkzwlib/include/vtkm-1.6/vtkm/Depr",
    "341    /tmp/koparasy/spack-stage/spack-stage-vtk-h-0.6.2-56u7iwx4dhd5lrvhe\n            wcddpykjpby4jc5/spack-src/src/vtkh/DataSet.cpp:621:44:   required f\n            rom here\n  >> 342    /p/vast1/koparasy/BUILD/spack_cluster_installer/quartz/ascent/spack\n            _env_dir/linux-rhel7-broadwell/gcc-8.3.1/vtk-m-1.6.0-b77d27rzqzlu7f\n            mbn6ao6vzpnwkzwlib/include/vtkm-1.6/vtkm/worklet/internal/Dispatche\nrBase.h:228:5: error: static assertion failed: Provided a type that\n             is not a valid ControlSignature tag.\n     343         VTKM_IS_CONTROL_SIGNATURE_TAG(ControlSignatureTag);\n     344         ^\n     345    /p/vast1/koparasy/BUILD/spack_cluster_installer/quartz/ascent/spack\n            _env_dir/linux-rhel7-broadwell/gcc-8.3.1/vtk-m-1.6.0-b77d27rzqzlu7f\n            mbn6ao6vzpnwkzwlib/include/vtkm-1.6/vtkm/worklet/internal/Dispatche",
    "351    /tmp/koparasy/spack-stage/spack-stage-vtk-h-0.6.2-56u7iwx4dhd5lrvhe\n            wcddpykjpby4jc5/spack-src/src/vtkh/DataSet.cpp:621:44:   required f\n            rom here\n  >> 352    /p/vast1/koparasy/BUILD/spack_cluster_installer/quartz/ascent/spack\n            _env_dir/linux-rhel7-broadwell/gcc-8.3.1/vtk-m-1.6.0-b77d27rzqzlu7f\n            mbn6ao6vzpnwkzwlib/include/vtkm-1.6/vtkm/worklet/internal/Dispatche\nrBase.h:242:5: error: static assertion failed: Provided a type that\n             is not a valid ExecutionSignature tag.\n     353         VTKM_IS_EXECUTION_SIGNATURE_TAG(ExecutionSignatureTag);\n     354         ^\n     355    In file included from /p/vast1/koparasy/BUILD/spack_cluster_install\n            er/quartz/ascent/spack_env_dir/linux-rhel7-broadwell/gcc-8.3.1/vtk-\n            m-1.6.0-b77d27rzqzlu7fmbn6ao6vzpnwkzwlib/include/vtkm-1.6/vtkm/work",
    "360    /tmp/koparasy/spack-stage/spack-stage-vtk-h-0.6.2-56u7iwx4dhd5lrvhe\n            wcddpykjpby4jc5/spack-src/src/vtkh/DataSet.cpp:621:44:   required f\n            rom here\n  >> 361    /p/vast1/koparasy/BUILD/spack_cluster_installer/quartz/ascent/spack\n            _env_dir/linux-rhel7-broadwell/gcc-8.3.1/vtk-m-1.6.0-b77d27rzqzlu7f\n            mbn6ao6vzpnwkzwlib/include/vtkm-1.6/vtkm/worklet/internal/Dispatche\nrBase.h:594:56: error: no type named 'ScatterType' in 'class vtkh::\n            detail::MemSetWorklet<float>'\n     362       using ScatterType = typename WorkletType::ScatterType;\n     363                                                            ^\n  >> 364    /p/vast1/koparasy/BUILD/spack_cluster_installer/quartz/ascent/spack\n            _env_dir/linux-rhel7-broadwell/gcc-8.3.1/vtk-m-1.6.0-b77d27rzqzlu7f\n            mbn6ao6vzpnwkzwlib/include/vtkm-1.6/vtkm/worklet/internal/Dispatche",
    "detail::MemSetWorklet<float>'\n     362       using ScatterType = typename WorkletType::ScatterType;\n     363                                                            ^\n  >> 364    /p/vast1/koparasy/BUILD/spack_cluster_installer/quartz/ascent/spack\n            _env_dir/linux-rhel7-broadwell/gcc-8.3.1/vtk-m-1.6.0-b77d27rzqzlu7f\n            mbn6ao6vzpnwkzwlib/include/vtkm-1.6/vtkm/worklet/internal/Dispatche\nrBase.h:595:50: error: no type named 'MaskType' in 'class vtkh::det\n            ail::MemSetWorklet<float>'\n     365       using MaskType = typename WorkletType::MaskType;\n     366                                                      ^\n  >> 367    make[2]: *** [vtkh/CMakeFiles/vtkh_core.dir/DataSet.cpp.o] Error 1\n     368    make[2]: *** Waiting for unfinished jobs....\n     369    [ 14%] Building CXX object vtkh/CMakeFiles/vtkh_core_mpi.dir/Logger",
    "_env_dir/linux-rhel7-broadwell/gcc-8.3.1/vtk-m-1.6.0-b77d27rzqzlu7f\n            mbn6ao6vzpnwkzwlib/include/vtkm-1.6/vtkm/worklet/internal/Dispatche\n            rBase.h:595:50: error: no type named 'MaskType' in 'class vtkh::det\n            ail::MemSetWorklet<float>'\n     365       using MaskType = typename WorkletType::MaskType;\n     366                                                      ^\n>> 367    make[2]: *** [vtkh/CMakeFiles/vtkh_core.dir/DataSet.cpp.o] Error 1\n     368    make[2]: *** Waiting for unfinished jobs....\n     369    [ 14%] Building CXX object vtkh/CMakeFiles/vtkh_core_mpi.dir/Logger\n            .cpp.o\n     370    cd /tmp/koparasy/spack-stage/spack-stage-vtk-h-0.6.2-56u7iwx4dhd5lr\n            vhewcddpykjpby4jc5/spack-src/spack-build/vtkh && /p/vast1/koparasy/\n            BUILD/spack/lib/spack/env/gcc/g++  -DVTKH_COMPILING_FLAG -DVTKH_PAR",
    "hidden   -ffunction-sections -fopenmp -pthread -std=c++11 -o CMakeF\n            iles/vtkh_core_mpi.dir/Logger.cpp.o -c /tmp/koparasy/spack-stage/sp\n            ack-stage-vtk-h-0.6.2-56u7iwx4dhd5lrvhewcddpykjpby4jc5/spack-src/sr\n            c/vtkh/Logger.cpp\n     371    make[2]: Leaving directory `/tmp/koparasy/spack-stage/spack-stage-v\n            tk-h-0.6.2-56u7iwx4dhd5lrvhewcddpykjpby4jc5/spack-src/spack-build'\n>> 372    make[1]: *** [vtkh/CMakeFiles/vtkh_core.dir/all] Error 2\n     373    make[1]: *** Waiting for unfinished jobs....\n     374    [ 15%] Building CXX object vtkh/CMakeFiles/vtkh_core_mpi.dir/Timer.\n            cpp.o\n     375    cd /tmp/koparasy/spack-stage/spack-stage-vtk-h-0.6.2-56u7iwx4dhd5lr\n            vhewcddpykjpby4jc5/spack-src/spack-build/vtkh && /p/vast1/koparasy/\n            BUILD/spack/lib/spack/env/gcc/g++  -DVTKH_COMPILING_FLAG -DVTKH_PAR",
    "y/diy/vtkmdiy/include/vtkmdiy/mpi  -O3 -DNDEBUG -fPIC -fvisibility=\n            hidden   -ffunction-sections -fopenmp -pthread -std=c++11 -o CMakeF\n            iles/vtkh_core_mpi.dir/StatisticsDB.cpp.o -c /tmp/koparasy/spack-st\n            age/spack-stage-vtk-h-0.6.2-56u7iwx4dhd5lrvhewcddpykjpby4jc5/spack-\n            src/src/vtkh/StatisticsDB.cpp\n  >> 378    /tmp/koparasy/spack-stage/spack-stage-vtk-h-0.6.2-56u7iwx4dhd5lrvhe\nwcddpykjpby4jc5/spack-src/src/vtkh/DataSet.cpp:48:45: error: invali\n            d use of incomplete type 'class vtkm::worklet::WorkletMapField'\n     379     class MemSetWorklet : public vtkm::worklet::WorkletMapField\n     380                                                 ^~~~~~~~~~~~~~~\n     381    In file included from /tmp/koparasy/spack-stage/spack-stage-vtk-h-0\n            .6.2-56u7iwx4dhd5lrvhewcddpykjpby4jc5/spack-src/src/vtkh/DataSet.cp\n            p:15:",
    "mbn6ao6vzpnwkzwlib/include/vtkm-1.6/vtkm/worklet/DispatcherMapField\n            .h:20:7: note: forward declaration of 'class vtkm::worklet::Worklet\n            MapField'\n     383     class WorkletMapField;\n     384           ^~~~~~~~~~~~~~~\n  >> 385    /tmp/koparasy/spack-stage/spack-stage-vtk-h-0.6.2-56u7iwx4dhd5lrvhe\nwcddpykjpby4jc5/spack-src/src/vtkh/DataSet.cpp:59:33: error: 'Field\n            Out' has not been declared\n     386       typedef void ControlSignature(FieldOut);\n     387                                     ^~~~~~~~\n  >> 388    /tmp/koparasy/spack-stage/spack-stage-vtk-h-0.6.2-56u7iwx4dhd5lrvhe\n            wcddpykjpby4jc5/spack-src/src/vtkh/DataSet.cpp:60:35: error: '_1' h\n            as not been declared",
    ">> 385    /tmp/koparasy/spack-stage/spack-stage-vtk-h-0.6.2-56u7iwx4dhd5lrvhe\n            wcddpykjpby4jc5/spack-src/src/vtkh/DataSet.cpp:59:33: error: 'Field\n            Out' has not been declared\n     386       typedef void ControlSignature(FieldOut);\n     387                                     ^~~~~~~~\n  >> 388    /tmp/koparasy/spack-stage/spack-stage-vtk-h-0.6.2-56u7iwx4dhd5lrvhe\nwcddpykjpby4jc5/spack-src/src/vtkh/DataSet.cpp:60:35: error: '_1' h\n            as not been declared\n     389       typedef void ExecutionSignature(_1);\n     390                                       ^~\n     391    In file included from /p/vast1/koparasy/BUILD/spack_cluster_install\n            er/quartz/ascent/spack_env_dir/linux-rhel7-broadwell/gcc-8.3.1/vtk-\n            m-1.6.0-b77d27rzqzlu7fmbn6ao6vzpnwkzwlib/include/vtkm-1.6/vtkm/Depr",
    "402    /tmp/koparasy/spack-stage/spack-stage-vtk-h-0.6.2-56u7iwx4dhd5lrvhe\n            wcddpykjpby4jc5/spack-src/src/vtkh/DataSet.cpp:621:44:   required f\n            rom here\n  >> 403    /p/vast1/koparasy/BUILD/spack_cluster_installer/quartz/ascent/spack\n            _env_dir/linux-rhel7-broadwell/gcc-8.3.1/vtk-m-1.6.0-b77d27rzqzlu7f\n            mbn6ao6vzpnwkzwlib/include/vtkm-1.6/vtkm/worklet/internal/Dispatche\nrBase.h:228:5: error: static assertion failed: Provided a type that\n             is not a valid ControlSignature tag.\n     404         VTKM_IS_CONTROL_SIGNATURE_TAG(ControlSignatureTag);\n     405         ^\n     406    /p/vast1/koparasy/BUILD/spack_cluster_installer/quartz/ascent/spack\n            _env_dir/linux-rhel7-broadwell/gcc-8.3.1/vtk-m-1.6.0-b77d27rzqzlu7f\n            mbn6ao6vzpnwkzwlib/include/vtkm-1.6/vtkm/worklet/internal/Dispatche",
    "412    /tmp/koparasy/spack-stage/spack-stage-vtk-h-0.6.2-56u7iwx4dhd5lrvhe\n            wcddpykjpby4jc5/spack-src/src/vtkh/DataSet.cpp:621:44:   required f\n            rom here\n  >> 413    /p/vast1/koparasy/BUILD/spack_cluster_installer/quartz/ascent/spack\n            _env_dir/linux-rhel7-broadwell/gcc-8.3.1/vtk-m-1.6.0-b77d27rzqzlu7f\n            mbn6ao6vzpnwkzwlib/include/vtkm-1.6/vtkm/worklet/internal/Dispatche\nrBase.h:242:5: error: static assertion failed: Provided a type that\n             is not a valid ExecutionSignature tag.\n     414         VTKM_IS_EXECUTION_SIGNATURE_TAG(ExecutionSignatureTag);\n     415         ^\n     416    In file included from /p/vast1/koparasy/BUILD/spack_cluster_install\n            er/quartz/ascent/spack_env_dir/linux-rhel7-broadwell/gcc-8.3.1/vtk-\n            m-1.6.0-b77d27rzqzlu7fmbn6ao6vzpnwkzwlib/include/vtkm-1.6/vtkm/work",
    "421    /tmp/koparasy/spack-stage/spack-stage-vtk-h-0.6.2-56u7iwx4dhd5lrvhe\n            wcddpykjpby4jc5/spack-src/src/vtkh/DataSet.cpp:621:44:   required f\n            rom here\n  >> 422    /p/vast1/koparasy/BUILD/spack_cluster_installer/quartz/ascent/spack\n            _env_dir/linux-rhel7-broadwell/gcc-8.3.1/vtk-m-1.6.0-b77d27rzqzlu7f\n            mbn6ao6vzpnwkzwlib/include/vtkm-1.6/vtkm/worklet/internal/Dispatche\nrBase.h:594:56: error: no type named 'ScatterType' in 'class vtkh::\n            detail::MemSetWorklet<float>'\n     423       using ScatterType = typename WorkletType::ScatterType;\n     424                                                            ^\n  >> 425    /p/vast1/koparasy/BUILD/spack_cluster_installer/quartz/ascent/spack\n            _env_dir/linux-rhel7-broadwell/gcc-8.3.1/vtk-m-1.6.0-b77d27rzqzlu7f\n            mbn6ao6vzpnwkzwlib/include/vtkm-1.6/vtkm/worklet/internal/Dispatche",
    "detail::MemSetWorklet<float>'\n     423       using ScatterType = typename WorkletType::ScatterType;\n     424                                                            ^\n  >> 425    /p/vast1/koparasy/BUILD/spack_cluster_installer/quartz/ascent/spack\n            _env_dir/linux-rhel7-broadwell/gcc-8.3.1/vtk-m-1.6.0-b77d27rzqzlu7f\n            mbn6ao6vzpnwkzwlib/include/vtkm-1.6/vtkm/worklet/internal/Dispatche\nrBase.h:595:50: error: no type named 'MaskType' in 'class vtkh::det\n            ail::MemSetWorklet<float>'\n     426       using MaskType = typename WorkletType::MaskType;\n     427                                                      ^\n  >> 428    make[2]: *** [vtkh/CMakeFiles/vtkh_core_mpi.dir/DataSet.cpp.o] Erro\n            r 1\n     429    make[2]: *** Waiting for unfinished jobs....",
    "430    make[2]: Leaving directory `/tmp/koparasy/spack-stage/spack-stage-v\n            tk-h-0.6.2-56u7iwx4dhd5lrvhewcddpykjpby4jc5/spack-src/spack-build'\n  >> 431    make[1]: *** [vtkh/vtkm_filters/CMakeFiles/vtkm_compiled_filters.di\n            r/all] Error 2\n     432    make[2]: Leaving directory `/tmp/koparasy/spack-stage/spack-stage-v\n            tk-h-0.6.2-56u7iwx4dhd5lrvhewcddpykjpby4jc5/spack-src/spack-build'\n>> 433    make[1]: *** [vtkh/CMakeFiles/vtkh_core_mpi.dir/all] Error 2\n     434    make[1]: Leaving directory `/tmp/koparasy/spack-stage/spack-stage-v\n            tk-h-0.6.2-56u7iwx4dhd5lrvhewcddpykjpby4jc5/spack-src/spack-build'\n  >> 435    make: *** [all] Error 2\n\nSee build log for details:\n  /var/tmp/koparasy/spack-stage/spack-stage-vtk-h-0.6.2-56u7iwx4dhd5lrvhewcddpykjpby4jc5/spack-build-out.txt",
    "r/all] Error 2\n     432    make[2]: Leaving directory `/tmp/koparasy/spack-stage/spack-stage-v\n            tk-h-0.6.2-56u7iwx4dhd5lrvhewcddpykjpby4jc5/spack-src/spack-build'\n  >> 433    make[1]: *** [vtkh/CMakeFiles/vtkh_core_mpi.dir/all] Error 2\n     434    make[1]: Leaving directory `/tmp/koparasy/spack-stage/spack-stage-v\n            tk-h-0.6.2-56u7iwx4dhd5lrvhewcddpykjpby4jc5/spack-src/spack-build'\n>> 435    make: *** [all] Error 2\n\nSee build log for details:\n  /var/tmp/koparasy/spack-stage/spack-stage-vtk-h-0.6.2-56u7iwx4dhd5lrvhewcddpykjpby4jc5/spack-build-out.txt\n\nTraceback (most recent call last):\n  File \"/p/vast1/koparasy/BUILD/spack/lib/spack/spack/build_environment.py\", line 1035, in _setup_pkg_and_run"
]