[
    "ion-21.03.0-ycy6fj6kseh62ujgmdcii64ejdab5ly4/spack-src/runtime/real\n            m/runtime_impl.h:21,\n     121                     from /var/tmp/koparasy/spack-stage/spack-stage-leg\n            ion-21.03.0-ycy6fj6kseh62ujgmdcii64ejdab5ly4/spack-src/runtime/real\n            m/transfer/lowlevel_disk.cc:18:\n  >> 122    /var/tmp/koparasy/spack-stage/spack-stage-legion-21.03.0-ycy6fj6kse\nh62ujgmdcii64ejdab5ly4/spack-src/runtime/realm/utils.h:347:3: error\n            : 'uint32_t' does not name a type\n     123       uint32_t crc32c_accumulate(uint32_t accum_in, const void *data,\n            size_t len);\n     124       ^\n     125    In file included from /var/tmp/koparasy/spack-stage/spack-stage-leg\n            ion-21.03.0-ycy6fj6kseh62ujgmdcii64ejdab5ly4/spack-src/runtime/real",
    "ion-21.03.0-ycy6fj6kseh62ujgmdcii64ejdab5ly4/spack-src/runtime/real\n            m/transfer/transfer.h:21,\n     129                     from /var/tmp/koparasy/spack-stage/spack-stage-leg\n            ion-21.03.0-ycy6fj6kseh62ujgmdcii64ejdab5ly4/spack-src/runtime/real\n            m/transfer/transfer.cc:18:\n  >> 130    /var/tmp/koparasy/spack-stage/spack-stage-legion-21.03.0-ycy6fj6kse\nh62ujgmdcii64ejdab5ly4/spack-src/runtime/realm/utils.h:347:3: error\n            : 'uint32_t' does not name a type\n     131       uint32_t crc32c_accumulate(uint32_t accum_in, const void *data,\n            size_t len);\n     132       ^\n  >> 133    make[2]: *** [runtime/CMakeFiles/RealmRuntime.dir/realm/transfer/lo\n            wlevel_disk.cc.o] Error 1",
    "3603:34: warning: extended initializer lists only available with -s\n            td=c++11 or -std=gnu++11\n     182           src_1d_maxbytes = std::min({ dst_1d_maxbytes,\n     183                                      ^\n  >> 184    /var/tmp/koparasy/spack-stage/spack-stage-legion-21.03.0-ycy6fj6kse\n            h62ujgmdcii64ejdab5ly4/spack-src/runtime/realm/transfer/channel.cc:\n3605:26: error: no matching function for call to 'min(<brace-enclos\n            ed initializer list>)'\n     185                   rec_bytes });\n     186                              ^\n     187    /var/tmp/koparasy/spack-stage/spack-stage-legion-21.03.0-ycy6fj6kse\n            h62ujgmdcii64ejdab5ly4/spack-src/runtime/realm/transfer/channel.cc:\n            3605:26: note: candidates are:",
    "3619:34: warning: extended initializer lists only available with -s\n            td=c++11 or -std=gnu++11\n     211           src_2d_maxbytes = std::min({ dst_1d_maxbytes,\n     212                                      ^\n  >> 213    /var/tmp/koparasy/spack-stage/spack-stage-legion-21.03.0-ycy6fj6kse\n            h62ujgmdcii64ejdab5ly4/spack-src/runtime/realm/transfer/channel.cc:\n3621:40: error: no matching function for call to 'min(<brace-enclos\n            ed initializer list>)'\n     214                                 rec_bytes });\n     215                                            ^\n     216    /var/tmp/koparasy/spack-stage/spack-stage-legion-21.03.0-ycy6fj6kse\n            h62ujgmdcii64ejdab5ly4/spack-src/runtime/realm/transfer/channel.cc:\n            3621:40: note: candidates are:",
    "3629:34: warning: extended initializer lists only available with -s\n            td=c++11 or -std=gnu++11\n     240           src_ga_maxbytes = std::min({ dst_1d_maxbytes,\n     241                                      ^\n  >> 242    /var/tmp/koparasy/spack-stage/spack-stage-legion-21.03.0-ycy6fj6kse\n            h62ujgmdcii64ejdab5ly4/spack-src/runtime/realm/transfer/channel.cc:\n3631:26: error: no matching function for call to 'min(<brace-enclos\n            ed initializer list>)'\n     243                   rec_bytes });\n     244                              ^\n     245    /var/tmp/koparasy/spack-stage/spack-stage-legion-21.03.0-ycy6fj6kse\n            h62ujgmdcii64ejdab5ly4/spack-src/runtime/realm/transfer/channel.cc:\n            3631:26: note: candidates are:",
    "In member function 'virtual bool Realm::Channel::supports_path(Rea\n            lm::Memory, Realm::Memory, Realm::CustomSerdezID, Realm::CustomSerd\n            ezID, Realm::ReductionOpID, Realm::XferDesKind*, unsigned int*, uns\n            igned int*)':\n  >> 269    /var/tmp/koparasy/spack-stage/spack-stage-legion-21.03.0-ycy6fj6kse\n            h62ujgmdcii64ejdab5ly4/spack-src/runtime/realm/transfer/channel.cc:\n4015:67: error: 'nullptr' was not declared in this scope\n     270         src_ok = (src_impl->get_rdma_info(Network::single_network) !=\n            nullptr);\n     271\n            ^\n  >> 272    /var/tmp/koparasy/spack-stage/spack-stage-legion-21.03.0-ycy6fj6kse\n            h62ujgmdcii64ejdab5ly4/spack-src/runtime/realm/transfer/channel.cc:",
    "270         src_ok = (src_impl->get_rdma_info(Network::single_network) !=\n            nullptr);\n     271\n            ^\n  >> 272    /var/tmp/koparasy/spack-stage/spack-stage-legion-21.03.0-ycy6fj6kse\n            h62ujgmdcii64ejdab5ly4/spack-src/runtime/realm/transfer/channel.cc:\n4030:67: error: 'nullptr' was not declared in this scope\n     273         src_ok = (src_impl->get_rdma_info(Network::single_network) !=\n            nullptr);\n     274\n            ^\n  >> 275    /var/tmp/koparasy/spack-stage/spack-stage-legion-21.03.0-ycy6fj6kse\n            h62ujgmdcii64ejdab5ly4/spack-src/runtime/realm/transfer/channel.cc:",
    "273         src_ok = (src_impl->get_rdma_info(Network::single_network) !=\n            nullptr);\n     274\n            ^\n  >> 275    /var/tmp/koparasy/spack-stage/spack-stage-legion-21.03.0-ycy6fj6kse\n            h62ujgmdcii64ejdab5ly4/spack-src/runtime/realm/transfer/channel.cc:\n4063:67: error: 'nullptr' was not declared in this scope\n     276         dst_ok = (dst_impl->get_rdma_info(Network::single_network) !=\n            nullptr);\n     277\n            ^\n  >> 278    /var/tmp/koparasy/spack-stage/spack-stage-legion-21.03.0-ycy6fj6kse\n            h62ujgmdcii64ejdab5ly4/spack-src/runtime/realm/transfer/channel.cc:",
    "276         dst_ok = (dst_impl->get_rdma_info(Network::single_network) !=\n            nullptr);\n     277\n            ^\n  >> 278    /var/tmp/koparasy/spack-stage/spack-stage-legion-21.03.0-ycy6fj6kse\n            h62ujgmdcii64ejdab5ly4/spack-src/runtime/realm/transfer/channel.cc:\n4077:67: error: 'nullptr' was not declared in this scope\n     279         dst_ok = (dst_impl->get_rdma_info(Network::single_network) !=\n            nullptr);\n     280\n            ^\n  >> 281    make[2]: *** [runtime/CMakeFiles/RealmRuntime.dir/realm/transfer/ch\n            annel.cc.o] Error 1",
    ">> 281    make[2]: *** [runtime/CMakeFiles/RealmRuntime.dir/realm/transfer/ch\n            annel.cc.o] Error 1\n  >> 282    make[2]: *** [runtime/CMakeFiles/RealmRuntime.dir/realm/transfer/tr\n            ansfer.cc.o] Error 1\n     283    make[2]: Leaving directory `/tmp/koparasy/spack-stage/spack-stage-l\n            egion-21.03.0-ycy6fj6kseh62ujgmdcii64ejdab5ly4/spack-build-ycy6fj6'\n>> 284    make[1]: *** [runtime/CMakeFiles/RealmRuntime.dir/all] Error 2\n     285    make[1]: Leaving directory `/tmp/koparasy/spack-stage/spack-stage-l\n            egion-21.03.0-ycy6fj6kseh62ujgmdcii64ejdab5ly4/spack-build-ycy6fj6'\n  >> 286    make: *** [all] Error 2\n\nSee build log for details:\n  /var/tmp/koparasy/spack-stage/spack-stage-legion-21.03.0-ycy6fj6kseh62ujgmdcii64ejdab5ly4/spack-build-out.txt",
    "ansfer.cc.o] Error 1\n     283    make[2]: Leaving directory `/tmp/koparasy/spack-stage/spack-stage-l\n            egion-21.03.0-ycy6fj6kseh62ujgmdcii64ejdab5ly4/spack-build-ycy6fj6'\n  >> 284    make[1]: *** [runtime/CMakeFiles/RealmRuntime.dir/all] Error 2\n     285    make[1]: Leaving directory `/tmp/koparasy/spack-stage/spack-stage-l\n            egion-21.03.0-ycy6fj6kseh62ujgmdcii64ejdab5ly4/spack-build-ycy6fj6'\n>> 286    make: *** [all] Error 2\n\nSee build log for details:\n  /var/tmp/koparasy/spack-stage/spack-stage-legion-21.03.0-ycy6fj6kseh62ujgmdcii64ejdab5ly4/spack-build-out.txt\n\nTraceback (most recent call last):\n  File \"/p/vast1/koparasy/BUILD/head/spack/lib/spack/spack/build_environment.py\", line 1035, in _setup_pkg_and_run",
    "IO, unsigned int, unsigned int, unsigned int, size_t, Realm::Custom\n            SerdezID, std::vector<Realm::TransferGraph::XDTemplate>&, std::vect\n            or<Realm::TransferGraph::IBInfo>&, std::vector<Realm::TransferDesc:\n            :FieldInfo>&)':\n     136    /var/tmp/koparasy/spack-stage/spack-stage-legion-21.03.0-ycy6fj6kse\n            h62ujgmdcii64ejdab5ly4/spack-src/runtime/realm/transfer/transfer.cc\n:2313:50: warning: extended initializer lists only available with -\n            std=c++11 or -std=gnu++11\n     137         src_fields.push_back(TransferDesc::FieldInfo { field_id, 0, ad\n            dress_size(), 0 });\n     138                                                      ^\n     139    /var/tmp/koparasy/spack-stage/spack-stage-legion-21.03.0-ycy6fj6kse\n            h62ujgmdcii64ejdab5ly4/spack-src/runtime/realm/transfer/transfer.cc",
    "180    /var/tmp/koparasy/spack-stage/spack-stage-legion-21.03.0-ycy6fj6kse\n            h62ujgmdcii64ejdab5ly4/spack-src/runtime/realm/transfer/channel.cc:\n             In member function 'bool Realm::RemoteWriteXferDes::progress_xd(Re\n            alm::RemoteWriteChannel*, Realm::TimeLimit)':\n     181    /var/tmp/koparasy/spack-stage/spack-stage-legion-21.03.0-ycy6fj6kse\n            h62ujgmdcii64ejdab5ly4/spack-src/runtime/realm/transfer/channel.cc:\n3603:34: warning: extended initializer lists only available with -s\n            td=c++11 or -std=gnu++11\n     182           src_1d_maxbytes = std::min({ dst_1d_maxbytes,\n     183                                      ^\n  >> 184    /var/tmp/koparasy/spack-stage/spack-stage-legion-21.03.0-ycy6fj6kse\n            h62ujgmdcii64ejdab5ly4/spack-src/runtime/realm/transfer/channel.cc:\n            3605:26: error: no matching function for call to 'min(<brace-enclos",
    "h62ujgmdcii64ejdab5ly4/spack-src/runtime/realm/transfer/channel.cc:\n            3605:26: note:   candidate expects 3 arguments, 1 provided\n     208                   rec_bytes });\n     209                              ^\n     210    /var/tmp/koparasy/spack-stage/spack-stage-legion-21.03.0-ycy6fj6kse\n            h62ujgmdcii64ejdab5ly4/spack-src/runtime/realm/transfer/channel.cc:\n3619:34: warning: extended initializer lists only available with -s\n            td=c++11 or -std=gnu++11\n     211           src_2d_maxbytes = std::min({ dst_1d_maxbytes,\n     212                                      ^\n  >> 213    /var/tmp/koparasy/spack-stage/spack-stage-legion-21.03.0-ycy6fj6kse\n            h62ujgmdcii64ejdab5ly4/spack-src/runtime/realm/transfer/channel.cc:\n            3621:40: error: no matching function for call to 'min(<brace-enclos",
    "h62ujgmdcii64ejdab5ly4/spack-src/runtime/realm/transfer/channel.cc:\n            3621:40: note:   candidate expects 3 arguments, 1 provided\n     237                                 rec_bytes });\n     238                                            ^\n     239    /var/tmp/koparasy/spack-stage/spack-stage-legion-21.03.0-ycy6fj6kse\n            h62ujgmdcii64ejdab5ly4/spack-src/runtime/realm/transfer/channel.cc:\n3629:34: warning: extended initializer lists only available with -s\n            td=c++11 or -std=gnu++11\n     240           src_ga_maxbytes = std::min({ dst_1d_maxbytes,\n     241                                      ^\n  >> 242    /var/tmp/koparasy/spack-stage/spack-stage-legion-21.03.0-ycy6fj6kse\n            h62ujgmdcii64ejdab5ly4/spack-src/runtime/realm/transfer/channel.cc:\n            3631:26: error: no matching function for call to 'min(<brace-enclos"
]