[
    "127                     from /tmp/koparasy/spack-stage/spack-stage-vtk-h-0\n            .5.7-oy274i3ucqoy2zpi7yafz537oncy25zj/spack-src/src/vtkh/vtkm_filte\n            rs/vtkmCellAverage.cpp:1:\n  >> 128    /p/vast1/koparasy/BUILD/spack_cluster_installer/quartz/ascent/spack\n            _env_dir/linux-rhel7-broadwell/gcc-8.3.1/vtk-m-1.6.0-b77d27rzqzlu7f\n            mbn6ao6vzpnwkzwlib/include/vtkm-1.6/vtkm/thirdparty/diy/pre-include\n.h:6:34: fatal error: vtkmdiy/serialization.hpp: No such file or di\n            rectory\n     129     #define VTKM_DIY_INCLUDE(header) <vtkmdiy/header>\n     130                                      ^\n     131    compilation terminated.\n     132    In file included from /p/vast1/koparasy/BUILD/spack_cluster_install\n            er/quartz/ascent/spack_env_dir/linux-rhel7-broadwell/gcc-8.3.1/vtk-",
    "139                     from /tmp/koparasy/spack-stage/spack-stage-vtk-h-0\n            .5.7-oy274i3ucqoy2zpi7yafz537oncy25zj/spack-src/src/vtkh/vtkm_filte\n            rs/vtkmClip.cpp:1:\n  >> 140    /p/vast1/koparasy/BUILD/spack_cluster_installer/quartz/ascent/spack\n            _env_dir/linux-rhel7-broadwell/gcc-8.3.1/vtk-m-1.6.0-b77d27rzqzlu7f\n            mbn6ao6vzpnwkzwlib/include/vtkm-1.6/vtkm/thirdparty/diy/pre-include\n.h:6:34: fatal error: vtkmdiy/serialization.hpp: No such file or di\n            rectory\n     141     #define VTKM_DIY_INCLUDE(header) <vtkmdiy/header>\n     142                                      ^\n     143    compilation terminated.\n     144    In file included from /p/vast1/koparasy/BUILD/spack_cluster_install\n            er/quartz/ascent/spack_env_dir/linux-rhel7-broadwell/gcc-8.3.1/vtk-",
    "151                     from /tmp/koparasy/spack-stage/spack-stage-vtk-h-0\n            .5.7-oy274i3ucqoy2zpi7yafz537oncy25zj/spack-src/src/vtkh/vtkm_filte\n            rs/vtkmCleanGrid.cpp:1:\n  >> 152    /p/vast1/koparasy/BUILD/spack_cluster_installer/quartz/ascent/spack\n            _env_dir/linux-rhel7-broadwell/gcc-8.3.1/vtk-m-1.6.0-b77d27rzqzlu7f\n            mbn6ao6vzpnwkzwlib/include/vtkm-1.6/vtkm/thirdparty/diy/pre-include\n.h:6:34: fatal error: vtkmdiy/serialization.hpp: No such file or di\n            rectory\n     153     #define VTKM_DIY_INCLUDE(header) <vtkmdiy/header>\n     154                                      ^\n     155    compilation terminated.\n  >> 156    make[2]: *** [vtkh/vtkm_filters/CMakeFiles/vtkm_compiled_filters.di\n            r/vtkmCellAverage.cpp.o] Error 1",
    "::::::::::::::::::::\n     166    make[2]: Leaving directory `/tmp/koparasy/spack-stage/spack-stage-v\n            tk-h-0.5.7-oy274i3ucqoy2zpi7yafz537oncy25zj/spack-src/spack-build'\n     167    [  5%] Built target vtkh_lodepng\n     168    make[1]: Leaving directory `/tmp/koparasy/spack-stage/spack-stage-v\n            tk-h-0.5.7-oy274i3ucqoy2zpi7yafz537oncy25zj/spack-src/spack-build'\n>> 169    make: *** [all] Error 2\n\nSee build log for details:\n  /var/tmp/koparasy/spack-stage/spack-stage-vtk-h-0.5.7-oy274i3ucqoy2zpi7yafz537oncy25zj/spack-build-out.txt\n\nTraceback (most recent call last):\n  File \"/p/vast1/koparasy/BUILD/spack/lib/spack/spack/build_environment.py\", line 1035, in _setup_pkg_and_run"
]