[
    "lcl  -O2 -g -DNDEBUG -fPIE   -fopenmp \"-D PARALLEL -DKRIPKE_USE_OP\n             ENMP\" -DASCENT_MPI_ENABLED -pthread -ffunction-sections -DROVER_PA\n             RALLEL -std=c++11 -o CMakeFiles/kripke_par.dir/Kripke/Sweep_Solver\n             .cpp.o -c /tmp/koparasy/spack-stage/spack-stage-ascent-0.7.0-tshxi\n             czy4ahiksaf6js7dblj664mn3bs/spack-src/src/examples/proxies/kripke/\n             Kripke/Sweep_Solver.cpp\n>> 955     ../../../lib/librover_mpi.so: undefined reference to `vtkh::lodepn\n             g_encode_memory(unsigned char**, unsigned long*, unsigned char con\n             st*, unsigned int, unsigned int, vtkh::LodePNGColorType, unsigned\n             int)'\n  >> 956     collect2: error: ld returned 1 exit status\n  >> 957     make[2]: *** [examples/proxies/lulesh2.0.3/lulesh_par] Error 1\n     958     make[2]: Leaving directory `/tmp/koparasy/spack-stage/spack-stage-",
    "czy4ahiksaf6js7dblj664mn3bs/spack-src/src/examples/proxies/kripke/\n             Kripke/Sweep_Solver.cpp\n  >> 955     ../../../lib/librover_mpi.so: undefined reference to `vtkh::lodepn\n             g_encode_memory(unsigned char**, unsigned long*, unsigned char con\n             st*, unsigned int, unsigned int, vtkh::LodePNGColorType, unsigned\n             int)'\n>> 956     collect2: error: ld returned 1 exit status\n  >> 957     make[2]: *** [examples/proxies/lulesh2.0.3/lulesh_par] Error 1\n     958     make[2]: Leaving directory `/tmp/koparasy/spack-stage/spack-stage-\n             ascent-0.7.0-tshxiczy4ahiksaf6js7dblj664mn3bs/spack-build-tshxicz'\n  >> 959     make[1]: *** [examples/proxies/lulesh2.0.3/CMakeFiles/lulesh_par.d\n             ir/all] Error 2\n     960     make[1]: *** Waiting for unfinished jobs....",
    "Kripke/Sweep_Solver.cpp\n  >> 955     ../../../lib/librover_mpi.so: undefined reference to `vtkh::lodepn\n             g_encode_memory(unsigned char**, unsigned long*, unsigned char con\n             st*, unsigned int, unsigned int, vtkh::LodePNGColorType, unsigned\n             int)'\n  >> 956     collect2: error: ld returned 1 exit status\n>> 957     make[2]: *** [examples/proxies/lulesh2.0.3/lulesh_par] Error 1\n     958     make[2]: Leaving directory `/tmp/koparasy/spack-stage/spack-stage-\n             ascent-0.7.0-tshxiczy4ahiksaf6js7dblj664mn3bs/spack-build-tshxicz'\n  >> 959     make[1]: *** [examples/proxies/lulesh2.0.3/CMakeFiles/lulesh_par.d\n             ir/all] Error 2\n     960     make[1]: *** Waiting for unfinished jobs....\n     961     [ 47%] Building CXX object examples/proxies/kripke/CMakeFiles/krip",
    "77d27rzqzlu7fmbn6ao6vzpnwkzwlib/include/vtkm-1.6/vtkm/thirdparty/l\n             cl/vtkmlcl  -O2 -g -DNDEBUG -J../../../fortran -fPIE   -fopenmp -D\n             USE_MPIF -DASCENT_MPI_ENABLED -pthread -DROVER_PARALLEL -c /tmp/ko\n             parasy/spack-stage/spack-stage-ascent-0.7.0-tshxiczy4ahiksaf6js7db\n             lj664mn3bs/spack-src/src/examples/proxies/cloverleaf3d-ref/initial\n             ise.f90 -o CMakeFiles/cloverleaf3d_par.dir/initialise.f90.o\n>> 1119    ../../../lib/librover_mpi.so: undefined reference to `vtkh::lodepn\n             g_encode_memory(unsigned char**, unsigned long*, unsigned char con\n             st*, unsigned int, unsigned int, vtkh::LodePNGColorType, unsigned\n             int)'\n  >> 1120    collect2: error: ld returned 1 exit status\n  >> 1121    make[2]: *** [examples/proxies/kripke/kripke_par] Error 1\n     1122    make[2]: Leaving directory `/tmp/koparasy/spack-stage/spack-stage-",
    "lj664mn3bs/spack-src/src/examples/proxies/cloverleaf3d-ref/initial\n             ise.f90 -o CMakeFiles/cloverleaf3d_par.dir/initialise.f90.o\n  >> 1119    ../../../lib/librover_mpi.so: undefined reference to `vtkh::lodepn\n             g_encode_memory(unsigned char**, unsigned long*, unsigned char con\n             st*, unsigned int, unsigned int, vtkh::LodePNGColorType, unsigned\n             int)'\n>> 1120    collect2: error: ld returned 1 exit status\n  >> 1121    make[2]: *** [examples/proxies/kripke/kripke_par] Error 1\n     1122    make[2]: Leaving directory `/tmp/koparasy/spack-stage/spack-stage-\n             ascent-0.7.0-tshxiczy4ahiksaf6js7dblj664mn3bs/spack-build-tshxicz'\n  >> 1123    make[1]: *** [examples/proxies/kripke/CMakeFiles/kripke_par.dir/al\n             l] Error 2\n     1124    [ 60%] Building Fortran object examples/proxies/cloverleaf3d-ref/C",
    "ise.f90 -o CMakeFiles/cloverleaf3d_par.dir/initialise.f90.o\n  >> 1119    ../../../lib/librover_mpi.so: undefined reference to `vtkh::lodepn\n             g_encode_memory(unsigned char**, unsigned long*, unsigned char con\n             st*, unsigned int, unsigned int, vtkh::LodePNGColorType, unsigned\n             int)'\n  >> 1120    collect2: error: ld returned 1 exit status\n>> 1121    make[2]: *** [examples/proxies/kripke/kripke_par] Error 1\n     1122    make[2]: Leaving directory `/tmp/koparasy/spack-stage/spack-stage-\n             ascent-0.7.0-tshxiczy4ahiksaf6js7dblj664mn3bs/spack-build-tshxicz'\n  >> 1123    make[1]: *** [examples/proxies/kripke/CMakeFiles/kripke_par.dir/al\n             l] Error 2\n     1124    [ 60%] Building Fortran object examples/proxies/cloverleaf3d-ref/C\n             MakeFiles/cloverleaf3d_par.dir/read_input.f90.o",
    "/spack_cluster_installer/quartz/ascent/spack_env_dir/linux-rhel7-b\n             roadwell/gcc-8.3.1/vtk-m-1.6.0-b77d27rzqzlu7fmbn6ao6vzpnwkzwlib/li\n             b/libvtkm_lodepng-1.6.a /p/vast1/koparasy/BUILD/spack_cluster_inst\n             aller/quartz/ascent/spack_env_dir/linux-rhel7-broadwell/gcc-8.3.1/\n             vtk-h-0.7.1-sszdkafqrdjcacwq73uhloaezplrkfjw/lib/libvtkh_lodepng.s\n             o -lstdc++\n>> 1142    ../../../lib/librover_mpi.so: undefined reference to `vtkh::lodepn\n             g_encode_memory(unsigned char**, unsigned long*, unsigned char con\n             st*, unsigned int, unsigned int, vtkh::LodePNGColorType, unsigned\n             int)'\n  >> 1143    collect2: error: ld returned 1 exit status\n  >> 1144    make[2]: *** [examples/proxies/cloverleaf3d-ref/cloverleaf3d_par]\n             Error 1",
    "vtk-h-0.7.1-sszdkafqrdjcacwq73uhloaezplrkfjw/lib/libvtkh_lodepng.s\n             o -lstdc++\n  >> 1142    ../../../lib/librover_mpi.so: undefined reference to `vtkh::lodepn\n             g_encode_memory(unsigned char**, unsigned long*, unsigned char con\n             st*, unsigned int, unsigned int, vtkh::LodePNGColorType, unsigned\n             int)'\n>> 1143    collect2: error: ld returned 1 exit status\n  >> 1144    make[2]: *** [examples/proxies/cloverleaf3d-ref/cloverleaf3d_par]\n             Error 1\n     1145    make[2]: Leaving directory `/tmp/koparasy/spack-stage/spack-stage-\n             ascent-0.7.0-tshxiczy4ahiksaf6js7dblj664mn3bs/spack-build-tshxicz'\n  >> 1146    make[1]: *** [examples/proxies/cloverleaf3d-ref/CMakeFiles/cloverl\n             eaf3d_par.dir/all] Error 2",
    "1145    make[2]: Leaving directory `/tmp/koparasy/spack-stage/spack-stage-\n             ascent-0.7.0-tshxiczy4ahiksaf6js7dblj664mn3bs/spack-build-tshxicz'\n  >> 1146    make[1]: *** [examples/proxies/cloverleaf3d-ref/CMakeFiles/cloverl\n             eaf3d_par.dir/all] Error 2\n     1147    make[1]: Leaving directory `/tmp/koparasy/spack-stage/spack-stage-\n             ascent-0.7.0-tshxiczy4ahiksaf6js7dblj664mn3bs/spack-build-tshxicz'\n>> 1148    make: *** [all] Error 2\n\nSee build log for details:\n  /var/tmp/koparasy/spack-stage/spack-stage-ascent-0.7.0-tshxiczy4ahiksaf6js7dblj664mn3bs/spack-build-out.txt\n\nTraceback (most recent call last):\n  File \"/p/vast1/koparasy/BUILD/spack/lib/spack/spack/build_environment.py\", line 1035, in _setup_pkg_and_run"
]