[
    "&& it_b != b.end(); ) {\n     1231              ^~~~\n  >> 1232    make[2]: *** [src/math/lp/CMakeFiles/lp.dir/nex_creator.cpp.o] Err\n             or 1\n     1233    make[2]: Leaving directory `/tmp/koparasy/spack-stage/spack-stage-\n             z3-4.8.8-eyrvfahiuzhemr2bscnxhghj5l57wztq/spack-src/build'\n>> 1234    make[1]: *** [src/math/lp/CMakeFiles/lp.dir/all] Error 2\n     1235    make[1]: *** Waiting for unfinished jobs....\n     1236    [ 48%] Building CXX object src/cmd_context/CMakeFiles/cmd_context.\n             dir/check_logic.cpp.o\n     1237    cd /tmp/koparasy/spack-stage/spack-stage-z3-4.8.8-eyrvfahiuzhemr2b\n             scnxhghj5l57wztq/spack-src/build/src/cmd_context && /p/vast1/kopar\n             asy/BUILD/head/spack/lib/spack/env/gcc/g++  -D_EXTERNAL_RELEASE -D",
    "1289    [ 53%] Built target cmd_context\n     1290    make[2]: Leaving directory `/tmp/koparasy/spack-stage/spack-stage-\n             z3-4.8.8-eyrvfahiuzhemr2bscnxhghj5l57wztq/spack-src/build'\n     1291    [ 53%] Built target core_tactics\n     1292    make[1]: Leaving directory `/tmp/koparasy/spack-stage/spack-stage-\n             z3-4.8.8-eyrvfahiuzhemr2bscnxhghj5l57wztq/spack-src/build'\n>> 1293    make: *** [all] Error 2\n\nSee build log for details:\n  /var/tmp/koparasy/spack-stage/spack-stage-z3-4.8.8-eyrvfahiuzhemr2bscnxhghj5l57wztq/spack-build-out.txt\n\nTraceback (most recent call last):\n  File \"/p/vast1/koparasy/BUILD/head/spack/lib/spack/spack/build_environment.py\", line 1035, in _setup_pkg_and_run"
]