[
    "12188                     from /usr/tce/packages/gcc/gcc-8.3.1/rh/usr/incl\n              ude/c++/8/string:52,\n     12189                     from ./boost/thread/exceptions.hpp:19,\n     12190                     from ./boost/thread/pthread/thread_data.hpp:9,\n     12191                     from ./boost/thread/thread.hpp:17,\n     12192                     from libs/thread/src/pthread/thread.cpp:10:\n>> 12193    ./boost/thread/xtime.hpp:23:5: error: expected identifier before\n              numeric constant\n     12194         TIME_UTC=1\n     12195         ^~~~~~~~\n  >> 12196    ./boost/thread/xtime.hpp:23:5: error: expected '}' before numeric\n               constant\n     12197    In file included from ./boost/thread/pthread/mutex.hpp:14,",
    "12191                     from ./boost/thread/thread.hpp:17,\n     12192                     from libs/thread/src/pthread/thread.cpp:10:\n  >> 12193    ./boost/thread/xtime.hpp:23:5: error: expected identifier before\n              numeric constant\n     12194         TIME_UTC=1\n     12195         ^~~~~~~~\n>> 12196    ./boost/thread/xtime.hpp:23:5: error: expected '}' before numeric\n               constant\n     12197    In file included from ./boost/thread/pthread/mutex.hpp:14,\n     12198                     from ./boost/thread/mutex.hpp:16,\n     12199                     from ./boost/thread/pthread/thread_data.hpp:12,\n     12200                     from ./boost/thread/thread.hpp:17,\n     12201                     from libs/thread/src/pthread/thread.cpp:10:",
    "12210                     from /usr/tce/packages/gcc/gcc-8.3.1/rh/usr/incl\n              ude/c++/8/string:52,\n     12211                     from ./boost/thread/exceptions.hpp:19,\n     12212                     from ./boost/thread/pthread/thread_data.hpp:9,\n     12213                     from ./boost/thread/thread.hpp:17,\n     12214                     from libs/thread/src/pthread/thread.cpp:10:\n>> 12215    ./boost/thread/xtime.hpp:23:5: error: expected unqualified-id bef\n              ore numeric constant\n     12216         TIME_UTC=1\n     12217         ^~~~~~~~\n     12218    In file included from ./boost/thread/pthread/mutex.hpp:14,\n     12219                     from ./boost/thread/mutex.hpp:16,\n     12220                     from ./boost/thread/pthread/thread_data.hpp:12,",
    "12217         ^~~~~~~~\n     12218    In file included from ./boost/thread/pthread/mutex.hpp:14,\n     12219                     from ./boost/thread/mutex.hpp:16,\n     12220                     from ./boost/thread/pthread/thread_data.hpp:12,\n     12221                     from ./boost/thread/thread.hpp:17,\n     12222                     from libs/thread/src/pthread/thread.cpp:10:\n>> 12223    ./boost/thread/xtime.hpp:46:14: error: expected type-specifier be\n              fore 'system_time'\n     12224         operator system_time() const\n     12225                  ^~~~~~~~~~~\n     12226    In file included from ./boost/thread/pthread/mutex.hpp:14,\n     12227                     from ./boost/thread/mutex.hpp:16,\n     12228                     from ./boost/thread/pthread/thread_data.hpp:12,",
    "12227                     from ./boost/thread/mutex.hpp:16,\n     12228                     from ./boost/thread/pthread/thread_data.hpp:12,\n     12229                     from ./boost/thread/thread.hpp:17,\n     12230                     from libs/thread/src/pthread/thread.cpp:10:\n     12231    ./boost/thread/xtime.hpp: In function 'int xtime_get(xtime*, int)\n              ':\n>> 12232    ./boost/thread/xtime.hpp:73:24: error: 'get_system_time' was not\n              declared in this scope\n     12233             *xtp=get_xtime(get_system_time());\n     12234                            ^~~~~~~~~~~~~~~\n     12235    ./boost/thread/xtime.hpp:73:24: note: suggested alternative:\n     12236    In file included from ./boost/thread/locks.hpp:12,\n     12237                     from ./boost/thread/pthread/mutex.hpp:12,",
    "12245    In file included from ./boost/thread/pthread/mutex.hpp:14,\n     12246                     from ./boost/thread/mutex.hpp:16,\n     12247                     from ./boost/thread/pthread/thread_data.hpp:12,\n     12248                     from ./boost/thread/thread.hpp:17,\n     12249                     from libs/thread/src/pthread/thread.cpp:10:\n     12250    ./boost/thread/xtime.hpp: At global scope:\n>> 12251    ./boost/thread/xtime.hpp:88:1: error: expected declaration before\n               '}' token\n     12252     } // namespace boost\n     12253     ^\n     12254\n     12255        \"/p/vast1/koparasy/BUILD/spack/lib/spack/env/gcc/g++\"  -ftemp\n              late-depth-128 -O3 -finline-functions -Wno-inline -Wall -pthread",
    "ude/c++/8/bits/locale_classes.h:40,\n     12904                     from /usr/tce/packages/gcc/gcc-8.3.1/rh/usr/incl\n              ude/c++/8/locale:39,\n     12905                     from ./boost/locale/date_time_facet.hpp:18,\n     12906                     from ./boost/locale/date_time.hpp:18,\n     12907                     from libs/locale/src/shared/date_time.cpp:9:\n>> 12908    ./boost/thread/xtime.hpp:23:5: error: expected identifier before\n              numeric constant\n     12909         TIME_UTC=1\n     12910         ^~~~~~~~\n  >> 12911    ./boost/thread/xtime.hpp:23:5: error: expected '}' before numeric\n               constant\n     12912    In file included from ./boost/thread/pthread/mutex.hpp:14,",
    "12906                     from ./boost/locale/date_time.hpp:18,\n     12907                     from libs/locale/src/shared/date_time.cpp:9:\n  >> 12908    ./boost/thread/xtime.hpp:23:5: error: expected identifier before\n              numeric constant\n     12909         TIME_UTC=1\n     12910         ^~~~~~~~\n>> 12911    ./boost/thread/xtime.hpp:23:5: error: expected '}' before numeric\n               constant\n     12912    In file included from ./boost/thread/pthread/mutex.hpp:14,\n     12913                     from ./boost/thread/mutex.hpp:16,\n     12914                     from libs/locale/src/shared/date_time.cpp:11:\n     12915    ./boost/thread/xtime.hpp:22:1: note: to match this '{'\n     12916     {",
    "ude/c++/8/bits/locale_classes.h:40,\n     12925                     from /usr/tce/packages/gcc/gcc-8.3.1/rh/usr/incl\n              ude/c++/8/locale:39,\n     12926                     from ./boost/locale/date_time_facet.hpp:18,\n     12927                     from ./boost/locale/date_time.hpp:18,\n     12928                     from libs/locale/src/shared/date_time.cpp:9:\n>> 12929    ./boost/thread/xtime.hpp:23:5: error: expected unqualified-id bef\n              ore numeric constant\n     12930         TIME_UTC=1\n     12931         ^~~~~~~~\n     12932    In file included from ./boost/thread/pthread/mutex.hpp:14,\n     12933                     from ./boost/thread/mutex.hpp:16,\n     12934                     from libs/locale/src/shared/date_time.cpp:11:",
    "ore numeric constant\n     12930         TIME_UTC=1\n     12931         ^~~~~~~~\n     12932    In file included from ./boost/thread/pthread/mutex.hpp:14,\n     12933                     from ./boost/thread/mutex.hpp:16,\n     12934                     from libs/locale/src/shared/date_time.cpp:11:\n>> 12935    ./boost/thread/xtime.hpp:46:14: error: expected type-specifier be\n              fore 'system_time'\n     12936         operator system_time() const\n     12937                  ^~~~~~~~~~~\n     12938    In file included from ./boost/thread/pthread/mutex.hpp:14,\n     12939                     from ./boost/thread/mutex.hpp:16,\n     12940                     from libs/locale/src/shared/date_time.cpp:11:",
    "12937                  ^~~~~~~~~~~\n     12938    In file included from ./boost/thread/pthread/mutex.hpp:14,\n     12939                     from ./boost/thread/mutex.hpp:16,\n     12940                     from libs/locale/src/shared/date_time.cpp:11:\n     12941    ./boost/thread/xtime.hpp: In function 'int xtime_get(xtime*, int)\n              ':\n>> 12942    ./boost/thread/xtime.hpp:73:24: error: 'get_system_time' was not\n              declared in this scope\n     12943             *xtp=get_xtime(get_system_time());\n     12944                            ^~~~~~~~~~~~~~~\n     12945    ./boost/thread/xtime.hpp:73:24: note: suggested alternative:\n     12946    In file included from ./boost/thread/locks.hpp:12,\n     12947                     from ./boost/thread/pthread/mutex.hpp:12,",
    "12951         inline system_time get_system_time()\n     12952                            ^~~~~~~~~~~~~~~\n     12953    In file included from ./boost/thread/pthread/mutex.hpp:14,\n     12954                     from ./boost/thread/mutex.hpp:16,\n     12955                     from libs/locale/src/shared/date_time.cpp:11:\n     12956    ./boost/thread/xtime.hpp: At global scope:\n>> 12957    ./boost/thread/xtime.hpp:88:1: error: expected declaration before\n               '}' token\n     12958     } // namespace boost\n     12959     ^\n     12960\n     12961        \"/p/vast1/koparasy/BUILD/spack/lib/spack/env/gcc/g++\"  -ftemp\n              late-depth-128 -O3 -finline-functions -Wno-inline -Wall -pthread",
    "17256                     from /usr/tce/packages/gcc/gcc-8.3.1/rh/usr/incl\n              ude/c++/8/bits/basic_string.h:39,\n     17257                     from /usr/tce/packages/gcc/gcc-8.3.1/rh/usr/incl\n              ude/c++/8/string:52,\n     17258                     from ./boost/locale/generator.hpp:16,\n     17259                     from libs/locale/src/shared/generator.cpp:9:\n>> 17260    ./boost/thread/xtime.hpp:23:5: error: expected identifier before\n              numeric constant\n     17261         TIME_UTC=1\n     17262         ^~~~~~~~\n  >> 17263    ./boost/thread/xtime.hpp:23:5: error: expected '}' before numeric\n               constant\n     17264    In file included from ./boost/thread/pthread/mutex.hpp:14,",
    "17258                     from ./boost/locale/generator.hpp:16,\n     17259                     from libs/locale/src/shared/generator.cpp:9:\n  >> 17260    ./boost/thread/xtime.hpp:23:5: error: expected identifier before\n              numeric constant\n     17261         TIME_UTC=1\n     17262         ^~~~~~~~\n>> 17263    ./boost/thread/xtime.hpp:23:5: error: expected '}' before numeric\n               constant\n     17264    In file included from ./boost/thread/pthread/mutex.hpp:14,\n     17265                     from ./boost/thread/mutex.hpp:16,\n     17266                     from libs/locale/src/shared/generator.cpp:16:\n     17267    ./boost/thread/xtime.hpp:22:1: note: to match this '{'\n     17268     {",
    "17274                     from /usr/tce/packages/gcc/gcc-8.3.1/rh/usr/incl\n              ude/c++/8/bits/basic_string.h:39,\n     17275                     from /usr/tce/packages/gcc/gcc-8.3.1/rh/usr/incl\n              ude/c++/8/string:52,\n     17276                     from ./boost/locale/generator.hpp:16,\n     17277                     from libs/locale/src/shared/generator.cpp:9:\n>> 17278    ./boost/thread/xtime.hpp:23:5: error: expected unqualified-id bef\n              ore numeric constant\n     17279         TIME_UTC=1\n     17280         ^~~~~~~~\n     17281    In file included from ./boost/thread/pthread/mutex.hpp:14,\n     17282                     from ./boost/thread/mutex.hpp:16,\n     17283                     from libs/locale/src/shared/generator.cpp:16:",
    "ore numeric constant\n     17279         TIME_UTC=1\n     17280         ^~~~~~~~\n     17281    In file included from ./boost/thread/pthread/mutex.hpp:14,\n     17282                     from ./boost/thread/mutex.hpp:16,\n     17283                     from libs/locale/src/shared/generator.cpp:16:\n>> 17284    ./boost/thread/xtime.hpp:46:14: error: expected type-specifier be\n              fore 'system_time'\n     17285         operator system_time() const\n     17286                  ^~~~~~~~~~~\n     17287    In file included from ./boost/thread/pthread/mutex.hpp:14,\n     17288                     from ./boost/thread/mutex.hpp:16,\n     17289                     from libs/locale/src/shared/generator.cpp:16:",
    "17286                  ^~~~~~~~~~~\n     17287    In file included from ./boost/thread/pthread/mutex.hpp:14,\n     17288                     from ./boost/thread/mutex.hpp:16,\n     17289                     from libs/locale/src/shared/generator.cpp:16:\n     17290    ./boost/thread/xtime.hpp: In function 'int xtime_get(xtime*, int)\n              ':\n>> 17291    ./boost/thread/xtime.hpp:73:24: error: 'get_system_time' was not\n              declared in this scope\n     17292             *xtp=get_xtime(get_system_time());\n     17293                            ^~~~~~~~~~~~~~~\n     17294    ./boost/thread/xtime.hpp:73:24: note: suggested alternative:\n     17295    In file included from ./boost/thread/locks.hpp:12,\n     17296                     from ./boost/thread/pthread/mutex.hpp:12,",
    "17300         inline system_time get_system_time()\n     17301                            ^~~~~~~~~~~~~~~\n     17302    In file included from ./boost/thread/pthread/mutex.hpp:14,\n     17303                     from ./boost/thread/mutex.hpp:16,\n     17304                     from libs/locale/src/shared/generator.cpp:16:\n     17305    ./boost/thread/xtime.hpp: At global scope:\n>> 17306    ./boost/thread/xtime.hpp:88:1: error: expected declaration before\n               '}' token\n     17307     } // namespace boost\n     17308     ^\n     17309\n     17310        \"/p/vast1/koparasy/BUILD/spack/lib/spack/env/gcc/g++\"  -ftemp\n              late-depth-128 -O3 -finline-functions -Wno-inline -Wall -pthread",
    "17437                     from /usr/tce/packages/gcc/gcc-8.3.1/rh/usr/incl\n              ude/c++/8/string:52,\n     17438                     from ./boost/locale/generator.hpp:16,\n     17439                     from ./boost/locale/localization_backend.hpp:11,\n     17440                     from libs/locale/src/shared/localization_backend\n              .cpp:9:\n>> 17441    ./boost/thread/xtime.hpp:23:5: error: expected identifier before\n              numeric constant\n     17442         TIME_UTC=1\n     17443         ^~~~~~~~\n  >> 17444    ./boost/thread/xtime.hpp:23:5: error: expected '}' before numeric\n               constant\n     17445    In file included from ./boost/thread/pthread/mutex.hpp:14,",
    "17440                     from libs/locale/src/shared/localization_backend\n              .cpp:9:\n  >> 17441    ./boost/thread/xtime.hpp:23:5: error: expected identifier before\n              numeric constant\n     17442         TIME_UTC=1\n     17443         ^~~~~~~~\n>> 17444    ./boost/thread/xtime.hpp:23:5: error: expected '}' before numeric\n               constant\n     17445    In file included from ./boost/thread/pthread/mutex.hpp:14,\n     17446                     from ./boost/thread/mutex.hpp:16,\n     17447                     from libs/locale/src/shared/localization_backend\n              .cpp:11:\n     17448    ./boost/thread/xtime.hpp:22:1: note: to match this '{'",
    "17456                     from /usr/tce/packages/gcc/gcc-8.3.1/rh/usr/incl\n              ude/c++/8/string:52,\n     17457                     from ./boost/locale/generator.hpp:16,\n     17458                     from ./boost/locale/localization_backend.hpp:11,\n     17459                     from libs/locale/src/shared/localization_backend\n              .cpp:9:\n>> 17460    ./boost/thread/xtime.hpp:23:5: error: expected unqualified-id bef\n              ore numeric constant\n     17461         TIME_UTC=1\n     17462         ^~~~~~~~\n     17463    In file included from ./boost/thread/pthread/mutex.hpp:14,\n     17464                     from ./boost/thread/mutex.hpp:16,\n     17465                     from libs/locale/src/shared/localization_backend",
    "17461         TIME_UTC=1\n     17462         ^~~~~~~~\n     17463    In file included from ./boost/thread/pthread/mutex.hpp:14,\n     17464                     from ./boost/thread/mutex.hpp:16,\n     17465                     from libs/locale/src/shared/localization_backend\n              .cpp:11:\n>> 17466    ./boost/thread/xtime.hpp:46:14: error: expected type-specifier be\n              fore 'system_time'\n     17467         operator system_time() const\n     17468                  ^~~~~~~~~~~\n     17469    In file included from ./boost/thread/pthread/mutex.hpp:14,\n     17470                     from ./boost/thread/mutex.hpp:16,\n     17471                     from libs/locale/src/shared/localization_backend",
    "17469    In file included from ./boost/thread/pthread/mutex.hpp:14,\n     17470                     from ./boost/thread/mutex.hpp:16,\n     17471                     from libs/locale/src/shared/localization_backend\n              .cpp:11:\n     17472    ./boost/thread/xtime.hpp: In function 'int xtime_get(xtime*, int)\n              ':\n>> 17473    ./boost/thread/xtime.hpp:73:24: error: 'get_system_time' was not\n              declared in this scope\n     17474             *xtp=get_xtime(get_system_time());\n     17475                            ^~~~~~~~~~~~~~~\n     17476    ./boost/thread/xtime.hpp:73:24: note: suggested alternative:\n     17477    In file included from ./boost/thread/locks.hpp:12,\n     17478                     from ./boost/thread/pthread/mutex.hpp:12,",
    "17483                            ^~~~~~~~~~~~~~~\n     17484    In file included from ./boost/thread/pthread/mutex.hpp:14,\n     17485                     from ./boost/thread/mutex.hpp:16,\n     17486                     from libs/locale/src/shared/localization_backend\n              .cpp:11:\n     17487    ./boost/thread/xtime.hpp: At global scope:\n>> 17488    ./boost/thread/xtime.hpp:88:1: error: expected declaration before\n               '}' token\n     17489     } // namespace boost\n     17490     ^\n     17491\n     17492        \"/p/vast1/koparasy/BUILD/spack/lib/spack/env/gcc/g++\"  -ftemp\n              late-depth-128 -O3 -finline-functions -Wno-inline -Wall -pthread",
    "17630                     from /usr/tce/packages/gcc/gcc-8.3.1/rh/usr/incl\n              ude/c++/8/bits/locale_classes.h:40,\n     17631                     from /usr/tce/packages/gcc/gcc-8.3.1/rh/usr/incl\n              ude/c++/8/locale:39,\n     17632                     from ./boost/locale/collator.hpp:16,\n     17633                     from libs/locale/src/icu/collator.cpp:9:\n>> 17634    ./boost/thread/xtime.hpp:23:5: error: expected identifier before\n              numeric constant\n     17635         TIME_UTC=1\n     17636         ^~~~~~~~\n  >> 17637    ./boost/thread/xtime.hpp:23:5: error: expected '}' before numeric\n               constant\n     17638    In file included from ./boost/thread/pthread/mutex.hpp:14,",
    "17632                     from ./boost/locale/collator.hpp:16,\n     17633                     from libs/locale/src/icu/collator.cpp:9:\n  >> 17634    ./boost/thread/xtime.hpp:23:5: error: expected identifier before\n              numeric constant\n     17635         TIME_UTC=1\n     17636         ^~~~~~~~\n>> 17637    ./boost/thread/xtime.hpp:23:5: error: expected '}' before numeric\n               constant\n     17638    In file included from ./boost/thread/pthread/mutex.hpp:14,\n     17639                     from ./boost/thread/mutex.hpp:16,\n     17640                     from ./boost/thread/pthread/thread_data.hpp:12,\n     17641                     from ./boost/thread/thread.hpp:17,\n     17642                     from ./boost/thread.hpp:13,",
    "17653                     from /usr/tce/packages/gcc/gcc-8.3.1/rh/usr/incl\n              ude/c++/8/bits/locale_classes.h:40,\n     17654                     from /usr/tce/packages/gcc/gcc-8.3.1/rh/usr/incl\n              ude/c++/8/locale:39,\n     17655                     from ./boost/locale/collator.hpp:16,\n     17656                     from libs/locale/src/icu/collator.cpp:9:\n>> 17657    ./boost/thread/xtime.hpp:23:5: error: expected unqualified-id bef\n              ore numeric constant\n     17658         TIME_UTC=1\n     17659         ^~~~~~~~\n     17660    In file included from ./boost/thread/pthread/mutex.hpp:14,\n     17661                     from ./boost/thread/mutex.hpp:16,\n     17662                     from ./boost/thread/pthread/thread_data.hpp:12,",
    "17660    In file included from ./boost/thread/pthread/mutex.hpp:14,\n     17661                     from ./boost/thread/mutex.hpp:16,\n     17662                     from ./boost/thread/pthread/thread_data.hpp:12,\n     17663                     from ./boost/thread/thread.hpp:17,\n     17664                     from ./boost/thread.hpp:13,\n     17665                     from libs/locale/src/icu/collator.cpp:11:\n>> 17666    ./boost/thread/xtime.hpp:46:14: error: expected type-specifier be\n              fore 'system_time'\n     17667         operator system_time() const\n     17668                  ^~~~~~~~~~~\n     17669    In file included from ./boost/thread/pthread/mutex.hpp:14,\n     17670                     from ./boost/thread/mutex.hpp:16,\n     17671                     from ./boost/thread/pthread/thread_data.hpp:12,",
    "17671                     from ./boost/thread/pthread/thread_data.hpp:12,\n     17672                     from ./boost/thread/thread.hpp:17,\n     17673                     from ./boost/thread.hpp:13,\n     17674                     from libs/locale/src/icu/collator.cpp:11:\n     17675    ./boost/thread/xtime.hpp: In function 'int xtime_get(xtime*, int)\n              ':\n>> 17676    ./boost/thread/xtime.hpp:73:24: error: 'get_system_time' was not\n              declared in this scope\n     17677             *xtp=get_xtime(get_system_time());\n     17678                            ^~~~~~~~~~~~~~~\n     17679    ./boost/thread/xtime.hpp:73:24: note: suggested alternative:\n     17680    In file included from ./boost/thread/locks.hpp:12,\n     17681                     from ./boost/thread/pthread/mutex.hpp:12,",
    "17691                     from ./boost/thread/mutex.hpp:16,\n     17692                     from ./boost/thread/pthread/thread_data.hpp:12,\n     17693                     from ./boost/thread/thread.hpp:17,\n     17694                     from ./boost/thread.hpp:13,\n     17695                     from libs/locale/src/icu/collator.cpp:11:\n     17696    ./boost/thread/xtime.hpp: At global scope:\n>> 17697    ./boost/thread/xtime.hpp:88:1: error: expected declaration before\n               '}' token\n     17698     } // namespace boost\n     17699     ^\n     17700\n     17701        \"/p/vast1/koparasy/BUILD/spack/lib/spack/env/gcc/g++\"  -ftemp\n              late-depth-128 -O3 -finline-functions -Wno-inline -Wall -pthread",
    "17712                     from /usr/tce/packages/gcc/gcc-8.3.1/rh/usr/incl\n              ude/c++/8/bits/locale_classes.h:40,\n     17713                     from /usr/tce/packages/gcc/gcc-8.3.1/rh/usr/incl\n              ude/c++/8/locale:39,\n     17714                     from ./boost/locale/date_time_facet.hpp:18,\n     17715                     from libs/locale/src/icu/date_time.cpp:9:\n>> 17716    ./boost/thread/xtime.hpp:23:5: error: expected identifier before\n              numeric constant\n     17717         TIME_UTC=1\n     17718         ^~~~~~~~\n  >> 17719    ./boost/thread/xtime.hpp:23:5: error: expected '}' before numeric\n               constant\n     17720    In file included from ./boost/thread/pthread/mutex.hpp:14,",
    "17714                     from ./boost/locale/date_time_facet.hpp:18,\n     17715                     from libs/locale/src/icu/date_time.cpp:9:\n  >> 17716    ./boost/thread/xtime.hpp:23:5: error: expected identifier before\n              numeric constant\n     17717         TIME_UTC=1\n     17718         ^~~~~~~~\n>> 17719    ./boost/thread/xtime.hpp:23:5: error: expected '}' before numeric\n               constant\n     17720    In file included from ./boost/thread/pthread/mutex.hpp:14,\n     17721                     from ./boost/thread/mutex.hpp:16,\n     17722                     from ./boost/thread/pthread/thread_data.hpp:12,\n     17723                     from ./boost/thread/thread.hpp:17,\n     17724                     from ./boost/thread.hpp:13,",
    "17735                     from /usr/tce/packages/gcc/gcc-8.3.1/rh/usr/incl\n              ude/c++/8/bits/locale_classes.h:40,\n     17736                     from /usr/tce/packages/gcc/gcc-8.3.1/rh/usr/incl\n              ude/c++/8/locale:39,\n     17737                     from ./boost/locale/date_time_facet.hpp:18,\n     17738                     from libs/locale/src/icu/date_time.cpp:9:\n>> 17739    ./boost/thread/xtime.hpp:23:5: error: expected unqualified-id bef\n              ore numeric constant\n     17740         TIME_UTC=1\n     17741         ^~~~~~~~\n     17742    In file included from ./boost/thread/pthread/mutex.hpp:14,\n     17743                     from ./boost/thread/mutex.hpp:16,\n     17744                     from ./boost/thread/pthread/thread_data.hpp:12,",
    "17742    In file included from ./boost/thread/pthread/mutex.hpp:14,\n     17743                     from ./boost/thread/mutex.hpp:16,\n     17744                     from ./boost/thread/pthread/thread_data.hpp:12,\n     17745                     from ./boost/thread/thread.hpp:17,\n     17746                     from ./boost/thread.hpp:13,\n     17747                     from libs/locale/src/icu/date_time.cpp:14:\n>> 17748    ./boost/thread/xtime.hpp:46:14: error: expected type-specifier be\n              fore 'system_time'\n     17749         operator system_time() const\n     17750                  ^~~~~~~~~~~\n     17751    In file included from ./boost/thread/pthread/mutex.hpp:14,\n     17752                     from ./boost/thread/mutex.hpp:16,\n     17753                     from ./boost/thread/pthread/thread_data.hpp:12,",
    "17753                     from ./boost/thread/pthread/thread_data.hpp:12,\n     17754                     from ./boost/thread/thread.hpp:17,\n     17755                     from ./boost/thread.hpp:13,\n     17756                     from libs/locale/src/icu/date_time.cpp:14:\n     17757    ./boost/thread/xtime.hpp: In function 'int xtime_get(xtime*, int)\n              ':\n>> 17758    ./boost/thread/xtime.hpp:73:24: error: 'get_system_time' was not\n              declared in this scope\n     17759             *xtp=get_xtime(get_system_time());\n     17760                            ^~~~~~~~~~~~~~~\n     17761    ./boost/thread/xtime.hpp:73:24: note: suggested alternative:\n     17762    In file included from ./boost/thread/locks.hpp:12,\n     17763                     from ./boost/thread/pthread/mutex.hpp:12,",
    "17773                     from ./boost/thread/mutex.hpp:16,\n     17774                     from ./boost/thread/pthread/thread_data.hpp:12,\n     17775                     from ./boost/thread/thread.hpp:17,\n     17776                     from ./boost/thread.hpp:13,\n     17777                     from libs/locale/src/icu/date_time.cpp:14:\n     17778    ./boost/thread/xtime.hpp: At global scope:\n>> 17779    ./boost/thread/xtime.hpp:88:1: error: expected declaration before\n               '}' token\n     17780     } // namespace boost\n     17781     ^\n     17782\n     17783        \"/p/vast1/koparasy/BUILD/spack/lib/spack/env/gcc/g++\"  -ftemp\n              late-depth-128 -O3 -finline-functions -Wno-inline -Wall -pthread",
    "ude/c++/8/bits/basic_string.h:39,\n     17795                     from /usr/tce/packages/gcc/gcc-8.3.1/rh/usr/incl\n              ude/c++/8/string:52,\n     17796                     from ./boost/locale/time_zone.hpp:17,\n     17797                     from ./boost/locale/formatting.hpp:17,\n     17798                     from libs/locale/src/icu/formatter.cpp:9:\n>> 17799    ./boost/thread/xtime.hpp:23:5: error: expected identifier before\n              numeric constant\n     17800         TIME_UTC=1\n     17801         ^~~~~~~~\n  >> 17802    ./boost/thread/xtime.hpp:23:5: error: expected '}' before numeric\n               constant\n     17803    In file included from ./boost/thread/pthread/mutex.hpp:14,",
    "17797                     from ./boost/locale/formatting.hpp:17,\n     17798                     from libs/locale/src/icu/formatter.cpp:9:\n  >> 17799    ./boost/thread/xtime.hpp:23:5: error: expected identifier before\n              numeric constant\n     17800         TIME_UTC=1\n     17801         ^~~~~~~~\n>> 17802    ./boost/thread/xtime.hpp:23:5: error: expected '}' before numeric\n               constant\n     17803    In file included from ./boost/thread/pthread/mutex.hpp:14,\n     17804                     from ./boost/thread/mutex.hpp:16,\n     17805                     from ./boost/thread/pthread/thread_data.hpp:12,\n     17806                     from ./boost/thread/thread.hpp:17,\n     17807                     from ./boost/thread.hpp:13,",
    "ude/c++/8/bits/basic_string.h:39,\n     17818                     from /usr/tce/packages/gcc/gcc-8.3.1/rh/usr/incl\n              ude/c++/8/string:52,\n     17819                     from ./boost/locale/time_zone.hpp:17,\n     17820                     from ./boost/locale/formatting.hpp:17,\n     17821                     from libs/locale/src/icu/formatter.cpp:9:\n>> 17822    ./boost/thread/xtime.hpp:23:5: error: expected unqualified-id bef\n              ore numeric constant\n     17823         TIME_UTC=1\n     17824         ^~~~~~~~\n     17825    In file included from ./boost/thread/pthread/mutex.hpp:14,\n     17826                     from ./boost/thread/mutex.hpp:16,\n     17827                     from ./boost/thread/pthread/thread_data.hpp:12,",
    "17827                     from ./boost/thread/pthread/thread_data.hpp:12,\n     17828                     from ./boost/thread/thread.hpp:17,\n     17829                     from ./boost/thread.hpp:13,\n     17830                     from libs/locale/src/icu/predefined_formatters.h\n              pp:14,\n     17831                     from libs/locale/src/icu/formatter.cpp:25:\n>> 17832    ./boost/thread/xtime.hpp:46:14: error: expected type-specifier be\n              fore 'system_time'\n     17833         operator system_time() const\n     17834                  ^~~~~~~~~~~\n     17835    In file included from ./boost/thread/pthread/mutex.hpp:14,\n     17836                     from ./boost/thread/mutex.hpp:16,\n     17837                     from ./boost/thread/pthread/thread_data.hpp:12,",
    "17839                     from ./boost/thread.hpp:13,\n     17840                     from libs/locale/src/icu/predefined_formatters.h\n              pp:14,\n     17841                     from libs/locale/src/icu/formatter.cpp:25:\n     17842    ./boost/thread/xtime.hpp: In function 'int xtime_get(xtime*, int)\n              ':\n>> 17843    ./boost/thread/xtime.hpp:73:24: error: 'get_system_time' was not\n              declared in this scope\n     17844             *xtp=get_xtime(get_system_time());\n     17845                            ^~~~~~~~~~~~~~~\n     17846    ./boost/thread/xtime.hpp:73:24: note: suggested alternative:\n     17847    In file included from ./boost/thread/locks.hpp:12,\n     17848                     from ./boost/thread/pthread/mutex.hpp:12,",
    "17861                     from ./boost/thread/thread.hpp:17,\n     17862                     from ./boost/thread.hpp:13,\n     17863                     from libs/locale/src/icu/predefined_formatters.h\n              pp:14,\n     17864                     from libs/locale/src/icu/formatter.cpp:25:\n     17865    ./boost/thread/xtime.hpp: At global scope:\n>> 17866    ./boost/thread/xtime.hpp:88:1: error: expected declaration before\n               '}' token\n     17867     } // namespace boost\n     17868     ^\n     17869\n     17870        \"/p/vast1/koparasy/BUILD/spack/lib/spack/env/gcc/g++\"  -ftemp\n              late-depth-128 -O3 -finline-functions -Wno-inline -Wall -pthread",
    "ude/c++/8/string:52,\n     17881                     from /usr/tce/packages/gcc/gcc-8.3.1/rh/usr/incl\n              ude/c++/8/bits/locale_classes.h:40,\n     17882                     from /usr/tce/packages/gcc/gcc-8.3.1/rh/usr/incl\n              ude/c++/8/locale:39,\n     17883                     from libs/locale/src/icu/numeric.cpp:9:\n>> 17884    ./boost/thread/xtime.hpp:23:5: error: expected identifier before\n              numeric constant\n     17885         TIME_UTC=1\n     17886         ^~~~~~~~\n  >> 17887    ./boost/thread/xtime.hpp:23:5: error: expected '}' before numeric\n               constant\n     17888    In file included from ./boost/thread/pthread/mutex.hpp:14,",
    "ude/c++/8/locale:39,\n     17883                     from libs/locale/src/icu/numeric.cpp:9:\n  >> 17884    ./boost/thread/xtime.hpp:23:5: error: expected identifier before\n              numeric constant\n     17885         TIME_UTC=1\n     17886         ^~~~~~~~\n>> 17887    ./boost/thread/xtime.hpp:23:5: error: expected '}' before numeric\n               constant\n     17888    In file included from ./boost/thread/pthread/mutex.hpp:14,\n     17889                     from ./boost/thread/mutex.hpp:16,\n     17890                     from ./boost/thread/pthread/thread_data.hpp:12,\n     17891                     from ./boost/thread/thread.hpp:17,\n     17892                     from ./boost/thread.hpp:13,",
    "ude/c++/8/string:52,\n     17904                     from /usr/tce/packages/gcc/gcc-8.3.1/rh/usr/incl\n              ude/c++/8/bits/locale_classes.h:40,\n     17905                     from /usr/tce/packages/gcc/gcc-8.3.1/rh/usr/incl\n              ude/c++/8/locale:39,\n     17906                     from libs/locale/src/icu/numeric.cpp:9:\n>> 17907    ./boost/thread/xtime.hpp:23:5: error: expected unqualified-id bef\n              ore numeric constant\n     17908         TIME_UTC=1\n     17909         ^~~~~~~~\n     17910    In file included from ./boost/thread/pthread/mutex.hpp:14,\n     17911                     from ./boost/thread/mutex.hpp:16,\n     17912                     from ./boost/thread/pthread/thread_data.hpp:12,",
    "17912                     from ./boost/thread/pthread/thread_data.hpp:12,\n     17913                     from ./boost/thread/thread.hpp:17,\n     17914                     from ./boost/thread.hpp:13,\n     17915                     from libs/locale/src/icu/predefined_formatters.h\n              pp:14,\n     17916                     from libs/locale/src/icu/numeric.cpp:18:\n>> 17917    ./boost/thread/xtime.hpp:46:14: error: expected type-specifier be\n              fore 'system_time'\n     17918         operator system_time() const\n     17919                  ^~~~~~~~~~~\n     17920    In file included from ./boost/thread/pthread/mutex.hpp:14,\n     17921                     from ./boost/thread/mutex.hpp:16,\n     17922                     from ./boost/thread/pthread/thread_data.hpp:12,",
    "17924                     from ./boost/thread.hpp:13,\n     17925                     from libs/locale/src/icu/predefined_formatters.h\n              pp:14,\n     17926                     from libs/locale/src/icu/numeric.cpp:18:\n     17927    ./boost/thread/xtime.hpp: In function 'int xtime_get(xtime*, int)\n              ':\n>> 17928    ./boost/thread/xtime.hpp:73:24: error: 'get_system_time' was not\n              declared in this scope\n     17929             *xtp=get_xtime(get_system_time());\n     17930                            ^~~~~~~~~~~~~~~\n     17931    ./boost/thread/xtime.hpp:73:24: note: suggested alternative:\n     17932    In file included from ./boost/thread/locks.hpp:12,\n     17933                     from ./boost/thread/pthread/mutex.hpp:12,",
    "17946                     from ./boost/thread/thread.hpp:17,\n     17947                     from ./boost/thread.hpp:13,\n     17948                     from libs/locale/src/icu/predefined_formatters.h\n              pp:14,\n     17949                     from libs/locale/src/icu/numeric.cpp:18:\n     17950    ./boost/thread/xtime.hpp: At global scope:\n>> 17951    ./boost/thread/xtime.hpp:88:1: error: expected declaration before\n               '}' token\n     17952     } // namespace boost\n     17953     ^\n     17954\n     17955        \"/p/vast1/koparasy/BUILD/spack/lib/spack/env/gcc/g++\"  -ftemp\n              late-depth-128 -O3 -finline-functions -Wno-inline -Wall -pthread",
    "30601                     from ./boost/iterator/reverse_iterator.hpp:10,\n     30602                     from ./boost/wave/util/flex_string.hpp:86,\n     30603                     from ./boost/wave/wave_config.hpp:229,\n     30604                     from libs/wave/src/instantiate_cpp_exprgrammar.c\n              pp:14:\n     30605    ./boost/thread/xtime.hpp: At global scope:\n>> 30606    ./boost/thread/xtime.hpp:23:5: error: expected identifier before\n              numeric constant\n     30607         TIME_UTC=1\n     30608         ^~~~~~~~\n  >> 30609    ./boost/thread/xtime.hpp:23:5: error: expected '}' before numeric\n               constant\n     30610    In file included from ./boost/thread/pthread/mutex.hpp:14,",
    "pp:14:\n     30605    ./boost/thread/xtime.hpp: At global scope:\n  >> 30606    ./boost/thread/xtime.hpp:23:5: error: expected identifier before\n              numeric constant\n     30607         TIME_UTC=1\n     30608         ^~~~~~~~\n>> 30609    ./boost/thread/xtime.hpp:23:5: error: expected '}' before numeric\n               constant\n     30610    In file included from ./boost/thread/pthread/mutex.hpp:14,\n     30611                     from ./boost/thread/mutex.hpp:16,\n     30612                     from ./boost/pool/detail/mutex.hpp:14,\n     30613                     from ./boost/pool/poolfwd.hpp:24,\n     30614                     from ./boost/pool/singleton_pool.hpp:22,",
    "30628                     from ./boost/iterator.hpp:17,\n     30629                     from ./boost/iterator/reverse_iterator.hpp:10,\n     30630                     from ./boost/wave/util/flex_string.hpp:86,\n     30631                     from ./boost/wave/wave_config.hpp:229,\n     30632                     from libs/wave/src/instantiate_cpp_exprgrammar.c\n              pp:14:\n>> 30633    ./boost/thread/xtime.hpp:23:5: error: expected unqualified-id bef\n              ore numeric constant\n     30634         TIME_UTC=1\n     30635         ^~~~~~~~\n     30636    In file included from ./boost/thread/pthread/mutex.hpp:14,\n     30637                     from ./boost/thread/mutex.hpp:16,\n     30638                     from ./boost/pool/detail/mutex.hpp:14,",
    "30638                     from ./boost/pool/detail/mutex.hpp:14,\n     30639                     from ./boost/pool/poolfwd.hpp:24,\n     30640                     from ./boost/pool/singleton_pool.hpp:22,\n     30641                     from ./boost/wave/cpplexer/cpp_lex_token.hpp:25,\n     30642                     from libs/wave/src/instantiate_cpp_exprgrammar.c\n              pp:21:\n>> 30643    ./boost/thread/xtime.hpp:46:14: error: expected type-specifier be\n              fore 'system_time'\n     30644         operator system_time() const\n     30645                  ^~~~~~~~~~~\n     30646    In file included from ./boost/thread/pthread/mutex.hpp:14,\n     30647                     from ./boost/thread/mutex.hpp:16,\n     30648                     from ./boost/pool/detail/mutex.hpp:14,",
    "30650                     from ./boost/pool/singleton_pool.hpp:22,\n     30651                     from ./boost/wave/cpplexer/cpp_lex_token.hpp:25,\n     30652                     from libs/wave/src/instantiate_cpp_exprgrammar.c\n              pp:21:\n     30653    ./boost/thread/xtime.hpp: In function 'int xtime_get(xtime*, int)\n              ':\n>> 30654    ./boost/thread/xtime.hpp:73:24: error: 'get_system_time' was not\n              declared in this scope\n     30655             *xtp=get_xtime(get_system_time());\n     30656                            ^~~~~~~~~~~~~~~\n     30657    ./boost/thread/xtime.hpp:73:24: note: suggested alternative:\n     30658    In file included from ./boost/thread/locks.hpp:12,\n     30659                     from ./boost/thread/pthread/mutex.hpp:12,",
    "30672                     from ./boost/pool/poolfwd.hpp:24,\n     30673                     from ./boost/pool/singleton_pool.hpp:22,\n     30674                     from ./boost/wave/cpplexer/cpp_lex_token.hpp:25,\n     30675                     from libs/wave/src/instantiate_cpp_exprgrammar.c\n              pp:21:\n     30676    ./boost/thread/xtime.hpp: At global scope:\n>> 30677    ./boost/thread/xtime.hpp:88:1: error: expected declaration before\n               '}' token\n     30678     } // namespace boost\n     30679     ^\n     30680\n     30681        \"/p/vast1/koparasy/BUILD/spack/lib/spack/env/gcc/g++\"  -ftemp\n              late-depth-128 -O3 -finline-functions -Wno-inline -Wall -pthread",
    "31221                     from ./boost/iterator/reverse_iterator.hpp:10,\n     31222                     from ./boost/wave/util/flex_string.hpp:86,\n     31223                     from ./boost/wave/wave_config.hpp:229,\n     31224                     from libs/wave/src/instantiate_cpp_grammar.cpp:1\n              4:\n     31225    ./boost/thread/xtime.hpp: At global scope:\n>> 31226    ./boost/thread/xtime.hpp:23:5: error: expected identifier before\n              numeric constant\n     31227         TIME_UTC=1\n     31228         ^~~~~~~~\n  >> 31229    ./boost/thread/xtime.hpp:23:5: error: expected '}' before numeric\n               constant\n     31230    In file included from ./boost/thread/pthread/mutex.hpp:14,",
    "4:\n     31225    ./boost/thread/xtime.hpp: At global scope:\n  >> 31226    ./boost/thread/xtime.hpp:23:5: error: expected identifier before\n              numeric constant\n     31227         TIME_UTC=1\n     31228         ^~~~~~~~\n>> 31229    ./boost/thread/xtime.hpp:23:5: error: expected '}' before numeric\n               constant\n     31230    In file included from ./boost/thread/pthread/mutex.hpp:14,\n     31231                     from ./boost/thread/mutex.hpp:16,\n     31232                     from ./boost/pool/detail/mutex.hpp:14,\n     31233                     from ./boost/pool/poolfwd.hpp:24,\n     31234                     from ./boost/pool/singleton_pool.hpp:22,",
    "31248                     from ./boost/iterator.hpp:17,\n     31249                     from ./boost/iterator/reverse_iterator.hpp:10,\n     31250                     from ./boost/wave/util/flex_string.hpp:86,\n     31251                     from ./boost/wave/wave_config.hpp:229,\n     31252                     from libs/wave/src/instantiate_cpp_grammar.cpp:1\n              4:\n>> 31253    ./boost/thread/xtime.hpp:23:5: error: expected unqualified-id bef\n              ore numeric constant\n     31254         TIME_UTC=1\n     31255         ^~~~~~~~\n     31256    In file included from ./boost/thread/pthread/mutex.hpp:14,\n     31257                     from ./boost/thread/mutex.hpp:16,\n     31258                     from ./boost/pool/detail/mutex.hpp:14,",
    "31258                     from ./boost/pool/detail/mutex.hpp:14,\n     31259                     from ./boost/pool/poolfwd.hpp:24,\n     31260                     from ./boost/pool/singleton_pool.hpp:22,\n     31261                     from ./boost/wave/cpplexer/cpp_lex_token.hpp:25,\n     31262                     from libs/wave/src/instantiate_cpp_grammar.cpp:2\n              1:\n>> 31263    ./boost/thread/xtime.hpp:46:14: error: expected type-specifier be\n              fore 'system_time'\n     31264         operator system_time() const\n     31265                  ^~~~~~~~~~~\n     31266    In file included from ./boost/thread/pthread/mutex.hpp:14,\n     31267                     from ./boost/thread/mutex.hpp:16,\n     31268                     from ./boost/pool/detail/mutex.hpp:14,",
    "31270                     from ./boost/pool/singleton_pool.hpp:22,\n     31271                     from ./boost/wave/cpplexer/cpp_lex_token.hpp:25,\n     31272                     from libs/wave/src/instantiate_cpp_grammar.cpp:2\n              1:\n     31273    ./boost/thread/xtime.hpp: In function 'int xtime_get(xtime*, int)\n              ':\n>> 31274    ./boost/thread/xtime.hpp:73:24: error: 'get_system_time' was not\n              declared in this scope\n     31275             *xtp=get_xtime(get_system_time());\n     31276                            ^~~~~~~~~~~~~~~\n     31277    ./boost/thread/xtime.hpp:73:24: note: suggested alternative:\n     31278    In file included from ./boost/thread/locks.hpp:12,\n     31279                     from ./boost/thread/pthread/mutex.hpp:12,",
    "31292                     from ./boost/pool/poolfwd.hpp:24,\n     31293                     from ./boost/pool/singleton_pool.hpp:22,\n     31294                     from ./boost/wave/cpplexer/cpp_lex_token.hpp:25,\n     31295                     from libs/wave/src/instantiate_cpp_grammar.cpp:2\n              1:\n     31296    ./boost/thread/xtime.hpp: At global scope:\n>> 31297    ./boost/thread/xtime.hpp:88:1: error: expected declaration before\n               '}' token\n     31298     } // namespace boost\n     31299     ^\n     31300\n     31301        \"/p/vast1/koparasy/BUILD/spack/lib/spack/env/gcc/g++\"  -ftemp\n              late-depth-128 -O3 -finline-functions -Wno-inline -Wall -pthread",
    "31841                     from ./boost/iterator/reverse_iterator.hpp:10,\n     31842                     from ./boost/wave/util/flex_string.hpp:86,\n     31843                     from ./boost/wave/wave_config.hpp:229,\n     31844                     from libs/wave/src/instantiate_cpp_literalgrs.cp\n              p:14:\n     31845    ./boost/thread/xtime.hpp: At global scope:\n>> 31846    ./boost/thread/xtime.hpp:23:5: error: expected identifier before\n              numeric constant\n     31847         TIME_UTC=1\n     31848         ^~~~~~~~\n  >> 31849    ./boost/thread/xtime.hpp:23:5: error: expected '}' before numeric\n               constant\n     31850    In file included from ./boost/thread/pthread/mutex.hpp:14,",
    "p:14:\n     31845    ./boost/thread/xtime.hpp: At global scope:\n  >> 31846    ./boost/thread/xtime.hpp:23:5: error: expected identifier before\n              numeric constant\n     31847         TIME_UTC=1\n     31848         ^~~~~~~~\n>> 31849    ./boost/thread/xtime.hpp:23:5: error: expected '}' before numeric\n               constant\n     31850    In file included from ./boost/thread/pthread/mutex.hpp:14,\n     31851                     from ./boost/thread/mutex.hpp:16,\n     31852                     from ./boost/pool/detail/mutex.hpp:14,\n     31853                     from ./boost/pool/poolfwd.hpp:24,\n     31854                     from ./boost/pool/singleton_pool.hpp:22,",
    "31868                     from ./boost/iterator.hpp:17,\n     31869                     from ./boost/iterator/reverse_iterator.hpp:10,\n     31870                     from ./boost/wave/util/flex_string.hpp:86,\n     31871                     from ./boost/wave/wave_config.hpp:229,\n     31872                     from libs/wave/src/instantiate_cpp_literalgrs.cp\n              p:14:\n>> 31873    ./boost/thread/xtime.hpp:23:5: error: expected unqualified-id bef\n              ore numeric constant\n     31874         TIME_UTC=1\n     31875         ^~~~~~~~\n     31876    In file included from ./boost/thread/pthread/mutex.hpp:14,\n     31877                     from ./boost/thread/mutex.hpp:16,\n     31878                     from ./boost/pool/detail/mutex.hpp:14,",
    "31878                     from ./boost/pool/detail/mutex.hpp:14,\n     31879                     from ./boost/pool/poolfwd.hpp:24,\n     31880                     from ./boost/pool/singleton_pool.hpp:22,\n     31881                     from ./boost/wave/cpplexer/cpp_lex_token.hpp:25,\n     31882                     from libs/wave/src/instantiate_cpp_literalgrs.cp\n              p:20:\n>> 31883    ./boost/thread/xtime.hpp:46:14: error: expected type-specifier be\n              fore 'system_time'\n     31884         operator system_time() const\n     31885                  ^~~~~~~~~~~\n     31886    In file included from ./boost/thread/pthread/mutex.hpp:14,\n     31887                     from ./boost/thread/mutex.hpp:16,\n     31888                     from ./boost/pool/detail/mutex.hpp:14,",
    "31890                     from ./boost/pool/singleton_pool.hpp:22,\n     31891                     from ./boost/wave/cpplexer/cpp_lex_token.hpp:25,\n     31892                     from libs/wave/src/instantiate_cpp_literalgrs.cp\n              p:20:\n     31893    ./boost/thread/xtime.hpp: In function 'int xtime_get(xtime*, int)\n              ':\n>> 31894    ./boost/thread/xtime.hpp:73:24: error: 'get_system_time' was not\n              declared in this scope\n     31895             *xtp=get_xtime(get_system_time());\n     31896                            ^~~~~~~~~~~~~~~\n     31897    ./boost/thread/xtime.hpp:73:24: note: suggested alternative:\n     31898    In file included from ./boost/thread/locks.hpp:12,\n     31899                     from ./boost/thread/pthread/mutex.hpp:12,",
    "31912                     from ./boost/pool/poolfwd.hpp:24,\n     31913                     from ./boost/pool/singleton_pool.hpp:22,\n     31914                     from ./boost/wave/cpplexer/cpp_lex_token.hpp:25,\n     31915                     from libs/wave/src/instantiate_cpp_literalgrs.cp\n              p:20:\n     31916    ./boost/thread/xtime.hpp: At global scope:\n>> 31917    ./boost/thread/xtime.hpp:88:1: error: expected declaration before\n               '}' token\n     31918     } // namespace boost\n     31919     ^\n     31920\n     31921        \"/p/vast1/koparasy/BUILD/spack/lib/spack/env/gcc/g++\"  -ftemp\n              late-depth-128 -O3 -finline-functions -Wno-inline -Wall -pthread",
    "32461                     from ./boost/iterator/reverse_iterator.hpp:10,\n     32462                     from ./boost/wave/util/flex_string.hpp:86,\n     32463                     from ./boost/wave/wave_config.hpp:229,\n     32464                     from libs/wave/src/instantiate_defined_grammar.c\n              pp:14:\n     32465    ./boost/thread/xtime.hpp: At global scope:\n>> 32466    ./boost/thread/xtime.hpp:23:5: error: expected identifier before\n              numeric constant\n     32467         TIME_UTC=1\n     32468         ^~~~~~~~\n  >> 32469    ./boost/thread/xtime.hpp:23:5: error: expected '}' before numeric\n               constant\n     32470    In file included from ./boost/thread/pthread/mutex.hpp:14,",
    "pp:14:\n     32465    ./boost/thread/xtime.hpp: At global scope:\n  >> 32466    ./boost/thread/xtime.hpp:23:5: error: expected identifier before\n              numeric constant\n     32467         TIME_UTC=1\n     32468         ^~~~~~~~\n>> 32469    ./boost/thread/xtime.hpp:23:5: error: expected '}' before numeric\n               constant\n     32470    In file included from ./boost/thread/pthread/mutex.hpp:14,\n     32471                     from ./boost/thread/mutex.hpp:16,\n     32472                     from ./boost/pool/detail/mutex.hpp:14,\n     32473                     from ./boost/pool/poolfwd.hpp:24,\n     32474                     from ./boost/pool/singleton_pool.hpp:22,",
    "32488                     from ./boost/iterator.hpp:17,\n     32489                     from ./boost/iterator/reverse_iterator.hpp:10,\n     32490                     from ./boost/wave/util/flex_string.hpp:86,\n     32491                     from ./boost/wave/wave_config.hpp:229,\n     32492                     from libs/wave/src/instantiate_defined_grammar.c\n              pp:14:\n>> 32493    ./boost/thread/xtime.hpp:23:5: error: expected unqualified-id bef\n              ore numeric constant\n     32494         TIME_UTC=1\n     32495         ^~~~~~~~\n     32496    In file included from ./boost/thread/pthread/mutex.hpp:14,\n     32497                     from ./boost/thread/mutex.hpp:16,\n     32498                     from ./boost/pool/detail/mutex.hpp:14,",
    "32498                     from ./boost/pool/detail/mutex.hpp:14,\n     32499                     from ./boost/pool/poolfwd.hpp:24,\n     32500                     from ./boost/pool/singleton_pool.hpp:22,\n     32501                     from ./boost/wave/cpplexer/cpp_lex_token.hpp:25,\n     32502                     from libs/wave/src/instantiate_defined_grammar.c\n              pp:20:\n>> 32503    ./boost/thread/xtime.hpp:46:14: error: expected type-specifier be\n              fore 'system_time'\n     32504         operator system_time() const\n     32505                  ^~~~~~~~~~~\n     32506    In file included from ./boost/thread/pthread/mutex.hpp:14,\n     32507                     from ./boost/thread/mutex.hpp:16,\n     32508                     from ./boost/pool/detail/mutex.hpp:14,",
    "32510                     from ./boost/pool/singleton_pool.hpp:22,\n     32511                     from ./boost/wave/cpplexer/cpp_lex_token.hpp:25,\n     32512                     from libs/wave/src/instantiate_defined_grammar.c\n              pp:20:\n     32513    ./boost/thread/xtime.hpp: In function 'int xtime_get(xtime*, int)\n              ':\n>> 32514    ./boost/thread/xtime.hpp:73:24: error: 'get_system_time' was not\n              declared in this scope\n     32515             *xtp=get_xtime(get_system_time());\n     32516                            ^~~~~~~~~~~~~~~\n     32517    ./boost/thread/xtime.hpp:73:24: note: suggested alternative:\n     32518    In file included from ./boost/thread/locks.hpp:12,\n     32519                     from ./boost/thread/pthread/mutex.hpp:12,",
    "32532                     from ./boost/pool/poolfwd.hpp:24,\n     32533                     from ./boost/pool/singleton_pool.hpp:22,\n     32534                     from ./boost/wave/cpplexer/cpp_lex_token.hpp:25,\n     32535                     from libs/wave/src/instantiate_defined_grammar.c\n              pp:20:\n     32536    ./boost/thread/xtime.hpp: At global scope:\n>> 32537    ./boost/thread/xtime.hpp:88:1: error: expected declaration before\n               '}' token\n     32538     } // namespace boost\n     32539     ^\n     32540\n     32541        \"/p/vast1/koparasy/BUILD/spack/lib/spack/env/gcc/g++\"  -ftemp\n              late-depth-128 -O3 -finline-functions -Wno-inline -Wall -pthread",
    "33081                     from ./boost/iterator/reverse_iterator.hpp:10,\n     33082                     from ./boost/wave/util/flex_string.hpp:86,\n     33083                     from ./boost/wave/wave_config.hpp:229,\n     33084                     from libs/wave/src/instantiate_predef_macros.cpp\n              :14:\n     33085    ./boost/thread/xtime.hpp: At global scope:\n>> 33086    ./boost/thread/xtime.hpp:23:5: error: expected identifier before\n              numeric constant\n     33087         TIME_UTC=1\n     33088         ^~~~~~~~\n  >> 33089    ./boost/thread/xtime.hpp:23:5: error: expected '}' before numeric\n               constant\n     33090    In file included from ./boost/thread/pthread/mutex.hpp:14,",
    ":14:\n     33085    ./boost/thread/xtime.hpp: At global scope:\n  >> 33086    ./boost/thread/xtime.hpp:23:5: error: expected identifier before\n              numeric constant\n     33087         TIME_UTC=1\n     33088         ^~~~~~~~\n>> 33089    ./boost/thread/xtime.hpp:23:5: error: expected '}' before numeric\n               constant\n     33090    In file included from ./boost/thread/pthread/mutex.hpp:14,\n     33091                     from ./boost/thread/mutex.hpp:16,\n     33092                     from ./boost/pool/detail/mutex.hpp:14,\n     33093                     from ./boost/pool/poolfwd.hpp:24,\n     33094                     from ./boost/pool/singleton_pool.hpp:22,",
    "33108                     from ./boost/iterator.hpp:17,\n     33109                     from ./boost/iterator/reverse_iterator.hpp:10,\n     33110                     from ./boost/wave/util/flex_string.hpp:86,\n     33111                     from ./boost/wave/wave_config.hpp:229,\n     33112                     from libs/wave/src/instantiate_predef_macros.cpp\n              :14:\n>> 33113    ./boost/thread/xtime.hpp:23:5: error: expected unqualified-id bef\n              ore numeric constant\n     33114         TIME_UTC=1\n     33115         ^~~~~~~~\n     33116    In file included from ./boost/thread/pthread/mutex.hpp:14,\n     33117                     from ./boost/thread/mutex.hpp:16,\n     33118                     from ./boost/pool/detail/mutex.hpp:14,",
    "33118                     from ./boost/pool/detail/mutex.hpp:14,\n     33119                     from ./boost/pool/poolfwd.hpp:24,\n     33120                     from ./boost/pool/singleton_pool.hpp:22,\n     33121                     from ./boost/wave/cpplexer/cpp_lex_token.hpp:25,\n     33122                     from libs/wave/src/instantiate_predef_macros.cpp\n              :20:\n>> 33123    ./boost/thread/xtime.hpp:46:14: error: expected type-specifier be\n              fore 'system_time'\n     33124         operator system_time() const\n     33125                  ^~~~~~~~~~~\n     33126    In file included from ./boost/thread/pthread/mutex.hpp:14,\n     33127                     from ./boost/thread/mutex.hpp:16,\n     33128                     from ./boost/pool/detail/mutex.hpp:14,",
    "33130                     from ./boost/pool/singleton_pool.hpp:22,\n     33131                     from ./boost/wave/cpplexer/cpp_lex_token.hpp:25,\n     33132                     from libs/wave/src/instantiate_predef_macros.cpp\n              :20:\n     33133    ./boost/thread/xtime.hpp: In function 'int xtime_get(xtime*, int)\n              ':\n>> 33134    ./boost/thread/xtime.hpp:73:24: error: 'get_system_time' was not\n              declared in this scope\n     33135             *xtp=get_xtime(get_system_time());\n     33136                            ^~~~~~~~~~~~~~~\n     33137    ./boost/thread/xtime.hpp:73:24: note: suggested alternative:\n     33138    In file included from ./boost/thread/locks.hpp:12,\n     33139                     from ./boost/thread/pthread/mutex.hpp:12,",
    "33152                     from ./boost/pool/poolfwd.hpp:24,\n     33153                     from ./boost/pool/singleton_pool.hpp:22,\n     33154                     from ./boost/wave/cpplexer/cpp_lex_token.hpp:25,\n     33155                     from libs/wave/src/instantiate_predef_macros.cpp\n              :20:\n     33156    ./boost/thread/xtime.hpp: At global scope:\n>> 33157    ./boost/thread/xtime.hpp:88:1: error: expected declaration before\n               '}' token\n     33158     } // namespace boost\n     33159     ^\n     33160\n     33161        \"/p/vast1/koparasy/BUILD/spack/lib/spack/env/gcc/g++\"  -ftemp\n              late-depth-128 -O3 -finline-functions -Wno-inline -Wall -pthread",
    "33701                     from ./boost/iterator/reverse_iterator.hpp:10,\n     33702                     from ./boost/wave/util/flex_string.hpp:86,\n     33703                     from ./boost/wave/wave_config.hpp:229,\n     33704                     from libs/wave/src/instantiate_re2c_lexer.cpp:16\n              :\n     33705    ./boost/thread/xtime.hpp: At global scope:\n>> 33706    ./boost/thread/xtime.hpp:23:5: error: expected identifier before\n              numeric constant\n     33707         TIME_UTC=1\n     33708         ^~~~~~~~\n  >> 33709    ./boost/thread/xtime.hpp:23:5: error: expected '}' before numeric\n               constant\n     33710    In file included from ./boost/thread/pthread/mutex.hpp:14,",
    ":\n     33705    ./boost/thread/xtime.hpp: At global scope:\n  >> 33706    ./boost/thread/xtime.hpp:23:5: error: expected identifier before\n              numeric constant\n     33707         TIME_UTC=1\n     33708         ^~~~~~~~\n>> 33709    ./boost/thread/xtime.hpp:23:5: error: expected '}' before numeric\n               constant\n     33710    In file included from ./boost/thread/pthread/mutex.hpp:14,\n     33711                     from ./boost/thread/mutex.hpp:16,\n     33712                     from ./boost/pool/detail/mutex.hpp:14,\n     33713                     from ./boost/pool/poolfwd.hpp:24,\n     33714                     from ./boost/pool/singleton_pool.hpp:22,",
    "33728                     from ./boost/iterator.hpp:17,\n     33729                     from ./boost/iterator/reverse_iterator.hpp:10,\n     33730                     from ./boost/wave/util/flex_string.hpp:86,\n     33731                     from ./boost/wave/wave_config.hpp:229,\n     33732                     from libs/wave/src/instantiate_re2c_lexer.cpp:16\n              :\n>> 33733    ./boost/thread/xtime.hpp:23:5: error: expected unqualified-id bef\n              ore numeric constant\n     33734         TIME_UTC=1\n     33735         ^~~~~~~~\n     33736    In file included from ./boost/thread/pthread/mutex.hpp:14,\n     33737                     from ./boost/thread/mutex.hpp:16,\n     33738                     from ./boost/pool/detail/mutex.hpp:14,",
    "33738                     from ./boost/pool/detail/mutex.hpp:14,\n     33739                     from ./boost/pool/poolfwd.hpp:24,\n     33740                     from ./boost/pool/singleton_pool.hpp:22,\n     33741                     from ./boost/wave/cpplexer/cpp_lex_token.hpp:25,\n     33742                     from libs/wave/src/instantiate_re2c_lexer.cpp:23\n              :\n>> 33743    ./boost/thread/xtime.hpp:46:14: error: expected type-specifier be\n              fore 'system_time'\n     33744         operator system_time() const\n     33745                  ^~~~~~~~~~~\n     33746    In file included from ./boost/thread/pthread/mutex.hpp:14,\n     33747                     from ./boost/thread/mutex.hpp:16,\n     33748                     from ./boost/pool/detail/mutex.hpp:14,",
    "33750                     from ./boost/pool/singleton_pool.hpp:22,\n     33751                     from ./boost/wave/cpplexer/cpp_lex_token.hpp:25,\n     33752                     from libs/wave/src/instantiate_re2c_lexer.cpp:23\n              :\n     33753    ./boost/thread/xtime.hpp: In function 'int xtime_get(xtime*, int)\n              ':\n>> 33754    ./boost/thread/xtime.hpp:73:24: error: 'get_system_time' was not\n              declared in this scope\n     33755             *xtp=get_xtime(get_system_time());\n     33756                            ^~~~~~~~~~~~~~~\n     33757    ./boost/thread/xtime.hpp:73:24: note: suggested alternative:\n     33758    In file included from ./boost/thread/locks.hpp:12,\n     33759                     from ./boost/thread/pthread/mutex.hpp:12,",
    "33772                     from ./boost/pool/poolfwd.hpp:24,\n     33773                     from ./boost/pool/singleton_pool.hpp:22,\n     33774                     from ./boost/wave/cpplexer/cpp_lex_token.hpp:25,\n     33775                     from libs/wave/src/instantiate_re2c_lexer.cpp:23\n              :\n     33776    ./boost/thread/xtime.hpp: At global scope:\n>> 33777    ./boost/thread/xtime.hpp:88:1: error: expected declaration before\n               '}' token\n     33778     } // namespace boost\n     33779     ^\n     33780\n     33781        \"/p/vast1/koparasy/BUILD/spack/lib/spack/env/gcc/g++\"  -ftemp\n              late-depth-128 -O3 -finline-functions -Wno-inline -Wall -pthread",
    "34451                     from ./boost/iterator/reverse_iterator.hpp:10,\n     34452                     from ./boost/wave/util/flex_string.hpp:86,\n     34453                     from ./boost/wave/wave_config.hpp:229,\n     34454                     from libs/wave/src/instantiate_re2c_lexer_str.cp\n              p:16:\n     34455    ./boost/thread/xtime.hpp: At global scope:\n>> 34456    ./boost/thread/xtime.hpp:23:5: error: expected identifier before\n              numeric constant\n     34457         TIME_UTC=1\n     34458         ^~~~~~~~\n  >> 34459    ./boost/thread/xtime.hpp:23:5: error: expected '}' before numeric\n               constant\n     34460    In file included from ./boost/thread/pthread/mutex.hpp:14,",
    "p:16:\n     34455    ./boost/thread/xtime.hpp: At global scope:\n  >> 34456    ./boost/thread/xtime.hpp:23:5: error: expected identifier before\n              numeric constant\n     34457         TIME_UTC=1\n     34458         ^~~~~~~~\n>> 34459    ./boost/thread/xtime.hpp:23:5: error: expected '}' before numeric\n               constant\n     34460    In file included from ./boost/thread/pthread/mutex.hpp:14,\n     34461                     from ./boost/thread/mutex.hpp:16,\n     34462                     from ./boost/pool/detail/mutex.hpp:14,\n     34463                     from ./boost/pool/poolfwd.hpp:24,\n     34464                     from ./boost/pool/singleton_pool.hpp:22,",
    "34478                     from ./boost/iterator.hpp:17,\n     34479                     from ./boost/iterator/reverse_iterator.hpp:10,\n     34480                     from ./boost/wave/util/flex_string.hpp:86,\n     34481                     from ./boost/wave/wave_config.hpp:229,\n     34482                     from libs/wave/src/instantiate_re2c_lexer_str.cp\n              p:16:\n>> 34483    ./boost/thread/xtime.hpp:23:5: error: expected unqualified-id bef\n              ore numeric constant\n     34484         TIME_UTC=1\n     34485         ^~~~~~~~\n     34486    In file included from ./boost/thread/pthread/mutex.hpp:14,\n     34487                     from ./boost/thread/mutex.hpp:16,\n     34488                     from ./boost/pool/detail/mutex.hpp:14,",
    "34488                     from ./boost/pool/detail/mutex.hpp:14,\n     34489                     from ./boost/pool/poolfwd.hpp:24,\n     34490                     from ./boost/pool/singleton_pool.hpp:22,\n     34491                     from ./boost/wave/cpplexer/cpp_lex_token.hpp:25,\n     34492                     from libs/wave/src/instantiate_re2c_lexer_str.cp\n              p:23:\n>> 34493    ./boost/thread/xtime.hpp:46:14: error: expected type-specifier be\n              fore 'system_time'\n     34494         operator system_time() const\n     34495                  ^~~~~~~~~~~\n     34496    In file included from ./boost/thread/pthread/mutex.hpp:14,\n     34497                     from ./boost/thread/mutex.hpp:16,\n     34498                     from ./boost/pool/detail/mutex.hpp:14,",
    "34500                     from ./boost/pool/singleton_pool.hpp:22,\n     34501                     from ./boost/wave/cpplexer/cpp_lex_token.hpp:25,\n     34502                     from libs/wave/src/instantiate_re2c_lexer_str.cp\n              p:23:\n     34503    ./boost/thread/xtime.hpp: In function 'int xtime_get(xtime*, int)\n              ':\n>> 34504    ./boost/thread/xtime.hpp:73:24: error: 'get_system_time' was not\n              declared in this scope\n     34505             *xtp=get_xtime(get_system_time());\n     34506                            ^~~~~~~~~~~~~~~\n     34507    ./boost/thread/xtime.hpp:73:24: note: suggested alternative:\n     34508    In file included from ./boost/thread/locks.hpp:12,\n     34509                     from ./boost/thread/pthread/mutex.hpp:12,",
    "34522                     from ./boost/pool/poolfwd.hpp:24,\n     34523                     from ./boost/pool/singleton_pool.hpp:22,\n     34524                     from ./boost/wave/cpplexer/cpp_lex_token.hpp:25,\n     34525                     from libs/wave/src/instantiate_re2c_lexer_str.cp\n              p:23:\n     34526    ./boost/thread/xtime.hpp: At global scope:\n>> 34527    ./boost/thread/xtime.hpp:88:1: error: expected declaration before\n               '}' token\n     34528     } // namespace boost\n     34529     ^\n     34530\n     34531        \"/p/vast1/koparasy/BUILD/spack/lib/spack/env/gcc/g++\"  -ftemp\n              late-depth-128 -O3 -finline-functions -Wno-inline -Wall -pthread",
    "40067                     from /usr/tce/packages/gcc/gcc-8.3.1/rh/usr/incl\n              ude/c++/8/string:52,\n     40068                     from ./boost/thread/exceptions.hpp:19,\n     40069                     from ./boost/thread/pthread/thread_data.hpp:9,\n     40070                     from ./boost/thread/thread.hpp:17,\n     40071                     from libs/thread/src/pthread/thread.cpp:10:\n>> 40072    ./boost/thread/xtime.hpp:23:5: error: expected identifier before\n              numeric constant\n     40073         TIME_UTC=1\n     40074         ^~~~~~~~\n  >> 40075    ./boost/thread/xtime.hpp:23:5: error: expected '}' before numeric\n               constant\n     40076    In file included from ./boost/thread/pthread/mutex.hpp:14,",
    "40070                     from ./boost/thread/thread.hpp:17,\n     40071                     from libs/thread/src/pthread/thread.cpp:10:\n  >> 40072    ./boost/thread/xtime.hpp:23:5: error: expected identifier before\n              numeric constant\n     40073         TIME_UTC=1\n     40074         ^~~~~~~~\n>> 40075    ./boost/thread/xtime.hpp:23:5: error: expected '}' before numeric\n               constant\n     40076    In file included from ./boost/thread/pthread/mutex.hpp:14,\n     40077                     from ./boost/thread/mutex.hpp:16,\n     40078                     from ./boost/thread/pthread/thread_data.hpp:12,\n     40079                     from ./boost/thread/thread.hpp:17,\n     40080                     from libs/thread/src/pthread/thread.cpp:10:",
    "40089                     from /usr/tce/packages/gcc/gcc-8.3.1/rh/usr/incl\n              ude/c++/8/string:52,\n     40090                     from ./boost/thread/exceptions.hpp:19,\n     40091                     from ./boost/thread/pthread/thread_data.hpp:9,\n     40092                     from ./boost/thread/thread.hpp:17,\n     40093                     from libs/thread/src/pthread/thread.cpp:10:\n>> 40094    ./boost/thread/xtime.hpp:23:5: error: expected unqualified-id bef\n              ore numeric constant\n     40095         TIME_UTC=1\n     40096         ^~~~~~~~\n     40097    In file included from ./boost/thread/pthread/mutex.hpp:14,\n     40098                     from ./boost/thread/mutex.hpp:16,\n     40099                     from ./boost/thread/pthread/thread_data.hpp:12,",
    "40096         ^~~~~~~~\n     40097    In file included from ./boost/thread/pthread/mutex.hpp:14,\n     40098                     from ./boost/thread/mutex.hpp:16,\n     40099                     from ./boost/thread/pthread/thread_data.hpp:12,\n     40100                     from ./boost/thread/thread.hpp:17,\n     40101                     from libs/thread/src/pthread/thread.cpp:10:\n>> 40102    ./boost/thread/xtime.hpp:46:14: error: expected type-specifier be\n              fore 'system_time'\n     40103         operator system_time() const\n     40104                  ^~~~~~~~~~~\n     40105    In file included from ./boost/thread/pthread/mutex.hpp:14,\n     40106                     from ./boost/thread/mutex.hpp:16,\n     40107                     from ./boost/thread/pthread/thread_data.hpp:12,",
    "40106                     from ./boost/thread/mutex.hpp:16,\n     40107                     from ./boost/thread/pthread/thread_data.hpp:12,\n     40108                     from ./boost/thread/thread.hpp:17,\n     40109                     from libs/thread/src/pthread/thread.cpp:10:\n     40110    ./boost/thread/xtime.hpp: In function 'int xtime_get(xtime*, int)\n              ':\n>> 40111    ./boost/thread/xtime.hpp:73:24: error: 'get_system_time' was not\n              declared in this scope\n     40112             *xtp=get_xtime(get_system_time());\n     40113                            ^~~~~~~~~~~~~~~\n     40114    ./boost/thread/xtime.hpp:73:24: note: suggested alternative:\n     40115    In file included from ./boost/thread/locks.hpp:12,\n     40116                     from ./boost/thread/pthread/mutex.hpp:12,",
    "40124    In file included from ./boost/thread/pthread/mutex.hpp:14,\n     40125                     from ./boost/thread/mutex.hpp:16,\n     40126                     from ./boost/thread/pthread/thread_data.hpp:12,\n     40127                     from ./boost/thread/thread.hpp:17,\n     40128                     from libs/thread/src/pthread/thread.cpp:10:\n     40129    ./boost/thread/xtime.hpp: At global scope:\n>> 40130    ./boost/thread/xtime.hpp:88:1: error: expected declaration before\n               '}' token\n     40131     } // namespace boost\n     40132     ^\n     40133\n     40134        \"/p/vast1/koparasy/BUILD/spack/lib/spack/env/gcc/g++\"  -ftemp\n              late-depth-128 -O3 -finline-functions -Wno-inline -Wall -pthread",
    "ude/c++/8/bits/locale_classes.h:40,\n     42265                     from /usr/tce/packages/gcc/gcc-8.3.1/rh/usr/incl\n              ude/c++/8/locale:39,\n     42266                     from ./boost/locale/date_time_facet.hpp:18,\n     42267                     from ./boost/locale/date_time.hpp:18,\n     42268                     from libs/locale/src/shared/date_time.cpp:9:\n>> 42269    ./boost/thread/xtime.hpp:23:5: error: expected identifier before\n              numeric constant\n     42270         TIME_UTC=1\n     42271         ^~~~~~~~\n  >> 42272    ./boost/thread/xtime.hpp:23:5: error: expected '}' before numeric\n               constant\n     42273    In file included from ./boost/thread/pthread/mutex.hpp:14,",
    "42267                     from ./boost/locale/date_time.hpp:18,\n     42268                     from libs/locale/src/shared/date_time.cpp:9:\n  >> 42269    ./boost/thread/xtime.hpp:23:5: error: expected identifier before\n              numeric constant\n     42270         TIME_UTC=1\n     42271         ^~~~~~~~\n>> 42272    ./boost/thread/xtime.hpp:23:5: error: expected '}' before numeric\n               constant\n     42273    In file included from ./boost/thread/pthread/mutex.hpp:14,\n     42274                     from ./boost/thread/mutex.hpp:16,\n     42275                     from libs/locale/src/shared/date_time.cpp:11:\n     42276    ./boost/thread/xtime.hpp:22:1: note: to match this '{'\n     42277     {",
    "ude/c++/8/bits/locale_classes.h:40,\n     42286                     from /usr/tce/packages/gcc/gcc-8.3.1/rh/usr/incl\n              ude/c++/8/locale:39,\n     42287                     from ./boost/locale/date_time_facet.hpp:18,\n     42288                     from ./boost/locale/date_time.hpp:18,\n     42289                     from libs/locale/src/shared/date_time.cpp:9:\n>> 42290    ./boost/thread/xtime.hpp:23:5: error: expected unqualified-id bef\n              ore numeric constant\n     42291         TIME_UTC=1\n     42292         ^~~~~~~~\n     42293    In file included from ./boost/thread/pthread/mutex.hpp:14,\n     42294                     from ./boost/thread/mutex.hpp:16,\n     42295                     from libs/locale/src/shared/date_time.cpp:11:",
    "ore numeric constant\n     42291         TIME_UTC=1\n     42292         ^~~~~~~~\n     42293    In file included from ./boost/thread/pthread/mutex.hpp:14,\n     42294                     from ./boost/thread/mutex.hpp:16,\n     42295                     from libs/locale/src/shared/date_time.cpp:11:\n>> 42296    ./boost/thread/xtime.hpp:46:14: error: expected type-specifier be\n              fore 'system_time'\n     42297         operator system_time() const\n     42298                  ^~~~~~~~~~~\n     42299    In file included from ./boost/thread/pthread/mutex.hpp:14,\n     42300                     from ./boost/thread/mutex.hpp:16,\n     42301                     from libs/locale/src/shared/date_time.cpp:11:",
    "42298                  ^~~~~~~~~~~\n     42299    In file included from ./boost/thread/pthread/mutex.hpp:14,\n     42300                     from ./boost/thread/mutex.hpp:16,\n     42301                     from libs/locale/src/shared/date_time.cpp:11:\n     42302    ./boost/thread/xtime.hpp: In function 'int xtime_get(xtime*, int)\n              ':\n>> 42303    ./boost/thread/xtime.hpp:73:24: error: 'get_system_time' was not\n              declared in this scope\n     42304             *xtp=get_xtime(get_system_time());\n     42305                            ^~~~~~~~~~~~~~~\n     42306    ./boost/thread/xtime.hpp:73:24: note: suggested alternative:\n     42307    In file included from ./boost/thread/locks.hpp:12,\n     42308                     from ./boost/thread/pthread/mutex.hpp:12,",
    "42312         inline system_time get_system_time()\n     42313                            ^~~~~~~~~~~~~~~\n     42314    In file included from ./boost/thread/pthread/mutex.hpp:14,\n     42315                     from ./boost/thread/mutex.hpp:16,\n     42316                     from libs/locale/src/shared/date_time.cpp:11:\n     42317    ./boost/thread/xtime.hpp: At global scope:\n>> 42318    ./boost/thread/xtime.hpp:88:1: error: expected declaration before\n               '}' token\n     42319     } // namespace boost\n     42320     ^\n     42321\n     42322        \"/p/vast1/koparasy/BUILD/spack/lib/spack/env/gcc/g++\"  -ftemp\n              late-depth-128 -O3 -finline-functions -Wno-inline -Wall -pthread",
    "44505                     from /usr/tce/packages/gcc/gcc-8.3.1/rh/usr/incl\n              ude/c++/8/bits/basic_string.h:39,\n     44506                     from /usr/tce/packages/gcc/gcc-8.3.1/rh/usr/incl\n              ude/c++/8/string:52,\n     44507                     from ./boost/locale/generator.hpp:16,\n     44508                     from libs/locale/src/shared/generator.cpp:9:\n>> 44509    ./boost/thread/xtime.hpp:23:5: error: expected identifier before\n              numeric constant\n     44510         TIME_UTC=1\n     44511         ^~~~~~~~\n  >> 44512    ./boost/thread/xtime.hpp:23:5: error: expected '}' before numeric\n               constant\n     44513    In file included from ./boost/thread/pthread/mutex.hpp:14,",
    "44507                     from ./boost/locale/generator.hpp:16,\n     44508                     from libs/locale/src/shared/generator.cpp:9:\n  >> 44509    ./boost/thread/xtime.hpp:23:5: error: expected identifier before\n              numeric constant\n     44510         TIME_UTC=1\n     44511         ^~~~~~~~\n>> 44512    ./boost/thread/xtime.hpp:23:5: error: expected '}' before numeric\n               constant\n     44513    In file included from ./boost/thread/pthread/mutex.hpp:14,\n     44514                     from ./boost/thread/mutex.hpp:16,\n     44515                     from libs/locale/src/shared/generator.cpp:16:\n     44516    ./boost/thread/xtime.hpp:22:1: note: to match this '{'\n     44517     {",
    "44523                     from /usr/tce/packages/gcc/gcc-8.3.1/rh/usr/incl\n              ude/c++/8/bits/basic_string.h:39,\n     44524                     from /usr/tce/packages/gcc/gcc-8.3.1/rh/usr/incl\n              ude/c++/8/string:52,\n     44525                     from ./boost/locale/generator.hpp:16,\n     44526                     from libs/locale/src/shared/generator.cpp:9:\n>> 44527    ./boost/thread/xtime.hpp:23:5: error: expected unqualified-id bef\n              ore numeric constant\n     44528         TIME_UTC=1\n     44529         ^~~~~~~~\n     44530    In file included from ./boost/thread/pthread/mutex.hpp:14,\n     44531                     from ./boost/thread/mutex.hpp:16,\n     44532                     from libs/locale/src/shared/generator.cpp:16:",
    "ore numeric constant\n     44528         TIME_UTC=1\n     44529         ^~~~~~~~\n     44530    In file included from ./boost/thread/pthread/mutex.hpp:14,\n     44531                     from ./boost/thread/mutex.hpp:16,\n     44532                     from libs/locale/src/shared/generator.cpp:16:\n>> 44533    ./boost/thread/xtime.hpp:46:14: error: expected type-specifier be\n              fore 'system_time'\n     44534         operator system_time() const\n     44535                  ^~~~~~~~~~~\n     44536    In file included from ./boost/thread/pthread/mutex.hpp:14,\n     44537                     from ./boost/thread/mutex.hpp:16,\n     44538                     from libs/locale/src/shared/generator.cpp:16:",
    "44535                  ^~~~~~~~~~~\n     44536    In file included from ./boost/thread/pthread/mutex.hpp:14,\n     44537                     from ./boost/thread/mutex.hpp:16,\n     44538                     from libs/locale/src/shared/generator.cpp:16:\n     44539    ./boost/thread/xtime.hpp: In function 'int xtime_get(xtime*, int)\n              ':\n>> 44540    ./boost/thread/xtime.hpp:73:24: error: 'get_system_time' was not\n              declared in this scope\n     44541             *xtp=get_xtime(get_system_time());\n     44542                            ^~~~~~~~~~~~~~~\n     44543    ./boost/thread/xtime.hpp:73:24: note: suggested alternative:\n     44544    In file included from ./boost/thread/locks.hpp:12,\n     44545                     from ./boost/thread/pthread/mutex.hpp:12,",
    "44549         inline system_time get_system_time()\n     44550                            ^~~~~~~~~~~~~~~\n     44551    In file included from ./boost/thread/pthread/mutex.hpp:14,\n     44552                     from ./boost/thread/mutex.hpp:16,\n     44553                     from libs/locale/src/shared/generator.cpp:16:\n     44554    ./boost/thread/xtime.hpp: At global scope:\n>> 44555    ./boost/thread/xtime.hpp:88:1: error: expected declaration before\n               '}' token\n     44556     } // namespace boost\n     44557     ^\n     44558\n     44559        \"/p/vast1/koparasy/BUILD/spack/lib/spack/env/gcc/g++\"  -ftemp\n              late-depth-128 -O3 -finline-functions -Wno-inline -Wall -pthread",
    "44686                     from /usr/tce/packages/gcc/gcc-8.3.1/rh/usr/incl\n              ude/c++/8/string:52,\n     44687                     from ./boost/locale/generator.hpp:16,\n     44688                     from ./boost/locale/localization_backend.hpp:11,\n     44689                     from libs/locale/src/shared/localization_backend\n              .cpp:9:\n>> 44690    ./boost/thread/xtime.hpp:23:5: error: expected identifier before\n              numeric constant\n     44691         TIME_UTC=1\n     44692         ^~~~~~~~\n  >> 44693    ./boost/thread/xtime.hpp:23:5: error: expected '}' before numeric\n               constant\n     44694    In file included from ./boost/thread/pthread/mutex.hpp:14,",
    "44689                     from libs/locale/src/shared/localization_backend\n              .cpp:9:\n  >> 44690    ./boost/thread/xtime.hpp:23:5: error: expected identifier before\n              numeric constant\n     44691         TIME_UTC=1\n     44692         ^~~~~~~~\n>> 44693    ./boost/thread/xtime.hpp:23:5: error: expected '}' before numeric\n               constant\n     44694    In file included from ./boost/thread/pthread/mutex.hpp:14,\n     44695                     from ./boost/thread/mutex.hpp:16,\n     44696                     from libs/locale/src/shared/localization_backend\n              .cpp:11:\n     44697    ./boost/thread/xtime.hpp:22:1: note: to match this '{'",
    "44705                     from /usr/tce/packages/gcc/gcc-8.3.1/rh/usr/incl\n              ude/c++/8/string:52,\n     44706                     from ./boost/locale/generator.hpp:16,\n     44707                     from ./boost/locale/localization_backend.hpp:11,\n     44708                     from libs/locale/src/shared/localization_backend\n              .cpp:9:\n>> 44709    ./boost/thread/xtime.hpp:23:5: error: expected unqualified-id bef\n              ore numeric constant\n     44710         TIME_UTC=1\n     44711         ^~~~~~~~\n     44712    In file included from ./boost/thread/pthread/mutex.hpp:14,\n     44713                     from ./boost/thread/mutex.hpp:16,\n     44714                     from libs/locale/src/shared/localization_backend",
    "44710         TIME_UTC=1\n     44711         ^~~~~~~~\n     44712    In file included from ./boost/thread/pthread/mutex.hpp:14,\n     44713                     from ./boost/thread/mutex.hpp:16,\n     44714                     from libs/locale/src/shared/localization_backend\n              .cpp:11:\n>> 44715    ./boost/thread/xtime.hpp:46:14: error: expected type-specifier be\n              fore 'system_time'\n     44716         operator system_time() const\n     44717                  ^~~~~~~~~~~\n     44718    In file included from ./boost/thread/pthread/mutex.hpp:14,\n     44719                     from ./boost/thread/mutex.hpp:16,\n     44720                     from libs/locale/src/shared/localization_backend",
    "44718    In file included from ./boost/thread/pthread/mutex.hpp:14,\n     44719                     from ./boost/thread/mutex.hpp:16,\n     44720                     from libs/locale/src/shared/localization_backend\n              .cpp:11:\n     44721    ./boost/thread/xtime.hpp: In function 'int xtime_get(xtime*, int)\n              ':\n>> 44722    ./boost/thread/xtime.hpp:73:24: error: 'get_system_time' was not\n              declared in this scope\n     44723             *xtp=get_xtime(get_system_time());\n     44724                            ^~~~~~~~~~~~~~~\n     44725    ./boost/thread/xtime.hpp:73:24: note: suggested alternative:\n     44726    In file included from ./boost/thread/locks.hpp:12,\n     44727                     from ./boost/thread/pthread/mutex.hpp:12,",
    "44732                            ^~~~~~~~~~~~~~~\n     44733    In file included from ./boost/thread/pthread/mutex.hpp:14,\n     44734                     from ./boost/thread/mutex.hpp:16,\n     44735                     from libs/locale/src/shared/localization_backend\n              .cpp:11:\n     44736    ./boost/thread/xtime.hpp: At global scope:\n>> 44737    ./boost/thread/xtime.hpp:88:1: error: expected declaration before\n               '}' token\n     44738     } // namespace boost\n     44739     ^\n     44740\n     44741        \"/p/vast1/koparasy/BUILD/spack/lib/spack/env/gcc/g++\"  -ftemp\n              late-depth-128 -O3 -finline-functions -Wno-inline -Wall -pthread",
    "44879                     from /usr/tce/packages/gcc/gcc-8.3.1/rh/usr/incl\n              ude/c++/8/bits/locale_classes.h:40,\n     44880                     from /usr/tce/packages/gcc/gcc-8.3.1/rh/usr/incl\n              ude/c++/8/locale:39,\n     44881                     from ./boost/locale/collator.hpp:16,\n     44882                     from libs/locale/src/icu/collator.cpp:9:\n>> 44883    ./boost/thread/xtime.hpp:23:5: error: expected identifier before\n              numeric constant\n     44884         TIME_UTC=1\n     44885         ^~~~~~~~\n  >> 44886    ./boost/thread/xtime.hpp:23:5: error: expected '}' before numeric\n               constant\n     44887    In file included from ./boost/thread/pthread/mutex.hpp:14,",
    "44881                     from ./boost/locale/collator.hpp:16,\n     44882                     from libs/locale/src/icu/collator.cpp:9:\n  >> 44883    ./boost/thread/xtime.hpp:23:5: error: expected identifier before\n              numeric constant\n     44884         TIME_UTC=1\n     44885         ^~~~~~~~\n>> 44886    ./boost/thread/xtime.hpp:23:5: error: expected '}' before numeric\n               constant\n     44887    In file included from ./boost/thread/pthread/mutex.hpp:14,\n     44888                     from ./boost/thread/mutex.hpp:16,\n     44889                     from ./boost/thread/pthread/thread_data.hpp:12,\n     44890                     from ./boost/thread/thread.hpp:17,\n     44891                     from ./boost/thread.hpp:13,",
    "44902                     from /usr/tce/packages/gcc/gcc-8.3.1/rh/usr/incl\n              ude/c++/8/bits/locale_classes.h:40,\n     44903                     from /usr/tce/packages/gcc/gcc-8.3.1/rh/usr/incl\n              ude/c++/8/locale:39,\n     44904                     from ./boost/locale/collator.hpp:16,\n     44905                     from libs/locale/src/icu/collator.cpp:9:\n>> 44906    ./boost/thread/xtime.hpp:23:5: error: expected unqualified-id bef\n              ore numeric constant\n     44907         TIME_UTC=1\n     44908         ^~~~~~~~\n     44909    In file included from ./boost/thread/pthread/mutex.hpp:14,\n     44910                     from ./boost/thread/mutex.hpp:16,\n     44911                     from ./boost/thread/pthread/thread_data.hpp:12,",
    "44909    In file included from ./boost/thread/pthread/mutex.hpp:14,\n     44910                     from ./boost/thread/mutex.hpp:16,\n     44911                     from ./boost/thread/pthread/thread_data.hpp:12,\n     44912                     from ./boost/thread/thread.hpp:17,\n     44913                     from ./boost/thread.hpp:13,\n     44914                     from libs/locale/src/icu/collator.cpp:11:\n>> 44915    ./boost/thread/xtime.hpp:46:14: error: expected type-specifier be\n              fore 'system_time'\n     44916         operator system_time() const\n     44917                  ^~~~~~~~~~~\n     44918    In file included from ./boost/thread/pthread/mutex.hpp:14,\n     44919                     from ./boost/thread/mutex.hpp:16,\n     44920                     from ./boost/thread/pthread/thread_data.hpp:12,",
    "44920                     from ./boost/thread/pthread/thread_data.hpp:12,\n     44921                     from ./boost/thread/thread.hpp:17,\n     44922                     from ./boost/thread.hpp:13,\n     44923                     from libs/locale/src/icu/collator.cpp:11:\n     44924    ./boost/thread/xtime.hpp: In function 'int xtime_get(xtime*, int)\n              ':\n>> 44925    ./boost/thread/xtime.hpp:73:24: error: 'get_system_time' was not\n              declared in this scope\n     44926             *xtp=get_xtime(get_system_time());\n     44927                            ^~~~~~~~~~~~~~~\n     44928    ./boost/thread/xtime.hpp:73:24: note: suggested alternative:\n     44929    In file included from ./boost/thread/locks.hpp:12,\n     44930                     from ./boost/thread/pthread/mutex.hpp:12,",
    "44940                     from ./boost/thread/mutex.hpp:16,\n     44941                     from ./boost/thread/pthread/thread_data.hpp:12,\n     44942                     from ./boost/thread/thread.hpp:17,\n     44943                     from ./boost/thread.hpp:13,\n     44944                     from libs/locale/src/icu/collator.cpp:11:\n     44945    ./boost/thread/xtime.hpp: At global scope:\n>> 44946    ./boost/thread/xtime.hpp:88:1: error: expected declaration before\n               '}' token\n     44947     } // namespace boost\n     44948     ^\n     44949\n     44950        \"/p/vast1/koparasy/BUILD/spack/lib/spack/env/gcc/g++\"  -ftemp\n              late-depth-128 -O3 -finline-functions -Wno-inline -Wall -pthread",
    "44961                     from /usr/tce/packages/gcc/gcc-8.3.1/rh/usr/incl\n              ude/c++/8/bits/locale_classes.h:40,\n     44962                     from /usr/tce/packages/gcc/gcc-8.3.1/rh/usr/incl\n              ude/c++/8/locale:39,\n     44963                     from ./boost/locale/date_time_facet.hpp:18,\n     44964                     from libs/locale/src/icu/date_time.cpp:9:\n>> 44965    ./boost/thread/xtime.hpp:23:5: error: expected identifier before\n              numeric constant\n     44966         TIME_UTC=1\n     44967         ^~~~~~~~\n  >> 44968    ./boost/thread/xtime.hpp:23:5: error: expected '}' before numeric\n               constant\n     44969    In file included from ./boost/thread/pthread/mutex.hpp:14,",
    "44963                     from ./boost/locale/date_time_facet.hpp:18,\n     44964                     from libs/locale/src/icu/date_time.cpp:9:\n  >> 44965    ./boost/thread/xtime.hpp:23:5: error: expected identifier before\n              numeric constant\n     44966         TIME_UTC=1\n     44967         ^~~~~~~~\n>> 44968    ./boost/thread/xtime.hpp:23:5: error: expected '}' before numeric\n               constant\n     44969    In file included from ./boost/thread/pthread/mutex.hpp:14,\n     44970                     from ./boost/thread/mutex.hpp:16,\n     44971                     from ./boost/thread/pthread/thread_data.hpp:12,\n     44972                     from ./boost/thread/thread.hpp:17,\n     44973                     from ./boost/thread.hpp:13,",
    "44984                     from /usr/tce/packages/gcc/gcc-8.3.1/rh/usr/incl\n              ude/c++/8/bits/locale_classes.h:40,\n     44985                     from /usr/tce/packages/gcc/gcc-8.3.1/rh/usr/incl\n              ude/c++/8/locale:39,\n     44986                     from ./boost/locale/date_time_facet.hpp:18,\n     44987                     from libs/locale/src/icu/date_time.cpp:9:\n>> 44988    ./boost/thread/xtime.hpp:23:5: error: expected unqualified-id bef\n              ore numeric constant\n     44989         TIME_UTC=1\n     44990         ^~~~~~~~\n     44991    In file included from ./boost/thread/pthread/mutex.hpp:14,\n     44992                     from ./boost/thread/mutex.hpp:16,\n     44993                     from ./boost/thread/pthread/thread_data.hpp:12,",
    "44991    In file included from ./boost/thread/pthread/mutex.hpp:14,\n     44992                     from ./boost/thread/mutex.hpp:16,\n     44993                     from ./boost/thread/pthread/thread_data.hpp:12,\n     44994                     from ./boost/thread/thread.hpp:17,\n     44995                     from ./boost/thread.hpp:13,\n     44996                     from libs/locale/src/icu/date_time.cpp:14:\n>> 44997    ./boost/thread/xtime.hpp:46:14: error: expected type-specifier be\n              fore 'system_time'\n     44998         operator system_time() const\n     44999                  ^~~~~~~~~~~\n     45000    In file included from ./boost/thread/pthread/mutex.hpp:14,\n     45001                     from ./boost/thread/mutex.hpp:16,\n     45002                     from ./boost/thread/pthread/thread_data.hpp:12,",
    "45002                     from ./boost/thread/pthread/thread_data.hpp:12,\n     45003                     from ./boost/thread/thread.hpp:17,\n     45004                     from ./boost/thread.hpp:13,\n     45005                     from libs/locale/src/icu/date_time.cpp:14:\n     45006    ./boost/thread/xtime.hpp: In function 'int xtime_get(xtime*, int)\n              ':\n>> 45007    ./boost/thread/xtime.hpp:73:24: error: 'get_system_time' was not\n              declared in this scope\n     45008             *xtp=get_xtime(get_system_time());\n     45009                            ^~~~~~~~~~~~~~~\n     45010    ./boost/thread/xtime.hpp:73:24: note: suggested alternative:\n     45011    In file included from ./boost/thread/locks.hpp:12,\n     45012                     from ./boost/thread/pthread/mutex.hpp:12,",
    "45022                     from ./boost/thread/mutex.hpp:16,\n     45023                     from ./boost/thread/pthread/thread_data.hpp:12,\n     45024                     from ./boost/thread/thread.hpp:17,\n     45025                     from ./boost/thread.hpp:13,\n     45026                     from libs/locale/src/icu/date_time.cpp:14:\n     45027    ./boost/thread/xtime.hpp: At global scope:\n>> 45028    ./boost/thread/xtime.hpp:88:1: error: expected declaration before\n               '}' token\n     45029     } // namespace boost\n     45030     ^\n     45031\n     45032        \"/p/vast1/koparasy/BUILD/spack/lib/spack/env/gcc/g++\"  -ftemp\n              late-depth-128 -O3 -finline-functions -Wno-inline -Wall -pthread",
    "ude/c++/8/bits/basic_string.h:39,\n     45043                     from /usr/tce/packages/gcc/gcc-8.3.1/rh/usr/incl\n              ude/c++/8/string:52,\n     45044                     from ./boost/locale/time_zone.hpp:17,\n     45045                     from ./boost/locale/formatting.hpp:17,\n     45046                     from libs/locale/src/icu/formatter.cpp:9:\n>> 45047    ./boost/thread/xtime.hpp:23:5: error: expected identifier before\n              numeric constant\n     45048         TIME_UTC=1\n     45049         ^~~~~~~~\n  >> 45050    ./boost/thread/xtime.hpp:23:5: error: expected '}' before numeric\n               constant\n     45051    In file included from ./boost/thread/pthread/mutex.hpp:14,",
    "45045                     from ./boost/locale/formatting.hpp:17,\n     45046                     from libs/locale/src/icu/formatter.cpp:9:\n  >> 45047    ./boost/thread/xtime.hpp:23:5: error: expected identifier before\n              numeric constant\n     45048         TIME_UTC=1\n     45049         ^~~~~~~~\n>> 45050    ./boost/thread/xtime.hpp:23:5: error: expected '}' before numeric\n               constant\n     45051    In file included from ./boost/thread/pthread/mutex.hpp:14,\n     45052                     from ./boost/thread/mutex.hpp:16,\n     45053                     from ./boost/thread/pthread/thread_data.hpp:12,\n     45054                     from ./boost/thread/thread.hpp:17,\n     45055                     from ./boost/thread.hpp:13,",
    "ude/c++/8/bits/basic_string.h:39,\n     45066                     from /usr/tce/packages/gcc/gcc-8.3.1/rh/usr/incl\n              ude/c++/8/string:52,\n     45067                     from ./boost/locale/time_zone.hpp:17,\n     45068                     from ./boost/locale/formatting.hpp:17,\n     45069                     from libs/locale/src/icu/formatter.cpp:9:\n>> 45070    ./boost/thread/xtime.hpp:23:5: error: expected unqualified-id bef\n              ore numeric constant\n     45071         TIME_UTC=1\n     45072         ^~~~~~~~\n     45073    In file included from ./boost/thread/pthread/mutex.hpp:14,\n     45074                     from ./boost/thread/mutex.hpp:16,\n     45075                     from ./boost/thread/pthread/thread_data.hpp:12,",
    "45075                     from ./boost/thread/pthread/thread_data.hpp:12,\n     45076                     from ./boost/thread/thread.hpp:17,\n     45077                     from ./boost/thread.hpp:13,\n     45078                     from libs/locale/src/icu/predefined_formatters.h\n              pp:14,\n     45079                     from libs/locale/src/icu/formatter.cpp:25:\n>> 45080    ./boost/thread/xtime.hpp:46:14: error: expected type-specifier be\n              fore 'system_time'\n     45081         operator system_time() const\n     45082                  ^~~~~~~~~~~\n     45083    In file included from ./boost/thread/pthread/mutex.hpp:14,\n     45084                     from ./boost/thread/mutex.hpp:16,\n     45085                     from ./boost/thread/pthread/thread_data.hpp:12,",
    "45087                     from ./boost/thread.hpp:13,\n     45088                     from libs/locale/src/icu/predefined_formatters.h\n              pp:14,\n     45089                     from libs/locale/src/icu/formatter.cpp:25:\n     45090    ./boost/thread/xtime.hpp: In function 'int xtime_get(xtime*, int)\n              ':\n>> 45091    ./boost/thread/xtime.hpp:73:24: error: 'get_system_time' was not\n              declared in this scope\n     45092             *xtp=get_xtime(get_system_time());\n     45093                            ^~~~~~~~~~~~~~~\n     45094    ./boost/thread/xtime.hpp:73:24: note: suggested alternative:\n     45095    In file included from ./boost/thread/locks.hpp:12,\n     45096                     from ./boost/thread/pthread/mutex.hpp:12,",
    "45109                     from ./boost/thread/thread.hpp:17,\n     45110                     from ./boost/thread.hpp:13,\n     45111                     from libs/locale/src/icu/predefined_formatters.h\n              pp:14,\n     45112                     from libs/locale/src/icu/formatter.cpp:25:\n     45113    ./boost/thread/xtime.hpp: At global scope:\n>> 45114    ./boost/thread/xtime.hpp:88:1: error: expected declaration before\n               '}' token\n     45115     } // namespace boost\n     45116     ^\n     45117\n     45118        \"/p/vast1/koparasy/BUILD/spack/lib/spack/env/gcc/g++\"  -ftemp\n              late-depth-128 -O3 -finline-functions -Wno-inline -Wall -pthread",
    "ude/c++/8/string:52,\n     45130                     from /usr/tce/packages/gcc/gcc-8.3.1/rh/usr/incl\n              ude/c++/8/bits/locale_classes.h:40,\n     45131                     from /usr/tce/packages/gcc/gcc-8.3.1/rh/usr/incl\n              ude/c++/8/locale:39,\n     45132                     from libs/locale/src/icu/numeric.cpp:9:\n>> 45133    ./boost/thread/xtime.hpp:23:5: error: expected identifier before\n              numeric constant\n     45134         TIME_UTC=1\n     45135         ^~~~~~~~\n  >> 45136    ./boost/thread/xtime.hpp:23:5: error: expected '}' before numeric\n               constant\n     45137    In file included from ./boost/thread/pthread/mutex.hpp:14,",
    "ude/c++/8/locale:39,\n     45132                     from libs/locale/src/icu/numeric.cpp:9:\n  >> 45133    ./boost/thread/xtime.hpp:23:5: error: expected identifier before\n              numeric constant\n     45134         TIME_UTC=1\n     45135         ^~~~~~~~\n>> 45136    ./boost/thread/xtime.hpp:23:5: error: expected '}' before numeric\n               constant\n     45137    In file included from ./boost/thread/pthread/mutex.hpp:14,\n     45138                     from ./boost/thread/mutex.hpp:16,\n     45139                     from ./boost/thread/pthread/thread_data.hpp:12,\n     45140                     from ./boost/thread/thread.hpp:17,\n     45141                     from ./boost/thread.hpp:13,",
    "ude/c++/8/string:52,\n     45153                     from /usr/tce/packages/gcc/gcc-8.3.1/rh/usr/incl\n              ude/c++/8/bits/locale_classes.h:40,\n     45154                     from /usr/tce/packages/gcc/gcc-8.3.1/rh/usr/incl\n              ude/c++/8/locale:39,\n     45155                     from libs/locale/src/icu/numeric.cpp:9:\n>> 45156    ./boost/thread/xtime.hpp:23:5: error: expected unqualified-id bef\n              ore numeric constant\n     45157         TIME_UTC=1\n     45158         ^~~~~~~~\n     45159    In file included from ./boost/thread/pthread/mutex.hpp:14,\n     45160                     from ./boost/thread/mutex.hpp:16,\n     45161                     from ./boost/thread/pthread/thread_data.hpp:12,",
    "45161                     from ./boost/thread/pthread/thread_data.hpp:12,\n     45162                     from ./boost/thread/thread.hpp:17,\n     45163                     from ./boost/thread.hpp:13,\n     45164                     from libs/locale/src/icu/predefined_formatters.h\n              pp:14,\n     45165                     from libs/locale/src/icu/numeric.cpp:18:\n>> 45166    ./boost/thread/xtime.hpp:46:14: error: expected type-specifier be\n              fore 'system_time'\n     45167         operator system_time() const\n     45168                  ^~~~~~~~~~~\n     45169    In file included from ./boost/thread/pthread/mutex.hpp:14,\n     45170                     from ./boost/thread/mutex.hpp:16,\n     45171                     from ./boost/thread/pthread/thread_data.hpp:12,",
    "45173                     from ./boost/thread.hpp:13,\n     45174                     from libs/locale/src/icu/predefined_formatters.h\n              pp:14,\n     45175                     from libs/locale/src/icu/numeric.cpp:18:\n     45176    ./boost/thread/xtime.hpp: In function 'int xtime_get(xtime*, int)\n              ':\n>> 45177    ./boost/thread/xtime.hpp:73:24: error: 'get_system_time' was not\n              declared in this scope\n     45178             *xtp=get_xtime(get_system_time());\n     45179                            ^~~~~~~~~~~~~~~\n     45180    ./boost/thread/xtime.hpp:73:24: note: suggested alternative:\n     45181    In file included from ./boost/thread/locks.hpp:12,\n     45182                     from ./boost/thread/pthread/mutex.hpp:12,",
    "45195                     from ./boost/thread/thread.hpp:17,\n     45196                     from ./boost/thread.hpp:13,\n     45197                     from libs/locale/src/icu/predefined_formatters.h\n              pp:14,\n     45198                     from libs/locale/src/icu/numeric.cpp:18:\n     45199    ./boost/thread/xtime.hpp: At global scope:\n>> 45200    ./boost/thread/xtime.hpp:88:1: error: expected declaration before\n               '}' token\n     45201     } // namespace boost\n     45202     ^\n     45203\n     45204        \"/p/vast1/koparasy/BUILD/spack/lib/spack/env/gcc/g++\"  -ftemp\n              late-depth-128 -O3 -finline-functions -Wno-inline -Wall -pthread",
    "57774                     from ./boost/iterator/reverse_iterator.hpp:10,\n     57775                     from ./boost/wave/util/flex_string.hpp:86,\n     57776                     from ./boost/wave/wave_config.hpp:229,\n     57777                     from libs/wave/src/instantiate_cpp_exprgrammar.c\n              pp:14:\n     57778    ./boost/thread/xtime.hpp: At global scope:\n>> 57779    ./boost/thread/xtime.hpp:23:5: error: expected identifier before\n              numeric constant\n     57780         TIME_UTC=1\n     57781         ^~~~~~~~\n  >> 57782    ./boost/thread/xtime.hpp:23:5: error: expected '}' before numeric\n               constant\n     57783    In file included from ./boost/thread/pthread/mutex.hpp:14,",
    "pp:14:\n     57778    ./boost/thread/xtime.hpp: At global scope:\n  >> 57779    ./boost/thread/xtime.hpp:23:5: error: expected identifier before\n              numeric constant\n     57780         TIME_UTC=1\n     57781         ^~~~~~~~\n>> 57782    ./boost/thread/xtime.hpp:23:5: error: expected '}' before numeric\n               constant\n     57783    In file included from ./boost/thread/pthread/mutex.hpp:14,\n     57784                     from ./boost/thread/mutex.hpp:16,\n     57785                     from ./boost/pool/detail/mutex.hpp:14,\n     57786                     from ./boost/pool/poolfwd.hpp:24,\n     57787                     from ./boost/pool/singleton_pool.hpp:22,",
    "57801                     from ./boost/iterator.hpp:17,\n     57802                     from ./boost/iterator/reverse_iterator.hpp:10,\n     57803                     from ./boost/wave/util/flex_string.hpp:86,\n     57804                     from ./boost/wave/wave_config.hpp:229,\n     57805                     from libs/wave/src/instantiate_cpp_exprgrammar.c\n              pp:14:\n>> 57806    ./boost/thread/xtime.hpp:23:5: error: expected unqualified-id bef\n              ore numeric constant\n     57807         TIME_UTC=1\n     57808         ^~~~~~~~\n     57809    In file included from ./boost/thread/pthread/mutex.hpp:14,\n     57810                     from ./boost/thread/mutex.hpp:16,\n     57811                     from ./boost/pool/detail/mutex.hpp:14,",
    "57811                     from ./boost/pool/detail/mutex.hpp:14,\n     57812                     from ./boost/pool/poolfwd.hpp:24,\n     57813                     from ./boost/pool/singleton_pool.hpp:22,\n     57814                     from ./boost/wave/cpplexer/cpp_lex_token.hpp:25,\n     57815                     from libs/wave/src/instantiate_cpp_exprgrammar.c\n              pp:21:\n>> 57816    ./boost/thread/xtime.hpp:46:14: error: expected type-specifier be\n              fore 'system_time'\n     57817         operator system_time() const\n     57818                  ^~~~~~~~~~~\n     57819    In file included from ./boost/thread/pthread/mutex.hpp:14,\n     57820                     from ./boost/thread/mutex.hpp:16,\n     57821                     from ./boost/pool/detail/mutex.hpp:14,",
    "57823                     from ./boost/pool/singleton_pool.hpp:22,\n     57824                     from ./boost/wave/cpplexer/cpp_lex_token.hpp:25,\n     57825                     from libs/wave/src/instantiate_cpp_exprgrammar.c\n              pp:21:\n     57826    ./boost/thread/xtime.hpp: In function 'int xtime_get(xtime*, int)\n              ':\n>> 57827    ./boost/thread/xtime.hpp:73:24: error: 'get_system_time' was not\n              declared in this scope\n     57828             *xtp=get_xtime(get_system_time());\n     57829                            ^~~~~~~~~~~~~~~\n     57830    ./boost/thread/xtime.hpp:73:24: note: suggested alternative:\n     57831    In file included from ./boost/thread/locks.hpp:12,\n     57832                     from ./boost/thread/pthread/mutex.hpp:12,",
    "57845                     from ./boost/pool/poolfwd.hpp:24,\n     57846                     from ./boost/pool/singleton_pool.hpp:22,\n     57847                     from ./boost/wave/cpplexer/cpp_lex_token.hpp:25,\n     57848                     from libs/wave/src/instantiate_cpp_exprgrammar.c\n              pp:21:\n     57849    ./boost/thread/xtime.hpp: At global scope:\n>> 57850    ./boost/thread/xtime.hpp:88:1: error: expected declaration before\n               '}' token\n     57851     } // namespace boost\n     57852     ^\n     57853\n     57854        \"/p/vast1/koparasy/BUILD/spack/lib/spack/env/gcc/g++\"  -ftemp\n              late-depth-128 -O3 -finline-functions -Wno-inline -Wall -pthread",
    "58394                     from ./boost/iterator/reverse_iterator.hpp:10,\n     58395                     from ./boost/wave/util/flex_string.hpp:86,\n     58396                     from ./boost/wave/wave_config.hpp:229,\n     58397                     from libs/wave/src/instantiate_cpp_grammar.cpp:1\n              4:\n     58398    ./boost/thread/xtime.hpp: At global scope:\n>> 58399    ./boost/thread/xtime.hpp:23:5: error: expected identifier before\n              numeric constant\n     58400         TIME_UTC=1\n     58401         ^~~~~~~~\n  >> 58402    ./boost/thread/xtime.hpp:23:5: error: expected '}' before numeric\n               constant\n     58403    In file included from ./boost/thread/pthread/mutex.hpp:14,",
    "4:\n     58398    ./boost/thread/xtime.hpp: At global scope:\n  >> 58399    ./boost/thread/xtime.hpp:23:5: error: expected identifier before\n              numeric constant\n     58400         TIME_UTC=1\n     58401         ^~~~~~~~\n>> 58402    ./boost/thread/xtime.hpp:23:5: error: expected '}' before numeric\n               constant\n     58403    In file included from ./boost/thread/pthread/mutex.hpp:14,\n     58404                     from ./boost/thread/mutex.hpp:16,\n     58405                     from ./boost/pool/detail/mutex.hpp:14,\n     58406                     from ./boost/pool/poolfwd.hpp:24,\n     58407                     from ./boost/pool/singleton_pool.hpp:22,",
    "58421                     from ./boost/iterator.hpp:17,\n     58422                     from ./boost/iterator/reverse_iterator.hpp:10,\n     58423                     from ./boost/wave/util/flex_string.hpp:86,\n     58424                     from ./boost/wave/wave_config.hpp:229,\n     58425                     from libs/wave/src/instantiate_cpp_grammar.cpp:1\n              4:\n>> 58426    ./boost/thread/xtime.hpp:23:5: error: expected unqualified-id bef\n              ore numeric constant\n     58427         TIME_UTC=1\n     58428         ^~~~~~~~\n     58429    In file included from ./boost/thread/pthread/mutex.hpp:14,\n     58430                     from ./boost/thread/mutex.hpp:16,\n     58431                     from ./boost/pool/detail/mutex.hpp:14,",
    "58431                     from ./boost/pool/detail/mutex.hpp:14,\n     58432                     from ./boost/pool/poolfwd.hpp:24,\n     58433                     from ./boost/pool/singleton_pool.hpp:22,\n     58434                     from ./boost/wave/cpplexer/cpp_lex_token.hpp:25,\n     58435                     from libs/wave/src/instantiate_cpp_grammar.cpp:2\n              1:\n>> 58436    ./boost/thread/xtime.hpp:46:14: error: expected type-specifier be\n              fore 'system_time'\n     58437         operator system_time() const\n     58438                  ^~~~~~~~~~~\n     58439    In file included from ./boost/thread/pthread/mutex.hpp:14,\n     58440                     from ./boost/thread/mutex.hpp:16,\n     58441                     from ./boost/pool/detail/mutex.hpp:14,",
    "58443                     from ./boost/pool/singleton_pool.hpp:22,\n     58444                     from ./boost/wave/cpplexer/cpp_lex_token.hpp:25,\n     58445                     from libs/wave/src/instantiate_cpp_grammar.cpp:2\n              1:\n     58446    ./boost/thread/xtime.hpp: In function 'int xtime_get(xtime*, int)\n              ':\n>> 58447    ./boost/thread/xtime.hpp:73:24: error: 'get_system_time' was not\n              declared in this scope\n     58448             *xtp=get_xtime(get_system_time());\n     58449                            ^~~~~~~~~~~~~~~\n     58450    ./boost/thread/xtime.hpp:73:24: note: suggested alternative:\n     58451    In file included from ./boost/thread/locks.hpp:12,\n     58452                     from ./boost/thread/pthread/mutex.hpp:12,",
    "58465                     from ./boost/pool/poolfwd.hpp:24,\n     58466                     from ./boost/pool/singleton_pool.hpp:22,\n     58467                     from ./boost/wave/cpplexer/cpp_lex_token.hpp:25,\n     58468                     from libs/wave/src/instantiate_cpp_grammar.cpp:2\n              1:\n     58469    ./boost/thread/xtime.hpp: At global scope:\n>> 58470    ./boost/thread/xtime.hpp:88:1: error: expected declaration before\n               '}' token\n     58471     } // namespace boost\n     58472     ^\n     58473\n     58474        \"/p/vast1/koparasy/BUILD/spack/lib/spack/env/gcc/g++\"  -ftemp\n              late-depth-128 -O3 -finline-functions -Wno-inline -Wall -pthread",
    "59014                     from ./boost/iterator/reverse_iterator.hpp:10,\n     59015                     from ./boost/wave/util/flex_string.hpp:86,\n     59016                     from ./boost/wave/wave_config.hpp:229,\n     59017                     from libs/wave/src/instantiate_cpp_literalgrs.cp\n              p:14:\n     59018    ./boost/thread/xtime.hpp: At global scope:\n>> 59019    ./boost/thread/xtime.hpp:23:5: error: expected identifier before\n              numeric constant\n     59020         TIME_UTC=1\n     59021         ^~~~~~~~\n  >> 59022    ./boost/thread/xtime.hpp:23:5: error: expected '}' before numeric\n               constant\n     59023    In file included from ./boost/thread/pthread/mutex.hpp:14,",
    "p:14:\n     59018    ./boost/thread/xtime.hpp: At global scope:\n  >> 59019    ./boost/thread/xtime.hpp:23:5: error: expected identifier before\n              numeric constant\n     59020         TIME_UTC=1\n     59021         ^~~~~~~~\n>> 59022    ./boost/thread/xtime.hpp:23:5: error: expected '}' before numeric\n               constant\n     59023    In file included from ./boost/thread/pthread/mutex.hpp:14,\n     59024                     from ./boost/thread/mutex.hpp:16,\n     59025                     from ./boost/pool/detail/mutex.hpp:14,\n     59026                     from ./boost/pool/poolfwd.hpp:24,\n     59027                     from ./boost/pool/singleton_pool.hpp:22,",
    "59041                     from ./boost/iterator.hpp:17,\n     59042                     from ./boost/iterator/reverse_iterator.hpp:10,\n     59043                     from ./boost/wave/util/flex_string.hpp:86,\n     59044                     from ./boost/wave/wave_config.hpp:229,\n     59045                     from libs/wave/src/instantiate_cpp_literalgrs.cp\n              p:14:\n>> 59046    ./boost/thread/xtime.hpp:23:5: error: expected unqualified-id bef\n              ore numeric constant\n     59047         TIME_UTC=1\n     59048         ^~~~~~~~\n     59049    In file included from ./boost/thread/pthread/mutex.hpp:14,\n     59050                     from ./boost/thread/mutex.hpp:16,\n     59051                     from ./boost/pool/detail/mutex.hpp:14,",
    "59051                     from ./boost/pool/detail/mutex.hpp:14,\n     59052                     from ./boost/pool/poolfwd.hpp:24,\n     59053                     from ./boost/pool/singleton_pool.hpp:22,\n     59054                     from ./boost/wave/cpplexer/cpp_lex_token.hpp:25,\n     59055                     from libs/wave/src/instantiate_cpp_literalgrs.cp\n              p:20:\n>> 59056    ./boost/thread/xtime.hpp:46:14: error: expected type-specifier be\n              fore 'system_time'\n     59057         operator system_time() const\n     59058                  ^~~~~~~~~~~\n     59059    In file included from ./boost/thread/pthread/mutex.hpp:14,\n     59060                     from ./boost/thread/mutex.hpp:16,\n     59061                     from ./boost/pool/detail/mutex.hpp:14,",
    "59063                     from ./boost/pool/singleton_pool.hpp:22,\n     59064                     from ./boost/wave/cpplexer/cpp_lex_token.hpp:25,\n     59065                     from libs/wave/src/instantiate_cpp_literalgrs.cp\n              p:20:\n     59066    ./boost/thread/xtime.hpp: In function 'int xtime_get(xtime*, int)\n              ':\n>> 59067    ./boost/thread/xtime.hpp:73:24: error: 'get_system_time' was not\n              declared in this scope\n     59068             *xtp=get_xtime(get_system_time());\n     59069                            ^~~~~~~~~~~~~~~\n     59070    ./boost/thread/xtime.hpp:73:24: note: suggested alternative:\n     59071    In file included from ./boost/thread/locks.hpp:12,\n     59072                     from ./boost/thread/pthread/mutex.hpp:12,",
    "59085                     from ./boost/pool/poolfwd.hpp:24,\n     59086                     from ./boost/pool/singleton_pool.hpp:22,\n     59087                     from ./boost/wave/cpplexer/cpp_lex_token.hpp:25,\n     59088                     from libs/wave/src/instantiate_cpp_literalgrs.cp\n              p:20:\n     59089    ./boost/thread/xtime.hpp: At global scope:\n>> 59090    ./boost/thread/xtime.hpp:88:1: error: expected declaration before\n               '}' token\n     59091     } // namespace boost\n     59092     ^\n     59093\n     59094        \"/p/vast1/koparasy/BUILD/spack/lib/spack/env/gcc/g++\"  -ftemp\n              late-depth-128 -O3 -finline-functions -Wno-inline -Wall -pthread",
    "59634                     from ./boost/iterator/reverse_iterator.hpp:10,\n     59635                     from ./boost/wave/util/flex_string.hpp:86,\n     59636                     from ./boost/wave/wave_config.hpp:229,\n     59637                     from libs/wave/src/instantiate_predef_macros.cpp\n              :14:\n     59638    ./boost/thread/xtime.hpp: At global scope:\n>> 59639    ./boost/thread/xtime.hpp:23:5: error: expected identifier before\n              numeric constant\n     59640         TIME_UTC=1\n     59641         ^~~~~~~~\n  >> 59642    ./boost/thread/xtime.hpp:23:5: error: expected '}' before numeric\n               constant\n     59643    In file included from ./boost/thread/pthread/mutex.hpp:14,",
    ":14:\n     59638    ./boost/thread/xtime.hpp: At global scope:\n  >> 59639    ./boost/thread/xtime.hpp:23:5: error: expected identifier before\n              numeric constant\n     59640         TIME_UTC=1\n     59641         ^~~~~~~~\n>> 59642    ./boost/thread/xtime.hpp:23:5: error: expected '}' before numeric\n               constant\n     59643    In file included from ./boost/thread/pthread/mutex.hpp:14,\n     59644                     from ./boost/thread/mutex.hpp:16,\n     59645                     from ./boost/pool/detail/mutex.hpp:14,\n     59646                     from ./boost/pool/poolfwd.hpp:24,\n     59647                     from ./boost/pool/singleton_pool.hpp:22,",
    "59661                     from ./boost/iterator.hpp:17,\n     59662                     from ./boost/iterator/reverse_iterator.hpp:10,\n     59663                     from ./boost/wave/util/flex_string.hpp:86,\n     59664                     from ./boost/wave/wave_config.hpp:229,\n     59665                     from libs/wave/src/instantiate_predef_macros.cpp\n              :14:\n>> 59666    ./boost/thread/xtime.hpp:23:5: error: expected unqualified-id bef\n              ore numeric constant\n     59667         TIME_UTC=1\n     59668         ^~~~~~~~\n     59669    In file included from ./boost/thread/pthread/mutex.hpp:14,\n     59670                     from ./boost/thread/mutex.hpp:16,\n     59671                     from ./boost/pool/detail/mutex.hpp:14,",
    "59671                     from ./boost/pool/detail/mutex.hpp:14,\n     59672                     from ./boost/pool/poolfwd.hpp:24,\n     59673                     from ./boost/pool/singleton_pool.hpp:22,\n     59674                     from ./boost/wave/cpplexer/cpp_lex_token.hpp:25,\n     59675                     from libs/wave/src/instantiate_predef_macros.cpp\n              :20:\n>> 59676    ./boost/thread/xtime.hpp:46:14: error: expected type-specifier be\n              fore 'system_time'\n     59677         operator system_time() const\n     59678                  ^~~~~~~~~~~\n     59679    In file included from ./boost/thread/pthread/mutex.hpp:14,\n     59680                     from ./boost/thread/mutex.hpp:16,\n     59681                     from ./boost/pool/detail/mutex.hpp:14,",
    "59683                     from ./boost/pool/singleton_pool.hpp:22,\n     59684                     from ./boost/wave/cpplexer/cpp_lex_token.hpp:25,\n     59685                     from libs/wave/src/instantiate_predef_macros.cpp\n              :20:\n     59686    ./boost/thread/xtime.hpp: In function 'int xtime_get(xtime*, int)\n              ':\n>> 59687    ./boost/thread/xtime.hpp:73:24: error: 'get_system_time' was not\n              declared in this scope\n     59688             *xtp=get_xtime(get_system_time());\n     59689                            ^~~~~~~~~~~~~~~\n     59690    ./boost/thread/xtime.hpp:73:24: note: suggested alternative:\n     59691    In file included from ./boost/thread/locks.hpp:12,\n     59692                     from ./boost/thread/pthread/mutex.hpp:12,",
    "59705                     from ./boost/pool/poolfwd.hpp:24,\n     59706                     from ./boost/pool/singleton_pool.hpp:22,\n     59707                     from ./boost/wave/cpplexer/cpp_lex_token.hpp:25,\n     59708                     from libs/wave/src/instantiate_predef_macros.cpp\n              :20:\n     59709    ./boost/thread/xtime.hpp: At global scope:\n>> 59710    ./boost/thread/xtime.hpp:88:1: error: expected declaration before\n               '}' token\n     59711     } // namespace boost\n     59712     ^\n     59713\n     59714        \"/p/vast1/koparasy/BUILD/spack/lib/spack/env/gcc/g++\"  -ftemp\n              late-depth-128 -O3 -finline-functions -Wno-inline -Wall -pthread",
    "60254                     from ./boost/iterator/reverse_iterator.hpp:10,\n     60255                     from ./boost/wave/util/flex_string.hpp:86,\n     60256                     from ./boost/wave/wave_config.hpp:229,\n     60257                     from libs/wave/src/instantiate_defined_grammar.c\n              pp:14:\n     60258    ./boost/thread/xtime.hpp: At global scope:\n>> 60259    ./boost/thread/xtime.hpp:23:5: error: expected identifier before\n              numeric constant\n     60260         TIME_UTC=1\n     60261         ^~~~~~~~\n  >> 60262    ./boost/thread/xtime.hpp:23:5: error: expected '}' before numeric\n               constant\n     60263    In file included from ./boost/thread/pthread/mutex.hpp:14,",
    "pp:14:\n     60258    ./boost/thread/xtime.hpp: At global scope:\n  >> 60259    ./boost/thread/xtime.hpp:23:5: error: expected identifier before\n              numeric constant\n     60260         TIME_UTC=1\n     60261         ^~~~~~~~\n>> 60262    ./boost/thread/xtime.hpp:23:5: error: expected '}' before numeric\n               constant\n     60263    In file included from ./boost/thread/pthread/mutex.hpp:14,\n     60264                     from ./boost/thread/mutex.hpp:16,\n     60265                     from ./boost/pool/detail/mutex.hpp:14,\n     60266                     from ./boost/pool/poolfwd.hpp:24,\n     60267                     from ./boost/pool/singleton_pool.hpp:22,",
    "60281                     from ./boost/iterator.hpp:17,\n     60282                     from ./boost/iterator/reverse_iterator.hpp:10,\n     60283                     from ./boost/wave/util/flex_string.hpp:86,\n     60284                     from ./boost/wave/wave_config.hpp:229,\n     60285                     from libs/wave/src/instantiate_defined_grammar.c\n              pp:14:\n>> 60286    ./boost/thread/xtime.hpp:23:5: error: expected unqualified-id bef\n              ore numeric constant\n     60287         TIME_UTC=1\n     60288         ^~~~~~~~\n     60289    In file included from ./boost/thread/pthread/mutex.hpp:14,\n     60290                     from ./boost/thread/mutex.hpp:16,\n     60291                     from ./boost/pool/detail/mutex.hpp:14,",
    "60291                     from ./boost/pool/detail/mutex.hpp:14,\n     60292                     from ./boost/pool/poolfwd.hpp:24,\n     60293                     from ./boost/pool/singleton_pool.hpp:22,\n     60294                     from ./boost/wave/cpplexer/cpp_lex_token.hpp:25,\n     60295                     from libs/wave/src/instantiate_defined_grammar.c\n              pp:20:\n>> 60296    ./boost/thread/xtime.hpp:46:14: error: expected type-specifier be\n              fore 'system_time'\n     60297         operator system_time() const\n     60298                  ^~~~~~~~~~~\n     60299    In file included from ./boost/thread/pthread/mutex.hpp:14,\n     60300                     from ./boost/thread/mutex.hpp:16,\n     60301                     from ./boost/pool/detail/mutex.hpp:14,",
    "60303                     from ./boost/pool/singleton_pool.hpp:22,\n     60304                     from ./boost/wave/cpplexer/cpp_lex_token.hpp:25,\n     60305                     from libs/wave/src/instantiate_defined_grammar.c\n              pp:20:\n     60306    ./boost/thread/xtime.hpp: In function 'int xtime_get(xtime*, int)\n              ':\n>> 60307    ./boost/thread/xtime.hpp:73:24: error: 'get_system_time' was not\n              declared in this scope\n     60308             *xtp=get_xtime(get_system_time());\n     60309                            ^~~~~~~~~~~~~~~\n     60310    ./boost/thread/xtime.hpp:73:24: note: suggested alternative:\n     60311    In file included from ./boost/thread/locks.hpp:12,\n     60312                     from ./boost/thread/pthread/mutex.hpp:12,",
    "60325                     from ./boost/pool/poolfwd.hpp:24,\n     60326                     from ./boost/pool/singleton_pool.hpp:22,\n     60327                     from ./boost/wave/cpplexer/cpp_lex_token.hpp:25,\n     60328                     from libs/wave/src/instantiate_defined_grammar.c\n              pp:20:\n     60329    ./boost/thread/xtime.hpp: At global scope:\n>> 60330    ./boost/thread/xtime.hpp:88:1: error: expected declaration before\n               '}' token\n     60331     } // namespace boost\n     60332     ^\n     60333\n     60334        \"/p/vast1/koparasy/BUILD/spack/lib/spack/env/gcc/g++\"  -ftemp\n              late-depth-128 -O3 -finline-functions -Wno-inline -Wall -pthread",
    "61002                     from ./boost/iterator/reverse_iterator.hpp:10,\n     61003                     from ./boost/wave/util/flex_string.hpp:86,\n     61004                     from ./boost/wave/wave_config.hpp:229,\n     61005                     from libs/wave/src/instantiate_re2c_lexer.cpp:16\n              :\n     61006    ./boost/thread/xtime.hpp: At global scope:\n>> 61007    ./boost/thread/xtime.hpp:23:5: error: expected identifier before\n              numeric constant\n     61008         TIME_UTC=1\n     61009         ^~~~~~~~\n  >> 61010    ./boost/thread/xtime.hpp:23:5: error: expected '}' before numeric\n               constant\n     61011    In file included from ./boost/thread/pthread/mutex.hpp:14,",
    ":\n     61006    ./boost/thread/xtime.hpp: At global scope:\n  >> 61007    ./boost/thread/xtime.hpp:23:5: error: expected identifier before\n              numeric constant\n     61008         TIME_UTC=1\n     61009         ^~~~~~~~\n>> 61010    ./boost/thread/xtime.hpp:23:5: error: expected '}' before numeric\n               constant\n     61011    In file included from ./boost/thread/pthread/mutex.hpp:14,\n     61012                     from ./boost/thread/mutex.hpp:16,\n     61013                     from ./boost/pool/detail/mutex.hpp:14,\n     61014                     from ./boost/pool/poolfwd.hpp:24,\n     61015                     from ./boost/pool/singleton_pool.hpp:22,",
    "61029                     from ./boost/iterator.hpp:17,\n     61030                     from ./boost/iterator/reverse_iterator.hpp:10,\n     61031                     from ./boost/wave/util/flex_string.hpp:86,\n     61032                     from ./boost/wave/wave_config.hpp:229,\n     61033                     from libs/wave/src/instantiate_re2c_lexer.cpp:16\n              :\n>> 61034    ./boost/thread/xtime.hpp:23:5: error: expected unqualified-id bef\n              ore numeric constant\n     61035         TIME_UTC=1\n     61036         ^~~~~~~~\n     61037    In file included from ./boost/thread/pthread/mutex.hpp:14,\n     61038                     from ./boost/thread/mutex.hpp:16,\n     61039                     from ./boost/pool/detail/mutex.hpp:14,",
    "61039                     from ./boost/pool/detail/mutex.hpp:14,\n     61040                     from ./boost/pool/poolfwd.hpp:24,\n     61041                     from ./boost/pool/singleton_pool.hpp:22,\n     61042                     from ./boost/wave/cpplexer/cpp_lex_token.hpp:25,\n     61043                     from libs/wave/src/instantiate_re2c_lexer.cpp:23\n              :\n>> 61044    ./boost/thread/xtime.hpp:46:14: error: expected type-specifier be\n              fore 'system_time'\n     61045         operator system_time() const\n     61046                  ^~~~~~~~~~~\n     61047    In file included from ./boost/thread/pthread/mutex.hpp:14,\n     61048                     from ./boost/thread/mutex.hpp:16,\n     61049                     from ./boost/pool/detail/mutex.hpp:14,",
    "61051                     from ./boost/pool/singleton_pool.hpp:22,\n     61052                     from ./boost/wave/cpplexer/cpp_lex_token.hpp:25,\n     61053                     from libs/wave/src/instantiate_re2c_lexer.cpp:23\n              :\n     61054    ./boost/thread/xtime.hpp: In function 'int xtime_get(xtime*, int)\n              ':\n>> 61055    ./boost/thread/xtime.hpp:73:24: error: 'get_system_time' was not\n              declared in this scope\n     61056             *xtp=get_xtime(get_system_time());\n     61057                            ^~~~~~~~~~~~~~~\n     61058    ./boost/thread/xtime.hpp:73:24: note: suggested alternative:\n     61059    In file included from ./boost/thread/locks.hpp:12,\n     61060                     from ./boost/thread/pthread/mutex.hpp:12,",
    "61073                     from ./boost/pool/poolfwd.hpp:24,\n     61074                     from ./boost/pool/singleton_pool.hpp:22,\n     61075                     from ./boost/wave/cpplexer/cpp_lex_token.hpp:25,\n     61076                     from libs/wave/src/instantiate_re2c_lexer.cpp:23\n              :\n     61077    ./boost/thread/xtime.hpp: At global scope:\n>> 61078    ./boost/thread/xtime.hpp:88:1: error: expected declaration before\n               '}' token\n     61079     } // namespace boost\n     61080     ^\n     61081\n     61082        \"/p/vast1/koparasy/BUILD/spack/lib/spack/env/gcc/g++\"  -ftemp\n              late-depth-128 -O3 -finline-functions -Wno-inline -Wall -pthread",
    "61624                     from ./boost/iterator/reverse_iterator.hpp:10,\n     61625                     from ./boost/wave/util/flex_string.hpp:86,\n     61626                     from ./boost/wave/wave_config.hpp:229,\n     61627                     from libs/wave/src/instantiate_re2c_lexer_str.cp\n              p:16:\n     61628    ./boost/thread/xtime.hpp: At global scope:\n>> 61629    ./boost/thread/xtime.hpp:23:5: error: expected identifier before\n              numeric constant\n     61630         TIME_UTC=1\n     61631         ^~~~~~~~\n  >> 61632    ./boost/thread/xtime.hpp:23:5: error: expected '}' before numeric\n               constant\n     61633    In file included from ./boost/thread/pthread/mutex.hpp:14,",
    "p:16:\n     61628    ./boost/thread/xtime.hpp: At global scope:\n  >> 61629    ./boost/thread/xtime.hpp:23:5: error: expected identifier before\n              numeric constant\n     61630         TIME_UTC=1\n     61631         ^~~~~~~~\n>> 61632    ./boost/thread/xtime.hpp:23:5: error: expected '}' before numeric\n               constant\n     61633    In file included from ./boost/thread/pthread/mutex.hpp:14,\n     61634                     from ./boost/thread/mutex.hpp:16,\n     61635                     from ./boost/pool/detail/mutex.hpp:14,\n     61636                     from ./boost/pool/poolfwd.hpp:24,\n     61637                     from ./boost/pool/singleton_pool.hpp:22,",
    "61651                     from ./boost/iterator.hpp:17,\n     61652                     from ./boost/iterator/reverse_iterator.hpp:10,\n     61653                     from ./boost/wave/util/flex_string.hpp:86,\n     61654                     from ./boost/wave/wave_config.hpp:229,\n     61655                     from libs/wave/src/instantiate_re2c_lexer_str.cp\n              p:16:\n>> 61656    ./boost/thread/xtime.hpp:23:5: error: expected unqualified-id bef\n              ore numeric constant\n     61657         TIME_UTC=1\n     61658         ^~~~~~~~\n     61659    In file included from ./boost/thread/pthread/mutex.hpp:14,\n     61660                     from ./boost/thread/mutex.hpp:16,\n     61661                     from ./boost/pool/detail/mutex.hpp:14,",
    "61661                     from ./boost/pool/detail/mutex.hpp:14,\n     61662                     from ./boost/pool/poolfwd.hpp:24,\n     61663                     from ./boost/pool/singleton_pool.hpp:22,\n     61664                     from ./boost/wave/cpplexer/cpp_lex_token.hpp:25,\n     61665                     from libs/wave/src/instantiate_re2c_lexer_str.cp\n              p:23:\n>> 61666    ./boost/thread/xtime.hpp:46:14: error: expected type-specifier be\n              fore 'system_time'\n     61667         operator system_time() const\n     61668                  ^~~~~~~~~~~\n     61669    In file included from ./boost/thread/pthread/mutex.hpp:14,\n     61670                     from ./boost/thread/mutex.hpp:16,\n     61671                     from ./boost/pool/detail/mutex.hpp:14,",
    "61673                     from ./boost/pool/singleton_pool.hpp:22,\n     61674                     from ./boost/wave/cpplexer/cpp_lex_token.hpp:25,\n     61675                     from libs/wave/src/instantiate_re2c_lexer_str.cp\n              p:23:\n     61676    ./boost/thread/xtime.hpp: In function 'int xtime_get(xtime*, int)\n              ':\n>> 61677    ./boost/thread/xtime.hpp:73:24: error: 'get_system_time' was not\n              declared in this scope\n     61678             *xtp=get_xtime(get_system_time());\n     61679                            ^~~~~~~~~~~~~~~\n     61680    ./boost/thread/xtime.hpp:73:24: note: suggested alternative:\n     61681    In file included from ./boost/thread/locks.hpp:12,\n     61682                     from ./boost/thread/pthread/mutex.hpp:12,",
    "61695                     from ./boost/pool/poolfwd.hpp:24,\n     61696                     from ./boost/pool/singleton_pool.hpp:22,\n     61697                     from ./boost/wave/cpplexer/cpp_lex_token.hpp:25,\n     61698                     from libs/wave/src/instantiate_re2c_lexer_str.cp\n              p:23:\n     61699    ./boost/thread/xtime.hpp: At global scope:\n>> 61700    ./boost/thread/xtime.hpp:88:1: error: expected declaration before\n               '}' token\n     61701     } // namespace boost\n     61702     ^\n     61703\n     61704        \"/p/vast1/koparasy/BUILD/spack/lib/spack/env/gcc/g++\"  -ftemp\n              late-depth-128 -O3 -finline-functions -Wno-inline -Wall -pthread"
]