[
    "5.8.0-lmvnwa3sbnwqtbo5kxiys2xt6mgrsbzc/include  -c linalg/densemat.c\n           pp -o linalg/densemat.o\n     74    In file included from linalg/linalg.hpp:32,\n     75                     from linalg/sparsemat.cpp:14:\n     76    linalg/sundials.hpp: In member function 'void mfem::ARKODESolver::Se\n           tMaxStep(double)':\n>> 77    linalg/sundials.hpp:277:13: error: 'ARKodeSetMaxStep' was not declar\n           ed in this scope; did you mean 'CVodeSetMaxStep'?\n     78      277 |    { flag = ARKodeSetMaxStep(sundials_mem, dt_max); }\n     79          |             ^~~~~~~~~~~~~~~~\n     80          |             CVodeSetMaxStep\n     81    /p/vast1/koparasy/BUILD/head/spack/lib/spack/env/gcc/g++  -O3 -I/p/v\n           ast1/koparasy/BUILD/spack_cluster_installer/quartz/mfem/spack_env_di",
    "ast1/koparasy/BUILD/spack_cluster_installer/quartz/mfem/spack_env_di\n           r/linux-rhel7-broadwell/gcc-9.3.1/metis-5.1.0-elboq6eq4uxfsqwg2a2mrz\n           jtyenuynmy/include -I/p/vast1/koparasy/BUILD/spack_cluster_installer\n           /quartz/mfem/spack_env_dir/linux-rhel7-broadwell/gcc-9.3.1/sundials-\n           5.8.0-lmvnwa3sbnwqtbo5kxiys2xt6mgrsbzc/include  -c linalg/strumpack.\n           cpp -o linalg/strumpack.o\n>> 82    make: *** [linalg/sparsemat.o] Error 1\n     83    make: *** Waiting for unfinished jobs....\n\nSee build log for details:\n  /var/tmp/koparasy/spack-stage/spack-stage-mfem-3.3.2-tkhw4lpsbftnhvohmrqwfwiy647owvaw/spack-build-out.txt\n\nTraceback (most recent call last):"
]