[
    "stage-ascent-0.7.1-gqws26msese622shqeqmzbvo2nqbpxbb/spack-src/src/f\n            low/flow_graph.cpp\n     296    /tmp/koparasy/spack-stage/spack-stage-ascent-0.7.1-gqws26msese622sh\n            qeqmzbvo2nqbpxbb/spack-src/src/flow/flow_graph.cpp: In member funct\n            ion 'std::string flow::Graph::to_yaml() const':\n  >> 297    /tmp/koparasy/spack-stage/spack-stage-ascent-0.7.1-gqws26msese622sh\nqeqmzbvo2nqbpxbb/spack-src/src/flow/flow_graph.cpp:604:9: error: 'c\n            lass conduit::Node' has no member named 'to_yaml_stream'; did you m\n            ean 'to_json_stream'?\n     298         out.to_yaml_stream(oss);\n     299             ^~~~~~~~~~~~~~\n     300             to_json_stream\n  >> 301    make[2]: *** [flow/CMakeFiles/ascent_flow.dir/flow_graph.cpp.o] Err",
    "299             ^~~~~~~~~~~~~~\n     300             to_json_stream\n  >> 301    make[2]: *** [flow/CMakeFiles/ascent_flow.dir/flow_graph.cpp.o] Err\n            or 1\n     302    make[2]: Leaving directory `/tmp/koparasy/spack-stage/spack-stage-a\n            scent-0.7.1-gqws26msese622shqeqmzbvo2nqbpxbb/spack-build-gqws26m'\n>> 303    make[1]: *** [flow/CMakeFiles/ascent_flow.dir/all] Error 2\n     304    make[1]: *** Waiting for unfinished jobs....\n     305    [  5%] Building CXX object rover/CMakeFiles/rover_mpi.dir/rover.cpp\n            .o\n     306    cd /tmp/koparasy/spack-stage/spack-stage-ascent-0.7.1-gqws26msese62\n            2shqeqmzbvo2nqbpxbb/spack-build-gqws26m/rover && /usr/tce/packages/\n            gcc/gcc-8.3.1/bin/g++ -DROVER_EXPORTS_FLAG -DVTKMDIY_MPI_AS_LIB -DV",
    "ibmpi_mpifh.so /p/vast1/koparasy/BUILD/spack_cluster_installer/quar\n            tz/ascent/spack_env_dir/linux-rhel7-broadwell/gcc-8.3.1/openmpi-4.1\n            .2-g2lj2wqwnnddccx2xla7rbusoyva53ec/lib/libmpi.so\n     360    /usr/tce/packages//gcc/gcc-usr8.3.1//tcerh//packagesusr//gccbin//gc\n            c.-./8.3.1libexec//rhgcc//usrx86_64/-binredhat/-.linux.//8libexec//\n            ldgcc:/ x86_64cannot- redhatfind- linux-/lhdf58-/sharedld\n>> 361    : cannot find -lhdf5-shared\n  >> 362    collect2: error: ld returned 1 exit status\n  >> 363    collect2: error: ld returned 1 exit status\n  >> 364    make[2]: make[2]: *** [lib/librover.so] Error 1*** [lib/librover_mp\n            i.so] Error 1\n     365\n     366    make[2]: Leaving directory `/tmp/koparasy/spack-stage/spack-stage-a",
    "tz/ascent/spack_env_dir/linux-rhel7-broadwell/gcc-8.3.1/openmpi-4.1\n            .2-g2lj2wqwnnddccx2xla7rbusoyva53ec/lib/libmpi.so\n     360    /usr/tce/packages//gcc/gcc-usr8.3.1//tcerh//packagesusr//gccbin//gc\n            c.-./8.3.1libexec//rhgcc//usrx86_64/-binredhat/-.linux.//8libexec//\n            ldgcc:/ x86_64cannot- redhatfind- linux-/lhdf58-/sharedld\n  >> 361    : cannot find -lhdf5-shared\n>> 362    collect2: error: ld returned 1 exit status\n  >> 363    collect2: error: ld returned 1 exit status\n  >> 364    make[2]: make[2]: *** [lib/librover.so] Error 1*** [lib/librover_mp\n            i.so] Error 1\n     365\n     366    make[2]: Leaving directory `/tmp/koparasy/spack-stage/spack-stage-a\n            scent-0.7.1-gqws26msese622shqeqmzbvo2nqbpxbb/spack-build-gqws26m'",
    ".2-g2lj2wqwnnddccx2xla7rbusoyva53ec/lib/libmpi.so\n     360    /usr/tce/packages//gcc/gcc-usr8.3.1//tcerh//packagesusr//gccbin//gc\n            c.-./8.3.1libexec//rhgcc//usrx86_64/-binredhat/-.linux.//8libexec//\n            ldgcc:/ x86_64cannot- redhatfind- linux-/lhdf58-/sharedld\n  >> 361    : cannot find -lhdf5-shared\n  >> 362    collect2: error: ld returned 1 exit status\n>> 363    collect2: error: ld returned 1 exit status\n  >> 364    make[2]: make[2]: *** [lib/librover.so] Error 1*** [lib/librover_mp\n            i.so] Error 1\n     365\n     366    make[2]: Leaving directory `/tmp/koparasy/spack-stage/spack-stage-a\n            scent-0.7.1-gqws26msese622shqeqmzbvo2nqbpxbb/spack-build-gqws26m'\n     367    make[2]: Leaving directory `/tmp/koparasy/spack-stage/spack-stage-a",
    "360    /usr/tce/packages//gcc/gcc-usr8.3.1//tcerh//packagesusr//gccbin//gc\n            c.-./8.3.1libexec//rhgcc//usrx86_64/-binredhat/-.linux.//8libexec//\n            ldgcc:/ x86_64cannot- redhatfind- linux-/lhdf58-/sharedld\n  >> 361    : cannot find -lhdf5-shared\n  >> 362    collect2: error: ld returned 1 exit status\n  >> 363    collect2: error: ld returned 1 exit status\n>> 364    make[2]: make[2]: *** [lib/librover.so] Error 1*** [lib/librover_mp\n            i.so] Error 1\n     365\n     366    make[2]: Leaving directory `/tmp/koparasy/spack-stage/spack-stage-a\n            scent-0.7.1-gqws26msese622shqeqmzbvo2nqbpxbb/spack-build-gqws26m'\n     367    make[2]: Leaving directory `/tmp/koparasy/spack-stage/spack-stage-a\n            scent-0.7.1-gqws26msese622shqeqmzbvo2nqbpxbb/spack-build-gqws26m'",
    "i.so] Error 1\n     365\n     366    make[2]: Leaving directory `/tmp/koparasy/spack-stage/spack-stage-a\n            scent-0.7.1-gqws26msese622shqeqmzbvo2nqbpxbb/spack-build-gqws26m'\n     367    make[2]: Leaving directory `/tmp/koparasy/spack-stage/spack-stage-a\n            scent-0.7.1-gqws26msese622shqeqmzbvo2nqbpxbb/spack-build-gqws26m'\n>> 368    make[1]: *** [rover/CMakeFiles/rover.dir/all] Error 2\n  >> 369    make[1]: *** [rover/CMakeFiles/rover_mpi.dir/all] Error 2\n     370    make[1]: Leaving directory `/tmp/koparasy/spack-stage/spack-stage-a\n            scent-0.7.1-gqws26msese622shqeqmzbvo2nqbpxbb/spack-build-gqws26m'\n  >> 371    make: *** [all] Error 2\n\nSee build log for details:",
    "365\n     366    make[2]: Leaving directory `/tmp/koparasy/spack-stage/spack-stage-a\n            scent-0.7.1-gqws26msese622shqeqmzbvo2nqbpxbb/spack-build-gqws26m'\n     367    make[2]: Leaving directory `/tmp/koparasy/spack-stage/spack-stage-a\n            scent-0.7.1-gqws26msese622shqeqmzbvo2nqbpxbb/spack-build-gqws26m'\n  >> 368    make[1]: *** [rover/CMakeFiles/rover.dir/all] Error 2\n>> 369    make[1]: *** [rover/CMakeFiles/rover_mpi.dir/all] Error 2\n     370    make[1]: Leaving directory `/tmp/koparasy/spack-stage/spack-stage-a\n            scent-0.7.1-gqws26msese622shqeqmzbvo2nqbpxbb/spack-build-gqws26m'\n  >> 371    make: *** [all] Error 2\n\nSee build log for details:\n  /var/tmp/koparasy/spack-stage/spack-stage-ascent-0.7.1-gqws26msese622shqeqmzbvo2nqbpxbb/spack-build-out.txt",
    "367    make[2]: Leaving directory `/tmp/koparasy/spack-stage/spack-stage-a\n            scent-0.7.1-gqws26msese622shqeqmzbvo2nqbpxbb/spack-build-gqws26m'\n  >> 368    make[1]: *** [rover/CMakeFiles/rover.dir/all] Error 2\n  >> 369    make[1]: *** [rover/CMakeFiles/rover_mpi.dir/all] Error 2\n     370    make[1]: Leaving directory `/tmp/koparasy/spack-stage/spack-stage-a\n            scent-0.7.1-gqws26msese622shqeqmzbvo2nqbpxbb/spack-build-gqws26m'\n>> 371    make: *** [all] Error 2\n\nSee build log for details:\n  /var/tmp/koparasy/spack-stage/spack-stage-ascent-0.7.1-gqws26msese622shqeqmzbvo2nqbpxbb/spack-build-out.txt\n\nTraceback (most recent call last):\n  File \"/p/vast1/koparasy/BUILD/spack/lib/spack/spack/build_environment.py\", line 1035, in _setup_pkg_and_run"
]