[
    "acm_la-rdmacm_cm_ep.o\n     999     In file included from rdmacm_cm.h:14,\n     1000                     from rdmacm_listener.h:7,\n     1001                     from rdmacm_listener.c:11:\n  >> 1002    /tmp/koparasy/spack-stage/spack-stage-ucx-1.11.2-tuztmafydzl47lk2b\n             4ceflyysahhy73q/spack-src/src/uct/ib/mlx5/ib_mlx5.h:38:12: fatal e\nrror: infiniband/mlx5_hw.h: No such file or directory\n     1003       38 | #  include <infiniband/mlx5_hw.h>\n     1004          |            ^~~~~~~~~~~~~~~~~~~~~~\n     1005    compilation terminated.\n  >> 1006    make[4]: *** [libuct_rdmacm_la-rdmacm_listener.lo] Error 1\n     1007    make[4]: *** Waiting for unfinished jobs....\n     1008    In file included from rdmacm_cm.h:14,",
    ">> 1002    /tmp/koparasy/spack-stage/spack-stage-ucx-1.11.2-tuztmafydzl47lk2b\n             4ceflyysahhy73q/spack-src/src/uct/ib/mlx5/ib_mlx5.h:38:12: fatal e\n             rror: infiniband/mlx5_hw.h: No such file or directory\n     1003       38 | #  include <infiniband/mlx5_hw.h>\n     1004          |            ^~~~~~~~~~~~~~~~~~~~~~\n     1005    compilation terminated.\n>> 1006    make[4]: *** [libuct_rdmacm_la-rdmacm_listener.lo] Error 1\n     1007    make[4]: *** Waiting for unfinished jobs....\n     1008    In file included from rdmacm_cm.h:14,\n     1009                     from rdmacm_listener.h:7,\n     1010                     from rdmacm_cm_ep.h:7,\n     1011                     from rdmacm_cm.c:11:\n  >> 1012    /tmp/koparasy/spack-stage/spack-stage-ucx-1.11.2-tuztmafydzl47lk2b",
    "1008    In file included from rdmacm_cm.h:14,\n     1009                     from rdmacm_listener.h:7,\n     1010                     from rdmacm_cm_ep.h:7,\n     1011                     from rdmacm_cm.c:11:\n  >> 1012    /tmp/koparasy/spack-stage/spack-stage-ucx-1.11.2-tuztmafydzl47lk2b\n             4ceflyysahhy73q/spack-src/src/uct/ib/mlx5/ib_mlx5.h:38:12: fatal e\nrror: infiniband/mlx5_hw.h: No such file or directory\n     1013       38 | #  include <infiniband/mlx5_hw.h>\n     1014          |            ^~~~~~~~~~~~~~~~~~~~~~\n     1015    compilation terminated.\n  >> 1016    make[4]: *** [libuct_rdmacm_la-rdmacm_cm.lo] Error 1\n     1017    In file included from rdmacm_cm.h:14,\n     1018                     from rdmacm_component.c:11:",
    ">> 1012    /tmp/koparasy/spack-stage/spack-stage-ucx-1.11.2-tuztmafydzl47lk2b\n             4ceflyysahhy73q/spack-src/src/uct/ib/mlx5/ib_mlx5.h:38:12: fatal e\n             rror: infiniband/mlx5_hw.h: No such file or directory\n     1013       38 | #  include <infiniband/mlx5_hw.h>\n     1014          |            ^~~~~~~~~~~~~~~~~~~~~~\n     1015    compilation terminated.\n>> 1016    make[4]: *** [libuct_rdmacm_la-rdmacm_cm.lo] Error 1\n     1017    In file included from rdmacm_cm.h:14,\n     1018                     from rdmacm_component.c:11:\n  >> 1019    /tmp/koparasy/spack-stage/spack-stage-ucx-1.11.2-tuztmafydzl47lk2b\n             4ceflyysahhy73q/spack-src/src/uct/ib/mlx5/ib_mlx5.h:38:12: fatal e\n             rror: infiniband/mlx5_hw.h: No such file or directory\n     1020       38 | #  include <infiniband/mlx5_hw.h>",
    "1015    compilation terminated.\n  >> 1016    make[4]: *** [libuct_rdmacm_la-rdmacm_cm.lo] Error 1\n     1017    In file included from rdmacm_cm.h:14,\n     1018                     from rdmacm_component.c:11:\n  >> 1019    /tmp/koparasy/spack-stage/spack-stage-ucx-1.11.2-tuztmafydzl47lk2b\n             4ceflyysahhy73q/spack-src/src/uct/ib/mlx5/ib_mlx5.h:38:12: fatal e\nrror: infiniband/mlx5_hw.h: No such file or directory\n     1020       38 | #  include <infiniband/mlx5_hw.h>\n     1021          |            ^~~~~~~~~~~~~~~~~~~~~~\n     1022    In file included from rdmacm_cm.h:14,\n     1023                     from rdmacm_listener.h:7,\n     1024                     from rdmacm_cm_ep.h:7,\n     1025                     from rdmacm_cm_ep.c:11:",
    "1022    In file included from rdmacm_cm.h:14,\n     1023                     from rdmacm_listener.h:7,\n     1024                     from rdmacm_cm_ep.h:7,\n     1025                     from rdmacm_cm_ep.c:11:\n  >> 1026    /tmp/koparasy/spack-stage/spack-stage-ucx-1.11.2-tuztmafydzl47lk2b\n             4ceflyysahhy73q/spack-src/src/uct/ib/mlx5/ib_mlx5.h:38:12: fatal e\nrror: infiniband/mlx5_hw.h: No such file or directory\n     1027       38 | #  include <infiniband/mlx5_hw.h>\n     1028          |            ^~~~~~~~~~~~~~~~~~~~~~\n     1029    compilation terminated.\n     1030    compilation terminated.\n  >> 1031    make[4]: *** [libuct_rdmacm_la-rdmacm_component.lo] Error 1\n  >> 1032    make[4]: *** [libuct_rdmacm_la-rdmacm_cm_ep.lo] Error 1",
    "4ceflyysahhy73q/spack-src/src/uct/ib/mlx5/ib_mlx5.h:38:12: fatal e\n             rror: infiniband/mlx5_hw.h: No such file or directory\n     1027       38 | #  include <infiniband/mlx5_hw.h>\n     1028          |            ^~~~~~~~~~~~~~~~~~~~~~\n     1029    compilation terminated.\n     1030    compilation terminated.\n>> 1031    make[4]: *** [libuct_rdmacm_la-rdmacm_component.lo] Error 1\n  >> 1032    make[4]: *** [libuct_rdmacm_la-rdmacm_cm_ep.lo] Error 1\n     1033    make[4]: Leaving directory `/tmp/koparasy/spack-stage/spack-stage-\n             ucx-1.11.2-tuztmafydzl47lk2b4ceflyysahhy73q/spack-src/src/uct/ib/r\n             dmacm'\n  >> 1034    make[3]: *** [all-recursive] Error 1\n     1035    make[3]: Leaving directory `/tmp/koparasy/spack-stage/spack-stage-",
    "rror: infiniband/mlx5_hw.h: No such file or directory\n     1027       38 | #  include <infiniband/mlx5_hw.h>\n     1028          |            ^~~~~~~~~~~~~~~~~~~~~~\n     1029    compilation terminated.\n     1030    compilation terminated.\n  >> 1031    make[4]: *** [libuct_rdmacm_la-rdmacm_component.lo] Error 1\n>> 1032    make[4]: *** [libuct_rdmacm_la-rdmacm_cm_ep.lo] Error 1\n     1033    make[4]: Leaving directory `/tmp/koparasy/spack-stage/spack-stage-\n             ucx-1.11.2-tuztmafydzl47lk2b4ceflyysahhy73q/spack-src/src/uct/ib/r\n             dmacm'\n  >> 1034    make[3]: *** [all-recursive] Error 1\n     1035    make[3]: Leaving directory `/tmp/koparasy/spack-stage/spack-stage-\n             ucx-1.11.2-tuztmafydzl47lk2b4ceflyysahhy73q/spack-src/src/uct/ib'",
    "1030    compilation terminated.\n  >> 1031    make[4]: *** [libuct_rdmacm_la-rdmacm_component.lo] Error 1\n  >> 1032    make[4]: *** [libuct_rdmacm_la-rdmacm_cm_ep.lo] Error 1\n     1033    make[4]: Leaving directory `/tmp/koparasy/spack-stage/spack-stage-\n             ucx-1.11.2-tuztmafydzl47lk2b4ceflyysahhy73q/spack-src/src/uct/ib/r\n             dmacm'\n>> 1034    make[3]: *** [all-recursive] Error 1\n     1035    make[3]: Leaving directory `/tmp/koparasy/spack-stage/spack-stage-\n             ucx-1.11.2-tuztmafydzl47lk2b4ceflyysahhy73q/spack-src/src/uct/ib'\n  >> 1036    make[2]: *** [all-recursive] Error 1\n     1037    make[2]: Leaving directory `/tmp/koparasy/spack-stage/spack-stage-\n             ucx-1.11.2-tuztmafydzl47lk2b4ceflyysahhy73q/spack-src/src/uct'\n  >> 1038    make[1]: *** [all-recursive] Error 1",
    "1033    make[4]: Leaving directory `/tmp/koparasy/spack-stage/spack-stage-\n             ucx-1.11.2-tuztmafydzl47lk2b4ceflyysahhy73q/spack-src/src/uct/ib/r\n             dmacm'\n  >> 1034    make[3]: *** [all-recursive] Error 1\n     1035    make[3]: Leaving directory `/tmp/koparasy/spack-stage/spack-stage-\n             ucx-1.11.2-tuztmafydzl47lk2b4ceflyysahhy73q/spack-src/src/uct/ib'\n>> 1036    make[2]: *** [all-recursive] Error 1\n     1037    make[2]: Leaving directory `/tmp/koparasy/spack-stage/spack-stage-\n             ucx-1.11.2-tuztmafydzl47lk2b4ceflyysahhy73q/spack-src/src/uct'\n  >> 1038    make[1]: *** [all-recursive] Error 1\n     1039    make[1]: Leaving directory `/tmp/koparasy/spack-stage/spack-stage-\n             ucx-1.11.2-tuztmafydzl47lk2b4ceflyysahhy73q/spack-src'\n  >> 1040    make: *** [all] Error 2",
    ">> 1034    make[3]: *** [all-recursive] Error 1\n     1035    make[3]: Leaving directory `/tmp/koparasy/spack-stage/spack-stage-\n             ucx-1.11.2-tuztmafydzl47lk2b4ceflyysahhy73q/spack-src/src/uct/ib'\n  >> 1036    make[2]: *** [all-recursive] Error 1\n     1037    make[2]: Leaving directory `/tmp/koparasy/spack-stage/spack-stage-\n             ucx-1.11.2-tuztmafydzl47lk2b4ceflyysahhy73q/spack-src/src/uct'\n>> 1038    make[1]: *** [all-recursive] Error 1\n     1039    make[1]: Leaving directory `/tmp/koparasy/spack-stage/spack-stage-\n             ucx-1.11.2-tuztmafydzl47lk2b4ceflyysahhy73q/spack-src'\n  >> 1040    make: *** [all] Error 2\n\nSee build log for details:\n  /var/tmp/koparasy/spack-stage/spack-stage-ucx-1.11.2-tuztmafydzl47lk2b4ceflyysahhy73q/spack-build-out.txt",
    ">> 1036    make[2]: *** [all-recursive] Error 1\n     1037    make[2]: Leaving directory `/tmp/koparasy/spack-stage/spack-stage-\n             ucx-1.11.2-tuztmafydzl47lk2b4ceflyysahhy73q/spack-src/src/uct'\n  >> 1038    make[1]: *** [all-recursive] Error 1\n     1039    make[1]: Leaving directory `/tmp/koparasy/spack-stage/spack-stage-\n             ucx-1.11.2-tuztmafydzl47lk2b4ceflyysahhy73q/spack-src'\n>> 1040    make: *** [all] Error 2\n\nSee build log for details:\n  /var/tmp/koparasy/spack-stage/spack-stage-ucx-1.11.2-tuztmafydzl47lk2b4ceflyysahhy73q/spack-build-out.txt\n\nTraceback (most recent call last):\n  File \"/p/vast1/koparasy/BUILD/head/spack/lib/spack/spack/build_environment.py\", line 1035, in _setup_pkg_and_run"
]