[
    "101          |         ^~~~~~~~~~~~\n     102    In file included from /tmp/koparasy/spack-stage/spack-stage-varioru\n            m-0.2.0-owmypmksbqntpyw3tzjmgiz5uh4zcvn6/spack-src/src/variorum/Nvi\n            dia/Volta.c:12:\n  >> 103    /tmp/koparasy/spack-stage/spack-stage-variorum-0.2.0-owmypmksbqntpy\n            w3tzjmgiz5uh4zcvn6/spack-src/src/variorum/Nvidia/power_features.h:1\n2:10: fatal error: nvml.h: No such file or directory\n     104       12 | #include <nvml.h>\n     105          |          ^~~~~~~~\n     106    compilation terminated.\n     107    /tmp/koparasy/spack-stage/spack-stage-variorum-0.2.0-owmypmksbqntpy\n            w3tzjmgiz5uh4zcvn6/spack-src/src/variorum/IBM/ibm_sensors.c:163:13:\n             warning: implicit declaration of function 'strcmp' [-Wimplicit-fun",
    "h4zcvn6/spack-src/src/variorum/Intel/variorum_cpuid.c\n     140    make[2]: Leaving directory `/tmp/koparasy/spack-stage/spack-stage-v\n            ariorum-0.2.0-owmypmksbqntpyw3tzjmgiz5uh4zcvn6/spack-build-owmypmk'\n     141    [ 18%] Built target variorum_intel\n     142    make[1]: Leaving directory `/tmp/koparasy/spack-stage/spack-stage-v\n            ariorum-0.2.0-owmypmksbqntpyw3tzjmgiz5uh4zcvn6/spack-build-owmypmk'\n>> 143    make: *** [all] Error 2\n\nSee build log for details:\n  /var/tmp/koparasy/spack-stage/spack-stage-variorum-0.2.0-owmypmksbqntpyw3tzjmgiz5uh4zcvn6/spack-build-out.txt\n\nTraceback (most recent call last):\n  File \"/p/vast1/koparasy/BUILD/head/spack/lib/spack/spack/build_environment.py\", line 1035, in _setup_pkg_and_run"
]