[
    "ol, int) [with int NDIMS = 3; ExecSpace = axom::SEQ_EXEC]'\n     466     /tmp/koparasy/spack-stage/spack-stage-axom-develop-5yq7tu4nlq5nt5k\n             sxz6x5tv7juastqa4/spack-src/src/axom/quest/interface/signed_distan\n             ce.cpp:199:47:   required from here\n  >> 467     /p/vast1/koparasy/BUILD/spack_cluster_installer/quartz/axom/spack_\n             env_dir/linux-rhel7-broadwell/gcc-8.3.1/raja-0.14.0-bgylymmft5sxp4\npmtu5hx6n6xrhlapdy/include/RAJA/pattern/sort.hpp:297:23: error: no\n              matching function for call to 'camp::resources::v1::EventProxy<ca\n             mp::resources::v1::Host>::EventProxy(camp::resources::v1::Host&)'\n     468          return resources::EventProxy<Res>(r);\n     469                            ^~~~~~~~~~~~~~~~~~\n     470     In file included from /p/vast1/koparasy/BUILD/spack_cluster_instal\n             ler/quartz/axom/spack_env_dir/linux-rhel7-broadwell/gcc-8.3.1/raja",
    "ol, int) [with int NDIMS = 3; ExecSpace = axom::OMP_EXEC]'\n     567     /tmp/koparasy/spack-stage/spack-stage-axom-develop-5yq7tu4nlq5nt5k\n             sxz6x5tv7juastqa4/spack-src/src/axom/quest/interface/signed_distan\n             ce.cpp:210:54:   required from here\n  >> 568     /p/vast1/koparasy/BUILD/spack_cluster_installer/quartz/axom/spack_\n             env_dir/linux-rhel7-broadwell/gcc-8.3.1/raja-0.14.0-bgylymmft5sxp4\npmtu5hx6n6xrhlapdy/include/RAJA/pattern/sort.hpp:297:23: error: no\n              matching function for call to 'camp::resources::v1::EventProxy<ca\n             mp::resources::v1::Host>::EventProxy(camp::resources::v1::Host&)'\n     569          return resources::EventProxy<Res>(r);\n     570                            ^~~~~~~~~~~~~~~~~~\n     571     In file included from /p/vast1/koparasy/BUILD/spack_cluster_instal\n             ler/quartz/axom/spack_env_dir/linux-rhel7-broadwell/gcc-8.3.1/raja",
    "ol, int) [with int NDIMS = 3; ExecSpace = axom::SEQ_EXEC]'\n     672     /tmp/koparasy/spack-stage/spack-stage-axom-develop-5yq7tu4nlq5nt5k\n             sxz6x5tv7juastqa4/spack-src/src/axom/quest/interface/signed_distan\n             ce.cpp:199:47:   required from here\n  >> 673     /p/vast1/koparasy/BUILD/spack_cluster_installer/quartz/axom/spack_\n             env_dir/linux-rhel7-broadwell/gcc-8.3.1/raja-0.14.0-bgylymmft5sxp4\npmtu5hx6n6xrhlapdy/include/RAJA/policy/loop/sort.hpp:154:21: error\n             : no matching function for call to 'camp::resources::v1::EventProx\n             y<camp::resources::v1::Host>::EventProxy(camp::resources::v1::Host\n             &)'\n     674        return resources::EventProxy<resources::Host>(host_res);\n     675                          ^~~~~~~~~~~~~~~~~~~~~~~~~~~~~~~~~~~~~\n     676     In file included from /p/vast1/koparasy/BUILD/spack_cluster_instal",
    "2219    /tmp/koparasy/spack-stage/spack-stage-axom-develop-5yq7tu4nlq5nt5k\n             sxz6x5tv7juastqa4/spack-src/src/axom/sidre/core/DataStore.cpp: In\n             member function 'bool axom::sidre::DataStore::generateBlueprintInd\n             ex(MPI_Comm, const string&, const string&, const string&)':\n  >> 2220    /tmp/koparasy/spack-stage/spack-stage-axom-develop-5yq7tu4nlq5nt5k\n             sxz6x5tv7juastqa4/spack-src/src/axom/sidre/core/DataStore.cpp:669:\n36: error: 'generate_domain_to_rank_map' is not a member of 'condu\n             it::blueprint::mpi::mesh'\n     2221         conduit::blueprint::mpi::mesh::generate_domain_to_rank_map(me\n             sh_node,\n     2222                                        ^~~~~~~~~~~~~~~~~~~~~~~~~~~\n  >> 2223    make[2]: *** [axom/sidre/CMakeFiles/sidre.dir/core/DataStore.cpp.o\n             ] Error 1",
    "sh_node,\n     2222                                        ^~~~~~~~~~~~~~~~~~~~~~~~~~~\n  >> 2223    make[2]: *** [axom/sidre/CMakeFiles/sidre.dir/core/DataStore.cpp.o\n             ] Error 1\n     2224    make[2]: Leaving directory `/tmp/koparasy/spack-stage/spack-stage-\n             axom-develop-5yq7tu4nlq5nt5ksxz6x5tv7juastqa4/spack-build-5yq7tu4'\n>> 2225    make[1]: *** [axom/sidre/CMakeFiles/sidre.dir/all] Error 2\n     2226    make[1]: *** Waiting for unfinished jobs....\n     2227    [ 16%] Building CXX object axom/mint/CMakeFiles/mint.dir/mesh/blue\n             print.cpp.o\n     2228    cd /tmp/koparasy/spack-stage/spack-stage-axom-develop-5yq7tu4nlq5n\n             t5ksxz6x5tv7juastqa4/spack-build-5yq7tu4/axom/mint && /p/vast1/kop\n             arasy/BUILD/spack/lib/spack/env/gcc/g++ -DAXOM_DEBUG -I/tmp/kopara",
    "nt.dir/utils/su2_utils.cpp.o -MF CMakeFiles/mint.dir/utils/su2_uti\n             ls.cpp.o.d -o CMakeFiles/mint.dir/utils/su2_utils.cpp.o -c /tmp/ko\n             parasy/spack-stage/spack-stage-axom-develop-5yq7tu4nlq5nt5ksxz6x5t\n             v7juastqa4/spack-src/src/axom/mint/utils/su2_utils.cpp\n     2249    make[2]: Leaving directory `/tmp/koparasy/spack-stage/spack-stage-\n             axom-develop-5yq7tu4nlq5nt5ksxz6x5tv7juastqa4/spack-build-5yq7tu4'\n>> 2250    make[1]: *** [axom/quest/CMakeFiles/quest.dir/all] Error 2\n     2251    make[2]: Leaving directory `/tmp/koparasy/spack-stage/spack-stage-\n             axom-develop-5yq7tu4nlq5nt5ksxz6x5tv7juastqa4/spack-build-5yq7tu4'\n     2252    [ 20%] Built target mint\n     2253    make[1]: Leaving directory `/tmp/koparasy/spack-stage/spack-stage-\n             axom-develop-5yq7tu4nlq5nt5ksxz6x5tv7juastqa4/spack-build-5yq7tu4'\n  >> 2254    make: *** [all] Error 2",
    ">> 2250    make[1]: *** [axom/quest/CMakeFiles/quest.dir/all] Error 2\n     2251    make[2]: Leaving directory `/tmp/koparasy/spack-stage/spack-stage-\n             axom-develop-5yq7tu4nlq5nt5ksxz6x5tv7juastqa4/spack-build-5yq7tu4'\n     2252    [ 20%] Built target mint\n     2253    make[1]: Leaving directory `/tmp/koparasy/spack-stage/spack-stage-\n             axom-develop-5yq7tu4nlq5nt5ksxz6x5tv7juastqa4/spack-build-5yq7tu4'\n>> 2254    make: *** [all] Error 2\n\nSee build log for details:\n  /var/tmp/koparasy/spack-stage/spack-stage-axom-develop-5yq7tu4nlq5nt5ksxz6x5tv7juastqa4/spack-build-out.txt\n\nTraceback (most recent call last):\n  File \"/p/vast1/koparasy/BUILD/spack/lib/spack/spack/build_environment.py\", line 1035, in _setup_pkg_and_run"
]