[
    "y6xx6vp6nctotfh/spack-src/include/tdep-x86_64 -I. -g -O2 -D_GNU_SOU\n            RCE -DNDEBUG -MT x86_64/getcontext.lo -MD -MP -MF x86_64/.deps/getc\n            ontext.Tpo -c x86_64/getcontext.S -o x86_64/getcontext.o >/dev/null\n             2>&1\n     447    In file included from x86_64/Ltrace.c:4:0:\n     448    x86_64/Gtrace.c: In function 'trace_init_addr':\n>> 449    x86_64/Gtrace.c:238:3: error: 'for' loop initial declarations are o\n            nly allowed in C99 or C11 mode\n     450       for(int i = 0; i < DWARF_NUM_PRESERVED_REGS; i++) {\n     451       ^\n     452    x86_64/Gtrace.c:238:3: note: use option -std=c99, -std=gnu99, -std=\n            c11 or -std=gnu11 to compile your code\n  >> 453    make[2]: *** [x86_64/Ltrace.lo] Error 1",
    ">> 449    x86_64/Gtrace.c:238:3: error: 'for' loop initial declarations are o\n            nly allowed in C99 or C11 mode\n     450       for(int i = 0; i < DWARF_NUM_PRESERVED_REGS; i++) {\n     451       ^\n     452    x86_64/Gtrace.c:238:3: note: use option -std=c99, -std=gnu99, -std=\n            c11 or -std=gnu11 to compile your code\n>> 453    make[2]: *** [x86_64/Ltrace.lo] Error 1\n     454    make[2]: *** Waiting for unfinished jobs....\n     455    libtool: compile:  /p/vast1/koparasy/BUILD/head/spack/lib/spack/env\n            /gcc/gcc -DHAVE_CONFIG_H -I. -I/var/tmp/koparasy/spack-stage/spack-\n            stage-libunwind-master-fuv5cklbrp7xsrpray6xx6vp6nctotfh/spack-src/s\n            rc -I../include -I/var/tmp/koparasy/spack-stage/spack-stage-libunwi\n            nd-master-fuv5cklbrp7xsrpray6xx6vp6nctotfh/spack-src/include -I/var",
    "srpray6xx6vp6nctotfh/spack-src/include/tdep-x86_64 -I. -D_GNU_SOURC\n            E -DNDEBUG -g -O2 -fexceptions -Wall -Wsign-compare -D__EXTENSIONS_\n            _ -MT elf64.lo -MD -MP -MF .deps/elf64.Tpo -c elf64.c -o elf64.o >/\n            dev/null 2>&1\n     456    make[2]: Leaving directory `/tmp/koparasy/spack-stage/spack-stage-l\n            ibunwind-master-fuv5cklbrp7xsrpray6xx6vp6nctotfh/spack-src/src'\n>> 457    make[1]: *** [all] Error 2\n     458    make[1]: Leaving directory `/tmp/koparasy/spack-stage/spack-stage-l\n            ibunwind-master-fuv5cklbrp7xsrpray6xx6vp6nctotfh/spack-src/src'\n  >> 459    make: *** [all-recursive] Error 1\n\nSee build log for details:\n  /var/tmp/koparasy/spack-stage/spack-stage-libunwind-master-fuv5cklbrp7xsrpray6xx6vp6nctotfh/spack-build-out.txt",
    "dev/null 2>&1\n     456    make[2]: Leaving directory `/tmp/koparasy/spack-stage/spack-stage-l\n            ibunwind-master-fuv5cklbrp7xsrpray6xx6vp6nctotfh/spack-src/src'\n  >> 457    make[1]: *** [all] Error 2\n     458    make[1]: Leaving directory `/tmp/koparasy/spack-stage/spack-stage-l\n            ibunwind-master-fuv5cklbrp7xsrpray6xx6vp6nctotfh/spack-src/src'\n>> 459    make: *** [all-recursive] Error 1\n\nSee build log for details:\n  /var/tmp/koparasy/spack-stage/spack-stage-libunwind-master-fuv5cklbrp7xsrpray6xx6vp6nctotfh/spack-build-out.txt\n\nTraceback (most recent call last):\n  File \"/p/vast1/koparasy/BUILD/head/spack/lib/spack/spack/build_environment.py\", line 1035, in _setup_pkg_and_run"
]