[
    "I/p/vast1/koparasy/BUILD/spack_cluster_installer/quartz/tau/spack_\n             env_dir/linux-rhel7-broadwell/intel-2021.5.0/libiconv-1.16-xhr7rgf\n             24t6appi3h3473uplvdbvjovb/include  -g -O2 -MT gettime.o -MD -MP -M\n             F $depbase.Tpo -c -o gettime.o gettime.c &&\\\n     2011    mv -f $depbase.Tpo $depbase.Po\n     2012    In file included from fprintftime.c(2):\n>> 2013    nstrftime.c(692): error: argument is incompatible with formal para\n             meter\n     2014                    if (INT_MULTIPLY_WRAPV (width, 10, &width)\n     2015                        ^\n     2016\n     2017    In file included from fprintftime.c(2):\n  >> 2018    nstrftime.c(692): error: argument is incompatible with formal para",
    ">> 2013    nstrftime.c(692): error: argument is incompatible with formal para\n             meter\n     2014                    if (INT_MULTIPLY_WRAPV (width, 10, &width)\n     2015                        ^\n     2016\n     2017    In file included from fprintftime.c(2):\n>> 2018    nstrftime.c(692): error: argument is incompatible with formal para\n             meter\n     2019                    if (INT_MULTIPLY_WRAPV (width, 10, &width)\n     2020                        ^\n     2021\n     2022    In file included from fprintftime.c(2):\n  >> 2023    nstrftime.c(693): error: argument is incompatible with formal para",
    ">> 2018    nstrftime.c(692): error: argument is incompatible with formal para\n             meter\n     2019                    if (INT_MULTIPLY_WRAPV (width, 10, &width)\n     2020                        ^\n     2021\n     2022    In file included from fprintftime.c(2):\n>> 2023    nstrftime.c(693): error: argument is incompatible with formal para\n             meter\n     2024                        || INT_ADD_WRAPV (width, *f - L_('0'), &width)\n             )\n     2025                           ^\n     2026\n     2027    compilation aborted for fprintftime.c (code 2)",
    "meter\n     2024                        || INT_ADD_WRAPV (width, *f - L_('0'), &width)\n             )\n     2025                           ^\n     2026\n     2027    compilation aborted for fprintftime.c (code 2)\n>> 2028    make[4]: *** [fprintftime.o] Error 2\n     2029    make[4]: *** Waiting for unfinished jobs....\n     2030    make[4]: Leaving directory `/tmp/koparasy/spack-stage/spack-stage-\n             tar-1.34-lqukf43yliyeyk3mrle42mfayvwou7fh/spack-src/gnu'\n  >> 2031    make[3]: *** [all-recursive] Error 1\n     2032    make[3]: Leaving directory `/tmp/koparasy/spack-stage/spack-stage-\n             tar-1.34-lqukf43yliyeyk3mrle42mfayvwou7fh/spack-src/gnu'",
    "2026\n     2027    compilation aborted for fprintftime.c (code 2)\n  >> 2028    make[4]: *** [fprintftime.o] Error 2\n     2029    make[4]: *** Waiting for unfinished jobs....\n     2030    make[4]: Leaving directory `/tmp/koparasy/spack-stage/spack-stage-\n             tar-1.34-lqukf43yliyeyk3mrle42mfayvwou7fh/spack-src/gnu'\n>> 2031    make[3]: *** [all-recursive] Error 1\n     2032    make[3]: Leaving directory `/tmp/koparasy/spack-stage/spack-stage-\n             tar-1.34-lqukf43yliyeyk3mrle42mfayvwou7fh/spack-src/gnu'\n  >> 2033    make[2]: *** [all] Error 2\n     2034    make[2]: Leaving directory `/tmp/koparasy/spack-stage/spack-stage-\n             tar-1.34-lqukf43yliyeyk3mrle42mfayvwou7fh/spack-src/gnu'\n  >> 2035    make[1]: *** [all-recursive] Error 1",
    "2029    make[4]: *** Waiting for unfinished jobs....\n     2030    make[4]: Leaving directory `/tmp/koparasy/spack-stage/spack-stage-\n             tar-1.34-lqukf43yliyeyk3mrle42mfayvwou7fh/spack-src/gnu'\n  >> 2031    make[3]: *** [all-recursive] Error 1\n     2032    make[3]: Leaving directory `/tmp/koparasy/spack-stage/spack-stage-\n             tar-1.34-lqukf43yliyeyk3mrle42mfayvwou7fh/spack-src/gnu'\n>> 2033    make[2]: *** [all] Error 2\n     2034    make[2]: Leaving directory `/tmp/koparasy/spack-stage/spack-stage-\n             tar-1.34-lqukf43yliyeyk3mrle42mfayvwou7fh/spack-src/gnu'\n  >> 2035    make[1]: *** [all-recursive] Error 1\n     2036    make[1]: Leaving directory `/tmp/koparasy/spack-stage/spack-stage-\n             tar-1.34-lqukf43yliyeyk3mrle42mfayvwou7fh/spack-src'\n  >> 2037    make: *** [all] Error 2",
    ">> 2031    make[3]: *** [all-recursive] Error 1\n     2032    make[3]: Leaving directory `/tmp/koparasy/spack-stage/spack-stage-\n             tar-1.34-lqukf43yliyeyk3mrle42mfayvwou7fh/spack-src/gnu'\n  >> 2033    make[2]: *** [all] Error 2\n     2034    make[2]: Leaving directory `/tmp/koparasy/spack-stage/spack-stage-\n             tar-1.34-lqukf43yliyeyk3mrle42mfayvwou7fh/spack-src/gnu'\n>> 2035    make[1]: *** [all-recursive] Error 1\n     2036    make[1]: Leaving directory `/tmp/koparasy/spack-stage/spack-stage-\n             tar-1.34-lqukf43yliyeyk3mrle42mfayvwou7fh/spack-src'\n  >> 2037    make: *** [all] Error 2\n\nSee build log for details:\n  /var/tmp/koparasy/spack-stage/spack-stage-tar-1.34-lqukf43yliyeyk3mrle42mfayvwou7fh/spack-build-out.txt",
    ">> 2033    make[2]: *** [all] Error 2\n     2034    make[2]: Leaving directory `/tmp/koparasy/spack-stage/spack-stage-\n             tar-1.34-lqukf43yliyeyk3mrle42mfayvwou7fh/spack-src/gnu'\n  >> 2035    make[1]: *** [all-recursive] Error 1\n     2036    make[1]: Leaving directory `/tmp/koparasy/spack-stage/spack-stage-\n             tar-1.34-lqukf43yliyeyk3mrle42mfayvwou7fh/spack-src'\n>> 2037    make: *** [all] Error 2\n\nSee build log for details:\n  /var/tmp/koparasy/spack-stage/spack-stage-tar-1.34-lqukf43yliyeyk3mrle42mfayvwou7fh/spack-build-out.txt\n\nTraceback (most recent call last):\n  File \"/p/vast1/koparasy/BUILD/head/spack/lib/spack/spack/build_environment.py\", line 1035, in _setup_pkg_and_run"
]