[
    "dhat-linux/9/ld/: /usrlib64//libpthread.so.0tce/:/ packageserror/us\n            r gcc/adding/tce gcc/symbols-packages:9.3.1/ /gccDSOrh/ /gccmissing\n            usr- /9.3.1frombin/ /rhcommand./ .usrline//\n  >> 133    libexecbin//gcc./.x86_64/-libexecredhat/-gcclinux//x86_649-/redhatl\n            d-:linux /.9.//ld.:. /.src.//libpapyruskv.a.(.Signal.cpp.o/)src:/ l\n            ibpapyruskv.aundefined( Signal.cpp.oreference) :to  undefinedsymbol\nreference' sem_postto@@collect2: error: ld returned 1 exit status\n     134     @symbolGLIBC_2.2.5 ''\n     135    sem_post/@usr@/GLIBC_2.2.5tce'/\n     136    packages//usrgcc//tcegcc/-packages9.3.1//gccrh//gccusr-/9.3.1bin//r\n            h./.usr//libexecbin//gcc./.x86_64/-libexecredhat/-gcclinux//x86_649\n            -/redhatld-:linux //9lib64//ldlibpthread.so.0::  /errorlib64 /addin\n            g libpthread.so.0symbols::  errorDSO  addingmissing  symbolsfrom:",
    "136    packages//usrgcc//tcegcc/-packages9.3.1//gccrh//gccusr-/9.3.1bin//r\n            h./.usr//libexecbin//gcc./.x86_64/-libexecredhat/-gcclinux//x86_649\n            -/redhatld-:linux //9lib64//ldlibpthread.so.0::  /errorlib64 /addin\n            g libpthread.so.0symbols::  errorDSO  addingmissing  symbolsfrom:\n            commandDSO  linemissing\n     137     from command line\n>> 138    collect2: error: ld returned 1 exit status\n  >> 139    collect2: error: ld returned 1 exit status\n  >> 140    make[2]: make[2]: make[2]: *** [kv/tests/03_barrier/kv.test03_barri\n            er] Error 1*** [kv/tests/01_open_close/kv.test01_open_close] Error\n            1\n     141    *** [kv/tests/02_put_get/kv.test02_put_get] Error 1\n     142",
    "h./.usr//libexecbin//gcc./.x86_64/-libexecredhat/-gcclinux//x86_649\n            -/redhatld-:linux //9lib64//ldlibpthread.so.0::  /errorlib64 /addin\n            g libpthread.so.0symbols::  errorDSO  addingmissing  symbolsfrom:\n            commandDSO  linemissing\n     137     from command line\n  >> 138    collect2: error: ld returned 1 exit status\n>> 139    collect2: error: ld returned 1 exit status\n  >> 140    make[2]: make[2]: make[2]: *** [kv/tests/03_barrier/kv.test03_barri\n            er] Error 1*** [kv/tests/01_open_close/kv.test01_open_close] Error\n            1\n     141    *** [kv/tests/02_put_get/kv.test02_put_get] Error 1\n     142\n     143    make[2]: Leaving directory `/tmp/koparasy/spack-stage/spack-stage-p",
    ">> 149    make[1]: *** [kv/tests/01_open_close/CMakeFiles/kv.test01_open_clos\n            e.dir/all] Error 2\n  >> 150    /usr/tce/packages/gcc/gcc-9.3.1/rh/usr/bin/../libexec/gcc/x86_64-re\n            dhat-linux/9/ld: ../../src/libpapyruskv.a(Signal.cpp.o): undefined\n            reference to symbol 'sem_post@@@@GLIBC_2.2.5'\n  >> 151    /usr/tce/packages/gcc/gcc-9.3.1/rh/usr/bin/../libexec/gcc/x86_64-re\ndhat-linux/9/ld: /lib64/libpthread.so.0: error adding symbols: DSO\n            missing from command line\n  >> 152    collect2: error: ld returned 1 exit status\n  >> 153    make[2]: *** [kv/tests/04_delete/kv.test04_delete] Error 1\n     154    make[2]: Leaving directory `/tmp/koparasy/spack-stage/spack-stage-p\n            apyrus-1.0.0-frfxnjxtetv4b5kcswki3s3iezbmsohx/spack-build-frfxnjx'\n  >> 155    make[1]: *** [kv/tests/04_delete/CMakeFiles/kv.test04_delete.dir/al",
    ">> 150    /usr/tce/packages/gcc/gcc-9.3.1/rh/usr/bin/../libexec/gcc/x86_64-re\n            dhat-linux/9/ld: ../../src/libpapyruskv.a(Signal.cpp.o): undefined\n            reference to symbol 'sem_post@@@@GLIBC_2.2.5'\n  >> 151    /usr/tce/packages/gcc/gcc-9.3.1/rh/usr/bin/../libexec/gcc/x86_64-re\n            dhat-linux/9/ld: /lib64/libpthread.so.0: error adding symbols: DSO\n            missing from command line\n>> 152    collect2: error: ld returned 1 exit status\n  >> 153    make[2]: *** [kv/tests/04_delete/kv.test04_delete] Error 1\n     154    make[2]: Leaving directory `/tmp/koparasy/spack-stage/spack-stage-p\n            apyrus-1.0.0-frfxnjxtetv4b5kcswki3s3iezbmsohx/spack-build-frfxnjx'\n  >> 155    make[1]: *** [kv/tests/04_delete/CMakeFiles/kv.test04_delete.dir/al\n            l] Error 2\n     156    make[1]: Leaving directory `/tmp/koparasy/spack-stage/spack-stage-p",
    "dhat-linux/9/ld: ../../src/libpapyruskv.a(Signal.cpp.o): undefined\n            reference to symbol 'sem_post@@@@GLIBC_2.2.5'\n  >> 151    /usr/tce/packages/gcc/gcc-9.3.1/rh/usr/bin/../libexec/gcc/x86_64-re\n            dhat-linux/9/ld: /lib64/libpthread.so.0: error adding symbols: DSO\n            missing from command line\n  >> 152    collect2: error: ld returned 1 exit status\n>> 153    make[2]: *** [kv/tests/04_delete/kv.test04_delete] Error 1\n     154    make[2]: Leaving directory `/tmp/koparasy/spack-stage/spack-stage-p\n            apyrus-1.0.0-frfxnjxtetv4b5kcswki3s3iezbmsohx/spack-build-frfxnjx'\n  >> 155    make[1]: *** [kv/tests/04_delete/CMakeFiles/kv.test04_delete.dir/al\n            l] Error 2\n     156    make[1]: Leaving directory `/tmp/koparasy/spack-stage/spack-stage-p\n            apyrus-1.0.0-frfxnjxtetv4b5kcswki3s3iezbmsohx/spack-build-frfxnjx'",
    "154    make[2]: Leaving directory `/tmp/koparasy/spack-stage/spack-stage-p\n            apyrus-1.0.0-frfxnjxtetv4b5kcswki3s3iezbmsohx/spack-build-frfxnjx'\n  >> 155    make[1]: *** [kv/tests/04_delete/CMakeFiles/kv.test04_delete.dir/al\n            l] Error 2\n     156    make[1]: Leaving directory `/tmp/koparasy/spack-stage/spack-stage-p\n            apyrus-1.0.0-frfxnjxtetv4b5kcswki3s3iezbmsohx/spack-build-frfxnjx'\n>> 157    make: *** [all] Error 2\n\nSee build log for details:\n  /var/tmp/koparasy/spack-stage/spack-stage-papyrus-1.0.0-frfxnjxtetv4b5kcswki3s3iezbmsohx/spack-build-out.txt\n\nTraceback (most recent call last):\n  File \"/p/vast1/koparasy/BUILD/head/spack/lib/spack/spack/build_environment.py\", line 1035, in _setup_pkg_and_run"
]