[
    "228     checking for C compiler flag --param max-inline-insns-single=35000\n             ... checking for C compiler flag --param max-inline-insns-single=3\n             5000... yes\n     229     checking for C compiler flag --param max-inline-insns=100000... ye\n             s\n  >> 230     checking for C compiler flag --param max-inline-insns=100000... no\n/error: cc1: error: invalid --param name 'max-inline-insns'; did y\n             ou mean 'max-combine-insns'?\n  >> 231     checking for C compiler flag --param inline-unit-growth=10000... n\n             o/error: cc1: error: invalid --param name 'max-inline-insns'; did\n             you mean 'max-combine-insns'?\n     232     checking for C compiler flag --param inline-unit-growth=10000... y\n             es",
    "229     checking for C compiler flag --param max-inline-insns=100000... ye\n             s\n  >> 230     checking for C compiler flag --param max-inline-insns=100000... no\n             /error: cc1: error: invalid --param name 'max-inline-insns'; did y\n             ou mean 'max-combine-insns'?\n  >> 231     checking for C compiler flag --param inline-unit-growth=10000... n\no/error: cc1: error: invalid --param name 'max-inline-insns'; did\n             you mean 'max-combine-insns'?\n     232     checking for C compiler flag --param inline-unit-growth=10000... y\n             es\n     233     checking for C compiler flag --param large-function-growth=200000.\n             .. yes\n     234     checking for C compiler flag --param large-function-growth=200000.",
    "el7-broadwell/gcc-9.3.1/upcxx-2020.11.0-enswvzm2ectcivi4ijpuwtbgbb\n             jnsbls/gasnet.opt/include/gasnetex.h\n     3014    /usr/bin/install: cannot create regular file '/p/vast1/koparasy/BU\n             ILD/spack_cluster_installer/quartz/upcxx/spack_env_dir/linux-rhel7\n             -broadwell/gcc-9.3.1/upcxx-2020.11.0-enswvzm2ectcivi4ijpuwtbgbbjns\n             bls/gasnet.opt/include/gasnetex.h': File exists\n>> 3015    make[5]: *** [install-data-local] Error 1\n     3016    make[5]: *** Waiting for unfinished jobs....\n     3017    Making install-data in .\n     3018    /bin/sh /tmp/koparasy/spack-stage/spack-stage-upcxx-2020.11.0-s2g2\n             kjja7xitatb3yexe2cp5w5ulqws4/spack-src/bld/GASNet-2020.11.0-memory\n             _kinds_prototype/config-aux/mkinstalldirs /p/vast1/koparasy/BUILD/\n             spack_cluster_installer/quartz/upcxx/spack_env_dir/linux-rhel7-bro",
    "upcxx-2020.11.0-s2g2kjja7xitatb3yexe2cp5w5ulqws4/spack-src/bld/GAS\n             Net-2020.11.0-memory_kinds_prototype/smp-conduit/gasnet_extended_f\n             wd.h /p/vast1/koparasy/BUILD/spack_cluster_installer/quartz/upcxx/\n             spack_env_dir/linux-rhel7-broadwell/gcc-9.3.1/upcxx-2020.11.0-ensw\n             vzm2ectcivi4ijpuwtbgbbjnsbls/gasnet.debug/include/smp-conduit/gasn\n             et_extended_fwd.h\n>> 3045    make[4]: *** [install-am] Error 2\n  >> 3046    make[3]: *** [install-recursive] Error 1\n  >> 3047    make[2]: *** [do-gasnet-install-opt] Error 2\n     3048    make[2]: *** Waiting for unfinished jobs....\n     3049     /usr/bin/mkdir -p '/p/vast1/koparasy/BUILD/spack_cluster_installe\n             r/quartz/upcxx/spack_env_dir/linux-rhel7-broadwell/gcc-9.3.1/upcxx\n             -2020.11.0-enswvzm2ectcivi4ijpuwtbgbbjnsbls/gasnet.debug/include'",
    "Net-2020.11.0-memory_kinds_prototype/smp-conduit/gasnet_extended_f\n             wd.h /p/vast1/koparasy/BUILD/spack_cluster_installer/quartz/upcxx/\n             spack_env_dir/linux-rhel7-broadwell/gcc-9.3.1/upcxx-2020.11.0-ensw\n             vzm2ectcivi4ijpuwtbgbbjnsbls/gasnet.debug/include/smp-conduit/gasn\n             et_extended_fwd.h\n  >> 3045    make[4]: *** [install-am] Error 2\n>> 3046    make[3]: *** [install-recursive] Error 1\n  >> 3047    make[2]: *** [do-gasnet-install-opt] Error 2\n     3048    make[2]: *** Waiting for unfinished jobs....\n     3049     /usr/bin/mkdir -p '/p/vast1/koparasy/BUILD/spack_cluster_installe\n             r/quartz/upcxx/spack_env_dir/linux-rhel7-broadwell/gcc-9.3.1/upcxx\n             -2020.11.0-enswvzm2ectcivi4ijpuwtbgbbjnsbls/gasnet.debug/include'\n     3050     /usr/bin/install -c -m 644 ../other/amudp/amx_portable_platform.h",
    "wd.h /p/vast1/koparasy/BUILD/spack_cluster_installer/quartz/upcxx/\n             spack_env_dir/linux-rhel7-broadwell/gcc-9.3.1/upcxx-2020.11.0-ensw\n             vzm2ectcivi4ijpuwtbgbbjnsbls/gasnet.debug/include/smp-conduit/gasn\n             et_extended_fwd.h\n  >> 3045    make[4]: *** [install-am] Error 2\n  >> 3046    make[3]: *** [install-recursive] Error 1\n>> 3047    make[2]: *** [do-gasnet-install-opt] Error 2\n     3048    make[2]: *** Waiting for unfinished jobs....\n     3049     /usr/bin/mkdir -p '/p/vast1/koparasy/BUILD/spack_cluster_installe\n             r/quartz/upcxx/spack_env_dir/linux-rhel7-broadwell/gcc-9.3.1/upcxx\n             -2020.11.0-enswvzm2ectcivi4ijpuwtbgbbjnsbls/gasnet.debug/include'\n     3050     /usr/bin/install -c -m 644 ../other/amudp/amx_portable_platform.h\n              /p/vast1/koparasy/BUILD/spack_cluster_installer/quartz/upcxx/spac",
    "cxx/spack_env_dir/linux-rhel7-broadwell/gcc-9.3.1/upcxx-2020.11.0-\n             enswvzm2ectcivi4ijpuwtbgbbjnsbls/gasnet.debug/lib/pkgconfig/gasnet\n             _tools-par.pc from /p/vast1/koparasy/BUILD/spack_cluster_installer\n             /quartz/upcxx/spack_env_dir/linux-rhel7-broadwell/gcc-9.3.1/upcxx-\n             2020.11.0-enswvzm2ectcivi4ijpuwtbgbbjnsbls/gasnet.debug/include/ga\n             snet_tools-par.mak...\n>> 3190    make[1]: *** [install] Error 2\n     3191\n     3192    ********\n     3193    UPC++ installation failed. Please report the ENTIRE log above to:\n             upcxx@googlegroups.com\n     3194    ********\n     3195",
    "3191\n     3192    ********\n     3193    UPC++ installation failed. Please report the ENTIRE log above to:\n             upcxx@googlegroups.com\n     3194    ********\n     3195\n>> 3196    make[1]: *** [failure] Error 1\n  >> 3197    make: *** [install] Error 2\n\nSee build log for details:\n  /var/tmp/koparasy/spack-stage/spack-stage-upcxx-2020.11.0-s2g2kjja7xitatb3yexe2cp5w5ulqws4/spack-build-out.txt\n\nTraceback (most recent call last):",
    "3192    ********\n     3193    UPC++ installation failed. Please report the ENTIRE log above to:\n             upcxx@googlegroups.com\n     3194    ********\n     3195\n  >> 3196    make[1]: *** [failure] Error 1\n>> 3197    make: *** [install] Error 2\n\nSee build log for details:\n  /var/tmp/koparasy/spack-stage/spack-stage-upcxx-2020.11.0-s2g2kjja7xitatb3yexe2cp5w5ulqws4/spack-build-out.txt\n\nTraceback (most recent call last):\n  File \"/p/vast1/koparasy/BUILD/head/spack/lib/spack/spack/build_environment.py\", line 1035, in _setup_pkg_and_run"
]