[
    "errorerror/.  ld/addingadding:libexec   /symbolssymbols/gcc::lib64/\n              /x86_64DSODSOlibpthread.so.0-  :redhatmissingmissing -  errorlinu\n            xfromfrom /  adding9commandcommand /  symbolsldlineline::\n     135\n     136      DSO/ lib64missing/ libpthread.so.0from:  commanderror  lineadding\n     137     symbols: DSO missing from command line\n>> 138    collect2: error: ld returned 1 exit status\n  >> 139    collect2: error: ld returned 1 exit status\n  >> 140    collect2: error: ld returned 1 exit status\n  >> 141    collect2: error: ld returned 1 exit status\n  >> 142    make[2]: *** [kv/tests/01_open_close/kv.test01_open_close] Error 1\n  >> 143    make[2]: *** [kv/tests/03_barrier/kv.test03_barrier] Error 1make[2]\n            :",
    "/x86_64DSODSOlibpthread.so.0-  :redhatmissingmissing -  errorlinu\n            xfromfrom /  adding9commandcommand /  symbolsldlineline::\n     135\n     136      DSO/ lib64missing/ libpthread.so.0from:  commanderror  lineadding\n     137     symbols: DSO missing from command line\n  >> 138    collect2: error: ld returned 1 exit status\n>> 139    collect2: error: ld returned 1 exit status\n  >> 140    collect2: error: ld returned 1 exit status\n  >> 141    collect2: error: ld returned 1 exit status\n  >> 142    make[2]: *** [kv/tests/01_open_close/kv.test01_open_close] Error 1\n  >> 143    make[2]: *** [kv/tests/03_barrier/kv.test03_barrier] Error 1make[2]\n            :\n     144    *** [kv/tests/04_delete/kv.test04_delete] Error 1",
    "xfromfrom /  adding9commandcommand /  symbolsldlineline::\n     135\n     136      DSO/ lib64missing/ libpthread.so.0from:  commanderror  lineadding\n     137     symbols: DSO missing from command line\n  >> 138    collect2: error: ld returned 1 exit status\n  >> 139    collect2: error: ld returned 1 exit status\n>> 140    collect2: error: ld returned 1 exit status\n  >> 141    collect2: error: ld returned 1 exit status\n  >> 142    make[2]: *** [kv/tests/01_open_close/kv.test01_open_close] Error 1\n  >> 143    make[2]: *** [kv/tests/03_barrier/kv.test03_barrier] Error 1make[2]\n            :\n     144    *** [kv/tests/04_delete/kv.test04_delete] Error 1\n     145    make[2]: Leaving directory `/tmp/koparasy/spack-stage/spack-stage-p",
    "135\n     136      DSO/ lib64missing/ libpthread.so.0from:  commanderror  lineadding\n     137     symbols: DSO missing from command line\n  >> 138    collect2: error: ld returned 1 exit status\n  >> 139    collect2: error: ld returned 1 exit status\n  >> 140    collect2: error: ld returned 1 exit status\n>> 141    collect2: error: ld returned 1 exit status\n  >> 142    make[2]: *** [kv/tests/01_open_close/kv.test01_open_close] Error 1\n  >> 143    make[2]: *** [kv/tests/03_barrier/kv.test03_barrier] Error 1make[2]\n            :\n     144    *** [kv/tests/04_delete/kv.test04_delete] Error 1\n     145    make[2]: Leaving directory `/tmp/koparasy/spack-stage/spack-stage-p\n            apyrus-1.0.0-u7mikmzzc2f7wpi77u3goc2rsw4e23sr/spack-build-u7mikmz'",
    "136      DSO/ lib64missing/ libpthread.so.0from:  commanderror  lineadding\n     137     symbols: DSO missing from command line\n  >> 138    collect2: error: ld returned 1 exit status\n  >> 139    collect2: error: ld returned 1 exit status\n  >> 140    collect2: error: ld returned 1 exit status\n  >> 141    collect2: error: ld returned 1 exit status\n>> 142    make[2]: *** [kv/tests/01_open_close/kv.test01_open_close] Error 1\n  >> 143    make[2]: *** [kv/tests/03_barrier/kv.test03_barrier] Error 1make[2]\n            :\n     144    *** [kv/tests/04_delete/kv.test04_delete] Error 1\n     145    make[2]: Leaving directory `/tmp/koparasy/spack-stage/spack-stage-p\n            apyrus-1.0.0-u7mikmzzc2f7wpi77u3goc2rsw4e23sr/spack-build-u7mikmz'\n     146    make[2]: Leaving directory `/tmp/koparasy/spack-stage/spack-stage-p",
    "137     symbols: DSO missing from command line\n  >> 138    collect2: error: ld returned 1 exit status\n  >> 139    collect2: error: ld returned 1 exit status\n  >> 140    collect2: error: ld returned 1 exit status\n  >> 141    collect2: error: ld returned 1 exit status\n  >> 142    make[2]: *** [kv/tests/01_open_close/kv.test01_open_close] Error 1\n>> 143    make[2]: *** [kv/tests/03_barrier/kv.test03_barrier] Error 1make[2]\n            :\n     144    *** [kv/tests/04_delete/kv.test04_delete] Error 1\n     145    make[2]: Leaving directory `/tmp/koparasy/spack-stage/spack-stage-p\n            apyrus-1.0.0-u7mikmzzc2f7wpi77u3goc2rsw4e23sr/spack-build-u7mikmz'\n     146    make[2]: Leaving directory `/tmp/koparasy/spack-stage/spack-stage-p\n            apyrus-1.0.0-u7mikmzzc2f7wpi77u3goc2rsw4e23sr/spack-build-u7mikmz'",
    "146    make[2]: Leaving directory `/tmp/koparasy/spack-stage/spack-stage-p\n            apyrus-1.0.0-u7mikmzzc2f7wpi77u3goc2rsw4e23sr/spack-build-u7mikmz'\n     147    make[2]: Leaving directory `/tmp/koparasy/spack-stage/spack-stage-p\n            apyrus-1.0.0-u7mikmzzc2f7wpi77u3goc2rsw4e23sr/spack-build-u7mikmz'\n  >> 148    make[1]: *** [kv/tests/01_open_close/CMakeFiles/kv.test01_open_clos\n            e.dir/all] Error 2\n>> 149    make[2]: *** [kv/tests/02_put_get/kv.test02_put_get] Error 1\n     150    make[1]: *** Waiting for unfinished jobs....\n  >> 151    make[1]: *** [kv/tests/03_barrier/CMakeFiles/kv.test03_barrier.dir/\n            all] Error 2\n  >> 152    make[1]: *** [kv/tests/04_delete/CMakeFiles/kv.test04_delete.dir/al\n            l] Error 2\n     153    make[2]: Leaving directory `/tmp/koparasy/spack-stage/spack-stage-p",
    "153    make[2]: Leaving directory `/tmp/koparasy/spack-stage/spack-stage-p\n            apyrus-1.0.0-u7mikmzzc2f7wpi77u3goc2rsw4e23sr/spack-build-u7mikmz'\n  >> 154    make[1]: *** [kv/tests/02_put_get/CMakeFiles/kv.test02_put_get.dir/\n            all] Error 2\n     155    make[1]: Leaving directory `/tmp/koparasy/spack-stage/spack-stage-p\n            apyrus-1.0.0-u7mikmzzc2f7wpi77u3goc2rsw4e23sr/spack-build-u7mikmz'\n>> 156    make: *** [all] Error 2\n\nSee build log for details:\n  /var/tmp/koparasy/spack-stage/spack-stage-papyrus-1.0.0-u7mikmzzc2f7wpi77u3goc2rsw4e23sr/spack-build-out.txt\n\nTraceback (most recent call last):\n  File \"/p/vast1/koparasy/BUILD/head/spack/lib/spack/spack/build_environment.py\", line 1035, in _setup_pkg_and_run"
]