[
    "antiation of 'Omega_h::promoted_t<T> Omega_h::get_sum(Omega_h::Read\n            <T>) [with T = signed char; Omega_h::promoted_t<T> = int]':\n     210    /var/tmp/koparasy/spack-stage/spack-stage-omega-h-9.22.2-izi6hncs4r\n            jjupwut42rpcltwkgimqsk/spack-src/src/Omega_h_array_ops.cpp:610:1:\n             required from here\n  >> 211    /var/tmp/koparasy/spack-stage/spack-stage-omega-h-9.22.2-izi6hncs4r\njjupwut42rpcltwkgimqsk/spack-src/src/Omega_h_macros.h:45:29: error:\n             base operand of '->' has non-pointer type 'Omega_h::get_sum(Omega_\n            h::Read<T>) [with T = signed char; Omega_h::promoted_t<T> = int]::<\n            lambda(signed char)>'\n     212       45 | #define OMEGA_H_LAMBDA(...) [=](__VA_ARGS__) __attribute__(\n            (always_inline, flatten))\n     213          |                             ^",
    "antiation of 'Omega_h::LO Omega_h::find_last(Omega_h::Read<T>, T) [\n            with T = signed char; Omega_h::LO = int]':\n     218    /var/tmp/koparasy/spack-stage/spack-stage-omega-h-9.22.2-izi6hncs4r\n            jjupwut42rpcltwkgimqsk/spack-src/src/Omega_h_array_ops.cpp:610:1:\n             required from here\n  >> 219    /var/tmp/koparasy/spack-stage/spack-stage-omega-h-9.22.2-izi6hncs4r\njjupwut42rpcltwkgimqsk/spack-src/src/Omega_h_macros.h:45:29: error:\n             base operand of '->' has non-pointer type 'Omega_h::find_last(Omeg\n            a_h::Read<T>, T) [with T = signed char; Omega_h::LO = int]::<lambda\n            (Omega_h::LO)>'\n     220       45 | #define OMEGA_H_LAMBDA(...) [=](__VA_ARGS__) __attribute__(\n            (always_inline, flatten))\n     221          |                             ^",
    "antiation of 'Omega_h::promoted_t<T> Omega_h::get_sum(Omega_h::Read\n            <T>) [with T = int; Omega_h::promoted_t<T> = int]':\n     226    /var/tmp/koparasy/spack-stage/spack-stage-omega-h-9.22.2-izi6hncs4r\n            jjupwut42rpcltwkgimqsk/spack-src/src/Omega_h_array_ops.cpp:611:1:\n             required from here\n  >> 227    /var/tmp/koparasy/spack-stage/spack-stage-omega-h-9.22.2-izi6hncs4r\njjupwut42rpcltwkgimqsk/spack-src/src/Omega_h_macros.h:45:29: error:\n             base operand of '->' has non-pointer type 'Omega_h::get_sum(Omega_\n            h::Read<T>) [with T = int; Omega_h::promoted_t<T> = int]::<lambda(i\n            nt)>'\n     228       45 | #define OMEGA_H_LAMBDA(...) [=](__VA_ARGS__) __attribute__(\n            (always_inline, flatten))\n     229          |                             ^",
    "antiation of 'Omega_h::LO Omega_h::find_last(Omega_h::Read<T>, T) [\n            with T = int; Omega_h::LO = int]':\n     234    /var/tmp/koparasy/spack-stage/spack-stage-omega-h-9.22.2-izi6hncs4r\n            jjupwut42rpcltwkgimqsk/spack-src/src/Omega_h_array_ops.cpp:611:1:\n             required from here\n  >> 235    /var/tmp/koparasy/spack-stage/spack-stage-omega-h-9.22.2-izi6hncs4r\njjupwut42rpcltwkgimqsk/spack-src/src/Omega_h_macros.h:45:29: error:\n             base operand of '->' has non-pointer type 'Omega_h::find_last(Omeg\n            a_h::Read<T>, T) [with T = int; Omega_h::LO = int]::<lambda(Omega_h\n            ::LO)>'\n     236       45 | #define OMEGA_H_LAMBDA(...) [=](__VA_ARGS__) __attribute__(\n            (always_inline, flatten))\n     237          |                             ^",
    "antiation of 'Omega_h::promoted_t<T> Omega_h::get_sum(Omega_h::Read\n            <T>) [with T = long int; Omega_h::promoted_t<T> = long int]':\n     242    /var/tmp/koparasy/spack-stage/spack-stage-omega-h-9.22.2-izi6hncs4r\n            jjupwut42rpcltwkgimqsk/spack-src/src/Omega_h_array_ops.cpp:612:1:\n             required from here\n  >> 243    /var/tmp/koparasy/spack-stage/spack-stage-omega-h-9.22.2-izi6hncs4r\njjupwut42rpcltwkgimqsk/spack-src/src/Omega_h_macros.h:45:29: error:\n             base operand of '->' has non-pointer type 'Omega_h::get_sum(Omega_\n            h::Read<T>) [with T = long int; Omega_h::promoted_t<T> = long int]:\n            :<lambda(long int)>'\n     244       45 | #define OMEGA_H_LAMBDA(...) [=](__VA_ARGS__) __attribute__(\n            (always_inline, flatten))\n     245          |                             ^",
    "antiation of 'Omega_h::LO Omega_h::find_last(Omega_h::Read<T>, T) [\n            with T = long int; Omega_h::LO = int]':\n     250    /var/tmp/koparasy/spack-stage/spack-stage-omega-h-9.22.2-izi6hncs4r\n            jjupwut42rpcltwkgimqsk/spack-src/src/Omega_h_array_ops.cpp:612:1:\n             required from here\n  >> 251    /var/tmp/koparasy/spack-stage/spack-stage-omega-h-9.22.2-izi6hncs4r\njjupwut42rpcltwkgimqsk/spack-src/src/Omega_h_macros.h:45:29: error:\n             base operand of '->' has non-pointer type 'Omega_h::find_last(Omeg\n            a_h::Read<T>, T) [with T = long int; Omega_h::LO = int]::<lambda(Om\n            ega_h::LO)>'\n     252       45 | #define OMEGA_H_LAMBDA(...) [=](__VA_ARGS__) __attribute__(\n            (always_inline, flatten))\n     253          |                             ^",
    "antiation of 'Omega_h::promoted_t<T> Omega_h::get_sum(Omega_h::Read\n            <T>) [with T = double; Omega_h::promoted_t<T> = double]':\n     258    /var/tmp/koparasy/spack-stage/spack-stage-omega-h-9.22.2-izi6hncs4r\n            jjupwut42rpcltwkgimqsk/spack-src/src/Omega_h_array_ops.cpp:613:1:\n             required from here\n  >> 259    /var/tmp/koparasy/spack-stage/spack-stage-omega-h-9.22.2-izi6hncs4r\njjupwut42rpcltwkgimqsk/spack-src/src/Omega_h_macros.h:45:29: error:\n             base operand of '->' has non-pointer type 'Omega_h::get_sum(Omega_\n            h::Read<T>) [with T = double; Omega_h::promoted_t<T> = double]::<la\n            mbda(double)>'\n     260       45 | #define OMEGA_H_LAMBDA(...) [=](__VA_ARGS__) __attribute__(\n            (always_inline, flatten))\n     261          |                             ^",
    "antiation of 'Omega_h::LO Omega_h::find_last(Omega_h::Read<T>, T) [\n            with T = double; Omega_h::LO = int]':\n     266    /var/tmp/koparasy/spack-stage/spack-stage-omega-h-9.22.2-izi6hncs4r\n            jjupwut42rpcltwkgimqsk/spack-src/src/Omega_h_array_ops.cpp:613:1:\n             required from here\n  >> 267    /var/tmp/koparasy/spack-stage/spack-stage-omega-h-9.22.2-izi6hncs4r\njjupwut42rpcltwkgimqsk/spack-src/src/Omega_h_macros.h:45:29: error:\n             base operand of '->' has non-pointer type 'Omega_h::find_last(Omeg\n            a_h::Read<T>, T) [with T = double; Omega_h::LO = int]::<lambda(Omeg\n            a_h::LO)>'\n     268       45 | #define OMEGA_H_LAMBDA(...) [=](__VA_ARGS__) __attribute__(\n            (always_inline, flatten))\n     269          |                             ^",
    "304          |              ^~~~\n  >> 305    make[2]: *** [src/CMakeFiles/omega_h.dir/Omega_h_array_ops.cpp.o] E\n            rror 1\n     306    make[2]: *** Waiting for unfinished jobs....\n     307    make[2]: Leaving directory `/tmp/koparasy/spack-stage/spack-stage-o\n            mega-h-9.22.2-izi6hncs4rjjupwut42rpcltwkgimqsk/spack-build-izi6hnc'\n>> 308    make[1]: *** [src/CMakeFiles/omega_h.dir/all] Error 2\n     309    make[1]: Leaving directory `/tmp/koparasy/spack-stage/spack-stage-o\n            mega-h-9.22.2-izi6hncs4rjjupwut42rpcltwkgimqsk/spack-build-izi6hnc'\n  >> 310    make: *** [all] Error 2\n\nSee build log for details:\n  /var/tmp/koparasy/spack-stage/spack-stage-omega-h-9.22.2-izi6hncs4rjjupwut42rpcltwkgimqsk/spack-build-out.txt",
    "306    make[2]: *** Waiting for unfinished jobs....\n     307    make[2]: Leaving directory `/tmp/koparasy/spack-stage/spack-stage-o\n            mega-h-9.22.2-izi6hncs4rjjupwut42rpcltwkgimqsk/spack-build-izi6hnc'\n  >> 308    make[1]: *** [src/CMakeFiles/omega_h.dir/all] Error 2\n     309    make[1]: Leaving directory `/tmp/koparasy/spack-stage/spack-stage-o\n            mega-h-9.22.2-izi6hncs4rjjupwut42rpcltwkgimqsk/spack-build-izi6hnc'\n>> 310    make: *** [all] Error 2\n\nSee build log for details:\n  /var/tmp/koparasy/spack-stage/spack-stage-omega-h-9.22.2-izi6hncs4rjjupwut42rpcltwkgimqsk/spack-build-out.txt\n\nTraceback (most recent call last):\n  File \"/p/vast1/koparasy/BUILD/head/spack/lib/spack/spack/build_environment.py\", line 1035, in _setup_pkg_and_run"
]