[
    "114                     from /tmp/koparasy/spack-stage/spack-stage-vtk-h-0\n            .6.4-i2rag2tw7sgppxn43e5idnwn7734ldyf/spack-src/src/vtkh/vtkm_filte\n            rs/vtkmClip.cpp:1:\n  >> 115    /p/vast1/koparasy/BUILD/spack_cluster_installer/quartz/ascent/spack\n            _env_dir/linux-rhel7-broadwell/gcc-8.3.1/vtk-m-1.6.0-b77d27rzqzlu7f\n            mbn6ao6vzpnwkzwlib/include/vtkm-1.6/vtkm/cont/ImplicitFunctionHandl\ne.h:17:2: error: #error \"ImplicitFunction with virtual methods is r\n            emoved. Do not include ImplicitFunctionHeader.h\"\n     116     #error \"ImplicitFunction with virtual methods is removed. Do not i\n            nclude ImplicitFunctionHeader.h\"\n     117      ^~~~~\n  >> 118    /p/vast1/koparasy/BUILD/spack_cluster_installer/quartz/ascent/spack\n            _env_dir/linux-rhel7-broadwell/gcc-8.3.1/vtk-m-1.6.0-b77d27rzqzlu7f",
    "116     #error \"ImplicitFunction with virtual methods is removed. Do not i\n            nclude ImplicitFunctionHeader.h\"\n     117      ^~~~~\n  >> 118    /p/vast1/koparasy/BUILD/spack_cluster_installer/quartz/ascent/spack\n            _env_dir/linux-rhel7-broadwell/gcc-8.3.1/vtk-m-1.6.0-b77d27rzqzlu7f\n            mbn6ao6vzpnwkzwlib/include/vtkm-1.6/vtkm/cont/ImplicitFunctionHandl\ne.h:33:1: error: expected class-name before '{' token\n     119     {\n     120     ^\n  >> 121    /p/vast1/koparasy/BUILD/spack_cluster_installer/quartz/ascent/spack\n            _env_dir/linux-rhel7-broadwell/gcc-8.3.1/vtk-m-1.6.0-b77d27rzqzlu7f\n            mbn6ao6vzpnwkzwlib/include/vtkm-1.6/vtkm/cont/ImplicitFunctionHandl\n            e.h:48:26: error: 'Scalar' does not name a type; did you mean 'scal",
    "e.h:33:1: error: expected class-name before '{' token\n     119     {\n     120     ^\n  >> 121    /p/vast1/koparasy/BUILD/spack_cluster_installer/quartz/ascent/spack\n            _env_dir/linux-rhel7-broadwell/gcc-8.3.1/vtk-m-1.6.0-b77d27rzqzlu7f\n            mbn6ao6vzpnwkzwlib/include/vtkm-1.6/vtkm/cont/ImplicitFunctionHandl\ne.h:48:26: error: 'Scalar' does not name a type; did you mean 'scal\n            bl'?\n     122       VTKM_EXEC_CONT virtual Scalar Value(const Vector& point) const o\n            verride\n     123                              ^~~~~~\n     124                              scalbl\n  >> 125    /p/vast1/koparasy/BUILD/spack_cluster_installer/quartz/ascent/spack",
    "verride\n     123                              ^~~~~~\n     124                              scalbl\n  >> 125    /p/vast1/koparasy/BUILD/spack_cluster_installer/quartz/ascent/spack\n            _env_dir/linux-rhel7-broadwell/gcc-8.3.1/vtk-m-1.6.0-b77d27rzqzlu7f\n            mbn6ao6vzpnwkzwlib/include/vtkm-1.6/vtkm/cont/ImplicitFunctionHandl\ne.h:53:26: error: 'Vector' does not name a type; did you mean 'Vec4\n            ui'?\n     126       VTKM_EXEC_CONT virtual Vector Gradient(const Vector& point) cons\n            t override\n     127                              ^~~~~~\n     128                              Vec4ui\n  >> 129    /p/vast1/koparasy/BUILD/spack_cluster_installer/quartz/ascent/spack",
    "t override\n     127                              ^~~~~~\n     128                              Vec4ui\n  >> 129    /p/vast1/koparasy/BUILD/spack_cluster_installer/quartz/ascent/spack\n            _env_dir/linux-rhel7-broadwell/gcc-8.3.1/vtk-m-1.6.0-b77d27rzqzlu7f\n            mbn6ao6vzpnwkzwlib/include/vtkm-1.6/vtkm/cont/ImplicitFunctionHandl\ne.h:64:73: error: 'ImplicitFunction' is not a member of 'vtkm'\n     130       ImplicitFunctionHandle : public vtkm::cont::VirtualObjectHandle<\n            vtkm::ImplicitFunction>\n     131\n                  ^~~~~~~~~~~~~~~~\n     132    /p/vast1/koparasy/BUILD/spack_cluster_installer/quartz/ascent/spack\n            _env_dir/linux-rhel7-broadwell/gcc-8.3.1/vtk-m-1.6.0-b77d27rzqzlu7f",
    "^~~~~~~~~~~~~~~~\n     135\n                  ImplicitFunctionGeneral\n  >> 136    /p/vast1/koparasy/BUILD/spack_cluster_installer/quartz/ascent/spack\n            _env_dir/linux-rhel7-broadwell/gcc-8.3.1/vtk-m-1.6.0-b77d27rzqzlu7f\n            mbn6ao6vzpnwkzwlib/include/vtkm-1.6/vtkm/cont/ImplicitFunctionHandl\ne.h:64:73: error: 'ImplicitFunction' is not a member of 'vtkm'\n     137    /p/vast1/koparasy/BUILD/spack_cluster_installer/quartz/ascent/spack\n            _env_dir/linux-rhel7-broadwell/gcc-8.3.1/vtk-m-1.6.0-b77d27rzqzlu7f\n            mbn6ao6vzpnwkzwlib/include/vtkm-1.6/vtkm/cont/ImplicitFunctionHandl\n            e.h:64:73: note: suggested alternative: 'ImplicitFunctionGeneral'\n     138       ImplicitFunctionHandle : public vtkm::cont::VirtualObjectHandle<\n            vtkm::ImplicitFunction>",
    "^~~~~~~~~~~~~~~~\n     140\n                  ImplicitFunctionGeneral\n  >> 141    /p/vast1/koparasy/BUILD/spack_cluster_installer/quartz/ascent/spack\n            _env_dir/linux-rhel7-broadwell/gcc-8.3.1/vtk-m-1.6.0-b77d27rzqzlu7f\n            mbn6ao6vzpnwkzwlib/include/vtkm-1.6/vtkm/cont/ImplicitFunctionHandl\ne.h:64:89: error: template argument 1 is invalid\n     142       ImplicitFunctionHandle : public vtkm::cont::VirtualObjectHandle<\n            vtkm::ImplicitFunction>\n     143\n                                  ^\n  >> 144    /p/vast1/koparasy/BUILD/spack_cluster_installer/quartz/ascent/spack\n            _env_dir/linux-rhel7-broadwell/gcc-8.3.1/vtk-m-1.6.0-b77d27rzqzlu7f",
    "vtkm::ImplicitFunction>\n     143\n                                  ^\n  >> 144    /p/vast1/koparasy/BUILD/spack_cluster_installer/quartz/ascent/spack\n            _env_dir/linux-rhel7-broadwell/gcc-8.3.1/vtk-m-1.6.0-b77d27rzqzlu7f\n            mbn6ao6vzpnwkzwlib/include/vtkm-1.6/vtkm/cont/ImplicitFunctionHandl\ne.h:67:60: error: 'ImplicitFunction' is not a member of 'vtkm'\n     145       using Superclass = vtkm::cont::VirtualObjectHandle<vtkm::Implici\n            tFunction>;\n     146                                                                ^~~~~~~\n            ~~~~~~~~~\n     147    /p/vast1/koparasy/BUILD/spack_cluster_installer/quartz/ascent/spack\n            _env_dir/linux-rhel7-broadwell/gcc-8.3.1/vtk-m-1.6.0-b77d27rzqzlu7f",
    "~~~~~~~~~\n     150                                                                Implici\n            tFunctionGeneral\n  >> 151    /p/vast1/koparasy/BUILD/spack_cluster_installer/quartz/ascent/spack\n            _env_dir/linux-rhel7-broadwell/gcc-8.3.1/vtk-m-1.6.0-b77d27rzqzlu7f\n            mbn6ao6vzpnwkzwlib/include/vtkm-1.6/vtkm/cont/ImplicitFunctionHandl\ne.h:67:60: error: 'ImplicitFunction' is not a member of 'vtkm'\n     152    /p/vast1/koparasy/BUILD/spack_cluster_installer/quartz/ascent/spack\n            _env_dir/linux-rhel7-broadwell/gcc-8.3.1/vtk-m-1.6.0-b77d27rzqzlu7f\n            mbn6ao6vzpnwkzwlib/include/vtkm-1.6/vtkm/cont/ImplicitFunctionHandl\n            e.h:67:60: note: suggested alternative: 'ImplicitFunctionGeneral'\n     153       using Superclass = vtkm::cont::VirtualObjectHandle<vtkm::Implici\n            tFunction>;",
    "~~~~~~~~~\n     155                                                                Implici\n            tFunctionGeneral\n  >> 156    /p/vast1/koparasy/BUILD/spack_cluster_installer/quartz/ascent/spack\n            _env_dir/linux-rhel7-broadwell/gcc-8.3.1/vtk-m-1.6.0-b77d27rzqzlu7f\n            mbn6ao6vzpnwkzwlib/include/vtkm-1.6/vtkm/cont/ImplicitFunctionHandl\ne.h:67:76: error: template argument 1 is invalid\n     157       using Superclass = vtkm::cont::VirtualObjectHandle<vtkm::Implici\n            tFunction>;\n     158\n                     ^\n  >> 159    /p/vast1/koparasy/BUILD/spack_cluster_installer/quartz/ascent/spack\n            _env_dir/linux-rhel7-broadwell/gcc-8.3.1/vtk-m-1.6.0-b77d27rzqzlu7f",
    "tFunction>;\n     158\n                     ^\n  >> 159    /p/vast1/koparasy/BUILD/spack_cluster_installer/quartz/ascent/spack\n            _env_dir/linux-rhel7-broadwell/gcc-8.3.1/vtk-m-1.6.0-b77d27rzqzlu7f\n            mbn6ao6vzpnwkzwlib/include/vtkm-1.6/vtkm/cont/ImplicitFunctionHandl\ne.h:75:37: error: 'ImplicitFunction' is not a member of 'vtkm'\n     160                   std::is_base_of<vtkm::ImplicitFunction, VirtualDeriv\n            edType>::value>::type>\n     161                                         ^~~~~~~~~~~~~~~~\n     162    /p/vast1/koparasy/BUILD/spack_cluster_installer/quartz/ascent/spack\n            _env_dir/linux-rhel7-broadwell/gcc-8.3.1/vtk-m-1.6.0-b77d27rzqzlu7f\n            mbn6ao6vzpnwkzwlib/include/vtkm-1.6/vtkm/cont/ImplicitFunctionHandl",
    "edType>::value>::type>\n     164                                         ^~~~~~~~~~~~~~~~\n     165                                         ImplicitFunctionGeneral\n  >> 166    /p/vast1/koparasy/BUILD/spack_cluster_installer/quartz/ascent/spack\n            _env_dir/linux-rhel7-broadwell/gcc-8.3.1/vtk-m-1.6.0-b77d27rzqzlu7f\n            mbn6ao6vzpnwkzwlib/include/vtkm-1.6/vtkm/cont/ImplicitFunctionHandl\ne.h:75:37: error: 'ImplicitFunction' is not a member of 'vtkm'\n     167    /p/vast1/koparasy/BUILD/spack_cluster_installer/quartz/ascent/spack\n            _env_dir/linux-rhel7-broadwell/gcc-8.3.1/vtk-m-1.6.0-b77d27rzqzlu7f\n            mbn6ao6vzpnwkzwlib/include/vtkm-1.6/vtkm/cont/ImplicitFunctionHandl\n            e.h:75:37: note: suggested alternative: 'ImplicitFunctionGeneral'\n     168                   std::is_base_of<vtkm::ImplicitFunction, VirtualDeriv\n            edType>::value>::type>",
    "edType>::value>::type>\n     169                                         ^~~~~~~~~~~~~~~~\n     170                                         ImplicitFunctionGeneral\n  >> 171    /p/vast1/koparasy/BUILD/spack_cluster_installer/quartz/ascent/spack\n            _env_dir/linux-rhel7-broadwell/gcc-8.3.1/vtk-m-1.6.0-b77d27rzqzlu7f\n            mbn6ao6vzpnwkzwlib/include/vtkm-1.6/vtkm/cont/ImplicitFunctionHandl\ne.h:75:73: error: template argument 1 is invalid\n     172                   std::is_base_of<vtkm::ImplicitFunction, VirtualDeriv\n            edType>::value>::type>\n     173\n                  ^\n  >> 174    /p/vast1/koparasy/BUILD/spack_cluster_installer/quartz/ascent/spack\n            _env_dir/linux-rhel7-broadwell/gcc-8.3.1/vtk-m-1.6.0-b77d27rzqzlu7f",
    "edType>::value>::type>\n     173\n                  ^\n  >> 174    /p/vast1/koparasy/BUILD/spack_cluster_installer/quartz/ascent/spack\n            _env_dir/linux-rhel7-broadwell/gcc-8.3.1/vtk-m-1.6.0-b77d27rzqzlu7f\n            mbn6ao6vzpnwkzwlib/include/vtkm-1.6/vtkm/cont/ImplicitFunctionHandl\ne.h:75:81: error: template argument 1 is invalid\n     175                   std::is_base_of<vtkm::ImplicitFunction, VirtualDeriv\n            edType>::value>::type>\n     176\n                          ^\n  >> 177    /p/vast1/koparasy/BUILD/spack_cluster_installer/quartz/ascent/spack\n            _env_dir/linux-rhel7-broadwell/gcc-8.3.1/vtk-m-1.6.0-b77d27rzqzlu7f",
    "edType>::value>::type>\n     176\n                          ^\n  >> 177    /p/vast1/koparasy/BUILD/spack_cluster_installer/quartz/ascent/spack\n            _env_dir/linux-rhel7-broadwell/gcc-8.3.1/vtk-m-1.6.0-b77d27rzqzlu7f\n            mbn6ao6vzpnwkzwlib/include/vtkm-1.6/vtkm/cont/ImplicitFunctionHandl\ne.h:119:37: error: 'ImplicitFunction' is not a member of 'vtkm'\n     178                   std::is_base_of<vtkm::ImplicitFunction, VirtualDeriv\n            edType>::value>::type>\n     179                                         ^~~~~~~~~~~~~~~~\n     180    /p/vast1/koparasy/BUILD/spack_cluster_installer/quartz/ascent/spack\n            _env_dir/linux-rhel7-broadwell/gcc-8.3.1/vtk-m-1.6.0-b77d27rzqzlu7f\n            mbn6ao6vzpnwkzwlib/include/vtkm-1.6/vtkm/cont/ImplicitFunctionHandl",
    "edType>::value>::type>\n     182                                         ^~~~~~~~~~~~~~~~\n     183                                         ImplicitFunctionGeneral\n  >> 184    /p/vast1/koparasy/BUILD/spack_cluster_installer/quartz/ascent/spack\n            _env_dir/linux-rhel7-broadwell/gcc-8.3.1/vtk-m-1.6.0-b77d27rzqzlu7f\n            mbn6ao6vzpnwkzwlib/include/vtkm-1.6/vtkm/cont/ImplicitFunctionHandl\ne.h:119:37: error: 'ImplicitFunction' is not a member of 'vtkm'\n     185    /p/vast1/koparasy/BUILD/spack_cluster_installer/quartz/ascent/spack\n            _env_dir/linux-rhel7-broadwell/gcc-8.3.1/vtk-m-1.6.0-b77d27rzqzlu7f\n            mbn6ao6vzpnwkzwlib/include/vtkm-1.6/vtkm/cont/ImplicitFunctionHandl\n            e.h:119:37: note: suggested alternative: 'ImplicitFunctionGeneral'\n     186                   std::is_base_of<vtkm::ImplicitFunction, VirtualDeriv\n            edType>::value>::type>",
    "edType>::value>::type>\n     187                                         ^~~~~~~~~~~~~~~~\n     188                                         ImplicitFunctionGeneral\n  >> 189    /p/vast1/koparasy/BUILD/spack_cluster_installer/quartz/ascent/spack\n            _env_dir/linux-rhel7-broadwell/gcc-8.3.1/vtk-m-1.6.0-b77d27rzqzlu7f\n            mbn6ao6vzpnwkzwlib/include/vtkm-1.6/vtkm/cont/ImplicitFunctionHandl\ne.h:119:73: error: template argument 1 is invalid\n     190                   std::is_base_of<vtkm::ImplicitFunction, VirtualDeriv\n            edType>::value>::type>\n     191\n                  ^\n  >> 192    /p/vast1/koparasy/BUILD/spack_cluster_installer/quartz/ascent/spack\n            _env_dir/linux-rhel7-broadwell/gcc-8.3.1/vtk-m-1.6.0-b77d27rzqzlu7f",
    "edType>::value>::type>\n     191\n                  ^\n  >> 192    /p/vast1/koparasy/BUILD/spack_cluster_installer/quartz/ascent/spack\n            _env_dir/linux-rhel7-broadwell/gcc-8.3.1/vtk-m-1.6.0-b77d27rzqzlu7f\n            mbn6ao6vzpnwkzwlib/include/vtkm-1.6/vtkm/cont/ImplicitFunctionHandl\ne.h:119:81: error: template argument 1 is invalid\n     193                   std::is_base_of<vtkm::ImplicitFunction, VirtualDeriv\n            edType>::value>::type>\n     194\n                          ^\n     195    /p/vast1/koparasy/BUILD/spack_cluster_installer/quartz/ascent/spack\n            _env_dir/linux-rhel7-broadwell/gcc-8.3.1/vtk-m-1.6.0-b77d27rzqzlu7f",
    "mbn6ao6vzpnwkzwlib/include/vtkm-1.6/vtkm/cont/ImplicitFunctionHandl\n            e.h: In constructor 'vtkm::cont::ImplicitFunctionHandle::ImplicitFu\n            nctionHandle(VirtualDerivedType*, bool, DeviceAdapterList)':\n  >> 196    /p/vast1/koparasy/BUILD/spack_cluster_installer/quartz/ascent/spack\n            _env_dir/linux-rhel7-broadwell/gcc-8.3.1/vtk-m-1.6.0-b77d27rzqzlu7f\n            mbn6ao6vzpnwkzwlib/include/vtkm-1.6/vtkm/cont/ImplicitFunctionHandl\ne.h:79:7: error: class 'vtkm::cont::ImplicitFunctionHandle' does no\n            t have any field named 'Superclass'\n     197         : Superclass(function, acquireOwnership, devices)\n     198           ^~~~~~~~~~\n     199    /p/vast1/koparasy/BUILD/spack_cluster_installer/quartz/ascent/spack\n            _env_dir/linux-rhel7-broadwell/gcc-8.3.1/vtk-m-1.6.0-b77d27rzqzlu7f\n            mbn6ao6vzpnwkzwlib/include/vtkm-1.6/vtkm/cont/ImplicitFunctionHandl",
    "e.h: In constructor 'vtkm::cont::ImplicitFunctionHandle::ImplicitFu\n            nctionHandle(vtkm::internal::ImplicitFunctionBase<FunctionType>*, b\n            ool, DeviceAdapterList)':\n  >> 200    /p/vast1/koparasy/BUILD/spack_cluster_installer/quartz/ascent/spack\n            _env_dir/linux-rhel7-broadwell/gcc-8.3.1/vtk-m-1.6.0-b77d27rzqzlu7f\n            mbn6ao6vzpnwkzwlib/include/vtkm-1.6/vtkm/cont/ImplicitFunctionHandl\ne.h:89:7: error: class 'vtkm::cont::ImplicitFunctionHandle' does no\n            t have any field named 'Superclass'\n     201         : Superclass(new detail::ImplicitFunctionBaseExecWrapper<Impli\n            citFunctionType>(\n     202           ^~~~~~~~~~\n     203    /p/vast1/koparasy/BUILD/spack_cluster_installer/quartz/ascent/spack\n            _env_dir/linux-rhel7-broadwell/gcc-8.3.1/vtk-m-1.6.0-b77d27rzqzlu7f",
    "mbn6ao6vzpnwkzwlib/include/vtkm-1.6/vtkm/cont/ImplicitFunctionHandl\n            e.h: In member function 'void vtkm::cont::ImplicitFunctionHandle::R\n            eset(VirtualDerivedType*, bool, DeviceAdapterList)':\n  >> 204    /p/vast1/koparasy/BUILD/spack_cluster_installer/quartz/ascent/spack\n            _env_dir/linux-rhel7-broadwell/gcc-8.3.1/vtk-m-1.6.0-b77d27rzqzlu7f\n            mbn6ao6vzpnwkzwlib/include/vtkm-1.6/vtkm/cont/ImplicitFunctionHandl\ne.h:124:11: error: 'vtkm::cont::ImplicitFunctionHandle::Superclass'\n             has not been declared\n     205         this->Superclass::Reset(derived, acquireOwnership, devices);\n     206               ^~~~~~~~~~\n     207    /p/vast1/koparasy/BUILD/spack_cluster_installer/quartz/ascent/spack\n            _env_dir/linux-rhel7-broadwell/gcc-8.3.1/vtk-m-1.6.0-b77d27rzqzlu7f\n            mbn6ao6vzpnwkzwlib/include/vtkm-1.6/vtkm/cont/ImplicitFunctionHandl",
    "_env_dir/linux-rhel7-broadwell/gcc-8.3.1/vtk-m-1.6.0-b77d27rzqzlu7f\n            mbn6ao6vzpnwkzwlib/include/vtkm-1.6/vtkm/cont/ImplicitFunctionHandl\n            e.h: At global scope:\n  >> 208    /p/vast1/koparasy/BUILD/spack_cluster_installer/quartz/ascent/spack\n            _env_dir/linux-rhel7-broadwell/gcc-8.3.1/vtk-m-1.6.0-b77d27rzqzlu7f\n            mbn6ao6vzpnwkzwlib/include/vtkm-1.6/vtkm/cont/ImplicitFunctionHandl\ne.h:192:9: error: 'ImplicitFunctionValue' in namespace 'vtkm' does\n            not name a type\n     209       vtkm::ImplicitFunctionValue PrepareForExecution(vtkm::cont::Devi\n            ceAdapterId device,\n     210             ^~~~~~~~~~~~~~~~~~~~~\n     211    /p/vast1/koparasy/BUILD/spack_cluster_installer/quartz/ascent/spack\n            _env_dir/linux-rhel7-broadwell/gcc-8.3.1/vtk-m-1.6.0-b77d27rzqzlu7f",
    "ceAdapterId device,\n     213       ^~~~\n     214       ImplicitFunctionGeneral\n  >> 215    /p/vast1/koparasy/BUILD/spack_cluster_installer/quartz/ascent/spack\n            _env_dir/linux-rhel7-broadwell/gcc-8.3.1/vtk-m-1.6.0-b77d27rzqzlu7f\n            mbn6ao6vzpnwkzwlib/include/vtkm-1.6/vtkm/cont/ImplicitFunctionHandl\ne.h:198:19: error: 'ImplicitFunctionValue' in namespace 'vtkm' does\n             not name a type\n     216       VTKM_CONT vtkm::ImplicitFunctionValue PrepareForControl() const\n     217                       ^~~~~~~~~~~~~~~~~~~~~\n     218    /p/vast1/koparasy/BUILD/spack_cluster_installer/quartz/ascent/spack\n            _env_dir/linux-rhel7-broadwell/gcc-8.3.1/vtk-m-1.6.0-b77d27rzqzlu7f\n            mbn6ao6vzpnwkzwlib/include/vtkm-1.6/vtkm/cont/ImplicitFunctionHandl",
    "/diy/vtkmdiy/include/vtkmdiy/mpi -O3 -DNDEBUG -fPIC -fvisibility=hi\n            dden -pthread -ffunction-sections -fopenmp -std=c++11 -o CMakeFiles\n            /vtkh_core_mpi.dir/Logger.cpp.o -c /tmp/koparasy/spack-stage/spack-\n            stage-vtk-h-0.6.4-i2rag2tw7sgppxn43e5idnwn7734ldyf/spack-src/src/vt\n            kh/Logger.cpp\n  >> 316    /tmp/koparasy/spack-stage/spack-stage-vtk-h-0.6.4-i2rag2tw7sgppxn43\ne5idnwn7734ldyf/spack-src/src/vtkh/DataSet.cpp:70:45: error: invali\n            d use of incomplete type 'class vtkm::worklet::WorkletMapField'\n     317     class MemSetWorklet : public vtkm::worklet::WorkletMapField\n     318                                                 ^~~~~~~~~~~~~~~\n     319    In file included from /tmp/koparasy/spack-stage/spack-stage-vtk-h-0\n            .6.4-i2rag2tw7sgppxn43e5idnwn7734ldyf/spack-src/src/vtkh/DataSet.cp\n            p:15:",
    "mbn6ao6vzpnwkzwlib/include/vtkm-1.6/vtkm/worklet/DispatcherMapField\n            .h:20:7: note: forward declaration of 'class vtkm::worklet::Worklet\n            MapField'\n     321     class WorkletMapField;\n     322           ^~~~~~~~~~~~~~~\n  >> 323    /tmp/koparasy/spack-stage/spack-stage-vtk-h-0.6.4-i2rag2tw7sgppxn43\ne5idnwn7734ldyf/spack-src/src/vtkh/DataSet.cpp:81:33: error: 'Field\n            Out' has not been declared\n     324       typedef void ControlSignature(FieldOut);\n     325                                     ^~~~~~~~\n  >> 326    /tmp/koparasy/spack-stage/spack-stage-vtk-h-0.6.4-i2rag2tw7sgppxn43\n            e5idnwn7734ldyf/spack-src/src/vtkh/DataSet.cpp:82:35: error: '_1' h\n            as not been declared",
    ">> 323    /tmp/koparasy/spack-stage/spack-stage-vtk-h-0.6.4-i2rag2tw7sgppxn43\n            e5idnwn7734ldyf/spack-src/src/vtkh/DataSet.cpp:81:33: error: 'Field\n            Out' has not been declared\n     324       typedef void ControlSignature(FieldOut);\n     325                                     ^~~~~~~~\n  >> 326    /tmp/koparasy/spack-stage/spack-stage-vtk-h-0.6.4-i2rag2tw7sgppxn43\ne5idnwn7734ldyf/spack-src/src/vtkh/DataSet.cpp:82:35: error: '_1' h\n            as not been declared\n     327       typedef void ExecutionSignature(_1);\n     328                                       ^~\n     329    In file included from /p/vast1/koparasy/BUILD/spack_cluster_install\n            er/quartz/ascent/spack_env_dir/linux-rhel7-broadwell/gcc-8.3.1/vtk-\n            m-1.6.0-b77d27rzqzlu7fmbn6ao6vzpnwkzwlib/include/vtkm-1.6/vtkm/Depr",
    "340    /tmp/koparasy/spack-stage/spack-stage-vtk-h-0.6.4-i2rag2tw7sgppxn43\n            e5idnwn7734ldyf/spack-src/src/vtkh/DataSet.cpp:647:44:   required f\n            rom here\n  >> 341    /p/vast1/koparasy/BUILD/spack_cluster_installer/quartz/ascent/spack\n            _env_dir/linux-rhel7-broadwell/gcc-8.3.1/vtk-m-1.6.0-b77d27rzqzlu7f\n            mbn6ao6vzpnwkzwlib/include/vtkm-1.6/vtkm/worklet/internal/Dispatche\nrBase.h:228:5: error: static assertion failed: Provided a type that\n             is not a valid ControlSignature tag.\n     342         VTKM_IS_CONTROL_SIGNATURE_TAG(ControlSignatureTag);\n     343         ^\n     344    /p/vast1/koparasy/BUILD/spack_cluster_installer/quartz/ascent/spack\n            _env_dir/linux-rhel7-broadwell/gcc-8.3.1/vtk-m-1.6.0-b77d27rzqzlu7f\n            mbn6ao6vzpnwkzwlib/include/vtkm-1.6/vtkm/worklet/internal/Dispatche",
    "350    /tmp/koparasy/spack-stage/spack-stage-vtk-h-0.6.4-i2rag2tw7sgppxn43\n            e5idnwn7734ldyf/spack-src/src/vtkh/DataSet.cpp:647:44:   required f\n            rom here\n  >> 351    /p/vast1/koparasy/BUILD/spack_cluster_installer/quartz/ascent/spack\n            _env_dir/linux-rhel7-broadwell/gcc-8.3.1/vtk-m-1.6.0-b77d27rzqzlu7f\n            mbn6ao6vzpnwkzwlib/include/vtkm-1.6/vtkm/worklet/internal/Dispatche\nrBase.h:242:5: error: static assertion failed: Provided a type that\n             is not a valid ExecutionSignature tag.\n     352         VTKM_IS_EXECUTION_SIGNATURE_TAG(ExecutionSignatureTag);\n     353         ^\n     354    In file included from /p/vast1/koparasy/BUILD/spack_cluster_install\n            er/quartz/ascent/spack_env_dir/linux-rhel7-broadwell/gcc-8.3.1/vtk-\n            m-1.6.0-b77d27rzqzlu7fmbn6ao6vzpnwkzwlib/include/vtkm-1.6/vtkm/work",
    "359    /tmp/koparasy/spack-stage/spack-stage-vtk-h-0.6.4-i2rag2tw7sgppxn43\n            e5idnwn7734ldyf/spack-src/src/vtkh/DataSet.cpp:647:44:   required f\n            rom here\n  >> 360    /p/vast1/koparasy/BUILD/spack_cluster_installer/quartz/ascent/spack\n            _env_dir/linux-rhel7-broadwell/gcc-8.3.1/vtk-m-1.6.0-b77d27rzqzlu7f\n            mbn6ao6vzpnwkzwlib/include/vtkm-1.6/vtkm/worklet/internal/Dispatche\nrBase.h:594:56: error: no type named 'ScatterType' in 'class vtkh::\n            detail::MemSetWorklet<float>'\n     361       using ScatterType = typename WorkletType::ScatterType;\n     362                                                            ^\n  >> 363    /p/vast1/koparasy/BUILD/spack_cluster_installer/quartz/ascent/spack\n            _env_dir/linux-rhel7-broadwell/gcc-8.3.1/vtk-m-1.6.0-b77d27rzqzlu7f\n            mbn6ao6vzpnwkzwlib/include/vtkm-1.6/vtkm/worklet/internal/Dispatche",
    "detail::MemSetWorklet<float>'\n     361       using ScatterType = typename WorkletType::ScatterType;\n     362                                                            ^\n  >> 363    /p/vast1/koparasy/BUILD/spack_cluster_installer/quartz/ascent/spack\n            _env_dir/linux-rhel7-broadwell/gcc-8.3.1/vtk-m-1.6.0-b77d27rzqzlu7f\n            mbn6ao6vzpnwkzwlib/include/vtkm-1.6/vtkm/worklet/internal/Dispatche\nrBase.h:595:50: error: no type named 'MaskType' in 'class vtkh::det\n            ail::MemSetWorklet<float>'\n     364       using MaskType = typename WorkletType::MaskType;\n     365                                                      ^\n  >> 366    /tmp/koparasy/spack-stage/spack-stage-vtk-h-0.6.4-i2rag2tw7sgppxn43\n            e5idnwn7734ldyf/spack-src/src/vtkh/DataSet.cpp:70:45: error: invali\n            d use of incomplete type 'class vtkm::worklet::WorkletMapField'",
    "mbn6ao6vzpnwkzwlib/include/vtkm-1.6/vtkm/worklet/internal/Dispatche\n            rBase.h:595:50: error: no type named 'MaskType' in 'class vtkh::det\n            ail::MemSetWorklet<float>'\n     364       using MaskType = typename WorkletType::MaskType;\n     365                                                      ^\n  >> 366    /tmp/koparasy/spack-stage/spack-stage-vtk-h-0.6.4-i2rag2tw7sgppxn43\ne5idnwn7734ldyf/spack-src/src/vtkh/DataSet.cpp:70:45: error: invali\n            d use of incomplete type 'class vtkm::worklet::WorkletMapField'\n     367     class MemSetWorklet : public vtkm::worklet::WorkletMapField\n     368                                                 ^~~~~~~~~~~~~~~\n     369    In file included from /tmp/koparasy/spack-stage/spack-stage-vtk-h-0\n            .6.4-i2rag2tw7sgppxn43e5idnwn7734ldyf/spack-src/src/vtkh/DataSet.cp\n            p:15:",
    "mbn6ao6vzpnwkzwlib/include/vtkm-1.6/vtkm/worklet/DispatcherMapField\n            .h:20:7: note: forward declaration of 'class vtkm::worklet::Worklet\n            MapField'\n     371     class WorkletMapField;\n     372           ^~~~~~~~~~~~~~~\n  >> 373    /tmp/koparasy/spack-stage/spack-stage-vtk-h-0.6.4-i2rag2tw7sgppxn43\ne5idnwn7734ldyf/spack-src/src/vtkh/DataSet.cpp:81:33: error: 'Field\n            Out' has not been declared\n     374       typedef void ControlSignature(FieldOut);\n     375                                     ^~~~~~~~\n  >> 376    /tmp/koparasy/spack-stage/spack-stage-vtk-h-0.6.4-i2rag2tw7sgppxn43\n            e5idnwn7734ldyf/spack-src/src/vtkh/DataSet.cpp:82:35: error: '_1' h\n            as not been declared",
    ">> 373    /tmp/koparasy/spack-stage/spack-stage-vtk-h-0.6.4-i2rag2tw7sgppxn43\n            e5idnwn7734ldyf/spack-src/src/vtkh/DataSet.cpp:81:33: error: 'Field\n            Out' has not been declared\n     374       typedef void ControlSignature(FieldOut);\n     375                                     ^~~~~~~~\n  >> 376    /tmp/koparasy/spack-stage/spack-stage-vtk-h-0.6.4-i2rag2tw7sgppxn43\ne5idnwn7734ldyf/spack-src/src/vtkh/DataSet.cpp:82:35: error: '_1' h\n            as not been declared\n     377       typedef void ExecutionSignature(_1);\n     378                                       ^~\n     379    In file included from /p/vast1/koparasy/BUILD/spack_cluster_install\n            er/quartz/ascent/spack_env_dir/linux-rhel7-broadwell/gcc-8.3.1/vtk-\n            m-1.6.0-b77d27rzqzlu7fmbn6ao6vzpnwkzwlib/include/vtkm-1.6/vtkm/Depr",
    "390    /tmp/koparasy/spack-stage/spack-stage-vtk-h-0.6.4-i2rag2tw7sgppxn43\n            e5idnwn7734ldyf/spack-src/src/vtkh/DataSet.cpp:647:44:   required f\n            rom here\n  >> 391    /p/vast1/koparasy/BUILD/spack_cluster_installer/quartz/ascent/spack\n            _env_dir/linux-rhel7-broadwell/gcc-8.3.1/vtk-m-1.6.0-b77d27rzqzlu7f\n            mbn6ao6vzpnwkzwlib/include/vtkm-1.6/vtkm/worklet/internal/Dispatche\nrBase.h:228:5: error: static assertion failed: Provided a type that\n             is not a valid ControlSignature tag.\n     392         VTKM_IS_CONTROL_SIGNATURE_TAG(ControlSignatureTag);\n     393         ^\n     394    /p/vast1/koparasy/BUILD/spack_cluster_installer/quartz/ascent/spack\n            _env_dir/linux-rhel7-broadwell/gcc-8.3.1/vtk-m-1.6.0-b77d27rzqzlu7f\n            mbn6ao6vzpnwkzwlib/include/vtkm-1.6/vtkm/worklet/internal/Dispatche",
    "400    /tmp/koparasy/spack-stage/spack-stage-vtk-h-0.6.4-i2rag2tw7sgppxn43\n            e5idnwn7734ldyf/spack-src/src/vtkh/DataSet.cpp:647:44:   required f\n            rom here\n  >> 401    /p/vast1/koparasy/BUILD/spack_cluster_installer/quartz/ascent/spack\n            _env_dir/linux-rhel7-broadwell/gcc-8.3.1/vtk-m-1.6.0-b77d27rzqzlu7f\n            mbn6ao6vzpnwkzwlib/include/vtkm-1.6/vtkm/worklet/internal/Dispatche\nrBase.h:242:5: error: static assertion failed: Provided a type that\n             is not a valid ExecutionSignature tag.\n     402         VTKM_IS_EXECUTION_SIGNATURE_TAG(ExecutionSignatureTag);\n     403         ^\n     404    In file included from /p/vast1/koparasy/BUILD/spack_cluster_install\n            er/quartz/ascent/spack_env_dir/linux-rhel7-broadwell/gcc-8.3.1/vtk-\n            m-1.6.0-b77d27rzqzlu7fmbn6ao6vzpnwkzwlib/include/vtkm-1.6/vtkm/work",
    "409    /tmp/koparasy/spack-stage/spack-stage-vtk-h-0.6.4-i2rag2tw7sgppxn43\n            e5idnwn7734ldyf/spack-src/src/vtkh/DataSet.cpp:647:44:   required f\n            rom here\n  >> 410    /p/vast1/koparasy/BUILD/spack_cluster_installer/quartz/ascent/spack\n            _env_dir/linux-rhel7-broadwell/gcc-8.3.1/vtk-m-1.6.0-b77d27rzqzlu7f\n            mbn6ao6vzpnwkzwlib/include/vtkm-1.6/vtkm/worklet/internal/Dispatche\nrBase.h:594:56: error: no type named 'ScatterType' in 'class vtkh::\n            detail::MemSetWorklet<float>'\n     411       using ScatterType = typename WorkletType::ScatterType;\n     412                                                            ^\n  >> 413    /p/vast1/koparasy/BUILD/spack_cluster_installer/quartz/ascent/spack\n            _env_dir/linux-rhel7-broadwell/gcc-8.3.1/vtk-m-1.6.0-b77d27rzqzlu7f\n            mbn6ao6vzpnwkzwlib/include/vtkm-1.6/vtkm/worklet/internal/Dispatche",
    "detail::MemSetWorklet<float>'\n     411       using ScatterType = typename WorkletType::ScatterType;\n     412                                                            ^\n  >> 413    /p/vast1/koparasy/BUILD/spack_cluster_installer/quartz/ascent/spack\n            _env_dir/linux-rhel7-broadwell/gcc-8.3.1/vtk-m-1.6.0-b77d27rzqzlu7f\n            mbn6ao6vzpnwkzwlib/include/vtkm-1.6/vtkm/worklet/internal/Dispatche\nrBase.h:595:50: error: no type named 'MaskType' in 'class vtkh::det\n            ail::MemSetWorklet<float>'\n     414       using MaskType = typename WorkletType::MaskType;\n     415                                                      ^\n  >> 416    make[2]: *** [vtkh/CMakeFiles/vtkh_core.dir/DataSet.cpp.o] Error 1\n     417    make[2]: *** Waiting for unfinished jobs....\n     418    [ 13%] Building CXX object vtkh/CMakeFiles/vtkh_core_mpi.dir/Timer.",
    "_env_dir/linux-rhel7-broadwell/gcc-8.3.1/vtk-m-1.6.0-b77d27rzqzlu7f\n            mbn6ao6vzpnwkzwlib/include/vtkm-1.6/vtkm/worklet/internal/Dispatche\n            rBase.h:595:50: error: no type named 'MaskType' in 'class vtkh::det\n            ail::MemSetWorklet<float>'\n     414       using MaskType = typename WorkletType::MaskType;\n     415                                                      ^\n>> 416    make[2]: *** [vtkh/CMakeFiles/vtkh_core.dir/DataSet.cpp.o] Error 1\n     417    make[2]: *** Waiting for unfinished jobs....\n     418    [ 13%] Building CXX object vtkh/CMakeFiles/vtkh_core_mpi.dir/Timer.\n            cpp.o\n     419    cd /tmp/koparasy/spack-stage/spack-stage-vtk-h-0.6.4-i2rag2tw7sgppx\n            n43e5idnwn7734ldyf/spack-src/spack-build/vtkh && /p/vast1/koparasy/\n            BUILD/spack/lib/spack/env/gcc/g++ -DVTKH_COMPILING_FLAG -DVTKH_PARA",
    "h/Timer.cpp\n  >> 420    make[2]: *** [vtkh/CMakeFiles/vtkh_core_mpi.dir/DataSet.cpp.o] Erro\n            r 1\n     421    make[2]: *** Waiting for unfinished jobs....\n     422    make[2]: Leaving directory `/tmp/koparasy/spack-stage/spack-stage-v\n            tk-h-0.6.4-i2rag2tw7sgppxn43e5idnwn7734ldyf/spack-src/spack-build'\n>> 423    make[1]: *** [vtkh/CMakeFiles/vtkh_core_mpi.dir/all] Error 2\n     424    make[2]: Leaving directory `/tmp/koparasy/spack-stage/spack-stage-v\n            tk-h-0.6.4-i2rag2tw7sgppxn43e5idnwn7734ldyf/spack-src/spack-build'\n  >> 425    make[1]: *** [vtkh/CMakeFiles/vtkh_core.dir/all] Error 2\n     426    make[1]: Leaving directory `/tmp/koparasy/spack-stage/spack-stage-v\n            tk-h-0.6.4-i2rag2tw7sgppxn43e5idnwn7734ldyf/spack-src/spack-build'\n  >> 427    make: *** [all] Error 2",
    "421    make[2]: *** Waiting for unfinished jobs....\n     422    make[2]: Leaving directory `/tmp/koparasy/spack-stage/spack-stage-v\n            tk-h-0.6.4-i2rag2tw7sgppxn43e5idnwn7734ldyf/spack-src/spack-build'\n  >> 423    make[1]: *** [vtkh/CMakeFiles/vtkh_core_mpi.dir/all] Error 2\n     424    make[2]: Leaving directory `/tmp/koparasy/spack-stage/spack-stage-v\n            tk-h-0.6.4-i2rag2tw7sgppxn43e5idnwn7734ldyf/spack-src/spack-build'\n>> 425    make[1]: *** [vtkh/CMakeFiles/vtkh_core.dir/all] Error 2\n     426    make[1]: Leaving directory `/tmp/koparasy/spack-stage/spack-stage-v\n            tk-h-0.6.4-i2rag2tw7sgppxn43e5idnwn7734ldyf/spack-src/spack-build'\n  >> 427    make: *** [all] Error 2\n\nSee build log for details:\n  /var/tmp/koparasy/spack-stage/spack-stage-vtk-h-0.6.4-i2rag2tw7sgppxn43e5idnwn7734ldyf/spack-build-out.txt",
    ">> 423    make[1]: *** [vtkh/CMakeFiles/vtkh_core_mpi.dir/all] Error 2\n     424    make[2]: Leaving directory `/tmp/koparasy/spack-stage/spack-stage-v\n            tk-h-0.6.4-i2rag2tw7sgppxn43e5idnwn7734ldyf/spack-src/spack-build'\n  >> 425    make[1]: *** [vtkh/CMakeFiles/vtkh_core.dir/all] Error 2\n     426    make[1]: Leaving directory `/tmp/koparasy/spack-stage/spack-stage-v\n            tk-h-0.6.4-i2rag2tw7sgppxn43e5idnwn7734ldyf/spack-src/spack-build'\n>> 427    make: *** [all] Error 2\n\nSee build log for details:\n  /var/tmp/koparasy/spack-stage/spack-stage-vtk-h-0.6.4-i2rag2tw7sgppxn43e5idnwn7734ldyf/spack-build-out.txt\n\nTraceback (most recent call last):\n  File \"/p/vast1/koparasy/BUILD/spack/lib/spack/spack/build_environment.py\", line 1035, in _setup_pkg_and_run"
]