[
    ":cmQtAutoMocUicT::JobCompileUicT>]' used but never defined\n     2579           unique_ptr(pointer __p) noexcept\n     2580           ^~~~~~~~~~\n  >> 2581    make[2]: *** [Source/CMakeFiles/CMakeLib.dir/cmQtAutoMocUic.cxx.o]\n              Error 1\n     2582    make[2]: *** Waiting for unfinished jobs....\n>> 2583    make[1]: *** [Source/CMakeFiles/CMakeLib.dir/all] Error 2\n  >> 2584    make: *** [all] Error 2\n\nSee build log for details:\n  /var/tmp/koparasy/spack-stage/spack-stage-cmake-3.17.3-zlwa4mb4wimhqqomvgrt3rncwdqrk7zy/spack-build-out.txt\n\nTraceback (most recent call last):",
    "2579           unique_ptr(pointer __p) noexcept\n     2580           ^~~~~~~~~~\n  >> 2581    make[2]: *** [Source/CMakeFiles/CMakeLib.dir/cmQtAutoMocUic.cxx.o]\n              Error 1\n     2582    make[2]: *** Waiting for unfinished jobs....\n  >> 2583    make[1]: *** [Source/CMakeFiles/CMakeLib.dir/all] Error 2\n>> 2584    make: *** [all] Error 2\n\nSee build log for details:\n  /var/tmp/koparasy/spack-stage/spack-stage-cmake-3.17.3-zlwa4mb4wimhqqomvgrt3rncwdqrk7zy/spack-build-out.txt\n\nTraceback (most recent call last):\n  File \"/p/vast1/koparasy/BUILD/head/spack/lib/spack/spack/build_environment.py\", line 1035, in _setup_pkg_and_run",
    "..)); }\n     2576                                  ^~~~~~~~~~~~~~~~~~~~~~~~~~~~~~~~~~~~\n             ~~~\n     2577    [ 71%] Building CXX object Source/CMakeFiles/CMakeLib.dir/cmRST.cx\n             x.o\n     2578    /usr/tce/packages/gcc/gcc-6.1.0/include/c++/6.1.0/bits/unique_ptr.\nh:170:7: warning: 'std::unique_ptr<_Tp, _Dp>::unique_ptr(std::uniq\n             ue_ptr<_Tp, _Dp>::pointer) noexcept [with _Tp = {anonymous}::cmQtA\n             utoMocUicT::JobCompileUicT; _Dp = std::default_delete<{anonymous}:\n             :cmQtAutoMocUicT::JobCompileUicT>]' used but never defined\n     2579           unique_ptr(pointer __p) noexcept\n     2580           ^~~~~~~~~~\n  >> 2581    make[2]: *** [Source/CMakeFiles/CMakeLib.dir/cmQtAutoMocUic.cxx.o]"
]