[
    "228     checking for C compiler flag --param max-inline-insns-single=35000\n             ... checking for C compiler flag --param max-inline-insns-single=3\n             5000... yes\n     229     yes\n  >> 230     checking for C compiler flag --param max-inline-insns=100000... ch\n             ecking for C compiler flag --param max-inline-insns=100000... no/e\nrror: cc1: error: invalid --param name 'max-inline-insns'; did you\n              mean 'max-combine-insns'?\n  >> 231     no/error: cc1: error: invalid --param name 'max-inline-insns'; did\n              you mean 'max-combine-insns'?\n     232     checking for C compiler flag --param inline-unit-growth=10000... c\n             hecking for C compiler flag --param inline-unit-growth=10000... ye\n             s",
    "5000... yes\n     229     yes\n  >> 230     checking for C compiler flag --param max-inline-insns=100000... ch\n             ecking for C compiler flag --param max-inline-insns=100000... no/e\n             rror: cc1: error: invalid --param name 'max-inline-insns'; did you\n              mean 'max-combine-insns'?\n>> 231     no/error: cc1: error: invalid --param name 'max-inline-insns'; did\n              you mean 'max-combine-insns'?\n     232     checking for C compiler flag --param inline-unit-growth=10000... c\n             hecking for C compiler flag --param inline-unit-growth=10000... ye\n             s\n     233     yes\n     234     checking for C compiler flag --param large-function-growth=200000.",
    "c-9.3.1/upcxx-2020.10.0-fv2qg2t543m7ucuavoynesnt4hcbdyj2/gasnet.op\n             t/include/gasnet_ammacros.h\n     3001    /usr/bin/install: cannot create regular file '/p/vast1/koparasy/BU\n             ILD/spack_cluster_installer/quartz/upcxx/spack_env_dir/linux-rhel7\n             -broadwell/gcc-9.3.1/upcxx-2020.10.0-fv2qg2t543m7ucuavoynesnt4hcbd\n             yj2/gasnet.opt/include/gasnet_ammacros.h': File exists\n>> 3002    make[5]: *** [install-data-local] Error 1\n     3003    make[5]: *** Waiting for unfinished jobs....\n     3004     /usr/bin/mkdir -p '/p/vast1/koparasy/BUILD/spack_cluster_installe\n             r/quartz/upcxx/spack_env_dir/linux-rhel7-broadwell/gcc-9.3.1/upcxx\n             -2020.10.0-fv2qg2t543m7ucuavoynesnt4hcbdyj2/gasnet.debug/include'\n     3005    Making install-data in .\n     3006     /usr/bin/install -c -m 644 /tmp/koparasy/spack-stage/spack-stage-",
    "3016     /usr/bin/install -c -m 644 /tmp/koparasy/spack-stage/spack-stage-\n             upcxx-2020.10.0-mzpu3kiv7pemgjo2lbd5kg67hru7z7xv/spack-src/bld/GAS\n             Net-2020.10.0/smp-conduit/gasnet_core.h /p/vast1/koparasy/BUILD/sp\n             ack_cluster_installer/quartz/upcxx/spack_env_dir/linux-rhel7-broad\n             well/gcc-9.3.1/upcxx-2020.10.0-fv2qg2t543m7ucuavoynesnt4hcbdyj2/ga\n             snet.debug/include/smp-conduit/gasnet_core.h\n>> 3017    make[5]: *** [install-includeHEADERS] Error 1\n  >> 3018    make[4]: *** [install-am] Error 2\n  >> 3019    make[3]: *** [install-recursive] Error 1\n  >> 3020    make[2]: *** [do-gasnet-install-opt] Error 2\n     3021    make[2]: *** Waiting for unfinished jobs....\n     3022     /usr/bin/install -c -m 644 /tmp/koparasy/spack-stage/spack-stage-\n             upcxx-2020.10.0-mzpu3kiv7pemgjo2lbd5kg67hru7z7xv/spack-src/bld/GAS",
    "upcxx-2020.10.0-mzpu3kiv7pemgjo2lbd5kg67hru7z7xv/spack-src/bld/GAS\n             Net-2020.10.0/smp-conduit/gasnet_core.h /p/vast1/koparasy/BUILD/sp\n             ack_cluster_installer/quartz/upcxx/spack_env_dir/linux-rhel7-broad\n             well/gcc-9.3.1/upcxx-2020.10.0-fv2qg2t543m7ucuavoynesnt4hcbdyj2/ga\n             snet.debug/include/smp-conduit/gasnet_core.h\n  >> 3017    make[5]: *** [install-includeHEADERS] Error 1\n>> 3018    make[4]: *** [install-am] Error 2\n  >> 3019    make[3]: *** [install-recursive] Error 1\n  >> 3020    make[2]: *** [do-gasnet-install-opt] Error 2\n     3021    make[2]: *** Waiting for unfinished jobs....\n     3022     /usr/bin/install -c -m 644 /tmp/koparasy/spack-stage/spack-stage-\n             upcxx-2020.10.0-mzpu3kiv7pemgjo2lbd5kg67hru7z7xv/spack-src/bld/GAS\n             Net-2020.10.0/smp-conduit/gasnet_core_fwd.h /p/vast1/koparasy/BUIL",
    "Net-2020.10.0/smp-conduit/gasnet_core.h /p/vast1/koparasy/BUILD/sp\n             ack_cluster_installer/quartz/upcxx/spack_env_dir/linux-rhel7-broad\n             well/gcc-9.3.1/upcxx-2020.10.0-fv2qg2t543m7ucuavoynesnt4hcbdyj2/ga\n             snet.debug/include/smp-conduit/gasnet_core.h\n  >> 3017    make[5]: *** [install-includeHEADERS] Error 1\n  >> 3018    make[4]: *** [install-am] Error 2\n>> 3019    make[3]: *** [install-recursive] Error 1\n  >> 3020    make[2]: *** [do-gasnet-install-opt] Error 2\n     3021    make[2]: *** Waiting for unfinished jobs....\n     3022     /usr/bin/install -c -m 644 /tmp/koparasy/spack-stage/spack-stage-\n             upcxx-2020.10.0-mzpu3kiv7pemgjo2lbd5kg67hru7z7xv/spack-src/bld/GAS\n             Net-2020.10.0/smp-conduit/gasnet_core_fwd.h /p/vast1/koparasy/BUIL\n             D/spack_cluster_installer/quartz/upcxx/spack_env_dir/linux-rhel7-b",
    "ack_cluster_installer/quartz/upcxx/spack_env_dir/linux-rhel7-broad\n             well/gcc-9.3.1/upcxx-2020.10.0-fv2qg2t543m7ucuavoynesnt4hcbdyj2/ga\n             snet.debug/include/smp-conduit/gasnet_core.h\n  >> 3017    make[5]: *** [install-includeHEADERS] Error 1\n  >> 3018    make[4]: *** [install-am] Error 2\n  >> 3019    make[3]: *** [install-recursive] Error 1\n>> 3020    make[2]: *** [do-gasnet-install-opt] Error 2\n     3021    make[2]: *** Waiting for unfinished jobs....\n     3022     /usr/bin/install -c -m 644 /tmp/koparasy/spack-stage/spack-stage-\n             upcxx-2020.10.0-mzpu3kiv7pemgjo2lbd5kg67hru7z7xv/spack-src/bld/GAS\n             Net-2020.10.0/smp-conduit/gasnet_core_fwd.h /p/vast1/koparasy/BUIL\n             D/spack_cluster_installer/quartz/upcxx/spack_env_dir/linux-rhel7-b\n             roadwell/gcc-9.3.1/upcxx-2020.10.0-fv2qg2t543m7ucuavoynesnt4hcbdyj",
    "cxx/spack_env_dir/linux-rhel7-broadwell/gcc-9.3.1/upcxx-2020.10.0-\n             fv2qg2t543m7ucuavoynesnt4hcbdyj2/gasnet.debug/lib/pkgconfig/gasnet\n             _tools-par.pc from /p/vast1/koparasy/BUILD/spack_cluster_installer\n             /quartz/upcxx/spack_env_dir/linux-rhel7-broadwell/gcc-9.3.1/upcxx-\n             2020.10.0-fv2qg2t543m7ucuavoynesnt4hcbdyj2/gasnet.debug/include/ga\n             snet_tools-par.mak...\n>> 3176    make[1]: *** [install] Error 2\n     3177\n     3178    ********\n     3179    UPC++ installation failed. Please report the ENTIRE log above to:\n             upcxx@googlegroups.com\n     3180    ********\n     3181",
    "3177\n     3178    ********\n     3179    UPC++ installation failed. Please report the ENTIRE log above to:\n             upcxx@googlegroups.com\n     3180    ********\n     3181\n>> 3182    make[1]: *** [failure] Error 1\n  >> 3183    make: *** [install] Error 2\n\nSee build log for details:\n  /var/tmp/koparasy/spack-stage/spack-stage-upcxx-2020.10.0-mzpu3kiv7pemgjo2lbd5kg67hru7z7xv/spack-build-out.txt\n\nTraceback (most recent call last):",
    "3178    ********\n     3179    UPC++ installation failed. Please report the ENTIRE log above to:\n             upcxx@googlegroups.com\n     3180    ********\n     3181\n  >> 3182    make[1]: *** [failure] Error 1\n>> 3183    make: *** [install] Error 2\n\nSee build log for details:\n  /var/tmp/koparasy/spack-stage/spack-stage-upcxx-2020.10.0-mzpu3kiv7pemgjo2lbd5kg67hru7z7xv/spack-build-out.txt\n\nTraceback (most recent call last):\n  File \"/p/vast1/koparasy/BUILD/head/spack/lib/spack/spack/build_environment.py\", line 1035, in _setup_pkg_and_run"
]