[
    "ukjyfcdrd6i/spack-src'/lib         --language=M4sh /var/tmp/koparas\n            y/spack-stage/spack-stage-autoconf-2.71-2xjrsbzeubo3g4iwtgt4jukjyfc\n            drd6i/spack-src/tests/wrapper.as -o tests/wrapper.in\n  >> 104    /bin/sh: bin/autom4te: /p/vast1/koparasy/BUILD/spack_cluster_instal\n            ler/quartz/adios/spack_env_dir/li: bad interpreter: No such file or\n             directory\n>> 105    make[1]: *** [tests/wrapper.in] Error 126\n     106    make[1]: *** Waiting for unfinished jobs....\n     107    chmod +x bin/autoscan.tmp\n     108    chmod a-w bin/autoscan.tmp\n     109    chmod +x bin/ifnames.tmp\n     110    chmod +x bin/autoupdate.tmp\n     111    mv bin/autoscan.tmp bin/autoscan",
    "113    chmod a-w bin/autoupdate.tmp\n     114    mv bin/ifnames.tmp bin/ifnames\n     115    mv bin/autoupdate.tmp bin/autoupdate\n     116    make[1]: Leaving directory `/tmp/koparasy/spack-stage/spack-stage-a\n            utoconf-2.71-2xjrsbzeubo3g4iwtgt4jukjyfcdrd6i/spack-src/spack-build\n            '\n>> 117    make: *** [all] Error 2\n\nSee build log for details:\n  /var/tmp/koparasy/spack-stage/spack-stage-autoconf-2.71-2xjrsbzeubo3g4iwtgt4jukjyfcdrd6i/spack-build-out.txt\n\nTraceback (most recent call last):\n  File \"/p/vast1/koparasy/BUILD/spack/lib/spack/spack/build_environment.py\", line 1035, in _setup_pkg_and_run"
]