[
    "uster_installer/quartz/tau/spack_env_dir/linux-rhel7-broadwell/gcc-\n            7.3.0/libdwarf-20130729-gapn4vl4sidvhqrhop42yy4spr7b7jzk/lib    -c\n            -o print_die.o print_die.cc\n     246    print_die.cc: In function 'bool print_attribute(Dwarf_Debug, Dwarf_\n            Die, Dwarf_Half, Dwarf_Attribute, bool, int, DieVec&, SrcfilesHolde\n            r&)':\n>> 247    print_die.cc:2134:58: error: no match for 'operator<<' (operand typ\n            es are 'std::basic_ostream<char>' and 'std::ostream {aka std::basic\n            _ostream<char>}')\n     248                                     cout << \"Low = \" <<\n     249                                     ~~~~~~~~~~~~~~~~~~~\n     250                                         IToHex0N(lowAddr,10) <<\n     251                                         ~~~~~~~~~~~~~~~~~~~~~^~",
    ".h:6272:5: note:   template argument deduction/substitution failed:\n     545    print_die.cc:2135:33: note:   'std::ostream {aka std::basic_ostream\n            <char>}' is not derived from 'const std::__cxx11::basic_string<_Cha\n            rT, _Traits, _Alloc>'\n     546                                     cout << \"High = \" <<\n     547                                     ^~~~\n>> 548    make: *** [print_die.o] Error 1\n\nSee build log for details:\n  /var/tmp/koparasy/spack-stage/spack-stage-libdwarf-20130729-juvmbfcvi7ikakxebsnzlvfm7ymvb2q3/spack-build-out.txt\n\nTraceback (most recent call last):\n  File \"/p/vast1/koparasy/BUILD/head/spack/lib/spack/spack/build_environment.py\", line 1035, in _setup_pkg_and_run"
]