[
    "112\n     113    Current thread 0x00002aaaaab16940 (most recent call first):\n     114    /bin/sh: line 1: 55954 Aborted                 (core dumped) /usr/t\n            ce/bin/python3 /tmp/koparasy/spack-stage/spack-stage-phist-1.7.5-o5\n            khcep4n22fvfglnxlihyrlnculjtlw/spack-build-o5khcep/cxx_bindings/mak\n            e_cxx_bindings.py\n>> 115    make[2]: *** [cxx_bindings/phist_kernels.hpp] Error 134\n     116    make[2]: Leaving directory `/tmp/koparasy/spack-stage/spack-stage-p\n            hist-1.7.5-o5khcep4n22fvfglnxlihyrlnculjtlw/spack-build-o5khcep'\n  >> 117    make[1]: *** [cxx_bindings/CMakeFiles/cxx_headers.dir/all] Error 2\n     118    make[1]: Leaving directory `/tmp/koparasy/spack-stage/spack-stage-p\n            hist-1.7.5-o5khcep4n22fvfglnxlihyrlnculjtlw/spack-build-o5khcep'\n  >> 119    make: *** [all] Error 2",
    "ce/bin/python3 /tmp/koparasy/spack-stage/spack-stage-phist-1.7.5-o5\n            khcep4n22fvfglnxlihyrlnculjtlw/spack-build-o5khcep/cxx_bindings/mak\n            e_cxx_bindings.py\n  >> 115    make[2]: *** [cxx_bindings/phist_kernels.hpp] Error 134\n     116    make[2]: Leaving directory `/tmp/koparasy/spack-stage/spack-stage-p\n            hist-1.7.5-o5khcep4n22fvfglnxlihyrlnculjtlw/spack-build-o5khcep'\n>> 117    make[1]: *** [cxx_bindings/CMakeFiles/cxx_headers.dir/all] Error 2\n     118    make[1]: Leaving directory `/tmp/koparasy/spack-stage/spack-stage-p\n            hist-1.7.5-o5khcep4n22fvfglnxlihyrlnculjtlw/spack-build-o5khcep'\n  >> 119    make: *** [all] Error 2\n\nSee build log for details:\n  /var/tmp/koparasy/spack-stage/spack-stage-phist-1.7.5-o5khcep4n22fvfglnxlihyrlnculjtlw/spack-build-out.txt",
    ">> 115    make[2]: *** [cxx_bindings/phist_kernels.hpp] Error 134\n     116    make[2]: Leaving directory `/tmp/koparasy/spack-stage/spack-stage-p\n            hist-1.7.5-o5khcep4n22fvfglnxlihyrlnculjtlw/spack-build-o5khcep'\n  >> 117    make[1]: *** [cxx_bindings/CMakeFiles/cxx_headers.dir/all] Error 2\n     118    make[1]: Leaving directory `/tmp/koparasy/spack-stage/spack-stage-p\n            hist-1.7.5-o5khcep4n22fvfglnxlihyrlnculjtlw/spack-build-o5khcep'\n>> 119    make: *** [all] Error 2\n\nSee build log for details:\n  /var/tmp/koparasy/spack-stage/spack-stage-phist-1.7.5-o5khcep4n22fvfglnxlihyrlnculjtlw/spack-build-out.txt\n\nTraceback (most recent call last):\n  File \"/p/vast1/koparasy/BUILD/head/spack/lib/spack/spack/build_environment.py\", line 1035, in _setup_pkg_and_run"
]