[
    "5.0-yylyofksxvf6hv44fukx2az2uo7wnudb/spack-src/src/axom/quest/MeshT\n            ester.hpp:26,\n     251                     from /tmp/koparasy/spack-stage/spack-stage-axom-0.\n            5.0-yylyofksxvf6hv44fukx2az2uo7wnudb/spack-src/src/axom/quest/MeshT\n            ester.cpp:7:\n  >> 252    /tmp/koparasy/spack-stage/spack-stage-axom-0.5.0-yylyofksxvf6hv44fu\nkx2az2uo7wnudb/spack-src/src/axom/spin/BVH.hpp:20:4: error: #error\n            *** The spin::BVH class requires RAJA and Umpire ***\n     253       #error*** The spin::BVH class requires RAJA and Umpire ***\n     254        ^~~~~\n     255    [ 11%] Building CXX object axom/core/CMakeFiles/core.dir/utilities/\n            nvtx/interface.cpp.o\n     256    cd /tmp/koparasy/spack-stage/spack-stage-axom-0.5.0-yylyofksxvf6hv4",
    "276    /tmp/koparasy/spack-stage/spack-stage-axom-0.5.0-yylyofksxvf6hv44fu\n            kx2az2uo7wnudb/spack-src/src/axom/quest/MeshTester.hpp: In function\n             'void axom::quest::findTriMeshIntersectionsBVH(axom::mint::Unstruc\n            turedMesh<(axom::mint::Topology)0>*, std::vector<std::pair<int, int\n            > >&, std::vector<int>&, double)':\n  >> 277    /tmp/koparasy/spack-stage/spack-stage-axom-0.5.0-yylyofksxvf6hv44fu\nkx2az2uo7wnudb/spack-src/src/axom/quest/MeshTester.hpp:119:3: error\n            : 'umpire' has not been declared\n     278       umpire::ResourceManager& rm = umpire::ResourceManager::getInstan\n            ce();\n     279       ^~~~~~\n  >> 280    /tmp/koparasy/spack-stage/spack-stage-axom-0.5.0-yylyofksxvf6hv44fu\n            kx2az2uo7wnudb/spack-src/src/axom/quest/MeshTester.hpp:119:28: erro",
    "kx2az2uo7wnudb/spack-src/src/axom/quest/MeshTester.hpp:119:33: erro\n            r: 'umpire' has not been declared\n     288       umpire::ResourceManager& rm = umpire::ResourceManager::getInstan\n            ce();\n     289                                     ^~~~~~\n  >> 290    /tmp/koparasy/spack-stage/spack-stage-axom-0.5.0-yylyofksxvf6hv44fu\nkx2az2uo7wnudb/spack-src/src/axom/quest/MeshTester.hpp:122:3: error\n            : 'umpire' has not been declared\n     291       umpire::Allocator allocator =\n     292       ^~~~~~\n  >> 293    /tmp/koparasy/spack-stage/spack-stage-axom-0.5.0-yylyofksxvf6hv44fu\n            kx2az2uo7wnudb/spack-src/src/axom/quest/MeshTester.hpp:127:3: error\n            : 'umpire' has not been declared",
    ">> 290    /tmp/koparasy/spack-stage/spack-stage-axom-0.5.0-yylyofksxvf6hv44fu\n            kx2az2uo7wnudb/spack-src/src/axom/quest/MeshTester.hpp:122:3: error\n            : 'umpire' has not been declared\n     291       umpire::Allocator allocator =\n     292       ^~~~~~\n  >> 293    /tmp/koparasy/spack-stage/spack-stage-axom-0.5.0-yylyofksxvf6hv44fu\nkx2az2uo7wnudb/spack-src/src/axom/quest/MeshTester.hpp:127:3: error\n            : 'umpire' has not been declared\n     294       umpire::Allocator pool_allocator =\n     295       ^~~~~~\n  >> 296    /tmp/koparasy/spack-stage/spack-stage-axom-0.5.0-yylyofksxvf6hv44fu\n            kx2az2uo7wnudb/spack-src/src/axom/quest/MeshTester.hpp:133:22: erro\n            r: 'pool_allocator' was not declared in this scope",
    "sy/spack-stage/spack-stage-axom-0.5.0-yylyofksxvf6hv44fukx2az2uo7wn\n            udb/spack-src/src/axom/core/Path.cpp\n  >> 336    make[2]: *** [axom/quest/CMakeFiles/quest.dir/MeshTester.cpp.o] Err\n            or 1\n     337    make[2]: Leaving directory `/tmp/koparasy/spack-stage/spack-stage-a\n            xom-0.5.0-yylyofksxvf6hv44fukx2az2uo7wnudb/spack-build-yylyofk'\n>> 338    make[1]: *** [axom/quest/CMakeFiles/quest.dir/all] Error 2\n     339    make[1]: *** Waiting for unfinished jobs....\n     340    [ 14%] Building CXX object axom/core/CMakeFiles/core.dir/Types.cpp.\n            o\n     341    cd /tmp/koparasy/spack-stage/spack-stage-axom-0.5.0-yylyofksxvf6hv4\n            4fukx2az2uo7wnudb/spack-build-yylyofk/axom/core && /p/vast1/koparas\n            y/BUILD/spack/lib/spack/env/gcc/g++ -DAXOM_DEBUG -I/tmp/koparasy/sp",
    "353    [ 16%] Built target slam\n     354    make[2]: Leaving directory `/tmp/koparasy/spack-stage/spack-stage-a\n            xom-0.5.0-yylyofksxvf6hv44fukx2az2uo7wnudb/spack-build-yylyofk'\n     355    [ 16%] Built target core\n     356    make[1]: Leaving directory `/tmp/koparasy/spack-stage/spack-stage-a\n            xom-0.5.0-yylyofksxvf6hv44fukx2az2uo7wnudb/spack-build-yylyofk'\n>> 357    make: *** [all] Error 2\n\nSee build log for details:\n  /var/tmp/koparasy/spack-stage/spack-stage-axom-0.5.0-yylyofksxvf6hv44fukx2az2uo7wnudb/spack-build-out.txt\n\nTraceback (most recent call last):\n  File \"/p/vast1/koparasy/BUILD/spack/lib/spack/spack/build_environment.py\", line 1035, in _setup_pkg_and_run"
]