[
    "ck_cluster_installer/quartz/axom/spack_env_dir/linux-rhel7-broadwel\n            l/gcc-8.3.1/openmpi-4.1.2-g2lj2wqwnnddccx2xla7rbusoyva53ec/lib/libm\n            pi_mpifh.so\n     342    /p/vast1/koparasy/BUILD/spack_cluster_installer/quartz/axom/spack_e\n            nv_dir/linux-rhel7-broadwell/gcc-8.3.1/hwloc-2.6.0-a4t2t4p2u2xwo6y3\n            rn4fwf4cwboasekt/lib: file not recognized: Is a directory\n>> 343    collect2: error: ld returned 1 exit status\n  >> 344    make[2]: *** [examples/lumberjack_basic_ex] Error 1\n     345    make[2]: Leaving directory `/tmp/koparasy/spack-stage/spack-stage-a\n            xom-0.3.2-wffsnsv43fpnttcljj7frbx5amwip6c6/spack-build-wffsnsv'\n  >> 346    make[1]: *** [axom/lumberjack/examples/CMakeFiles/lumberjack_basic_\n            ex.dir/all] Error 2\n     347    make[1]: *** Waiting for unfinished jobs....",
    "l/gcc-8.3.1/openmpi-4.1.2-g2lj2wqwnnddccx2xla7rbusoyva53ec/lib/libm\n            pi_mpifh.so\n     342    /p/vast1/koparasy/BUILD/spack_cluster_installer/quartz/axom/spack_e\n            nv_dir/linux-rhel7-broadwell/gcc-8.3.1/hwloc-2.6.0-a4t2t4p2u2xwo6y3\n            rn4fwf4cwboasekt/lib: file not recognized: Is a directory\n  >> 343    collect2: error: ld returned 1 exit status\n>> 344    make[2]: *** [examples/lumberjack_basic_ex] Error 1\n     345    make[2]: Leaving directory `/tmp/koparasy/spack-stage/spack-stage-a\n            xom-0.3.2-wffsnsv43fpnttcljj7frbx5amwip6c6/spack-build-wffsnsv'\n  >> 346    make[1]: *** [axom/lumberjack/examples/CMakeFiles/lumberjack_basic_\n            ex.dir/all] Error 2\n     347    make[1]: *** Waiting for unfinished jobs....\n     348    [ 28%] Building CXX object axom/mint/CMakeFiles/mint.dir/mesh/Parti",
    "r/spio/interface/c_fortran/wrapfspio.f.o.provides.build\n     400    make[2]: Leaving directory `/tmp/koparasy/spack-stage/spack-stage-a\n            xom-0.3.2-wffsnsv43fpnttcljj7frbx5amwip6c6/spack-build-wffsnsv'\n     401    [ 40%] Built target sidre\n     402    make[1]: Leaving directory `/tmp/koparasy/spack-stage/spack-stage-a\n            xom-0.3.2-wffsnsv43fpnttcljj7frbx5amwip6c6/spack-build-wffsnsv'\n>> 403    make: *** [all] Error 2\n\nSee build log for details:\n  /var/tmp/koparasy/spack-stage/spack-stage-axom-0.3.2-wffsnsv43fpnttcljj7frbx5amwip6c6/spack-build-out.txt\n\nTraceback (most recent call last):\n  File \"/p/vast1/koparasy/BUILD/spack/lib/spack/spack/build_environment.py\", line 1035, in _setup_pkg_and_run"
]