[
    "bfd -I/var/tmp/koparasy/spack-stage/spack-stage-binutils-2.35.2-6e\n             whhdfslk6ajlx4vcf55hacbusxafj4/spack-src/opcodes/../include -I/var\n             /tmp/koparasy/spack-stage/spack-stage-binutils-2.35.2-6ewhhdfslk6a\n             jlx4vcf55hacbusxafj4/spack-src/opcodes/../bfd -W -Wall -Wstrict-pr\n             ototypes -Wmissing-prototypes -Wshadow -g -O2 -c pru-opc.c -o pru-\n             opc.o >/dev/null 2>&1\n>> 4145    clang++: error: linker command failed with exit code 1 (use -v to\n             see invocation)\n  >> 4146    make[4]: *** [ld-new] Error 1\n     4147    make[4]: *** Waiting for unfinished jobs....\n     4148    /bin/sh ./libtool  --tag=CC   --mode=compile /p/vast1/koparasy/BUI\n             LD/head/spack/lib/spack/env/oneapi/icx -DHAVE_CONFIG_H -I. -I/var/\n             tmp/koparasy/spack-stage/spack-stage-binutils-2.35.2-6ewhhdfslk6aj",
    "/tmp/koparasy/spack-stage/spack-stage-binutils-2.35.2-6ewhhdfslk6a\n             jlx4vcf55hacbusxafj4/spack-src/opcodes/../bfd -W -Wall -Wstrict-pr\n             ototypes -Wmissing-prototypes -Wshadow -g -O2 -c pru-opc.c -o pru-\n             opc.o >/dev/null 2>&1\n  >> 4145    clang++: error: linker command failed with exit code 1 (use -v to\n             see invocation)\n>> 4146    make[4]: *** [ld-new] Error 1\n     4147    make[4]: *** Waiting for unfinished jobs....\n     4148    /bin/sh ./libtool  --tag=CC   --mode=compile /p/vast1/koparasy/BUI\n             LD/head/spack/lib/spack/env/oneapi/icx -DHAVE_CONFIG_H -I. -I/var/\n             tmp/koparasy/spack-stage/spack-stage-binutils-2.35.2-6ewhhdfslk6aj\n             lx4vcf55hacbusxafj4/spack-src/opcodes  -I. -I/var/tmp/koparasy/spa\n             ck-stage/spack-stage-binutils-2.35.2-6ewhhdfslk6ajlx4vcf55hacbusxa",
    "ng)':\n  >> 4172    /tmp/koparasy/spack-stage/spack-stage-binutils-2.35.2-6ewhhdfslk6a\n             jlx4vcf55hacbusxafj4/spack-src/gold/aarch64.cc:4046: undefined ref\n             erence to `gold::Sized_symbol<64>::Value_type gold::Symbol_table::\n             compute_final_value<64>(gold::Sized_symbol<64> const*, gold::Symbo\n             l_table::Compute_final_value_status*) const'\n>> 4173    clang++: error: linker command failed with exit code 1 (use -v to\n             see invocation)\n  >> 4174    make[4]: *** [incremental-dump] Error 1\n     4175    make[4]: Leaving directory `/tmp/koparasy/spack-stage/spack-stage-\n             binutils-2.35.2-6ewhhdfslk6ajlx4vcf55hacbusxafj4/spack-src/gold'\n  >> 4176    make[3]: *** [all-recursive] Error 1\n     4177    make[3]: Leaving directory `/tmp/koparasy/spack-stage/spack-stage-",
    "jlx4vcf55hacbusxafj4/spack-src/gold/aarch64.cc:4046: undefined ref\n             erence to `gold::Sized_symbol<64>::Value_type gold::Symbol_table::\n             compute_final_value<64>(gold::Sized_symbol<64> const*, gold::Symbo\n             l_table::Compute_final_value_status*) const'\n  >> 4173    clang++: error: linker command failed with exit code 1 (use -v to\n             see invocation)\n>> 4174    make[4]: *** [incremental-dump] Error 1\n     4175    make[4]: Leaving directory `/tmp/koparasy/spack-stage/spack-stage-\n             binutils-2.35.2-6ewhhdfslk6ajlx4vcf55hacbusxafj4/spack-src/gold'\n  >> 4176    make[3]: *** [all-recursive] Error 1\n     4177    make[3]: Leaving directory `/tmp/koparasy/spack-stage/spack-stage-\n             binutils-2.35.2-6ewhhdfslk6ajlx4vcf55hacbusxafj4/spack-src/gold'\n  >> 4178    make[2]: *** [all] Error 2",
    "l_table::Compute_final_value_status*) const'\n  >> 4173    clang++: error: linker command failed with exit code 1 (use -v to\n             see invocation)\n  >> 4174    make[4]: *** [incremental-dump] Error 1\n     4175    make[4]: Leaving directory `/tmp/koparasy/spack-stage/spack-stage-\n             binutils-2.35.2-6ewhhdfslk6ajlx4vcf55hacbusxafj4/spack-src/gold'\n>> 4176    make[3]: *** [all-recursive] Error 1\n     4177    make[3]: Leaving directory `/tmp/koparasy/spack-stage/spack-stage-\n             binutils-2.35.2-6ewhhdfslk6ajlx4vcf55hacbusxafj4/spack-src/gold'\n  >> 4178    make[2]: *** [all] Error 2\n     4179    make[2]: Leaving directory `/tmp/koparasy/spack-stage/spack-stage-\n             binutils-2.35.2-6ewhhdfslk6ajlx4vcf55hacbusxafj4/spack-src/gold'\n  >> 4180    make[1]: *** [all-gold] Error 2",
    ">> 4174    make[4]: *** [incremental-dump] Error 1\n     4175    make[4]: Leaving directory `/tmp/koparasy/spack-stage/spack-stage-\n             binutils-2.35.2-6ewhhdfslk6ajlx4vcf55hacbusxafj4/spack-src/gold'\n  >> 4176    make[3]: *** [all-recursive] Error 1\n     4177    make[3]: Leaving directory `/tmp/koparasy/spack-stage/spack-stage-\n             binutils-2.35.2-6ewhhdfslk6ajlx4vcf55hacbusxafj4/spack-src/gold'\n>> 4178    make[2]: *** [all] Error 2\n     4179    make[2]: Leaving directory `/tmp/koparasy/spack-stage/spack-stage-\n             binutils-2.35.2-6ewhhdfslk6ajlx4vcf55hacbusxafj4/spack-src/gold'\n  >> 4180    make[1]: *** [all-gold] Error 2\n     4181    make[1]: *** Waiting for unfinished jobs....\n     4182    /bin/sh ./libtool  --tag=CC   --mode=compile /p/vast1/koparasy/BUI\n             LD/head/spack/lib/spack/env/oneapi/icx -DHAVE_CONFIG_H -I. -I/var/",
    ">> 4176    make[3]: *** [all-recursive] Error 1\n     4177    make[3]: Leaving directory `/tmp/koparasy/spack-stage/spack-stage-\n             binutils-2.35.2-6ewhhdfslk6ajlx4vcf55hacbusxafj4/spack-src/gold'\n  >> 4178    make[2]: *** [all] Error 2\n     4179    make[2]: Leaving directory `/tmp/koparasy/spack-stage/spack-stage-\n             binutils-2.35.2-6ewhhdfslk6ajlx4vcf55hacbusxafj4/spack-src/gold'\n>> 4180    make[1]: *** [all-gold] Error 2\n     4181    make[1]: *** Waiting for unfinished jobs....\n     4182    /bin/sh ./libtool  --tag=CC   --mode=compile /p/vast1/koparasy/BUI\n             LD/head/spack/lib/spack/env/oneapi/icx -DHAVE_CONFIG_H -I. -I/var/\n             tmp/koparasy/spack-stage/spack-stage-binutils-2.35.2-6ewhhdfslk6aj\n             lx4vcf55hacbusxafj4/spack-src/opcodes  -I. -I/var/tmp/koparasy/spa\n             ck-stage/spack-stage-binutils-2.35.2-6ewhhdfslk6ajlx4vcf55hacbusxa",
    "'\n     4341    make[2]: Leaving directory `/tmp/koparasy/spack-stage/spack-stage-\n             binutils-2.35.2-6ewhhdfslk6ajlx4vcf55hacbusxafj4/spack-src/opcodes\n             '\n     4342    make[1]: Leaving directory `/tmp/koparasy/spack-stage/spack-stage-\n             binutils-2.35.2-6ewhhdfslk6ajlx4vcf55hacbusxafj4/spack-src'\n>> 4343    make: *** [all] Error 2\n\nSee build log for details:\n  /var/tmp/koparasy/spack-stage/spack-stage-binutils-2.35.2-6ewhhdfslk6ajlx4vcf55hacbusxafj4/spack-build-out.txt\n\nTraceback (most recent call last):\n  File \"/p/vast1/koparasy/BUILD/head/spack/lib/spack/spack/build_environment.py\", line 1035, in _setup_pkg_and_run"
]