[
    "gnore_tkr.so /p/vast1/koparasy/BUILD/spack_cluster_installer/quartz\n            /ascent/spack_env_dir/linux-rhel7-broadwell/gcc-8.3.1/openmpi-4.1.2\n            -g2lj2wqwnnddccx2xla7rbusoyva53ec/lib/libmpi_mpifh.so\n     327    /p/vast1/koparasy/BUILD/spack_cluster_installer/quartz/ascent/spack\n            _env_dir/linux-rhel7-broadwell/gcc-8.3.1/hwloc-2.6.0-a4t2t4p2u2xwo6\n            y3rn4fwf4cwboasekt/lib: file not recognized: Is a directory\n>> 328    collect2: error: ld returned 1 exit status\n  >> 329    make[2]: *** [tests/blt_mpi_smoke] Error 1\n     330    make[2]: Leaving directory `/tmp/koparasy/spack-stage/spack-stage-c\n            onduit-0.5.1-yqusvbiq2tea2m6drsbodhgnhxivhxdj/spack-build-yqusvbi'\n  >> 331    make[1]: *** [blt/tests/smoke/CMakeFiles/blt_mpi_smoke.dir/all] Err\n            or 2\n     332    make[1]: *** Waiting for unfinished jobs....",
    "/ascent/spack_env_dir/linux-rhel7-broadwell/gcc-8.3.1/openmpi-4.1.2\n            -g2lj2wqwnnddccx2xla7rbusoyva53ec/lib/libmpi_mpifh.so\n     327    /p/vast1/koparasy/BUILD/spack_cluster_installer/quartz/ascent/spack\n            _env_dir/linux-rhel7-broadwell/gcc-8.3.1/hwloc-2.6.0-a4t2t4p2u2xwo6\n            y3rn4fwf4cwboasekt/lib: file not recognized: Is a directory\n  >> 328    collect2: error: ld returned 1 exit status\n>> 329    make[2]: *** [tests/blt_mpi_smoke] Error 1\n     330    make[2]: Leaving directory `/tmp/koparasy/spack-stage/spack-stage-c\n            onduit-0.5.1-yqusvbiq2tea2m6drsbodhgnhxivhxdj/spack-build-yqusvbi'\n  >> 331    make[1]: *** [blt/tests/smoke/CMakeFiles/blt_mpi_smoke.dir/all] Err\n            or 2\n     332    make[1]: *** Waiting for unfinished jobs....\n     333    [  3%] Building C object thirdparty_builtin/libyaml-690a781/CMakeFi",
    "eFiles/gtest.dir/src/gtest-all.cc.o -pthread\n     360    make[2]: Leaving directory `/tmp/koparasy/spack-stage/spack-stage-c\n            onduit-0.5.1-yqusvbiq2tea2m6drsbodhgnhxivhxdj/spack-build-yqusvbi'\n     361    [  7%] Built target gtest\n     362    make[1]: Leaving directory `/tmp/koparasy/spack-stage/spack-stage-c\n            onduit-0.5.1-yqusvbiq2tea2m6drsbodhgnhxivhxdj/spack-build-yqusvbi'\n>> 363    make: *** [all] Error 2\n\nSee build log for details:\n  /var/tmp/koparasy/spack-stage/spack-stage-conduit-0.5.1-yqusvbiq2tea2m6drsbodhgnhxivhxdj/spack-build-out.txt\n\nTraceback (most recent call last):\n  File \"/p/vast1/koparasy/BUILD/spack/lib/spack/spack/build_environment.py\", line 1035, in _setup_pkg_and_run"
]