[
    "koparasy/spack-stage/spack-stage-plasma-18.11.0-gf7sppmiymjdeq7sbp\n             6dluc7hmqlosqk/spack-src/control/workspace.c\n     1273    /var/tmp/koparasy/spack-stage/spack-stage-plasma-18.11.0-gf7sppmiy\n             mjdeq7sbp6dluc7hmqlosqk/spack-src/control/tuning.c: In function 'p\n             lasma_tune':\n  >> 1274    /var/tmp/koparasy/spack-stage/spack-stage-plasma-18.11.0-gf7sppmiy\nmjdeq7sbp6dluc7hmqlosqk/spack-src/control/tuning.c:80:12: error: v\n             oid value not ignored as it ought to be\n     1275       80 |     retval = lua_getglobal(L, func_name);\n     1276          |            ^\n  >> 1277    /var/tmp/koparasy/spack-stage/spack-stage-plasma-18.11.0-gf7sppmiy\n             mjdeq7sbp6dluc7hmqlosqk/spack-src/control/tuning.c:102:19: error:\n             'LUA_OK' undeclared (first use in this function); did you mean 'LU",
    ">> 1274    /var/tmp/koparasy/spack-stage/spack-stage-plasma-18.11.0-gf7sppmiy\n             mjdeq7sbp6dluc7hmqlosqk/spack-src/control/tuning.c:80:12: error: v\n             oid value not ignored as it ought to be\n     1275       80 |     retval = lua_getglobal(L, func_name);\n     1276          |            ^\n  >> 1277    /var/tmp/koparasy/spack-stage/spack-stage-plasma-18.11.0-gf7sppmiy\nmjdeq7sbp6dluc7hmqlosqk/spack-src/control/tuning.c:102:19: error:\n             'LUA_OK' undeclared (first use in this function); did you mean 'LU\n             A_QL'?\n     1278      102 |     if (retval != LUA_OK) {\n     1279          |                   ^~~~~~\n     1280          |                   LUA_QL\n     1281    /var/tmp/koparasy/spack-stage/spack-stage-plasma-18.11.0-gf7sppmiy",
    "1279          |                   ^~~~~~\n     1280          |                   LUA_QL\n     1281    /var/tmp/koparasy/spack-stage/spack-stage-plasma-18.11.0-gf7sppmiy\n             mjdeq7sbp6dluc7hmqlosqk/spack-src/control/tuning.c:102:19: note: e\n             ach undeclared identifier is reported only once for each function\n             it appears in\n>> 1282    make[2]: *** [CMakeFiles/plasma.dir/control/tuning.c.o] Error 1\n     1283    make[2]: *** Waiting for unfinished jobs....\n     1284    make[2]: Leaving directory `/tmp/koparasy/spack-stage/spack-stage-\n             plasma-18.11.0-gf7sppmiymjdeq7sbp6dluc7hmqlosqk/spack-build-gf7spp\n             m'\n  >> 1285    make[1]: *** [CMakeFiles/plasma.dir/all] Error 2\n     1286    make[1]: Leaving directory `/tmp/koparasy/spack-stage/spack-stage-",
    "it appears in\n  >> 1282    make[2]: *** [CMakeFiles/plasma.dir/control/tuning.c.o] Error 1\n     1283    make[2]: *** Waiting for unfinished jobs....\n     1284    make[2]: Leaving directory `/tmp/koparasy/spack-stage/spack-stage-\n             plasma-18.11.0-gf7sppmiymjdeq7sbp6dluc7hmqlosqk/spack-build-gf7spp\n             m'\n>> 1285    make[1]: *** [CMakeFiles/plasma.dir/all] Error 2\n     1286    make[1]: Leaving directory `/tmp/koparasy/spack-stage/spack-stage-\n             plasma-18.11.0-gf7sppmiymjdeq7sbp6dluc7hmqlosqk/spack-build-gf7spp\n             m'\n  >> 1287    make: *** [all] Error 2\n\nSee build log for details:",
    "plasma-18.11.0-gf7sppmiymjdeq7sbp6dluc7hmqlosqk/spack-build-gf7spp\n             m'\n  >> 1285    make[1]: *** [CMakeFiles/plasma.dir/all] Error 2\n     1286    make[1]: Leaving directory `/tmp/koparasy/spack-stage/spack-stage-\n             plasma-18.11.0-gf7sppmiymjdeq7sbp6dluc7hmqlosqk/spack-build-gf7spp\n             m'\n>> 1287    make: *** [all] Error 2\n\nSee build log for details:\n  /var/tmp/koparasy/spack-stage/spack-stage-plasma-18.11.0-gf7sppmiymjdeq7sbp6dluc7hmqlosqk/spack-build-out.txt\n\nTraceback (most recent call last):\n  File \"/p/vast1/koparasy/BUILD/head/spack/lib/spack/spack/build_environment.py\", line 1035, in _setup_pkg_and_run"
]