[
    "pyxijkyfc/spack-src/src/thirdparty -Wall -Wextra  -O2 -g -DNDEBUG -\n            fPIC -pthread -std=c++14 -o CMakeFiles/sidre.dir/core/DataStore.cpp\n            .o -c /tmp/koparasy/spack-stage/spack-stage-axom-0.3.1-vsm6l6l46ltk\n            pwe5lxfg6copyxijkyfc/spack-src/src/axom/sidre/core/DataStore.cpp\n  >> 576    /tmp/koparasy/spack-stage/spack-stage-axom-0.3.1-vsm6l6l46ltkpwe5lx\n            fg6copyxijkyfc/spack-src/src/axom/sidre/core/Group.cpp:12:10: fatal\nerror: conduit_relay_io_hdf5.hpp: No such file or directory\n     577     #include \"conduit_relay_io_hdf5.hpp\"\n     578              ^~~~~~~~~~~~~~~~~~~~~~~~~~~\n     579    compilation terminated.\n  >> 580    make[2]: *** [axom/sidre/CMakeFiles/sidre.dir/core/Group.cpp.o] Err\n            or 1\n     581    make[2]: *** Waiting for unfinished jobs....",
    "extra  -O2 -g -DNDEBUG -fPIC -fopenmp -pthread -std=c++14 -o CMakeF\n            iles/mint.dir/mesh/MeshCoordinates.cpp.o -c /tmp/koparasy/spack-sta\n            ge/spack-stage-axom-0.3.1-vsm6l6l46ltkpwe5lxfg6copyxijkyfc/spack-sr\n            c/src/axom/mint/mesh/MeshCoordinates.cpp\n     596    /usr/tce/packages/gcc/gcc-8.3.1/rh/usr/bin/../libexec/gcc/x86_64-re\n            dhat-linux/8/ld: unrecognised option: -rpath -Wl\n>> 597    collect2: error: ld returned 1 exit status\n  >> 598    make[2]: *** [examples/lumberjack_basic_ex] Error 1\n     599    make[2]: Leaving directory `/tmp/koparasy/spack-stage/spack-stage-a\n            xom-0.3.1-vsm6l6l46ltkpwe5lxfg6copyxijkyfc/spack-build-vsm6l6l'\n  >> 600    make[1]: *** [axom/lumberjack/examples/CMakeFiles/lumberjack_basic_\n            ex.dir/all] Error 2\n     601    make[1]: *** Waiting for unfinished jobs....",
    "iles/mint.dir/mesh/MeshCoordinates.cpp.o -c /tmp/koparasy/spack-sta\n            ge/spack-stage-axom-0.3.1-vsm6l6l46ltkpwe5lxfg6copyxijkyfc/spack-sr\n            c/src/axom/mint/mesh/MeshCoordinates.cpp\n     596    /usr/tce/packages/gcc/gcc-8.3.1/rh/usr/bin/../libexec/gcc/x86_64-re\n            dhat-linux/8/ld: unrecognised option: -rpath -Wl\n  >> 597    collect2: error: ld returned 1 exit status\n>> 598    make[2]: *** [examples/lumberjack_basic_ex] Error 1\n     599    make[2]: Leaving directory `/tmp/koparasy/spack-stage/spack-stage-a\n            xom-0.3.1-vsm6l6l46ltkpwe5lxfg6copyxijkyfc/spack-build-vsm6l6l'\n  >> 600    make[1]: *** [axom/lumberjack/examples/CMakeFiles/lumberjack_basic_\n            ex.dir/all] Error 2\n     601    make[1]: *** Waiting for unfinished jobs....\n     602    [ 27%] Building CXX object axom/mint/CMakeFiles/mint.dir/mesh/Parti",
    "extra  -O2 -g -DNDEBUG -fPIC -fopenmp -pthread -std=c++14 -o CMakeF\n            iles/mint.dir/mesh/ParticleMesh.cpp.o -c /tmp/koparasy/spack-stage/\n            spack-stage-axom-0.3.1-vsm6l6l46ltkpwe5lxfg6copyxijkyfc/spack-src/s\n            rc/axom/mint/mesh/ParticleMesh.cpp\n     604    make[2]: Leaving directory `/tmp/koparasy/spack-stage/spack-stage-a\n            xom-0.3.1-vsm6l6l46ltkpwe5lxfg6copyxijkyfc/spack-build-vsm6l6l'\n>> 605    make[1]: *** [axom/sidre/CMakeFiles/sidre.dir/all] Error 2\n     606    [ 28%] Building CXX object axom/mint/CMakeFiles/mint.dir/mesh/Recti\n            linearMesh.cpp.o\n     607    cd /tmp/koparasy/spack-stage/spack-stage-axom-0.3.1-vsm6l6l46ltkpwe\n            5lxfg6copyxijkyfc/spack-build-vsm6l6l/axom/mint && /p/vast1/koparas\n            y/BUILD/spack/lib/spack/env/gcc/g++ -DAXOM_DEBUG -I/tmp/koparasy/sp\n            ack-stage/spack-stage-axom-0.3.1-vsm6l6l46ltkpwe5lxfg6copyxijkyfc/s",
    "/axom/mint/utils/vtk_utils.cpp\n     622    make[2]: Leaving directory `/tmp/koparasy/spack-stage/spack-stage-a\n            xom-0.3.1-vsm6l6l46ltkpwe5lxfg6copyxijkyfc/spack-build-vsm6l6l'\n     623    [ 31%] Built target mint\n     624    make[1]: Leaving directory `/tmp/koparasy/spack-stage/spack-stage-a\n            xom-0.3.1-vsm6l6l46ltkpwe5lxfg6copyxijkyfc/spack-build-vsm6l6l'\n>> 625    make: *** [all] Error 2\n\nSee build log for details:\n  /var/tmp/koparasy/spack-stage/spack-stage-axom-0.3.1-vsm6l6l46ltkpwe5lxfg6copyxijkyfc/spack-build-out.txt\n\nTraceback (most recent call last):\n  File \"/p/vast1/koparasy/BUILD/spack/lib/spack/spack/build_environment.py\", line 1035, in _setup_pkg_and_run"
]