[
    "228     checking for C compiler flag --param max-inline-insns-single=35000\n             ... checking for C compiler flag --param max-inline-insns-single=3\n             5000... yes\n     229     yes\n  >> 230     checking for C compiler flag --param max-inline-insns=100000... ch\n             ecking for C compiler flag --param max-inline-insns=100000... no/e\nrror: cc1: error: invalid --param name 'max-inline-insns'; did you\n              mean 'max-combine-insns'?\n  >> 231     no/error: cc1: error: invalid --param name 'max-inline-insns'; did\n              you mean 'max-combine-insns'?\n     232     checking for C compiler flag --param inline-unit-growth=10000... c\n             hecking for C compiler flag --param inline-unit-growth=10000... ye\n             s",
    "5000... yes\n     229     yes\n  >> 230     checking for C compiler flag --param max-inline-insns=100000... ch\n             ecking for C compiler flag --param max-inline-insns=100000... no/e\n             rror: cc1: error: invalid --param name 'max-inline-insns'; did you\n              mean 'max-combine-insns'?\n>> 231     no/error: cc1: error: invalid --param name 'max-inline-insns'; did\n              you mean 'max-combine-insns'?\n     232     checking for C compiler flag --param inline-unit-growth=10000... c\n             hecking for C compiler flag --param inline-unit-growth=10000... ye\n             s\n     233     yes\n     234     checking for C compiler flag --param large-function-growth=200000.",
    "3124    + /usr/bin/install -c -m 644 /tmp/koparasy/spack-stage/spack-stage\n             -upcxx-2020.10.0-g4gdsmwol7ydqavnos2w2mqywcntvdrg/spack-src/bld/GA\n             SNet-2020.10.0/gasnet_toolhelp.h /p/vast1/koparasy/BUILD/spack_clu\n             ster_installer/quartz/upcxx/spack_env_dir/linux-rhel7-broadwell/gc\n             c-9.3.1/upcxx-2020.10.0-h5zjf5iyg7cb2lgvjsdzvvbisjgwpav2/gasnet.op\n             t/include/gasnet_toolhelp.h\n>> 3125    make[5]: *** [install-includeHEADERS] Error 1\n     3126    make[5]: *** Waiting for unfinished jobs....\n     3127     /usr/bin/install -c -m 644 /tmp/koparasy/spack-stage/spack-stage-\n             upcxx-2020.10.0-g4gdsmwol7ydqavnos2w2mqywcntvdrg/spack-src/bld/GAS\n             Net-2020.10.0/extended-ref/coll/gasnet_coll_fwd.h /p/vast1/koparas\n             y/BUILD/spack_cluster_installer/quartz/upcxx/spack_env_dir/linux-r\n             hel7-broadwell/gcc-9.3.1/upcxx-2020.10.0-h5zjf5iyg7cb2lgvjsdzvvbis",
    "quartz/upcxx/spack_env_dir/linux-rhel7-broadwell/gcc-9.3.1/upcxx-2\n             020.10.0-h5zjf5iyg7cb2lgvjsdzvvbisjgwpav2/gasnet.debug@g  < ibv-pa\n             r.mak > /p/vast1/koparasy/BUILD/spack_cluster_installer/quartz/upc\n             xx/spack_env_dir/linux-rhel7-broadwell/gcc-9.3.1/upcxx-2020.10.0-h\n             5zjf5iyg7cb2lgvjsdzvvbisjgwpav2/gasnet.debug/include/ibv-conduit/i\n             bv-par.mak\n>> 3148    make[4]: *** [install-am] Error 2\n  >> 3149    make[3]: *** [install-recursive] Error 1\n  >> 3150    make[2]: *** [do-gasnet-install-opt] Error 2\n     3151    make[2]: *** Waiting for unfinished jobs....\n     3152    rm -f /p/vast1/koparasy/BUILD/spack_cluster_installer/quartz/upcxx\n             /spack_env_dir/linux-rhel7-broadwell/gcc-9.3.1/upcxx-2020.10.0-h5z\n             jf5iyg7cb2lgvjsdzvvbisjgwpav2/gasnet.debug/lib/pkgconfig/gasnet-ib",
    "020.10.0-h5zjf5iyg7cb2lgvjsdzvvbisjgwpav2/gasnet.debug@g  < ibv-pa\n             r.mak > /p/vast1/koparasy/BUILD/spack_cluster_installer/quartz/upc\n             xx/spack_env_dir/linux-rhel7-broadwell/gcc-9.3.1/upcxx-2020.10.0-h\n             5zjf5iyg7cb2lgvjsdzvvbisjgwpav2/gasnet.debug/include/ibv-conduit/i\n             bv-par.mak\n  >> 3148    make[4]: *** [install-am] Error 2\n>> 3149    make[3]: *** [install-recursive] Error 1\n  >> 3150    make[2]: *** [do-gasnet-install-opt] Error 2\n     3151    make[2]: *** Waiting for unfinished jobs....\n     3152    rm -f /p/vast1/koparasy/BUILD/spack_cluster_installer/quartz/upcxx\n             /spack_env_dir/linux-rhel7-broadwell/gcc-9.3.1/upcxx-2020.10.0-h5z\n             jf5iyg7cb2lgvjsdzvvbisjgwpav2/gasnet.debug/lib/pkgconfig/gasnet-ib\n             v-par.pc",
    "r.mak > /p/vast1/koparasy/BUILD/spack_cluster_installer/quartz/upc\n             xx/spack_env_dir/linux-rhel7-broadwell/gcc-9.3.1/upcxx-2020.10.0-h\n             5zjf5iyg7cb2lgvjsdzvvbisjgwpav2/gasnet.debug/include/ibv-conduit/i\n             bv-par.mak\n  >> 3148    make[4]: *** [install-am] Error 2\n  >> 3149    make[3]: *** [install-recursive] Error 1\n>> 3150    make[2]: *** [do-gasnet-install-opt] Error 2\n     3151    make[2]: *** Waiting for unfinished jobs....\n     3152    rm -f /p/vast1/koparasy/BUILD/spack_cluster_installer/quartz/upcxx\n             /spack_env_dir/linux-rhel7-broadwell/gcc-9.3.1/upcxx-2020.10.0-h5z\n             jf5iyg7cb2lgvjsdzvvbisjgwpav2/gasnet.debug/lib/pkgconfig/gasnet-ib\n             v-par.pc\n     3153    Building /p/vast1/koparasy/BUILD/spack_cluster_installer/quartz/up",
    "cxx/spack_env_dir/linux-rhel7-broadwell/gcc-9.3.1/upcxx-2020.10.0-\n             h5zjf5iyg7cb2lgvjsdzvvbisjgwpav2/gasnet.debug/lib/pkgconfig/gasnet\n             _tools-par.pc from /p/vast1/koparasy/BUILD/spack_cluster_installer\n             /quartz/upcxx/spack_env_dir/linux-rhel7-broadwell/gcc-9.3.1/upcxx-\n             2020.10.0-h5zjf5iyg7cb2lgvjsdzvvbisjgwpav2/gasnet.debug/include/ga\n             snet_tools-par.mak...\n>> 3199    make[1]: *** [install] Error 2\n     3200\n     3201    ********\n     3202    UPC++ installation failed. Please report the ENTIRE log above to:\n             upcxx@googlegroups.com\n     3203    ********\n     3204",
    "3200\n     3201    ********\n     3202    UPC++ installation failed. Please report the ENTIRE log above to:\n             upcxx@googlegroups.com\n     3203    ********\n     3204\n>> 3205    make[1]: *** [failure] Error 1\n  >> 3206    make: *** [install] Error 2\n\nSee build log for details:\n  /var/tmp/koparasy/spack-stage/spack-stage-upcxx-2020.10.0-g4gdsmwol7ydqavnos2w2mqywcntvdrg/spack-build-out.txt\n\nTraceback (most recent call last):",
    "3201    ********\n     3202    UPC++ installation failed. Please report the ENTIRE log above to:\n             upcxx@googlegroups.com\n     3203    ********\n     3204\n  >> 3205    make[1]: *** [failure] Error 1\n>> 3206    make: *** [install] Error 2\n\nSee build log for details:\n  /var/tmp/koparasy/spack-stage/spack-stage-upcxx-2020.10.0-g4gdsmwol7ydqavnos2w2mqywcntvdrg/spack-build-out.txt\n\nTraceback (most recent call last):\n  File \"/p/vast1/koparasy/BUILD/head/spack/lib/spack/spack/build_environment.py\", line 1035, in _setup_pkg_and_run"
]