[
    "5.8.0-dqciui4dtvqagul4ppmhcf6lzhco52dt/include  -c linalg/densemat.c\n           pp -o linalg/densemat.o\n     74    In file included from linalg/linalg.hpp:32,\n     75                     from linalg/sparsemat.cpp:14:\n     76    linalg/sundials.hpp: In member function 'void mfem::ARKODESolver::Se\n           tMaxStep(double)':\n>> 77    linalg/sundials.hpp:277:13: error: 'ARKodeSetMaxStep' was not declar\n           ed in this scope; did you mean 'CVodeSetMaxStep'?\n     78      277 |    { flag = ARKodeSetMaxStep(sundials_mem, dt_max); }\n     79          |             ^~~~~~~~~~~~~~~~\n     80          |             CVodeSetMaxStep\n  >> 81    make: *** [linalg/sparsemat.o] Error 1\n     82    make: *** Waiting for unfinished jobs....",
    "tMaxStep(double)':\n  >> 77    linalg/sundials.hpp:277:13: error: 'ARKodeSetMaxStep' was not declar\n           ed in this scope; did you mean 'CVodeSetMaxStep'?\n     78      277 |    { flag = ARKodeSetMaxStep(sundials_mem, dt_max); }\n     79          |             ^~~~~~~~~~~~~~~~\n     80          |             CVodeSetMaxStep\n>> 81    make: *** [linalg/sparsemat.o] Error 1\n     82    make: *** Waiting for unfinished jobs....\n\nSee build log for details:\n  /var/tmp/koparasy/spack-stage/spack-stage-mfem-3.3.2-wajnkhphqss3pm2uzrl6iitakgqwqywo/spack-build-out.txt\n\nTraceback (most recent call last):"
]