[
    "hcwjehgkq/spack-src/src/variorum/Intel/clocks_features.c\n     98     In file included from /tmp/koparasy/spack-stage/spack-stage-varioru\n            m-0.2.0-ascscxazadhwfzi2l74cczehcwjehgkq/spack-src/src/variorum/Nvi\n            dia/Volta.c:12:\n  >> 99     /tmp/koparasy/spack-stage/spack-stage-variorum-0.2.0-ascscxazadhwfz\n            i2l74cczehcwjehgkq/spack-src/src/variorum/Nvidia/power_features.h:1\n2:10: fatal error: nvml.h: No such file or directory\n     100       12 | #include <nvml.h>\n     101          |          ^~~~~~~~\n     102    compilation terminated.\n  >> 103    make[2]: *** [variorum/Nvidia/CMakeFiles/variorum_nvidia.dir/Volta.\n            c.o] Error 1\n     104    make[2]: *** Waiting for unfinished jobs....",
    "wjehgkq/spack-build-ascscxa/CMakeFiles 43\n     106    [  8%] In file included from /tmp/koparasy/spack-stage/spack-stage-\n            variorum-0.2.0-ascscxazadhwfzi2l74cczehcwjehgkq/spack-src/src/vario\n            rum/Nvidia/power_features.c:10:\n  >> 107    /tmp/koparasy/spack-stage/spack-stage-variorum-0.2.0-ascscxazadhwfz\n            i2l74cczehcwjehgkq/spack-src/src/variorum/Nvidia/power_features.h:1\n2:10: fatal error: nvml.h: No such file or directory\n     108       12 | #include <nvml.h>\n     109          |          ^~~~~~~~\n     110    compilation terminated.\n  >> 111    make[2]: *** [variorum/Nvidia/CMakeFiles/variorum_nvidia.dir/power_\n            features.c.o] Error 1\n     112    make[2]: Leaving directory `/tmp/koparasy/spack-stage/spack-stage-v",
    "sy/spack-stage/spack-stage-variorum-0.2.0-ascscxazadhwfzi2l74cczehc\n            wjehgkq/spack-build-ascscxa/CMakeFiles  42 43 44 45 46 47 48 49 50\n            51 52 53 54\n     165    [ 30%] Built target variorum_intel\n     166    make[1]: Leaving directory `/tmp/koparasy/spack-stage/spack-stage-v\n            ariorum-0.2.0-ascscxazadhwfzi2l74cczehcwjehgkq/spack-build-ascscxa'\n>> 167    make: *** [all] Error 2\n\nSee build log for details:\n  /var/tmp/koparasy/spack-stage/spack-stage-variorum-0.2.0-ascscxazadhwfzi2l74cczehcwjehgkq/spack-build-out.txt\n\nTraceback (most recent call last):\n  File \"/p/vast1/koparasy/BUILD/head/spack/lib/spack/spack/build_environment.py\", line 1035, in _setup_pkg_and_run"
]