[
    "clude -I/p/vast1/koparasy/BUILD/spack_cluster_installer/quartz/tri\n             linos/spack_env_dir/linux-rhel7-broadwell/gcc-9.3.1/hwloc-2.2.0-x6\n             yywhlrpjwter3vdfwnh77bc7tw73g5/include -O2 -g -MT utils/string/str\n             ing.lo -MD -MP -MF utils/string/.deps/string.Tpo -c utils/string/s\n             tring.c  -fPIC -DPIC -o utils/string/.libs/string.o\n     2628    tools/topo/hwloc/topo_hwloc.c: In function 'HYDT_topo_hwloc_init':\n>> 2629    tools/topo/hwloc/topo_hwloc.c:432:40: error: 'HWLOC_MEMBIND_REPLIC\n             ATE' undeclared (first use in this function); did you mean 'HWLOC_\n             MEMBIND_MIGRATE'?\n     2630      432 |         HYDT_topo_hwloc_info.membind = HWLOC_MEMBIND_REPLI\n             CATE;\n     2631          |                                        ^~~~~~~~~~~~~~~~~~~\n             ~~~~",
    "ch-3.2-mruy7cqwgx3v4hgyz73izmmpomx3wipv/spack-src/src/mpi/romio/in\n             clude -I/p/vast1/koparasy/BUILD/spack_cluster_installer/quartz/tri\n             linos/spack_env_dir/linux-rhel7-broadwell/gcc-9.3.1/hwloc-2.2.0-x6\n             yywhlrpjwter3vdfwnh77bc7tw73g5/include -O2 -g -MT tools/topo/topo.\n             lo -MD -MP -MF tools/topo/.deps/topo.Tpo -c tools/topo/topo.c -o t\n             ools/topo/topo.o >/dev/null 2>&1\n>> 2635    make[3]: *** [tools/topo/hwloc/topo_hwloc.lo] Error 1\n     2636    make[3]: *** Waiting for unfinished jobs....\n     2637    libtool: compile:  /p/vast1/koparasy/BUILD/head/spack/lib/spack/en\n             v/gcc/gcc -DHAVE_CONFIG_H -I. -I/var/tmp/koparasy/spack-stage/spac\n             k-stage-mpich-3.2-mruy7cqwgx3v4hgyz73izmmpomx3wipv/spack-src/src/p\n             m/hydra -I./include -I./tools/topo/hwloc/hwloc/include/private/aut\n             ogen -I./tools/topo/hwloc/hwloc/include/hwloc/autogen -I/var/tmp/k",
    "linos/spack_env_dir/linux-rhel7-broadwell/gcc-9.3.1/hwloc-2.2.0-x6\n             yywhlrpjwter3vdfwnh77bc7tw73g5/include -O2 -g -MT utils/string/str\n             ing.lo -MD -MP -MF utils/string/.deps/string.Tpo -c utils/string/s\n             tring.c -o utils/string/string.o >/dev/null 2>&1\n     2638    make[3]: Leaving directory `/tmp/koparasy/spack-stage/spack-stage-\n             mpich-3.2-mruy7cqwgx3v4hgyz73izmmpomx3wipv/spack-src/src/pm/hydra'\n>> 2639    make[2]: *** [all-recursive] Error 1\n     2640    make[2]: Leaving directory `/tmp/koparasy/spack-stage/spack-stage-\n             mpich-3.2-mruy7cqwgx3v4hgyz73izmmpomx3wipv/spack-src/src/pm/hydra'\n  >> 2641    make[1]: *** [all-recursive] Error 1\n     2642    make[1]: Leaving directory `/tmp/koparasy/spack-stage/spack-stage-\n             mpich-3.2-mruy7cqwgx3v4hgyz73izmmpomx3wipv/spack-src'\n  >> 2643    make: *** [all] Error 2",
    "tring.c -o utils/string/string.o >/dev/null 2>&1\n     2638    make[3]: Leaving directory `/tmp/koparasy/spack-stage/spack-stage-\n             mpich-3.2-mruy7cqwgx3v4hgyz73izmmpomx3wipv/spack-src/src/pm/hydra'\n  >> 2639    make[2]: *** [all-recursive] Error 1\n     2640    make[2]: Leaving directory `/tmp/koparasy/spack-stage/spack-stage-\n             mpich-3.2-mruy7cqwgx3v4hgyz73izmmpomx3wipv/spack-src/src/pm/hydra'\n>> 2641    make[1]: *** [all-recursive] Error 1\n     2642    make[1]: Leaving directory `/tmp/koparasy/spack-stage/spack-stage-\n             mpich-3.2-mruy7cqwgx3v4hgyz73izmmpomx3wipv/spack-src'\n  >> 2643    make: *** [all] Error 2\n\nSee build log for details:\n  /var/tmp/koparasy/spack-stage/spack-stage-mpich-3.2-mruy7cqwgx3v4hgyz73izmmpomx3wipv/spack-build-out.txt",
    ">> 2639    make[2]: *** [all-recursive] Error 1\n     2640    make[2]: Leaving directory `/tmp/koparasy/spack-stage/spack-stage-\n             mpich-3.2-mruy7cqwgx3v4hgyz73izmmpomx3wipv/spack-src/src/pm/hydra'\n  >> 2641    make[1]: *** [all-recursive] Error 1\n     2642    make[1]: Leaving directory `/tmp/koparasy/spack-stage/spack-stage-\n             mpich-3.2-mruy7cqwgx3v4hgyz73izmmpomx3wipv/spack-src'\n>> 2643    make: *** [all] Error 2\n\nSee build log for details:\n  /var/tmp/koparasy/spack-stage/spack-stage-mpich-3.2-mruy7cqwgx3v4hgyz73izmmpomx3wipv/spack-build-out.txt\n\nTraceback (most recent call last):\n  File \"/p/vast1/koparasy/BUILD/head/spack/lib/spack/spack/build_environment.py\", line 1035, in _setup_pkg_and_run"
]