[
    "sy/BUILD/spack_cluster_installer/quartz/axom/spack_env_dir/linux-rh\n            el7-broadwell/gcc-8.3.1/openmpi-4.1.2-g2lj2wqwnnddccx2xla7rbusoyva5\n            3ec/lib/libmpi_mpifh.so\n     349    /p/vast1/koparasy/BUILD/spack_cluster_installer/quartz/axom/spack_e\n            nv_dir/linux-rhel7-broadwell/gcc-8.3.1/hwloc-2.6.0-a4t2t4p2u2xwo6y3\n            rn4fwf4cwboasekt/lib: file not recognized: Is a directory\n>> 350    collect2: error: ld returned 1 exit status\n  >> 351    make[2]: *** [tests/blt_mpi_smoke] Error 1\n     352    make[2]: Leaving directory `/tmp/koparasy/spack-stage/spack-stage-c\n            onduit-0.5.1-yqusvbiq2tea2m6drsbodhgnhxivhxdj/spack-build-yqusvbi'\n  >> 353    make[1]: *** [blt/tests/smoke/CMakeFiles/blt_mpi_smoke.dir/all] Err\n            or 2\n     354    make[1]: *** Waiting for unfinished jobs....",
    "el7-broadwell/gcc-8.3.1/openmpi-4.1.2-g2lj2wqwnnddccx2xla7rbusoyva5\n            3ec/lib/libmpi_mpifh.so\n     349    /p/vast1/koparasy/BUILD/spack_cluster_installer/quartz/axom/spack_e\n            nv_dir/linux-rhel7-broadwell/gcc-8.3.1/hwloc-2.6.0-a4t2t4p2u2xwo6y3\n            rn4fwf4cwboasekt/lib: file not recognized: Is a directory\n  >> 350    collect2: error: ld returned 1 exit status\n>> 351    make[2]: *** [tests/blt_mpi_smoke] Error 1\n     352    make[2]: Leaving directory `/tmp/koparasy/spack-stage/spack-stage-c\n            onduit-0.5.1-yqusvbiq2tea2m6drsbodhgnhxivhxdj/spack-build-yqusvbi'\n  >> 353    make[1]: *** [blt/tests/smoke/CMakeFiles/blt_mpi_smoke.dir/all] Err\n            or 2\n     354    make[1]: *** Waiting for unfinished jobs....\n     355    [  3%] Building C object thirdparty_builtin/libyaml-690a781/CMakeFi",
    "s/gtest.dir/src/gtest-all.cc.o  -pthread\n     382    make[2]: Leaving directory `/tmp/koparasy/spack-stage/spack-stage-c\n            onduit-0.5.1-yqusvbiq2tea2m6drsbodhgnhxivhxdj/spack-build-yqusvbi'\n     383    [  7%] Built target gtest\n     384    make[1]: Leaving directory `/tmp/koparasy/spack-stage/spack-stage-c\n            onduit-0.5.1-yqusvbiq2tea2m6drsbodhgnhxivhxdj/spack-build-yqusvbi'\n>> 385    make: *** [all] Error 2\n\nSee build log for details:\n  /var/tmp/koparasy/spack-stage/spack-stage-conduit-0.5.1-yqusvbiq2tea2m6drsbodhgnhxivhxdj/spack-build-out.txt\n\nTraceback (most recent call last):\n  File \"/p/vast1/koparasy/BUILD/spack/lib/spack/spack/build_environment.py\", line 1035, in _setup_pkg_and_run"
]