[
    "15120    /tmp/koparasy/spack-stage/spack-stage-llvm-amdgpu-4.3.1-4mlk5ieu3\n              rt5msy7vxmxa4qh4zuq4zhb/spack-build-4mlk5ie/include/c++/v1/varian\n              t: In member function 'void std::__1::__variant_detail::__impl<_T\n              ypes>::__swap(std::__1::__variant_detail::__impl<_Types>&)':\n  >> 15121    /tmp/koparasy/spack-stage/spack-stage-llvm-amdgpu-4.3.1-4mlk5ieu3\n              rt5msy7vxmxa4qh4zuq4zhb/spack-build-4mlk5ie/include/c++/v1/varian\nt:1114:10: error: expected '(' before 'constexpr'\n     15122           if constexpr (__all<is_nothrow_move_constructible_v<_Types\n              >...>::value) {\n     15123              ^~~~~~~~~\n  >> 15124    /tmp/koparasy/spack-stage/spack-stage-llvm-amdgpu-4.3.1-4mlk5ieu3\n              rt5msy7vxmxa4qh4zuq4zhb/spack-build-4mlk5ie/include/c++/v1/varian\n              t:1116:9: error: 'else' without a previous 'if'",
    "t:1114:10: error: expected '(' before 'constexpr'\n     15122           if constexpr (__all<is_nothrow_move_constructible_v<_Types\n              >...>::value) {\n     15123              ^~~~~~~~~\n  >> 15124    /tmp/koparasy/spack-stage/spack-stage-llvm-amdgpu-4.3.1-4mlk5ieu3\n              rt5msy7vxmxa4qh4zuq4zhb/spack-build-4mlk5ie/include/c++/v1/varian\nt:1116:9: error: 'else' without a previous 'if'\n     15125           } else {\n     15126             ^~~~\n     15127    /tmp/koparasy/spack-stage/spack-stage-llvm-amdgpu-4.3.1-4mlk5ieu3\n              rt5msy7vxmxa4qh4zuq4zhb/spack-build-4mlk5ie/include/c++/v1/varian\n              t: At global scope:\n  >> 15128    /tmp/koparasy/spack-stage/spack-stage-llvm-amdgpu-4.3.1-4mlk5ieu3",
    "15126             ^~~~\n     15127    /tmp/koparasy/spack-stage/spack-stage-llvm-amdgpu-4.3.1-4mlk5ieu3\n              rt5msy7vxmxa4qh4zuq4zhb/spack-build-4mlk5ie/include/c++/v1/varian\n              t: At global scope:\n  >> 15128    /tmp/koparasy/spack-stage/spack-stage-llvm-amdgpu-4.3.1-4mlk5ieu3\n              rt5msy7vxmxa4qh4zuq4zhb/spack-build-4mlk5ie/include/c++/v1/varian\nt:1194:26: error: parameter packs not expanded with '...':\n     15129       using _Bases::operator()...;\n     15130                              ^\n     15131    /tmp/koparasy/spack-stage/spack-stage-llvm-amdgpu-4.3.1-4mlk5ieu3\n              rt5msy7vxmxa4qh4zuq4zhb/spack-build-4mlk5ie/include/c++/v1/varian\n              t:1194:26: note:         '_Bases'\n  >> 15132    /tmp/koparasy/spack-stage/spack-stage-llvm-amdgpu-4.3.1-4mlk5ieu3",
    "15130                              ^\n     15131    /tmp/koparasy/spack-stage/spack-stage-llvm-amdgpu-4.3.1-4mlk5ieu3\n              rt5msy7vxmxa4qh4zuq4zhb/spack-build-4mlk5ie/include/c++/v1/varian\n              t:1194:26: note:         '_Bases'\n  >> 15132    /tmp/koparasy/spack-stage/spack-stage-llvm-amdgpu-4.3.1-4mlk5ieu3\n              rt5msy7vxmxa4qh4zuq4zhb/spack-build-4mlk5ie/include/c++/v1/varian\nt:1194:27: error: expected ';' before '...' token\n     15133       using _Bases::operator()...;\n     15134                               ^~~\n  >> 15135    /tmp/koparasy/spack-stage/spack-stage-llvm-amdgpu-4.3.1-4mlk5ieu3\n              rt5msy7vxmxa4qh4zuq4zhb/spack-build-4mlk5ie/include/c++/v1/varian\n              t:1194:27: error: expected unqualified-id before '...' token\n     15136    make[2]: Leaving directory `/tmp/koparasy/spack-stage/spack-stage",
    "rt5msy7vxmxa4qh4zuq4zhb/spack-build-4mlk5ie/include/c++/v1/varian\n              t:1194:27: error: expected ';' before '...' token\n     15133       using _Bases::operator()...;\n     15134                               ^~~\n  >> 15135    /tmp/koparasy/spack-stage/spack-stage-llvm-amdgpu-4.3.1-4mlk5ieu3\n              rt5msy7vxmxa4qh4zuq4zhb/spack-build-4mlk5ie/include/c++/v1/varian\nt:1194:27: error: expected unqualified-id before '...' token\n     15136    make[2]: Leaving directory `/tmp/koparasy/spack-stage/spack-stage\n              -llvm-amdgpu-4.3.1-4mlk5ieu3rt5msy7vxmxa4qh4zuq4zhb/spack-build-4\n              mlk5ie'\n     15137    [ 17%] Built target clang_rt.asan-x86_64-symbols\n     15138    In file included from /tmp/koparasy/spack-stage/spack-stage-llvm-\n              amdgpu-4.3.1-4mlk5ieu3rt5msy7vxmxa4qh4zuq4zhb/spack-build-4mlk5ie",
    "24578           ^~~~~~~~~~~~~~~~~~~~~\n     24579    cc1plus: warning: unrecognized command line option '-Wno-noexcept\n              -type'\n     24580    make[5]: Leaving directory `/tmp/koparasy/spack-stage/spack-stage\n              -llvm-amdgpu-4.3.1-4mlk5ieu3rt5msy7vxmxa4qh4zuq4zhb/spack-build-4\n              mlk5ie/projects/compiler-rt/lib/fuzzer/libcxx_fuzzer_x86_64-bins'\n>> 24581    make[4]: *** [cxx/src/CMakeFiles/cxx_static.dir/all] Error 2\n     24582    make[4]: Leaving directory `/tmp/koparasy/spack-stage/spack-stage\n              -llvm-amdgpu-4.3.1-4mlk5ieu3rt5msy7vxmxa4qh4zuq4zhb/spack-build-4\n              mlk5ie/projects/compiler-rt/lib/fuzzer/libcxx_fuzzer_x86_64-bins'\n  >> 24583    make[3]: *** [all] Error 2\n     24584    make[3]: Leaving directory `/tmp/koparasy/spack-stage/spack-stage\n              -llvm-amdgpu-4.3.1-4mlk5ieu3rt5msy7vxmxa4qh4zuq4zhb/spack-build-4",
    "-llvm-amdgpu-4.3.1-4mlk5ieu3rt5msy7vxmxa4qh4zuq4zhb/spack-build-4\n              mlk5ie/projects/compiler-rt/lib/fuzzer/libcxx_fuzzer_x86_64-bins'\n  >> 24581    make[4]: *** [cxx/src/CMakeFiles/cxx_static.dir/all] Error 2\n     24582    make[4]: Leaving directory `/tmp/koparasy/spack-stage/spack-stage\n              -llvm-amdgpu-4.3.1-4mlk5ieu3rt5msy7vxmxa4qh4zuq4zhb/spack-build-4\n              mlk5ie/projects/compiler-rt/lib/fuzzer/libcxx_fuzzer_x86_64-bins'\n>> 24583    make[3]: *** [all] Error 2\n     24584    make[3]: Leaving directory `/tmp/koparasy/spack-stage/spack-stage\n              -llvm-amdgpu-4.3.1-4mlk5ieu3rt5msy7vxmxa4qh4zuq4zhb/spack-build-4\n              mlk5ie/projects/compiler-rt/lib/fuzzer/libcxx_fuzzer_x86_64-bins'\n  >> 24585    make[2]: *** [projects/compiler-rt/lib/fuzzer/libcxx_fuzzer_x86_6\n              4-stamps/libcxx_fuzzer_x86_64-build] Error 2\n     24586    make[2]: Leaving directory `/tmp/koparasy/spack-stage/spack-stage",
    "-llvm-amdgpu-4.3.1-4mlk5ieu3rt5msy7vxmxa4qh4zuq4zhb/spack-build-4\n              mlk5ie'\n     24650    [ 18%] Built target LLVMSupport\n     24651    make[1]: Leaving directory `/tmp/koparasy/spack-stage/spack-stage\n              -llvm-amdgpu-4.3.1-4mlk5ieu3rt5msy7vxmxa4qh4zuq4zhb/spack-build-4\n              mlk5ie'\n>> 24652    make: *** [all] Error 2\n\nSee build log for details:\n  /var/tmp/koparasy/spack-stage/spack-stage-llvm-amdgpu-4.3.1-4mlk5ieu3rt5msy7vxmxa4qh4zuq4zhb/spack-build-out.txt\n\nTraceback (most recent call last):\n  File \"/p/vast1/koparasy/BUILD/head/spack/lib/spack/spack/build_environment.py\", line 1035, in _setup_pkg_and_run",
    "15216     void __do_deallocate_handle_size(void *__ptr, size_t __size, _Ar\n              gs ...__args) {\n     15217          ^~~~~~~~~~~~~~~~~~~~~~~~~~~\n     15218    /tmp/koparasy/spack-stage/spack-stage-llvm-amdgpu-4.3.1-4mlk5ieu3\n              rt5msy7vxmxa4qh4zuq4zhb/spack-build-4mlk5ie/include/c++/v1/new:23\n3:7: warning: always_inline function might not be inlinable [-Wat\n              tributes]\n     15219     void* __libcpp_operator_new(_Args ...__args) {\n     15220           ^~~~~~~~~~~~~~~~~~~~~\n     15221    cc1plus: warning: unrecognized command line option '-Wno-noexcept\n              -type'\n  >> 15222    make[2]: *** [projects/libcxx/src/CMakeFiles/cxx_static.dir/varia",
    "15218    /tmp/koparasy/spack-stage/spack-stage-llvm-amdgpu-4.3.1-4mlk5ieu3\n              rt5msy7vxmxa4qh4zuq4zhb/spack-build-4mlk5ie/include/c++/v1/new:23\n              3:7: warning: always_inline function might not be inlinable [-Wat\n              tributes]\n     15219     void* __libcpp_operator_new(_Args ...__args) {\n     15220           ^~~~~~~~~~~~~~~~~~~~~\n15221    cc1plus: warning: unrecognized command line option '-Wno-noexcept\n              -type'\n  >> 15222    make[2]: *** [projects/libcxx/src/CMakeFiles/cxx_static.dir/varia\n              nt.cpp.o] Error 1\n     15223    make[2]: *** Waiting for unfinished jobs....\n     15224    [ 84%] Building CXX object cxx/src/CMakeFiles/cxx_static.dir/any.\n              cpp.o",
    "-type'\n  >> 15222    make[2]: *** [projects/libcxx/src/CMakeFiles/cxx_static.dir/varia\n              nt.cpp.o] Error 1\n     15223    make[2]: *** Waiting for unfinished jobs....\n     15224    [ 84%] Building CXX object cxx/src/CMakeFiles/cxx_static.dir/any.\n              cpp.o\n15225    cc1plus: warning: unrecognized command line option '-Wno-noexcept\n              -type'\n     15226    make -f projects/compiler-rt/lib/dfsan/CMakeFiles/dfsan.dir/build\n              .make projects/compiler-rt/lib/dfsan/CMakeFiles/dfsan.dir/depend\n     15227    make[2]: Entering directory `/tmp/koparasy/spack-stage/spack-stag\n              e-llvm-amdgpu-4.3.1-4mlk5ieu3rt5msy7vxmxa4qh4zuq4zhb/spack-build-\n              4mlk5ie'",
    "...\n\n     15706          ^~~~~~~~~~~~~~~~~~~~~~~~~~~\n     15707    /tmp/koparasy/spack-stage/spack-stage-llvm-amdgpu-4.3.1-4mlk5ieu3\n              rt5msy7vxmxa4qh4zuq4zhb/spack-build-4mlk5ie/include/c++/v1/new:23\n3:7: warning: always_inline function might not be inlinable [-Wat\n              tributes]\n     15708     void* __libcpp_operator_new(_Args ...__args) {\n     15709           ^~~~~~~~~~~~~~~~~~~~~\n     15710    cc1plus: warning: unrecognized command line option '-Wno-noexcept\n              -type'\n     15711    make[2]: Leaving directory `/tmp/koparasy/spack-stage/spack-stage",
    "15707    /tmp/koparasy/spack-stage/spack-stage-llvm-amdgpu-4.3.1-4mlk5ieu3\n              rt5msy7vxmxa4qh4zuq4zhb/spack-build-4mlk5ie/include/c++/v1/new:23\n              3:7: warning: always_inline function might not be inlinable [-Wat\n              tributes]\n     15708     void* __libcpp_operator_new(_Args ...__args) {\n     15709           ^~~~~~~~~~~~~~~~~~~~~\n15710    cc1plus: warning: unrecognized command line option '-Wno-noexcept\n              -type'\n     15711    make[2]: Leaving directory `/tmp/koparasy/spack-stage/spack-stage\n              -llvm-amdgpu-4.3.1-4mlk5ieu3rt5msy7vxmxa4qh4zuq4zhb/spack-build-4\n              mlk5ie'\n  >> 15712    make[1]: *** [projects/libcxx/src/CMakeFiles/cxx_static.dir/all]\n              Error 2",
    "24375     void __do_deallocate_handle_size(void *__ptr, size_t __size, _Ar\n              gs ...__args) {\n     24376          ^~~~~~~~~~~~~~~~~~~~~~~~~~~\n     24377    /tmp/koparasy/spack-stage/spack-stage-llvm-amdgpu-4.3.1-4mlk5ieu3\n              rt5msy7vxmxa4qh4zuq4zhb/spack-build-4mlk5ie/projects/compiler-rt/\nlib/fuzzer/libcxx_fuzzer_x86_64/include/c++/v1/new:233:7: warning\n              : always_inline function might not be inlinable [-Wattributes]\n     24378     void* __libcpp_operator_new(_Args ...__args) {\n     24379           ^~~~~~~~~~~~~~~~~~~~~\n     24380    cc1plus: warning: unrecognized command line option '-Wno-noexcept\n              -type'\n  >> 24381    make[5]: *** [cxx/src/CMakeFiles/cxx_static.dir/variant.cpp.o] Er",
    "24377    /tmp/koparasy/spack-stage/spack-stage-llvm-amdgpu-4.3.1-4mlk5ieu3\n              rt5msy7vxmxa4qh4zuq4zhb/spack-build-4mlk5ie/projects/compiler-rt/\n              lib/fuzzer/libcxx_fuzzer_x86_64/include/c++/v1/new:233:7: warning\n              : always_inline function might not be inlinable [-Wattributes]\n     24378     void* __libcpp_operator_new(_Args ...__args) {\n     24379           ^~~~~~~~~~~~~~~~~~~~~\n24380    cc1plus: warning: unrecognized command line option '-Wno-noexcept\n              -type'\n  >> 24381    make[5]: *** [cxx/src/CMakeFiles/cxx_static.dir/variant.cpp.o] Er\n              ror 1\n     24382    make[5]: *** Waiting for unfinished jobs....\n     24383    In file included from /tmp/koparasy/spack-stage/spack-stage-llvm-\n              amdgpu-4.3.1-4mlk5ieu3rt5msy7vxmxa4qh4zuq4zhb/spack-build-4mlk5ie",
    "...\n\n     24575          ^~~~~~~~~~~~~~~~~~~~~~~~~~~\n     24576    /tmp/koparasy/spack-stage/spack-stage-llvm-amdgpu-4.3.1-4mlk5ieu3\n              rt5msy7vxmxa4qh4zuq4zhb/spack-build-4mlk5ie/projects/compiler-rt/\nlib/fuzzer/libcxx_fuzzer_x86_64/include/c++/v1/new:233:7: warning\n              : always_inline function might not be inlinable [-Wattributes]\n     24577     void* __libcpp_operator_new(_Args ...__args) {\n     24578           ^~~~~~~~~~~~~~~~~~~~~\n     24579    cc1plus: warning: unrecognized command line option '-Wno-noexcept\n              -type'\n     24580    make[5]: Leaving directory `/tmp/koparasy/spack-stage/spack-stage",
    "24576    /tmp/koparasy/spack-stage/spack-stage-llvm-amdgpu-4.3.1-4mlk5ieu3\n              rt5msy7vxmxa4qh4zuq4zhb/spack-build-4mlk5ie/projects/compiler-rt/\n              lib/fuzzer/libcxx_fuzzer_x86_64/include/c++/v1/new:233:7: warning\n              : always_inline function might not be inlinable [-Wattributes]\n     24577     void* __libcpp_operator_new(_Args ...__args) {\n     24578           ^~~~~~~~~~~~~~~~~~~~~\n24579    cc1plus: warning: unrecognized command line option '-Wno-noexcept\n              -type'\n     24580    make[5]: Leaving directory `/tmp/koparasy/spack-stage/spack-stage\n              -llvm-amdgpu-4.3.1-4mlk5ieu3rt5msy7vxmxa4qh4zuq4zhb/spack-build-4\n              mlk5ie/projects/compiler-rt/lib/fuzzer/libcxx_fuzzer_x86_64-bins'\n  >> 24581    make[4]: *** [cxx/src/CMakeFiles/cxx_static.dir/all] Error 2\n     24582    make[4]: Leaving directory `/tmp/koparasy/spack-stage/spack-stage"
]