[
    "t04_delete.dir/test04_delete.c.o  -o kv.test04_delete ../../src/lib\n            papyruskv.a\n  >> 131    /usr/tce/packages/gcc/gcc-9.3.1/rh/usr/bin/../libexec/gcc/x86_64-re\n            dhat-linux/9/ld: ../../src/libpapyruskv.a(Signal.cpp.o): undefined\n            reference to symbol 'sem_post@@@@GLIBC_2.2.5'\n  >> 132    /usr/tce/packages/gcc/gcc-9.3.1/rh/usr/bin/../libexec/gcc/x86_64-re\ndhat-linux/9/ld: /usr/lib64/libpthread.so.0: error adding symbols:\n            DSO missing from command line\n  >> 133    collect2: error: ld returned 1 exit status\n  >> 134    make[2]: *** [kv/tests/03_barrier/kv.test03_barrier] Error 1\n     135    make[2]: Leaving directory `/tmp/koparasy/spack-stage/spack-stage-p\n            apyrus-1.0.0-4ylpozjj66t5gkggo3vsbew2ub7xmcvk/spack-build-4ylpozj'\n  >> 136    make[1]: *** [kv/tests/03_barrier/CMakeFiles/kv.test03_barrier.dir/",
    ">> 131    /usr/tce/packages/gcc/gcc-9.3.1/rh/usr/bin/../libexec/gcc/x86_64-re\n            dhat-linux/9/ld: ../../src/libpapyruskv.a(Signal.cpp.o): undefined\n            reference to symbol 'sem_post@@@@GLIBC_2.2.5'\n  >> 132    /usr/tce/packages/gcc/gcc-9.3.1/rh/usr/bin/../libexec/gcc/x86_64-re\n            dhat-linux/9/ld: /usr/lib64/libpthread.so.0: error adding symbols:\n            DSO missing from command line\n>> 133    collect2: error: ld returned 1 exit status\n  >> 134    make[2]: *** [kv/tests/03_barrier/kv.test03_barrier] Error 1\n     135    make[2]: Leaving directory `/tmp/koparasy/spack-stage/spack-stage-p\n            apyrus-1.0.0-4ylpozjj66t5gkggo3vsbew2ub7xmcvk/spack-build-4ylpozj'\n  >> 136    make[1]: *** [kv/tests/03_barrier/CMakeFiles/kv.test03_barrier.dir/\n            all] Error 2\n     137    make[1]: *** Waiting for unfinished jobs....",
    "dhat-linux/9/ld: ../../src/libpapyruskv.a(Signal.cpp.o): undefined\n            reference to symbol 'sem_post@@@@GLIBC_2.2.5'\n  >> 132    /usr/tce/packages/gcc/gcc-9.3.1/rh/usr/bin/../libexec/gcc/x86_64-re\n            dhat-linux/9/ld: /usr/lib64/libpthread.so.0: error adding symbols:\n            DSO missing from command line\n  >> 133    collect2: error: ld returned 1 exit status\n>> 134    make[2]: *** [kv/tests/03_barrier/kv.test03_barrier] Error 1\n     135    make[2]: Leaving directory `/tmp/koparasy/spack-stage/spack-stage-p\n            apyrus-1.0.0-4ylpozjj66t5gkggo3vsbew2ub7xmcvk/spack-build-4ylpozj'\n  >> 136    make[1]: *** [kv/tests/03_barrier/CMakeFiles/kv.test03_barrier.dir/\n            all] Error 2\n     137    make[1]: *** Waiting for unfinished jobs....\n  >> 138    /usr/tce/packages/gcc/gcc-9.3.1/rh/usr/bin/../libexec/gcc/x86_64-re",
    "all] Error 2\n     137    make[1]: *** Waiting for unfinished jobs....\n  >> 138    /usr/tce/packages/gcc/gcc-9.3.1/rh/usr/bin/../libexec/gcc/x86_64-re\n            dhat-linux/9/ld: ../../src/libpapyruskv.a(Signal.cpp.o): undefined\n            reference to symbol 'sem_post@@@@GLIBC_2.2.5'\n  >> 139    /usr/tce/packages/gcc/gcc-9.3.1/rh/usr/bin/../libexec/gcc/x86_64-re\ndhat-linux/9/ld: /usr/lib64/libpthread.so.0: error adding symbols:\n            DSO missing from command line\n  >> 140    /usr/tcecollect2: error: ld returned 1 exit status\n     141    /packages/gcc/gcc-9.3.1/rh/usr/bin/../libexec/gcc//x86_64-redhat-us\n            rlinux//tce9//packagesld/:gcc /.gcc.-/9.3.1./.rh//srcusr//libpapyru\n            skv.abin(/Signal.cpp.o.).:/ libexecundefined/ gccreference/ x86_64t\n            o- redhatsymbol- linux'/sem_post9@/@ldGLIBC_2.2.5:'",
    ">> 138    /usr/tce/packages/gcc/gcc-9.3.1/rh/usr/bin/../libexec/gcc/x86_64-re\n            dhat-linux/9/ld: ../../src/libpapyruskv.a(Signal.cpp.o): undefined\n            reference to symbol 'sem_post@@@@GLIBC_2.2.5'\n  >> 139    /usr/tce/packages/gcc/gcc-9.3.1/rh/usr/bin/../libexec/gcc/x86_64-re\n            dhat-linux/9/ld: /usr/lib64/libpthread.so.0: error adding symbols:\n            DSO missing from command line\n>> 140    /usr/tcecollect2: error: ld returned 1 exit status\n     141    /packages/gcc/gcc-9.3.1/rh/usr/bin/../libexec/gcc//x86_64-redhat-us\n            rlinux//tce9//packagesld/:gcc /.gcc.-/9.3.1./.rh//srcusr//libpapyru\n            skv.abin(/Signal.cpp.o.).:/ libexecundefined/ gccreference/ x86_64t\n            o- redhatsymbol- linux'/sem_post9@/@ldGLIBC_2.2.5:'\n     142    ./.usr//.tce.//packagessrc//gcclibpapyruskv.a/(gccSignal.cpp.o-)9.3\n            .1:/ rhundefined/ usrreference/ binto/ .symbol. /'libexecsem_post/@",
    "142    ./.usr//.tce.//packagessrc//gcclibpapyruskv.a/(gccSignal.cpp.o-)9.3\n            .1:/ rhundefined/ usrreference/ binto/ .symbol. /'libexecsem_post/@\n            gcc@/GLIBC_2.2.5x86_64'-\n     143    redhat/-usrlinux//tce9//packagesld/:gcc //gccusr-/9.3.1lib64//rhlib\n            pthread.so.0/:usr /errorbin /adding. .symbols/:libexec /DSOgcc /mis\n            singx86_64 -fromredhat -commandlinux /line9\n>> 144    /ld: /usr/lib64/libpthread.so.0: error adding symbols: DSO missing\n            from command line\n  >> 145    collect2: error: ld returned 1 exit status\n  >> 146    collect2: error: ld returned 1 exit status\n  >> 147    make[2]: *** [kv/tests/04_delete/kv.test04_delete] Error 1\n  >> 148    make[2]: *** [kv/tests/02_put_get/kv.test02_put_get] Error 1\n     149    make[2]: Leaving directory `/tmp/koparasy/spack-stage/spack-stage-p",
    "gcc@/GLIBC_2.2.5x86_64'-\n     143    redhat/-usrlinux//tce9//packagesld/:gcc //gccusr-/9.3.1lib64//rhlib\n            pthread.so.0/:usr /errorbin /adding. .symbols/:libexec /DSOgcc /mis\n            singx86_64 -fromredhat -commandlinux /line9\n  >> 144    /ld: /usr/lib64/libpthread.so.0: error adding symbols: DSO missing\n            from command line\n>> 145    collect2: error: ld returned 1 exit status\n  >> 146    collect2: error: ld returned 1 exit status\n  >> 147    make[2]: *** [kv/tests/04_delete/kv.test04_delete] Error 1\n  >> 148    make[2]: *** [kv/tests/02_put_get/kv.test02_put_get] Error 1\n     149    make[2]: Leaving directory `/tmp/koparasy/spack-stage/spack-stage-p\n            apyrus-1.0.0-4ylpozjj66t5gkggo3vsbew2ub7xmcvk/spack-build-4ylpozj'\n     150    make[2]: Leaving directory `/tmp/koparasy/spack-stage/spack-stage-p",
    "143    redhat/-usrlinux//tce9//packagesld/:gcc //gccusr-/9.3.1lib64//rhlib\n            pthread.so.0/:usr /errorbin /adding. .symbols/:libexec /DSOgcc /mis\n            singx86_64 -fromredhat -commandlinux /line9\n  >> 144    /ld: /usr/lib64/libpthread.so.0: error adding symbols: DSO missing\n            from command line\n  >> 145    collect2: error: ld returned 1 exit status\n>> 146    collect2: error: ld returned 1 exit status\n  >> 147    make[2]: *** [kv/tests/04_delete/kv.test04_delete] Error 1\n  >> 148    make[2]: *** [kv/tests/02_put_get/kv.test02_put_get] Error 1\n     149    make[2]: Leaving directory `/tmp/koparasy/spack-stage/spack-stage-p\n            apyrus-1.0.0-4ylpozjj66t5gkggo3vsbew2ub7xmcvk/spack-build-4ylpozj'\n     150    make[2]: Leaving directory `/tmp/koparasy/spack-stage/spack-stage-p\n            apyrus-1.0.0-4ylpozjj66t5gkggo3vsbew2ub7xmcvk/spack-build-4ylpozj'",
    "pthread.so.0/:usr /errorbin /adding. .symbols/:libexec /DSOgcc /mis\n            singx86_64 -fromredhat -commandlinux /line9\n  >> 144    /ld: /usr/lib64/libpthread.so.0: error adding symbols: DSO missing\n            from command line\n  >> 145    collect2: error: ld returned 1 exit status\n  >> 146    collect2: error: ld returned 1 exit status\n>> 147    make[2]: *** [kv/tests/04_delete/kv.test04_delete] Error 1\n  >> 148    make[2]: *** [kv/tests/02_put_get/kv.test02_put_get] Error 1\n     149    make[2]: Leaving directory `/tmp/koparasy/spack-stage/spack-stage-p\n            apyrus-1.0.0-4ylpozjj66t5gkggo3vsbew2ub7xmcvk/spack-build-4ylpozj'\n     150    make[2]: Leaving directory `/tmp/koparasy/spack-stage/spack-stage-p\n            apyrus-1.0.0-4ylpozjj66t5gkggo3vsbew2ub7xmcvk/spack-build-4ylpozj'\n  >> 151    make[2]: *** [kv/tests/01_open_close/kv.test01_open_close] Error 1",
    "singx86_64 -fromredhat -commandlinux /line9\n  >> 144    /ld: /usr/lib64/libpthread.so.0: error adding symbols: DSO missing\n            from command line\n  >> 145    collect2: error: ld returned 1 exit status\n  >> 146    collect2: error: ld returned 1 exit status\n  >> 147    make[2]: *** [kv/tests/04_delete/kv.test04_delete] Error 1\n>> 148    make[2]: *** [kv/tests/02_put_get/kv.test02_put_get] Error 1\n     149    make[2]: Leaving directory `/tmp/koparasy/spack-stage/spack-stage-p\n            apyrus-1.0.0-4ylpozjj66t5gkggo3vsbew2ub7xmcvk/spack-build-4ylpozj'\n     150    make[2]: Leaving directory `/tmp/koparasy/spack-stage/spack-stage-p\n            apyrus-1.0.0-4ylpozjj66t5gkggo3vsbew2ub7xmcvk/spack-build-4ylpozj'\n  >> 151    make[2]: *** [kv/tests/01_open_close/kv.test01_open_close] Error 1\n  >> 152    make[1]: *** [kv/tests/04_delete/CMakeFiles/kv.test04_delete.dir/al",
    ">> 147    make[2]: *** [kv/tests/04_delete/kv.test04_delete] Error 1\n  >> 148    make[2]: *** [kv/tests/02_put_get/kv.test02_put_get] Error 1\n     149    make[2]: Leaving directory `/tmp/koparasy/spack-stage/spack-stage-p\n            apyrus-1.0.0-4ylpozjj66t5gkggo3vsbew2ub7xmcvk/spack-build-4ylpozj'\n     150    make[2]: Leaving directory `/tmp/koparasy/spack-stage/spack-stage-p\n            apyrus-1.0.0-4ylpozjj66t5gkggo3vsbew2ub7xmcvk/spack-build-4ylpozj'\n>> 151    make[2]: *** [kv/tests/01_open_close/kv.test01_open_close] Error 1\n  >> 152    make[1]: *** [kv/tests/04_delete/CMakeFiles/kv.test04_delete.dir/al\n            l] Error 2\n  >> 153    make[1]: *** [kv/tests/02_put_get/CMakeFiles/kv.test02_put_get.dir/\n            all] Error 2\n     154    make[2]: Leaving directory `/tmp/koparasy/spack-stage/spack-stage-p\n            apyrus-1.0.0-4ylpozjj66t5gkggo3vsbew2ub7xmcvk/spack-build-4ylpozj'",
    "154    make[2]: Leaving directory `/tmp/koparasy/spack-stage/spack-stage-p\n            apyrus-1.0.0-4ylpozjj66t5gkggo3vsbew2ub7xmcvk/spack-build-4ylpozj'\n  >> 155    make[1]: *** [kv/tests/01_open_close/CMakeFiles/kv.test01_open_clos\n            e.dir/all] Error 2\n     156    make[1]: Leaving directory `/tmp/koparasy/spack-stage/spack-stage-p\n            apyrus-1.0.0-4ylpozjj66t5gkggo3vsbew2ub7xmcvk/spack-build-4ylpozj'\n>> 157    make: *** [all] Error 2\n\nSee build log for details:\n  /var/tmp/koparasy/spack-stage/spack-stage-papyrus-1.0.0-4ylpozjj66t5gkggo3vsbew2ub7xmcvk/spack-build-out.txt\n\nTraceback (most recent call last):\n  File \"/p/vast1/koparasy/BUILD/head/spack/lib/spack/spack/build_environment.py\", line 1035, in _setup_pkg_and_run"
]