[
    "46sb5jamji2u2uflh4ktiqd4izays/spack-src/src/blas/impl/KokkosBlas1_a\n            xpby_impl.hpp: In constructor 'KokkosBlas::Impl::Axpby_Functor<AV,\n            XV, BV, YV, scalar_x, scalar_y, SizeType>::Axpby_Functor(const XV&,\n             const YV&, const AV&, const BV&, SizeType)':\n  >> 84     /var/tmp/koparasy/spack-stage/spack-stage-kokkos-kernels-3.0.00-geh\n            46sb5jamji2u2uflh4ktiqd4izays/spack-src/src/blas/impl/KokkosBlas1_a\nxpby_impl.hpp:101:34: error: 'is_same' is not a member of 'Kokkos::\n            Impl'; did you mean 'is_space'?\n     85       101 |     static_assert (Kokkos::Impl::is_same<typename YV::value\n            _type,\n     86           |                                  ^~~~~~~\n     87           |                                  is_space\n  >> 88     /var/tmp/koparasy/spack-stage/spack-stage-kokkos-kernels-3.0.00-geh",
    "85       101 |     static_assert (Kokkos::Impl::is_same<typename YV::value\n            _type,\n     86           |                                  ^~~~~~~\n     87           |                                  is_space\n  >> 88     /var/tmp/koparasy/spack-stage/spack-stage-kokkos-kernels-3.0.00-geh\n            46sb5jamji2u2uflh4ktiqd4izays/spack-src/src/blas/impl/KokkosBlas1_a\nxpby_impl.hpp:101:65: error: expected '(' before ',' token\n     89       101 |     static_assert (Kokkos::Impl::is_same<typename YV::value\n            _type,\n     90           |\n                 ^\n     91           |\n                 (",
    "90           |\n                 ^\n     91           |\n                 (\n  >> 92     /var/tmp/koparasy/spack-stage/spack-stage-kokkos-kernels-3.0.00-geh\n            46sb5jamji2u2uflh4ktiqd4izays/spack-src/src/blas/impl/KokkosBlas1_a\nxpby_impl.hpp:102:20: error: expected string-literal before 'typena\n            me'\n     93       102 |                    typename YV::non_const_value_type>::valu\n            e,\n     94           |                    ^~~~~~~~\n  >> 95     /var/tmp/koparasy/spack-stage/spack-stage-kokkos-kernels-3.0.00-geh\n            46sb5jamji2u2uflh4ktiqd4izays/spack-src/src/blas/impl/KokkosBlas1_a",
    "me'\n     93       102 |                    typename YV::non_const_value_type>::valu\n            e,\n     94           |                    ^~~~~~~~\n  >> 95     /var/tmp/koparasy/spack-stage/spack-stage-kokkos-kernels-3.0.00-geh\n            46sb5jamji2u2uflh4ktiqd4izays/spack-src/src/blas/impl/KokkosBlas1_a\nxpby_impl.hpp:101:66: error: expected ')' before 'typename'\n     96       101 |     static_assert (Kokkos::Impl::is_same<typename YV::value\n            _type,\n     97           |                   ~\n                  ^\n     98           |\n                  )",
    "name XV::non_const_value_type, XV, typename YV::non_const_value_typ\n            e, YV, scalar_x, scalar_y, SizeType>::Axpby_Functor(const XV&, cons\n            t YV&, const typename XV::non_const_value_type&, const typename YV:\n            :non_const_value_type&, SizeType)':\n  >> 102    /var/tmp/koparasy/spack-stage/spack-stage-kokkos-kernels-3.0.00-geh\n            46sb5jamji2u2uflh4ktiqd4izays/spack-src/src/blas/impl/KokkosBlas1_a\nxpby_impl.hpp:235:34: error: 'is_same' is not a member of 'Kokkos::\n            Impl'; did you mean 'is_space'?\n     103      235 |     static_assert (Kokkos::Impl::is_same<typename YV::value\n            _type,\n     104          |                                  ^~~~~~~\n     105          |                                  is_space\n  >> 106    /var/tmp/koparasy/spack-stage/spack-stage-kokkos-kernels-3.0.00-geh",
    "103      235 |     static_assert (Kokkos::Impl::is_same<typename YV::value\n            _type,\n     104          |                                  ^~~~~~~\n     105          |                                  is_space\n  >> 106    /var/tmp/koparasy/spack-stage/spack-stage-kokkos-kernels-3.0.00-geh\n            46sb5jamji2u2uflh4ktiqd4izays/spack-src/src/blas/impl/KokkosBlas1_a\nxpby_impl.hpp:235:65: error: expected '(' before ',' token\n     107      235 |     static_assert (Kokkos::Impl::is_same<typename YV::value\n            _type,\n     108          |\n                 ^\n     109          |\n                 (",
    "108          |\n                 ^\n     109          |\n                 (\n  >> 110    /var/tmp/koparasy/spack-stage/spack-stage-kokkos-kernels-3.0.00-geh\n            46sb5jamji2u2uflh4ktiqd4izays/spack-src/src/blas/impl/KokkosBlas1_a\nxpby_impl.hpp:236:20: error: expected string-literal before 'typena\n            me'\n     111      236 |                    typename YV::non_const_value_type>::valu\n            e,\n     112          |                    ^~~~~~~~\n  >> 113    /var/tmp/koparasy/spack-stage/spack-stage-kokkos-kernels-3.0.00-geh\n            46sb5jamji2u2uflh4ktiqd4izays/spack-src/src/blas/impl/KokkosBlas1_a",
    "me'\n     111      236 |                    typename YV::non_const_value_type>::valu\n            e,\n     112          |                    ^~~~~~~~\n  >> 113    /var/tmp/koparasy/spack-stage/spack-stage-kokkos-kernels-3.0.00-geh\n            46sb5jamji2u2uflh4ktiqd4izays/spack-src/src/blas/impl/KokkosBlas1_a\nxpby_impl.hpp:235:66: error: expected ')' before 'typename'\n     114      235 |     static_assert (Kokkos::Impl::is_same<typename YV::value\n            _type,\n     115          |                   ~\n                  ^\n     116          |\n                  )",
    "119    /var/tmp/koparasy/spack-stage/spack-stage-kokkos-kernels-3.0.00-geh\n            46sb5jamji2u2uflh4ktiqd4izays/spack-src/src/blas/impl/KokkosBlas1_a\n            xpby_impl.hpp: In function 'void KokkosBlas::Impl::Axpby_Generic(co\n            nst AV&, const XV&, const BV&, const YV&, SizeType, int, int)':\n  >> 120    /var/tmp/koparasy/spack-stage/spack-stage-kokkos-kernels-3.0.00-geh\n            46sb5jamji2u2uflh4ktiqd4izays/spack-src/src/blas/impl/KokkosBlas1_a\nxpby_impl.hpp:340:32: error: 'is_same' is not a member of 'Kokkos::\n            Impl'; did you mean 'is_space'?\n     121      340 |   static_assert (Kokkos::Impl::is_same<typename YV::value_t\n            ype,\n     122          |                                ^~~~~~~\n     123          |                                is_space\n  >> 124    /var/tmp/koparasy/spack-stage/spack-stage-kokkos-kernels-3.0.00-geh",
    "121      340 |   static_assert (Kokkos::Impl::is_same<typename YV::value_t\n            ype,\n     122          |                                ^~~~~~~\n     123          |                                is_space\n  >> 124    /var/tmp/koparasy/spack-stage/spack-stage-kokkos-kernels-3.0.00-geh\n            46sb5jamji2u2uflh4ktiqd4izays/spack-src/src/blas/impl/KokkosBlas1_a\nxpby_impl.hpp:340:63: error: expected '(' before ',' token\n     125      340 |   static_assert (Kokkos::Impl::is_same<typename YV::value_t\n            ype,\n     126          |\n               ^\n     127          |\n               (",
    "126          |\n               ^\n     127          |\n               (\n  >> 128    /var/tmp/koparasy/spack-stage/spack-stage-kokkos-kernels-3.0.00-geh\n            46sb5jamji2u2uflh4ktiqd4izays/spack-src/src/blas/impl/KokkosBlas1_a\nxpby_impl.hpp:341:20: error: expected string-literal before 'typena\n            me'\n     129      341 |                    typename YV::non_const_value_type>::valu\n            e,\n     130          |                    ^~~~~~~~\n  >> 131    /var/tmp/koparasy/spack-stage/spack-stage-kokkos-kernels-3.0.00-geh\n            46sb5jamji2u2uflh4ktiqd4izays/spack-src/src/blas/impl/KokkosBlas1_a",
    "me'\n     129      341 |                    typename YV::non_const_value_type>::valu\n            e,\n     130          |                    ^~~~~~~~\n  >> 131    /var/tmp/koparasy/spack-stage/spack-stage-kokkos-kernels-3.0.00-geh\n            46sb5jamji2u2uflh4ktiqd4izays/spack-src/src/blas/impl/KokkosBlas1_a\nxpby_impl.hpp:340:64: error: expected ')' before 'typename'\n     132      340 |   static_assert (Kokkos::Impl::is_same<typename YV::value_t\n            ype,\n     133          |                 ~\n                ^\n     134          |\n                )",
    "46sb5jamji2u2uflh4ktiqd4izays/spack-src/src/blas/impl/KokkosBlas1_a\n            xpby_mv_impl.hpp: In constructor 'KokkosBlas::Impl::Axpby_MV_Functo\n            r<AV, XMV, BV, YMV, scalar_x, scalar_y, SizeType>::Axpby_MV_Functor\n            (const XMV&, const YMV&, const AV&, const BV&)':\n  >> 140    /var/tmp/koparasy/spack-stage/spack-stage-kokkos-kernels-3.0.00-geh\n            46sb5jamji2u2uflh4ktiqd4izays/spack-src/src/blas/impl/KokkosBlas1_a\nxpby_mv_impl.hpp:98:34: error: 'is_same' is not a member of 'Kokkos\n            ::Impl'; did you mean 'is_space'?\n     141       98 |     static_assert (Kokkos::Impl::is_same<typename YMV::valu\n            e_type,\n     142          |                                  ^~~~~~~\n     143          |                                  is_space\n  >> 144    /var/tmp/koparasy/spack-stage/spack-stage-kokkos-kernels-3.0.00-geh",
    "141       98 |     static_assert (Kokkos::Impl::is_same<typename YMV::valu\n            e_type,\n     142          |                                  ^~~~~~~\n     143          |                                  is_space\n  >> 144    /var/tmp/koparasy/spack-stage/spack-stage-kokkos-kernels-3.0.00-geh\n            46sb5jamji2u2uflh4ktiqd4izays/spack-src/src/blas/impl/KokkosBlas1_a\nxpby_mv_impl.hpp:98:66: error: expected '(' before ',' token\n     145       98 |     static_assert (Kokkos::Impl::is_same<typename YMV::valu\n            e_type,\n     146          |\n                  ^\n     147          |\n                  (",
    "146          |\n                  ^\n     147          |\n                  (\n  >> 148    /var/tmp/koparasy/spack-stage/spack-stage-kokkos-kernels-3.0.00-geh\n            46sb5jamji2u2uflh4ktiqd4izays/spack-src/src/blas/impl/KokkosBlas1_a\nxpby_mv_impl.hpp:99:20: error: expected string-literal before 'type\n            name'\n     149       99 |                    typename YMV::non_const_value_type>::val\n            ue,\n     150          |                    ^~~~~~~~\n  >> 151    /var/tmp/koparasy/spack-stage/spack-stage-kokkos-kernels-3.0.00-geh\n            46sb5jamji2u2uflh4ktiqd4izays/spack-src/src/blas/impl/KokkosBlas1_a",
    "name'\n     149       99 |                    typename YMV::non_const_value_type>::val\n            ue,\n     150          |                    ^~~~~~~~\n  >> 151    /var/tmp/koparasy/spack-stage/spack-stage-kokkos-kernels-3.0.00-geh\n            46sb5jamji2u2uflh4ktiqd4izays/spack-src/src/blas/impl/KokkosBlas1_a\nxpby_mv_impl.hpp:98:67: error: expected ')' before 'typename'\n     152       98 |     static_assert (Kokkos::Impl::is_same<typename YMV::valu\n            e_type,\n     153          |                   ~\n                   ^\n     154          |\n                   )",
    "r<typename XMV::non_const_value_type, XMV, typename YMV::non_const_\n            value_type, YMV, scalar_x, scalar_y, SizeType>::Axpby_MV_Functor(co\n            nst XMV&, const YMV&, const typename XMV::non_const_value_type&, co\n            nst typename YMV::non_const_value_type&)':\n  >> 158    /var/tmp/koparasy/spack-stage/spack-stage-kokkos-kernels-3.0.00-geh\n            46sb5jamji2u2uflh4ktiqd4izays/spack-src/src/blas/impl/KokkosBlas1_a\nxpby_mv_impl.hpp:332:34: error: 'is_same' is not a member of 'Kokko\n            s::Impl'; did you mean 'is_space'?\n     159      332 |     static_assert (Kokkos::Impl::is_same<typename YMV::valu\n            e_type,\n     160          |                                  ^~~~~~~\n     161          |                                  is_space\n  >> 162    /var/tmp/koparasy/spack-stage/spack-stage-kokkos-kernels-3.0.00-geh",
    "159      332 |     static_assert (Kokkos::Impl::is_same<typename YMV::valu\n            e_type,\n     160          |                                  ^~~~~~~\n     161          |                                  is_space\n  >> 162    /var/tmp/koparasy/spack-stage/spack-stage-kokkos-kernels-3.0.00-geh\n            46sb5jamji2u2uflh4ktiqd4izays/spack-src/src/blas/impl/KokkosBlas1_a\nxpby_mv_impl.hpp:332:66: error: expected '(' before ',' token\n     163      332 |     static_assert (Kokkos::Impl::is_same<typename YMV::valu\n            e_type,\n     164          |\n                  ^\n     165          |\n                  (",
    "164          |\n                  ^\n     165          |\n                  (\n  >> 166    /var/tmp/koparasy/spack-stage/spack-stage-kokkos-kernels-3.0.00-geh\n            46sb5jamji2u2uflh4ktiqd4izays/spack-src/src/blas/impl/KokkosBlas1_a\nxpby_mv_impl.hpp:333:20: error: expected string-literal before 'typ\n            ename'\n     167      333 |                    typename YMV::non_const_value_type>::val\n            ue,\n     168          |                    ^~~~~~~~\n  >> 169    /var/tmp/koparasy/spack-stage/spack-stage-kokkos-kernels-3.0.00-geh\n            46sb5jamji2u2uflh4ktiqd4izays/spack-src/src/blas/impl/KokkosBlas1_a",
    "ename'\n     167      333 |                    typename YMV::non_const_value_type>::val\n            ue,\n     168          |                    ^~~~~~~~\n  >> 169    /var/tmp/koparasy/spack-stage/spack-stage-kokkos-kernels-3.0.00-geh\n            46sb5jamji2u2uflh4ktiqd4izays/spack-src/src/blas/impl/KokkosBlas1_a\nxpby_mv_impl.hpp:332:67: error: expected ')' before 'typename'\n     170      332 |     static_assert (Kokkos::Impl::is_same<typename YMV::valu\n            e_type,\n     171          |                   ~\n                   ^\n     172          |\n                   )",
    "xpby_mv_impl.hpp: In constructor 'KokkosBlas::Impl::Axpby_MV_Unroll\n            _Functor<AV, XMV, BV, YMV, scalar_x, scalar_y, UNROLL, SizeType>::A\n            xpby_MV_Unroll_Functor(const XMV&, const YMV&, const AV&, const BV&\n            , SizeType)':\n  >> 176    /var/tmp/koparasy/spack-stage/spack-stage-kokkos-kernels-3.0.00-geh\n            46sb5jamji2u2uflh4ktiqd4izays/spack-src/src/blas/impl/KokkosBlas1_a\nxpby_mv_impl.hpp:549:34: error: 'is_same' is not a member of 'Kokko\n            s::Impl'; did you mean 'is_space'?\n     177      549 |     static_assert (Kokkos::Impl::is_same<typename YMV::valu\n            e_type,\n     178          |                                  ^~~~~~~\n     179          |                                  is_space\n  >> 180    /var/tmp/koparasy/spack-stage/spack-stage-kokkos-kernels-3.0.00-geh",
    "177      549 |     static_assert (Kokkos::Impl::is_same<typename YMV::valu\n            e_type,\n     178          |                                  ^~~~~~~\n     179          |                                  is_space\n  >> 180    /var/tmp/koparasy/spack-stage/spack-stage-kokkos-kernels-3.0.00-geh\n            46sb5jamji2u2uflh4ktiqd4izays/spack-src/src/blas/impl/KokkosBlas1_a\nxpby_mv_impl.hpp:549:66: error: expected '(' before ',' token\n     181      549 |     static_assert (Kokkos::Impl::is_same<typename YMV::valu\n            e_type,\n     182          |\n                  ^\n     183          |\n                  (",
    "182          |\n                  ^\n     183          |\n                  (\n  >> 184    /var/tmp/koparasy/spack-stage/spack-stage-kokkos-kernels-3.0.00-geh\n            46sb5jamji2u2uflh4ktiqd4izays/spack-src/src/blas/impl/KokkosBlas1_a\nxpby_mv_impl.hpp:550:20: error: expected string-literal before 'typ\n            ename'\n     185      550 |                    typename YMV::non_const_value_type>::val\n            ue,\n     186          |                    ^~~~~~~~\n  >> 187    /var/tmp/koparasy/spack-stage/spack-stage-kokkos-kernels-3.0.00-geh\n            46sb5jamji2u2uflh4ktiqd4izays/spack-src/src/blas/impl/KokkosBlas1_a",
    "ename'\n     185      550 |                    typename YMV::non_const_value_type>::val\n            ue,\n     186          |                    ^~~~~~~~\n  >> 187    /var/tmp/koparasy/spack-stage/spack-stage-kokkos-kernels-3.0.00-geh\n            46sb5jamji2u2uflh4ktiqd4izays/spack-src/src/blas/impl/KokkosBlas1_a\nxpby_mv_impl.hpp:549:67: error: expected ')' before 'typename'\n     188      549 |     static_assert (Kokkos::Impl::is_same<typename YMV::valu\n            e_type,\n     189          |                   ~\n                   ^\n     190          |\n                   )",
    "_const_value_type, YMV, scalar_x, scalar_y, UNROLL, SizeType>::Axpb\n            y_MV_Unroll_Functor(const XMV&, const YMV&, const typename XMV::non\n            _const_value_type&, const typename YMV::non_const_value_type&, Size\n            Type)':\n  >> 194    /var/tmp/koparasy/spack-stage/spack-stage-kokkos-kernels-3.0.00-geh\n            46sb5jamji2u2uflh4ktiqd4izays/spack-src/src/blas/impl/KokkosBlas1_a\nxpby_mv_impl.hpp:770:34: error: 'is_same' is not a member of 'Kokko\n            s::Impl'; did you mean 'is_space'?\n     195      770 |     static_assert (Kokkos::Impl::is_same<typename YMV::valu\n            e_type,\n     196          |                                  ^~~~~~~\n     197          |                                  is_space\n  >> 198    /var/tmp/koparasy/spack-stage/spack-stage-kokkos-kernels-3.0.00-geh",
    "195      770 |     static_assert (Kokkos::Impl::is_same<typename YMV::valu\n            e_type,\n     196          |                                  ^~~~~~~\n     197          |                                  is_space\n  >> 198    /var/tmp/koparasy/spack-stage/spack-stage-kokkos-kernels-3.0.00-geh\n            46sb5jamji2u2uflh4ktiqd4izays/spack-src/src/blas/impl/KokkosBlas1_a\nxpby_mv_impl.hpp:770:66: error: expected '(' before ',' token\n     199      770 |     static_assert (Kokkos::Impl::is_same<typename YMV::valu\n            e_type,\n     200          |\n                  ^\n     201          |\n                  (",
    "200          |\n                  ^\n     201          |\n                  (\n  >> 202    /var/tmp/koparasy/spack-stage/spack-stage-kokkos-kernels-3.0.00-geh\n            46sb5jamji2u2uflh4ktiqd4izays/spack-src/src/blas/impl/KokkosBlas1_a\nxpby_mv_impl.hpp:771:20: error: expected string-literal before 'typ\n            ename'\n     203      771 |                    typename YMV::non_const_value_type>::val\n            ue,\n     204          |                    ^~~~~~~~\n  >> 205    /var/tmp/koparasy/spack-stage/spack-stage-kokkos-kernels-3.0.00-geh\n            46sb5jamji2u2uflh4ktiqd4izays/spack-src/src/blas/impl/KokkosBlas1_a",
    "ename'\n     203      771 |                    typename YMV::non_const_value_type>::val\n            ue,\n     204          |                    ^~~~~~~~\n  >> 205    /var/tmp/koparasy/spack-stage/spack-stage-kokkos-kernels-3.0.00-geh\n            46sb5jamji2u2uflh4ktiqd4izays/spack-src/src/blas/impl/KokkosBlas1_a\nxpby_mv_impl.hpp:770:67: error: expected ')' before 'typename'\n     206      770 |     static_assert (Kokkos::Impl::is_same<typename YMV::valu\n            e_type,\n     207          |                   ~\n                   ^\n     208          |\n                   )",
    "46sb5jamji2u2uflh4ktiqd4izays/spack-src/src/blas/impl/KokkosBlas1_a\n            xpby_mv_impl.hpp: In function 'void KokkosBlas::Impl::Axpby_MV_Unro\n            lled(const AV&, const XMV&, const BV&, const YMV&, SizeType, int, i\n            nt)':\n  >> 212    /var/tmp/koparasy/spack-stage/spack-stage-kokkos-kernels-3.0.00-geh\n            46sb5jamji2u2uflh4ktiqd4izays/spack-src/src/blas/impl/KokkosBlas1_a\nxpby_mv_impl.hpp:984:32: error: 'is_same' is not a member of 'Kokko\n            s::Impl'; did you mean 'is_space'?\n     213      984 |   static_assert (Kokkos::Impl::is_same<typename YMV::value_\n            type,\n     214          |                                ^~~~~~~\n     215          |                                is_space\n  >> 216    /var/tmp/koparasy/spack-stage/spack-stage-kokkos-kernels-3.0.00-geh",
    "213      984 |   static_assert (Kokkos::Impl::is_same<typename YMV::value_\n            type,\n     214          |                                ^~~~~~~\n     215          |                                is_space\n  >> 216    /var/tmp/koparasy/spack-stage/spack-stage-kokkos-kernels-3.0.00-geh\n            46sb5jamji2u2uflh4ktiqd4izays/spack-src/src/blas/impl/KokkosBlas1_a\nxpby_mv_impl.hpp:984:64: error: expected '(' before ',' token\n     217      984 |   static_assert (Kokkos::Impl::is_same<typename YMV::value_\n            type,\n     218          |\n                ^\n     219          |\n                (",
    "218          |\n                ^\n     219          |\n                (\n  >> 220    /var/tmp/koparasy/spack-stage/spack-stage-kokkos-kernels-3.0.00-geh\n            46sb5jamji2u2uflh4ktiqd4izays/spack-src/src/blas/impl/KokkosBlas1_a\nxpby_mv_impl.hpp:985:20: error: expected string-literal before 'typ\n            ename'\n     221      985 |                    typename YMV::non_const_value_type>::val\n            ue,\n     222          |                    ^~~~~~~~\n  >> 223    /var/tmp/koparasy/spack-stage/spack-stage-kokkos-kernels-3.0.00-geh\n            46sb5jamji2u2uflh4ktiqd4izays/spack-src/src/blas/impl/KokkosBlas1_a",
    "ename'\n     221      985 |                    typename YMV::non_const_value_type>::val\n            ue,\n     222          |                    ^~~~~~~~\n  >> 223    /var/tmp/koparasy/spack-stage/spack-stage-kokkos-kernels-3.0.00-geh\n            46sb5jamji2u2uflh4ktiqd4izays/spack-src/src/blas/impl/KokkosBlas1_a\nxpby_mv_impl.hpp:984:65: error: expected ')' before 'typename'\n     224      984 |   static_assert (Kokkos::Impl::is_same<typename YMV::value_\n            type,\n     225          |                 ~\n                 ^\n     226          |\n                 )",
    "229    /var/tmp/koparasy/spack-stage/spack-stage-kokkos-kernels-3.0.00-geh\n            46sb5jamji2u2uflh4ktiqd4izays/spack-src/src/blas/impl/KokkosBlas1_a\n            xpby_mv_impl.hpp: In function 'void KokkosBlas::Impl::Axpby_MV_Gene\n            ric(const AV&, const XMV&, const BV&, const YMV&, int, int)':\n  >> 230    /var/tmp/koparasy/spack-stage/spack-stage-kokkos-kernels-3.0.00-geh\n            46sb5jamji2u2uflh4ktiqd4izays/spack-src/src/blas/impl/KokkosBlas1_a\nxpby_mv_impl.hpp:1122:32: error: 'is_same' is not a member of 'Kokk\n            os::Impl'; did you mean 'is_space'?\n     231     1122 |   static_assert (Kokkos::Impl::is_same<typename YMV::value_\n            type,\n     232          |                                ^~~~~~~\n     233          |                                is_space\n  >> 234    /var/tmp/koparasy/spack-stage/spack-stage-kokkos-kernels-3.0.00-geh",
    "231     1122 |   static_assert (Kokkos::Impl::is_same<typename YMV::value_\n            type,\n     232          |                                ^~~~~~~\n     233          |                                is_space\n  >> 234    /var/tmp/koparasy/spack-stage/spack-stage-kokkos-kernels-3.0.00-geh\n            46sb5jamji2u2uflh4ktiqd4izays/spack-src/src/blas/impl/KokkosBlas1_a\nxpby_mv_impl.hpp:1122:64: error: expected '(' before ',' token\n     235     1122 |   static_assert (Kokkos::Impl::is_same<typename YMV::value_\n            type,\n     236          |\n                ^\n     237          |\n                (",
    "236          |\n                ^\n     237          |\n                (\n  >> 238    /var/tmp/koparasy/spack-stage/spack-stage-kokkos-kernels-3.0.00-geh\n            46sb5jamji2u2uflh4ktiqd4izays/spack-src/src/blas/impl/KokkosBlas1_a\nxpby_mv_impl.hpp:1123:20: error: expected string-literal before 'ty\n            pename'\n     239     1123 |                    typename YMV::non_const_value_type>::val\n            ue,\n     240          |                    ^~~~~~~~\n  >> 241    /var/tmp/koparasy/spack-stage/spack-stage-kokkos-kernels-3.0.00-geh\n            46sb5jamji2u2uflh4ktiqd4izays/spack-src/src/blas/impl/KokkosBlas1_a",
    "pename'\n     239     1123 |                    typename YMV::non_const_value_type>::val\n            ue,\n     240          |                    ^~~~~~~~\n  >> 241    /var/tmp/koparasy/spack-stage/spack-stage-kokkos-kernels-3.0.00-geh\n            46sb5jamji2u2uflh4ktiqd4izays/spack-src/src/blas/impl/KokkosBlas1_a\nxpby_mv_impl.hpp:1122:65: error: expected ')' before 'typename'\n     242     1122 |   static_assert (Kokkos::Impl::is_same<typename YMV::value_\n            type,\n     243          |                 ~\n                 ^\n     244          |\n                 )",
    "46sb5jamji2u2uflh4ktiqd4izays/spack-src/src/blas/impl/KokkosBlas1_a\n            xpby_mv_impl.hpp: In static member function 'static void KokkosBlas\n            ::Impl::Axpby_MV_Invoke_Left<AV, XMV, BV, YMV, SizeType>::run(const\n             AV&, const XMV&, const BV&, const YMV&, int, int)':\n  >> 248    /var/tmp/koparasy/spack-stage/spack-stage-kokkos-kernels-3.0.00-geh\n            46sb5jamji2u2uflh4ktiqd4izays/spack-src/src/blas/impl/KokkosBlas1_a\nxpby_mv_impl.hpp:1262:32: error: 'is_same' is not a member of 'Kokk\n            os::Impl'; did you mean 'is_space'?\n     249     1262 |   static_assert (Kokkos::Impl::is_same<typename YMV::value_\n            type,\n     250          |                                ^~~~~~~\n     251          |                                is_space\n  >> 252    /var/tmp/koparasy/spack-stage/spack-stage-kokkos-kernels-3.0.00-geh",
    "249     1262 |   static_assert (Kokkos::Impl::is_same<typename YMV::value_\n            type,\n     250          |                                ^~~~~~~\n     251          |                                is_space\n  >> 252    /var/tmp/koparasy/spack-stage/spack-stage-kokkos-kernels-3.0.00-geh\n            46sb5jamji2u2uflh4ktiqd4izays/spack-src/src/blas/impl/KokkosBlas1_a\nxpby_mv_impl.hpp:1262:64: error: expected '(' before ',' token\n     253     1262 |   static_assert (Kokkos::Impl::is_same<typename YMV::value_\n            type,\n     254          |\n                ^\n     255          |\n                (",
    "254          |\n                ^\n     255          |\n                (\n  >> 256    /var/tmp/koparasy/spack-stage/spack-stage-kokkos-kernels-3.0.00-geh\n            46sb5jamji2u2uflh4ktiqd4izays/spack-src/src/blas/impl/KokkosBlas1_a\nxpby_mv_impl.hpp:1263:18: error: expected string-literal before 'ty\n            pename'\n     257     1263 |                  typename YMV::non_const_value_type>::value\n            ,\n     258          |                  ^~~~~~~~\n  >> 259    /var/tmp/koparasy/spack-stage/spack-stage-kokkos-kernels-3.0.00-geh\n            46sb5jamji2u2uflh4ktiqd4izays/spack-src/src/blas/impl/KokkosBlas1_a",
    "pename'\n     257     1263 |                  typename YMV::non_const_value_type>::value\n            ,\n     258          |                  ^~~~~~~~\n  >> 259    /var/tmp/koparasy/spack-stage/spack-stage-kokkos-kernels-3.0.00-geh\n            46sb5jamji2u2uflh4ktiqd4izays/spack-src/src/blas/impl/KokkosBlas1_a\nxpby_mv_impl.hpp:1262:65: error: expected ')' before 'typename'\n     260     1262 |   static_assert (Kokkos::Impl::is_same<typename YMV::value_\n            type,\n     261          |                 ~\n                 ^\n     262          |\n                 )",
    "46sb5jamji2u2uflh4ktiqd4izays/spack-src/src/blas/impl/KokkosBlas1_a\n            xpby_mv_impl.hpp: In static member function 'static void KokkosBlas\n            ::Impl::Axpby_MV_Invoke_Right<AV, XMV, BV, YMV, SizeType>::run(cons\n            t AV&, const XMV&, const BV&, const YMV&, int, int)':\n  >> 266    /var/tmp/koparasy/spack-stage/spack-stage-kokkos-kernels-3.0.00-geh\n            46sb5jamji2u2uflh4ktiqd4izays/spack-src/src/blas/impl/KokkosBlas1_a\nxpby_mv_impl.hpp:1341:32: error: 'is_same' is not a member of 'Kokk\n            os::Impl'; did you mean 'is_space'?\n     267     1341 |   static_assert (Kokkos::Impl::is_same<typename YMV::value_\n            type,\n     268          |                                ^~~~~~~\n     269          |                                is_space\n  >> 270    /var/tmp/koparasy/spack-stage/spack-stage-kokkos-kernels-3.0.00-geh",
    "267     1341 |   static_assert (Kokkos::Impl::is_same<typename YMV::value_\n            type,\n     268          |                                ^~~~~~~\n     269          |                                is_space\n  >> 270    /var/tmp/koparasy/spack-stage/spack-stage-kokkos-kernels-3.0.00-geh\n            46sb5jamji2u2uflh4ktiqd4izays/spack-src/src/blas/impl/KokkosBlas1_a\nxpby_mv_impl.hpp:1341:64: error: expected '(' before ',' token\n     271     1341 |   static_assert (Kokkos::Impl::is_same<typename YMV::value_\n            type,\n     272          |\n                ^\n     273          |\n                (",
    "272          |\n                ^\n     273          |\n                (\n  >> 274    /var/tmp/koparasy/spack-stage/spack-stage-kokkos-kernels-3.0.00-geh\n            46sb5jamji2u2uflh4ktiqd4izays/spack-src/src/blas/impl/KokkosBlas1_a\nxpby_mv_impl.hpp:1342:18: error: expected string-literal before 'ty\n            pename'\n     275     1342 |                  typename YMV::non_const_value_type>::value\n            ,\n     276          |                  ^~~~~~~~\n  >> 277    /var/tmp/koparasy/spack-stage/spack-stage-kokkos-kernels-3.0.00-geh\n            46sb5jamji2u2uflh4ktiqd4izays/spack-src/src/blas/impl/KokkosBlas1_a",
    "pename'\n     275     1342 |                  typename YMV::non_const_value_type>::value\n            ,\n     276          |                  ^~~~~~~~\n  >> 277    /var/tmp/koparasy/spack-stage/spack-stage-kokkos-kernels-3.0.00-geh\n            46sb5jamji2u2uflh4ktiqd4izays/spack-src/src/blas/impl/KokkosBlas1_a\nxpby_mv_impl.hpp:1341:65: error: expected ')' before 'typename'\n     278     1341 |   static_assert (Kokkos::Impl::is_same<typename YMV::value_\n            type,\n     279          |                 ~\n                 ^\n     280          |\n                 )",
    "46sb5jamji2u2uflh4ktiqd4izays/spack-src/src/blas/impl/KokkosBlas1_a\n            xpby_spec.hpp: In static member function 'static void KokkosBlas::I\n            mpl::Axpby<AV, XMV, BV, YMV, 2, false, true>::axpby(const AV&, cons\n            t XMV&, const BV&, const YMV&)':\n  >> 285    /var/tmp/koparasy/spack-stage/spack-stage-kokkos-kernels-3.0.00-geh\n            46sb5jamji2u2uflh4ktiqd4izays/spack-src/src/blas/impl/KokkosBlas1_a\nxpby_spec.hpp:173:34: error: 'is_same' is not a member of 'Kokkos::\n            Impl'; did you mean 'is_space'?\n     286      173 |     static_assert (Kokkos::Impl::is_same<typename YMV::valu\n            e_type,\n     287          |                                  ^~~~~~~\n     288          |                                  is_space\n  >> 289    /var/tmp/koparasy/spack-stage/spack-stage-kokkos-kernels-3.0.00-geh",
    "286      173 |     static_assert (Kokkos::Impl::is_same<typename YMV::valu\n            e_type,\n     287          |                                  ^~~~~~~\n     288          |                                  is_space\n  >> 289    /var/tmp/koparasy/spack-stage/spack-stage-kokkos-kernels-3.0.00-geh\n            46sb5jamji2u2uflh4ktiqd4izays/spack-src/src/blas/impl/KokkosBlas1_a\nxpby_spec.hpp:173:66: error: expected '(' before ',' token\n     290      173 |     static_assert (Kokkos::Impl::is_same<typename YMV::valu\n            e_type,\n     291          |\n                  ^\n     292          |\n                  (",
    "291          |\n                  ^\n     292          |\n                  (\n  >> 293    /var/tmp/koparasy/spack-stage/spack-stage-kokkos-kernels-3.0.00-geh\n            46sb5jamji2u2uflh4ktiqd4izays/spack-src/src/blas/impl/KokkosBlas1_a\nxpby_spec.hpp:174:22: error: expected string-literal before 'typena\n            me'\n     294      174 |                      typename YMV::non_const_value_type>::v\n            alue,\n     295          |                      ^~~~~~~~\n  >> 296    /var/tmp/koparasy/spack-stage/spack-stage-kokkos-kernels-3.0.00-geh\n            46sb5jamji2u2uflh4ktiqd4izays/spack-src/src/blas/impl/KokkosBlas1_a",
    "me'\n     294      174 |                      typename YMV::non_const_value_type>::v\n            alue,\n     295          |                      ^~~~~~~~\n  >> 296    /var/tmp/koparasy/spack-stage/spack-stage-kokkos-kernels-3.0.00-geh\n            46sb5jamji2u2uflh4ktiqd4izays/spack-src/src/blas/impl/KokkosBlas1_a\nxpby_spec.hpp:173:67: error: expected ')' before 'typename'\n     297      173 |     static_assert (Kokkos::Impl::is_same<typename YMV::valu\n            e_type,\n     298          |                   ~\n                   ^\n     299          |\n                   )",
    "xpby_spec.hpp: In static member function 'static void KokkosBlas::I\n            mpl::Axpby<typename XMV::non_const_value_type, XMV, typename YMV::n\n            on_const_value_type, YMV, 2, false, true>::axpby(const AV&, const X\n            MV&, const BV&, const YMV&)':\n  >> 304    /var/tmp/koparasy/spack-stage/spack-stage-kokkos-kernels-3.0.00-geh\n            46sb5jamji2u2uflh4ktiqd4izays/spack-src/src/blas/impl/KokkosBlas1_a\nxpby_spec.hpp:242:34: error: 'is_same' is not a member of 'Kokkos::\n            Impl'; did you mean 'is_space'?\n     305      242 |     static_assert (Kokkos::Impl::is_same<typename YMV::valu\n            e_type,\n     306          |                                  ^~~~~~~\n     307          |                                  is_space\n  >> 308    /var/tmp/koparasy/spack-stage/spack-stage-kokkos-kernels-3.0.00-geh",
    "305      242 |     static_assert (Kokkos::Impl::is_same<typename YMV::valu\n            e_type,\n     306          |                                  ^~~~~~~\n     307          |                                  is_space\n  >> 308    /var/tmp/koparasy/spack-stage/spack-stage-kokkos-kernels-3.0.00-geh\n            46sb5jamji2u2uflh4ktiqd4izays/spack-src/src/blas/impl/KokkosBlas1_a\nxpby_spec.hpp:242:66: error: expected '(' before ',' token\n     309      242 |     static_assert (Kokkos::Impl::is_same<typename YMV::valu\n            e_type,\n     310          |\n                  ^\n     311          |\n                  (",
    "310          |\n                  ^\n     311          |\n                  (\n  >> 312    /var/tmp/koparasy/spack-stage/spack-stage-kokkos-kernels-3.0.00-geh\n            46sb5jamji2u2uflh4ktiqd4izays/spack-src/src/blas/impl/KokkosBlas1_a\nxpby_spec.hpp:243:22: error: expected string-literal before 'typena\n            me'\n     313      243 |                      typename YMV::non_const_value_type>::v\n            alue,\n     314          |                      ^~~~~~~~\n  >> 315    /var/tmp/koparasy/spack-stage/spack-stage-kokkos-kernels-3.0.00-geh\n            46sb5jamji2u2uflh4ktiqd4izays/spack-src/src/blas/impl/KokkosBlas1_a",
    "me'\n     313      243 |                      typename YMV::non_const_value_type>::v\n            alue,\n     314          |                      ^~~~~~~~\n  >> 315    /var/tmp/koparasy/spack-stage/spack-stage-kokkos-kernels-3.0.00-geh\n            46sb5jamji2u2uflh4ktiqd4izays/spack-src/src/blas/impl/KokkosBlas1_a\nxpby_spec.hpp:242:67: error: expected ')' before 'typename'\n     316      242 |     static_assert (Kokkos::Impl::is_same<typename YMV::valu\n            e_type,\n     317          |                   ~\n                   ^\n     318          |\n                   )",
    "xpby_spec.hpp: In static member function 'static void KokkosBlas::I\n            mpl::Axpby<typename XV::non_const_value_type, XV, typename YV::non_\n            const_value_type, YV, 1, false, true>::axpby(const AV&, const XV&,\n            const BV&, const YV&)':\n  >> 322    /var/tmp/koparasy/spack-stage/spack-stage-kokkos-kernels-3.0.00-geh\n            46sb5jamji2u2uflh4ktiqd4izays/spack-src/src/blas/impl/KokkosBlas1_a\nxpby_spec.hpp:335:34: error: 'is_same' is not a member of 'Kokkos::\n            Impl'; did you mean 'is_space'?\n     323      335 |     static_assert (Kokkos::Impl::is_same<typename YV::value\n            _type,\n     324          |                                  ^~~~~~~\n     325          |                                  is_space\n  >> 326    /var/tmp/koparasy/spack-stage/spack-stage-kokkos-kernels-3.0.00-geh",
    "323      335 |     static_assert (Kokkos::Impl::is_same<typename YV::value\n            _type,\n     324          |                                  ^~~~~~~\n     325          |                                  is_space\n  >> 326    /var/tmp/koparasy/spack-stage/spack-stage-kokkos-kernels-3.0.00-geh\n            46sb5jamji2u2uflh4ktiqd4izays/spack-src/src/blas/impl/KokkosBlas1_a\nxpby_spec.hpp:335:65: error: expected '(' before ',' token\n     327      335 |     static_assert (Kokkos::Impl::is_same<typename YV::value\n            _type,\n     328          |\n                 ^\n     329          |\n                 (",
    "328          |\n                 ^\n     329          |\n                 (\n  >> 330    /var/tmp/koparasy/spack-stage/spack-stage-kokkos-kernels-3.0.00-geh\n            46sb5jamji2u2uflh4ktiqd4izays/spack-src/src/blas/impl/KokkosBlas1_a\nxpby_spec.hpp:336:22: error: expected string-literal before 'typena\n            me'\n     331      336 |                      typename YV::non_const_value_type>::va\n            lue,\n     332          |                      ^~~~~~~~\n  >> 333    /var/tmp/koparasy/spack-stage/spack-stage-kokkos-kernels-3.0.00-geh\n            46sb5jamji2u2uflh4ktiqd4izays/spack-src/src/blas/impl/KokkosBlas1_a",
    "me'\n     331      336 |                      typename YV::non_const_value_type>::va\n            lue,\n     332          |                      ^~~~~~~~\n  >> 333    /var/tmp/koparasy/spack-stage/spack-stage-kokkos-kernels-3.0.00-geh\n            46sb5jamji2u2uflh4ktiqd4izays/spack-src/src/blas/impl/KokkosBlas1_a\nxpby_spec.hpp:335:66: error: expected ')' before 'typename'\n     334      335 |     static_assert (Kokkos::Impl::is_same<typename YV::value\n            _type,\n     335          |                   ~\n                  ^\n     336          |\n                  )",
    "46sb5jamji2u2uflh4ktiqd4izays/spack-src/src/blas/impl/KokkosBlas1_a\n            xpby_impl.hpp: In constructor 'KokkosBlas::Impl::Axpby_Functor<AV,\n            XV, BV, YV, scalar_x, scalar_y, SizeType>::Axpby_Functor(const XV&,\n             const YV&, const AV&, const BV&, SizeType)':\n  >> 344    /var/tmp/koparasy/spack-stage/spack-stage-kokkos-kernels-3.0.00-geh\n            46sb5jamji2u2uflh4ktiqd4izays/spack-src/src/blas/impl/KokkosBlas1_a\nxpby_impl.hpp:101:34: error: 'is_same' is not a member of 'Kokkos::\n            Impl'; did you mean 'is_space'?\n     345      101 |     static_assert (Kokkos::Impl::is_same<typename YV::value\n            _type,\n     346          |                                  ^~~~~~~\n     347          |                                  is_space\n  >> 348    /var/tmp/koparasy/spack-stage/spack-stage-kokkos-kernels-3.0.00-geh",
    "345      101 |     static_assert (Kokkos::Impl::is_same<typename YV::value\n            _type,\n     346          |                                  ^~~~~~~\n     347          |                                  is_space\n  >> 348    /var/tmp/koparasy/spack-stage/spack-stage-kokkos-kernels-3.0.00-geh\n            46sb5jamji2u2uflh4ktiqd4izays/spack-src/src/blas/impl/KokkosBlas1_a\nxpby_impl.hpp:101:65: error: expected '(' before ',' token\n     349      101 |     static_assert (Kokkos::Impl::is_same<typename YV::value\n            _type,\n     350          |\n                 ^\n     351          |\n                 (",
    "350          |\n                 ^\n     351          |\n                 (\n  >> 352    /var/tmp/koparasy/spack-stage/spack-stage-kokkos-kernels-3.0.00-geh\n            46sb5jamji2u2uflh4ktiqd4izays/spack-src/src/blas/impl/KokkosBlas1_a\nxpby_impl.hpp:102:20: error: expected string-literal before 'typena\n            me'\n     353      102 |                    typename YV::non_const_value_type>::valu\n            e,\n     354          |                    ^~~~~~~~\n  >> 355    /var/tmp/koparasy/spack-stage/spack-stage-kokkos-kernels-3.0.00-geh\n            46sb5jamji2u2uflh4ktiqd4izays/spack-src/src/blas/impl/KokkosBlas1_a",
    "me'\n     353      102 |                    typename YV::non_const_value_type>::valu\n            e,\n     354          |                    ^~~~~~~~\n  >> 355    /var/tmp/koparasy/spack-stage/spack-stage-kokkos-kernels-3.0.00-geh\n            46sb5jamji2u2uflh4ktiqd4izays/spack-src/src/blas/impl/KokkosBlas1_a\nxpby_impl.hpp:101:66: error: expected ')' before 'typename'\n     356      101 |     static_assert (Kokkos::Impl::is_same<typename YV::value\n            _type,\n     357          |                   ~\n                  ^\n     358          |\n                  )",
    "name XV::non_const_value_type, XV, typename YV::non_const_value_typ\n            e, YV, scalar_x, scalar_y, SizeType>::Axpby_Functor(const XV&, cons\n            t YV&, const typename XV::non_const_value_type&, const typename YV:\n            :non_const_value_type&, SizeType)':\n  >> 362    /var/tmp/koparasy/spack-stage/spack-stage-kokkos-kernels-3.0.00-geh\n            46sb5jamji2u2uflh4ktiqd4izays/spack-src/src/blas/impl/KokkosBlas1_a\nxpby_impl.hpp:235:34: error: 'is_same' is not a member of 'Kokkos::\n            Impl'; did you mean 'is_space'?\n     363      235 |     static_assert (Kokkos::Impl::is_same<typename YV::value\n            _type,\n     364          |                                  ^~~~~~~\n     365          |                                  is_space\n  >> 366    /var/tmp/koparasy/spack-stage/spack-stage-kokkos-kernels-3.0.00-geh",
    "363      235 |     static_assert (Kokkos::Impl::is_same<typename YV::value\n            _type,\n     364          |                                  ^~~~~~~\n     365          |                                  is_space\n  >> 366    /var/tmp/koparasy/spack-stage/spack-stage-kokkos-kernels-3.0.00-geh\n            46sb5jamji2u2uflh4ktiqd4izays/spack-src/src/blas/impl/KokkosBlas1_a\nxpby_impl.hpp:235:65: error: expected '(' before ',' token\n     367      235 |     static_assert (Kokkos::Impl::is_same<typename YV::value\n            _type,\n     368          |\n                 ^\n     369          |\n                 (",
    "368          |\n                 ^\n     369          |\n                 (\n  >> 370    /var/tmp/koparasy/spack-stage/spack-stage-kokkos-kernels-3.0.00-geh\n            46sb5jamji2u2uflh4ktiqd4izays/spack-src/src/blas/impl/KokkosBlas1_a\nxpby_impl.hpp:236:20: error: expected string-literal before 'typena\n            me'\n     371      236 |                    typename YV::non_const_value_type>::valu\n            e,\n     372          |                    ^~~~~~~~\n  >> 373    /var/tmp/koparasy/spack-stage/spack-stage-kokkos-kernels-3.0.00-geh\n            46sb5jamji2u2uflh4ktiqd4izays/spack-src/src/blas/impl/KokkosBlas1_a",
    "me'\n     371      236 |                    typename YV::non_const_value_type>::valu\n            e,\n     372          |                    ^~~~~~~~\n  >> 373    /var/tmp/koparasy/spack-stage/spack-stage-kokkos-kernels-3.0.00-geh\n            46sb5jamji2u2uflh4ktiqd4izays/spack-src/src/blas/impl/KokkosBlas1_a\nxpby_impl.hpp:235:66: error: expected ')' before 'typename'\n     374      235 |     static_assert (Kokkos::Impl::is_same<typename YV::value\n            _type,\n     375          |                   ~\n                  ^\n     376          |\n                  )",
    "379    /var/tmp/koparasy/spack-stage/spack-stage-kokkos-kernels-3.0.00-geh\n            46sb5jamji2u2uflh4ktiqd4izays/spack-src/src/blas/impl/KokkosBlas1_a\n            xpby_impl.hpp: In function 'void KokkosBlas::Impl::Axpby_Generic(co\n            nst AV&, const XV&, const BV&, const YV&, SizeType, int, int)':\n  >> 380    /var/tmp/koparasy/spack-stage/spack-stage-kokkos-kernels-3.0.00-geh\n            46sb5jamji2u2uflh4ktiqd4izays/spack-src/src/blas/impl/KokkosBlas1_a\nxpby_impl.hpp:340:32: error: 'is_same' is not a member of 'Kokkos::\n            Impl'; did you mean 'is_space'?\n     381      340 |   static_assert (Kokkos::Impl::is_same<typename YV::value_t\n            ype,\n     382          |                                ^~~~~~~\n     383          |                                is_space\n  >> 384    /var/tmp/koparasy/spack-stage/spack-stage-kokkos-kernels-3.0.00-geh",
    "381      340 |   static_assert (Kokkos::Impl::is_same<typename YV::value_t\n            ype,\n     382          |                                ^~~~~~~\n     383          |                                is_space\n  >> 384    /var/tmp/koparasy/spack-stage/spack-stage-kokkos-kernels-3.0.00-geh\n            46sb5jamji2u2uflh4ktiqd4izays/spack-src/src/blas/impl/KokkosBlas1_a\nxpby_impl.hpp:340:63: error: expected '(' before ',' token\n     385      340 |   static_assert (Kokkos::Impl::is_same<typename YV::value_t\n            ype,\n     386          |\n               ^\n     387          |\n               (",
    "386          |\n               ^\n     387          |\n               (\n  >> 388    /var/tmp/koparasy/spack-stage/spack-stage-kokkos-kernels-3.0.00-geh\n            46sb5jamji2u2uflh4ktiqd4izays/spack-src/src/blas/impl/KokkosBlas1_a\nxpby_impl.hpp:341:20: error: expected string-literal before 'typena\n            me'\n     389      341 |                    typename YV::non_const_value_type>::valu\n            e,\n     390          |                    ^~~~~~~~\n  >> 391    /var/tmp/koparasy/spack-stage/spack-stage-kokkos-kernels-3.0.00-geh\n            46sb5jamji2u2uflh4ktiqd4izays/spack-src/src/blas/impl/KokkosBlas1_a",
    "me'\n     389      341 |                    typename YV::non_const_value_type>::valu\n            e,\n     390          |                    ^~~~~~~~\n  >> 391    /var/tmp/koparasy/spack-stage/spack-stage-kokkos-kernels-3.0.00-geh\n            46sb5jamji2u2uflh4ktiqd4izays/spack-src/src/blas/impl/KokkosBlas1_a\nxpby_impl.hpp:340:64: error: expected ')' before 'typename'\n     392      340 |   static_assert (Kokkos::Impl::is_same<typename YV::value_t\n            ype,\n     393          |                 ~\n                ^\n     394          |\n                )",
    "46sb5jamji2u2uflh4ktiqd4izays/spack-src/src/blas/impl/KokkosBlas1_a\n            xpby_mv_impl.hpp: In constructor 'KokkosBlas::Impl::Axpby_MV_Functo\n            r<AV, XMV, BV, YMV, scalar_x, scalar_y, SizeType>::Axpby_MV_Functor\n            (const XMV&, const YMV&, const AV&, const BV&)':\n  >> 400    /var/tmp/koparasy/spack-stage/spack-stage-kokkos-kernels-3.0.00-geh\n            46sb5jamji2u2uflh4ktiqd4izays/spack-src/src/blas/impl/KokkosBlas1_a\nxpby_mv_impl.hpp:98:34: error: 'is_same' is not a member of 'Kokkos\n            ::Impl'; did you mean 'is_space'?\n     401       98 |     static_assert (Kokkos::Impl::is_same<typename YMV::valu\n            e_type,\n     402          |                                  ^~~~~~~\n     403          |                                  is_space\n  >> 404    /var/tmp/koparasy/spack-stage/spack-stage-kokkos-kernels-3.0.00-geh",
    "401       98 |     static_assert (Kokkos::Impl::is_same<typename YMV::valu\n            e_type,\n     402          |                                  ^~~~~~~\n     403          |                                  is_space\n  >> 404    /var/tmp/koparasy/spack-stage/spack-stage-kokkos-kernels-3.0.00-geh\n            46sb5jamji2u2uflh4ktiqd4izays/spack-src/src/blas/impl/KokkosBlas1_a\nxpby_mv_impl.hpp:98:66: error: expected '(' before ',' token\n     405       98 |     static_assert (Kokkos::Impl::is_same<typename YMV::valu\n            e_type,\n     406          |\n                  ^\n     407          |\n                  (",
    "406          |\n                  ^\n     407          |\n                  (\n  >> 408    /var/tmp/koparasy/spack-stage/spack-stage-kokkos-kernels-3.0.00-geh\n            46sb5jamji2u2uflh4ktiqd4izays/spack-src/src/blas/impl/KokkosBlas1_a\nxpby_mv_impl.hpp:99:20: error: expected string-literal before 'type\n            name'\n     409       99 |                    typename YMV::non_const_value_type>::val\n            ue,\n     410          |                    ^~~~~~~~\n  >> 411    /var/tmp/koparasy/spack-stage/spack-stage-kokkos-kernels-3.0.00-geh\n            46sb5jamji2u2uflh4ktiqd4izays/spack-src/src/blas/impl/KokkosBlas1_a",
    "name'\n     409       99 |                    typename YMV::non_const_value_type>::val\n            ue,\n     410          |                    ^~~~~~~~\n  >> 411    /var/tmp/koparasy/spack-stage/spack-stage-kokkos-kernels-3.0.00-geh\n            46sb5jamji2u2uflh4ktiqd4izays/spack-src/src/blas/impl/KokkosBlas1_a\nxpby_mv_impl.hpp:98:67: error: expected ')' before 'typename'\n     412       98 |     static_assert (Kokkos::Impl::is_same<typename YMV::valu\n            e_type,\n     413          |                   ~\n                   ^\n     414          |\n                   )",
    "r<typename XMV::non_const_value_type, XMV, typename YMV::non_const_\n            value_type, YMV, scalar_x, scalar_y, SizeType>::Axpby_MV_Functor(co\n            nst XMV&, const YMV&, const typename XMV::non_const_value_type&, co\n            nst typename YMV::non_const_value_type&)':\n  >> 418    /var/tmp/koparasy/spack-stage/spack-stage-kokkos-kernels-3.0.00-geh\n            46sb5jamji2u2uflh4ktiqd4izays/spack-src/src/blas/impl/KokkosBlas1_a\nxpby_mv_impl.hpp:332:34: error: 'is_same' is not a member of 'Kokko\n            s::Impl'; did you mean 'is_space'?\n     419      332 |     static_assert (Kokkos::Impl::is_same<typename YMV::valu\n            e_type,\n     420          |                                  ^~~~~~~\n     421          |                                  is_space\n  >> 422    /var/tmp/koparasy/spack-stage/spack-stage-kokkos-kernels-3.0.00-geh",
    "419      332 |     static_assert (Kokkos::Impl::is_same<typename YMV::valu\n            e_type,\n     420          |                                  ^~~~~~~\n     421          |                                  is_space\n  >> 422    /var/tmp/koparasy/spack-stage/spack-stage-kokkos-kernels-3.0.00-geh\n            46sb5jamji2u2uflh4ktiqd4izays/spack-src/src/blas/impl/KokkosBlas1_a\nxpby_mv_impl.hpp:332:66: error: expected '(' before ',' token\n     423      332 |     static_assert (Kokkos::Impl::is_same<typename YMV::valu\n            e_type,\n     424          |\n                  ^\n     425          |\n                  (",
    "424          |\n                  ^\n     425          |\n                  (\n  >> 426    /var/tmp/koparasy/spack-stage/spack-stage-kokkos-kernels-3.0.00-geh\n            46sb5jamji2u2uflh4ktiqd4izays/spack-src/src/blas/impl/KokkosBlas1_a\nxpby_mv_impl.hpp:333:20: error: expected string-literal before 'typ\n            ename'\n     427      333 |                    typename YMV::non_const_value_type>::val\n            ue,\n     428          |                    ^~~~~~~~\n  >> 429    /var/tmp/koparasy/spack-stage/spack-stage-kokkos-kernels-3.0.00-geh\n            46sb5jamji2u2uflh4ktiqd4izays/spack-src/src/blas/impl/KokkosBlas1_a",
    "ename'\n     427      333 |                    typename YMV::non_const_value_type>::val\n            ue,\n     428          |                    ^~~~~~~~\n  >> 429    /var/tmp/koparasy/spack-stage/spack-stage-kokkos-kernels-3.0.00-geh\n            46sb5jamji2u2uflh4ktiqd4izays/spack-src/src/blas/impl/KokkosBlas1_a\nxpby_mv_impl.hpp:332:67: error: expected ')' before 'typename'\n     430      332 |     static_assert (Kokkos::Impl::is_same<typename YMV::valu\n            e_type,\n     431          |                   ~\n                   ^\n     432          |\n                   )",
    "xpby_mv_impl.hpp: In constructor 'KokkosBlas::Impl::Axpby_MV_Unroll\n            _Functor<AV, XMV, BV, YMV, scalar_x, scalar_y, UNROLL, SizeType>::A\n            xpby_MV_Unroll_Functor(const XMV&, const YMV&, const AV&, const BV&\n            , SizeType)':\n  >> 436    /var/tmp/koparasy/spack-stage/spack-stage-kokkos-kernels-3.0.00-geh\n            46sb5jamji2u2uflh4ktiqd4izays/spack-src/src/blas/impl/KokkosBlas1_a\nxpby_mv_impl.hpp:549:34: error: 'is_same' is not a member of 'Kokko\n            s::Impl'; did you mean 'is_space'?\n     437      549 |     static_assert (Kokkos::Impl::is_same<typename YMV::valu\n            e_type,\n     438          |                                  ^~~~~~~\n     439          |                                  is_space\n  >> 440    /var/tmp/koparasy/spack-stage/spack-stage-kokkos-kernels-3.0.00-geh",
    "437      549 |     static_assert (Kokkos::Impl::is_same<typename YMV::valu\n            e_type,\n     438          |                                  ^~~~~~~\n     439          |                                  is_space\n  >> 440    /var/tmp/koparasy/spack-stage/spack-stage-kokkos-kernels-3.0.00-geh\n            46sb5jamji2u2uflh4ktiqd4izays/spack-src/src/blas/impl/KokkosBlas1_a\nxpby_mv_impl.hpp:549:66: error: expected '(' before ',' token\n     441      549 |     static_assert (Kokkos::Impl::is_same<typename YMV::valu\n            e_type,\n     442          |\n                  ^\n     443          |\n                  (",
    "442          |\n                  ^\n     443          |\n                  (\n  >> 444    /var/tmp/koparasy/spack-stage/spack-stage-kokkos-kernels-3.0.00-geh\n            46sb5jamji2u2uflh4ktiqd4izays/spack-src/src/blas/impl/KokkosBlas1_a\nxpby_mv_impl.hpp:550:20: error: expected string-literal before 'typ\n            ename'\n     445      550 |                    typename YMV::non_const_value_type>::val\n            ue,\n     446          |                    ^~~~~~~~\n  >> 447    /var/tmp/koparasy/spack-stage/spack-stage-kokkos-kernels-3.0.00-geh\n            46sb5jamji2u2uflh4ktiqd4izays/spack-src/src/blas/impl/KokkosBlas1_a",
    "ename'\n     445      550 |                    typename YMV::non_const_value_type>::val\n            ue,\n     446          |                    ^~~~~~~~\n  >> 447    /var/tmp/koparasy/spack-stage/spack-stage-kokkos-kernels-3.0.00-geh\n            46sb5jamji2u2uflh4ktiqd4izays/spack-src/src/blas/impl/KokkosBlas1_a\nxpby_mv_impl.hpp:549:67: error: expected ')' before 'typename'\n     448      549 |     static_assert (Kokkos::Impl::is_same<typename YMV::valu\n            e_type,\n     449          |                   ~\n                   ^\n     450          |\n                   )",
    "_const_value_type, YMV, scalar_x, scalar_y, UNROLL, SizeType>::Axpb\n            y_MV_Unroll_Functor(const XMV&, const YMV&, const typename XMV::non\n            _const_value_type&, const typename YMV::non_const_value_type&, Size\n            Type)':\n  >> 454    /var/tmp/koparasy/spack-stage/spack-stage-kokkos-kernels-3.0.00-geh\n            46sb5jamji2u2uflh4ktiqd4izays/spack-src/src/blas/impl/KokkosBlas1_a\nxpby_mv_impl.hpp:770:34: error: 'is_same' is not a member of 'Kokko\n            s::Impl'; did you mean 'is_space'?\n     455      770 |     static_assert (Kokkos::Impl::is_same<typename YMV::valu\n            e_type,\n     456          |                                  ^~~~~~~\n     457          |                                  is_space\n  >> 458    /var/tmp/koparasy/spack-stage/spack-stage-kokkos-kernels-3.0.00-geh",
    "455      770 |     static_assert (Kokkos::Impl::is_same<typename YMV::valu\n            e_type,\n     456          |                                  ^~~~~~~\n     457          |                                  is_space\n  >> 458    /var/tmp/koparasy/spack-stage/spack-stage-kokkos-kernels-3.0.00-geh\n            46sb5jamji2u2uflh4ktiqd4izays/spack-src/src/blas/impl/KokkosBlas1_a\nxpby_mv_impl.hpp:770:66: error: expected '(' before ',' token\n     459      770 |     static_assert (Kokkos::Impl::is_same<typename YMV::valu\n            e_type,\n     460          |\n                  ^\n     461          |\n                  (",
    "460          |\n                  ^\n     461          |\n                  (\n  >> 462    /var/tmp/koparasy/spack-stage/spack-stage-kokkos-kernels-3.0.00-geh\n            46sb5jamji2u2uflh4ktiqd4izays/spack-src/src/blas/impl/KokkosBlas1_a\nxpby_mv_impl.hpp:771:20: error: expected string-literal before 'typ\n            ename'\n     463      771 |                    typename YMV::non_const_value_type>::val\n            ue,\n     464          |                    ^~~~~~~~\n  >> 465    /var/tmp/koparasy/spack-stage/spack-stage-kokkos-kernels-3.0.00-geh\n            46sb5jamji2u2uflh4ktiqd4izays/spack-src/src/blas/impl/KokkosBlas1_a",
    "ename'\n     463      771 |                    typename YMV::non_const_value_type>::val\n            ue,\n     464          |                    ^~~~~~~~\n  >> 465    /var/tmp/koparasy/spack-stage/spack-stage-kokkos-kernels-3.0.00-geh\n            46sb5jamji2u2uflh4ktiqd4izays/spack-src/src/blas/impl/KokkosBlas1_a\nxpby_mv_impl.hpp:770:67: error: expected ')' before 'typename'\n     466      770 |     static_assert (Kokkos::Impl::is_same<typename YMV::valu\n            e_type,\n     467          |                   ~\n                   ^\n     468          |\n                   )",
    "46sb5jamji2u2uflh4ktiqd4izays/spack-src/src/blas/impl/KokkosBlas1_a\n            xpby_mv_impl.hpp: In function 'void KokkosBlas::Impl::Axpby_MV_Unro\n            lled(const AV&, const XMV&, const BV&, const YMV&, SizeType, int, i\n            nt)':\n  >> 472    /var/tmp/koparasy/spack-stage/spack-stage-kokkos-kernels-3.0.00-geh\n            46sb5jamji2u2uflh4ktiqd4izays/spack-src/src/blas/impl/KokkosBlas1_a\nxpby_mv_impl.hpp:984:32: error: 'is_same' is not a member of 'Kokko\n            s::Impl'; did you mean 'is_space'?\n     473      984 |   static_assert (Kokkos::Impl::is_same<typename YMV::value_\n            type,\n     474          |                                ^~~~~~~\n     475          |                                is_space\n  >> 476    /var/tmp/koparasy/spack-stage/spack-stage-kokkos-kernels-3.0.00-geh",
    "473      984 |   static_assert (Kokkos::Impl::is_same<typename YMV::value_\n            type,\n     474          |                                ^~~~~~~\n     475          |                                is_space\n  >> 476    /var/tmp/koparasy/spack-stage/spack-stage-kokkos-kernels-3.0.00-geh\n            46sb5jamji2u2uflh4ktiqd4izays/spack-src/src/blas/impl/KokkosBlas1_a\nxpby_mv_impl.hpp:984:64: error: expected '(' before ',' token\n     477      984 |   static_assert (Kokkos::Impl::is_same<typename YMV::value_\n            type,\n     478          |\n                ^\n     479          |\n                (",
    "478          |\n                ^\n     479          |\n                (\n  >> 480    /var/tmp/koparasy/spack-stage/spack-stage-kokkos-kernels-3.0.00-geh\n            46sb5jamji2u2uflh4ktiqd4izays/spack-src/src/blas/impl/KokkosBlas1_a\nxpby_mv_impl.hpp:985:20: error: expected string-literal before 'typ\n            ename'\n     481      985 |                    typename YMV::non_const_value_type>::val\n            ue,\n     482          |                    ^~~~~~~~\n  >> 483    /var/tmp/koparasy/spack-stage/spack-stage-kokkos-kernels-3.0.00-geh\n            46sb5jamji2u2uflh4ktiqd4izays/spack-src/src/blas/impl/KokkosBlas1_a",
    "ename'\n     481      985 |                    typename YMV::non_const_value_type>::val\n            ue,\n     482          |                    ^~~~~~~~\n  >> 483    /var/tmp/koparasy/spack-stage/spack-stage-kokkos-kernels-3.0.00-geh\n            46sb5jamji2u2uflh4ktiqd4izays/spack-src/src/blas/impl/KokkosBlas1_a\nxpby_mv_impl.hpp:984:65: error: expected ')' before 'typename'\n     484      984 |   static_assert (Kokkos::Impl::is_same<typename YMV::value_\n            type,\n     485          |                 ~\n                 ^\n     486          |\n                 )",
    "489    /var/tmp/koparasy/spack-stage/spack-stage-kokkos-kernels-3.0.00-geh\n            46sb5jamji2u2uflh4ktiqd4izays/spack-src/src/blas/impl/KokkosBlas1_a\n            xpby_mv_impl.hpp: In function 'void KokkosBlas::Impl::Axpby_MV_Gene\n            ric(const AV&, const XMV&, const BV&, const YMV&, int, int)':\n  >> 490    /var/tmp/koparasy/spack-stage/spack-stage-kokkos-kernels-3.0.00-geh\n            46sb5jamji2u2uflh4ktiqd4izays/spack-src/src/blas/impl/KokkosBlas1_a\nxpby_mv_impl.hpp:1122:32: error: 'is_same' is not a member of 'Kokk\n            os::Impl'; did you mean 'is_space'?\n     491     1122 |   static_assert (Kokkos::Impl::is_same<typename YMV::value_\n            type,\n     492          |                                ^~~~~~~\n     493          |                                is_space\n  >> 494    /var/tmp/koparasy/spack-stage/spack-stage-kokkos-kernels-3.0.00-geh",
    "491     1122 |   static_assert (Kokkos::Impl::is_same<typename YMV::value_\n            type,\n     492          |                                ^~~~~~~\n     493          |                                is_space\n  >> 494    /var/tmp/koparasy/spack-stage/spack-stage-kokkos-kernels-3.0.00-geh\n            46sb5jamji2u2uflh4ktiqd4izays/spack-src/src/blas/impl/KokkosBlas1_a\nxpby_mv_impl.hpp:1122:64: error: expected '(' before ',' token\n     495     1122 |   static_assert (Kokkos::Impl::is_same<typename YMV::value_\n            type,\n     496          |\n                ^\n     497          |\n                (",
    "496          |\n                ^\n     497          |\n                (\n  >> 498    /var/tmp/koparasy/spack-stage/spack-stage-kokkos-kernels-3.0.00-geh\n            46sb5jamji2u2uflh4ktiqd4izays/spack-src/src/blas/impl/KokkosBlas1_a\nxpby_mv_impl.hpp:1123:20: error: expected string-literal before 'ty\n            pename'\n     499     1123 |                    typename YMV::non_const_value_type>::val\n            ue,\n     500          |                    ^~~~~~~~\n  >> 501    /var/tmp/koparasy/spack-stage/spack-stage-kokkos-kernels-3.0.00-geh\n            46sb5jamji2u2uflh4ktiqd4izays/spack-src/src/blas/impl/KokkosBlas1_a",
    "pename'\n     499     1123 |                    typename YMV::non_const_value_type>::val\n            ue,\n     500          |                    ^~~~~~~~\n  >> 501    /var/tmp/koparasy/spack-stage/spack-stage-kokkos-kernels-3.0.00-geh\n            46sb5jamji2u2uflh4ktiqd4izays/spack-src/src/blas/impl/KokkosBlas1_a\nxpby_mv_impl.hpp:1122:65: error: expected ')' before 'typename'\n     502     1122 |   static_assert (Kokkos::Impl::is_same<typename YMV::value_\n            type,\n     503          |                 ~\n                 ^\n     504          |\n                 )",
    "46sb5jamji2u2uflh4ktiqd4izays/spack-src/src/blas/impl/KokkosBlas1_a\n            xpby_mv_impl.hpp: In static member function 'static void KokkosBlas\n            ::Impl::Axpby_MV_Invoke_Left<AV, XMV, BV, YMV, SizeType>::run(const\n             AV&, const XMV&, const BV&, const YMV&, int, int)':\n  >> 508    /var/tmp/koparasy/spack-stage/spack-stage-kokkos-kernels-3.0.00-geh\n            46sb5jamji2u2uflh4ktiqd4izays/spack-src/src/blas/impl/KokkosBlas1_a\nxpby_mv_impl.hpp:1262:32: error: 'is_same' is not a member of 'Kokk\n            os::Impl'; did you mean 'is_space'?\n     509     1262 |   static_assert (Kokkos::Impl::is_same<typename YMV::value_\n            type,\n     510          |                                ^~~~~~~\n     511          |                                is_space\n  >> 512    /var/tmp/koparasy/spack-stage/spack-stage-kokkos-kernels-3.0.00-geh",
    "509     1262 |   static_assert (Kokkos::Impl::is_same<typename YMV::value_\n            type,\n     510          |                                ^~~~~~~\n     511          |                                is_space\n  >> 512    /var/tmp/koparasy/spack-stage/spack-stage-kokkos-kernels-3.0.00-geh\n            46sb5jamji2u2uflh4ktiqd4izays/spack-src/src/blas/impl/KokkosBlas1_a\nxpby_mv_impl.hpp:1262:64: error: expected '(' before ',' token\n     513     1262 |   static_assert (Kokkos::Impl::is_same<typename YMV::value_\n            type,\n     514          |\n                ^\n     515          |\n                (",
    "514          |\n                ^\n     515          |\n                (\n  >> 516    /var/tmp/koparasy/spack-stage/spack-stage-kokkos-kernels-3.0.00-geh\n            46sb5jamji2u2uflh4ktiqd4izays/spack-src/src/blas/impl/KokkosBlas1_a\nxpby_mv_impl.hpp:1263:18: error: expected string-literal before 'ty\n            pename'\n     517     1263 |                  typename YMV::non_const_value_type>::value\n            ,\n     518          |                  ^~~~~~~~\n  >> 519    /var/tmp/koparasy/spack-stage/spack-stage-kokkos-kernels-3.0.00-geh\n            46sb5jamji2u2uflh4ktiqd4izays/spack-src/src/blas/impl/KokkosBlas1_a",
    "pename'\n     517     1263 |                  typename YMV::non_const_value_type>::value\n            ,\n     518          |                  ^~~~~~~~\n  >> 519    /var/tmp/koparasy/spack-stage/spack-stage-kokkos-kernels-3.0.00-geh\n            46sb5jamji2u2uflh4ktiqd4izays/spack-src/src/blas/impl/KokkosBlas1_a\nxpby_mv_impl.hpp:1262:65: error: expected ')' before 'typename'\n     520     1262 |   static_assert (Kokkos::Impl::is_same<typename YMV::value_\n            type,\n     521          |                 ~\n                 ^\n     522          |\n                 )",
    "46sb5jamji2u2uflh4ktiqd4izays/spack-src/src/blas/impl/KokkosBlas1_a\n            xpby_mv_impl.hpp: In static member function 'static void KokkosBlas\n            ::Impl::Axpby_MV_Invoke_Right<AV, XMV, BV, YMV, SizeType>::run(cons\n            t AV&, const XMV&, const BV&, const YMV&, int, int)':\n  >> 526    /var/tmp/koparasy/spack-stage/spack-stage-kokkos-kernels-3.0.00-geh\n            46sb5jamji2u2uflh4ktiqd4izays/spack-src/src/blas/impl/KokkosBlas1_a\nxpby_mv_impl.hpp:1341:32: error: 'is_same' is not a member of 'Kokk\n            os::Impl'; did you mean 'is_space'?\n     527     1341 |   static_assert (Kokkos::Impl::is_same<typename YMV::value_\n            type,\n     528          |                                ^~~~~~~\n     529          |                                is_space\n  >> 530    /var/tmp/koparasy/spack-stage/spack-stage-kokkos-kernels-3.0.00-geh",
    "527     1341 |   static_assert (Kokkos::Impl::is_same<typename YMV::value_\n            type,\n     528          |                                ^~~~~~~\n     529          |                                is_space\n  >> 530    /var/tmp/koparasy/spack-stage/spack-stage-kokkos-kernels-3.0.00-geh\n            46sb5jamji2u2uflh4ktiqd4izays/spack-src/src/blas/impl/KokkosBlas1_a\nxpby_mv_impl.hpp:1341:64: error: expected '(' before ',' token\n     531     1341 |   static_assert (Kokkos::Impl::is_same<typename YMV::value_\n            type,\n     532          |\n                ^\n     533          |\n                (",
    "532          |\n                ^\n     533          |\n                (\n  >> 534    /var/tmp/koparasy/spack-stage/spack-stage-kokkos-kernels-3.0.00-geh\n            46sb5jamji2u2uflh4ktiqd4izays/spack-src/src/blas/impl/KokkosBlas1_a\nxpby_mv_impl.hpp:1342:18: error: expected string-literal before 'ty\n            pename'\n     535     1342 |                  typename YMV::non_const_value_type>::value\n            ,\n     536          |                  ^~~~~~~~\n  >> 537    /var/tmp/koparasy/spack-stage/spack-stage-kokkos-kernels-3.0.00-geh\n            46sb5jamji2u2uflh4ktiqd4izays/spack-src/src/blas/impl/KokkosBlas1_a",
    "pename'\n     535     1342 |                  typename YMV::non_const_value_type>::value\n            ,\n     536          |                  ^~~~~~~~\n  >> 537    /var/tmp/koparasy/spack-stage/spack-stage-kokkos-kernels-3.0.00-geh\n            46sb5jamji2u2uflh4ktiqd4izays/spack-src/src/blas/impl/KokkosBlas1_a\nxpby_mv_impl.hpp:1341:65: error: expected ')' before 'typename'\n     538     1341 |   static_assert (Kokkos::Impl::is_same<typename YMV::value_\n            type,\n     539          |                 ~\n                 ^\n     540          |\n                 )",
    "46sb5jamji2u2uflh4ktiqd4izays/spack-src/src/blas/impl/KokkosBlas1_a\n            xpby_spec.hpp: In static member function 'static void KokkosBlas::I\n            mpl::Axpby<AV, XMV, BV, YMV, 2, false, true>::axpby(const AV&, cons\n            t XMV&, const BV&, const YMV&)':\n  >> 545    /var/tmp/koparasy/spack-stage/spack-stage-kokkos-kernels-3.0.00-geh\n            46sb5jamji2u2uflh4ktiqd4izays/spack-src/src/blas/impl/KokkosBlas1_a\nxpby_spec.hpp:173:34: error: 'is_same' is not a member of 'Kokkos::\n            Impl'; did you mean 'is_space'?\n     546      173 |     static_assert (Kokkos::Impl::is_same<typename YMV::valu\n            e_type,\n     547          |                                  ^~~~~~~\n     548          |                                  is_space\n  >> 549    /var/tmp/koparasy/spack-stage/spack-stage-kokkos-kernels-3.0.00-geh",
    "546      173 |     static_assert (Kokkos::Impl::is_same<typename YMV::valu\n            e_type,\n     547          |                                  ^~~~~~~\n     548          |                                  is_space\n  >> 549    /var/tmp/koparasy/spack-stage/spack-stage-kokkos-kernels-3.0.00-geh\n            46sb5jamji2u2uflh4ktiqd4izays/spack-src/src/blas/impl/KokkosBlas1_a\nxpby_spec.hpp:173:66: error: expected '(' before ',' token\n     550      173 |     static_assert (Kokkos::Impl::is_same<typename YMV::valu\n            e_type,\n     551          |\n                  ^\n     552          |\n                  (",
    "551          |\n                  ^\n     552          |\n                  (\n  >> 553    /var/tmp/koparasy/spack-stage/spack-stage-kokkos-kernels-3.0.00-geh\n            46sb5jamji2u2uflh4ktiqd4izays/spack-src/src/blas/impl/KokkosBlas1_a\nxpby_spec.hpp:174:22: error: expected string-literal before 'typena\n            me'\n     554      174 |                      typename YMV::non_const_value_type>::v\n            alue,\n     555          |                      ^~~~~~~~\n  >> 556    /var/tmp/koparasy/spack-stage/spack-stage-kokkos-kernels-3.0.00-geh\n            46sb5jamji2u2uflh4ktiqd4izays/spack-src/src/blas/impl/KokkosBlas1_a",
    "me'\n     554      174 |                      typename YMV::non_const_value_type>::v\n            alue,\n     555          |                      ^~~~~~~~\n  >> 556    /var/tmp/koparasy/spack-stage/spack-stage-kokkos-kernels-3.0.00-geh\n            46sb5jamji2u2uflh4ktiqd4izays/spack-src/src/blas/impl/KokkosBlas1_a\nxpby_spec.hpp:173:67: error: expected ')' before 'typename'\n     557      173 |     static_assert (Kokkos::Impl::is_same<typename YMV::valu\n            e_type,\n     558          |                   ~\n                   ^\n     559          |\n                   )",
    "xpby_spec.hpp: In static member function 'static void KokkosBlas::I\n            mpl::Axpby<typename XMV::non_const_value_type, XMV, typename YMV::n\n            on_const_value_type, YMV, 2, false, true>::axpby(const AV&, const X\n            MV&, const BV&, const YMV&)':\n  >> 564    /var/tmp/koparasy/spack-stage/spack-stage-kokkos-kernels-3.0.00-geh\n            46sb5jamji2u2uflh4ktiqd4izays/spack-src/src/blas/impl/KokkosBlas1_a\nxpby_spec.hpp:242:34: error: 'is_same' is not a member of 'Kokkos::\n            Impl'; did you mean 'is_space'?\n     565      242 |     static_assert (Kokkos::Impl::is_same<typename YMV::valu\n            e_type,\n     566          |                                  ^~~~~~~\n     567          |                                  is_space\n  >> 568    /var/tmp/koparasy/spack-stage/spack-stage-kokkos-kernels-3.0.00-geh",
    "565      242 |     static_assert (Kokkos::Impl::is_same<typename YMV::valu\n            e_type,\n     566          |                                  ^~~~~~~\n     567          |                                  is_space\n  >> 568    /var/tmp/koparasy/spack-stage/spack-stage-kokkos-kernels-3.0.00-geh\n            46sb5jamji2u2uflh4ktiqd4izays/spack-src/src/blas/impl/KokkosBlas1_a\nxpby_spec.hpp:242:66: error: expected '(' before ',' token\n     569      242 |     static_assert (Kokkos::Impl::is_same<typename YMV::valu\n            e_type,\n     570          |\n                  ^\n     571          |\n                  (",
    "570          |\n                  ^\n     571          |\n                  (\n  >> 572    /var/tmp/koparasy/spack-stage/spack-stage-kokkos-kernels-3.0.00-geh\n            46sb5jamji2u2uflh4ktiqd4izays/spack-src/src/blas/impl/KokkosBlas1_a\nxpby_spec.hpp:243:22: error: expected string-literal before 'typena\n            me'\n     573      243 |                      typename YMV::non_const_value_type>::v\n            alue,\n     574          |                      ^~~~~~~~\n  >> 575    /var/tmp/koparasy/spack-stage/spack-stage-kokkos-kernels-3.0.00-geh\n            46sb5jamji2u2uflh4ktiqd4izays/spack-src/src/blas/impl/KokkosBlas1_a",
    "me'\n     573      243 |                      typename YMV::non_const_value_type>::v\n            alue,\n     574          |                      ^~~~~~~~\n  >> 575    /var/tmp/koparasy/spack-stage/spack-stage-kokkos-kernels-3.0.00-geh\n            46sb5jamji2u2uflh4ktiqd4izays/spack-src/src/blas/impl/KokkosBlas1_a\nxpby_spec.hpp:242:67: error: expected ')' before 'typename'\n     576      242 |     static_assert (Kokkos::Impl::is_same<typename YMV::valu\n            e_type,\n     577          |                   ~\n                   ^\n     578          |\n                   )",
    "xpby_spec.hpp: In static member function 'static void KokkosBlas::I\n            mpl::Axpby<typename XV::non_const_value_type, XV, typename YV::non_\n            const_value_type, YV, 1, false, true>::axpby(const AV&, const XV&,\n            const BV&, const YV&)':\n  >> 582    /var/tmp/koparasy/spack-stage/spack-stage-kokkos-kernels-3.0.00-geh\n            46sb5jamji2u2uflh4ktiqd4izays/spack-src/src/blas/impl/KokkosBlas1_a\nxpby_spec.hpp:335:34: error: 'is_same' is not a member of 'Kokkos::\n            Impl'; did you mean 'is_space'?\n     583      335 |     static_assert (Kokkos::Impl::is_same<typename YV::value\n            _type,\n     584          |                                  ^~~~~~~\n     585          |                                  is_space\n  >> 586    /var/tmp/koparasy/spack-stage/spack-stage-kokkos-kernels-3.0.00-geh",
    "583      335 |     static_assert (Kokkos::Impl::is_same<typename YV::value\n            _type,\n     584          |                                  ^~~~~~~\n     585          |                                  is_space\n  >> 586    /var/tmp/koparasy/spack-stage/spack-stage-kokkos-kernels-3.0.00-geh\n            46sb5jamji2u2uflh4ktiqd4izays/spack-src/src/blas/impl/KokkosBlas1_a\nxpby_spec.hpp:335:65: error: expected '(' before ',' token\n     587      335 |     static_assert (Kokkos::Impl::is_same<typename YV::value\n            _type,\n     588          |\n                 ^\n     589          |\n                 (",
    "588          |\n                 ^\n     589          |\n                 (\n  >> 590    /var/tmp/koparasy/spack-stage/spack-stage-kokkos-kernels-3.0.00-geh\n            46sb5jamji2u2uflh4ktiqd4izays/spack-src/src/blas/impl/KokkosBlas1_a\nxpby_spec.hpp:336:22: error: expected string-literal before 'typena\n            me'\n     591      336 |                      typename YV::non_const_value_type>::va\n            lue,\n     592          |                      ^~~~~~~~\n  >> 593    /var/tmp/koparasy/spack-stage/spack-stage-kokkos-kernels-3.0.00-geh\n            46sb5jamji2u2uflh4ktiqd4izays/spack-src/src/blas/impl/KokkosBlas1_a",
    "me'\n     591      336 |                      typename YV::non_const_value_type>::va\n            lue,\n     592          |                      ^~~~~~~~\n  >> 593    /var/tmp/koparasy/spack-stage/spack-stage-kokkos-kernels-3.0.00-geh\n            46sb5jamji2u2uflh4ktiqd4izays/spack-src/src/blas/impl/KokkosBlas1_a\nxpby_spec.hpp:335:66: error: expected ')' before 'typename'\n     594      335 |     static_assert (Kokkos::Impl::is_same<typename YV::value\n            _type,\n     595          |                   ~\n                  ^\n     596          |\n                  )",
    ">> 599    make[2]: *** [src/CMakeFiles/kokkoskernels.dir/impl/generated_speci\n            alizations_cpp/axpby/KokkosBlas1_axpby_mv_eti_spec_inst_dbl_LayoutL\n            eft_Serial_HostSpace.cpp.o] Error 1\n     600    make[2]: Leaving directory `/tmp/koparasy/spack-stage/spack-stage-k\n            okkos-kernels-3.0.00-geh46sb5jamji2u2uflh4ktiqd4izays/spack-build-g\n            eh46sb'\n>> 601    make[1]: *** [src/CMakeFiles/kokkoskernels.dir/all] Error 2\n     602    make[1]: Leaving directory `/tmp/koparasy/spack-stage/spack-stage-k\n            okkos-kernels-3.0.00-geh46sb5jamji2u2uflh4ktiqd4izays/spack-build-g\n            eh46sb'\n  >> 603    make: *** [all] Error 2\n\nSee build log for details:",
    "okkos-kernels-3.0.00-geh46sb5jamji2u2uflh4ktiqd4izays/spack-build-g\n            eh46sb'\n  >> 601    make[1]: *** [src/CMakeFiles/kokkoskernels.dir/all] Error 2\n     602    make[1]: Leaving directory `/tmp/koparasy/spack-stage/spack-stage-k\n            okkos-kernels-3.0.00-geh46sb5jamji2u2uflh4ktiqd4izays/spack-build-g\n            eh46sb'\n>> 603    make: *** [all] Error 2\n\nSee build log for details:\n  /var/tmp/koparasy/spack-stage/spack-stage-kokkos-kernels-3.0.00-geh46sb5jamji2u2uflh4ktiqd4izays/spack-build-out.txt\n\nTraceback (most recent call last):\n  File \"/p/vast1/koparasy/BUILD/head/spack/lib/spack/spack/build_environment.py\", line 1035, in _setup_pkg_and_run"
]