[
    "111                     from /tmp/koparasy/spack-stage/spack-stage-vtk-h-0\n            .6.1-vaw22hl5jcxw7fn2wyvstdt5boodfwzr/spack-src/src/vtkh/vtkm_filte\n            rs/vtkmClip.cpp:1:\n  >> 112    /p/vast1/koparasy/BUILD/spack_cluster_installer/quartz/ascent/spack\n            _env_dir/linux-rhel7-broadwell/gcc-8.3.1/vtk-m-1.6.0-b77d27rzqzlu7f\n            mbn6ao6vzpnwkzwlib/include/vtkm-1.6/vtkm/cont/ImplicitFunctionHandl\ne.h:17:2: error: #error \"ImplicitFunction with virtual methods is r\n            emoved. Do not include ImplicitFunctionHeader.h\"\n     113     #error \"ImplicitFunction with virtual methods is removed. Do not i\n            nclude ImplicitFunctionHeader.h\"\n     114      ^~~~~\n  >> 115    /p/vast1/koparasy/BUILD/spack_cluster_installer/quartz/ascent/spack\n            _env_dir/linux-rhel7-broadwell/gcc-8.3.1/vtk-m-1.6.0-b77d27rzqzlu7f",
    "113     #error \"ImplicitFunction with virtual methods is removed. Do not i\n            nclude ImplicitFunctionHeader.h\"\n     114      ^~~~~\n  >> 115    /p/vast1/koparasy/BUILD/spack_cluster_installer/quartz/ascent/spack\n            _env_dir/linux-rhel7-broadwell/gcc-8.3.1/vtk-m-1.6.0-b77d27rzqzlu7f\n            mbn6ao6vzpnwkzwlib/include/vtkm-1.6/vtkm/cont/ImplicitFunctionHandl\ne.h:33:1: error: expected class-name before '{' token\n     116     {\n     117     ^\n  >> 118    /p/vast1/koparasy/BUILD/spack_cluster_installer/quartz/ascent/spack\n            _env_dir/linux-rhel7-broadwell/gcc-8.3.1/vtk-m-1.6.0-b77d27rzqzlu7f\n            mbn6ao6vzpnwkzwlib/include/vtkm-1.6/vtkm/cont/ImplicitFunctionHandl\n            e.h:48:26: error: 'Scalar' does not name a type; did you mean 'scal",
    "e.h:33:1: error: expected class-name before '{' token\n     116     {\n     117     ^\n  >> 118    /p/vast1/koparasy/BUILD/spack_cluster_installer/quartz/ascent/spack\n            _env_dir/linux-rhel7-broadwell/gcc-8.3.1/vtk-m-1.6.0-b77d27rzqzlu7f\n            mbn6ao6vzpnwkzwlib/include/vtkm-1.6/vtkm/cont/ImplicitFunctionHandl\ne.h:48:26: error: 'Scalar' does not name a type; did you mean 'scal\n            bl'?\n     119       VTKM_EXEC_CONT virtual Scalar Value(const Vector& point) const o\n            verride\n     120                              ^~~~~~\n     121                              scalbl\n  >> 122    /p/vast1/koparasy/BUILD/spack_cluster_installer/quartz/ascent/spack",
    "verride\n     120                              ^~~~~~\n     121                              scalbl\n  >> 122    /p/vast1/koparasy/BUILD/spack_cluster_installer/quartz/ascent/spack\n            _env_dir/linux-rhel7-broadwell/gcc-8.3.1/vtk-m-1.6.0-b77d27rzqzlu7f\n            mbn6ao6vzpnwkzwlib/include/vtkm-1.6/vtkm/cont/ImplicitFunctionHandl\ne.h:53:26: error: 'Vector' does not name a type; did you mean 'Vec4\n            ui'?\n     123       VTKM_EXEC_CONT virtual Vector Gradient(const Vector& point) cons\n            t override\n     124                              ^~~~~~\n     125                              Vec4ui\n  >> 126    /p/vast1/koparasy/BUILD/spack_cluster_installer/quartz/ascent/spack",
    "t override\n     124                              ^~~~~~\n     125                              Vec4ui\n  >> 126    /p/vast1/koparasy/BUILD/spack_cluster_installer/quartz/ascent/spack\n            _env_dir/linux-rhel7-broadwell/gcc-8.3.1/vtk-m-1.6.0-b77d27rzqzlu7f\n            mbn6ao6vzpnwkzwlib/include/vtkm-1.6/vtkm/cont/ImplicitFunctionHandl\ne.h:64:73: error: 'ImplicitFunction' is not a member of 'vtkm'\n     127       ImplicitFunctionHandle : public vtkm::cont::VirtualObjectHandle<\n            vtkm::ImplicitFunction>\n     128\n                  ^~~~~~~~~~~~~~~~\n     129    /p/vast1/koparasy/BUILD/spack_cluster_installer/quartz/ascent/spack\n            _env_dir/linux-rhel7-broadwell/gcc-8.3.1/vtk-m-1.6.0-b77d27rzqzlu7f",
    "^~~~~~~~~~~~~~~~\n     132\n                  ImplicitFunctionGeneral\n  >> 133    /p/vast1/koparasy/BUILD/spack_cluster_installer/quartz/ascent/spack\n            _env_dir/linux-rhel7-broadwell/gcc-8.3.1/vtk-m-1.6.0-b77d27rzqzlu7f\n            mbn6ao6vzpnwkzwlib/include/vtkm-1.6/vtkm/cont/ImplicitFunctionHandl\ne.h:64:73: error: 'ImplicitFunction' is not a member of 'vtkm'\n     134    /p/vast1/koparasy/BUILD/spack_cluster_installer/quartz/ascent/spack\n            _env_dir/linux-rhel7-broadwell/gcc-8.3.1/vtk-m-1.6.0-b77d27rzqzlu7f\n            mbn6ao6vzpnwkzwlib/include/vtkm-1.6/vtkm/cont/ImplicitFunctionHandl\n            e.h:64:73: note: suggested alternative: 'ImplicitFunctionGeneral'\n     135       ImplicitFunctionHandle : public vtkm::cont::VirtualObjectHandle<\n            vtkm::ImplicitFunction>",
    "^~~~~~~~~~~~~~~~\n     137\n                  ImplicitFunctionGeneral\n  >> 138    /p/vast1/koparasy/BUILD/spack_cluster_installer/quartz/ascent/spack\n            _env_dir/linux-rhel7-broadwell/gcc-8.3.1/vtk-m-1.6.0-b77d27rzqzlu7f\n            mbn6ao6vzpnwkzwlib/include/vtkm-1.6/vtkm/cont/ImplicitFunctionHandl\ne.h:64:89: error: template argument 1 is invalid\n     139       ImplicitFunctionHandle : public vtkm::cont::VirtualObjectHandle<\n            vtkm::ImplicitFunction>\n     140\n                                  ^\n  >> 141    /p/vast1/koparasy/BUILD/spack_cluster_installer/quartz/ascent/spack\n            _env_dir/linux-rhel7-broadwell/gcc-8.3.1/vtk-m-1.6.0-b77d27rzqzlu7f",
    "vtkm::ImplicitFunction>\n     140\n                                  ^\n  >> 141    /p/vast1/koparasy/BUILD/spack_cluster_installer/quartz/ascent/spack\n            _env_dir/linux-rhel7-broadwell/gcc-8.3.1/vtk-m-1.6.0-b77d27rzqzlu7f\n            mbn6ao6vzpnwkzwlib/include/vtkm-1.6/vtkm/cont/ImplicitFunctionHandl\ne.h:67:60: error: 'ImplicitFunction' is not a member of 'vtkm'\n     142       using Superclass = vtkm::cont::VirtualObjectHandle<vtkm::Implici\n            tFunction>;\n     143                                                                ^~~~~~~\n            ~~~~~~~~~\n     144    /p/vast1/koparasy/BUILD/spack_cluster_installer/quartz/ascent/spack\n            _env_dir/linux-rhel7-broadwell/gcc-8.3.1/vtk-m-1.6.0-b77d27rzqzlu7f",
    "~~~~~~~~~\n     147                                                                Implici\n            tFunctionGeneral\n  >> 148    /p/vast1/koparasy/BUILD/spack_cluster_installer/quartz/ascent/spack\n            _env_dir/linux-rhel7-broadwell/gcc-8.3.1/vtk-m-1.6.0-b77d27rzqzlu7f\n            mbn6ao6vzpnwkzwlib/include/vtkm-1.6/vtkm/cont/ImplicitFunctionHandl\ne.h:67:60: error: 'ImplicitFunction' is not a member of 'vtkm'\n     149    /p/vast1/koparasy/BUILD/spack_cluster_installer/quartz/ascent/spack\n            _env_dir/linux-rhel7-broadwell/gcc-8.3.1/vtk-m-1.6.0-b77d27rzqzlu7f\n            mbn6ao6vzpnwkzwlib/include/vtkm-1.6/vtkm/cont/ImplicitFunctionHandl\n            e.h:67:60: note: suggested alternative: 'ImplicitFunctionGeneral'\n     150       using Superclass = vtkm::cont::VirtualObjectHandle<vtkm::Implici\n            tFunction>;",
    "~~~~~~~~~\n     152                                                                Implici\n            tFunctionGeneral\n  >> 153    /p/vast1/koparasy/BUILD/spack_cluster_installer/quartz/ascent/spack\n            _env_dir/linux-rhel7-broadwell/gcc-8.3.1/vtk-m-1.6.0-b77d27rzqzlu7f\n            mbn6ao6vzpnwkzwlib/include/vtkm-1.6/vtkm/cont/ImplicitFunctionHandl\ne.h:67:76: error: template argument 1 is invalid\n     154       using Superclass = vtkm::cont::VirtualObjectHandle<vtkm::Implici\n            tFunction>;\n     155\n                     ^\n  >> 156    /p/vast1/koparasy/BUILD/spack_cluster_installer/quartz/ascent/spack\n            _env_dir/linux-rhel7-broadwell/gcc-8.3.1/vtk-m-1.6.0-b77d27rzqzlu7f",
    "tFunction>;\n     155\n                     ^\n  >> 156    /p/vast1/koparasy/BUILD/spack_cluster_installer/quartz/ascent/spack\n            _env_dir/linux-rhel7-broadwell/gcc-8.3.1/vtk-m-1.6.0-b77d27rzqzlu7f\n            mbn6ao6vzpnwkzwlib/include/vtkm-1.6/vtkm/cont/ImplicitFunctionHandl\ne.h:75:37: error: 'ImplicitFunction' is not a member of 'vtkm'\n     157                   std::is_base_of<vtkm::ImplicitFunction, VirtualDeriv\n            edType>::value>::type>\n     158                                         ^~~~~~~~~~~~~~~~\n     159    /p/vast1/koparasy/BUILD/spack_cluster_installer/quartz/ascent/spack\n            _env_dir/linux-rhel7-broadwell/gcc-8.3.1/vtk-m-1.6.0-b77d27rzqzlu7f\n            mbn6ao6vzpnwkzwlib/include/vtkm-1.6/vtkm/cont/ImplicitFunctionHandl",
    "edType>::value>::type>\n     161                                         ^~~~~~~~~~~~~~~~\n     162                                         ImplicitFunctionGeneral\n  >> 163    /p/vast1/koparasy/BUILD/spack_cluster_installer/quartz/ascent/spack\n            _env_dir/linux-rhel7-broadwell/gcc-8.3.1/vtk-m-1.6.0-b77d27rzqzlu7f\n            mbn6ao6vzpnwkzwlib/include/vtkm-1.6/vtkm/cont/ImplicitFunctionHandl\ne.h:75:37: error: 'ImplicitFunction' is not a member of 'vtkm'\n     164    /p/vast1/koparasy/BUILD/spack_cluster_installer/quartz/ascent/spack\n            _env_dir/linux-rhel7-broadwell/gcc-8.3.1/vtk-m-1.6.0-b77d27rzqzlu7f\n            mbn6ao6vzpnwkzwlib/include/vtkm-1.6/vtkm/cont/ImplicitFunctionHandl\n            e.h:75:37: note: suggested alternative: 'ImplicitFunctionGeneral'\n     165                   std::is_base_of<vtkm::ImplicitFunction, VirtualDeriv\n            edType>::value>::type>",
    "edType>::value>::type>\n     166                                         ^~~~~~~~~~~~~~~~\n     167                                         ImplicitFunctionGeneral\n  >> 168    /p/vast1/koparasy/BUILD/spack_cluster_installer/quartz/ascent/spack\n            _env_dir/linux-rhel7-broadwell/gcc-8.3.1/vtk-m-1.6.0-b77d27rzqzlu7f\n            mbn6ao6vzpnwkzwlib/include/vtkm-1.6/vtkm/cont/ImplicitFunctionHandl\ne.h:75:73: error: template argument 1 is invalid\n     169                   std::is_base_of<vtkm::ImplicitFunction, VirtualDeriv\n            edType>::value>::type>\n     170\n                  ^\n  >> 171    /p/vast1/koparasy/BUILD/spack_cluster_installer/quartz/ascent/spack\n            _env_dir/linux-rhel7-broadwell/gcc-8.3.1/vtk-m-1.6.0-b77d27rzqzlu7f",
    "edType>::value>::type>\n     170\n                  ^\n  >> 171    /p/vast1/koparasy/BUILD/spack_cluster_installer/quartz/ascent/spack\n            _env_dir/linux-rhel7-broadwell/gcc-8.3.1/vtk-m-1.6.0-b77d27rzqzlu7f\n            mbn6ao6vzpnwkzwlib/include/vtkm-1.6/vtkm/cont/ImplicitFunctionHandl\ne.h:75:81: error: template argument 1 is invalid\n     172                   std::is_base_of<vtkm::ImplicitFunction, VirtualDeriv\n            edType>::value>::type>\n     173\n                          ^\n  >> 174    /p/vast1/koparasy/BUILD/spack_cluster_installer/quartz/ascent/spack\n            _env_dir/linux-rhel7-broadwell/gcc-8.3.1/vtk-m-1.6.0-b77d27rzqzlu7f",
    "edType>::value>::type>\n     173\n                          ^\n  >> 174    /p/vast1/koparasy/BUILD/spack_cluster_installer/quartz/ascent/spack\n            _env_dir/linux-rhel7-broadwell/gcc-8.3.1/vtk-m-1.6.0-b77d27rzqzlu7f\n            mbn6ao6vzpnwkzwlib/include/vtkm-1.6/vtkm/cont/ImplicitFunctionHandl\ne.h:119:37: error: 'ImplicitFunction' is not a member of 'vtkm'\n     175                   std::is_base_of<vtkm::ImplicitFunction, VirtualDeriv\n            edType>::value>::type>\n     176                                         ^~~~~~~~~~~~~~~~\n     177    /p/vast1/koparasy/BUILD/spack_cluster_installer/quartz/ascent/spack\n            _env_dir/linux-rhel7-broadwell/gcc-8.3.1/vtk-m-1.6.0-b77d27rzqzlu7f\n            mbn6ao6vzpnwkzwlib/include/vtkm-1.6/vtkm/cont/ImplicitFunctionHandl",
    "edType>::value>::type>\n     179                                         ^~~~~~~~~~~~~~~~\n     180                                         ImplicitFunctionGeneral\n  >> 181    /p/vast1/koparasy/BUILD/spack_cluster_installer/quartz/ascent/spack\n            _env_dir/linux-rhel7-broadwell/gcc-8.3.1/vtk-m-1.6.0-b77d27rzqzlu7f\n            mbn6ao6vzpnwkzwlib/include/vtkm-1.6/vtkm/cont/ImplicitFunctionHandl\ne.h:119:37: error: 'ImplicitFunction' is not a member of 'vtkm'\n     182    /p/vast1/koparasy/BUILD/spack_cluster_installer/quartz/ascent/spack\n            _env_dir/linux-rhel7-broadwell/gcc-8.3.1/vtk-m-1.6.0-b77d27rzqzlu7f\n            mbn6ao6vzpnwkzwlib/include/vtkm-1.6/vtkm/cont/ImplicitFunctionHandl\n            e.h:119:37: note: suggested alternative: 'ImplicitFunctionGeneral'\n     183                   std::is_base_of<vtkm::ImplicitFunction, VirtualDeriv\n            edType>::value>::type>",
    "edType>::value>::type>\n     184                                         ^~~~~~~~~~~~~~~~\n     185                                         ImplicitFunctionGeneral\n  >> 186    /p/vast1/koparasy/BUILD/spack_cluster_installer/quartz/ascent/spack\n            _env_dir/linux-rhel7-broadwell/gcc-8.3.1/vtk-m-1.6.0-b77d27rzqzlu7f\n            mbn6ao6vzpnwkzwlib/include/vtkm-1.6/vtkm/cont/ImplicitFunctionHandl\ne.h:119:73: error: template argument 1 is invalid\n     187                   std::is_base_of<vtkm::ImplicitFunction, VirtualDeriv\n            edType>::value>::type>\n     188\n                  ^\n  >> 189    /p/vast1/koparasy/BUILD/spack_cluster_installer/quartz/ascent/spack\n            _env_dir/linux-rhel7-broadwell/gcc-8.3.1/vtk-m-1.6.0-b77d27rzqzlu7f",
    "edType>::value>::type>\n     188\n                  ^\n  >> 189    /p/vast1/koparasy/BUILD/spack_cluster_installer/quartz/ascent/spack\n            _env_dir/linux-rhel7-broadwell/gcc-8.3.1/vtk-m-1.6.0-b77d27rzqzlu7f\n            mbn6ao6vzpnwkzwlib/include/vtkm-1.6/vtkm/cont/ImplicitFunctionHandl\ne.h:119:81: error: template argument 1 is invalid\n     190                   std::is_base_of<vtkm::ImplicitFunction, VirtualDeriv\n            edType>::value>::type>\n     191\n                          ^\n     192    /p/vast1/koparasy/BUILD/spack_cluster_installer/quartz/ascent/spack\n            _env_dir/linux-rhel7-broadwell/gcc-8.3.1/vtk-m-1.6.0-b77d27rzqzlu7f",
    "mbn6ao6vzpnwkzwlib/include/vtkm-1.6/vtkm/cont/ImplicitFunctionHandl\n            e.h: In constructor 'vtkm::cont::ImplicitFunctionHandle::ImplicitFu\n            nctionHandle(VirtualDerivedType*, bool, DeviceAdapterList)':\n  >> 193    /p/vast1/koparasy/BUILD/spack_cluster_installer/quartz/ascent/spack\n            _env_dir/linux-rhel7-broadwell/gcc-8.3.1/vtk-m-1.6.0-b77d27rzqzlu7f\n            mbn6ao6vzpnwkzwlib/include/vtkm-1.6/vtkm/cont/ImplicitFunctionHandl\ne.h:79:7: error: class 'vtkm::cont::ImplicitFunctionHandle' does no\n            t have any field named 'Superclass'\n     194         : Superclass(function, acquireOwnership, devices)\n     195           ^~~~~~~~~~\n     196    /p/vast1/koparasy/BUILD/spack_cluster_installer/quartz/ascent/spack\n            _env_dir/linux-rhel7-broadwell/gcc-8.3.1/vtk-m-1.6.0-b77d27rzqzlu7f\n            mbn6ao6vzpnwkzwlib/include/vtkm-1.6/vtkm/cont/ImplicitFunctionHandl",
    "e.h: In constructor 'vtkm::cont::ImplicitFunctionHandle::ImplicitFu\n            nctionHandle(vtkm::internal::ImplicitFunctionBase<FunctionType>*, b\n            ool, DeviceAdapterList)':\n  >> 197    /p/vast1/koparasy/BUILD/spack_cluster_installer/quartz/ascent/spack\n            _env_dir/linux-rhel7-broadwell/gcc-8.3.1/vtk-m-1.6.0-b77d27rzqzlu7f\n            mbn6ao6vzpnwkzwlib/include/vtkm-1.6/vtkm/cont/ImplicitFunctionHandl\ne.h:89:7: error: class 'vtkm::cont::ImplicitFunctionHandle' does no\n            t have any field named 'Superclass'\n     198         : Superclass(new detail::ImplicitFunctionBaseExecWrapper<Impli\n            citFunctionType>(\n     199           ^~~~~~~~~~\n     200    /p/vast1/koparasy/BUILD/spack_cluster_installer/quartz/ascent/spack\n            _env_dir/linux-rhel7-broadwell/gcc-8.3.1/vtk-m-1.6.0-b77d27rzqzlu7f",
    "mbn6ao6vzpnwkzwlib/include/vtkm-1.6/vtkm/cont/ImplicitFunctionHandl\n            e.h: In member function 'void vtkm::cont::ImplicitFunctionHandle::R\n            eset(VirtualDerivedType*, bool, DeviceAdapterList)':\n  >> 201    /p/vast1/koparasy/BUILD/spack_cluster_installer/quartz/ascent/spack\n            _env_dir/linux-rhel7-broadwell/gcc-8.3.1/vtk-m-1.6.0-b77d27rzqzlu7f\n            mbn6ao6vzpnwkzwlib/include/vtkm-1.6/vtkm/cont/ImplicitFunctionHandl\ne.h:124:11: error: 'vtkm::cont::ImplicitFunctionHandle::Superclass'\n             has not been declared\n     202         this->Superclass::Reset(derived, acquireOwnership, devices);\n     203               ^~~~~~~~~~\n     204    /p/vast1/koparasy/BUILD/spack_cluster_installer/quartz/ascent/spack\n            _env_dir/linux-rhel7-broadwell/gcc-8.3.1/vtk-m-1.6.0-b77d27rzqzlu7f\n            mbn6ao6vzpnwkzwlib/include/vtkm-1.6/vtkm/cont/ImplicitFunctionHandl",
    "_env_dir/linux-rhel7-broadwell/gcc-8.3.1/vtk-m-1.6.0-b77d27rzqzlu7f\n            mbn6ao6vzpnwkzwlib/include/vtkm-1.6/vtkm/cont/ImplicitFunctionHandl\n            e.h: At global scope:\n  >> 205    /p/vast1/koparasy/BUILD/spack_cluster_installer/quartz/ascent/spack\n            _env_dir/linux-rhel7-broadwell/gcc-8.3.1/vtk-m-1.6.0-b77d27rzqzlu7f\n            mbn6ao6vzpnwkzwlib/include/vtkm-1.6/vtkm/cont/ImplicitFunctionHandl\ne.h:192:9: error: 'ImplicitFunctionValue' in namespace 'vtkm' does\n            not name a type\n     206       vtkm::ImplicitFunctionValue PrepareForExecution(vtkm::cont::Devi\n            ceAdapterId device,\n     207             ^~~~~~~~~~~~~~~~~~~~~\n     208    /p/vast1/koparasy/BUILD/spack_cluster_installer/quartz/ascent/spack\n            _env_dir/linux-rhel7-broadwell/gcc-8.3.1/vtk-m-1.6.0-b77d27rzqzlu7f",
    "ceAdapterId device,\n     210       ^~~~\n     211       ImplicitFunctionGeneral\n  >> 212    /p/vast1/koparasy/BUILD/spack_cluster_installer/quartz/ascent/spack\n            _env_dir/linux-rhel7-broadwell/gcc-8.3.1/vtk-m-1.6.0-b77d27rzqzlu7f\n            mbn6ao6vzpnwkzwlib/include/vtkm-1.6/vtkm/cont/ImplicitFunctionHandl\ne.h:198:19: error: 'ImplicitFunctionValue' in namespace 'vtkm' does\n             not name a type\n     213       VTKM_CONT vtkm::ImplicitFunctionValue PrepareForControl() const\n     214                       ^~~~~~~~~~~~~~~~~~~~~\n     215    /p/vast1/koparasy/BUILD/spack_cluster_installer/quartz/ascent/spack\n            _env_dir/linux-rhel7-broadwell/gcc-8.3.1/vtk-m-1.6.0-b77d27rzqzlu7f\n            mbn6ao6vzpnwkzwlib/include/vtkm-1.6/vtkm/cont/ImplicitFunctionHandl",
    "hirdparty/diy/vtkmdiy/include/vtkmdiy/mpi -O3 -DNDEBUG -fPIC -fvisi\n            bility=hidden -ffunction-sections -fopenmp -pthread -std=c++11 -o C\n            MakeFiles/vtkh_core.dir/Logger.cpp.o -c /tmp/koparasy/spack-stage/s\n            pack-stage-vtk-h-0.6.1-vaw22hl5jcxw7fn2wyvstdt5boodfwzr/spack-src/s\n            rc/vtkh/Logger.cpp\n  >> 296    /tmp/koparasy/spack-stage/spack-stage-vtk-h-0.6.1-vaw22hl5jcxw7fn2w\nyvstdt5boodfwzr/spack-src/src/vtkh/DataSet.cpp:48:45: error: invali\n            d use of incomplete type 'class vtkm::worklet::WorkletMapField'\n     297     class MemSetWorklet : public vtkm::worklet::WorkletMapField\n     298                                                 ^~~~~~~~~~~~~~~\n     299    In file included from /tmp/koparasy/spack-stage/spack-stage-vtk-h-0\n            .6.1-vaw22hl5jcxw7fn2wyvstdt5boodfwzr/spack-src/src/vtkh/DataSet.cp\n            p:15:",
    "mbn6ao6vzpnwkzwlib/include/vtkm-1.6/vtkm/worklet/DispatcherMapField\n            .h:20:7: note: forward declaration of 'class vtkm::worklet::Worklet\n            MapField'\n     301     class WorkletMapField;\n     302           ^~~~~~~~~~~~~~~\n  >> 303    /tmp/koparasy/spack-stage/spack-stage-vtk-h-0.6.1-vaw22hl5jcxw7fn2w\nyvstdt5boodfwzr/spack-src/src/vtkh/DataSet.cpp:59:33: error: 'Field\n            Out' has not been declared\n     304       typedef void ControlSignature(FieldOut);\n     305                                     ^~~~~~~~\n  >> 306    /tmp/koparasy/spack-stage/spack-stage-vtk-h-0.6.1-vaw22hl5jcxw7fn2w\n            yvstdt5boodfwzr/spack-src/src/vtkh/DataSet.cpp:60:35: error: '_1' h\n            as not been declared",
    ">> 303    /tmp/koparasy/spack-stage/spack-stage-vtk-h-0.6.1-vaw22hl5jcxw7fn2w\n            yvstdt5boodfwzr/spack-src/src/vtkh/DataSet.cpp:59:33: error: 'Field\n            Out' has not been declared\n     304       typedef void ControlSignature(FieldOut);\n     305                                     ^~~~~~~~\n  >> 306    /tmp/koparasy/spack-stage/spack-stage-vtk-h-0.6.1-vaw22hl5jcxw7fn2w\nyvstdt5boodfwzr/spack-src/src/vtkh/DataSet.cpp:60:35: error: '_1' h\n            as not been declared\n     307       typedef void ExecutionSignature(_1);\n     308                                       ^~\n     309    In file included from /p/vast1/koparasy/BUILD/spack_cluster_install\n            er/quartz/ascent/spack_env_dir/linux-rhel7-broadwell/gcc-8.3.1/vtk-\n            m-1.6.0-b77d27rzqzlu7fmbn6ao6vzpnwkzwlib/include/vtkm-1.6/vtkm/Depr",
    "320    /tmp/koparasy/spack-stage/spack-stage-vtk-h-0.6.1-vaw22hl5jcxw7fn2w\n            yvstdt5boodfwzr/spack-src/src/vtkh/DataSet.cpp:621:44:   required f\n            rom here\n  >> 321    /p/vast1/koparasy/BUILD/spack_cluster_installer/quartz/ascent/spack\n            _env_dir/linux-rhel7-broadwell/gcc-8.3.1/vtk-m-1.6.0-b77d27rzqzlu7f\n            mbn6ao6vzpnwkzwlib/include/vtkm-1.6/vtkm/worklet/internal/Dispatche\nrBase.h:228:5: error: static assertion failed: Provided a type that\n             is not a valid ControlSignature tag.\n     322         VTKM_IS_CONTROL_SIGNATURE_TAG(ControlSignatureTag);\n     323         ^\n     324    /p/vast1/koparasy/BUILD/spack_cluster_installer/quartz/ascent/spack\n            _env_dir/linux-rhel7-broadwell/gcc-8.3.1/vtk-m-1.6.0-b77d27rzqzlu7f\n            mbn6ao6vzpnwkzwlib/include/vtkm-1.6/vtkm/worklet/internal/Dispatche",
    "330    /tmp/koparasy/spack-stage/spack-stage-vtk-h-0.6.1-vaw22hl5jcxw7fn2w\n            yvstdt5boodfwzr/spack-src/src/vtkh/DataSet.cpp:621:44:   required f\n            rom here\n  >> 331    /p/vast1/koparasy/BUILD/spack_cluster_installer/quartz/ascent/spack\n            _env_dir/linux-rhel7-broadwell/gcc-8.3.1/vtk-m-1.6.0-b77d27rzqzlu7f\n            mbn6ao6vzpnwkzwlib/include/vtkm-1.6/vtkm/worklet/internal/Dispatche\nrBase.h:242:5: error: static assertion failed: Provided a type that\n             is not a valid ExecutionSignature tag.\n     332         VTKM_IS_EXECUTION_SIGNATURE_TAG(ExecutionSignatureTag);\n     333         ^\n     334    In file included from /p/vast1/koparasy/BUILD/spack_cluster_install\n            er/quartz/ascent/spack_env_dir/linux-rhel7-broadwell/gcc-8.3.1/vtk-\n            m-1.6.0-b77d27rzqzlu7fmbn6ao6vzpnwkzwlib/include/vtkm-1.6/vtkm/work",
    "339    /tmp/koparasy/spack-stage/spack-stage-vtk-h-0.6.1-vaw22hl5jcxw7fn2w\n            yvstdt5boodfwzr/spack-src/src/vtkh/DataSet.cpp:621:44:   required f\n            rom here\n  >> 340    /p/vast1/koparasy/BUILD/spack_cluster_installer/quartz/ascent/spack\n            _env_dir/linux-rhel7-broadwell/gcc-8.3.1/vtk-m-1.6.0-b77d27rzqzlu7f\n            mbn6ao6vzpnwkzwlib/include/vtkm-1.6/vtkm/worklet/internal/Dispatche\nrBase.h:594:56: error: no type named 'ScatterType' in 'class vtkh::\n            detail::MemSetWorklet<float>'\n     341       using ScatterType = typename WorkletType::ScatterType;\n     342                                                            ^\n  >> 343    /p/vast1/koparasy/BUILD/spack_cluster_installer/quartz/ascent/spack\n            _env_dir/linux-rhel7-broadwell/gcc-8.3.1/vtk-m-1.6.0-b77d27rzqzlu7f\n            mbn6ao6vzpnwkzwlib/include/vtkm-1.6/vtkm/worklet/internal/Dispatche",
    "detail::MemSetWorklet<float>'\n     341       using ScatterType = typename WorkletType::ScatterType;\n     342                                                            ^\n  >> 343    /p/vast1/koparasy/BUILD/spack_cluster_installer/quartz/ascent/spack\n            _env_dir/linux-rhel7-broadwell/gcc-8.3.1/vtk-m-1.6.0-b77d27rzqzlu7f\n            mbn6ao6vzpnwkzwlib/include/vtkm-1.6/vtkm/worklet/internal/Dispatche\nrBase.h:595:50: error: no type named 'MaskType' in 'class vtkh::det\n            ail::MemSetWorklet<float>'\n     344       using MaskType = typename WorkletType::MaskType;\n     345                                                      ^\n  >> 346    make[2]: *** [vtkh/CMakeFiles/vtkh_core.dir/DataSet.cpp.o] Error 1\n     347    make[2]: *** Waiting for unfinished jobs....\n     348    make[2]: Leaving directory `/tmp/koparasy/spack-stage/spack-stage-v",
    "_env_dir/linux-rhel7-broadwell/gcc-8.3.1/vtk-m-1.6.0-b77d27rzqzlu7f\n            mbn6ao6vzpnwkzwlib/include/vtkm-1.6/vtkm/worklet/internal/Dispatche\n            rBase.h:595:50: error: no type named 'MaskType' in 'class vtkh::det\n            ail::MemSetWorklet<float>'\n     344       using MaskType = typename WorkletType::MaskType;\n     345                                                      ^\n>> 346    make[2]: *** [vtkh/CMakeFiles/vtkh_core.dir/DataSet.cpp.o] Error 1\n     347    make[2]: *** Waiting for unfinished jobs....\n     348    make[2]: Leaving directory `/tmp/koparasy/spack-stage/spack-stage-v\n            tk-h-0.6.1-vaw22hl5jcxw7fn2wyvstdt5boodfwzr/spack-src/spack-build'\n  >> 349    make[1]: *** [vtkh/vtkm_filters/CMakeFiles/vtkm_compiled_filters.di\n            r/all] Error 2\n     350    make[1]: *** Waiting for unfinished jobs....",
    "a /p/vast1/koparasy/BUILD/spack_cluster_installer/quartz/ascent/spa\n            ck_env_dir/linux-rhel7-broadwell/gcc-8.3.1/vtk-m-1.6.0-b77d27rzqzlu\n            7fmbn6ao6vzpnwkzwlib/lib/libvtkm_lodepng-1.6.a -lrt\n     354    /p/vast1/koparasy/BUILD/spack_cluster_installer/quartz/ascent/spack\n            _env_dir/linux-rhel7-broadwell/gcc-8.3.1/hwloc-2.6.0-a4t2t4p2u2xwo6\n            y3rn4fwf4cwboasekt/lib: file not recognized: Is a directory\n>> 355    collect2: error: ld returned 1 exit status\n  >> 356    make[2]: *** [lib/libvtkh_utils_mpi.so] Error 1\n     357    make[2]: Leaving directory `/tmp/koparasy/spack-stage/spack-stage-v\n            tk-h-0.6.1-vaw22hl5jcxw7fn2wyvstdt5boodfwzr/spack-src/spack-build'\n  >> 358    make[1]: *** [vtkh/utils/CMakeFiles/vtkh_utils_mpi.dir/all] Error 2\n     359    make[2]: Leaving directory `/tmp/koparasy/spack-stage/spack-stage-v\n            tk-h-0.6.1-vaw22hl5jcxw7fn2wyvstdt5boodfwzr/spack-src/spack-build'",
    "ck_env_dir/linux-rhel7-broadwell/gcc-8.3.1/vtk-m-1.6.0-b77d27rzqzlu\n            7fmbn6ao6vzpnwkzwlib/lib/libvtkm_lodepng-1.6.a -lrt\n     354    /p/vast1/koparasy/BUILD/spack_cluster_installer/quartz/ascent/spack\n            _env_dir/linux-rhel7-broadwell/gcc-8.3.1/hwloc-2.6.0-a4t2t4p2u2xwo6\n            y3rn4fwf4cwboasekt/lib: file not recognized: Is a directory\n  >> 355    collect2: error: ld returned 1 exit status\n>> 356    make[2]: *** [lib/libvtkh_utils_mpi.so] Error 1\n     357    make[2]: Leaving directory `/tmp/koparasy/spack-stage/spack-stage-v\n            tk-h-0.6.1-vaw22hl5jcxw7fn2wyvstdt5boodfwzr/spack-src/spack-build'\n  >> 358    make[1]: *** [vtkh/utils/CMakeFiles/vtkh_utils_mpi.dir/all] Error 2\n     359    make[2]: Leaving directory `/tmp/koparasy/spack-stage/spack-stage-v\n            tk-h-0.6.1-vaw22hl5jcxw7fn2wyvstdt5boodfwzr/spack-src/spack-build'\n  >> 360    make[1]: *** [vtkh/CMakeFiles/vtkh_core.dir/all] Error 2",
    "_env_dir/linux-rhel7-broadwell/gcc-8.3.1/hwloc-2.6.0-a4t2t4p2u2xwo6\n            y3rn4fwf4cwboasekt/lib: file not recognized: Is a directory\n  >> 355    collect2: error: ld returned 1 exit status\n  >> 356    make[2]: *** [lib/libvtkh_utils_mpi.so] Error 1\n     357    make[2]: Leaving directory `/tmp/koparasy/spack-stage/spack-stage-v\n            tk-h-0.6.1-vaw22hl5jcxw7fn2wyvstdt5boodfwzr/spack-src/spack-build'\n>> 358    make[1]: *** [vtkh/utils/CMakeFiles/vtkh_utils_mpi.dir/all] Error 2\n     359    make[2]: Leaving directory `/tmp/koparasy/spack-stage/spack-stage-v\n            tk-h-0.6.1-vaw22hl5jcxw7fn2wyvstdt5boodfwzr/spack-src/spack-build'\n  >> 360    make[1]: *** [vtkh/CMakeFiles/vtkh_core.dir/all] Error 2\n     361    make[1]: Leaving directory `/tmp/koparasy/spack-stage/spack-stage-v\n            tk-h-0.6.1-vaw22hl5jcxw7fn2wyvstdt5boodfwzr/spack-src/spack-build'\n  >> 362    make: *** [all] Error 2",
    ">> 356    make[2]: *** [lib/libvtkh_utils_mpi.so] Error 1\n     357    make[2]: Leaving directory `/tmp/koparasy/spack-stage/spack-stage-v\n            tk-h-0.6.1-vaw22hl5jcxw7fn2wyvstdt5boodfwzr/spack-src/spack-build'\n  >> 358    make[1]: *** [vtkh/utils/CMakeFiles/vtkh_utils_mpi.dir/all] Error 2\n     359    make[2]: Leaving directory `/tmp/koparasy/spack-stage/spack-stage-v\n            tk-h-0.6.1-vaw22hl5jcxw7fn2wyvstdt5boodfwzr/spack-src/spack-build'\n>> 360    make[1]: *** [vtkh/CMakeFiles/vtkh_core.dir/all] Error 2\n     361    make[1]: Leaving directory `/tmp/koparasy/spack-stage/spack-stage-v\n            tk-h-0.6.1-vaw22hl5jcxw7fn2wyvstdt5boodfwzr/spack-src/spack-build'\n  >> 362    make: *** [all] Error 2\n\nSee build log for details:\n  /var/tmp/koparasy/spack-stage/spack-stage-vtk-h-0.6.1-vaw22hl5jcxw7fn2wyvstdt5boodfwzr/spack-build-out.txt",
    ">> 358    make[1]: *** [vtkh/utils/CMakeFiles/vtkh_utils_mpi.dir/all] Error 2\n     359    make[2]: Leaving directory `/tmp/koparasy/spack-stage/spack-stage-v\n            tk-h-0.6.1-vaw22hl5jcxw7fn2wyvstdt5boodfwzr/spack-src/spack-build'\n  >> 360    make[1]: *** [vtkh/CMakeFiles/vtkh_core.dir/all] Error 2\n     361    make[1]: Leaving directory `/tmp/koparasy/spack-stage/spack-stage-v\n            tk-h-0.6.1-vaw22hl5jcxw7fn2wyvstdt5boodfwzr/spack-src/spack-build'\n>> 362    make: *** [all] Error 2\n\nSee build log for details:\n  /var/tmp/koparasy/spack-stage/spack-stage-vtk-h-0.6.1-vaw22hl5jcxw7fn2wyvstdt5boodfwzr/spack-build-out.txt\n\nTraceback (most recent call last):\n  File \"/p/vast1/koparasy/BUILD/spack/lib/spack/spack/build_environment.py\", line 1035, in _setup_pkg_and_run"
]