[
    "ot be used when making a shared object; recompile with -fPIC\n     1825    /usr/tce/packages/gcc/gcc-9.3.1/rh/usr/bin/../libexec/gcc/x86_64-r\n             edhat-linux/9/ld: arch-linux2-c-opt/obj/src/sys/classes/bag/f2003-\n             src/fsrc/bagenum.o: relocation R_X86_64_32 against `.rodata' can n\n             ot be used when making a shared object; recompile with -fPIC\n  >> 1826    /usr/tce/packages/gcc/gcc-9.3.1/rh/usr/bin/../libexec/gcc/x86_64-r\nedhat-linux/9/ld: final link failed: nonrepresentable section on o\n             utput\n  >> 1827    collect2: error: ld returned 1 exit status\n  >> 1828    gmake[2]: *** [/tmp/koparasy/spack-stage/spack-stage-petsc-3.7.2-5\n             fo3egxk7yprqjjvomycxupfd7fw2dme/spack-src/arch-linux2-c-opt/lib/li\n             bpetsc.so.3.7.2] Error 1\n     1829    gmake[2]: Leaving directory `/tmp/koparasy/spack-stage/spack-stage",
    "edhat-linux/9/ld: arch-linux2-c-opt/obj/src/sys/classes/bag/f2003-\n             src/fsrc/bagenum.o: relocation R_X86_64_32 against `.rodata' can n\n             ot be used when making a shared object; recompile with -fPIC\n  >> 1826    /usr/tce/packages/gcc/gcc-9.3.1/rh/usr/bin/../libexec/gcc/x86_64-r\n             edhat-linux/9/ld: final link failed: nonrepresentable section on o\n             utput\n>> 1827    collect2: error: ld returned 1 exit status\n  >> 1828    gmake[2]: *** [/tmp/koparasy/spack-stage/spack-stage-petsc-3.7.2-5\n             fo3egxk7yprqjjvomycxupfd7fw2dme/spack-src/arch-linux2-c-opt/lib/li\n             bpetsc.so.3.7.2] Error 1\n     1829    gmake[2]: Leaving directory `/tmp/koparasy/spack-stage/spack-stage\n             -petsc-3.7.2-5fo3egxk7yprqjjvomycxupfd7fw2dme/spack-src'\n  >> 1830    gmake[1]: *** [gnumake] Error 2",
    ">> 1827    collect2: error: ld returned 1 exit status\n  >> 1828    gmake[2]: *** [/tmp/koparasy/spack-stage/spack-stage-petsc-3.7.2-5\n             fo3egxk7yprqjjvomycxupfd7fw2dme/spack-src/arch-linux2-c-opt/lib/li\n             bpetsc.so.3.7.2] Error 1\n     1829    gmake[2]: Leaving directory `/tmp/koparasy/spack-stage/spack-stage\n             -petsc-3.7.2-5fo3egxk7yprqjjvomycxupfd7fw2dme/spack-src'\n>> 1830    gmake[1]: *** [gnumake] Error 2\n     1831    gmake[1]: Leaving directory `/tmp/koparasy/spack-stage/spack-stage\n             -petsc-3.7.2-5fo3egxk7yprqjjvomycxupfd7fw2dme/spack-src'\n     1832    **************************ERROR***********************************\n             **\n     1833      Error during compile, check arch-linux2-c-opt/lib/petsc/conf/mak\n             e.log",
    "1833      Error during compile, check arch-linux2-c-opt/lib/petsc/conf/mak\n             e.log\n     1834      Send it and arch-linux2-c-opt/lib/petsc/conf/configure.log to pe\n             tsc-maint@mcs.anl.gov\n     1835    ******************************************************************\n             **\n>> 1836    make: *** [all] Error 1\n\nSee build log for details:\n  /var/tmp/koparasy/spack-stage/spack-stage-petsc-3.7.2-5fo3egxk7yprqjjvomycxupfd7fw2dme/spack-build-out.txt\n\nTraceback (most recent call last):\n  File \"/p/vast1/koparasy/BUILD/head/spack/lib/spack/spack/build_environment.py\", line 1035, in _setup_pkg_and_run"
]