[
    "e-autoconf-2.71-2xjrsbzeubo3g4iwtgt4jukjyfcdrd6i/spack-src/lib/emac\n            s/autoconf-mode.el'; \\\n     121    else :; fi\n  >> 122    /bin/sh: bin/autom4te: /p/vast1/koparasy/BUILD/spack/opt/spack/linu\n            x-rhel7-broadwell/gcc-8.3.1/perl-: bad interpreter: No such file or\n             directory\n>> 123    make[1]: *** [tests/wrapper.in] Error 126\n     124    make[1]: *** Waiting for unfinished jobs....\n     125    mv bin/autoupdate.tmp bin/autoupdate\n     126    chmod +x bin/ifnames.tmp\n     127    chmod a-w bin/ifnames.tmp\n     128    mv bin/ifnames.tmp bin/ifnames\n     129    make[1]: *** wait: No child processes.  Stop.",
    "124    make[1]: *** Waiting for unfinished jobs....\n     125    mv bin/autoupdate.tmp bin/autoupdate\n     126    chmod +x bin/ifnames.tmp\n     127    chmod a-w bin/ifnames.tmp\n     128    mv bin/ifnames.tmp bin/ifnames\n     129    make[1]: *** wait: No child processes.  Stop.\n>> 130    make: *** [all] Error 2\n\nSee build log for details:\n  /var/tmp/koparasy/spack-stage/spack-stage-autoconf-2.71-2xjrsbzeubo3g4iwtgt4jukjyfcdrd6i/spack-build-out.txt\n\nTraceback (most recent call last):\n  File \"/p/vast1/koparasy/BUILD/spack/lib/spack/spack/build_environment.py\", line 1035, in _setup_pkg_and_run"
]