[
    "mdiympi_nompi.a /p/vast1/koparasy/BUILD/spack_cluster_installer/qua\n            rtz/ascent/spack_env_dir/linux-rhel7-broadwell/gcc-8.3.1/vtk-m-1.6.\n            0-b77d27rzqzlu7fmbn6ao6vzpnwkzwlib/lib/libvtkm_lodepng-1.6.a /p/vas\n            t1/koparasy/BUILD/spack_cluster_installer/quartz/ascent/spack_env_d\n            ir/linux-rhel7-broadwell/gcc-8.3.1/vtk-h-0.7.1-sszdkafqrdjcacwq73uh\n            loaezplrkfjw/lib/libvtkh_lodepng.so\n>> 951    ../../../lib/librover.so: undefined reference to `vtkh::lodepng_enc\n            ode_memory(unsigned char**, unsigned long*, unsigned char const*, u\n            nsigned int, unsigned int, vtkh::LodePNGColorType, unsigned int)'\n  >> 952    collect2: error: ld returned 1 exit status\n  >> 953    make[2]: *** [examples/synthetic/noise/noise_ser] Error 1\n     954    make[2]: Leaving directory `/tmp/koparasy/spack-stage/spack-stage-a\n            scent-0.7.0-4k2mc7p6mf2ljrqgiyee5up7adndfpbx/spack-build-4k2mc7p'",
    "t1/koparasy/BUILD/spack_cluster_installer/quartz/ascent/spack_env_d\n            ir/linux-rhel7-broadwell/gcc-8.3.1/vtk-h-0.7.1-sszdkafqrdjcacwq73uh\n            loaezplrkfjw/lib/libvtkh_lodepng.so\n  >> 951    ../../../lib/librover.so: undefined reference to `vtkh::lodepng_enc\n            ode_memory(unsigned char**, unsigned long*, unsigned char const*, u\n            nsigned int, unsigned int, vtkh::LodePNGColorType, unsigned int)'\n>> 952    collect2: error: ld returned 1 exit status\n  >> 953    make[2]: *** [examples/synthetic/noise/noise_ser] Error 1\n     954    make[2]: Leaving directory `/tmp/koparasy/spack-stage/spack-stage-a\n            scent-0.7.0-4k2mc7p6mf2ljrqgiyee5up7adndfpbx/spack-build-4k2mc7p'\n  >> 955    make[1]: *** [examples/synthetic/noise/CMakeFiles/noise_ser.dir/all\n            ] Error 2\n     956    make[1]: *** Waiting for unfinished jobs....",
    "ir/linux-rhel7-broadwell/gcc-8.3.1/vtk-h-0.7.1-sszdkafqrdjcacwq73uh\n            loaezplrkfjw/lib/libvtkh_lodepng.so\n  >> 951    ../../../lib/librover.so: undefined reference to `vtkh::lodepng_enc\n            ode_memory(unsigned char**, unsigned long*, unsigned char const*, u\n            nsigned int, unsigned int, vtkh::LodePNGColorType, unsigned int)'\n  >> 952    collect2: error: ld returned 1 exit status\n>> 953    make[2]: *** [examples/synthetic/noise/noise_ser] Error 1\n     954    make[2]: Leaving directory `/tmp/koparasy/spack-stage/spack-stage-a\n            scent-0.7.0-4k2mc7p6mf2ljrqgiyee5up7adndfpbx/spack-build-4k2mc7p'\n  >> 955    make[1]: *** [examples/synthetic/noise/CMakeFiles/noise_ser.dir/all\n            ] Error 2\n     956    make[1]: *** Waiting for unfinished jobs....\n     957    [ 43%] Building CXX object examples/proxies/lulesh2.0.3/CMakeFiles/",
    "ack_cluster_installer/quartz/ascent/spack_env_dir/linux-rhel7-broad\n            well/gcc-8.3.1/vtk-m-1.6.0-b77d27rzqzlu7fmbn6ao6vzpnwkzwlib/lib/lib\n            vtkm_lodepng-1.6.a /p/vast1/koparasy/BUILD/spack_cluster_installer/\n            quartz/ascent/spack_env_dir/linux-rhel7-broadwell/gcc-8.3.1/vtk-h-0\n            .7.1-sszdkafqrdjcacwq73uhloaezplrkfjw/lib/libvtkh_lodepng.so -lpthr\n            ead\n>> 964    ../../lib/librover.so: undefined reference to `vtkh::lodepng_encode\n            _memory(unsigned char**, unsigned long*, unsigned char const*, unsi\n            gned int, unsigned int, vtkh::LodePNGColorType, unsigned int)'\n  >> 965    collect2: error: ld returned 1 exit status\n  >> 966    make[2]: *** [tests/ascent/t_ascent_relay] Error 1\n     967    make[2]: Leaving directory `/tmp/koparasy/spack-stage/spack-stage-a\n            scent-0.7.0-4k2mc7p6mf2ljrqgiyee5up7adndfpbx/spack-build-4k2mc7p'",
    "quartz/ascent/spack_env_dir/linux-rhel7-broadwell/gcc-8.3.1/vtk-h-0\n            .7.1-sszdkafqrdjcacwq73uhloaezplrkfjw/lib/libvtkh_lodepng.so -lpthr\n            ead\n  >> 964    ../../lib/librover.so: undefined reference to `vtkh::lodepng_encode\n            _memory(unsigned char**, unsigned long*, unsigned char const*, unsi\n            gned int, unsigned int, vtkh::LodePNGColorType, unsigned int)'\n>> 965    collect2: error: ld returned 1 exit status\n  >> 966    make[2]: *** [tests/ascent/t_ascent_relay] Error 1\n     967    make[2]: Leaving directory `/tmp/koparasy/spack-stage/spack-stage-a\n            scent-0.7.0-4k2mc7p6mf2ljrqgiyee5up7adndfpbx/spack-build-4k2mc7p'\n  >> 968    make[1]: *** [tests/ascent/CMakeFiles/t_ascent_relay.dir/all] Error\n             2\n     969    [ 45%] Linking CXX executable lulesh_ser",
    ".7.1-sszdkafqrdjcacwq73uhloaezplrkfjw/lib/libvtkh_lodepng.so -lpthr\n            ead\n  >> 964    ../../lib/librover.so: undefined reference to `vtkh::lodepng_encode\n            _memory(unsigned char**, unsigned long*, unsigned char const*, unsi\n            gned int, unsigned int, vtkh::LodePNGColorType, unsigned int)'\n  >> 965    collect2: error: ld returned 1 exit status\n>> 966    make[2]: *** [tests/ascent/t_ascent_relay] Error 1\n     967    make[2]: Leaving directory `/tmp/koparasy/spack-stage/spack-stage-a\n            scent-0.7.0-4k2mc7p6mf2ljrqgiyee5up7adndfpbx/spack-build-4k2mc7p'\n  >> 968    make[1]: *** [tests/ascent/CMakeFiles/t_ascent_relay.dir/all] Error\n             2\n     969    [ 45%] Linking CXX executable lulesh_ser\n     970    cd /tmp/koparasy/spack-stage/spack-stage-ascent-0.7.0-4k2mc7p6mf2lj",
    "_memory(unsigned char**, unsigned long*, unsigned char const*, unsi\n            gned int, unsigned int, vtkh::LodePNGColorType, unsigned int)'\n  >> 965    collect2: error: ld returned 1 exit status\n  >> 966    make[2]: *** [tests/ascent/t_ascent_relay] Error 1\n     967    make[2]: Leaving directory `/tmp/koparasy/spack-stage/spack-stage-a\n            scent-0.7.0-4k2mc7p6mf2ljrqgiyee5up7adndfpbx/spack-build-4k2mc7p'\n>> 968    make[1]: *** [tests/ascent/CMakeFiles/t_ascent_relay.dir/all] Error\n             2\n     969    [ 45%] Linking CXX executable lulesh_ser\n     970    cd /tmp/koparasy/spack-stage/spack-stage-ascent-0.7.0-4k2mc7p6mf2lj\n            rqgiyee5up7adndfpbx/spack-build-4k2mc7p/examples/proxies/lulesh2.0.\n            3 && /p/vast1/koparasy/BUILD/spack_cluster_installer/quartz/ascent/\n            spack_env_dir/linux-rhel7-broadwell/gcc-8.3.1/cmake-3.19.2-x6e7qs7g",
    "ompi.a /p/vast1/koparasy/BUILD/spack_cluster_installer/quartz/ascen\n            t/spack_env_dir/linux-rhel7-broadwell/gcc-8.3.1/vtk-m-1.6.0-b77d27r\n            zqzlu7fmbn6ao6vzpnwkzwlib/lib/libvtkm_lodepng-1.6.a /p/vast1/kopara\n            sy/BUILD/spack_cluster_installer/quartz/ascent/spack_env_dir/linux-\n            rhel7-broadwell/gcc-8.3.1/vtk-h-0.7.1-sszdkafqrdjcacwq73uhloaezplrk\n            fjw/lib/libvtkh_lodepng.so\n>> 972    ../../../lib/librover.so: undefined reference to `vtkh::lodepng_enc\n            ode_memory(unsigned char**, unsigned long*, unsigned char const*, u\n            nsigned int, unsigned int, vtkh::LodePNGColorType, unsigned int)'\n  >> 973    collect2: error: ld returned 1 exit status\n  >> 974    make[2]: *** [examples/proxies/lulesh2.0.3/lulesh_ser] Error 1\n     975    make[2]: Leaving directory `/tmp/koparasy/spack-stage/spack-stage-a\n            scent-0.7.0-4k2mc7p6mf2ljrqgiyee5up7adndfpbx/spack-build-4k2mc7p'",
    "sy/BUILD/spack_cluster_installer/quartz/ascent/spack_env_dir/linux-\n            rhel7-broadwell/gcc-8.3.1/vtk-h-0.7.1-sszdkafqrdjcacwq73uhloaezplrk\n            fjw/lib/libvtkh_lodepng.so\n  >> 972    ../../../lib/librover.so: undefined reference to `vtkh::lodepng_enc\n            ode_memory(unsigned char**, unsigned long*, unsigned char const*, u\n            nsigned int, unsigned int, vtkh::LodePNGColorType, unsigned int)'\n>> 973    collect2: error: ld returned 1 exit status\n  >> 974    make[2]: *** [examples/proxies/lulesh2.0.3/lulesh_ser] Error 1\n     975    make[2]: Leaving directory `/tmp/koparasy/spack-stage/spack-stage-a\n            scent-0.7.0-4k2mc7p6mf2ljrqgiyee5up7adndfpbx/spack-build-4k2mc7p'\n  >> 976    make[1]: *** [examples/proxies/lulesh2.0.3/CMakeFiles/lulesh_ser.di\n            r/all] Error 2\n     977    make[1]: Leaving directory `/tmp/koparasy/spack-stage/spack-stage-a",
    "rhel7-broadwell/gcc-8.3.1/vtk-h-0.7.1-sszdkafqrdjcacwq73uhloaezplrk\n            fjw/lib/libvtkh_lodepng.so\n  >> 972    ../../../lib/librover.so: undefined reference to `vtkh::lodepng_enc\n            ode_memory(unsigned char**, unsigned long*, unsigned char const*, u\n            nsigned int, unsigned int, vtkh::LodePNGColorType, unsigned int)'\n  >> 973    collect2: error: ld returned 1 exit status\n>> 974    make[2]: *** [examples/proxies/lulesh2.0.3/lulesh_ser] Error 1\n     975    make[2]: Leaving directory `/tmp/koparasy/spack-stage/spack-stage-a\n            scent-0.7.0-4k2mc7p6mf2ljrqgiyee5up7adndfpbx/spack-build-4k2mc7p'\n  >> 976    make[1]: *** [examples/proxies/lulesh2.0.3/CMakeFiles/lulesh_ser.di\n            r/all] Error 2\n     977    make[1]: Leaving directory `/tmp/koparasy/spack-stage/spack-stage-a\n            scent-0.7.0-4k2mc7p6mf2ljrqgiyee5up7adndfpbx/spack-build-4k2mc7p'",
    "975    make[2]: Leaving directory `/tmp/koparasy/spack-stage/spack-stage-a\n            scent-0.7.0-4k2mc7p6mf2ljrqgiyee5up7adndfpbx/spack-build-4k2mc7p'\n  >> 976    make[1]: *** [examples/proxies/lulesh2.0.3/CMakeFiles/lulesh_ser.di\n            r/all] Error 2\n     977    make[1]: Leaving directory `/tmp/koparasy/spack-stage/spack-stage-a\n            scent-0.7.0-4k2mc7p6mf2ljrqgiyee5up7adndfpbx/spack-build-4k2mc7p'\n>> 978    make: *** [all] Error 2\n\nSee build log for details:\n  /var/tmp/koparasy/spack-stage/spack-stage-ascent-0.7.0-4k2mc7p6mf2ljrqgiyee5up7adndfpbx/spack-build-out.txt\n\nTraceback (most recent call last):\n  File \"/p/vast1/koparasy/BUILD/spack/lib/spack/spack/build_environment.py\", line 1035, in _setup_pkg_and_run"
]