[
    "e.cpp.o -c /tmp/koparasy/spack-stage/spack-stage-ascent-0.7.1-5wu4i\n            mmamukvy5sm6ae4feazvxfqkt4v/spack-src/src/ascent/ascent_runtime.cpp\n     595    /tmp/koparasy/spack-stage/spack-stage-ascent-0.7.1-5wu4immamukvy5sm\n            6ae4feazvxfqkt4v/spack-src/src/ascent/c/ascent_c.cpp: In function '\n            void ascent_open(Ascent*, conduit_node*)':\n  >> 596    /tmp/koparasy/spack-stage/spack-stage-ascent-0.7.1-5wu4immamukvy5sm\n6ae4feazvxfqkt4v/spack-src/src/ascent/c/ascent_c.cpp:103:44: error:\n             invalid static_cast from type 'conduit_node*' {aka 'conduit_node_i\n            mpl*'} to type 'conduit::Node*'\n     597         Node  *n = static_cast<Node*>(c_options);\n     598                                                ^\n     599    /tmp/koparasy/spack-stage/spack-stage-ascent-0.7.1-5wu4immamukvy5sm\n            6ae4feazvxfqkt4v/spack-src/src/ascent/c/ascent_c.cpp: In function '",
    "597         Node  *n = static_cast<Node*>(c_options);\n     598                                                ^\n     599    /tmp/koparasy/spack-stage/spack-stage-ascent-0.7.1-5wu4immamukvy5sm\n            6ae4feazvxfqkt4v/spack-src/src/ascent/c/ascent_c.cpp: In function '\n            void ascent_publish(Ascent*, conduit_node*)':\n  >> 600    /tmp/koparasy/spack-stage/spack-stage-ascent-0.7.1-5wu4immamukvy5sm\n6ae4feazvxfqkt4v/spack-src/src/ascent/c/ascent_c.cpp:113:41: error:\n             invalid static_cast from type 'conduit_node*' {aka 'conduit_node_i\n            mpl*'} to type 'conduit::Node*'\n     601         Node  *n = static_cast<Node*>(c_data);\n     602                                             ^\n     603    /tmp/koparasy/spack-stage/spack-stage-ascent-0.7.1-5wu4immamukvy5sm\n            6ae4feazvxfqkt4v/spack-src/src/ascent/c/ascent_c.cpp: In function '",
    "601         Node  *n = static_cast<Node*>(c_data);\n     602                                             ^\n     603    /tmp/koparasy/spack-stage/spack-stage-ascent-0.7.1-5wu4immamukvy5sm\n            6ae4feazvxfqkt4v/spack-src/src/ascent/c/ascent_c.cpp: In function '\n            void ascent_execute(Ascent*, conduit_node*)':\n  >> 604    /tmp/koparasy/spack-stage/spack-stage-ascent-0.7.1-5wu4immamukvy5sm\n6ae4feazvxfqkt4v/spack-src/src/ascent/c/ascent_c.cpp:123:44: error:\n             invalid static_cast from type 'conduit_node*' {aka 'conduit_node_i\n            mpl*'} to type 'conduit::Node*'\n     605         Node  *n = static_cast<Node*>(c_actions);\n     606                                                ^\n     607    /tmp/koparasy/spack-stage/spack-stage-ascent-0.7.1-5wu4immamukvy5sm\n            6ae4feazvxfqkt4v/spack-src/src/ascent/c/ascent_c.cpp: In function '",
    "605         Node  *n = static_cast<Node*>(c_actions);\n     606                                                ^\n     607    /tmp/koparasy/spack-stage/spack-stage-ascent-0.7.1-5wu4immamukvy5sm\n            6ae4feazvxfqkt4v/spack-src/src/ascent/c/ascent_c.cpp: In function '\n            void ascent_info(Ascent*, conduit_node*)':\n  >> 608    /tmp/koparasy/spack-stage/spack-stage-ascent-0.7.1-5wu4immamukvy5sm\n6ae4feazvxfqkt4v/spack-src/src/ascent/c/ascent_c.cpp:133:40: error:\n             invalid static_cast from type 'conduit_node*' {aka 'conduit_node_i\n            mpl*'} to type 'conduit::Node*'\n     609         Node  *n = static_cast<Node*>(c_out);\n     610                                            ^\n  >> 611    make[2]: *** [ascent/CMakeFiles/ascent_mpi.dir/c/ascent_c.cpp.o] Er\n            ror 1",
    "spack-stage-ascent-0.7.1-5wu4immamukvy5sm6ae4feazvxfqkt4v/spack-src\n            /src/ascent/ascent_runtime.cpp\n     617    /tmp/koparasy/spack-stage/spack-stage-ascent-0.7.1-5wu4immamukvy5sm\n            6ae4feazvxfqkt4v/spack-src/src/ascent/c/ascent_c.cpp: In function '\n            void ascent_open(Ascent*, conduit_node*)':\n  >> 618    /tmp/koparasy/spack-stage/spack-stage-ascent-0.7.1-5wu4immamukvy5sm\n6ae4feazvxfqkt4v/spack-src/src/ascent/c/ascent_c.cpp:103:44: error:\n             invalid static_cast from type 'conduit_node*' {aka 'conduit_node_i\n            mpl*'} to type 'conduit::Node*'\n     619         Node  *n = static_cast<Node*>(c_options);\n     620                                                ^\n     621    /tmp/koparasy/spack-stage/spack-stage-ascent-0.7.1-5wu4immamukvy5sm\n            6ae4feazvxfqkt4v/spack-src/src/ascent/c/ascent_c.cpp: In function '",
    "619         Node  *n = static_cast<Node*>(c_options);\n     620                                                ^\n     621    /tmp/koparasy/spack-stage/spack-stage-ascent-0.7.1-5wu4immamukvy5sm\n            6ae4feazvxfqkt4v/spack-src/src/ascent/c/ascent_c.cpp: In function '\n            void ascent_publish(Ascent*, conduit_node*)':\n  >> 622    /tmp/koparasy/spack-stage/spack-stage-ascent-0.7.1-5wu4immamukvy5sm\n6ae4feazvxfqkt4v/spack-src/src/ascent/c/ascent_c.cpp:113:41: error:\n             invalid static_cast from type 'conduit_node*' {aka 'conduit_node_i\n            mpl*'} to type 'conduit::Node*'\n     623         Node  *n = static_cast<Node*>(c_data);\n     624                                             ^\n     625    /tmp/koparasy/spack-stage/spack-stage-ascent-0.7.1-5wu4immamukvy5sm\n            6ae4feazvxfqkt4v/spack-src/src/ascent/c/ascent_c.cpp: In function '",
    "623         Node  *n = static_cast<Node*>(c_data);\n     624                                             ^\n     625    /tmp/koparasy/spack-stage/spack-stage-ascent-0.7.1-5wu4immamukvy5sm\n            6ae4feazvxfqkt4v/spack-src/src/ascent/c/ascent_c.cpp: In function '\n            void ascent_execute(Ascent*, conduit_node*)':\n  >> 626    /tmp/koparasy/spack-stage/spack-stage-ascent-0.7.1-5wu4immamukvy5sm\n6ae4feazvxfqkt4v/spack-src/src/ascent/c/ascent_c.cpp:123:44: error:\n             invalid static_cast from type 'conduit_node*' {aka 'conduit_node_i\n            mpl*'} to type 'conduit::Node*'\n     627         Node  *n = static_cast<Node*>(c_actions);\n     628                                                ^\n     629    /tmp/koparasy/spack-stage/spack-stage-ascent-0.7.1-5wu4immamukvy5sm\n            6ae4feazvxfqkt4v/spack-src/src/ascent/c/ascent_c.cpp: In function '",
    "627         Node  *n = static_cast<Node*>(c_actions);\n     628                                                ^\n     629    /tmp/koparasy/spack-stage/spack-stage-ascent-0.7.1-5wu4immamukvy5sm\n            6ae4feazvxfqkt4v/spack-src/src/ascent/c/ascent_c.cpp: In function '\n            void ascent_info(Ascent*, conduit_node*)':\n  >> 630    /tmp/koparasy/spack-stage/spack-stage-ascent-0.7.1-5wu4immamukvy5sm\n6ae4feazvxfqkt4v/spack-src/src/ascent/c/ascent_c.cpp:133:40: error:\n             invalid static_cast from type 'conduit_node*' {aka 'conduit_node_i\n            mpl*'} to type 'conduit::Node*'\n     631         Node  *n = static_cast<Node*>(c_out);\n     632                                            ^\n  >> 633    make[2]: *** [ascent/CMakeFiles/ascent.dir/c/ascent_c.cpp.o] Error\n            1",
    ">> 630    /tmp/koparasy/spack-stage/spack-stage-ascent-0.7.1-5wu4immamukvy5sm\n            6ae4feazvxfqkt4v/spack-src/src/ascent/c/ascent_c.cpp:133:40: error:\n             invalid static_cast from type 'conduit_node*' {aka 'conduit_node_i\n            mpl*'} to type 'conduit::Node*'\n     631         Node  *n = static_cast<Node*>(c_out);\n     632                                            ^\n>> 633    make[2]: *** [ascent/CMakeFiles/ascent.dir/c/ascent_c.cpp.o] Error\n            1\n     634    make[2]: *** Waiting for unfinished jobs....\n     635    make[2]: Leaving directory `/tmp/koparasy/spack-stage/spack-stage-a\n            scent-0.7.1-5wu4immamukvy5sm6ae4feazvxfqkt4v/spack-build-5wu4imm'\n  >> 636    make[1]: *** [ascent/CMakeFiles/ascent_mpi.dir/all] Error 2\n     637    make[1]: *** Waiting for unfinished jobs....",
    "632                                            ^\n  >> 633    make[2]: *** [ascent/CMakeFiles/ascent.dir/c/ascent_c.cpp.o] Error\n            1\n     634    make[2]: *** Waiting for unfinished jobs....\n     635    make[2]: Leaving directory `/tmp/koparasy/spack-stage/spack-stage-a\n            scent-0.7.1-5wu4immamukvy5sm6ae4feazvxfqkt4v/spack-build-5wu4imm'\n>> 636    make[1]: *** [ascent/CMakeFiles/ascent_mpi.dir/all] Error 2\n     637    make[1]: *** Waiting for unfinished jobs....\n     638    make[2]: Leaving directory `/tmp/koparasy/spack-stage/spack-stage-a\n            scent-0.7.1-5wu4immamukvy5sm6ae4feazvxfqkt4v/spack-build-5wu4imm'\n  >> 639    make[1]: *** [ascent/CMakeFiles/ascent.dir/all] Error 2\n     640    make[1]: Leaving directory `/tmp/koparasy/spack-stage/spack-stage-a\n            scent-0.7.1-5wu4immamukvy5sm6ae4feazvxfqkt4v/spack-build-5wu4imm'",
    "635    make[2]: Leaving directory `/tmp/koparasy/spack-stage/spack-stage-a\n            scent-0.7.1-5wu4immamukvy5sm6ae4feazvxfqkt4v/spack-build-5wu4imm'\n  >> 636    make[1]: *** [ascent/CMakeFiles/ascent_mpi.dir/all] Error 2\n     637    make[1]: *** Waiting for unfinished jobs....\n     638    make[2]: Leaving directory `/tmp/koparasy/spack-stage/spack-stage-a\n            scent-0.7.1-5wu4immamukvy5sm6ae4feazvxfqkt4v/spack-build-5wu4imm'\n>> 639    make[1]: *** [ascent/CMakeFiles/ascent.dir/all] Error 2\n     640    make[1]: Leaving directory `/tmp/koparasy/spack-stage/spack-stage-a\n            scent-0.7.1-5wu4immamukvy5sm6ae4feazvxfqkt4v/spack-build-5wu4imm'\n  >> 641    make: *** [all] Error 2\n\nSee build log for details:\n  /var/tmp/koparasy/spack-stage/spack-stage-ascent-0.7.1-5wu4immamukvy5sm6ae4feazvxfqkt4v/spack-build-out.txt",
    "637    make[1]: *** Waiting for unfinished jobs....\n     638    make[2]: Leaving directory `/tmp/koparasy/spack-stage/spack-stage-a\n            scent-0.7.1-5wu4immamukvy5sm6ae4feazvxfqkt4v/spack-build-5wu4imm'\n  >> 639    make[1]: *** [ascent/CMakeFiles/ascent.dir/all] Error 2\n     640    make[1]: Leaving directory `/tmp/koparasy/spack-stage/spack-stage-a\n            scent-0.7.1-5wu4immamukvy5sm6ae4feazvxfqkt4v/spack-build-5wu4imm'\n>> 641    make: *** [all] Error 2\n\nSee build log for details:\n  /var/tmp/koparasy/spack-stage/spack-stage-ascent-0.7.1-5wu4immamukvy5sm6ae4feazvxfqkt4v/spack-build-out.txt\n\nTraceback (most recent call last):\n  File \"/p/vast1/koparasy/BUILD/spack/lib/spack/spack/build_environment.py\", line 1035, in _setup_pkg_and_run"
]