[
    "o CMakeFiles/belostpetra.dir/BelosTpetraAdapter.cpp.o -c /var/tmp/\n             koparasy/spack-stage/spack-stage-trilinos-12.12.1-zqtclixg7myrsnzd\n             lz5bet65foq6akmd/spack-src/packages/belos/tpetra/src/BelosTpetraAd\n             apter.cpp\n  >> 2503    /var/tmp/koparasy/spack-stage/spack-stage-trilinos-12.12.1-zqtclix\n             g7myrsnzdlz5bet65foq6akmd/spack-src/packages/amesos2/src/Amesos2_S\nuperludist.cpp:57:29: error: expected constructor, destructor, or\n             type conversion before '(' token\n     2504       57 |   AMESOS2_SOLVER_EPETRA_INST(Superludist);\n     2505          |                             ^\n  >> 2506    make[2]: *** [packages/amesos2/src/CMakeFiles/amesos2.dir/Amesos2_\n             Superludist.cpp.o] Error 1\n     2507    make[2]: Leaving directory `/tmp/koparasy/spack-stage/spack-stage-",
    "trilinos-12.12.1-zqtclixg7myrsnzdlz5bet65foq6akmd/spack-build-zqtc\n             lix'\n     2523    [ 64%] Built target belostpetra\n     2524    make[1]: Leaving directory `/tmp/koparasy/spack-stage/spack-stage-\n             trilinos-12.12.1-zqtclixg7myrsnzdlz5bet65foq6akmd/spack-build-zqtc\n             lix'\n>> 2525    make: *** [all] Error 2\n\nSee build log for details:\n  /var/tmp/koparasy/spack-stage/spack-stage-trilinos-12.12.1-zqtclixg7myrsnzdlz5bet65foq6akmd/spack-build-out.txt\n\nTraceback (most recent call last):\n  File \"/p/vast1/koparasy/BUILD/head/spack/lib/spack/spack/build_environment.py\", line 1035, in _setup_pkg_and_run"
]