[
    "esos2.dir/Amesos2_Superludist.cpp.o.d -o CMakeFiles/amesos2.dir/Am\n             esos2_Superludist.cpp.o -c /var/tmp/koparasy/spack-stage/spack-sta\n             ge-trilinos-12.12.1-s2jyl5w7pwomgjmsjjvj4tckymv3phxb/spack-src/pac\n             kages/amesos2/src/Amesos2_Superludist.cpp\n  >> 2495    /var/tmp/koparasy/spack-stage/spack-stage-trilinos-12.12.1-s2jyl5w\n             7pwomgjmsjjvj4tckymv3phxb/spack-src/packages/amesos2/src/Amesos2_S\nuperludist.cpp:57:29: error: expected constructor, destructor, or\n             type conversion before '(' token\n     2496       57 |   AMESOS2_SOLVER_EPETRA_INST(Superludist);\n     2497          |                             ^\n  >> 2498    make[2]: *** [packages/amesos2/src/CMakeFiles/amesos2.dir/Amesos2_\n             Superludist.cpp.o] Error 1\n     2499    make[2]: *** Waiting for unfinished jobs....",
    "trilinos-12.12.1-s2jyl5w7pwomgjmsjjvj4tckymv3phxb/spack-build-s2jy\n             l5w'\n     2524    [ 64%] Built target belostpetra\n     2525    make[1]: Leaving directory `/tmp/koparasy/spack-stage/spack-stage-\n             trilinos-12.12.1-s2jyl5w7pwomgjmsjjvj4tckymv3phxb/spack-build-s2jy\n             l5w'\n>> 2526    make: *** [all] Error 2\n\nSee build log for details:\n  /var/tmp/koparasy/spack-stage/spack-stage-trilinos-12.12.1-s2jyl5w7pwomgjmsjjvj4tckymv3phxb/spack-build-out.txt\n\nTraceback (most recent call last):\n  File \"/p/vast1/koparasy/BUILD/head/spack/lib/spack/spack/build_environment.py\", line 1035, in _setup_pkg_and_run"
]