[
    "5.0-547w3m4o6qkt333ekqdqfpsa3absteso/spack-src/src/axom/quest/MeshT\n            ester.hpp:26,\n     254                     from /tmp/koparasy/spack-stage/spack-stage-axom-0.\n            5.0-547w3m4o6qkt333ekqdqfpsa3absteso/spack-src/src/axom/quest/MeshT\n            ester.cpp:7:\n  >> 255    /tmp/koparasy/spack-stage/spack-stage-axom-0.5.0-547w3m4o6qkt333ekq\ndqfpsa3absteso/spack-src/src/axom/spin/BVH.hpp:20:4: error: #error\n            *** The spin::BVH class requires RAJA and Umpire ***\n     256       #error*** The spin::BVH class requires RAJA and Umpire ***\n     257        ^~~~~\n     258    make[2]: Leaving directory `/tmp/koparasy/spack-stage/spack-stage-a\n            xom-0.5.0-547w3m4o6qkt333ekqdqfpsa3absteso/spack-build-547w3m4'\n     259    [ 11%] Built target lumberjack",
    "280    /tmp/koparasy/spack-stage/spack-stage-axom-0.5.0-547w3m4o6qkt333ekq\n            dqfpsa3absteso/spack-src/src/axom/quest/MeshTester.hpp: In function\n             'void axom::quest::findTriMeshIntersectionsBVH(axom::mint::Unstruc\n            turedMesh<(axom::mint::Topology)0>*, std::vector<std::pair<int, int\n            > >&, std::vector<int>&, double)':\n  >> 281    /tmp/koparasy/spack-stage/spack-stage-axom-0.5.0-547w3m4o6qkt333ekq\ndqfpsa3absteso/spack-src/src/axom/quest/MeshTester.hpp:119:3: error\n            : 'umpire' has not been declared\n     282       umpire::ResourceManager& rm = umpire::ResourceManager::getInstan\n            ce();\n     283       ^~~~~~\n  >> 284    /tmp/koparasy/spack-stage/spack-stage-axom-0.5.0-547w3m4o6qkt333ekq\n            dqfpsa3absteso/spack-src/src/axom/quest/MeshTester.hpp:119:28: erro",
    "dqfpsa3absteso/spack-src/src/axom/quest/MeshTester.hpp:119:33: erro\n            r: 'umpire' has not been declared\n     292       umpire::ResourceManager& rm = umpire::ResourceManager::getInstan\n            ce();\n     293                                     ^~~~~~\n  >> 294    /tmp/koparasy/spack-stage/spack-stage-axom-0.5.0-547w3m4o6qkt333ekq\ndqfpsa3absteso/spack-src/src/axom/quest/MeshTester.hpp:122:3: error\n            : 'umpire' has not been declared\n     295       umpire::Allocator allocator =\n     296       ^~~~~~\n  >> 297    /tmp/koparasy/spack-stage/spack-stage-axom-0.5.0-547w3m4o6qkt333ekq\n            dqfpsa3absteso/spack-src/src/axom/quest/MeshTester.hpp:127:3: error\n            : 'umpire' has not been declared",
    ">> 294    /tmp/koparasy/spack-stage/spack-stage-axom-0.5.0-547w3m4o6qkt333ekq\n            dqfpsa3absteso/spack-src/src/axom/quest/MeshTester.hpp:122:3: error\n            : 'umpire' has not been declared\n     295       umpire::Allocator allocator =\n     296       ^~~~~~\n  >> 297    /tmp/koparasy/spack-stage/spack-stage-axom-0.5.0-547w3m4o6qkt333ekq\ndqfpsa3absteso/spack-src/src/axom/quest/MeshTester.hpp:127:3: error\n            : 'umpire' has not been declared\n     298       umpire::Allocator pool_allocator =\n     299       ^~~~~~\n  >> 300    /tmp/koparasy/spack-stage/spack-stage-axom-0.5.0-547w3m4o6qkt333ekq\n            dqfpsa3absteso/spack-src/src/axom/quest/MeshTester.hpp:133:22: erro\n            r: 'pool_allocator' was not declared in this scope",
    "ack-stage-axom-0.5.0-547w3m4o6qkt333ekqdqfpsa3absteso/spack-src/src\n            /axom/slic/streams/LumberjackStream.cpp\n  >> 340    make[2]: *** [axom/quest/CMakeFiles/quest.dir/MeshTester.cpp.o] Err\n            or 1\n     341    make[2]: Leaving directory `/tmp/koparasy/spack-stage/spack-stage-a\n            xom-0.5.0-547w3m4o6qkt333ekqdqfpsa3absteso/spack-build-547w3m4'\n>> 342    make[1]: *** [axom/quest/CMakeFiles/quest.dir/all] Error 2\n     343    make[1]: *** Waiting for unfinished jobs....\n     344    [ 15%] Building CXX object axom/core/CMakeFiles/core.dir/Types.cpp.\n            o\n     345    cd /tmp/koparasy/spack-stage/spack-stage-axom-0.5.0-547w3m4o6qkt333\n            ekqdqfpsa3absteso/spack-build-547w3m4/axom/core && /p/vast1/koparas\n            y/BUILD/spack/lib/spack/env/gcc/g++ -DAXOM_DEBUG -I/tmp/koparasy/sp",
    "355    [ 16%] Built target slic\n     356    make[2]: Leaving directory `/tmp/koparasy/spack-stage/spack-stage-a\n            xom-0.5.0-547w3m4o6qkt333ekqdqfpsa3absteso/spack-build-547w3m4'\n     357    [ 16%] Built target core\n     358    make[1]: Leaving directory `/tmp/koparasy/spack-stage/spack-stage-a\n            xom-0.5.0-547w3m4o6qkt333ekqdqfpsa3absteso/spack-build-547w3m4'\n>> 359    make: *** [all] Error 2\n\nSee build log for details:\n  /var/tmp/koparasy/spack-stage/spack-stage-axom-0.5.0-547w3m4o6qkt333ekqdqfpsa3absteso/spack-build-out.txt\n\nTraceback (most recent call last):\n  File \"/p/vast1/koparasy/BUILD/spack/lib/spack/spack/build_environment.py\", line 1035, in _setup_pkg_and_run"
]