[
    "xecsymbols//:.gcc ./DSO/x86_64 libexec-missing/redhat gcc-from/linu\n            x x86_64/command-9 redhat/line-ld\n     134    linux:/ 9//lib64ld/: libpthread.so.0/:lib64 /errorlibpthread.so.0 :\n            adding  errorsymbols :adding  DSOsymbols :missing  DSOfrom  missing\n            command  fromline\n     135    command line\n>> 136    collect2: error: ld returned 1 exit status\n  >> 137    collect2: error: ld returned 1 exit status\n  >> 138    collect2: error: ld returned 1 exit status\n  >> 139    make[2]: *** [kv/tests/01_open_close/kv.test01_open_close] Error 1\n  >> 140    make[2]: make[2]: *** [kv/tests/03_barrier/kv.test03_barrier] Error\n             1*** [kv/tests/02_put_get/kv.test02_put_get] Error 1\n     141",
    "x x86_64/command-9 redhat/line-ld\n     134    linux:/ 9//lib64ld/: libpthread.so.0/:lib64 /errorlibpthread.so.0 :\n            adding  errorsymbols :adding  DSOsymbols :missing  DSOfrom  missing\n            command  fromline\n     135    command line\n  >> 136    collect2: error: ld returned 1 exit status\n>> 137    collect2: error: ld returned 1 exit status\n  >> 138    collect2: error: ld returned 1 exit status\n  >> 139    make[2]: *** [kv/tests/01_open_close/kv.test01_open_close] Error 1\n  >> 140    make[2]: make[2]: *** [kv/tests/03_barrier/kv.test03_barrier] Error\n             1*** [kv/tests/02_put_get/kv.test02_put_get] Error 1\n     141\n     142    make[2]: Leaving directory `/tmp/koparasy/spack-stage/spack-stage-p",
    "134    linux:/ 9//lib64ld/: libpthread.so.0/:lib64 /errorlibpthread.so.0 :\n            adding  errorsymbols :adding  DSOsymbols :missing  DSOfrom  missing\n            command  fromline\n     135    command line\n  >> 136    collect2: error: ld returned 1 exit status\n  >> 137    collect2: error: ld returned 1 exit status\n>> 138    collect2: error: ld returned 1 exit status\n  >> 139    make[2]: *** [kv/tests/01_open_close/kv.test01_open_close] Error 1\n  >> 140    make[2]: make[2]: *** [kv/tests/03_barrier/kv.test03_barrier] Error\n             1*** [kv/tests/02_put_get/kv.test02_put_get] Error 1\n     141\n     142    make[2]: Leaving directory `/tmp/koparasy/spack-stage/spack-stage-p\n            apyrus-1.0.0-frfxnjxtetv4b5kcswki3s3iezbmsohx/spack-build-frfxnjx'",
    "adding  errorsymbols :adding  DSOsymbols :missing  DSOfrom  missing\n            command  fromline\n     135    command line\n  >> 136    collect2: error: ld returned 1 exit status\n  >> 137    collect2: error: ld returned 1 exit status\n  >> 138    collect2: error: ld returned 1 exit status\n>> 139    make[2]: *** [kv/tests/01_open_close/kv.test01_open_close] Error 1\n  >> 140    make[2]: make[2]: *** [kv/tests/03_barrier/kv.test03_barrier] Error\n             1*** [kv/tests/02_put_get/kv.test02_put_get] Error 1\n     141\n     142    make[2]: Leaving directory `/tmp/koparasy/spack-stage/spack-stage-p\n            apyrus-1.0.0-frfxnjxtetv4b5kcswki3s3iezbmsohx/spack-build-frfxnjx'\n     143    make[2]: Leaving directory `/tmp/koparasy/spack-stage/spack-stage-p",
    "command  fromline\n     135    command line\n  >> 136    collect2: error: ld returned 1 exit status\n  >> 137    collect2: error: ld returned 1 exit status\n  >> 138    collect2: error: ld returned 1 exit status\n  >> 139    make[2]: *** [kv/tests/01_open_close/kv.test01_open_close] Error 1\n>> 140    make[2]: make[2]: *** [kv/tests/03_barrier/kv.test03_barrier] Error\n             1*** [kv/tests/02_put_get/kv.test02_put_get] Error 1\n     141\n     142    make[2]: Leaving directory `/tmp/koparasy/spack-stage/spack-stage-p\n            apyrus-1.0.0-frfxnjxtetv4b5kcswki3s3iezbmsohx/spack-build-frfxnjx'\n     143    make[2]: Leaving directory `/tmp/koparasy/spack-stage/spack-stage-p\n            apyrus-1.0.0-frfxnjxtetv4b5kcswki3s3iezbmsohx/spack-build-frfxnjx'",
    ">> 148    make[1]: *** [kv/tests/02_put_get/CMakeFiles/kv.test02_put_get.dir/\n            all] Error 2\n  >> 149    /usr/tce/packages/gcc/gcc-9.3.1/rh/usr/bin/../libexec/gcc/x86_64-re\n            dhat-linux/9/ld: ../../src/libpapyruskv.a(Signal.cpp.o): undefined\n            reference to symbol 'sem_post@@@@GLIBC_2.2.5'\n  >> 150    /usr/tce/packages/gcc/gcc-9.3.1/rh/usr/bin/../libexec/gcc/x86_64-re\ndhat-linux/9/ld: /lib64/libpthread.so.0: error adding symbols: DSO\n            missing from command line\n  >> 151    collect2: error: ld returned 1 exit status\n  >> 152    make[2]: *** [kv/tests/04_delete/kv.test04_delete] Error 1\n     153    make[2]: Leaving directory `/tmp/koparasy/spack-stage/spack-stage-p\n            apyrus-1.0.0-frfxnjxtetv4b5kcswki3s3iezbmsohx/spack-build-frfxnjx'\n  >> 154    make[1]: *** [kv/tests/04_delete/CMakeFiles/kv.test04_delete.dir/al",
    ">> 149    /usr/tce/packages/gcc/gcc-9.3.1/rh/usr/bin/../libexec/gcc/x86_64-re\n            dhat-linux/9/ld: ../../src/libpapyruskv.a(Signal.cpp.o): undefined\n            reference to symbol 'sem_post@@@@GLIBC_2.2.5'\n  >> 150    /usr/tce/packages/gcc/gcc-9.3.1/rh/usr/bin/../libexec/gcc/x86_64-re\n            dhat-linux/9/ld: /lib64/libpthread.so.0: error adding symbols: DSO\n            missing from command line\n>> 151    collect2: error: ld returned 1 exit status\n  >> 152    make[2]: *** [kv/tests/04_delete/kv.test04_delete] Error 1\n     153    make[2]: Leaving directory `/tmp/koparasy/spack-stage/spack-stage-p\n            apyrus-1.0.0-frfxnjxtetv4b5kcswki3s3iezbmsohx/spack-build-frfxnjx'\n  >> 154    make[1]: *** [kv/tests/04_delete/CMakeFiles/kv.test04_delete.dir/al\n            l] Error 2\n     155    make[1]: Leaving directory `/tmp/koparasy/spack-stage/spack-stage-p",
    "dhat-linux/9/ld: ../../src/libpapyruskv.a(Signal.cpp.o): undefined\n            reference to symbol 'sem_post@@@@GLIBC_2.2.5'\n  >> 150    /usr/tce/packages/gcc/gcc-9.3.1/rh/usr/bin/../libexec/gcc/x86_64-re\n            dhat-linux/9/ld: /lib64/libpthread.so.0: error adding symbols: DSO\n            missing from command line\n  >> 151    collect2: error: ld returned 1 exit status\n>> 152    make[2]: *** [kv/tests/04_delete/kv.test04_delete] Error 1\n     153    make[2]: Leaving directory `/tmp/koparasy/spack-stage/spack-stage-p\n            apyrus-1.0.0-frfxnjxtetv4b5kcswki3s3iezbmsohx/spack-build-frfxnjx'\n  >> 154    make[1]: *** [kv/tests/04_delete/CMakeFiles/kv.test04_delete.dir/al\n            l] Error 2\n     155    make[1]: Leaving directory `/tmp/koparasy/spack-stage/spack-stage-p\n            apyrus-1.0.0-frfxnjxtetv4b5kcswki3s3iezbmsohx/spack-build-frfxnjx'",
    "153    make[2]: Leaving directory `/tmp/koparasy/spack-stage/spack-stage-p\n            apyrus-1.0.0-frfxnjxtetv4b5kcswki3s3iezbmsohx/spack-build-frfxnjx'\n  >> 154    make[1]: *** [kv/tests/04_delete/CMakeFiles/kv.test04_delete.dir/al\n            l] Error 2\n     155    make[1]: Leaving directory `/tmp/koparasy/spack-stage/spack-stage-p\n            apyrus-1.0.0-frfxnjxtetv4b5kcswki3s3iezbmsohx/spack-build-frfxnjx'\n>> 156    make: *** [all] Error 2\n\nSee build log for details:\n  /var/tmp/koparasy/spack-stage/spack-stage-papyrus-1.0.0-frfxnjxtetv4b5kcswki3s3iezbmsohx/spack-build-out.txt\n\nTraceback (most recent call last):\n  File \"/p/vast1/koparasy/BUILD/head/spack/lib/spack/spack/build_environment.py\", line 1035, in _setup_pkg_and_run"
]