[
    "228     checking for C compiler flag --param max-inline-insns-single=35000\n             ... checking for C compiler flag --param max-inline-insns-single=3\n             5000... yes\n     229     yes\n  >> 230     checking for C compiler flag --param max-inline-insns=100000... ch\n             ecking for C compiler flag --param max-inline-insns=100000... no/e\nrror: cc1: error: invalid --param name 'max-inline-insns'; did you\n              mean 'max-combine-insns'?\n  >> 231     no/error: cc1: error: invalid --param name 'max-inline-insns'; did\n              you mean 'max-combine-insns'?\n     232     checking for C compiler flag --param inline-unit-growth=10000... c\n             hecking for C compiler flag --param inline-unit-growth=10000... ye\n             s",
    "5000... yes\n     229     yes\n  >> 230     checking for C compiler flag --param max-inline-insns=100000... ch\n             ecking for C compiler flag --param max-inline-insns=100000... no/e\n             rror: cc1: error: invalid --param name 'max-inline-insns'; did you\n              mean 'max-combine-insns'?\n>> 231     no/error: cc1: error: invalid --param name 'max-inline-insns'; did\n              you mean 'max-combine-insns'?\n     232     checking for C compiler flag --param inline-unit-growth=10000... c\n             hecking for C compiler flag --param inline-unit-growth=10000... ye\n             s\n     233     yes\n     234     checking for C compiler flag --param large-function-growth=200000.",
    "vlwohb4/gasnet.debug/include/smp-conduit/gasnet_coll_fwd.h\n  >> 3019    /usr/bin/install: cannot change permissions of '/p/vast1/koparasy/\n             BUILD/spack_cluster_installer/quartz/upcxx/spack_env_dir/linux-rhe\n             l7-broadwell/gcc-9.3.1/upcxx-2020.10.0-l63dt3577al4ahimuulfoksnpvl\n             wohb4/gasnet.opt/include/gasnet_atomic_fwd.h': No such file or dir\n             ectory\n>> 3020    make[5]: *** [install-data-local] Error 1\n     3021    make[5]: *** Waiting for unfinished jobs....\n     3022     /usr/bin/install -c -m 644 /tmp/koparasy/spack-stage/spack-stage-\n             upcxx-2020.10.0-2res7mtkaiir3joetbrm6s7sjckqfcsu/spack-src/bld/GAS\n             Net-2020.10.0/smp-conduit/gasnet_core.h /p/vast1/koparasy/BUILD/sp\n             ack_cluster_installer/quartz/upcxx/spack_env_dir/linux-rhel7-broad\n             well/gcc-9.3.1/upcxx-2020.10.0-l63dt3577al4ahimuulfoksnpvlwohb4/ga",
    "upcxx-2020.10.0-2res7mtkaiir3joetbrm6s7sjckqfcsu/spack-src/bld/GAS\n             Net-2020.10.0/smp-conduit/gasnet_extended_help_extra.h /p/vast1/ko\n             parasy/BUILD/spack_cluster_installer/quartz/upcxx/spack_env_dir/li\n             nux-rhel7-broadwell/gcc-9.3.1/upcxx-2020.10.0-l63dt3577al4ahimuulf\n             oksnpvlwohb4/gasnet.debug/include/smp-conduit/gasnet_extended_help\n             _extra.h\n>> 3033    make[4]: *** [install-am] Error 2\n     3034    /bin/sh /tmp/koparasy/spack-stage/spack-stage-upcxx-2020.10.0-2res\n             7mtkaiir3joetbrm6s7sjckqfcsu/spack-src/bld/GASNet-2020.10.0/config\n             -aux/mkinstalldirs /p/vast1/koparasy/BUILD/spack_cluster_installer\n             /quartz/upcxx/spack_env_dir/linux-rhel7-broadwell/gcc-9.3.1/upcxx-\n             2020.10.0-l63dt3577al4ahimuulfoksnpvlwohb4/gasnet.debug/lib/pkgcon\n             fig",
    "3034    /bin/sh /tmp/koparasy/spack-stage/spack-stage-upcxx-2020.10.0-2res\n             7mtkaiir3joetbrm6s7sjckqfcsu/spack-src/bld/GASNet-2020.10.0/config\n             -aux/mkinstalldirs /p/vast1/koparasy/BUILD/spack_cluster_installer\n             /quartz/upcxx/spack_env_dir/linux-rhel7-broadwell/gcc-9.3.1/upcxx-\n             2020.10.0-l63dt3577al4ahimuulfoksnpvlwohb4/gasnet.debug/lib/pkgcon\n             fig\n>> 3035    make[3]: *** [install-recursive] Error 1\n  >> 3036    make[2]: *** [do-gasnet-install-opt] Error 2\n     3037    make[2]: *** Waiting for unfinished jobs....\n     3038     /usr/bin/mkdir -p '/p/vast1/koparasy/BUILD/spack_cluster_installe\n             r/quartz/upcxx/spack_env_dir/linux-rhel7-broadwell/gcc-9.3.1/upcxx\n             -2020.10.0-l63dt3577al4ahimuulfoksnpvlwohb4/gasnet.debug/include'\n     3039    mkdir -p -- /p/vast1/koparasy/BUILD/spack_cluster_installer/quartz",
    "7mtkaiir3joetbrm6s7sjckqfcsu/spack-src/bld/GASNet-2020.10.0/config\n             -aux/mkinstalldirs /p/vast1/koparasy/BUILD/spack_cluster_installer\n             /quartz/upcxx/spack_env_dir/linux-rhel7-broadwell/gcc-9.3.1/upcxx-\n             2020.10.0-l63dt3577al4ahimuulfoksnpvlwohb4/gasnet.debug/lib/pkgcon\n             fig\n  >> 3035    make[3]: *** [install-recursive] Error 1\n>> 3036    make[2]: *** [do-gasnet-install-opt] Error 2\n     3037    make[2]: *** Waiting for unfinished jobs....\n     3038     /usr/bin/mkdir -p '/p/vast1/koparasy/BUILD/spack_cluster_installe\n             r/quartz/upcxx/spack_env_dir/linux-rhel7-broadwell/gcc-9.3.1/upcxx\n             -2020.10.0-l63dt3577al4ahimuulfoksnpvlwohb4/gasnet.debug/include'\n     3039    mkdir -p -- /p/vast1/koparasy/BUILD/spack_cluster_installer/quartz\n             /upcxx/spack_env_dir/linux-rhel7-broadwell/gcc-9.3.1/upcxx-2020.10",
    "cxx/spack_env_dir/linux-rhel7-broadwell/gcc-9.3.1/upcxx-2020.10.0-\n             l63dt3577al4ahimuulfoksnpvlwohb4/gasnet.debug/lib/pkgconfig/gasnet\n             _tools-par.pc from /p/vast1/koparasy/BUILD/spack_cluster_installer\n             /quartz/upcxx/spack_env_dir/linux-rhel7-broadwell/gcc-9.3.1/upcxx-\n             2020.10.0-l63dt3577al4ahimuulfoksnpvlwohb4/gasnet.debug/include/ga\n             snet_tools-par.mak...\n>> 3183    make[1]: *** [install] Error 2\n     3184\n     3185    ********\n     3186    UPC++ installation failed. Please report the ENTIRE log above to:\n             upcxx@googlegroups.com\n     3187    ********\n     3188",
    "3184\n     3185    ********\n     3186    UPC++ installation failed. Please report the ENTIRE log above to:\n             upcxx@googlegroups.com\n     3187    ********\n     3188\n>> 3189    make[1]: *** [failure] Error 1\n  >> 3190    make: *** [install] Error 2\n\nSee build log for details:\n  /var/tmp/koparasy/spack-stage/spack-stage-upcxx-2020.10.0-2res7mtkaiir3joetbrm6s7sjckqfcsu/spack-build-out.txt\n\nTraceback (most recent call last):",
    "3185    ********\n     3186    UPC++ installation failed. Please report the ENTIRE log above to:\n             upcxx@googlegroups.com\n     3187    ********\n     3188\n  >> 3189    make[1]: *** [failure] Error 1\n>> 3190    make: *** [install] Error 2\n\nSee build log for details:\n  /var/tmp/koparasy/spack-stage/spack-stage-upcxx-2020.10.0-2res7mtkaiir3joetbrm6s7sjckqfcsu/spack-build-out.txt\n\nTraceback (most recent call last):\n  File \"/p/vast1/koparasy/BUILD/head/spack/lib/spack/spack/build_environment.py\", line 1035, in _setup_pkg_and_run"
]