[
    ":cmQtAutoMocUicT::JobCompileUicT>]' used but never defined\n     1902           unique_ptr(pointer __p) noexcept\n     1903           ^~~~~~~~~~\n  >> 1904    make[2]: *** [Source/CMakeFiles/CMakeLib.dir/cmQtAutoMocUic.cxx.o]\n              Error 1\n     1905    make[2]: *** Waiting for unfinished jobs....\n>> 1906    make[1]: *** [Source/CMakeFiles/CMakeLib.dir/all] Error 2\n  >> 1907    make: *** [all] Error 2\n\nSee build log for details:\n  /var/tmp/koparasy/spack-stage/spack-stage-cmake-3.20.1-5skygekhhfyswurlqkbtwuf7mp5irznp/spack-build-out.txt\n\nTraceback (most recent call last):",
    "1902           unique_ptr(pointer __p) noexcept\n     1903           ^~~~~~~~~~\n  >> 1904    make[2]: *** [Source/CMakeFiles/CMakeLib.dir/cmQtAutoMocUic.cxx.o]\n              Error 1\n     1905    make[2]: *** Waiting for unfinished jobs....\n  >> 1906    make[1]: *** [Source/CMakeFiles/CMakeLib.dir/all] Error 2\n>> 1907    make: *** [all] Error 2\n\nSee build log for details:\n  /var/tmp/koparasy/spack-stage/spack-stage-cmake-3.20.1-5skygekhhfyswurlqkbtwuf7mp5irznp/spack-build-out.txt\n\nTraceback (most recent call last):\n  File \"/p/vast1/koparasy/BUILD/head/spack/lib/spack/spack/build_environment.py\", line 1035, in _setup_pkg_and_run",
    "~~~\n     1899    [ 70%] Building CXX object Source/CMakeFiles/CMakeLib.dir/cmRST.cx\n             x.o\n     1900    [ 70%] Building CXX object Source/CMakeFiles/CMakeLib.dir/cmRuntim\n             eDependencyArchive.cxx.o\n     1901    /usr/tce/packages/gcc/gcc-6.1.0/include/c++/6.1.0/bits/unique_ptr.\nh:170:7: warning: 'std::unique_ptr<_Tp, _Dp>::unique_ptr(std::uniq\n             ue_ptr<_Tp, _Dp>::pointer) noexcept [with _Tp = {anonymous}::cmQtA\n             utoMocUicT::JobCompileUicT; _Dp = std::default_delete<{anonymous}:\n             :cmQtAutoMocUicT::JobCompileUicT>]' used but never defined\n     1902           unique_ptr(pointer __p) noexcept\n     1903           ^~~~~~~~~~\n  >> 1904    make[2]: *** [Source/CMakeFiles/CMakeLib.dir/cmQtAutoMocUic.cxx.o]"
]