[
    "119                     from /tmp/koparasy/spack-stage/spack-stage-vtk-h-0\n            .5.7-oy274i3ucqoy2zpi7yafz537oncy25zj/spack-src/src/vtkh/vtkm_filte\n            rs/vtkmCellAverage.cpp:1:\n  >> 120    /p/vast1/koparasy/BUILD/spack_cluster_installer/quartz/ascent/spack\n            _env_dir/linux-rhel7-broadwell/gcc-8.3.1/vtk-m-1.6.0-b77d27rzqzlu7f\n            mbn6ao6vzpnwkzwlib/include/vtkm-1.6/vtkm/thirdparty/diy/pre-include\n.h:6:34: fatal error: vtkmdiy/serialization.hpp: No such file or di\n            rectory\n     121     #define VTKM_DIY_INCLUDE(header) <vtkmdiy/header>\n     122                                      ^\n     123    In file included from /p/vast1/koparasy/BUILD/spack_cluster_install\n            er/quartz/ascent/spack_env_dir/linux-rhel7-broadwell/gcc-8.3.1/vtk-\n            m-1.6.0-b77d27rzqzlu7fmbn6ao6vzpnwkzwlib/include/vtkm-1.6/vtkm/thir",
    "130                     from /tmp/koparasy/spack-stage/spack-stage-vtk-h-0\n            .5.7-oy274i3ucqoy2zpi7yafz537oncy25zj/spack-src/src/vtkh/vtkm_filte\n            rs/vtkmClip.cpp:1:\n  >> 131    /p/vast1/koparasy/BUILD/spack_cluster_installer/quartz/ascent/spack\n            _env_dir/linux-rhel7-broadwell/gcc-8.3.1/vtk-m-1.6.0-b77d27rzqzlu7f\n            mbn6ao6vzpnwkzwlib/include/vtkm-1.6/vtkm/thirdparty/diy/pre-include\n.h:6:34: fatal error: vtkmdiy/serialization.hpp: No such file or di\n            rectory\n     132     #define VTKM_DIY_INCLUDE(header) <vtkmdiy/header>\n     133                                      ^\n     134    In file included from /p/vast1/koparasy/BUILD/spack_cluster_install\n            er/quartz/ascent/spack_env_dir/linux-rhel7-broadwell/gcc-8.3.1/vtk-\n            m-1.6.0-b77d27rzqzlu7fmbn6ao6vzpnwkzwlib/include/vtkm-1.6/vtkm/thir",
    "141                     from /tmp/koparasy/spack-stage/spack-stage-vtk-h-0\n            .5.7-oy274i3ucqoy2zpi7yafz537oncy25zj/spack-src/src/vtkh/vtkm_filte\n            rs/vtkmCleanGrid.cpp:1:\n  >> 142    /p/vast1/koparasy/BUILD/spack_cluster_installer/quartz/ascent/spack\n            _env_dir/linux-rhel7-broadwell/gcc-8.3.1/vtk-m-1.6.0-b77d27rzqzlu7f\n            mbn6ao6vzpnwkzwlib/include/vtkm-1.6/vtkm/thirdparty/diy/pre-include\n.h:6:34: fatal error: vtkmdiy/serialization.hpp: No such file or di\n            rectory\n     143     #define VTKM_DIY_INCLUDE(header) <vtkmdiy/header>\n     144                                      ^\n     145    compilation terminated.\n     146    compilation terminated.\n     147    compilation terminated.",
    "::::::::::::::::::::::::\n     158    make[2]: Leaving directory `/tmp/koparasy/spack-stage/spack-stage-v\n            tk-h-0.5.7-oy274i3ucqoy2zpi7yafz537oncy25zj/spack-src/spack-build'\n     159    [  5%] Built target vtkh_lodepng\n     160    make[1]: Leaving directory `/tmp/koparasy/spack-stage/spack-stage-v\n            tk-h-0.5.7-oy274i3ucqoy2zpi7yafz537oncy25zj/spack-src/spack-build'\n>> 161    make: *** [all] Error 2\n\nSee build log for details:\n  /var/tmp/koparasy/spack-stage/spack-stage-vtk-h-0.5.7-oy274i3ucqoy2zpi7yafz537oncy25zj/spack-build-out.txt\n\nTraceback (most recent call last):\n  File \"/p/vast1/koparasy/BUILD/spack/lib/spack/spack/build_environment.py\", line 1035, in _setup_pkg_and_run"
]