[
    "c /var/tmp/koparasy/spack-stage/spack-stage-json-c-0.15-htcooavb3jk\n            kqbmogn3vtnh6chqjmick/spack-src/arraylist.c\n     127    /var/tmp/koparasy/spack-stage/spack-stage-json-c-0.15-htcooavb3jkkq\n            bmogn3vtnh6chqjmick/spack-src/arraylist.c: In function 'array_list_\n            new2':\n  >> 128    /var/tmp/koparasy/spack-stage/spack-stage-json-c-0.15-htcooavb3jkkq\nbmogn3vtnh6chqjmick/spack-src/arraylist.c:48:29: error: implicit de\n            claration of function 'malloc' [-Werror=implicit-function-declarati\n            on]\n     129       48 |  arr = (struct array_list *)malloc(sizeof(struct array_list\n            ));\n     130          |                             ^~~~~~\n  >> 131    /var/tmp/koparasy/spack-stage/spack-stage-json-c-0.15-htcooavb3jkkq",
    "claration of function 'malloc' [-Werror=implicit-function-declarati\n            on]\n     129       48 |  arr = (struct array_list *)malloc(sizeof(struct array_list\n            ));\n     130          |                             ^~~~~~\n  >> 131    /var/tmp/koparasy/spack-stage/spack-stage-json-c-0.15-htcooavb3jkkq\nbmogn3vtnh6chqjmick/spack-src/arraylist.c:48:29: error: incompatibl\n            e implicit declaration of built-in function 'malloc' [-Werror]\n     132    /var/tmp/koparasy/spack-stage/spack-stage-json-c-0.15-htcooavb3jkkq\n            bmogn3vtnh6chqjmick/spack-src/arraylist.c:38:1: note: include '<std\n            lib.h>' or provide a declaration of 'malloc'\n     133       37 | #include \"arraylist.h\"\n     134      +++ |+#include <stdlib.h>",
    "bmogn3vtnh6chqjmick/spack-src/arraylist.c:38:1: note: include '<std\n            lib.h>' or provide a declaration of 'malloc'\n     133       37 | #include \"arraylist.h\"\n     134      +++ |+#include <stdlib.h>\n     135       38 |\n  >> 136    /var/tmp/koparasy/spack-stage/spack-stage-json-c-0.15-htcooavb3jkkq\nbmogn3vtnh6chqjmick/spack-src/arraylist.c:56:3: error: implicit dec\n            laration of function 'free' [-Werror=implicit-function-declaration]\n     137       56 |   free(arr);\n     138          |   ^~~~\n  >> 139    /var/tmp/koparasy/spack-stage/spack-stage-json-c-0.15-htcooavb3jkkq\n            bmogn3vtnh6chqjmick/spack-src/arraylist.c:56:3: error: incompatible\n             implicit declaration of built-in function 'free' [-Werror]",
    ">> 136    /var/tmp/koparasy/spack-stage/spack-stage-json-c-0.15-htcooavb3jkkq\n            bmogn3vtnh6chqjmick/spack-src/arraylist.c:56:3: error: implicit dec\n            laration of function 'free' [-Werror=implicit-function-declaration]\n     137       56 |   free(arr);\n     138          |   ^~~~\n  >> 139    /var/tmp/koparasy/spack-stage/spack-stage-json-c-0.15-htcooavb3jkkq\nbmogn3vtnh6chqjmick/spack-src/arraylist.c:56:3: error: incompatible\n             implicit declaration of built-in function 'free' [-Werror]\n     140    /var/tmp/koparasy/spack-stage/spack-stage-json-c-0.15-htcooavb3jkkq\n            bmogn3vtnh6chqjmick/spack-src/arraylist.c:56:3: note: include '<std\n            lib.h>' or provide a declaration of 'free'\n     141    /var/tmp/koparasy/spack-stage/spack-stage-json-c-0.15-htcooavb3jkkq\n            bmogn3vtnh6chqjmick/spack-src/arraylist.c: In function 'array_list_",
    "bmogn3vtnh6chqjmick/spack-src/arraylist.c:56:3: note: include '<std\n            lib.h>' or provide a declaration of 'free'\n     141    /var/tmp/koparasy/spack-stage/spack-stage-json-c-0.15-htcooavb3jkkq\n            bmogn3vtnh6chqjmick/spack-src/arraylist.c: In function 'array_list_\n            free':\n  >> 142    /var/tmp/koparasy/spack-stage/spack-stage-json-c-0.15-htcooavb3jkkq\nbmogn3vtnh6chqjmick/spack-src/arraylist.c:68:2: error: incompatible\n             implicit declaration of built-in function 'free' [-Werror]\n     143       68 |  free(arr->array);\n     144          |  ^~~~\n     145    /var/tmp/koparasy/spack-stage/spack-stage-json-c-0.15-htcooavb3jkkq\n            bmogn3vtnh6chqjmick/spack-src/arraylist.c:68:2: note: include '<std\n            lib.h>' or provide a declaration of 'free'",
    "bmogn3vtnh6chqjmick/spack-src/arraylist.c:68:2: note: include '<std\n            lib.h>' or provide a declaration of 'free'\n     146    /var/tmp/koparasy/spack-stage/spack-stage-json-c-0.15-htcooavb3jkkq\n            bmogn3vtnh6chqjmick/spack-src/arraylist.c: In function 'array_list_\n            expand_internal':\n  >> 147    /var/tmp/koparasy/spack-stage/spack-stage-json-c-0.15-htcooavb3jkkq\nbmogn3vtnh6chqjmick/spack-src/arraylist.c:97:12: error: implicit de\n            claration of function 'realloc' [-Werror=implicit-function-declarat\n            ion]\n     148       97 |  if (!(t = realloc(arr->array, new_size * sizeof(void *))))\n     149          |            ^~~~~~~\n  >> 150    /var/tmp/koparasy/spack-stage/spack-stage-json-c-0.15-htcooavb3jkkq\n            bmogn3vtnh6chqjmick/spack-src/arraylist.c:97:12: error: incompatibl",
    "bmogn3vtnh6chqjmick/spack-src/arraylist.c:97:12: error: implicit de\n            claration of function 'realloc' [-Werror=implicit-function-declarat\n            ion]\n     148       97 |  if (!(t = realloc(arr->array, new_size * sizeof(void *))))\n     149          |            ^~~~~~~\n  >> 150    /var/tmp/koparasy/spack-stage/spack-stage-json-c-0.15-htcooavb3jkkq\nbmogn3vtnh6chqjmick/spack-src/arraylist.c:97:12: error: incompatibl\n            e implicit declaration of built-in function 'realloc' [-Werror]\n     151    /var/tmp/koparasy/spack-stage/spack-stage-json-c-0.15-htcooavb3jkkq\n            bmogn3vtnh6chqjmick/spack-src/arraylist.c:97:12: note: include '<st\n            dlib.h>' or provide a declaration of 'realloc'\n     152    /var/tmp/koparasy/spack-stage/spack-stage-json-c-0.15-htcooavb3jkkq\n            bmogn3vtnh6chqjmick/spack-src/arraylist.c: In function 'array_list_",
    "bmogn3vtnh6chqjmick/spack-src/arraylist.c:97:12: note: include '<st\n            dlib.h>' or provide a declaration of 'realloc'\n     152    /var/tmp/koparasy/spack-stage/spack-stage-json-c-0.15-htcooavb3jkkq\n            bmogn3vtnh6chqjmick/spack-src/arraylist.c: In function 'array_list_\n            shrink':\n  >> 153    /var/tmp/koparasy/spack-stage/spack-stage-json-c-0.15-htcooavb3jkkq\nbmogn3vtnh6chqjmick/spack-src/arraylist.c:117:12: error: incompatib\n            le implicit declaration of built-in function 'realloc' [-Werror]\n     154      117 |  if (!(t = realloc(arr->array, new_size * sizeof(void *))))\n     155          |            ^~~~~~~\n     156    /var/tmp/koparasy/spack-stage/spack-stage-json-c-0.15-htcooavb3jkkq\n            bmogn3vtnh6chqjmick/spack-src/arraylist.c:117:12: note: include '<s\n            tdlib.h>' or provide a declaration of 'realloc'",
    "bmogn3vtnh6chqjmick/spack-src/arraylist.c:117:12: note: include '<s\n            tdlib.h>' or provide a declaration of 'realloc'\n     157    /var/tmp/koparasy/spack-stage/spack-stage-json-c-0.15-htcooavb3jkkq\n            bmogn3vtnh6chqjmick/spack-src/arraylist.c: In function 'array_list_\n            put_idx':\n  >> 158    /var/tmp/koparasy/spack-stage/spack-stage-json-c-0.15-htcooavb3jkkq\nbmogn3vtnh6chqjmick/spack-src/arraylist.c:143:3: error: implicit de\n            claration of function 'memset' [-Werror=implicit-function-declarati\n            on]\n     159      143 |   memset(arr->array + arr->length, 0, (idx - arr->length) *\n             sizeof(void *));\n     160          |   ^~~~~~\n  >> 161    /var/tmp/koparasy/spack-stage/spack-stage-json-c-0.15-htcooavb3jkkq",
    "claration of function 'memset' [-Werror=implicit-function-declarati\n            on]\n     159      143 |   memset(arr->array + arr->length, 0, (idx - arr->length) *\n             sizeof(void *));\n     160          |   ^~~~~~\n  >> 161    /var/tmp/koparasy/spack-stage/spack-stage-json-c-0.15-htcooavb3jkkq\nbmogn3vtnh6chqjmick/spack-src/arraylist.c:143:3: error: incompatibl\n            e implicit declaration of built-in function 'memset' [-Werror]\n     162    /var/tmp/koparasy/spack-stage/spack-stage-json-c-0.15-htcooavb3jkkq\n            bmogn3vtnh6chqjmick/spack-src/arraylist.c:38:1: note: include '<str\n            ing.h>' or provide a declaration of 'memset'\n     163       37 | #include \"arraylist.h\"\n     164      +++ |+#include <string.h>",
    "164      +++ |+#include <string.h>\n     165       38 |\n     166    /var/tmp/koparasy/spack-stage/spack-stage-json-c-0.15-htcooavb3jkkq\n            bmogn3vtnh6chqjmick/spack-src/arraylist.c: In function 'array_list_\n            sort':\n  >> 167    /var/tmp/koparasy/spack-stage/spack-stage-json-c-0.15-htcooavb3jkkq\nbmogn3vtnh6chqjmick/spack-src/arraylist.c:167:2: error: implicit de\n            claration of function 'qsort' [-Werror=implicit-function-declaratio\n            n]\n     168      167 |  qsort(arr->array, arr->length, sizeof(arr->array[0]), comp\n            ar);\n     169          |  ^~~~~\n     170    /var/tmp/koparasy/spack-stage/spack-stage-json-c-0.15-htcooavb3jkkq",
    "ar);\n     169          |  ^~~~~\n     170    /var/tmp/koparasy/spack-stage/spack-stage-json-c-0.15-htcooavb3jkkq\n            bmogn3vtnh6chqjmick/spack-src/arraylist.c: In function 'array_list_\n            bsearch':\n  >> 171    /var/tmp/koparasy/spack-stage/spack-stage-json-c-0.15-htcooavb3jkkq\nbmogn3vtnh6chqjmick/spack-src/arraylist.c:173:9: error: implicit de\n            claration of function 'bsearch' [-Werror=implicit-function-declarat\n            ion]\n     172      173 |  return bsearch(key, arr->array, arr->length, sizeof(arr->a\n            rray[0]), compar);\n     173          |         ^~~~~~~\n  >> 174    /var/tmp/koparasy/spack-stage/spack-stage-json-c-0.15-htcooavb3jkkq",
    "claration of function 'bsearch' [-Werror=implicit-function-declarat\n            ion]\n     172      173 |  return bsearch(key, arr->array, arr->length, sizeof(arr->a\n            rray[0]), compar);\n     173          |         ^~~~~~~\n  >> 174    /var/tmp/koparasy/spack-stage/spack-stage-json-c-0.15-htcooavb3jkkq\nbmogn3vtnh6chqjmick/spack-src/arraylist.c:173:9: error: returning '\n            int' from a function with return type 'void *' makes pointer from i\n            nteger without a cast [-Werror=int-conversion]\n     175      173 |  return bsearch(key, arr->array, arr->length, sizeof(arr->a\n            rray[0]), compar);\n     176          |         ^~~~~~~~~~~~~~~~~~~~~~~~~~~~~~~~~~~~~~~~~~~~~~~~~~~\n            ~~~~~~~~~~~~~~~~~",
    "176          |         ^~~~~~~~~~~~~~~~~~~~~~~~~~~~~~~~~~~~~~~~~~~~~~~~~~~\n            ~~~~~~~~~~~~~~~~~\n     177    /var/tmp/koparasy/spack-stage/spack-stage-json-c-0.15-htcooavb3jkkq\n            bmogn3vtnh6chqjmick/spack-src/arraylist.c: In function 'array_list_\n            del_idx':\n  >> 178    /var/tmp/koparasy/spack-stage/spack-stage-json-c-0.15-htcooavb3jkkq\nbmogn3vtnh6chqjmick/spack-src/arraylist.c:198:2: error: implicit de\n            claration of function 'memmove' [-Werror=implicit-function-declarat\n            ion]\n     179      198 |  memmove(arr->array + idx, arr->array + stop, (arr->length\n            - stop) * sizeof(void *));\n     180          |  ^~~~~~~\n  >> 181    /var/tmp/koparasy/spack-stage/spack-stage-json-c-0.15-htcooavb3jkkq",
    "claration of function 'memmove' [-Werror=implicit-function-declarat\n            ion]\n     179      198 |  memmove(arr->array + idx, arr->array + stop, (arr->length\n            - stop) * sizeof(void *));\n     180          |  ^~~~~~~\n  >> 181    /var/tmp/koparasy/spack-stage/spack-stage-json-c-0.15-htcooavb3jkkq\nbmogn3vtnh6chqjmick/spack-src/arraylist.c:198:2: error: incompatibl\n            e implicit declaration of built-in function 'memmove' [-Werror]\n     182    /var/tmp/koparasy/spack-stage/spack-stage-json-c-0.15-htcooavb3jkkq\n            bmogn3vtnh6chqjmick/spack-src/arraylist.c:198:2: note: include '<st\n            ring.h>' or provide a declaration of 'memmove'\n     183    cc1: all warnings being treated as errors\n  >> 184    make[2]: *** [CMakeFiles/json-c.dir/arraylist.c.o] Error 1",
    "bmogn3vtnh6chqjmick/spack-src/arraylist.c:198:2: error: incompatibl\n            e implicit declaration of built-in function 'memmove' [-Werror]\n     182    /var/tmp/koparasy/spack-stage/spack-stage-json-c-0.15-htcooavb3jkkq\n            bmogn3vtnh6chqjmick/spack-src/arraylist.c:198:2: note: include '<st\n            ring.h>' or provide a declaration of 'memmove'\n     183    cc1: all warnings being treated as errors\n>> 184    make[2]: *** [CMakeFiles/json-c.dir/arraylist.c.o] Error 1\n     185    make[2]: Leaving directory `/tmp/koparasy/spack-stage/spack-stage-j\n            son-c-0.15-htcooavb3jkkqbmogn3vtnh6chqjmick/spack-build-htcooav'\n  >> 186    make[1]: *** [CMakeFiles/json-c.dir/all] Error 2\n     187    make[1]: Leaving directory `/tmp/koparasy/spack-stage/spack-stage-j\n            son-c-0.15-htcooavb3jkkqbmogn3vtnh6chqjmick/spack-build-htcooav'\n  >> 188    make: *** [all] Error 2",
    "bmogn3vtnh6chqjmick/spack-src/arraylist.c:198:2: note: include '<st\n            ring.h>' or provide a declaration of 'memmove'\n     183    cc1: all warnings being treated as errors\n  >> 184    make[2]: *** [CMakeFiles/json-c.dir/arraylist.c.o] Error 1\n     185    make[2]: Leaving directory `/tmp/koparasy/spack-stage/spack-stage-j\n            son-c-0.15-htcooavb3jkkqbmogn3vtnh6chqjmick/spack-build-htcooav'\n>> 186    make[1]: *** [CMakeFiles/json-c.dir/all] Error 2\n     187    make[1]: Leaving directory `/tmp/koparasy/spack-stage/spack-stage-j\n            son-c-0.15-htcooavb3jkkqbmogn3vtnh6chqjmick/spack-build-htcooav'\n  >> 188    make: *** [all] Error 2\n\nSee build log for details:\n  /var/tmp/koparasy/spack-stage/spack-stage-json-c-0.15-htcooavb3jkkqbmogn3vtnh6chqjmick/spack-build-out.txt",
    ">> 184    make[2]: *** [CMakeFiles/json-c.dir/arraylist.c.o] Error 1\n     185    make[2]: Leaving directory `/tmp/koparasy/spack-stage/spack-stage-j\n            son-c-0.15-htcooavb3jkkqbmogn3vtnh6chqjmick/spack-build-htcooav'\n  >> 186    make[1]: *** [CMakeFiles/json-c.dir/all] Error 2\n     187    make[1]: Leaving directory `/tmp/koparasy/spack-stage/spack-stage-j\n            son-c-0.15-htcooavb3jkkqbmogn3vtnh6chqjmick/spack-build-htcooav'\n>> 188    make: *** [all] Error 2\n\nSee build log for details:\n  /var/tmp/koparasy/spack-stage/spack-stage-json-c-0.15-htcooavb3jkkqbmogn3vtnh6chqjmick/spack-build-out.txt\n\nTraceback (most recent call last):\n  File \"/p/vast1/koparasy/BUILD/head/spack/lib/spack/spack/build_environment.py\", line 1035, in _setup_pkg_and_run"
]