[
    "-o CMakeFiles/ascent_mpi.dir/utils/ascent_web_interface.cpp.o -c /\n            tmp/koparasy/spack-stage/spack-stage-ascent-develop-xlt7veqizn646kw\n            5milxpjqqio4dhlra/spack-src/src/ascent/utils/ascent_web_interface.c\n            pp\n  >> 796    /tmp/koparasy/spack-stage/spack-stage-ascent-develop-xlt7veqizn646k\n            w5milxpjqqio4dhlra/spack-src/src/ascent/runtimes/flow_filters/ascen\nt_runtime_vtkh_filters.cpp:99:10: fatal error: vtkh/filters/Particl\n            eAdvection.hpp: No such file or directory\n     797     #include <vtkh/filters/ParticleAdvection.hpp>\n     798              ^~~~~~~~~~~~~~~~~~~~~~~~~~~~~~~~~~~~\n     799    compilation terminated.\n  >> 800    make[2]: *** [ascent/CMakeFiles/ascent.dir/runtimes/flow_filters/as\n            cent_runtime_vtkh_filters.cpp.o] Error 1",
    "tmp/koparasy/spack-stage/spack-stage-ascent-develop-xlt7veqizn646kw\n            5milxpjqqio4dhlra/spack-src/src/ascent/utils/ascent_web_interface.c\n            pp\n  >> 796    /tmp/koparasy/spack-stage/spack-stage-ascent-develop-xlt7veqizn646k\n            w5milxpjqqio4dhlra/spack-src/src/ascent/runtimes/flow_filters/ascen\n            t_runtime_vtkh_filters.cpp:99:10: fatal error: vtkh/filters/Particl\neAdvection.hpp: No such file or directory\n     797     #include <vtkh/filters/ParticleAdvection.hpp>\n     798              ^~~~~~~~~~~~~~~~~~~~~~~~~~~~~~~~~~~~\n     799    compilation terminated.\n  >> 800    make[2]: *** [ascent/CMakeFiles/ascent.dir/runtimes/flow_filters/as\n            cent_runtime_vtkh_filters.cpp.o] Error 1\n     801    make[2]: *** Waiting for unfinished jobs....",
    "-o CMakeFiles/ascent_mpi.dir/runtimes/flow_filters/ascent_runtime_\n            vtkh_filters.cpp.o -c /tmp/koparasy/spack-stage/spack-stage-ascent-\n            develop-xlt7veqizn646kw5milxpjqqio4dhlra/spack-src/src/ascent/runti\n            mes/flow_filters/ascent_runtime_vtkh_filters.cpp\n  >> 814    /tmp/koparasy/spack-stage/spack-stage-ascent-develop-xlt7veqizn646k\n            w5milxpjqqio4dhlra/spack-src/src/ascent/runtimes/flow_filters/ascen\nt_runtime_vtkh_filters.cpp:99:10: fatal error: vtkh/filters/Particl\n            eAdvection.hpp: No such file or directory\n     815     #include <vtkh/filters/ParticleAdvection.hpp>\n     816              ^~~~~~~~~~~~~~~~~~~~~~~~~~~~~~~~~~~~\n     817    compilation terminated.\n  >> 818    make[2]: *** [ascent/CMakeFiles/ascent_mpi.dir/runtimes/flow_filter\n            s/ascent_runtime_vtkh_filters.cpp.o] Error 1",
    "vtkh_filters.cpp.o -c /tmp/koparasy/spack-stage/spack-stage-ascent-\n            develop-xlt7veqizn646kw5milxpjqqio4dhlra/spack-src/src/ascent/runti\n            mes/flow_filters/ascent_runtime_vtkh_filters.cpp\n  >> 814    /tmp/koparasy/spack-stage/spack-stage-ascent-develop-xlt7veqizn646k\n            w5milxpjqqio4dhlra/spack-src/src/ascent/runtimes/flow_filters/ascen\n            t_runtime_vtkh_filters.cpp:99:10: fatal error: vtkh/filters/Particl\neAdvection.hpp: No such file or directory\n     815     #include <vtkh/filters/ParticleAdvection.hpp>\n     816              ^~~~~~~~~~~~~~~~~~~~~~~~~~~~~~~~~~~~\n     817    compilation terminated.\n  >> 818    make[2]: *** [ascent/CMakeFiles/ascent_mpi.dir/runtimes/flow_filter\n            s/ascent_runtime_vtkh_filters.cpp.o] Error 1\n     819    make[2]: *** Waiting for unfinished jobs....",
    "817    compilation terminated.\n  >> 818    make[2]: *** [ascent/CMakeFiles/ascent_mpi.dir/runtimes/flow_filter\n            s/ascent_runtime_vtkh_filters.cpp.o] Error 1\n     819    make[2]: *** Waiting for unfinished jobs....\n     820    make[2]: Leaving directory `/tmp/koparasy/spack-stage/spack-stage-a\n            scent-develop-xlt7veqizn646kw5milxpjqqio4dhlra/spack-build-xlt7veq'\n>> 821    make[1]: *** [ascent/CMakeFiles/ascent.dir/all] Error 2\n     822    make[1]: *** Waiting for unfinished jobs....\n     823    make[2]: Leaving directory `/tmp/koparasy/spack-stage/spack-stage-a\n            scent-develop-xlt7veqizn646kw5milxpjqqio4dhlra/spack-build-xlt7veq'\n  >> 824    make[1]: *** [ascent/CMakeFiles/ascent_mpi.dir/all] Error 2\n     825    make[1]: Leaving directory `/tmp/koparasy/spack-stage/spack-stage-a\n            scent-develop-xlt7veqizn646kw5milxpjqqio4dhlra/spack-build-xlt7veq'",
    "820    make[2]: Leaving directory `/tmp/koparasy/spack-stage/spack-stage-a\n            scent-develop-xlt7veqizn646kw5milxpjqqio4dhlra/spack-build-xlt7veq'\n  >> 821    make[1]: *** [ascent/CMakeFiles/ascent.dir/all] Error 2\n     822    make[1]: *** Waiting for unfinished jobs....\n     823    make[2]: Leaving directory `/tmp/koparasy/spack-stage/spack-stage-a\n            scent-develop-xlt7veqizn646kw5milxpjqqio4dhlra/spack-build-xlt7veq'\n>> 824    make[1]: *** [ascent/CMakeFiles/ascent_mpi.dir/all] Error 2\n     825    make[1]: Leaving directory `/tmp/koparasy/spack-stage/spack-stage-a\n            scent-develop-xlt7veqizn646kw5milxpjqqio4dhlra/spack-build-xlt7veq'\n  >> 826    make: *** [all] Error 2\n\nSee build log for details:\n  /var/tmp/koparasy/spack-stage/spack-stage-ascent-develop-xlt7veqizn646kw5milxpjqqio4dhlra/spack-build-out.txt",
    "822    make[1]: *** Waiting for unfinished jobs....\n     823    make[2]: Leaving directory `/tmp/koparasy/spack-stage/spack-stage-a\n            scent-develop-xlt7veqizn646kw5milxpjqqio4dhlra/spack-build-xlt7veq'\n  >> 824    make[1]: *** [ascent/CMakeFiles/ascent_mpi.dir/all] Error 2\n     825    make[1]: Leaving directory `/tmp/koparasy/spack-stage/spack-stage-a\n            scent-develop-xlt7veqizn646kw5milxpjqqio4dhlra/spack-build-xlt7veq'\n>> 826    make: *** [all] Error 2\n\nSee build log for details:\n  /var/tmp/koparasy/spack-stage/spack-stage-ascent-develop-xlt7veqizn646kw5milxpjqqio4dhlra/spack-build-out.txt\n\nTraceback (most recent call last):\n  File \"/p/vast1/koparasy/BUILD/spack/lib/spack/spack/build_environment.py\", line 1035, in _setup_pkg_and_run"
]