[
    "405\n     406    Current thread 0x00002aaaaab16940 (most recent call first):\n     407    /bin/sh: line 1:  3978 Aborted                 (core dumped) /usr/t\n            ce/bin/python3 /tmp/koparasy/spack-stage/spack-stage-phist-1.7.5-qv\n            dqe3gqmrvj2pkblldxzgvleucwyleq/spack-build-qvdqe3g/cxx_bindings/mak\n            e_cxx_bindings.py\n>> 408    make[2]: *** [cxx_bindings/phist_kernels.hpp] Error 134\n     409    make[2]: Leaving directory `/tmp/koparasy/spack-stage/spack-stage-p\n            hist-1.7.5-qvdqe3gqmrvj2pkblldxzgvleucwyleq/spack-build-qvdqe3g'\n  >> 410    make[1]: *** [cxx_bindings/CMakeFiles/cxx_headers.dir/all] Error 2\n     411    make[1]: Leaving directory `/tmp/koparasy/spack-stage/spack-stage-p\n            hist-1.7.5-qvdqe3gqmrvj2pkblldxzgvleucwyleq/spack-build-qvdqe3g'\n  >> 412    make: *** [all] Error 2",
    "ce/bin/python3 /tmp/koparasy/spack-stage/spack-stage-phist-1.7.5-qv\n            dqe3gqmrvj2pkblldxzgvleucwyleq/spack-build-qvdqe3g/cxx_bindings/mak\n            e_cxx_bindings.py\n  >> 408    make[2]: *** [cxx_bindings/phist_kernels.hpp] Error 134\n     409    make[2]: Leaving directory `/tmp/koparasy/spack-stage/spack-stage-p\n            hist-1.7.5-qvdqe3gqmrvj2pkblldxzgvleucwyleq/spack-build-qvdqe3g'\n>> 410    make[1]: *** [cxx_bindings/CMakeFiles/cxx_headers.dir/all] Error 2\n     411    make[1]: Leaving directory `/tmp/koparasy/spack-stage/spack-stage-p\n            hist-1.7.5-qvdqe3gqmrvj2pkblldxzgvleucwyleq/spack-build-qvdqe3g'\n  >> 412    make: *** [all] Error 2\n\nSee build log for details:\n  /var/tmp/koparasy/spack-stage/spack-stage-phist-1.7.5-qvdqe3gqmrvj2pkblldxzgvleucwyleq/spack-build-out.txt",
    ">> 408    make[2]: *** [cxx_bindings/phist_kernels.hpp] Error 134\n     409    make[2]: Leaving directory `/tmp/koparasy/spack-stage/spack-stage-p\n            hist-1.7.5-qvdqe3gqmrvj2pkblldxzgvleucwyleq/spack-build-qvdqe3g'\n  >> 410    make[1]: *** [cxx_bindings/CMakeFiles/cxx_headers.dir/all] Error 2\n     411    make[1]: Leaving directory `/tmp/koparasy/spack-stage/spack-stage-p\n            hist-1.7.5-qvdqe3gqmrvj2pkblldxzgvleucwyleq/spack-build-qvdqe3g'\n>> 412    make: *** [all] Error 2\n\nSee build log for details:\n  /var/tmp/koparasy/spack-stage/spack-stage-phist-1.7.5-qvdqe3gqmrvj2pkblldxzgvleucwyleq/spack-build-out.txt\n\nTraceback (most recent call last):\n  File \"/p/vast1/koparasy/BUILD/head/spack/lib/spack/spack/build_environment.py\", line 1035, in _setup_pkg_and_run"
]