[
    "-nih4aakkdprcoj6mnrftzzwwntuyj6zx/spack-src/lib      -g -O2 -MT mb\n             scasecmp.o -MD -MP -MF $depbase.Tpo -c -o mbscasecmp.o /var/tmp/ko\n             parasy/spack-stage/spack-stage-diffutils-3.8-nih4aakkdprcoj6mnrftz\n             zwwntuyj6zx/spack-src/lib/mbscasecmp.c &&\\\n     1759    mv -f $depbase.Tpo $depbase.Po\n  >> 1760    /var/tmp/koparasy/spack-stage/spack-stage-diffutils-3.8-nih4aakkdp\nrcoj6mnrftzzwwntuyj6zx/spack-src/lib/malloca.c(52): error: argumen\n             t is incompatible with formal parameter\n     1761        if (!INT_ADD_WRAPV (n, plus, &nplus) && !xalloc_oversized (npl\n             us, 1))\n     1762             ^\n     1763\n     1764    compilation aborted for /var/tmp/koparasy/spack-stage/spack-stage-",
    "us, 1))\n     1762             ^\n     1763\n     1764    compilation aborted for /var/tmp/koparasy/spack-stage/spack-stage-\n             diffutils-3.8-nih4aakkdprcoj6mnrftzzwwntuyj6zx/spack-src/lib/mallo\n             ca.c (code 2)\n>> 1765    make[2]: *** [malloca.o] Error 2\n     1766    make[2]: *** Waiting for unfinished jobs....\n     1767    make[2]: Leaving directory `/tmp/koparasy/spack-stage/spack-stage-\n             diffutils-3.8-nih4aakkdprcoj6mnrftzzwwntuyj6zx/spack-src/spack-bui\n             ld/lib'\n  >> 1768    make[1]: *** [all] Error 2\n     1769    make[1]: Leaving directory `/tmp/koparasy/spack-stage/spack-stage-",
    "ca.c (code 2)\n  >> 1765    make[2]: *** [malloca.o] Error 2\n     1766    make[2]: *** Waiting for unfinished jobs....\n     1767    make[2]: Leaving directory `/tmp/koparasy/spack-stage/spack-stage-\n             diffutils-3.8-nih4aakkdprcoj6mnrftzzwwntuyj6zx/spack-src/spack-bui\n             ld/lib'\n>> 1768    make[1]: *** [all] Error 2\n     1769    make[1]: Leaving directory `/tmp/koparasy/spack-stage/spack-stage-\n             diffutils-3.8-nih4aakkdprcoj6mnrftzzwwntuyj6zx/spack-src/spack-bui\n             ld/lib'\n  >> 1770    make: *** [all-recursive] Error 1\n\nSee build log for details:",
    "diffutils-3.8-nih4aakkdprcoj6mnrftzzwwntuyj6zx/spack-src/spack-bui\n             ld/lib'\n  >> 1768    make[1]: *** [all] Error 2\n     1769    make[1]: Leaving directory `/tmp/koparasy/spack-stage/spack-stage-\n             diffutils-3.8-nih4aakkdprcoj6mnrftzzwwntuyj6zx/spack-src/spack-bui\n             ld/lib'\n>> 1770    make: *** [all-recursive] Error 1\n\nSee build log for details:\n  /var/tmp/koparasy/spack-stage/spack-stage-diffutils-3.8-nih4aakkdprcoj6mnrftzzwwntuyj6zx/spack-build-out.txt\n\nTraceback (most recent call last):\n  File \"/p/vast1/koparasy/BUILD/head/spack/lib/spack/spack/build_environment.py\", line 1035, in _setup_pkg_and_run"
]