[
    "i/spack-src/src/variorum/Intel/clocks_features.c\n     104    In file included from /tmp/koparasy/spack-stage/spack-stage-varioru\n            m-0.2.0-xcwavxna2cmawxa4dvwvwtuc7h3jur4i/spack-src/src/variorum/Nvi\n            dia/Volta.c:12:\n  >> 105    /tmp/koparasy/spack-stage/spack-stage-variorum-0.2.0-xcwavxna2cmawx\n            a4dvwvwtuc7h3jur4i/spack-src/src/variorum/Nvidia/power_features.h:1\n2:10: fatal error: nvml.h: No such file or directory\n     106       12 | #include <nvml.h>\n     107          |          ^~~~~~~~\n     108    compilation terminated.\n  >> 109    make[2]: *** [variorum/Nvidia/CMakeFiles/variorum_nvidia.dir/Volta.\n            c.o] Error 1\n     110    make[2]: Leaving directory `/tmp/koparasy/spack-stage/spack-stage-v",
    "/spack-src/src/variorum/Intel/variorum_cpuid.c\n     146    make[2]: Leaving directory `/tmp/koparasy/spack-stage/spack-stage-v\n            ariorum-0.2.0-xcwavxna2cmawxa4dvwvwtuc7h3jur4i/spack-build-xcwavxn'\n     147    [ 18%] Built target variorum_intel\n     148    make[1]: Leaving directory `/tmp/koparasy/spack-stage/spack-stage-v\n            ariorum-0.2.0-xcwavxna2cmawxa4dvwvwtuc7h3jur4i/spack-build-xcwavxn'\n>> 149    make: *** [all] Error 2\n\nSee build log for details:\n  /var/tmp/koparasy/spack-stage/spack-stage-variorum-0.2.0-xcwavxna2cmawxa4dvwvwtuc7h3jur4i/spack-build-out.txt\n\nTraceback (most recent call last):\n  File \"/p/vast1/koparasy/BUILD/head/spack/lib/spack/spack/build_environment.py\", line 1035, in _setup_pkg_and_run"
]