[
    "antiation of 'Omega_h::promoted_t<T> Omega_h::get_sum(Omega_h::Read\n            <T>) [with T = signed char; Omega_h::promoted_t<T> = int]':\n     199    /var/tmp/koparasy/spack-stage/spack-stage-omega-h-9.27.0-2ldwr6v4sl\n            iooc53bqwdedtoqzyf5iab/spack-src/src/Omega_h_array_ops.cpp:610:1:\n             required from here\n  >> 200    /var/tmp/koparasy/spack-stage/spack-stage-omega-h-9.27.0-2ldwr6v4sl\niooc53bqwdedtoqzyf5iab/spack-src/src/Omega_h_macros.h:45:29: error:\n             base operand of '->' has non-pointer type 'Omega_h::get_sum(Omega_\n            h::Read<T>) [with T = signed char; Omega_h::promoted_t<T> = int]::<\n            lambda(signed char)>'\n     201       45 | #define OMEGA_H_LAMBDA(...) [=](__VA_ARGS__) __attribute__(\n            (always_inline, flatten))\n     202          |                             ^",
    "antiation of 'Omega_h::LO Omega_h::find_last(Omega_h::Read<T>, T) [\n            with T = signed char; Omega_h::LO = int]':\n     207    /var/tmp/koparasy/spack-stage/spack-stage-omega-h-9.27.0-2ldwr6v4sl\n            iooc53bqwdedtoqzyf5iab/spack-src/src/Omega_h_array_ops.cpp:610:1:\n             required from here\n  >> 208    /var/tmp/koparasy/spack-stage/spack-stage-omega-h-9.27.0-2ldwr6v4sl\niooc53bqwdedtoqzyf5iab/spack-src/src/Omega_h_macros.h:45:29: error:\n             base operand of '->' has non-pointer type 'Omega_h::find_last(Omeg\n            a_h::Read<T>, T) [with T = signed char; Omega_h::LO = int]::<lambda\n            (Omega_h::LO)>'\n     209       45 | #define OMEGA_H_LAMBDA(...) [=](__VA_ARGS__) __attribute__(\n            (always_inline, flatten))\n     210          |                             ^",
    "antiation of 'Omega_h::promoted_t<T> Omega_h::get_sum(Omega_h::Read\n            <T>) [with T = int; Omega_h::promoted_t<T> = int]':\n     215    /var/tmp/koparasy/spack-stage/spack-stage-omega-h-9.27.0-2ldwr6v4sl\n            iooc53bqwdedtoqzyf5iab/spack-src/src/Omega_h_array_ops.cpp:611:1:\n             required from here\n  >> 216    /var/tmp/koparasy/spack-stage/spack-stage-omega-h-9.27.0-2ldwr6v4sl\niooc53bqwdedtoqzyf5iab/spack-src/src/Omega_h_macros.h:45:29: error:\n             base operand of '->' has non-pointer type 'Omega_h::get_sum(Omega_\n            h::Read<T>) [with T = int; Omega_h::promoted_t<T> = int]::<lambda(i\n            nt)>'\n     217       45 | #define OMEGA_H_LAMBDA(...) [=](__VA_ARGS__) __attribute__(\n            (always_inline, flatten))\n     218          |                             ^",
    "antiation of 'Omega_h::LO Omega_h::find_last(Omega_h::Read<T>, T) [\n            with T = int; Omega_h::LO = int]':\n     223    /var/tmp/koparasy/spack-stage/spack-stage-omega-h-9.27.0-2ldwr6v4sl\n            iooc53bqwdedtoqzyf5iab/spack-src/src/Omega_h_array_ops.cpp:611:1:\n             required from here\n  >> 224    /var/tmp/koparasy/spack-stage/spack-stage-omega-h-9.27.0-2ldwr6v4sl\niooc53bqwdedtoqzyf5iab/spack-src/src/Omega_h_macros.h:45:29: error:\n             base operand of '->' has non-pointer type 'Omega_h::find_last(Omeg\n            a_h::Read<T>, T) [with T = int; Omega_h::LO = int]::<lambda(Omega_h\n            ::LO)>'\n     225       45 | #define OMEGA_H_LAMBDA(...) [=](__VA_ARGS__) __attribute__(\n            (always_inline, flatten))\n     226          |                             ^",
    "antiation of 'Omega_h::promoted_t<T> Omega_h::get_sum(Omega_h::Read\n            <T>) [with T = long int; Omega_h::promoted_t<T> = long int]':\n     231    /var/tmp/koparasy/spack-stage/spack-stage-omega-h-9.27.0-2ldwr6v4sl\n            iooc53bqwdedtoqzyf5iab/spack-src/src/Omega_h_array_ops.cpp:612:1:\n             required from here\n  >> 232    /var/tmp/koparasy/spack-stage/spack-stage-omega-h-9.27.0-2ldwr6v4sl\niooc53bqwdedtoqzyf5iab/spack-src/src/Omega_h_macros.h:45:29: error:\n             base operand of '->' has non-pointer type 'Omega_h::get_sum(Omega_\n            h::Read<T>) [with T = long int; Omega_h::promoted_t<T> = long int]:\n            :<lambda(long int)>'\n     233       45 | #define OMEGA_H_LAMBDA(...) [=](__VA_ARGS__) __attribute__(\n            (always_inline, flatten))\n     234          |                             ^",
    "antiation of 'Omega_h::LO Omega_h::find_last(Omega_h::Read<T>, T) [\n            with T = long int; Omega_h::LO = int]':\n     239    /var/tmp/koparasy/spack-stage/spack-stage-omega-h-9.27.0-2ldwr6v4sl\n            iooc53bqwdedtoqzyf5iab/spack-src/src/Omega_h_array_ops.cpp:612:1:\n             required from here\n  >> 240    /var/tmp/koparasy/spack-stage/spack-stage-omega-h-9.27.0-2ldwr6v4sl\niooc53bqwdedtoqzyf5iab/spack-src/src/Omega_h_macros.h:45:29: error:\n             base operand of '->' has non-pointer type 'Omega_h::find_last(Omeg\n            a_h::Read<T>, T) [with T = long int; Omega_h::LO = int]::<lambda(Om\n            ega_h::LO)>'\n     241       45 | #define OMEGA_H_LAMBDA(...) [=](__VA_ARGS__) __attribute__(\n            (always_inline, flatten))\n     242          |                             ^",
    "antiation of 'Omega_h::promoted_t<T> Omega_h::get_sum(Omega_h::Read\n            <T>) [with T = double; Omega_h::promoted_t<T> = double]':\n     247    /var/tmp/koparasy/spack-stage/spack-stage-omega-h-9.27.0-2ldwr6v4sl\n            iooc53bqwdedtoqzyf5iab/spack-src/src/Omega_h_array_ops.cpp:613:1:\n             required from here\n  >> 248    /var/tmp/koparasy/spack-stage/spack-stage-omega-h-9.27.0-2ldwr6v4sl\niooc53bqwdedtoqzyf5iab/spack-src/src/Omega_h_macros.h:45:29: error:\n             base operand of '->' has non-pointer type 'Omega_h::get_sum(Omega_\n            h::Read<T>) [with T = double; Omega_h::promoted_t<T> = double]::<la\n            mbda(double)>'\n     249       45 | #define OMEGA_H_LAMBDA(...) [=](__VA_ARGS__) __attribute__(\n            (always_inline, flatten))\n     250          |                             ^",
    "antiation of 'Omega_h::LO Omega_h::find_last(Omega_h::Read<T>, T) [\n            with T = double; Omega_h::LO = int]':\n     255    /var/tmp/koparasy/spack-stage/spack-stage-omega-h-9.27.0-2ldwr6v4sl\n            iooc53bqwdedtoqzyf5iab/spack-src/src/Omega_h_array_ops.cpp:613:1:\n             required from here\n  >> 256    /var/tmp/koparasy/spack-stage/spack-stage-omega-h-9.27.0-2ldwr6v4sl\niooc53bqwdedtoqzyf5iab/spack-src/src/Omega_h_macros.h:45:29: error:\n             base operand of '->' has non-pointer type 'Omega_h::find_last(Omeg\n            a_h::Read<T>, T) [with T = double; Omega_h::LO = int]::<lambda(Omeg\n            a_h::LO)>'\n     257       45 | #define OMEGA_H_LAMBDA(...) [=](__VA_ARGS__) __attribute__(\n            (always_inline, flatten))\n     258          |                             ^",
    "293          |              ^~~~\n  >> 294    make[2]: *** [src/CMakeFiles/omega_h.dir/Omega_h_array_ops.cpp.o] E\n            rror 1\n     295    make[2]: *** Waiting for unfinished jobs....\n     296    make[2]: Leaving directory `/tmp/koparasy/spack-stage/spack-stage-o\n            mega-h-9.27.0-2ldwr6v4sliooc53bqwdedtoqzyf5iab/spack-build-2ldwr6v'\n>> 297    make[1]: *** [src/CMakeFiles/omega_h.dir/all] Error 2\n     298    make[1]: Leaving directory `/tmp/koparasy/spack-stage/spack-stage-o\n            mega-h-9.27.0-2ldwr6v4sliooc53bqwdedtoqzyf5iab/spack-build-2ldwr6v'\n  >> 299    make: *** [all] Error 2\n\nSee build log for details:\n  /var/tmp/koparasy/spack-stage/spack-stage-omega-h-9.27.0-2ldwr6v4sliooc53bqwdedtoqzyf5iab/spack-build-out.txt",
    "295    make[2]: *** Waiting for unfinished jobs....\n     296    make[2]: Leaving directory `/tmp/koparasy/spack-stage/spack-stage-o\n            mega-h-9.27.0-2ldwr6v4sliooc53bqwdedtoqzyf5iab/spack-build-2ldwr6v'\n  >> 297    make[1]: *** [src/CMakeFiles/omega_h.dir/all] Error 2\n     298    make[1]: Leaving directory `/tmp/koparasy/spack-stage/spack-stage-o\n            mega-h-9.27.0-2ldwr6v4sliooc53bqwdedtoqzyf5iab/spack-build-2ldwr6v'\n>> 299    make: *** [all] Error 2\n\nSee build log for details:\n  /var/tmp/koparasy/spack-stage/spack-stage-omega-h-9.27.0-2ldwr6v4sliooc53bqwdedtoqzyf5iab/spack-build-out.txt\n\nTraceback (most recent call last):\n  File \"/p/vast1/koparasy/BUILD/head/spack/lib/spack/spack/build_environment.py\", line 1035, in _setup_pkg_and_run"
]