[
    "&& it_b != b.end(); ) {\n     1220              ^~~~\n  >> 1221    make[2]: *** [src/math/lp/CMakeFiles/lp.dir/nex_creator.cpp.o] Err\n             or 1\n     1222    make[2]: Leaving directory `/tmp/koparasy/spack-stage/spack-stage-\n             z3-4.8.8-eyrvfahiuzhemr2bscnxhghj5l57wztq/spack-src/build'\n>> 1223    make[1]: *** [src/math/lp/CMakeFiles/lp.dir/all] Error 2\n     1224    make[1]: *** Waiting for unfinished jobs....\n     1225    [ 48%] Building CXX object src/sat/tactic/CMakeFiles/sat_tactic.di\n             r/sat_tactic.cpp.o\n     1226    cd /tmp/koparasy/spack-stage/spack-stage-z3-4.8.8-eyrvfahiuzhemr2b\n             scnxhghj5l57wztq/spack-src/build/src/sat/tactic && /p/vast1/kopara\n             sy/BUILD/head/spack/lib/spack/env/gcc/g++  -D_EXTERNAL_RELEASE -D_",
    "hemr2bscnxhghj5l57wztq/spack-src/src/tactic/core/collect_occs.cpp\n     1255    make[2]: Leaving directory `/tmp/koparasy/spack-stage/spack-stage-\n             z3-4.8.8-eyrvfahiuzhemr2bscnxhghj5l57wztq/spack-src/build'\n     1256    [ 51%] Built target core_tactics\n     1257    make[1]: Leaving directory `/tmp/koparasy/spack-stage/spack-stage-\n             z3-4.8.8-eyrvfahiuzhemr2bscnxhghj5l57wztq/spack-src/build'\n>> 1258    make: *** [all] Error 2\n\nSee build log for details:\n  /var/tmp/koparasy/spack-stage/spack-stage-z3-4.8.8-eyrvfahiuzhemr2bscnxhghj5l57wztq/spack-build-out.txt\n\nTraceback (most recent call last):\n  File \"/p/vast1/koparasy/BUILD/head/spack/lib/spack/spack/build_environment.py\", line 1035, in _setup_pkg_and_run"
]