[
    ".o -MF CMakeFiles/managed_array_tests.dir/managed_array_tests.cpp.o.\n           d -o CMakeFiles/managed_array_tests.dir/managed_array_tests.cpp.o -c\n            /var/tmp/koparasy/spack-stage/spack-stage-chai-1.0-wtutf5xkm6x54twd\n           5kcwfkkzzglcoh72/spack-src/src/tests/managed_array_tests.cpp\n  >> 69    /var/tmp/koparasy/spack-stage/spack-stage-chai-1.0-wtutf5xkm6x54twd5\n           kcwfkkzzglcoh72/spack-src/src/tests/managed_array_tests.cpp:43:25: f\natal error: gtest/gtest.h: No such file or directory\n     70     #include \"gtest/gtest.h\"\n     71                             ^\n     72    compilation terminated.\n  >> 73    make[2]: *** [src/tests/CMakeFiles/managed_array_tests.dir/managed_a\n           rray_tests.cpp.o] Error 1\n     74    make[2]: Leaving directory `/tmp/koparasy/spack-stage/spack-stage-ch",
    "74    make[2]: Leaving directory `/tmp/koparasy/spack-stage/spack-stage-ch\n           ai-1.0-wtutf5xkm6x54twd5kcwfkkzzglcoh72/spack-build-wtutf5x'\n  >> 75    make[1]: *** [src/tests/CMakeFiles/managed_array_tests.dir/all] Erro\n           r 2\n     76    make[1]: Leaving directory `/tmp/koparasy/spack-stage/spack-stage-ch\n           ai-1.0-wtutf5xkm6x54twd5kcwfkkzzglcoh72/spack-build-wtutf5x'\n>> 77    make: *** [all] Error 2\n\nSee build log for details:\n  /var/tmp/koparasy/spack-stage/spack-stage-chai-1.0-wtutf5xkm6x54twd5kcwfkkzzglcoh72/spack-build-out.txt\n\nTraceback (most recent call last):\n  File \"/p/vast1/koparasy/BUILD/head/spack/lib/spack/spack/build_environment.py\", line 1035, in _setup_pkg_and_run"
]