[
    "ascent_mpi.dir/runtimes/flow_filters/ascent_runtime_vtkh_filters.cp\n            p.o -c /tmp/koparasy/spack-stage/spack-stage-ascent-develop-yrtnzxu\n            goqgpc7d3mznyi2nakka4ikhb/spack-src/src/ascent/runtimes/flow_filter\n            s/ascent_runtime_vtkh_filters.cpp\n  >> 785    /tmp/koparasy/spack-stage/spack-stage-ascent-develop-yrtnzxugoqgpc7\n            d3mznyi2nakka4ikhb/spack-src/src/ascent/runtimes/flow_filters/ascen\nt_runtime_vtkh_filters.cpp:99:10: fatal error: vtkh/filters/Particl\n            eAdvection.hpp: No such file or directory\n     786     #include <vtkh/filters/ParticleAdvection.hpp>\n     787              ^~~~~~~~~~~~~~~~~~~~~~~~~~~~~~~~~~~~\n     788    compilation terminated.\n  >> 789    make[2]: *** [ascent/CMakeFiles/ascent_mpi.dir/runtimes/flow_filter\n            s/ascent_runtime_vtkh_filters.cpp.o] Error 1",
    "p.o -c /tmp/koparasy/spack-stage/spack-stage-ascent-develop-yrtnzxu\n            goqgpc7d3mznyi2nakka4ikhb/spack-src/src/ascent/runtimes/flow_filter\n            s/ascent_runtime_vtkh_filters.cpp\n  >> 785    /tmp/koparasy/spack-stage/spack-stage-ascent-develop-yrtnzxugoqgpc7\n            d3mznyi2nakka4ikhb/spack-src/src/ascent/runtimes/flow_filters/ascen\n            t_runtime_vtkh_filters.cpp:99:10: fatal error: vtkh/filters/Particl\neAdvection.hpp: No such file or directory\n     786     #include <vtkh/filters/ParticleAdvection.hpp>\n     787              ^~~~~~~~~~~~~~~~~~~~~~~~~~~~~~~~~~~~\n     788    compilation terminated.\n  >> 789    make[2]: *** [ascent/CMakeFiles/ascent_mpi.dir/runtimes/flow_filter\n            s/ascent_runtime_vtkh_filters.cpp.o] Error 1\n     790    make[2]: *** Waiting for unfinished jobs....",
    "tkh_filters.cpp.o.d -o CMakeFiles/ascent.dir/runtimes/flow_filters/\n            ascent_runtime_vtkh_filters.cpp.o -c /tmp/koparasy/spack-stage/spac\n            k-stage-ascent-develop-yrtnzxugoqgpc7d3mznyi2nakka4ikhb/spack-src/s\n            rc/ascent/runtimes/flow_filters/ascent_runtime_vtkh_filters.cpp\n  >> 795    /tmp/koparasy/spack-stage/spack-stage-ascent-develop-yrtnzxugoqgpc7\n            d3mznyi2nakka4ikhb/spack-src/src/ascent/runtimes/flow_filters/ascen\nt_runtime_vtkh_filters.cpp:99:10: fatal error: vtkh/filters/Particl\n            eAdvection.hpp: No such file or directory\n     796     #include <vtkh/filters/ParticleAdvection.hpp>\n     797              ^~~~~~~~~~~~~~~~~~~~~~~~~~~~~~~~~~~~\n     798    compilation terminated.\n  >> 799    make[2]: *** [ascent/CMakeFiles/ascent.dir/runtimes/flow_filters/as\n            cent_runtime_vtkh_filters.cpp.o] Error 1",
    "ascent_runtime_vtkh_filters.cpp.o -c /tmp/koparasy/spack-stage/spac\n            k-stage-ascent-develop-yrtnzxugoqgpc7d3mznyi2nakka4ikhb/spack-src/s\n            rc/ascent/runtimes/flow_filters/ascent_runtime_vtkh_filters.cpp\n  >> 795    /tmp/koparasy/spack-stage/spack-stage-ascent-develop-yrtnzxugoqgpc7\n            d3mznyi2nakka4ikhb/spack-src/src/ascent/runtimes/flow_filters/ascen\n            t_runtime_vtkh_filters.cpp:99:10: fatal error: vtkh/filters/Particl\neAdvection.hpp: No such file or directory\n     796     #include <vtkh/filters/ParticleAdvection.hpp>\n     797              ^~~~~~~~~~~~~~~~~~~~~~~~~~~~~~~~~~~~\n     798    compilation terminated.\n  >> 799    make[2]: *** [ascent/CMakeFiles/ascent.dir/runtimes/flow_filters/as\n            cent_runtime_vtkh_filters.cpp.o] Error 1\n     800    make[2]: *** Waiting for unfinished jobs....",
    "798    compilation terminated.\n  >> 799    make[2]: *** [ascent/CMakeFiles/ascent.dir/runtimes/flow_filters/as\n            cent_runtime_vtkh_filters.cpp.o] Error 1\n     800    make[2]: *** Waiting for unfinished jobs....\n     801    make[2]: Leaving directory `/tmp/koparasy/spack-stage/spack-stage-a\n            scent-develop-yrtnzxugoqgpc7d3mznyi2nakka4ikhb/spack-build-yrtnzxu'\n>> 802    make[1]: *** [ascent/CMakeFiles/ascent_mpi.dir/all] Error 2\n     803    make[1]: *** Waiting for unfinished jobs....\n     804    make[2]: Leaving directory `/tmp/koparasy/spack-stage/spack-stage-a\n            scent-develop-yrtnzxugoqgpc7d3mznyi2nakka4ikhb/spack-build-yrtnzxu'\n  >> 805    make[1]: *** [ascent/CMakeFiles/ascent.dir/all] Error 2\n     806    make[1]: Leaving directory `/tmp/koparasy/spack-stage/spack-stage-a\n            scent-develop-yrtnzxugoqgpc7d3mznyi2nakka4ikhb/spack-build-yrtnzxu'",
    "801    make[2]: Leaving directory `/tmp/koparasy/spack-stage/spack-stage-a\n            scent-develop-yrtnzxugoqgpc7d3mznyi2nakka4ikhb/spack-build-yrtnzxu'\n  >> 802    make[1]: *** [ascent/CMakeFiles/ascent_mpi.dir/all] Error 2\n     803    make[1]: *** Waiting for unfinished jobs....\n     804    make[2]: Leaving directory `/tmp/koparasy/spack-stage/spack-stage-a\n            scent-develop-yrtnzxugoqgpc7d3mznyi2nakka4ikhb/spack-build-yrtnzxu'\n>> 805    make[1]: *** [ascent/CMakeFiles/ascent.dir/all] Error 2\n     806    make[1]: Leaving directory `/tmp/koparasy/spack-stage/spack-stage-a\n            scent-develop-yrtnzxugoqgpc7d3mznyi2nakka4ikhb/spack-build-yrtnzxu'\n  >> 807    make: *** [all] Error 2\n\nSee build log for details:\n  /var/tmp/koparasy/spack-stage/spack-stage-ascent-develop-yrtnzxugoqgpc7d3mznyi2nakka4ikhb/spack-build-out.txt",
    "803    make[1]: *** Waiting for unfinished jobs....\n     804    make[2]: Leaving directory `/tmp/koparasy/spack-stage/spack-stage-a\n            scent-develop-yrtnzxugoqgpc7d3mznyi2nakka4ikhb/spack-build-yrtnzxu'\n  >> 805    make[1]: *** [ascent/CMakeFiles/ascent.dir/all] Error 2\n     806    make[1]: Leaving directory `/tmp/koparasy/spack-stage/spack-stage-a\n            scent-develop-yrtnzxugoqgpc7d3mznyi2nakka4ikhb/spack-build-yrtnzxu'\n>> 807    make: *** [all] Error 2\n\nSee build log for details:\n  /var/tmp/koparasy/spack-stage/spack-stage-ascent-develop-yrtnzxugoqgpc7d3mznyi2nakka4ikhb/spack-build-out.txt\n\nTraceback (most recent call last):\n  File \"/p/vast1/koparasy/BUILD/spack/lib/spack/spack/build_environment.py\", line 1035, in _setup_pkg_and_run"
]