[
    "2ts2dx/spack-src/src/variorum/Intel/clocks_features.c\n     98     In file included from /tmp/koparasy/spack-stage/spack-stage-varioru\n            m-0.2.0-e53x54auk53it7m37chjogaq2n2ts2dx/spack-src/src/variorum/Nvi\n            dia/Volta.c:12:\n  >> 99     /tmp/koparasy/spack-stage/spack-stage-variorum-0.2.0-e53x54auk53it7\n            m37chjogaq2n2ts2dx/spack-src/src/variorum/Nvidia/power_features.h:1\n2:10: fatal error: nvml.h: No such file or directory\n     100       12 | #include <nvml.h>\n     101          |          ^~~~~~~~\n     102    compilation terminated.\n     103    /tmp/koparasy/spack-stage/spack-stage-variorum-0.2.0-e53x54auk53it7\n            m37chjogaq2n2ts2dx/spack-src/src/variorum/IBM/ibm_sensors.c: In fun\n            ction 'print_power_sensors':",
    "ts2dx/spack-src/src/variorum/Intel/variorum_cpuid.c\n     140    make[2]: Leaving directory `/tmp/koparasy/spack-stage/spack-stage-v\n            ariorum-0.2.0-e53x54auk53it7m37chjogaq2n2ts2dx/spack-build-e53x54a'\n     141    [ 18%] Built target variorum_intel\n     142    make[1]: Leaving directory `/tmp/koparasy/spack-stage/spack-stage-v\n            ariorum-0.2.0-e53x54auk53it7m37chjogaq2n2ts2dx/spack-build-e53x54a'\n>> 143    make: *** [all] Error 2\n\nSee build log for details:\n  /var/tmp/koparasy/spack-stage/spack-stage-variorum-0.2.0-e53x54auk53it7m37chjogaq2n2ts2dx/spack-build-out.txt\n\nTraceback (most recent call last):\n  File \"/p/vast1/koparasy/BUILD/head/spack/lib/spack/spack/build_environment.py\", line 1035, in _setup_pkg_and_run"
]