[
    "-c /var/tmp/koparasy/spack-stage/spack-stage-json-c-0.15-htcooavb3j\n            kkqbmogn3vtnh6chqjmick/spack-src/json_object.c\n     119    /var/tmp/koparasy/spack-stage/spack-stage-json-c-0.15-htcooavb3jkkq\n            bmogn3vtnh6chqjmick/spack-src/json_object.c: In function '_json_obj\n            ect_new_string':\n  >> 120    /var/tmp/koparasy/spack-stage/spack-stage-json-c-0.15-htcooavb3jkkq\nbmogn3vtnh6chqjmick/spack-src/json_object.c:46:21: error: 'LONG_MAX\n            ' undeclared (first use in this function)\n     121       46 | #define SSIZE_T_MAX LONG_MAX\n     122          |                     ^~~~~~~~\n     123    /var/tmp/koparasy/spack-stage/spack-stage-json-c-0.15-htcooavb3jkkq\n            bmogn3vtnh6chqjmick/spack-src/json_object.c:1269:13: note: in expan\n            sion of macro 'SSIZE_T_MAX'",
    "ing)) - 1))\n     135          |             ^~~~~~~~~~~\n     136    /var/tmp/koparasy/spack-stage/spack-stage-json-c-0.15-htcooavb3jkkq\n            bmogn3vtnh6chqjmick/spack-src/json_object.c: In function '_json_obj\n            ect_set_string_len':\n  >> 137    /var/tmp/koparasy/spack-stage/spack-stage-json-c-0.15-htcooavb3jkkq\nbmogn3vtnh6chqjmick/spack-src/json_object.c:46:21: error: 'LONG_MAX\n            ' undeclared (first use in this function)\n     138       46 | #define SSIZE_T_MAX LONG_MAX\n     139          |                     ^~~~~~~~\n     140    /var/tmp/koparasy/spack-stage/spack-stage-json-c-0.15-htcooavb3jkkq\n            bmogn3vtnh6chqjmick/spack-src/json_object.c:1332:13: note: in expan\n            sion of macro 'SSIZE_T_MAX'",
    "145          |                     ^~~~~~~~\n     146    /var/tmp/koparasy/spack-stage/spack-stage-json-c-0.15-htcooavb3jkkq\n            bmogn3vtnh6chqjmick/spack-src/json_object.c:1332:13: note: in expan\n            sion of macro 'SSIZE_T_MAX'\n     147     1332 |  if (len >= SSIZE_T_MAX - 1)\n     148          |             ^~~~~~~~~~~\n>> 149    make[2]: *** [CMakeFiles/json-c.dir/json_object.c.o] Error 1\n     150    make[2]: Leaving directory `/tmp/koparasy/spack-stage/spack-stage-j\n            son-c-0.15-htcooavb3jkkqbmogn3vtnh6chqjmick/spack-build-htcooav'\n  >> 151    make[1]: *** [CMakeFiles/json-c.dir/all] Error 2\n     152    make[1]: Leaving directory `/tmp/koparasy/spack-stage/spack-stage-j\n            son-c-0.15-htcooavb3jkkqbmogn3vtnh6chqjmick/spack-build-htcooav'\n  >> 153    make: *** [all] Error 2",
    "sion of macro 'SSIZE_T_MAX'\n     147     1332 |  if (len >= SSIZE_T_MAX - 1)\n     148          |             ^~~~~~~~~~~\n  >> 149    make[2]: *** [CMakeFiles/json-c.dir/json_object.c.o] Error 1\n     150    make[2]: Leaving directory `/tmp/koparasy/spack-stage/spack-stage-j\n            son-c-0.15-htcooavb3jkkqbmogn3vtnh6chqjmick/spack-build-htcooav'\n>> 151    make[1]: *** [CMakeFiles/json-c.dir/all] Error 2\n     152    make[1]: Leaving directory `/tmp/koparasy/spack-stage/spack-stage-j\n            son-c-0.15-htcooavb3jkkqbmogn3vtnh6chqjmick/spack-build-htcooav'\n  >> 153    make: *** [all] Error 2\n\nSee build log for details:\n  /var/tmp/koparasy/spack-stage/spack-stage-json-c-0.15-htcooavb3jkkqbmogn3vtnh6chqjmick/spack-build-out.txt",
    ">> 149    make[2]: *** [CMakeFiles/json-c.dir/json_object.c.o] Error 1\n     150    make[2]: Leaving directory `/tmp/koparasy/spack-stage/spack-stage-j\n            son-c-0.15-htcooavb3jkkqbmogn3vtnh6chqjmick/spack-build-htcooav'\n  >> 151    make[1]: *** [CMakeFiles/json-c.dir/all] Error 2\n     152    make[1]: Leaving directory `/tmp/koparasy/spack-stage/spack-stage-j\n            son-c-0.15-htcooavb3jkkqbmogn3vtnh6chqjmick/spack-build-htcooav'\n>> 153    make: *** [all] Error 2\n\nSee build log for details:\n  /var/tmp/koparasy/spack-stage/spack-stage-json-c-0.15-htcooavb3jkkqbmogn3vtnh6chqjmick/spack-build-out.txt\n\nTraceback (most recent call last):\n  File \"/p/vast1/koparasy/BUILD/head/spack/lib/spack/spack/build_environment.py\", line 1035, in _setup_pkg_and_run"
]