[
    "==> [2022-01-11-09:16:37.495613] '/usr/bin/curl' '--stderr' '-' '-s' '-f' '-r' '0-0' 'https://mirror.spack.io/_source-cache/archive/f8/f8bf7368a22ccf2e2cf77048ab2129744be4c03f8488c76ad31c0aa229b280da.tar.bz2'\n==> [2022-01-11-09:16:38.566380] '/usr/bin/curl' '-C' '-' '-o' '/var/tmp/koparasy/spack-stage/spack-stage-boost-1.35.0-hxw7cofswhvljui26nkz5buaouq2secx/boost_1_35_0.tar.bz2.part' '-f' '-D' '-' '-L' 'https://mirror.spack.io/_source-cache/archive/f8/f8bf7368a22ccf2e2cf77048ab2129744be4c03f8488c76ad31c0aa229b280da.tar.bz2' '-sS' '--connect-timeout' '10'\n==> [2022-01-11-09:16:42.844607] Staging archive: /var/tmp/koparasy/spack-stage/spack-stage-boost-1.35.0-hxw7cofswhvljui26nkz5buaouq2secx/boost_1_35_0.tar.bz2\n==> [2022-01-11-09:16:42.882766] '/usr/bin/tar' '-oxf' '/var/tmp/koparasy/spack-stage/spack-stage-boost-1.35.0-hxw7cofswhvljui26nkz5buaouq2secx/boost_1_35_0.tar.bz2'\n==> [2022-01-11-09:16:50.128631] Created stage in /var/tmp/koparasy/spack-stage/spack-stage-boost-1.35.0-hxw7cofswhvljui26nkz5buaouq2secx\n==> [2022-01-11-09:16:50.129831] boost: Building boost-1.35.0-nsa47s6gj35uohhlmewlk3ylgavegrsp [Package]\n==> [2022-01-11-09:16:50.183662] Error: ProcessError: ./bootstrap.sh: No such file or directory: './bootstrap.sh'\n    Command: './bootstrap.sh' '--prefix=/p/vast1/koparasy/BUILD/spack_cluster_installer/quartz/mercury/spack_env_dir/linux-rhel7-broadwell/gcc-9.3.1/boost-1.35.0-nsa47s6gj35uohhlmewlk3ylgavegrsp' '--with-toolset=gcc' '--with-libraries=iostreams,serialization,timer,program_options,date_time,system,wave,regex,signals,graph,math,test,thread,filesystem' '--without-icu'\nSee build log for details:\n  /var/tmp/koparasy/spack-stage/spack-stage-boost-1.35.0-hxw7cofswhvljui26nkz5buaouq2secx/spack-build-out.txt\n\nTraceback (most recent call last):\n  File \"/p/vast1/koparasy/BUILD/head/spack/lib/spack/spack/util/executable.py\", line 198, in __call__",
    "phase(pkg.spec, pkg.prefix)\n  File \"/p/vast1/koparasy/BUILD/head/spack/lib/spack/spack/package.py\", line 134, in phase_wrapper\n    phase(spec, prefix)\n  File \"/p/vast1/koparasy/BUILD/head/spack/var/spack/repos/builtin/packages/boost/package.py\", line 572, in install\n  File \"/p/vast1/koparasy/BUILD/head/spack/lib/spack/spack/util/executable.py\", line 232, in __call__\n    '%s: %s' % (self.exe[0], e.strerror), 'Command: ' + cmd_line_string)\nspack.util.executable.ProcessError: ./bootstrap.sh: No such file or directory: './bootstrap.sh'\n    Command: './bootstrap.sh' '--prefix=/p/vast1/koparasy/BUILD/spack_cluster_installer/quartz/mercury/spack_env_dir/linux-rhel7-broadwell/gcc-9.3.1/boost-1.35.0-nsa47s6gj35uohhlmewlk3ylgavegrsp' '--with-toolset=gcc' '--with-libraries=iostreams,serialization,timer,program_options,date_time,system,wave,regex,signals,graph,math,test,thread,filesystem' '--without-icu'\n==> [2022-01-11-09:16:50.198912] Flagging boost-1.35.0-nsa47s6gj35uohhlmewlk3ylgavegrsp as failed: ProcessError: ./bootstrap.sh: No such file or directory: './bootstrap.sh'\n    Command: './bootstrap.sh' '--prefix=/p/vast1/koparasy/BUILD/spack_cluster_installer/quartz/mercury/spack_env_dir/linux-rhel7-broadwell/gcc-9.3.1/boost-1.35.0-nsa47s6gj35uohhlmewlk3ylgavegrsp' '--with-toolset=gcc' '--with-libraries=iostreams,serialization,timer,program_options,date_time,system,wave,regex,signals,graph,math,test,thread,filesystem' '--without-icu'\n==> [2022-01-11-09:16:50.393835] Skip view update, this environment does not maintain a view\n==> [2022-01-11-09:16:50.395458] ChildError: ProcessError: ./bootstrap.sh: No such file or directory: './bootstrap.sh'\n    Command: './bootstrap.sh' '--prefix=/p/vast1/koparasy/BUILD/spack_cluster_installer/quartz/mercury/spack_env_dir/linux-rhel7-broadwell/gcc-9.3.1/boost-1.35.0-nsa47s6gj35uohhlmewlk3ylgavegrsp' '--with-toolset=gcc' '--with-libraries=iostreams,serialization,timer,program_options,date_time,system,wave,regex,signals,graph,math,test,thread,filesystem' '--without-icu'",
    "phase(spec, prefix)\n  File \"/p/vast1/koparasy/BUILD/head/spack/var/spack/repos/builtin/packages/boost/package.py\", line 572, in install\n  File \"/p/vast1/koparasy/BUILD/head/spack/lib/spack/spack/util/executable.py\", line 232, in __call__\n    '%s: %s' % (self.exe[0], e.strerror), 'Command: ' + cmd_line_string)\nspack.util.executable.ProcessError: ./bootstrap.sh: No such file or directory: './bootstrap.sh'\n    Command: './bootstrap.sh' '--prefix=/p/vast1/koparasy/BUILD/spack_cluster_installer/quartz/mercury/spack_env_dir/linux-rhel7-broadwell/gcc-9.3.1/boost-1.35.0-nsa47s6gj35uohhlmewlk3ylgavegrsp' '--with-toolset=gcc' '--with-libraries=iostreams,serialization,timer,program_options,date_time,system,wave,regex,signals,graph,math,test,thread,filesystem' '--without-icu'\n==> [2022-01-11-09:16:50.198912] Flagging boost-1.35.0-nsa47s6gj35uohhlmewlk3ylgavegrsp as failed: ProcessError: ./bootstrap.sh: No such file or directory: './bootstrap.sh'\n    Command: './bootstrap.sh' '--prefix=/p/vast1/koparasy/BUILD/spack_cluster_installer/quartz/mercury/spack_env_dir/linux-rhel7-broadwell/gcc-9.3.1/boost-1.35.0-nsa47s6gj35uohhlmewlk3ylgavegrsp' '--with-toolset=gcc' '--with-libraries=iostreams,serialization,timer,program_options,date_time,system,wave,regex,signals,graph,math,test,thread,filesystem' '--without-icu'\n==> [2022-01-11-09:16:50.393835] Skip view update, this environment does not maintain a view\n==> [2022-01-11-09:16:50.395458] ChildError: ProcessError: ./bootstrap.sh: No such file or directory: './bootstrap.sh'\n    Command: './bootstrap.sh' '--prefix=/p/vast1/koparasy/BUILD/spack_cluster_installer/quartz/mercury/spack_env_dir/linux-rhel7-broadwell/gcc-9.3.1/boost-1.35.0-nsa47s6gj35uohhlmewlk3ylgavegrsp' '--with-toolset=gcc' '--with-libraries=iostreams,serialization,timer,program_options,date_time,system,wave,regex,signals,graph,math,test,thread,filesystem' '--without-icu'",
    "'%s: %s' % (self.exe[0], e.strerror), 'Command: ' + cmd_line_string)\nspack.util.executable.ProcessError: ./bootstrap.sh: No such file or directory: './bootstrap.sh'\n    Command: './bootstrap.sh' '--prefix=/p/vast1/koparasy/BUILD/spack_cluster_installer/quartz/mercury/spack_env_dir/linux-rhel7-broadwell/gcc-9.3.1/boost-1.35.0-nsa47s6gj35uohhlmewlk3ylgavegrsp' '--with-toolset=gcc' '--with-libraries=iostreams,serialization,timer,program_options,date_time,system,wave,regex,signals,graph,math,test,thread,filesystem' '--without-icu'\n==> [2022-01-11-09:16:50.198912] Flagging boost-1.35.0-nsa47s6gj35uohhlmewlk3ylgavegrsp as failed: ProcessError: ./bootstrap.sh: No such file or directory: './bootstrap.sh'\n    Command: './bootstrap.sh' '--prefix=/p/vast1/koparasy/BUILD/spack_cluster_installer/quartz/mercury/spack_env_dir/linux-rhel7-broadwell/gcc-9.3.1/boost-1.35.0-nsa47s6gj35uohhlmewlk3ylgavegrsp' '--with-toolset=gcc' '--with-libraries=iostreams,serialization,timer,program_options,date_time,system,wave,regex,signals,graph,math,test,thread,filesystem' '--without-icu'\n==> [2022-01-11-09:16:50.393835] Skip view update, this environment does not maintain a view\n==> [2022-01-11-09:16:50.395458] ChildError: ProcessError: ./bootstrap.sh: No such file or directory: './bootstrap.sh'\n    Command: './bootstrap.sh' '--prefix=/p/vast1/koparasy/BUILD/spack_cluster_installer/quartz/mercury/spack_env_dir/linux-rhel7-broadwell/gcc-9.3.1/boost-1.35.0-nsa47s6gj35uohhlmewlk3ylgavegrsp' '--with-toolset=gcc' '--with-libraries=iostreams,serialization,timer,program_options,date_time,system,wave,regex,signals,graph,math,test,thread,filesystem' '--without-icu'",
    "==> [2022-01-17-10:34:28.430601] found raw link dirs: /usr/tce/packages/gcc/gcc-9.3.1/rh/usr/bin/../lib/gcc/x86_64-redhat-linux/9, /usr/tce/packages/gcc/gcc-9.3.1/rh/usr/bin/../lib/gcc, /usr/tce/packages/gcc/gcc-9.3.1/rh/usr/bin/../lib/gcc/x86_64-redhat-linux/9/../../../../lib64, /lib/../lib64, /usr/lib/../lib64, /usr/tce/packages/gcc/gcc-9.3.1/rh/usr/bin/../lib/gcc/x86_64-redhat-linux/9/../../..\n==> [2022-01-17-10:34:28.430728] found link dirs: /usr/tce/packages/gcc/gcc-9.3.1/rh/usr/lib/gcc/x86_64-redhat-linux/9, /usr/tce/packages/gcc/gcc-9.3.1/rh/usr/lib/gcc, /usr/tce/packages/gcc/gcc-9.3.1/rh/usr/lib64, /lib64, /usr/lib64, /usr/tce/packages/gcc/gcc-9.3.1/rh/usr/lib\n==> [2022-01-17-10:34:28.691950] Staging archive: /var/tmp/koparasy/spack-stage/spack-stage-boost-1.35.0-hxw7cofswhvljui26nkz5buaouq2secx/boost_1_35_0.tar.bz2\n==> [2022-01-17-10:34:28.693502] '/usr/bin/tar' '-oxf' '/var/tmp/koparasy/spack-stage/spack-stage-boost-1.35.0-hxw7cofswhvljui26nkz5buaouq2secx/boost_1_35_0.tar.bz2'\n==> [2022-01-17-10:34:33.655695] Created stage in /var/tmp/koparasy/spack-stage/spack-stage-boost-1.35.0-hxw7cofswhvljui26nkz5buaouq2secx\n==> [2022-01-17-10:34:33.656889] boost: Building boost-1.35.0-nsa47s6gj35uohhlmewlk3ylgavegrsp [Package]\n==> [2022-01-17-10:34:33.707564] Error: ProcessError: ./bootstrap.sh: No such file or directory: './bootstrap.sh'\n    Command: './bootstrap.sh' '--prefix=/p/vast1/koparasy/BUILD/spack_cluster_installer/quartz/veloc/spack_env_dir/linux-rhel7-broadwell/gcc-9.3.1/boost-1.35.0-nsa47s6gj35uohhlmewlk3ylgavegrsp' '--with-toolset=gcc' '--with-libraries=signals,system,test,math,filesystem,timer,graph,serialization,wave,program_options,thread,date_time,iostreams,regex' '--without-icu'\nSee build log for details:\n  /var/tmp/koparasy/spack-stage/spack-stage-boost-1.35.0-hxw7cofswhvljui26nkz5buaouq2secx/spack-build-out.txt\n\nTraceback (most recent call last):\n  File \"/p/vast1/koparasy/BUILD/head/spack/lib/spack/spack/util/executable.py\", line 198, in __call__",
    "phase(pkg.spec, pkg.prefix)\n  File \"/p/vast1/koparasy/BUILD/head/spack/lib/spack/spack/package.py\", line 134, in phase_wrapper\n    phase(spec, prefix)\n  File \"/p/vast1/koparasy/BUILD/head/spack/var/spack/repos/builtin/packages/boost/package.py\", line 572, in install\n  File \"/p/vast1/koparasy/BUILD/head/spack/lib/spack/spack/util/executable.py\", line 232, in __call__\n    '%s: %s' % (self.exe[0], e.strerror), 'Command: ' + cmd_line_string)\nspack.util.executable.ProcessError: ./bootstrap.sh: No such file or directory: './bootstrap.sh'\n    Command: './bootstrap.sh' '--prefix=/p/vast1/koparasy/BUILD/spack_cluster_installer/quartz/veloc/spack_env_dir/linux-rhel7-broadwell/gcc-9.3.1/boost-1.35.0-nsa47s6gj35uohhlmewlk3ylgavegrsp' '--with-toolset=gcc' '--with-libraries=signals,system,test,math,filesystem,timer,graph,serialization,wave,program_options,thread,date_time,iostreams,regex' '--without-icu'\n==> [2022-01-17-10:34:33.722308] Flagging boost-1.35.0-nsa47s6gj35uohhlmewlk3ylgavegrsp as failed: ProcessError: ./bootstrap.sh: No such file or directory: './bootstrap.sh'\n    Command: './bootstrap.sh' '--prefix=/p/vast1/koparasy/BUILD/spack_cluster_installer/quartz/veloc/spack_env_dir/linux-rhel7-broadwell/gcc-9.3.1/boost-1.35.0-nsa47s6gj35uohhlmewlk3ylgavegrsp' '--with-toolset=gcc' '--with-libraries=signals,system,test,math,filesystem,timer,graph,serialization,wave,program_options,thread,date_time,iostreams,regex' '--without-icu'\n==> [2022-01-17-10:34:34.438785] Skip view update, this environment does not maintain a view\n==> [2022-01-17-10:34:34.440205] ChildError: ProcessError: ./bootstrap.sh: No such file or directory: './bootstrap.sh'\n    Command: './bootstrap.sh' '--prefix=/p/vast1/koparasy/BUILD/spack_cluster_installer/quartz/veloc/spack_env_dir/linux-rhel7-broadwell/gcc-9.3.1/boost-1.35.0-nsa47s6gj35uohhlmewlk3ylgavegrsp' '--with-toolset=gcc' '--with-libraries=signals,system,test,math,filesystem,timer,graph,serialization,wave,program_options,thread,date_time,iostreams,regex' '--without-icu'",
    "phase(spec, prefix)\n  File \"/p/vast1/koparasy/BUILD/head/spack/var/spack/repos/builtin/packages/boost/package.py\", line 572, in install\n  File \"/p/vast1/koparasy/BUILD/head/spack/lib/spack/spack/util/executable.py\", line 232, in __call__\n    '%s: %s' % (self.exe[0], e.strerror), 'Command: ' + cmd_line_string)\nspack.util.executable.ProcessError: ./bootstrap.sh: No such file or directory: './bootstrap.sh'\n    Command: './bootstrap.sh' '--prefix=/p/vast1/koparasy/BUILD/spack_cluster_installer/quartz/veloc/spack_env_dir/linux-rhel7-broadwell/gcc-9.3.1/boost-1.35.0-nsa47s6gj35uohhlmewlk3ylgavegrsp' '--with-toolset=gcc' '--with-libraries=signals,system,test,math,filesystem,timer,graph,serialization,wave,program_options,thread,date_time,iostreams,regex' '--without-icu'\n==> [2022-01-17-10:34:33.722308] Flagging boost-1.35.0-nsa47s6gj35uohhlmewlk3ylgavegrsp as failed: ProcessError: ./bootstrap.sh: No such file or directory: './bootstrap.sh'\n    Command: './bootstrap.sh' '--prefix=/p/vast1/koparasy/BUILD/spack_cluster_installer/quartz/veloc/spack_env_dir/linux-rhel7-broadwell/gcc-9.3.1/boost-1.35.0-nsa47s6gj35uohhlmewlk3ylgavegrsp' '--with-toolset=gcc' '--with-libraries=signals,system,test,math,filesystem,timer,graph,serialization,wave,program_options,thread,date_time,iostreams,regex' '--without-icu'\n==> [2022-01-17-10:34:34.438785] Skip view update, this environment does not maintain a view\n==> [2022-01-17-10:34:34.440205] ChildError: ProcessError: ./bootstrap.sh: No such file or directory: './bootstrap.sh'\n    Command: './bootstrap.sh' '--prefix=/p/vast1/koparasy/BUILD/spack_cluster_installer/quartz/veloc/spack_env_dir/linux-rhel7-broadwell/gcc-9.3.1/boost-1.35.0-nsa47s6gj35uohhlmewlk3ylgavegrsp' '--with-toolset=gcc' '--with-libraries=signals,system,test,math,filesystem,timer,graph,serialization,wave,program_options,thread,date_time,iostreams,regex' '--without-icu'",
    "'%s: %s' % (self.exe[0], e.strerror), 'Command: ' + cmd_line_string)\nspack.util.executable.ProcessError: ./bootstrap.sh: No such file or directory: './bootstrap.sh'\n    Command: './bootstrap.sh' '--prefix=/p/vast1/koparasy/BUILD/spack_cluster_installer/quartz/veloc/spack_env_dir/linux-rhel7-broadwell/gcc-9.3.1/boost-1.35.0-nsa47s6gj35uohhlmewlk3ylgavegrsp' '--with-toolset=gcc' '--with-libraries=signals,system,test,math,filesystem,timer,graph,serialization,wave,program_options,thread,date_time,iostreams,regex' '--without-icu'\n==> [2022-01-17-10:34:33.722308] Flagging boost-1.35.0-nsa47s6gj35uohhlmewlk3ylgavegrsp as failed: ProcessError: ./bootstrap.sh: No such file or directory: './bootstrap.sh'\n    Command: './bootstrap.sh' '--prefix=/p/vast1/koparasy/BUILD/spack_cluster_installer/quartz/veloc/spack_env_dir/linux-rhel7-broadwell/gcc-9.3.1/boost-1.35.0-nsa47s6gj35uohhlmewlk3ylgavegrsp' '--with-toolset=gcc' '--with-libraries=signals,system,test,math,filesystem,timer,graph,serialization,wave,program_options,thread,date_time,iostreams,regex' '--without-icu'\n==> [2022-01-17-10:34:34.438785] Skip view update, this environment does not maintain a view\n==> [2022-01-17-10:34:34.440205] ChildError: ProcessError: ./bootstrap.sh: No such file or directory: './bootstrap.sh'\n    Command: './bootstrap.sh' '--prefix=/p/vast1/koparasy/BUILD/spack_cluster_installer/quartz/veloc/spack_env_dir/linux-rhel7-broadwell/gcc-9.3.1/boost-1.35.0-nsa47s6gj35uohhlmewlk3ylgavegrsp' '--with-toolset=gcc' '--with-libraries=signals,system,test,math,filesystem,timer,graph,serialization,wave,program_options,thread,date_time,iostreams,regex' '--without-icu'"
]