[
    "p\n\n     ...\n\n     505    /tmp/koparasy/spack-stage/spack-stage-axom-develop-lpepxmztvap6fqgw\n            a5f3mgwxhpn4h36z/spack-src/src/axom/core/../../axom/inlet/VariantKe\ny.hpp:53:7: warning: '<anonymous>.axom::inlet::VariantKey::m_int' m\n            ay be used uninitialized in this function [-Wmaybe-uninitialized]\n     506     class VariantKey\n     507           ^~~~~~~~~~\n     508    make[2]: Leaving directory `/tmp/koparasy/spack-stage/spack-stage-a\n            xom-develop-lpepxmztvap6fqgwa5f3mgwxhpn4h36z/spack-build-lpepxmz'\n     509    [ 25%] Built target inlet",
    "int) [with int NDIMS = 3; ExecSpace = axom::SEQ_EXEC]'\n     341    /tmp/koparasy/spack-stage/spack-stage-axom-develop-lpepxmztvap6fqgw\n            a5f3mgwxhpn4h36z/spack-src/src/axom/quest/interface/signed_distance\n            .cpp:199:47:   required from here\n  >> 342    /p/vast1/koparasy/BUILD/spack_cluster_installer/quartz/axom/spack_e\n            nv_dir/linux-rhel7-broadwell/gcc-8.3.1/raja-0.12.1-u2mdjvk7seobi6ls\ndlgrilhwxyvc66hw/include/RAJA/pattern/sort.hpp:327:20: error: no ma\n            tching function for call to 'stable_sort_pairs(RAJA::policy::loop::\n            loop_exec, RAJA::Span<unsigned int*, int>, RAJA::Span<int*, int>)'\n     343       stable_sort_pairs(ExecPolicy{}, std::forward<Args>(args)...);\n     344       ~~~~~~~~~~~~~~~~~^~~~~~~~~~~~~~~~~~~~~~~~~~~~~~~~~~~~~~~~~~~\n     345    /p/vast1/koparasy/BUILD/spack_cluster_installer/quartz/axom/spack_e\n            nv_dir/linux-rhel7-broadwell/gcc-8.3.1/raja-0.12.1-u2mdjvk7seobi6ls",
    "355    /p/vast1/koparasy/BUILD/spack_cluster_installer/quartz/axom/spack_e\n            nv_dir/linux-rhel7-broadwell/gcc-8.3.1/raja-0.12.1-u2mdjvk7seobi6ls\n            dlgrilhwxyvc66hw/include/RAJA/pattern/sort.hpp:284:1: note:   conve\n            rsion of argument 3 would be ill-formed:\n  >> 356    /p/vast1/koparasy/BUILD/spack_cluster_installer/quartz/axom/spack_e\n            nv_dir/linux-rhel7-broadwell/gcc-8.3.1/raja-0.12.1-u2mdjvk7seobi6ls\ndlgrilhwxyvc66hw/include/RAJA/pattern/sort.hpp:327:20: error: canno\n            t bind non-const lvalue reference of type 'RAJA::Span<int*, int>&'\n            to an rvalue of type 'RAJA::Span<int*, int>'\n     357       stable_sort_pairs(ExecPolicy{}, std::forward<Args>(args)...);\n     358       ~~~~~~~~~~~~~~~~~^~~~~~~~~~~~~~~~~~~~~~~~~~~~~~~~~~~~~~~~~~~\n     359    /p/vast1/koparasy/BUILD/spack_cluster_installer/quartz/axom/spack_e\n            nv_dir/linux-rhel7-broadwell/gcc-8.3.1/raja-0.12.1-u2mdjvk7seobi6ls",
    "int) [with int NDIMS = 3; ExecSpace = axom::OMP_EXEC]'\n     373    /tmp/koparasy/spack-stage/spack-stage-axom-develop-lpepxmztvap6fqgw\n            a5f3mgwxhpn4h36z/spack-src/src/axom/quest/interface/signed_distance\n            .cpp:210:54:   required from here\n  >> 374    /p/vast1/koparasy/BUILD/spack_cluster_installer/quartz/axom/spack_e\n            nv_dir/linux-rhel7-broadwell/gcc-8.3.1/raja-0.12.1-u2mdjvk7seobi6ls\ndlgrilhwxyvc66hw/include/RAJA/pattern/sort.hpp:327:20: error: no ma\n            tching function for call to 'stable_sort_pairs(RAJA::PolicyBaseT<(R\n            AJA::Policy)4, (RAJA::Pattern)1, (RAJA::Launch)0, (camp::resources:\n            :v1::Platform)1, RAJA::policy::omp::Parallel, RAJA::wrapper<RAJA::p\n            olicy::omp::omp_for_schedule_exec<RAJA::policy::omp::Auto> > >, RAJ\n            A::Span<unsigned int*, int>, RAJA::Span<int*, int>)'\n     375    /p/vast1/koparasy/BUILD/spack_cluster_installer/quartz/axom/spack_e",
    "385    /p/vast1/koparasy/BUILD/spack_cluster_installer/quartz/axom/spack_e\n            nv_dir/linux-rhel7-broadwell/gcc-8.3.1/raja-0.12.1-u2mdjvk7seobi6ls\n            dlgrilhwxyvc66hw/include/RAJA/pattern/sort.hpp:284:1: note:   conve\n            rsion of argument 3 would be ill-formed:\n  >> 386    /p/vast1/koparasy/BUILD/spack_cluster_installer/quartz/axom/spack_e\n            nv_dir/linux-rhel7-broadwell/gcc-8.3.1/raja-0.12.1-u2mdjvk7seobi6ls\ndlgrilhwxyvc66hw/include/RAJA/pattern/sort.hpp:327:20: error: canno\n            t bind non-const lvalue reference of type 'RAJA::Span<int*, int>&'\n            to an rvalue of type 'RAJA::Span<int*, int>'\n     387       stable_sort_pairs(ExecPolicy{}, std::forward<Args>(args)...);\n     388       ~~~~~~~~~~~~~~~~~^~~~~~~~~~~~~~~~~~~~~~~~~~~~~~~~~~~~~~~~~~~\n     389    /p/vast1/koparasy/BUILD/spack_cluster_installer/quartz/axom/spack_e\n            nv_dir/linux-rhel7-broadwell/gcc-8.3.1/raja-0.12.1-u2mdjvk7seobi6ls",
    "447    /tmp/koparasy/spack-stage/spack-stage-axom-develop-lpepxmztvap6fqgw\n            a5f3mgwxhpn4h36z/spack-src/src/axom/sidre/core/DataStore.cpp: In me\n            mber function 'bool axom::sidre::DataStore::generateBlueprintIndex(\n            MPI_Comm, const string&, const string&, const string&)':\n  >> 448    /tmp/koparasy/spack-stage/spack-stage-axom-develop-lpepxmztvap6fqgw\n            a5f3mgwxhpn4h36z/spack-src/src/axom/sidre/core/DataStore.cpp:669:36\n: error: 'generate_domain_to_rank_map' is not a member of 'conduit:\n            :blueprint::mpi::mesh'\n     449         conduit::blueprint::mpi::mesh::generate_domain_to_rank_map(mes\n            h_node,\n     450                                        ^~~~~~~~~~~~~~~~~~~~~~~~~~~\n  >> 451    make[2]: *** [axom/sidre/CMakeFiles/sidre.dir/core/DataStore.cpp.o]\n             Error 1",
    "h_node,\n     450                                        ^~~~~~~~~~~~~~~~~~~~~~~~~~~\n  >> 451    make[2]: *** [axom/sidre/CMakeFiles/sidre.dir/core/DataStore.cpp.o]\n             Error 1\n     452    make[2]: Leaving directory `/tmp/koparasy/spack-stage/spack-stage-a\n            xom-develop-lpepxmztvap6fqgwa5f3mgwxhpn4h36z/spack-build-lpepxmz'\n>> 453    make[1]: *** [axom/sidre/CMakeFiles/sidre.dir/all] Error 2\n     454    make[1]: *** Waiting for unfinished jobs....\n     455    [ 18%] Building CXX object axom/mint/CMakeFiles/mint.dir/mesh/Field\n            Data.cpp.o\n     456    cd /tmp/koparasy/spack-stage/spack-stage-axom-develop-lpepxmztvap6f\n            qgwa5f3mgwxhpn4h36z/spack-build-lpepxmz/axom/mint && /p/vast1/kopar\n            asy/BUILD/spack/lib/spack/env/gcc/g++  -DAXOM_DEBUG -I/tmp/koparasy",
    "g -DNDEBUG -fPIC   -fopenmp -pthread -Wno-class-memaccess -std=c++1\n            4 -o CMakeFiles/mint.dir/mesh/MeshCoordinates.cpp.o -c /tmp/koparas\n            y/spack-stage/spack-stage-axom-develop-lpepxmztvap6fqgwa5f3mgwxhpn4\n            h36z/spack-src/src/axom/mint/mesh/MeshCoordinates.cpp\n     467    make[2]: Leaving directory `/tmp/koparasy/spack-stage/spack-stage-a\n            xom-develop-lpepxmztvap6fqgwa5f3mgwxhpn4h36z/spack-build-lpepxmz'\n>> 468    make[1]: *** [axom/quest/CMakeFiles/quest.dir/all] Error 2\n     469    [ 20%] Building CXX object axom/inlet/CMakeFiles/inlet.dir/Proxy.cp\n            p.o\n     470    cd /tmp/koparasy/spack-stage/spack-stage-axom-develop-lpepxmztvap6f\n            qgwa5f3mgwxhpn4h36z/spack-build-lpepxmz/axom/inlet && /p/vast1/kopa\n            rasy/BUILD/spack/lib/spack/env/gcc/g++  -DAXOM_DEBUG -I/tmp/koparas\n            y/spack-stage/spack-stage-axom-develop-lpepxmztvap6fqgwa5f3mgwxhpn4",
    "507           ^~~~~~~~~~\n     508    make[2]: Leaving directory `/tmp/koparasy/spack-stage/spack-stage-a\n            xom-develop-lpepxmztvap6fqgwa5f3mgwxhpn4h36z/spack-build-lpepxmz'\n     509    [ 25%] Built target inlet\n     510    make[1]: Leaving directory `/tmp/koparasy/spack-stage/spack-stage-a\n            xom-develop-lpepxmztvap6fqgwa5f3mgwxhpn4h36z/spack-build-lpepxmz'\n>> 511    make: *** [all] Error 2\n\nSee build log for details:\n  /var/tmp/koparasy/spack-stage/spack-stage-axom-develop-lpepxmztvap6fqgwa5f3mgwxhpn4h36z/spack-build-out.txt\n\nTraceback (most recent call last):\n  File \"/p/vast1/koparasy/BUILD/spack/lib/spack/spack/build_environment.py\", line 1035, in _setup_pkg_and_run"
]