[
    ":cmQtAutoMocUicT::JobCompileUicT>]' used but never defined\n     1904           unique_ptr(pointer __p) noexcept\n     1905           ^~~~~~~~~~\n  >> 1906    make[2]: *** [Source/CMakeFiles/CMakeLib.dir/cmQtAutoMocUic.cxx.o]\n              Error 1\n     1907    make[2]: *** Waiting for unfinished jobs....\n>> 1908    make[1]: *** [Source/CMakeFiles/CMakeLib.dir/all] Error 2\n  >> 1909    make: *** [all] Error 2\n\nSee build log for details:\n  /var/tmp/koparasy/spack-stage/spack-stage-cmake-3.18.4-swg52ellb4cxjfinr64nhitei7k2n5ec/spack-build-out.txt\n\nTraceback (most recent call last):",
    "1904           unique_ptr(pointer __p) noexcept\n     1905           ^~~~~~~~~~\n  >> 1906    make[2]: *** [Source/CMakeFiles/CMakeLib.dir/cmQtAutoMocUic.cxx.o]\n              Error 1\n     1907    make[2]: *** Waiting for unfinished jobs....\n  >> 1908    make[1]: *** [Source/CMakeFiles/CMakeLib.dir/all] Error 2\n>> 1909    make: *** [all] Error 2\n\nSee build log for details:\n  /var/tmp/koparasy/spack-stage/spack-stage-cmake-3.18.4-swg52ellb4cxjfinr64nhitei7k2n5ec/spack-build-out.txt\n\nTraceback (most recent call last):\n  File \"/p/vast1/koparasy/BUILD/head/spack/lib/spack/spack/build_environment.py\", line 1035, in _setup_pkg_and_run",
    "..)); }\n     1901                                  ^~~~~~~~~~~~~~~~~~~~~~~~~~~~~~~~~~~~\n             ~~~\n     1902    [ 71%] Building CXX object Source/CMakeFiles/CMakeLib.dir/cmRST.cx\n             x.o\n     1903    /usr/tce/packages/gcc/gcc-6.1.0/include/c++/6.1.0/bits/unique_ptr.\nh:170:7: warning: 'std::unique_ptr<_Tp, _Dp>::unique_ptr(std::uniq\n             ue_ptr<_Tp, _Dp>::pointer) noexcept [with _Tp = {anonymous}::cmQtA\n             utoMocUicT::JobCompileUicT; _Dp = std::default_delete<{anonymous}:\n             :cmQtAutoMocUicT::JobCompileUicT>]' used but never defined\n     1904           unique_ptr(pointer __p) noexcept\n     1905           ^~~~~~~~~~\n  >> 1906    make[2]: *** [Source/CMakeFiles/CMakeLib.dir/cmQtAutoMocUic.cxx.o]"
]