[
    "ion-21.03.0-ycy6fj6kseh62ujgmdcii64ejdab5ly4/spack-src/runtime/real\n            m/runtime_impl.h:21,\n     123                     from /var/tmp/koparasy/spack-stage/spack-stage-leg\n            ion-21.03.0-ycy6fj6kseh62ujgmdcii64ejdab5ly4/spack-src/runtime/real\n            m/transfer/lowlevel_disk.cc:18:\n  >> 124    /var/tmp/koparasy/spack-stage/spack-stage-legion-21.03.0-ycy6fj6kse\nh62ujgmdcii64ejdab5ly4/spack-src/runtime/realm/utils.h:347:3: error\n            : 'uint32_t' does not name a type\n     125       uint32_t crc32c_accumulate(uint32_t accum_in, const void *data,\n            size_t len);\n     126       ^\n     127    In file included from /var/tmp/koparasy/spack-stage/spack-stage-leg\n            ion-21.03.0-ycy6fj6kseh62ujgmdcii64ejdab5ly4/spack-src/runtime/real",
    "ion-21.03.0-ycy6fj6kseh62ujgmdcii64ejdab5ly4/spack-src/runtime/real\n            m/transfer/transfer.h:21,\n     131                     from /var/tmp/koparasy/spack-stage/spack-stage-leg\n            ion-21.03.0-ycy6fj6kseh62ujgmdcii64ejdab5ly4/spack-src/runtime/real\n            m/transfer/transfer.cc:18:\n  >> 132    /var/tmp/koparasy/spack-stage/spack-stage-legion-21.03.0-ycy6fj6kse\nh62ujgmdcii64ejdab5ly4/spack-src/runtime/realm/utils.h:347:3: error\n            : 'uint32_t' does not name a type\n     133       uint32_t crc32c_accumulate(uint32_t accum_in, const void *data,\n            size_t len);\n     134       ^\n     135    /var/tmp/koparasy/spack-stage/spack-stage-legion-21.03.0-ycy6fj6kse\n            h62ujgmdcii64ejdab5ly4/spack-src/runtime/realm/transfer/transfer.cc",
    "3603:34: warning: extended initializer lists only available with -s\n            td=c++11 or -std=gnu++11\n     184           src_1d_maxbytes = std::min({ dst_1d_maxbytes,\n     185                                      ^\n  >> 186    /var/tmp/koparasy/spack-stage/spack-stage-legion-21.03.0-ycy6fj6kse\n            h62ujgmdcii64ejdab5ly4/spack-src/runtime/realm/transfer/channel.cc:\n3605:26: error: no matching function for call to 'min(<brace-enclos\n            ed initializer list>)'\n     187                   rec_bytes });\n     188                              ^\n     189    /var/tmp/koparasy/spack-stage/spack-stage-legion-21.03.0-ycy6fj6kse\n            h62ujgmdcii64ejdab5ly4/spack-src/runtime/realm/transfer/channel.cc:\n            3605:26: note: candidates are:",
    "3619:34: warning: extended initializer lists only available with -s\n            td=c++11 or -std=gnu++11\n     213           src_2d_maxbytes = std::min({ dst_1d_maxbytes,\n     214                                      ^\n  >> 215    /var/tmp/koparasy/spack-stage/spack-stage-legion-21.03.0-ycy6fj6kse\n            h62ujgmdcii64ejdab5ly4/spack-src/runtime/realm/transfer/channel.cc:\n3621:40: error: no matching function for call to 'min(<brace-enclos\n            ed initializer list>)'\n     216                                 rec_bytes });\n     217                                            ^\n     218    /var/tmp/koparasy/spack-stage/spack-stage-legion-21.03.0-ycy6fj6kse\n            h62ujgmdcii64ejdab5ly4/spack-src/runtime/realm/transfer/channel.cc:\n            3621:40: note: candidates are:",
    "3629:34: warning: extended initializer lists only available with -s\n            td=c++11 or -std=gnu++11\n     242           src_ga_maxbytes = std::min({ dst_1d_maxbytes,\n     243                                      ^\n  >> 244    /var/tmp/koparasy/spack-stage/spack-stage-legion-21.03.0-ycy6fj6kse\n            h62ujgmdcii64ejdab5ly4/spack-src/runtime/realm/transfer/channel.cc:\n3631:26: error: no matching function for call to 'min(<brace-enclos\n            ed initializer list>)'\n     245                   rec_bytes });\n     246                              ^\n     247    /var/tmp/koparasy/spack-stage/spack-stage-legion-21.03.0-ycy6fj6kse\n            h62ujgmdcii64ejdab5ly4/spack-src/runtime/realm/transfer/channel.cc:\n            3631:26: note: candidates are:",
    "In member function 'virtual bool Realm::Channel::supports_path(Rea\n            lm::Memory, Realm::Memory, Realm::CustomSerdezID, Realm::CustomSerd\n            ezID, Realm::ReductionOpID, Realm::XferDesKind*, unsigned int*, uns\n            igned int*)':\n  >> 271    /var/tmp/koparasy/spack-stage/spack-stage-legion-21.03.0-ycy6fj6kse\n            h62ujgmdcii64ejdab5ly4/spack-src/runtime/realm/transfer/channel.cc:\n4015:67: error: 'nullptr' was not declared in this scope\n     272         src_ok = (src_impl->get_rdma_info(Network::single_network) !=\n            nullptr);\n     273\n            ^\n  >> 274    /var/tmp/koparasy/spack-stage/spack-stage-legion-21.03.0-ycy6fj6kse\n            h62ujgmdcii64ejdab5ly4/spack-src/runtime/realm/transfer/channel.cc:",
    "272         src_ok = (src_impl->get_rdma_info(Network::single_network) !=\n            nullptr);\n     273\n            ^\n  >> 274    /var/tmp/koparasy/spack-stage/spack-stage-legion-21.03.0-ycy6fj6kse\n            h62ujgmdcii64ejdab5ly4/spack-src/runtime/realm/transfer/channel.cc:\n4030:67: error: 'nullptr' was not declared in this scope\n     275         src_ok = (src_impl->get_rdma_info(Network::single_network) !=\n            nullptr);\n     276\n            ^\n  >> 277    /var/tmp/koparasy/spack-stage/spack-stage-legion-21.03.0-ycy6fj6kse\n            h62ujgmdcii64ejdab5ly4/spack-src/runtime/realm/transfer/channel.cc:",
    "275         src_ok = (src_impl->get_rdma_info(Network::single_network) !=\n            nullptr);\n     276\n            ^\n  >> 277    /var/tmp/koparasy/spack-stage/spack-stage-legion-21.03.0-ycy6fj6kse\n            h62ujgmdcii64ejdab5ly4/spack-src/runtime/realm/transfer/channel.cc:\n4063:67: error: 'nullptr' was not declared in this scope\n     278         dst_ok = (dst_impl->get_rdma_info(Network::single_network) !=\n            nullptr);\n     279\n            ^\n  >> 280    /var/tmp/koparasy/spack-stage/spack-stage-legion-21.03.0-ycy6fj6kse\n            h62ujgmdcii64ejdab5ly4/spack-src/runtime/realm/transfer/channel.cc:",
    "278         dst_ok = (dst_impl->get_rdma_info(Network::single_network) !=\n            nullptr);\n     279\n            ^\n  >> 280    /var/tmp/koparasy/spack-stage/spack-stage-legion-21.03.0-ycy6fj6kse\n            h62ujgmdcii64ejdab5ly4/spack-src/runtime/realm/transfer/channel.cc:\n4077:67: error: 'nullptr' was not declared in this scope\n     281         dst_ok = (dst_impl->get_rdma_info(Network::single_network) !=\n            nullptr);\n     282\n            ^\n  >> 283    make[2]: *** [runtime/CMakeFiles/RealmRuntime.dir/realm/transfer/ch\n            annel.cc.o] Error 1",
    ">> 283    make[2]: *** [runtime/CMakeFiles/RealmRuntime.dir/realm/transfer/ch\n            annel.cc.o] Error 1\n  >> 284    make[2]: *** [runtime/CMakeFiles/RealmRuntime.dir/realm/transfer/tr\n            ansfer.cc.o] Error 1\n     285    make[2]: Leaving directory `/tmp/koparasy/spack-stage/spack-stage-l\n            egion-21.03.0-ycy6fj6kseh62ujgmdcii64ejdab5ly4/spack-build-ycy6fj6'\n>> 286    make[1]: *** [runtime/CMakeFiles/RealmRuntime.dir/all] Error 2\n     287    make[1]: Leaving directory `/tmp/koparasy/spack-stage/spack-stage-l\n            egion-21.03.0-ycy6fj6kseh62ujgmdcii64ejdab5ly4/spack-build-ycy6fj6'\n  >> 288    make: *** [all] Error 2\n\nSee build log for details:\n  /var/tmp/koparasy/spack-stage/spack-stage-legion-21.03.0-ycy6fj6kseh62ujgmdcii64ejdab5ly4/spack-build-out.txt",
    "ansfer.cc.o] Error 1\n     285    make[2]: Leaving directory `/tmp/koparasy/spack-stage/spack-stage-l\n            egion-21.03.0-ycy6fj6kseh62ujgmdcii64ejdab5ly4/spack-build-ycy6fj6'\n  >> 286    make[1]: *** [runtime/CMakeFiles/RealmRuntime.dir/all] Error 2\n     287    make[1]: Leaving directory `/tmp/koparasy/spack-stage/spack-stage-l\n            egion-21.03.0-ycy6fj6kseh62ujgmdcii64ejdab5ly4/spack-build-ycy6fj6'\n>> 288    make: *** [all] Error 2\n\nSee build log for details:\n  /var/tmp/koparasy/spack-stage/spack-stage-legion-21.03.0-ycy6fj6kseh62ujgmdcii64ejdab5ly4/spack-build-out.txt\n\nTraceback (most recent call last):\n  File \"/p/vast1/koparasy/BUILD/head/spack/lib/spack/spack/build_environment.py\", line 1035, in _setup_pkg_and_run",
    "IO, unsigned int, unsigned int, unsigned int, size_t, Realm::Custom\n            SerdezID, std::vector<Realm::TransferGraph::XDTemplate>&, std::vect\n            or<Realm::TransferGraph::IBInfo>&, std::vector<Realm::TransferDesc:\n            :FieldInfo>&)':\n     136    /var/tmp/koparasy/spack-stage/spack-stage-legion-21.03.0-ycy6fj6kse\n            h62ujgmdcii64ejdab5ly4/spack-src/runtime/realm/transfer/transfer.cc\n:2313:50: warning: extended initializer lists only available with -\n            std=c++11 or -std=gnu++11\n     137         src_fields.push_back(TransferDesc::FieldInfo { field_id, 0, ad\n            dress_size(), 0 });\n     138                                                      ^\n     139    /var/tmp/koparasy/spack-stage/spack-stage-legion-21.03.0-ycy6fj6kse\n            h62ujgmdcii64ejdab5ly4/spack-src/runtime/realm/transfer/transfer.cc",
    ":IO, unsigned int, unsigned int, unsigned int, size_t, Realm::Custo\n            mSerdezID, std::vector<Realm::TransferGraph::XDTemplate>&, std::vec\n            tor<Realm::TransferGraph::IBInfo>&, std::vector<Realm::TransferDesc\n            ::FieldInfo>&)':\n     140    /var/tmp/koparasy/spack-stage/spack-stage-legion-21.03.0-ycy6fj6kse\n            h62ujgmdcii64ejdab5ly4/spack-src/runtime/realm/transfer/transfer.cc\n:2608:50: warning: extended initializer lists only available with -\n            std=c++11 or -std=gnu++11\n     141         src_fields.push_back(TransferDesc::FieldInfo { field_id, 0, ad\n            dress_size(), 0 });\n     142                                                      ^\n  >> 143    make[2]: *** [runtime/CMakeFiles/RealmRuntime.dir/realm/transfer/lo\n            wlevel_disk.cc.o] Error 1",
    "145    /var/tmp/koparasy/spack-stage/spack-stage-legion-21.03.0-ycy6fj6kse\n            h62ujgmdcii64ejdab5ly4/spack-src/runtime/realm/transfer/transfer.cc\n            : In member function 'void Realm::TransferDesc::perform_analysis()'\n            :\n     146    /var/tmp/koparasy/spack-stage/spack-stage-legion-21.03.0-ycy6fj6kse\n            h62ujgmdcii64ejdab5ly4/spack-src/runtime/realm/transfer/transfer.cc\n:3236:28: warning: extended initializer lists only available with -\n            std=c++11 or -std=gnu++11\n     147      src_fields[i] = FieldInfo { srcs[i].field_id, srcs[i].subfield_of\n            fset, srcs[i].size, srcs[i].serdez_id };\n     148                                ^\n     149    /var/tmp/koparasy/spack-stage/spack-stage-legion-21.03.0-ycy6fj6kse\n            h62ujgmdcii64ejdab5ly4/spack-src/runtime/realm/transfer/transfer.cc",
    "std=c++11 or -std=gnu++11\n     147      src_fields[i] = FieldInfo { srcs[i].field_id, srcs[i].subfield_of\n            fset, srcs[i].size, srcs[i].serdez_id };\n     148                                ^\n     149    /var/tmp/koparasy/spack-stage/spack-stage-legion-21.03.0-ycy6fj6kse\n            h62ujgmdcii64ejdab5ly4/spack-src/runtime/realm/transfer/transfer.cc\n:3237:28: warning: extended initializer lists only available with -\n            std=c++11 or -std=gnu++11\n\n     ...\n\n     180                 prof_cpinfo.inst_info.push_back(ProfilingMeasurements:\n            :OperationCopyInfo::InstInfo {",
    "182    /var/tmp/koparasy/spack-stage/spack-stage-legion-21.03.0-ycy6fj6kse\n            h62ujgmdcii64ejdab5ly4/spack-src/runtime/realm/transfer/channel.cc:\n             In member function 'bool Realm::RemoteWriteXferDes::progress_xd(Re\n            alm::RemoteWriteChannel*, Realm::TimeLimit)':\n     183    /var/tmp/koparasy/spack-stage/spack-stage-legion-21.03.0-ycy6fj6kse\n            h62ujgmdcii64ejdab5ly4/spack-src/runtime/realm/transfer/channel.cc:\n3603:34: warning: extended initializer lists only available with -s\n            td=c++11 or -std=gnu++11\n     184           src_1d_maxbytes = std::min({ dst_1d_maxbytes,\n     185                                      ^\n  >> 186    /var/tmp/koparasy/spack-stage/spack-stage-legion-21.03.0-ycy6fj6kse\n            h62ujgmdcii64ejdab5ly4/spack-src/runtime/realm/transfer/channel.cc:\n            3605:26: error: no matching function for call to 'min(<brace-enclos",
    "h62ujgmdcii64ejdab5ly4/spack-src/runtime/realm/transfer/channel.cc:\n            3605:26: note:   candidate expects 3 arguments, 1 provided\n     210                   rec_bytes });\n     211                              ^\n     212    /var/tmp/koparasy/spack-stage/spack-stage-legion-21.03.0-ycy6fj6kse\n            h62ujgmdcii64ejdab5ly4/spack-src/runtime/realm/transfer/channel.cc:\n3619:34: warning: extended initializer lists only available with -s\n            td=c++11 or -std=gnu++11\n     213           src_2d_maxbytes = std::min({ dst_1d_maxbytes,\n     214                                      ^\n  >> 215    /var/tmp/koparasy/spack-stage/spack-stage-legion-21.03.0-ycy6fj6kse\n            h62ujgmdcii64ejdab5ly4/spack-src/runtime/realm/transfer/channel.cc:\n            3621:40: error: no matching function for call to 'min(<brace-enclos",
    "h62ujgmdcii64ejdab5ly4/spack-src/runtime/realm/transfer/channel.cc:\n            3621:40: note:   candidate expects 3 arguments, 1 provided\n     239                                 rec_bytes });\n     240                                            ^\n     241    /var/tmp/koparasy/spack-stage/spack-stage-legion-21.03.0-ycy6fj6kse\n            h62ujgmdcii64ejdab5ly4/spack-src/runtime/realm/transfer/channel.cc:\n3629:34: warning: extended initializer lists only available with -s\n            td=c++11 or -std=gnu++11\n     242           src_ga_maxbytes = std::min({ dst_1d_maxbytes,\n     243                                      ^\n  >> 244    /var/tmp/koparasy/spack-stage/spack-stage-legion-21.03.0-ycy6fj6kse\n            h62ujgmdcii64ejdab5ly4/spack-src/runtime/realm/transfer/channel.cc:\n            3631:26: error: no matching function for call to 'min(<brace-enclos"
]