[
    "vvwhnujelinhiqhies/spack-build-i2xg43h/mod_files\":\n     518      No such file or directory.\n     519    Call Stack (most recent call first):\n     520      cmake_install.cmake:42 (include)\n     521\n     522\n>> 523    make: *** [install] Error 1\n\nSee build log for details:\n  /var/tmp/koparasy/spack-stage/spack-stage-amrex-20.05-i2xg43hd3kngklvvwhnujelinhiqhies/spack-build-out.txt\n\nTraceback (most recent call last):\n  File \"/p/vast1/koparasy/BUILD/spack/lib/spack/spack/build_environment.py\", line 1035, in _setup_pkg_and_run"
]