[
    "BUILD/spack_cluster_installer/quartz/trilinos/spack_env_dir/linux-\n             rhel7-broadwell/gcc-9.3.1/hwloc-2.0.1-ylrry6astpwo34xtqfu5x67nxdvl\n             zr2q/include -O2 -g -MT utils/sock/sock.lo -MD -MP -MF utils/sock/\n             .deps/sock.Tpo -c utils/sock/sock.c -o utils/sock/sock.o >/dev/nul\n             l 2>&1\n     2572    tools/topo/hwloc/topo_hwloc.c: In function 'HYDT_topo_hwloc_init':\n>> 2573    tools/topo/hwloc/topo_hwloc.c:432:40: error: 'HWLOC_MEMBIND_REPLIC\n             ATE' undeclared (first use in this function); did you mean 'HWLOC_\n             MEMBIND_MIGRATE'?\n     2574      432 |         HYDT_topo_hwloc_info.membind = HWLOC_MEMBIND_REPLI\n             CATE;\n     2575          |                                        ^~~~~~~~~~~~~~~~~~~\n             ~~~~",
    "2575          |                                        ^~~~~~~~~~~~~~~~~~~\n             ~~~~\n     2576          |                                        HWLOC_MEMBIND_MIGRA\n             TE\n     2577    tools/topo/hwloc/topo_hwloc.c:432:40: note: each undeclared identi\n             fier is reported only once for each function it appears in\n>> 2578    make[3]: *** [tools/topo/hwloc/topo_hwloc.lo] Error 1\n     2579    make[3]: *** Waiting for unfinished jobs....\n     2580    libtool: compile:  /p/vast1/koparasy/BUILD/head/spack/lib/spack/en\n             v/gcc/gcc -DHAVE_CONFIG_H -I. -I/var/tmp/koparasy/spack-stage/spac\n             k-stage-mpich-3.1.3-53otdaqqdui7y65aoydrgzmmx4gf3e2y/spack-src/src\n             /pm/hydra -I./include -I./tools/topo/hwloc/hwloc/include/private/a\n             utogen -I./tools/topo/hwloc/hwloc/include/hwloc/autogen -I/var/tmp",
    "zr2q/include -O2 -g -MT tools/topo/topo.lo -MD -MP -MF tools/topo/\n             .deps/topo.Tpo -c tools/topo/topo.c -o tools/topo/topo.o >/dev/nul\n             l 2>&1\n     2581    make[3]: Leaving directory `/tmp/koparasy/spack-stage/spack-stage-\n             mpich-3.1.3-53otdaqqdui7y65aoydrgzmmx4gf3e2y/spack-src/src/pm/hydr\n             a'\n>> 2582    make[2]: *** [all-recursive] Error 1\n     2583    make[2]: Leaving directory `/tmp/koparasy/spack-stage/spack-stage-\n             mpich-3.1.3-53otdaqqdui7y65aoydrgzmmx4gf3e2y/spack-src/src/pm/hydr\n             a'\n  >> 2584    make[1]: *** [all-recursive] Error 1\n     2585    make[1]: Leaving directory `/tmp/koparasy/spack-stage/spack-stage-\n             mpich-3.1.3-53otdaqqdui7y65aoydrgzmmx4gf3e2y/spack-src'",
    "mpich-3.1.3-53otdaqqdui7y65aoydrgzmmx4gf3e2y/spack-src/src/pm/hydr\n             a'\n  >> 2582    make[2]: *** [all-recursive] Error 1\n     2583    make[2]: Leaving directory `/tmp/koparasy/spack-stage/spack-stage-\n             mpich-3.1.3-53otdaqqdui7y65aoydrgzmmx4gf3e2y/spack-src/src/pm/hydr\n             a'\n>> 2584    make[1]: *** [all-recursive] Error 1\n     2585    make[1]: Leaving directory `/tmp/koparasy/spack-stage/spack-stage-\n             mpich-3.1.3-53otdaqqdui7y65aoydrgzmmx4gf3e2y/spack-src'\n  >> 2586    make: *** [all] Error 2\n\nSee build log for details:\n  /var/tmp/koparasy/spack-stage/spack-stage-mpich-3.1.3-53otdaqqdui7y65aoydrgzmmx4gf3e2y/spack-build-out.txt",
    "2583    make[2]: Leaving directory `/tmp/koparasy/spack-stage/spack-stage-\n             mpich-3.1.3-53otdaqqdui7y65aoydrgzmmx4gf3e2y/spack-src/src/pm/hydr\n             a'\n  >> 2584    make[1]: *** [all-recursive] Error 1\n     2585    make[1]: Leaving directory `/tmp/koparasy/spack-stage/spack-stage-\n             mpich-3.1.3-53otdaqqdui7y65aoydrgzmmx4gf3e2y/spack-src'\n>> 2586    make: *** [all] Error 2\n\nSee build log for details:\n  /var/tmp/koparasy/spack-stage/spack-stage-mpich-3.1.3-53otdaqqdui7y65aoydrgzmmx4gf3e2y/spack-build-out.txt\n\nTraceback (most recent call last):\n  File \"/p/vast1/koparasy/BUILD/head/spack/lib/spack/spack/build_environment.py\", line 1035, in _setup_pkg_and_run"
]