[
    "t03_barrier.dir/test03_barrier.c.o  -o kv.test03_barrier  ../../src\n            /libpapyruskv.a\n  >> 131    /usr/tce/packages/gcc/gcc-9.3.1/rh/usr/bin/../libexec/gcc/x86_64-re\n            dhat-linux/9/ld: ../../src/libpapyruskv.a(Signal.cpp.o): undefined\n            reference to symbol 'sem_post@@@@GLIBC_2.2.5'\n  >> 132    /usr/tce/packages/gcc/gcc-9.3.1/rh/usr/bin/../libexec/gcc/x86_64-re\ndhat-linux/9/ld: /lib64/libpthread.so.0: error adding symbols: DSO\n            missing from command line\n  >> 133    collect2: error: ld returned 1 exit status\n  >> 134    /usr/tce/packages/gcc/gcc-9.3.1/rh/usr/bin/../libexec/gcc/x86_64-re\n            dhat-linux/9/ld: ../../src/libpapyruskv.a(Signal.cpp.o): undefined\n            reference to symbol 'sem_post@@@@GLIBC_2.2.5'\n  >> 135    /usr/tce/packages/gcc/gcc-9.3.1/rh/usr/bin/../libexec/gcc/x86_64-re",
    ">> 131    /usr/tce/packages/gcc/gcc-9.3.1/rh/usr/bin/../libexec/gcc/x86_64-re\n            dhat-linux/9/ld: ../../src/libpapyruskv.a(Signal.cpp.o): undefined\n            reference to symbol 'sem_post@@@@GLIBC_2.2.5'\n  >> 132    /usr/tce/packages/gcc/gcc-9.3.1/rh/usr/bin/../libexec/gcc/x86_64-re\n            dhat-linux/9/ld: /lib64/libpthread.so.0: error adding symbols: DSO\n            missing from command line\n>> 133    collect2: error: ld returned 1 exit status\n  >> 134    /usr/tce/packages/gcc/gcc-9.3.1/rh/usr/bin/../libexec/gcc/x86_64-re\n            dhat-linux/9/ld: ../../src/libpapyruskv.a(Signal.cpp.o): undefined\n            reference to symbol 'sem_post@@@@GLIBC_2.2.5'\n  >> 135    /usr/tce/packages/gcc/gcc-9.3.1/rh/usr/bin/../libexec/gcc/x86_64-re\n            dhat-linux/9/ld: /lib64/libpthread.so.0: error adding symbols: DSO\n            missing from command line",
    "missing from command line\n  >> 133    collect2: error: ld returned 1 exit status\n  >> 134    /usr/tce/packages/gcc/gcc-9.3.1/rh/usr/bin/../libexec/gcc/x86_64-re\n            dhat-linux/9/ld: ../../src/libpapyruskv.a(Signal.cpp.o): undefined\n            reference to symbol 'sem_post@@@@GLIBC_2.2.5'\n  >> 135    /usr/tce/packages/gcc/gcc-9.3.1/rh/usr/bin/../libexec/gcc/x86_64-re\ndhat-linux/9/ld: /lib64/libpthread.so.0: error adding symbols: DSO\n            missing from command line\n  >> 136    collect2: error: ld returned 1 exit status\n  >> 137    make[2]: *** [kv/tests/01_open_close/kv.test01_open_close] Error 1\n     138    make[2]: Leaving directory `/tmp/koparasy/spack-stage/spack-stage-p\n            apyrus-1.0.0-frfxnjxtetv4b5kcswki3s3iezbmsohx/spack-build-frfxnjx'\n  >> 139    make[1]: *** [kv/tests/01_open_close/CMakeFiles/kv.test01_open_clos",
    ">> 134    /usr/tce/packages/gcc/gcc-9.3.1/rh/usr/bin/../libexec/gcc/x86_64-re\n            dhat-linux/9/ld: ../../src/libpapyruskv.a(Signal.cpp.o): undefined\n            reference to symbol 'sem_post@@@@GLIBC_2.2.5'\n  >> 135    /usr/tce/packages/gcc/gcc-9.3.1/rh/usr/bin/../libexec/gcc/x86_64-re\n            dhat-linux/9/ld: /lib64/libpthread.so.0: error adding symbols: DSO\n            missing from command line\n>> 136    collect2: error: ld returned 1 exit status\n  >> 137    make[2]: *** [kv/tests/01_open_close/kv.test01_open_close] Error 1\n     138    make[2]: Leaving directory `/tmp/koparasy/spack-stage/spack-stage-p\n            apyrus-1.0.0-frfxnjxtetv4b5kcswki3s3iezbmsohx/spack-build-frfxnjx'\n  >> 139    make[1]: *** [kv/tests/01_open_close/CMakeFiles/kv.test01_open_clos\n            e.dir/all] Error 2\n     140    make[1]: *** Waiting for unfinished jobs....",
    "dhat-linux/9/ld: ../../src/libpapyruskv.a(Signal.cpp.o): undefined\n            reference to symbol 'sem_post@@@@GLIBC_2.2.5'\n  >> 135    /usr/tce/packages/gcc/gcc-9.3.1/rh/usr/bin/../libexec/gcc/x86_64-re\n            dhat-linux/9/ld: /lib64/libpthread.so.0: error adding symbols: DSO\n            missing from command line\n  >> 136    collect2: error: ld returned 1 exit status\n>> 137    make[2]: *** [kv/tests/01_open_close/kv.test01_open_close] Error 1\n     138    make[2]: Leaving directory `/tmp/koparasy/spack-stage/spack-stage-p\n            apyrus-1.0.0-frfxnjxtetv4b5kcswki3s3iezbmsohx/spack-build-frfxnjx'\n  >> 139    make[1]: *** [kv/tests/01_open_close/CMakeFiles/kv.test01_open_clos\n            e.dir/all] Error 2\n     140    make[1]: *** Waiting for unfinished jobs....\n  >> 141    make[2]: *** [kv/tests/02_put_get/kv.test02_put_get] Error 1",
    ">> 137    make[2]: *** [kv/tests/01_open_close/kv.test01_open_close] Error 1\n     138    make[2]: Leaving directory `/tmp/koparasy/spack-stage/spack-stage-p\n            apyrus-1.0.0-frfxnjxtetv4b5kcswki3s3iezbmsohx/spack-build-frfxnjx'\n  >> 139    make[1]: *** [kv/tests/01_open_close/CMakeFiles/kv.test01_open_clos\n            e.dir/all] Error 2\n     140    make[1]: *** Waiting for unfinished jobs....\n>> 141    make[2]: *** [kv/tests/02_put_get/kv.test02_put_get] Error 1\n     142    make[2]: Leaving directory `/tmp/koparasy/spack-stage/spack-stage-p\n            apyrus-1.0.0-frfxnjxtetv4b5kcswki3s3iezbmsohx/spack-build-frfxnjx'\n  >> 143    /usr/tce/packages/gcc/gcc-9.3.1/rh/usr/bin/../libexec/gcc/x86_64-re\n            dhat-linux/9/ld: ../../src/libpapyruskv.a(Signal.cpp.o): undefined\n            reference to symbol 'sem_post@@@@GLIBC_2.2.5'\n  >> 144    /usr/tce/packages/gcc/gcc-9.3.1/rh/usr/bin/../libexec/gcc/x86_64-re",
    "142    make[2]: Leaving directory `/tmp/koparasy/spack-stage/spack-stage-p\n            apyrus-1.0.0-frfxnjxtetv4b5kcswki3s3iezbmsohx/spack-build-frfxnjx'\n  >> 143    /usr/tce/packages/gcc/gcc-9.3.1/rh/usr/bin/../libexec/gcc/x86_64-re\n            dhat-linux/9/ld: ../../src/libpapyruskv.a(Signal.cpp.o): undefined\n            reference to symbol 'sem_post@@@@GLIBC_2.2.5'\n  >> 144    /usr/tce/packages/gcc/gcc-9.3.1/rh/usr/bin/../libexec/gcc/x86_64-re\ndhat-linux/9/ld: /lib64/libpthread.so.0: error adding symbols: DSO\n            missing from command line\n  >> 145    make[1]: *** [kv/tests/02_put_get/CMakeFiles/kv.test02_put_get.dir/\n            all] Error 2\n  >> 146    collect2: error: ld returned 1 exit status\n  >> 147    make[2]: *** [kv/tests/04_delete/kv.test04_delete] Error 1\n     148    make[2]: Leaving directory `/tmp/koparasy/spack-stage/spack-stage-p",
    "reference to symbol 'sem_post@@@@GLIBC_2.2.5'\n  >> 144    /usr/tce/packages/gcc/gcc-9.3.1/rh/usr/bin/../libexec/gcc/x86_64-re\n            dhat-linux/9/ld: /lib64/libpthread.so.0: error adding symbols: DSO\n            missing from command line\n  >> 145    make[1]: *** [kv/tests/02_put_get/CMakeFiles/kv.test02_put_get.dir/\n            all] Error 2\n>> 146    collect2: error: ld returned 1 exit status\n  >> 147    make[2]: *** [kv/tests/04_delete/kv.test04_delete] Error 1\n     148    make[2]: Leaving directory `/tmp/koparasy/spack-stage/spack-stage-p\n            apyrus-1.0.0-frfxnjxtetv4b5kcswki3s3iezbmsohx/spack-build-frfxnjx'\n  >> 149    make[1]: *** [kv/tests/04_delete/CMakeFiles/kv.test04_delete.dir/al\n            l] Error 2\n  >> 150    /usr/tce/packages/gcc/gcc-9.3.1/rh/usr/bin/../libexec/gcc/x86_64-re",
    ">> 144    /usr/tce/packages/gcc/gcc-9.3.1/rh/usr/bin/../libexec/gcc/x86_64-re\n            dhat-linux/9/ld: /lib64/libpthread.so.0: error adding symbols: DSO\n            missing from command line\n  >> 145    make[1]: *** [kv/tests/02_put_get/CMakeFiles/kv.test02_put_get.dir/\n            all] Error 2\n  >> 146    collect2: error: ld returned 1 exit status\n>> 147    make[2]: *** [kv/tests/04_delete/kv.test04_delete] Error 1\n     148    make[2]: Leaving directory `/tmp/koparasy/spack-stage/spack-stage-p\n            apyrus-1.0.0-frfxnjxtetv4b5kcswki3s3iezbmsohx/spack-build-frfxnjx'\n  >> 149    make[1]: *** [kv/tests/04_delete/CMakeFiles/kv.test04_delete.dir/al\n            l] Error 2\n  >> 150    /usr/tce/packages/gcc/gcc-9.3.1/rh/usr/bin/../libexec/gcc/x86_64-re\n            dhat-linux/9/ld: ../../src/libpapyruskv.a(Signal.cpp.o): undefined",
    ">> 149    make[1]: *** [kv/tests/04_delete/CMakeFiles/kv.test04_delete.dir/al\n            l] Error 2\n  >> 150    /usr/tce/packages/gcc/gcc-9.3.1/rh/usr/bin/../libexec/gcc/x86_64-re\n            dhat-linux/9/ld: ../../src/libpapyruskv.a(Signal.cpp.o): undefined\n            reference to symbol 'sem_post@@@@GLIBC_2.2.5'\n  >> 151    /usr/tce/packages/gcc/gcc-9.3.1/rh/usr/bin/../libexec/gcc/x86_64-re\ndhat-linux/9/ld: /lib64/libpthread.so.0: error adding symbols: DSO\n            missing from command line\n  >> 152    collect2: error: ld returned 1 exit status\n  >> 153    make[2]: *** [kv/tests/03_barrier/kv.test03_barrier] Error 1\n     154    make[2]: Leaving directory `/tmp/koparasy/spack-stage/spack-stage-p\n            apyrus-1.0.0-frfxnjxtetv4b5kcswki3s3iezbmsohx/spack-build-frfxnjx'\n  >> 155    make[1]: *** [kv/tests/03_barrier/CMakeFiles/kv.test03_barrier.dir/",
    ">> 150    /usr/tce/packages/gcc/gcc-9.3.1/rh/usr/bin/../libexec/gcc/x86_64-re\n            dhat-linux/9/ld: ../../src/libpapyruskv.a(Signal.cpp.o): undefined\n            reference to symbol 'sem_post@@@@GLIBC_2.2.5'\n  >> 151    /usr/tce/packages/gcc/gcc-9.3.1/rh/usr/bin/../libexec/gcc/x86_64-re\n            dhat-linux/9/ld: /lib64/libpthread.so.0: error adding symbols: DSO\n            missing from command line\n>> 152    collect2: error: ld returned 1 exit status\n  >> 153    make[2]: *** [kv/tests/03_barrier/kv.test03_barrier] Error 1\n     154    make[2]: Leaving directory `/tmp/koparasy/spack-stage/spack-stage-p\n            apyrus-1.0.0-frfxnjxtetv4b5kcswki3s3iezbmsohx/spack-build-frfxnjx'\n  >> 155    make[1]: *** [kv/tests/03_barrier/CMakeFiles/kv.test03_barrier.dir/\n            all] Error 2\n     156    make[1]: Leaving directory `/tmp/koparasy/spack-stage/spack-stage-p",
    "dhat-linux/9/ld: ../../src/libpapyruskv.a(Signal.cpp.o): undefined\n            reference to symbol 'sem_post@@@@GLIBC_2.2.5'\n  >> 151    /usr/tce/packages/gcc/gcc-9.3.1/rh/usr/bin/../libexec/gcc/x86_64-re\n            dhat-linux/9/ld: /lib64/libpthread.so.0: error adding symbols: DSO\n            missing from command line\n  >> 152    collect2: error: ld returned 1 exit status\n>> 153    make[2]: *** [kv/tests/03_barrier/kv.test03_barrier] Error 1\n     154    make[2]: Leaving directory `/tmp/koparasy/spack-stage/spack-stage-p\n            apyrus-1.0.0-frfxnjxtetv4b5kcswki3s3iezbmsohx/spack-build-frfxnjx'\n  >> 155    make[1]: *** [kv/tests/03_barrier/CMakeFiles/kv.test03_barrier.dir/\n            all] Error 2\n     156    make[1]: Leaving directory `/tmp/koparasy/spack-stage/spack-stage-p\n            apyrus-1.0.0-frfxnjxtetv4b5kcswki3s3iezbmsohx/spack-build-frfxnjx'",
    "154    make[2]: Leaving directory `/tmp/koparasy/spack-stage/spack-stage-p\n            apyrus-1.0.0-frfxnjxtetv4b5kcswki3s3iezbmsohx/spack-build-frfxnjx'\n  >> 155    make[1]: *** [kv/tests/03_barrier/CMakeFiles/kv.test03_barrier.dir/\n            all] Error 2\n     156    make[1]: Leaving directory `/tmp/koparasy/spack-stage/spack-stage-p\n            apyrus-1.0.0-frfxnjxtetv4b5kcswki3s3iezbmsohx/spack-build-frfxnjx'\n>> 157    make: *** [all] Error 2\n\nSee build log for details:\n  /var/tmp/koparasy/spack-stage/spack-stage-papyrus-1.0.0-frfxnjxtetv4b5kcswki3s3iezbmsohx/spack-build-out.txt\n\nTraceback (most recent call last):\n  File \"/p/vast1/koparasy/BUILD/head/spack/lib/spack/spack/build_environment.py\", line 1035, in _setup_pkg_and_run"
]