[
    "-rhel7-broadwell/gcc-9.3.1/libiconv-1.16-ieozlcr4tjznj6ftqopzyezixv\n            kndosi/include -g -O2 -Wall -Wformat -Wformat-security -MT libarchi\n            ve/archive_cmdline.lo -MD -MP -MF libarchive/.deps/archive_cmdline.\n            Tpo -c libarchive/archive_cmdline.c  -fPIC -DPIC -o libarchive/.lib\n            s/archive_cmdline.o\n     569    In file included from libarchive/archive_cryptor.c:32:\n>> 570    libarchive/archive_cryptor_private.h:107:17: error: field 'ctx' has\n             incomplete type\n     571      107 |  EVP_CIPHER_CTX ctx;\n     572          |                 ^~~\n  >> 573    make[1]: *** [libarchive/archive_cryptor.lo] Error 1\n     574    make[1]: *** Waiting for unfinished jobs....\n     575    libtool: compile:  /p/vast1/koparasy/BUILD/head/spack/lib/spack/env",
    "s/archive_cmdline.o\n     569    In file included from libarchive/archive_cryptor.c:32:\n  >> 570    libarchive/archive_cryptor_private.h:107:17: error: field 'ctx' has\n             incomplete type\n     571      107 |  EVP_CIPHER_CTX ctx;\n     572          |                 ^~~\n>> 573    make[1]: *** [libarchive/archive_cryptor.lo] Error 1\n     574    make[1]: *** Waiting for unfinished jobs....\n     575    libtool: compile:  /p/vast1/koparasy/BUILD/head/spack/lib/spack/env\n            /gcc/gcc -DHAVE_CONFIG_H -I. -I/var/tmp/koparasy/spack-stage/spack-\n            stage-libarchive-3.2.1-emvrvczzsjrocyiwj3ipuhsrajqqgnp2/spack-src -\n            I/p/vast1/koparasy/BUILD/spack_cluster_installer/quartz/mpifileutil\n            s/spack_env_dir/linux-rhel7-broadwell/gcc-9.3.1/libxml2-2.9.12-wcyr",
    "-rhel7-broadwell/gcc-9.3.1/libiconv-1.16-ieozlcr4tjznj6ftqopzyezixv\n            kndosi/include -g -O2 -Wall -Wformat -Wformat-security -MT libarchi\n            ve/archive_acl.lo -MD -MP -MF libarchive/.deps/archive_acl.Tpo -c l\n            ibarchive/archive_acl.c -o libarchive/archive_acl.o >/dev/null 2>&1\n     578    make[1]: Leaving directory `/tmp/koparasy/spack-stage/spack-stage-l\n            ibarchive-3.2.1-emvrvczzsjrocyiwj3ipuhsrajqqgnp2/spack-src'\n>> 579    make: *** [all] Error 2\n\nSee build log for details:\n  /var/tmp/koparasy/spack-stage/spack-stage-libarchive-3.2.1-emvrvczzsjrocyiwj3ipuhsrajqqgnp2/spack-build-out.txt\n\nTraceback (most recent call last):\n  File \"/p/vast1/koparasy/BUILD/head/spack/lib/spack/spack/build_environment.py\", line 1035, in _setup_pkg_and_run"
]