[
    "2168     checking whether linking with -ldl works... yes\n     2169     checking whether RTLD_DEFAULT is declared... yes\n     2170     checking whether RTLD_NEXT is declared... yes\n     2171     checking BPatch.h usability... no\n     2172     checking BPatch.h presence... no\n     2173     checking for BPatch.h... no\n>> 2174     configure: error: no BPatch.h found; check path for Dyninst packa\n              ge first...\n     2175     checking for tau_instrumentor... no\n  >> 2176     configure: error: no tau_instrumentor found; check path for PDToo\n              lkit first...\n     2177     configure: we are configuring inside Open MPI; presetting cache t\n              o skip MPI related tests",
    "2171     checking BPatch.h usability... no\n     2172     checking BPatch.h presence... no\n     2173     checking for BPatch.h... no\n  >> 2174     configure: error: no BPatch.h found; check path for Dyninst packa\n              ge first...\n     2175     checking for tau_instrumentor... no\n>> 2176     configure: error: no tau_instrumentor found; check path for PDToo\n              lkit first...\n     2177     configure: we are configuring inside Open MPI; presetting cache t\n              o skip MPI related tests\n     2178     checking for mpicc... (cached) /p/vast1/koparasy/BUILD/head/spack\n              /lib/spack/env/gcc/gcc\n     2179     checking for mpicxx... (cached) /p/vast1/koparasy/BUILD/head/spac",
    "2190     checking for PMPI_Win_unlock... (cached) yes\n     2191     checking for MPI_Register_datarep... (cached) yes\n     2192     checking for PMPI_File_read_ordered... (cached) yes\n     2193     checking for PMPI_File_read_ordered_begin... (cached) yes\n     2194     checking for PMPI_File_write_ordered... (cached) yes\n     2195     checking for PMPI_File_write_ordered_begin... (cached) yes\n>> 2196     configure: error: MPI Correctness Checking support cannot be buil\n              t inside Open MPI\n     2197     checking math.h usability... yes\n     2198     checking math.h presence... yes\n     2199     checking for math.h... yes\n     2200     checking whether we need to link -lm to get math functions... no\n     2201     checking f2c.h usability... no",
    "2198     checking math.h presence... yes\n     2199     checking for math.h... yes\n     2200     checking whether we need to link -lm to get math functions... no\n     2201     checking f2c.h usability... no\n     2202     checking f2c.h presence... no\n     2203     checking for f2c.h... no\n>> 2204     configure: error: no f2c.h found; check path for CLAPACK package\n              first...\n     2205     checking for C++ runtime library... -lstdc++\n     2206     checking for the pthreads library -lpthreads... no\n     2207     checking whether pthreads work without any flags... yes\n     2208     checking for joinable pthread attribute... PTHREAD_CREATE_JOINABL\n              E",
    "2220     checking omp.h presence... yes\n     2221     checking for omp.h... yes\n     2222     checking whether we can build shared libraries... yes\n     2223     checking jvmti.h usability... no\n     2224     checking jvmti.h presence... no\n     2225     checking for jvmti.h... no\n>> 2226     configure: error: no jvmti.h found; check path for JVMTI package\n              first...\n     2227     checking papi.h usability... yes\n     2228     checking papi.h presence... yes\n     2229     checking for papi.h... yes\n     2230     checking whether linking with -lpapi works... yes\n     2231     checking whether PAPI version >= 3... yes",
    "2250     checking for sched.h... yes\n     2251     checking for sched_getcpu... yes\n     2252     checking whether sched_getcpu works... yes\n     2253     checking cuda.h usability... no\n     2254     checking cuda.h presence... no\n     2255     checking for cuda.h... no\n>> 2256     configure: error: no cuda.h found; check path for CUDA Toolkit fi\n              rst...\n     2257     checking cuda_runtime_api.h usability... no\n     2258     checking cuda_runtime_api.h presence... no\n     2259     checking for cuda_runtime_api.h... no\n  >> 2260     configure: error: no cuda_runtime_api.h found; check path for CUD\n              A Toolkit first...",
    "2255     checking for cuda.h... no\n  >> 2256     configure: error: no cuda.h found; check path for CUDA Toolkit fi\n              rst...\n     2257     checking cuda_runtime_api.h usability... no\n     2258     checking cuda_runtime_api.h presence... no\n     2259     checking for cuda_runtime_api.h... no\n>> 2260     configure: error: no cuda_runtime_api.h found; check path for CUD\n              A Toolkit first...\n     2261     checking cupti.h usability... no\n     2262     checking cupti.h presence... no\n     2263     checking for cupti.h... no\n  >> 2264     configure: error: no cupti.h found; check path for CUPTI package\n              first...",
    "2259     checking for cuda_runtime_api.h... no\n  >> 2260     configure: error: no cuda_runtime_api.h found; check path for CUD\n              A Toolkit first...\n     2261     checking cupti.h usability... no\n     2262     checking cupti.h presence... no\n     2263     checking for cupti.h... no\n>> 2264     configure: error: no cupti.h found; check path for CUPTI package\n              first...\n     2265     checking for dlfcn.h... (cached) yes\n     2266     checking whether linking with -ldl works... yes\n     2267     checking whether RTLD_DEFAULT is declared... (cached) yes\n     2268     checking whether RTLD_NEXT is declared... (cached) yes\n     2269     checking ctool/ctool.h usability... no",
    "2266     checking whether linking with -ldl works... yes\n     2267     checking whether RTLD_DEFAULT is declared... (cached) yes\n     2268     checking whether RTLD_NEXT is declared... (cached) yes\n     2269     checking ctool/ctool.h usability... no\n     2270     checking ctool/ctool.h presence... no\n     2271     checking for ctool/ctool.h... no\n>> 2272     configure: error: no ctool/ctool.h found; check path for CTool pa\n              ckage first...\n     2273     checking for LIBC's pathname... /lib64/libc.so.6\n     2274     checking for fork... yes\n     2275     checking for execl... yes\n     2276     checking for execle... yes\n     2277     checking for execlp... yes",
    "2401     checking for mpic++... /p/vast1/koparasy/BUILD/head/spack/lib/spa\n              ck/env/gcc/g++\n     2402     checking for OpenMP flag of C++ compiler... -fopenmp\n     2403     checking vtf3.h usability... no\n     2404     checking vtf3.h presence... no\n     2405     checking for vtf3.h... no\n>> 2406     configure: error: no vtf3.h found; check path for VTF3 package fi\n              rst...\n     2407     checking zlib.h usability... yes\n     2408     checking zlib.h presence... yes\n     2409     checking for zlib.h... yes\n     2410     checking whether linking with -lm works... yes\n     2411     checking whether we need to link -lm to get math functions... no",
    "18539    In file included from vt_metric_papi.c:22:\n     18540    /usr/include/papi.h:1060:29: note: expected 'char *' but argument\n               is of type 'int'\n     18541     1060 |    void   PAPI_perror(char *msg ); /**< Print a PAPI erro\n              r message */\n     18542          |                       ~~~~~~^~~\n>> 18543    vt_metric_papi.c:263:3: error: too many arguments to function 'PA\n              PI_perror'\n     18544      263 |   PAPI_perror(errcode, errstring, PAPI_MAX_STR_LEN);\n     18545          |   ^~~~~~~~~~~\n     18546    In file included from vt_metric_papi.c:22:\n     18547    /usr/include/papi.h:1060:11: note: declared here\n     18548     1060 |    void   PAPI_perror(char *msg ); /**< Print a PAPI erro",
    "18556    In file included from vt_metric_papi.c:22:\n     18557    /usr/include/papi.h:1060:29: note: expected 'char *' but argument\n               is of type 'int'\n     18558     1060 |    void   PAPI_perror(char *msg ); /**< Print a PAPI erro\n              r message */\n     18559          |                       ~~~~~~^~~\n>> 18560    vt_metric_papi.c:277:3: error: too many arguments to function 'PA\n              PI_perror'\n     18561      277 |   PAPI_perror(errcode, errstring, PAPI_MAX_STR_LEN);\n     18562          |   ^~~~~~~~~~~\n     18563    In file included from vt_metric_papi.c:22:\n     18564    /usr/include/papi.h:1060:11: note: declared here\n     18565     1060 |    void   PAPI_perror(char *msg ); /**< Print a PAPI erro",
    "18562          |   ^~~~~~~~~~~\n     18563    In file included from vt_metric_papi.c:22:\n     18564    /usr/include/papi.h:1060:11: note: declared here\n     18565     1060 |    void   PAPI_perror(char *msg ); /**< Print a PAPI erro\n              r message */\n     18566          |           ^~~~~~~~~~~\n>> 18567    make[5]: *** [vt_metric_papi.lo] Error 1\n     18568    make[5]: *** Waiting for unfinished jobs....\n     18569    libtool: compile:  /p/vast1/koparasy/BUILD/head/spack/lib/spack/e\n              nv/gcc/gcc -DHAVE_CONFIG_H -I. -I/var/tmp/koparasy/spack-stage/sp\n              ack-stage-openmpi-1.5.5-y4dgqkk5dzbznuk2dcizui3meclk2t7w/spack-sr\n              c/ompi/contrib/vt/vt/vtlib -I.. -I/var/tmp/koparasy/spack-stage/s\n              pack-stage-openmpi-1.5.5-y4dgqkk5dzbznuk2dcizui3meclk2t7w/spack-s",
    "g -pthread -MT vt_iowrap.lo -MD -MP -MF .deps/vt_iowrap.Tpo -c vt\n              _iowrap.c -o vt_iowrap.o >/dev/null 2>&1\n     18574    mv -f .deps/vt_iowrap.Tpo .deps/vt_iowrap.Plo\n     18575    make[5]: Leaving directory `/tmp/koparasy/spack-stage/spack-stage\n              -openmpi-1.5.5-y4dgqkk5dzbznuk2dcizui3meclk2t7w/spack-src/ompi/co\n              ntrib/vt/vt/vtlib'\n>> 18576    make[4]: *** [all-recursive] Error 1\n     18577    make[4]: Leaving directory `/tmp/koparasy/spack-stage/spack-stage\n              -openmpi-1.5.5-y4dgqkk5dzbznuk2dcizui3meclk2t7w/spack-src/ompi/co\n              ntrib/vt/vt'\n  >> 18578    make[3]: *** [all] Error 2\n     18579    make[3]: Leaving directory `/tmp/koparasy/spack-stage/spack-stage\n              -openmpi-1.5.5-y4dgqkk5dzbznuk2dcizui3meclk2t7w/spack-src/ompi/co",
    "-openmpi-1.5.5-y4dgqkk5dzbznuk2dcizui3meclk2t7w/spack-src/ompi/co\n              ntrib/vt/vt/vtlib'\n  >> 18576    make[4]: *** [all-recursive] Error 1\n     18577    make[4]: Leaving directory `/tmp/koparasy/spack-stage/spack-stage\n              -openmpi-1.5.5-y4dgqkk5dzbznuk2dcizui3meclk2t7w/spack-src/ompi/co\n              ntrib/vt/vt'\n>> 18578    make[3]: *** [all] Error 2\n     18579    make[3]: Leaving directory `/tmp/koparasy/spack-stage/spack-stage\n              -openmpi-1.5.5-y4dgqkk5dzbznuk2dcizui3meclk2t7w/spack-src/ompi/co\n              ntrib/vt/vt'\n  >> 18580    make[2]: *** [all-recursive] Error 1\n     18581    make[2]: Leaving directory `/tmp/koparasy/spack-stage/spack-stage\n              -openmpi-1.5.5-y4dgqkk5dzbznuk2dcizui3meclk2t7w/spack-src/ompi/co",
    "-openmpi-1.5.5-y4dgqkk5dzbznuk2dcizui3meclk2t7w/spack-src/ompi/co\n              ntrib/vt/vt'\n  >> 18578    make[3]: *** [all] Error 2\n     18579    make[3]: Leaving directory `/tmp/koparasy/spack-stage/spack-stage\n              -openmpi-1.5.5-y4dgqkk5dzbznuk2dcizui3meclk2t7w/spack-src/ompi/co\n              ntrib/vt/vt'\n>> 18580    make[2]: *** [all-recursive] Error 1\n     18581    make[2]: Leaving directory `/tmp/koparasy/spack-stage/spack-stage\n              -openmpi-1.5.5-y4dgqkk5dzbznuk2dcizui3meclk2t7w/spack-src/ompi/co\n              ntrib/vt'\n  >> 18582    make[1]: *** [all-recursive] Error 1\n     18583    make[1]: Leaving directory `/tmp/koparasy/spack-stage/spack-stage\n              -openmpi-1.5.5-y4dgqkk5dzbznuk2dcizui3meclk2t7w/spack-src/ompi'",
    "-openmpi-1.5.5-y4dgqkk5dzbznuk2dcizui3meclk2t7w/spack-src/ompi/co\n              ntrib/vt/vt'\n  >> 18580    make[2]: *** [all-recursive] Error 1\n     18581    make[2]: Leaving directory `/tmp/koparasy/spack-stage/spack-stage\n              -openmpi-1.5.5-y4dgqkk5dzbznuk2dcizui3meclk2t7w/spack-src/ompi/co\n              ntrib/vt'\n>> 18582    make[1]: *** [all-recursive] Error 1\n     18583    make[1]: Leaving directory `/tmp/koparasy/spack-stage/spack-stage\n              -openmpi-1.5.5-y4dgqkk5dzbznuk2dcizui3meclk2t7w/spack-src/ompi'\n  >> 18584    make: *** [all-recursive] Error 1\n\nSee build log for details:\n  /var/tmp/koparasy/spack-stage/spack-stage-openmpi-1.5.5-y4dgqkk5dzbznuk2dcizui3meclk2t7w/spack-build-out.txt",
    "18581    make[2]: Leaving directory `/tmp/koparasy/spack-stage/spack-stage\n              -openmpi-1.5.5-y4dgqkk5dzbznuk2dcizui3meclk2t7w/spack-src/ompi/co\n              ntrib/vt'\n  >> 18582    make[1]: *** [all-recursive] Error 1\n     18583    make[1]: Leaving directory `/tmp/koparasy/spack-stage/spack-stage\n              -openmpi-1.5.5-y4dgqkk5dzbznuk2dcizui3meclk2t7w/spack-src/ompi'\n>> 18584    make: *** [all-recursive] Error 1\n\nSee build log for details:\n  /var/tmp/koparasy/spack-stage/spack-stage-openmpi-1.5.5-y4dgqkk5dzbznuk2dcizui3meclk2t7w/spack-build-out.txt\n\nTraceback (most recent call last):\n  File \"/p/vast1/koparasy/BUILD/head/spack/lib/spack/spack/build_environment.py\", line 1035, in _setup_pkg_and_run"
]