[
    "&& it_b != b.end(); ) {\n     1158              ^~~~\n  >> 1159    make[2]: *** [src/math/lp/CMakeFiles/lp.dir/nex_creator.cpp.o] Err\n             or 1\n     1160    make[2]: Leaving directory `/tmp/koparasy/spack-stage/spack-stage-\n             z3-4.8.8-eyrvfahiuzhemr2bscnxhghj5l57wztq/spack-src/build'\n>> 1161    make[1]: *** [src/math/lp/CMakeFiles/lp.dir/all] Error 2\n     1162    make[1]: *** Waiting for unfinished jobs....\n     1163    [ 46%] Building CXX object src/tactic/core/CMakeFiles/core_tactics\n             .dir/dom_simplify_tactic.cpp.o\n     1164    cd /tmp/koparasy/spack-stage/spack-stage-z3-4.8.8-eyrvfahiuzhemr2b\n             scnxhghj5l57wztq/spack-src/build/src/tactic/core && /p/vast1/kopar\n             asy/BUILD/head/spack/lib/spack/env/gcc/g++  -D_EXTERNAL_RELEASE -D",
    "hemr2bscnxhghj5l57wztq/spack-src/src/tactic/core/collect_occs.cpp\n     1207    make[2]: Leaving directory `/tmp/koparasy/spack-stage/spack-stage-\n             z3-4.8.8-eyrvfahiuzhemr2bscnxhghj5l57wztq/spack-src/build'\n     1208    [ 48%] Built target core_tactics\n     1209    make[1]: Leaving directory `/tmp/koparasy/spack-stage/spack-stage-\n             z3-4.8.8-eyrvfahiuzhemr2bscnxhghj5l57wztq/spack-src/build'\n>> 1210    make: *** [all] Error 2\n\nSee build log for details:\n  /var/tmp/koparasy/spack-stage/spack-stage-z3-4.8.8-eyrvfahiuzhemr2bscnxhghj5l57wztq/spack-build-out.txt\n\nTraceback (most recent call last):\n  File \"/p/vast1/koparasy/BUILD/head/spack/lib/spack/spack/build_environment.py\", line 1035, in _setup_pkg_and_run"
]