[
    "116                     from /tmp/koparasy/spack-stage/spack-stage-vtk-h-0\n            .6.7-dvru3jp2g27llexpdw7f7wprol67zweh/spack-src/src/vtkh/vtkm_filte\n            rs/vtkmClip.cpp:1:\n  >> 117    /p/vast1/koparasy/BUILD/spack_cluster_installer/quartz/ascent/spack\n            _env_dir/linux-rhel7-broadwell/gcc-8.3.1/vtk-m-1.6.0-b77d27rzqzlu7f\n            mbn6ao6vzpnwkzwlib/include/vtkm-1.6/vtkm/cont/ImplicitFunctionHandl\ne.h:17:2: error: #error \"ImplicitFunction with virtual methods is r\n            emoved. Do not include ImplicitFunctionHeader.h\"\n     118     #error \"ImplicitFunction with virtual methods is removed. Do not i\n            nclude ImplicitFunctionHeader.h\"\n     119      ^~~~~\n     120    [  3%] Linking CXX shared library ../../../lib/libvtkh_lodepng.so\n     121    cd /tmp/koparasy/spack-stage/spack-stage-vtk-h-0.6.7-dvru3jp2g27lle",
    "ent/spack_env_dir/linux-rhel7-broadwell/gcc-8.3.1/cmake-3.14.4-tcfb\n            txgur5ihpoeakeojq6shzhij56gz/bin/cmake -E cmake_link_script CMakeFi\n            les/vtkh_lodepng.dir/link.txt --verbose=1\n  >> 122    /p/vast1/koparasy/BUILD/spack_cluster_installer/quartz/ascent/spack\n            _env_dir/linux-rhel7-broadwell/gcc-8.3.1/vtk-m-1.6.0-b77d27rzqzlu7f\n            mbn6ao6vzpnwkzwlib/include/vtkm-1.6/vtkm/cont/ImplicitFunctionHandl\ne.h:33:1: error: expected class-name before '{' token\n     123     {\n     124     ^\n  >> 125    /p/vast1/koparasy/BUILD/spack_cluster_installer/quartz/ascent/spack\n            _env_dir/linux-rhel7-broadwell/gcc-8.3.1/vtk-m-1.6.0-b77d27rzqzlu7f\n            mbn6ao6vzpnwkzwlib/include/vtkm-1.6/vtkm/cont/ImplicitFunctionHandl\n            e.h:48:26: error: 'Scalar' does not name a type; did you mean 'scal",
    "e.h:33:1: error: expected class-name before '{' token\n     123     {\n     124     ^\n  >> 125    /p/vast1/koparasy/BUILD/spack_cluster_installer/quartz/ascent/spack\n            _env_dir/linux-rhel7-broadwell/gcc-8.3.1/vtk-m-1.6.0-b77d27rzqzlu7f\n            mbn6ao6vzpnwkzwlib/include/vtkm-1.6/vtkm/cont/ImplicitFunctionHandl\ne.h:48:26: error: 'Scalar' does not name a type; did you mean 'scal\n            bl'?\n     126       VTKM_EXEC_CONT virtual Scalar Value(const Vector& point) const o\n            verride\n     127                              ^~~~~~\n     128                              scalbl\n  >> 129    /p/vast1/koparasy/BUILD/spack_cluster_installer/quartz/ascent/spack",
    "verride\n     127                              ^~~~~~\n     128                              scalbl\n  >> 129    /p/vast1/koparasy/BUILD/spack_cluster_installer/quartz/ascent/spack\n            _env_dir/linux-rhel7-broadwell/gcc-8.3.1/vtk-m-1.6.0-b77d27rzqzlu7f\n            mbn6ao6vzpnwkzwlib/include/vtkm-1.6/vtkm/cont/ImplicitFunctionHandl\ne.h:53:26: error: 'Vector' does not name a type; did you mean 'Vec4\n            ui'?\n     130       VTKM_EXEC_CONT virtual Vector Gradient(const Vector& point) cons\n            t override\n     131                              ^~~~~~\n     132                              Vec4ui\n  >> 133    /p/vast1/koparasy/BUILD/spack_cluster_installer/quartz/ascent/spack",
    "t override\n     131                              ^~~~~~\n     132                              Vec4ui\n  >> 133    /p/vast1/koparasy/BUILD/spack_cluster_installer/quartz/ascent/spack\n            _env_dir/linux-rhel7-broadwell/gcc-8.3.1/vtk-m-1.6.0-b77d27rzqzlu7f\n            mbn6ao6vzpnwkzwlib/include/vtkm-1.6/vtkm/cont/ImplicitFunctionHandl\ne.h:64:73: error: 'ImplicitFunction' is not a member of 'vtkm'\n     134       ImplicitFunctionHandle : public vtkm::cont::VirtualObjectHandle<\n            vtkm::ImplicitFunction>\n     135\n                  ^~~~~~~~~~~~~~~~\n     136    /p/vast1/koparasy/BUILD/spack_cluster_installer/quartz/ascent/spack\n            _env_dir/linux-rhel7-broadwell/gcc-8.3.1/vtk-m-1.6.0-b77d27rzqzlu7f",
    "^~~~~~~~~~~~~~~~\n     139\n                  ImplicitFunctionGeneral\n  >> 140    /p/vast1/koparasy/BUILD/spack_cluster_installer/quartz/ascent/spack\n            _env_dir/linux-rhel7-broadwell/gcc-8.3.1/vtk-m-1.6.0-b77d27rzqzlu7f\n            mbn6ao6vzpnwkzwlib/include/vtkm-1.6/vtkm/cont/ImplicitFunctionHandl\ne.h:64:73: error: 'ImplicitFunction' is not a member of 'vtkm'\n     141    /p/vast1/koparasy/BUILD/spack_cluster_installer/quartz/ascent/spack\n            _env_dir/linux-rhel7-broadwell/gcc-8.3.1/vtk-m-1.6.0-b77d27rzqzlu7f\n            mbn6ao6vzpnwkzwlib/include/vtkm-1.6/vtkm/cont/ImplicitFunctionHandl\n            e.h:64:73: note: suggested alternative: 'ImplicitFunctionGeneral'\n     142       ImplicitFunctionHandle : public vtkm::cont::VirtualObjectHandle<\n            vtkm::ImplicitFunction>",
    "^~~~~~~~~~~~~~~~\n     144\n                  ImplicitFunctionGeneral\n  >> 145    /p/vast1/koparasy/BUILD/spack_cluster_installer/quartz/ascent/spack\n            _env_dir/linux-rhel7-broadwell/gcc-8.3.1/vtk-m-1.6.0-b77d27rzqzlu7f\n            mbn6ao6vzpnwkzwlib/include/vtkm-1.6/vtkm/cont/ImplicitFunctionHandl\ne.h:64:89: error: template argument 1 is invalid\n     146       ImplicitFunctionHandle : public vtkm::cont::VirtualObjectHandle<\n            vtkm::ImplicitFunction>\n     147\n                                  ^\n  >> 148    /p/vast1/koparasy/BUILD/spack_cluster_installer/quartz/ascent/spack\n            _env_dir/linux-rhel7-broadwell/gcc-8.3.1/vtk-m-1.6.0-b77d27rzqzlu7f",
    "vtkm::ImplicitFunction>\n     147\n                                  ^\n  >> 148    /p/vast1/koparasy/BUILD/spack_cluster_installer/quartz/ascent/spack\n            _env_dir/linux-rhel7-broadwell/gcc-8.3.1/vtk-m-1.6.0-b77d27rzqzlu7f\n            mbn6ao6vzpnwkzwlib/include/vtkm-1.6/vtkm/cont/ImplicitFunctionHandl\ne.h:67:60: error: 'ImplicitFunction' is not a member of 'vtkm'\n     149       using Superclass = vtkm::cont::VirtualObjectHandle<vtkm::Implici\n            tFunction>;\n     150                                                                ^~~~~~~\n            ~~~~~~~~~\n     151    /p/vast1/koparasy/BUILD/spack_cluster_installer/quartz/ascent/spack\n            _env_dir/linux-rhel7-broadwell/gcc-8.3.1/vtk-m-1.6.0-b77d27rzqzlu7f",
    "~~~~~~~~~\n     154                                                                Implici\n            tFunctionGeneral\n  >> 155    /p/vast1/koparasy/BUILD/spack_cluster_installer/quartz/ascent/spack\n            _env_dir/linux-rhel7-broadwell/gcc-8.3.1/vtk-m-1.6.0-b77d27rzqzlu7f\n            mbn6ao6vzpnwkzwlib/include/vtkm-1.6/vtkm/cont/ImplicitFunctionHandl\ne.h:67:60: error: 'ImplicitFunction' is not a member of 'vtkm'\n     156    /p/vast1/koparasy/BUILD/spack_cluster_installer/quartz/ascent/spack\n            _env_dir/linux-rhel7-broadwell/gcc-8.3.1/vtk-m-1.6.0-b77d27rzqzlu7f\n            mbn6ao6vzpnwkzwlib/include/vtkm-1.6/vtkm/cont/ImplicitFunctionHandl\n            e.h:67:60: note: suggested alternative: 'ImplicitFunctionGeneral'\n     157       using Superclass = vtkm::cont::VirtualObjectHandle<vtkm::Implici\n            tFunction>;",
    "~~~~~~~~~\n     159                                                                Implici\n            tFunctionGeneral\n  >> 160    /p/vast1/koparasy/BUILD/spack_cluster_installer/quartz/ascent/spack\n            _env_dir/linux-rhel7-broadwell/gcc-8.3.1/vtk-m-1.6.0-b77d27rzqzlu7f\n            mbn6ao6vzpnwkzwlib/include/vtkm-1.6/vtkm/cont/ImplicitFunctionHandl\ne.h:67:76: error: template argument 1 is invalid\n     161       using Superclass = vtkm::cont::VirtualObjectHandle<vtkm::Implici\n            tFunction>;\n     162\n                     ^\n  >> 163    /p/vast1/koparasy/BUILD/spack_cluster_installer/quartz/ascent/spack\n            _env_dir/linux-rhel7-broadwell/gcc-8.3.1/vtk-m-1.6.0-b77d27rzqzlu7f",
    "tFunction>;\n     162\n                     ^\n  >> 163    /p/vast1/koparasy/BUILD/spack_cluster_installer/quartz/ascent/spack\n            _env_dir/linux-rhel7-broadwell/gcc-8.3.1/vtk-m-1.6.0-b77d27rzqzlu7f\n            mbn6ao6vzpnwkzwlib/include/vtkm-1.6/vtkm/cont/ImplicitFunctionHandl\ne.h:75:37: error: 'ImplicitFunction' is not a member of 'vtkm'\n     164                   std::is_base_of<vtkm::ImplicitFunction, VirtualDeriv\n            edType>::value>::type>\n     165                                         ^~~~~~~~~~~~~~~~\n     166    /p/vast1/koparasy/BUILD/spack_cluster_installer/quartz/ascent/spack\n            _env_dir/linux-rhel7-broadwell/gcc-8.3.1/vtk-m-1.6.0-b77d27rzqzlu7f\n            mbn6ao6vzpnwkzwlib/include/vtkm-1.6/vtkm/cont/ImplicitFunctionHandl",
    "edType>::value>::type>\n     168                                         ^~~~~~~~~~~~~~~~\n     169                                         ImplicitFunctionGeneral\n  >> 170    /p/vast1/koparasy/BUILD/spack_cluster_installer/quartz/ascent/spack\n            _env_dir/linux-rhel7-broadwell/gcc-8.3.1/vtk-m-1.6.0-b77d27rzqzlu7f\n            mbn6ao6vzpnwkzwlib/include/vtkm-1.6/vtkm/cont/ImplicitFunctionHandl\ne.h:75:37: error: 'ImplicitFunction' is not a member of 'vtkm'\n     171    /p/vast1/koparasy/BUILD/spack_cluster_installer/quartz/ascent/spack\n            _env_dir/linux-rhel7-broadwell/gcc-8.3.1/vtk-m-1.6.0-b77d27rzqzlu7f\n            mbn6ao6vzpnwkzwlib/include/vtkm-1.6/vtkm/cont/ImplicitFunctionHandl\n            e.h:75:37: note: suggested alternative: 'ImplicitFunctionGeneral'\n     172                   std::is_base_of<vtkm::ImplicitFunction, VirtualDeriv\n            edType>::value>::type>",
    "edType>::value>::type>\n     173                                         ^~~~~~~~~~~~~~~~\n     174                                         ImplicitFunctionGeneral\n  >> 175    /p/vast1/koparasy/BUILD/spack_cluster_installer/quartz/ascent/spack\n            _env_dir/linux-rhel7-broadwell/gcc-8.3.1/vtk-m-1.6.0-b77d27rzqzlu7f\n            mbn6ao6vzpnwkzwlib/include/vtkm-1.6/vtkm/cont/ImplicitFunctionHandl\ne.h:75:73: error: template argument 1 is invalid\n     176                   std::is_base_of<vtkm::ImplicitFunction, VirtualDeriv\n            edType>::value>::type>\n     177\n                  ^\n  >> 178    /p/vast1/koparasy/BUILD/spack_cluster_installer/quartz/ascent/spack\n            _env_dir/linux-rhel7-broadwell/gcc-8.3.1/vtk-m-1.6.0-b77d27rzqzlu7f",
    "edType>::value>::type>\n     177\n                  ^\n  >> 178    /p/vast1/koparasy/BUILD/spack_cluster_installer/quartz/ascent/spack\n            _env_dir/linux-rhel7-broadwell/gcc-8.3.1/vtk-m-1.6.0-b77d27rzqzlu7f\n            mbn6ao6vzpnwkzwlib/include/vtkm-1.6/vtkm/cont/ImplicitFunctionHandl\ne.h:75:81: error: template argument 1 is invalid\n     179                   std::is_base_of<vtkm::ImplicitFunction, VirtualDeriv\n            edType>::value>::type>\n     180\n                          ^\n  >> 181    /p/vast1/koparasy/BUILD/spack_cluster_installer/quartz/ascent/spack\n            _env_dir/linux-rhel7-broadwell/gcc-8.3.1/vtk-m-1.6.0-b77d27rzqzlu7f",
    "edType>::value>::type>\n     180\n                          ^\n  >> 181    /p/vast1/koparasy/BUILD/spack_cluster_installer/quartz/ascent/spack\n            _env_dir/linux-rhel7-broadwell/gcc-8.3.1/vtk-m-1.6.0-b77d27rzqzlu7f\n            mbn6ao6vzpnwkzwlib/include/vtkm-1.6/vtkm/cont/ImplicitFunctionHandl\ne.h:119:37: error: 'ImplicitFunction' is not a member of 'vtkm'\n     182                   std::is_base_of<vtkm::ImplicitFunction, VirtualDeriv\n            edType>::value>::type>\n     183                                         ^~~~~~~~~~~~~~~~\n     184    /p/vast1/koparasy/BUILD/spack_cluster_installer/quartz/ascent/spack\n            _env_dir/linux-rhel7-broadwell/gcc-8.3.1/vtk-m-1.6.0-b77d27rzqzlu7f\n            mbn6ao6vzpnwkzwlib/include/vtkm-1.6/vtkm/cont/ImplicitFunctionHandl",
    "edType>::value>::type>\n     186                                         ^~~~~~~~~~~~~~~~\n     187                                         ImplicitFunctionGeneral\n  >> 188    /p/vast1/koparasy/BUILD/spack_cluster_installer/quartz/ascent/spack\n            _env_dir/linux-rhel7-broadwell/gcc-8.3.1/vtk-m-1.6.0-b77d27rzqzlu7f\n            mbn6ao6vzpnwkzwlib/include/vtkm-1.6/vtkm/cont/ImplicitFunctionHandl\ne.h:119:37: error: 'ImplicitFunction' is not a member of 'vtkm'\n     189    /p/vast1/koparasy/BUILD/spack_cluster_installer/quartz/ascent/spack\n            _env_dir/linux-rhel7-broadwell/gcc-8.3.1/vtk-m-1.6.0-b77d27rzqzlu7f\n            mbn6ao6vzpnwkzwlib/include/vtkm-1.6/vtkm/cont/ImplicitFunctionHandl\n            e.h:119:37: note: suggested alternative: 'ImplicitFunctionGeneral'\n     190                   std::is_base_of<vtkm::ImplicitFunction, VirtualDeriv\n            edType>::value>::type>",
    "edType>::value>::type>\n     191                                         ^~~~~~~~~~~~~~~~\n     192                                         ImplicitFunctionGeneral\n  >> 193    /p/vast1/koparasy/BUILD/spack_cluster_installer/quartz/ascent/spack\n            _env_dir/linux-rhel7-broadwell/gcc-8.3.1/vtk-m-1.6.0-b77d27rzqzlu7f\n            mbn6ao6vzpnwkzwlib/include/vtkm-1.6/vtkm/cont/ImplicitFunctionHandl\ne.h:119:73: error: template argument 1 is invalid\n     194                   std::is_base_of<vtkm::ImplicitFunction, VirtualDeriv\n            edType>::value>::type>\n     195\n                  ^\n  >> 196    /p/vast1/koparasy/BUILD/spack_cluster_installer/quartz/ascent/spack\n            _env_dir/linux-rhel7-broadwell/gcc-8.3.1/vtk-m-1.6.0-b77d27rzqzlu7f",
    "edType>::value>::type>\n     195\n                  ^\n  >> 196    /p/vast1/koparasy/BUILD/spack_cluster_installer/quartz/ascent/spack\n            _env_dir/linux-rhel7-broadwell/gcc-8.3.1/vtk-m-1.6.0-b77d27rzqzlu7f\n            mbn6ao6vzpnwkzwlib/include/vtkm-1.6/vtkm/cont/ImplicitFunctionHandl\ne.h:119:81: error: template argument 1 is invalid\n     197                   std::is_base_of<vtkm::ImplicitFunction, VirtualDeriv\n            edType>::value>::type>\n     198\n                          ^\n     199    /p/vast1/koparasy/BUILD/spack_cluster_installer/quartz/ascent/spack\n            _env_dir/linux-rhel7-broadwell/gcc-8.3.1/vtk-m-1.6.0-b77d27rzqzlu7f",
    "mbn6ao6vzpnwkzwlib/include/vtkm-1.6/vtkm/cont/ImplicitFunctionHandl\n            e.h: In constructor 'vtkm::cont::ImplicitFunctionHandle::ImplicitFu\n            nctionHandle(VirtualDerivedType*, bool, DeviceAdapterList)':\n  >> 200    /p/vast1/koparasy/BUILD/spack_cluster_installer/quartz/ascent/spack\n            _env_dir/linux-rhel7-broadwell/gcc-8.3.1/vtk-m-1.6.0-b77d27rzqzlu7f\n            mbn6ao6vzpnwkzwlib/include/vtkm-1.6/vtkm/cont/ImplicitFunctionHandl\ne.h:79:7: error: class 'vtkm::cont::ImplicitFunctionHandle' does no\n            t have any field named 'Superclass'\n     201         : Superclass(function, acquireOwnership, devices)\n     202           ^~~~~~~~~~\n     203    /p/vast1/koparasy/BUILD/spack_cluster_installer/quartz/ascent/spack\n            _env_dir/linux-rhel7-broadwell/gcc-8.3.1/vtk-m-1.6.0-b77d27rzqzlu7f\n            mbn6ao6vzpnwkzwlib/include/vtkm-1.6/vtkm/cont/ImplicitFunctionHandl",
    "e.h: In constructor 'vtkm::cont::ImplicitFunctionHandle::ImplicitFu\n            nctionHandle(vtkm::internal::ImplicitFunctionBase<FunctionType>*, b\n            ool, DeviceAdapterList)':\n  >> 204    /p/vast1/koparasy/BUILD/spack_cluster_installer/quartz/ascent/spack\n            _env_dir/linux-rhel7-broadwell/gcc-8.3.1/vtk-m-1.6.0-b77d27rzqzlu7f\n            mbn6ao6vzpnwkzwlib/include/vtkm-1.6/vtkm/cont/ImplicitFunctionHandl\ne.h:89:7: error: class 'vtkm::cont::ImplicitFunctionHandle' does no\n            t have any field named 'Superclass'\n     205         : Superclass(new detail::ImplicitFunctionBaseExecWrapper<Impli\n            citFunctionType>(\n     206           ^~~~~~~~~~\n     207    /p/vast1/koparasy/BUILD/spack_cluster_installer/quartz/ascent/spack\n            _env_dir/linux-rhel7-broadwell/gcc-8.3.1/vtk-m-1.6.0-b77d27rzqzlu7f",
    "mbn6ao6vzpnwkzwlib/include/vtkm-1.6/vtkm/cont/ImplicitFunctionHandl\n            e.h: In member function 'void vtkm::cont::ImplicitFunctionHandle::R\n            eset(VirtualDerivedType*, bool, DeviceAdapterList)':\n  >> 208    /p/vast1/koparasy/BUILD/spack_cluster_installer/quartz/ascent/spack\n            _env_dir/linux-rhel7-broadwell/gcc-8.3.1/vtk-m-1.6.0-b77d27rzqzlu7f\n            mbn6ao6vzpnwkzwlib/include/vtkm-1.6/vtkm/cont/ImplicitFunctionHandl\ne.h:124:11: error: 'vtkm::cont::ImplicitFunctionHandle::Superclass'\n             has not been declared\n     209         this->Superclass::Reset(derived, acquireOwnership, devices);\n     210               ^~~~~~~~~~\n     211    /p/vast1/koparasy/BUILD/spack_cluster_installer/quartz/ascent/spack\n            _env_dir/linux-rhel7-broadwell/gcc-8.3.1/vtk-m-1.6.0-b77d27rzqzlu7f\n            mbn6ao6vzpnwkzwlib/include/vtkm-1.6/vtkm/cont/ImplicitFunctionHandl",
    "_env_dir/linux-rhel7-broadwell/gcc-8.3.1/vtk-m-1.6.0-b77d27rzqzlu7f\n            mbn6ao6vzpnwkzwlib/include/vtkm-1.6/vtkm/cont/ImplicitFunctionHandl\n            e.h: At global scope:\n  >> 212    /p/vast1/koparasy/BUILD/spack_cluster_installer/quartz/ascent/spack\n            _env_dir/linux-rhel7-broadwell/gcc-8.3.1/vtk-m-1.6.0-b77d27rzqzlu7f\n            mbn6ao6vzpnwkzwlib/include/vtkm-1.6/vtkm/cont/ImplicitFunctionHandl\ne.h:192:9: error: 'ImplicitFunctionValue' in namespace 'vtkm' does\n            not name a type\n     213       vtkm::ImplicitFunctionValue PrepareForExecution(vtkm::cont::Devi\n            ceAdapterId device,\n     214             ^~~~~~~~~~~~~~~~~~~~~\n     215    /p/vast1/koparasy/BUILD/spack_cluster_installer/quartz/ascent/spack\n            _env_dir/linux-rhel7-broadwell/gcc-8.3.1/vtk-m-1.6.0-b77d27rzqzlu7f",
    "ceAdapterId device,\n     217       ^~~~\n     218       ImplicitFunctionGeneral\n  >> 219    /p/vast1/koparasy/BUILD/spack_cluster_installer/quartz/ascent/spack\n            _env_dir/linux-rhel7-broadwell/gcc-8.3.1/vtk-m-1.6.0-b77d27rzqzlu7f\n            mbn6ao6vzpnwkzwlib/include/vtkm-1.6/vtkm/cont/ImplicitFunctionHandl\ne.h:198:19: error: 'ImplicitFunctionValue' in namespace 'vtkm' does\n             not name a type\n     220       VTKM_CONT vtkm::ImplicitFunctionValue PrepareForControl() const\n     221                       ^~~~~~~~~~~~~~~~~~~~~\n     222    /p/vast1/koparasy/BUILD/spack_cluster_installer/quartz/ascent/spack\n            _env_dir/linux-rhel7-broadwell/gcc-8.3.1/vtk-m-1.6.0-b77d27rzqzlu7f\n            mbn6ao6vzpnwkzwlib/include/vtkm-1.6/vtkm/cont/ImplicitFunctionHandl",
    "thirdparty/diy/vtkmdiy/include/vtkmdiy/mpi  -O3 -DNDEBUG -fPIC -fvi\n            sibility=hidden   -ffunction-sections -fopenmp -pthread -std=c++11\n            -o CMakeFiles/vtkh_core.dir/Timer.cpp.o -c /tmp/koparasy/spack-stag\n            e/spack-stage-vtk-h-0.6.7-dvru3jp2g27llexpdw7f7wprol67zweh/spack-sr\n            c/src/vtkh/Timer.cpp\n  >> 306    /tmp/koparasy/spack-stage/spack-stage-vtk-h-0.6.7-dvru3jp2g27llexpd\nw7f7wprol67zweh/spack-src/src/vtkh/DataSet.cpp:70:45: error: invali\n            d use of incomplete type 'class vtkm::worklet::WorkletMapField'\n     307     class MemSetWorklet : public vtkm::worklet::WorkletMapField\n     308                                                 ^~~~~~~~~~~~~~~\n     309    In file included from /tmp/koparasy/spack-stage/spack-stage-vtk-h-0\n            .6.7-dvru3jp2g27llexpdw7f7wprol67zweh/spack-src/src/vtkh/DataSet.cp\n            p:15:",
    "mbn6ao6vzpnwkzwlib/include/vtkm-1.6/vtkm/worklet/DispatcherMapField\n            .h:20:7: note: forward declaration of 'class vtkm::worklet::Worklet\n            MapField'\n     311     class WorkletMapField;\n     312           ^~~~~~~~~~~~~~~\n  >> 313    /tmp/koparasy/spack-stage/spack-stage-vtk-h-0.6.7-dvru3jp2g27llexpd\nw7f7wprol67zweh/spack-src/src/vtkh/DataSet.cpp:81:33: error: 'Field\n            Out' has not been declared\n     314       typedef void ControlSignature(FieldOut);\n     315                                     ^~~~~~~~\n  >> 316    /tmp/koparasy/spack-stage/spack-stage-vtk-h-0.6.7-dvru3jp2g27llexpd\n            w7f7wprol67zweh/spack-src/src/vtkh/DataSet.cpp:82:35: error: '_1' h\n            as not been declared",
    ">> 313    /tmp/koparasy/spack-stage/spack-stage-vtk-h-0.6.7-dvru3jp2g27llexpd\n            w7f7wprol67zweh/spack-src/src/vtkh/DataSet.cpp:81:33: error: 'Field\n            Out' has not been declared\n     314       typedef void ControlSignature(FieldOut);\n     315                                     ^~~~~~~~\n  >> 316    /tmp/koparasy/spack-stage/spack-stage-vtk-h-0.6.7-dvru3jp2g27llexpd\nw7f7wprol67zweh/spack-src/src/vtkh/DataSet.cpp:82:35: error: '_1' h\n            as not been declared\n     317       typedef void ExecutionSignature(_1);\n     318                                       ^~\n     319    [ 13%] Building CXX object vtkh/CMakeFiles/vtkh_core.dir/Statistics\n            DB.cpp.o\n     320    cd /tmp/koparasy/spack-stage/spack-stage-vtk-h-0.6.7-dvru3jp2g27lle",
    "332    /tmp/koparasy/spack-stage/spack-stage-vtk-h-0.6.7-dvru3jp2g27llexpd\n            w7f7wprol67zweh/spack-src/src/vtkh/DataSet.cpp:647:44:   required f\n            rom here\n  >> 333    /p/vast1/koparasy/BUILD/spack_cluster_installer/quartz/ascent/spack\n            _env_dir/linux-rhel7-broadwell/gcc-8.3.1/vtk-m-1.6.0-b77d27rzqzlu7f\n            mbn6ao6vzpnwkzwlib/include/vtkm-1.6/vtkm/worklet/internal/Dispatche\nrBase.h:228:5: error: static assertion failed: Provided a type that\n             is not a valid ControlSignature tag.\n     334         VTKM_IS_CONTROL_SIGNATURE_TAG(ControlSignatureTag);\n     335         ^\n     336    /p/vast1/koparasy/BUILD/spack_cluster_installer/quartz/ascent/spack\n            _env_dir/linux-rhel7-broadwell/gcc-8.3.1/vtk-m-1.6.0-b77d27rzqzlu7f\n            mbn6ao6vzpnwkzwlib/include/vtkm-1.6/vtkm/worklet/internal/Dispatche",
    "342    /tmp/koparasy/spack-stage/spack-stage-vtk-h-0.6.7-dvru3jp2g27llexpd\n            w7f7wprol67zweh/spack-src/src/vtkh/DataSet.cpp:647:44:   required f\n            rom here\n  >> 343    /p/vast1/koparasy/BUILD/spack_cluster_installer/quartz/ascent/spack\n            _env_dir/linux-rhel7-broadwell/gcc-8.3.1/vtk-m-1.6.0-b77d27rzqzlu7f\n            mbn6ao6vzpnwkzwlib/include/vtkm-1.6/vtkm/worklet/internal/Dispatche\nrBase.h:242:5: error: static assertion failed: Provided a type that\n             is not a valid ExecutionSignature tag.\n     344         VTKM_IS_EXECUTION_SIGNATURE_TAG(ExecutionSignatureTag);\n     345         ^\n     346    In file included from /p/vast1/koparasy/BUILD/spack_cluster_install\n            er/quartz/ascent/spack_env_dir/linux-rhel7-broadwell/gcc-8.3.1/vtk-\n            m-1.6.0-b77d27rzqzlu7fmbn6ao6vzpnwkzwlib/include/vtkm-1.6/vtkm/work",
    "351    /tmp/koparasy/spack-stage/spack-stage-vtk-h-0.6.7-dvru3jp2g27llexpd\n            w7f7wprol67zweh/spack-src/src/vtkh/DataSet.cpp:647:44:   required f\n            rom here\n  >> 352    /p/vast1/koparasy/BUILD/spack_cluster_installer/quartz/ascent/spack\n            _env_dir/linux-rhel7-broadwell/gcc-8.3.1/vtk-m-1.6.0-b77d27rzqzlu7f\n            mbn6ao6vzpnwkzwlib/include/vtkm-1.6/vtkm/worklet/internal/Dispatche\nrBase.h:594:56: error: no type named 'ScatterType' in 'class vtkh::\n            detail::MemSetWorklet<float>'\n     353       using ScatterType = typename WorkletType::ScatterType;\n     354                                                            ^\n  >> 355    /p/vast1/koparasy/BUILD/spack_cluster_installer/quartz/ascent/spack\n            _env_dir/linux-rhel7-broadwell/gcc-8.3.1/vtk-m-1.6.0-b77d27rzqzlu7f\n            mbn6ao6vzpnwkzwlib/include/vtkm-1.6/vtkm/worklet/internal/Dispatche",
    "detail::MemSetWorklet<float>'\n     353       using ScatterType = typename WorkletType::ScatterType;\n     354                                                            ^\n  >> 355    /p/vast1/koparasy/BUILD/spack_cluster_installer/quartz/ascent/spack\n            _env_dir/linux-rhel7-broadwell/gcc-8.3.1/vtk-m-1.6.0-b77d27rzqzlu7f\n            mbn6ao6vzpnwkzwlib/include/vtkm-1.6/vtkm/worklet/internal/Dispatche\nrBase.h:595:50: error: no type named 'MaskType' in 'class vtkh::det\n            ail::MemSetWorklet<float>'\n     356       using MaskType = typename WorkletType::MaskType;\n     357                                                      ^\n  >> 358    make[2]: *** [vtkh/CMakeFiles/vtkh_core.dir/DataSet.cpp.o] Error 1\n     359    make[2]: *** Waiting for unfinished jobs....\n     360    [ 14%] Linking CXX shared library ../../lib/libvtkh_utils_mpi.so",
    "_env_dir/linux-rhel7-broadwell/gcc-8.3.1/vtk-m-1.6.0-b77d27rzqzlu7f\n            mbn6ao6vzpnwkzwlib/include/vtkm-1.6/vtkm/worklet/internal/Dispatche\n            rBase.h:595:50: error: no type named 'MaskType' in 'class vtkh::det\n            ail::MemSetWorklet<float>'\n     356       using MaskType = typename WorkletType::MaskType;\n     357                                                      ^\n>> 358    make[2]: *** [vtkh/CMakeFiles/vtkh_core.dir/DataSet.cpp.o] Error 1\n     359    make[2]: *** Waiting for unfinished jobs....\n     360    [ 14%] Linking CXX shared library ../../lib/libvtkh_utils_mpi.so\n     361    cd /tmp/koparasy/spack-stage/spack-stage-vtk-h-0.6.7-dvru3jp2g27lle\n            xpdw7f7wprol67zweh/spack-src/spack-build/vtkh/utils && /p/vast1/kop\n            arasy/BUILD/spack_cluster_installer/quartz/ascent/spack_env_dir/lin\n            ux-rhel7-broadwell/gcc-8.3.1/cmake-3.14.4-tcfbtxgur5ihpoeakeojq6shz",
    "m_lodepng-1.6.a -lrt\n     363    make[2]: Leaving directory `/tmp/koparasy/spack-stage/spack-stage-v\n            tk-h-0.6.7-dvru3jp2g27llexpdw7f7wprol67zweh/spack-src/spack-build'\n     364    [ 14%] Built target vtkh_utils_mpi\n     365    make[2]: Leaving directory `/tmp/koparasy/spack-stage/spack-stage-v\n            tk-h-0.6.7-dvru3jp2g27llexpdw7f7wprol67zweh/spack-src/spack-build'\n>> 366    make[1]: *** [vtkh/CMakeFiles/vtkh_core.dir/all] Error 2\n     367    make[1]: Leaving directory `/tmp/koparasy/spack-stage/spack-stage-v\n            tk-h-0.6.7-dvru3jp2g27llexpdw7f7wprol67zweh/spack-src/spack-build'\n  >> 368    make: *** [all] Error 2\n\nSee build log for details:\n  /var/tmp/koparasy/spack-stage/spack-stage-vtk-h-0.6.7-dvru3jp2g27llexpdw7f7wprol67zweh/spack-build-out.txt",
    "364    [ 14%] Built target vtkh_utils_mpi\n     365    make[2]: Leaving directory `/tmp/koparasy/spack-stage/spack-stage-v\n            tk-h-0.6.7-dvru3jp2g27llexpdw7f7wprol67zweh/spack-src/spack-build'\n  >> 366    make[1]: *** [vtkh/CMakeFiles/vtkh_core.dir/all] Error 2\n     367    make[1]: Leaving directory `/tmp/koparasy/spack-stage/spack-stage-v\n            tk-h-0.6.7-dvru3jp2g27llexpdw7f7wprol67zweh/spack-src/spack-build'\n>> 368    make: *** [all] Error 2\n\nSee build log for details:\n  /var/tmp/koparasy/spack-stage/spack-stage-vtk-h-0.6.7-dvru3jp2g27llexpdw7f7wprol67zweh/spack-build-out.txt\n\nTraceback (most recent call last):\n  File \"/p/vast1/koparasy/BUILD/spack/lib/spack/spack/build_environment.py\", line 1035, in _setup_pkg_and_run"
]