[
    "y/core -Inumpy/core/src/npymath -Inumpy/core/src/multiarray -Inump\n             y/core/src/umath -Inumpy/core/src/npysort -Inumpy/core/include -I/\n             p/vast1/koparasy/BUILD/spack_cluster_installer/quartz/py-petsc4py/\n             spack_env_dir/linux-rhel7-broadwell/gcc-9.3.1/python-2.7.18-fhyuos\n             sqnn72elgmimlggs2rn3pfsqnd/include/python2.7 -c'\n     217     gcc: _configtest.c\n218     _configtest.c:3:5: warning: function declaration isn't a prototype\n              [-Wstrict-prototypes]\n     219         3 | int main ()\n     220           |     ^~~~\n     221     _configtest.c: In function 'main':\n  >> 222     _configtest.c:5:16: error: size of array 'test_array' is negative\n     223         5 |     static int test_array [1 - 2 * !(((long) (sizeof (npy_",
    "220           |     ^~~~\n     221     _configtest.c: In function 'main':\n  >> 222     _configtest.c:5:16: error: size of array 'test_array' is negative\n     223         5 |     static int test_array [1 - 2 * !(((long) (sizeof (npy_\n             check_sizeof_type))) == 4)];\n     224           |                ^~~~~~~~~~\n225     _configtest.c:5:16: warning: variable 'test_array' set but not use\n             d [-Wunused-but-set-variable]\n     226     _configtest.c:3:5: warning: function declaration isn't a prototype\n              [-Wstrict-prototypes]\n     227         3 | int main ()\n     228           |     ^~~~\n     229     _configtest.c: In function 'main':",
    ">> 222     _configtest.c:5:16: error: size of array 'test_array' is negative\n     223         5 |     static int test_array [1 - 2 * !(((long) (sizeof (npy_\n             check_sizeof_type))) == 4)];\n     224           |                ^~~~~~~~~~\n     225     _configtest.c:5:16: warning: variable 'test_array' set but not use\n             d [-Wunused-but-set-variable]\n226     _configtest.c:3:5: warning: function declaration isn't a prototype\n              [-Wstrict-prototypes]\n     227         3 | int main ()\n     228           |     ^~~~\n     229     _configtest.c: In function 'main':\n  >> 230     _configtest.c:5:16: error: size of array 'test_array' is negative\n     231         5 |     static int test_array [1 - 2 * !(((long) (sizeof (npy_",
    "228           |     ^~~~\n     229     _configtest.c: In function 'main':\n  >> 230     _configtest.c:5:16: error: size of array 'test_array' is negative\n     231         5 |     static int test_array [1 - 2 * !(((long) (sizeof (npy_\n             check_sizeof_type))) == 4)];\n     232           |                ^~~~~~~~~~\n233     _configtest.c:5:16: warning: variable 'test_array' set but not use\n             d [-Wunused-but-set-variable]\n     234     C compiler: /p/vast1/koparasy/BUILD/head/spack/lib/spack/env/gcc/g\n             cc -fno-strict-aliasing -fPIC -DNDEBUG -g -fwrapv -O3 -Wall -Wstri\n             ct-prototypes -fPIC\n     235\n     236     compile options: '-Inumpy/core/src/private -Inumpy/core/src -Inump",
    "y/core -Inumpy/core/src/npymath -Inumpy/core/src/multiarray -Inump\n             y/core/src/umath -Inumpy/core/src/npysort -Inumpy/core/include -I/\n             p/vast1/koparasy/BUILD/spack_cluster_installer/quartz/py-petsc4py/\n             spack_env_dir/linux-rhel7-broadwell/gcc-9.3.1/python-2.7.18-fhyuos\n             sqnn72elgmimlggs2rn3pfsqnd/include/python2.7 -c'\n     237     gcc: _configtest.c\n238     _configtest.c:3:5: warning: function declaration isn't a prototype\n              [-Wstrict-prototypes]\n     239         3 | int main ()\n     240           |     ^~~~\n     241     _configtest.c: In function 'main':\n  >> 242     _configtest.c:5:16: error: size of array 'test_array' is negative\n     243         5 |     static int test_array [1 - 2 * !(((long) (sizeof (npy_",
    "240           |     ^~~~\n     241     _configtest.c: In function 'main':\n  >> 242     _configtest.c:5:16: error: size of array 'test_array' is negative\n     243         5 |     static int test_array [1 - 2 * !(((long) (sizeof (npy_\n             check_sizeof_type))) == 4)];\n     244           |                ^~~~~~~~~~\n245     _configtest.c:5:16: warning: variable 'test_array' set but not use\n             d [-Wunused-but-set-variable]\n     246     _configtest.c:3:5: warning: function declaration isn't a prototype\n              [-Wstrict-prototypes]\n     247         3 | int main ()\n     248           |     ^~~~\n     249     _configtest.c: In function 'main':",
    ">> 242     _configtest.c:5:16: error: size of array 'test_array' is negative\n     243         5 |     static int test_array [1 - 2 * !(((long) (sizeof (npy_\n             check_sizeof_type))) == 4)];\n     244           |                ^~~~~~~~~~\n     245     _configtest.c:5:16: warning: variable 'test_array' set but not use\n             d [-Wunused-but-set-variable]\n246     _configtest.c:3:5: warning: function declaration isn't a prototype\n              [-Wstrict-prototypes]\n     247         3 | int main ()\n     248           |     ^~~~\n     249     _configtest.c: In function 'main':\n  >> 250     _configtest.c:5:16: error: size of array 'test_array' is negative\n     251         5 |     static int test_array [1 - 2 * !(((long) (sizeof (npy_",
    "248           |     ^~~~\n     249     _configtest.c: In function 'main':\n  >> 250     _configtest.c:5:16: error: size of array 'test_array' is negative\n     251         5 |     static int test_array [1 - 2 * !(((long) (sizeof (npy_\n             check_sizeof_type))) == 4)];\n     252           |                ^~~~~~~~~~\n253     _configtest.c:5:16: warning: variable 'test_array' set but not use\n             d [-Wunused-but-set-variable]\n     254     C compiler: /p/vast1/koparasy/BUILD/head/spack/lib/spack/env/gcc/g\n             cc -fno-strict-aliasing -fPIC -DNDEBUG -g -fwrapv -O3 -Wall -Wstri\n             ct-prototypes -fPIC\n     255\n     256     compile options: '-Inumpy/core/src/private -Inumpy/core/src -Inump",
    "y/core -Inumpy/core/src/npymath -Inumpy/core/src/multiarray -Inump\n             y/core/src/umath -Inumpy/core/src/npysort -Inumpy/core/include -I/\n             p/vast1/koparasy/BUILD/spack_cluster_installer/quartz/py-petsc4py/\n             spack_env_dir/linux-rhel7-broadwell/gcc-9.3.1/python-2.7.18-fhyuos\n             sqnn72elgmimlggs2rn3pfsqnd/include/python2.7 -c'\n     257     gcc: _configtest.c\n258     _configtest.c:3:5: warning: function declaration isn't a prototype\n              [-Wstrict-prototypes]\n     259         3 | int main ()\n     260           |     ^~~~\n     261     _configtest.c: In function 'main':\n  >> 262     _configtest.c:5:16: error: size of array 'test_array' is negative\n     263         5 |     static int test_array [1 - 2 * !(((long) (sizeof (npy_",
    "260           |     ^~~~\n     261     _configtest.c: In function 'main':\n  >> 262     _configtest.c:5:16: error: size of array 'test_array' is negative\n     263         5 |     static int test_array [1 - 2 * !(((long) (sizeof (npy_\n             check_sizeof_type))) <= 0)];\n     264           |                ^~~~~~~~~~\n265     _configtest.c:5:16: warning: variable 'test_array' set but not use\n             d [-Wunused-but-set-variable]\n     266     _configtest.c:3:5: warning: function declaration isn't a prototype\n              [-Wstrict-prototypes]\n     267         3 | int main ()\n     268           |     ^~~~\n     269     _configtest.c: In function 'main':",
    ">> 262     _configtest.c:5:16: error: size of array 'test_array' is negative\n     263         5 |     static int test_array [1 - 2 * !(((long) (sizeof (npy_\n             check_sizeof_type))) <= 0)];\n     264           |                ^~~~~~~~~~\n     265     _configtest.c:5:16: warning: variable 'test_array' set but not use\n             d [-Wunused-but-set-variable]\n266     _configtest.c:3:5: warning: function declaration isn't a prototype\n              [-Wstrict-prototypes]\n     267         3 | int main ()\n     268           |     ^~~~\n     269     _configtest.c: In function 'main':\n  >> 270     _configtest.c:5:16: error: size of array 'test_array' is negative\n     271         5 |     static int test_array [1 - 2 * !(((long) (sizeof (npy_",
    "268           |     ^~~~\n     269     _configtest.c: In function 'main':\n  >> 270     _configtest.c:5:16: error: size of array 'test_array' is negative\n     271         5 |     static int test_array [1 - 2 * !(((long) (sizeof (npy_\n             check_sizeof_type))) <= 0)];\n     272           |                ^~~~~~~~~~\n273     _configtest.c:5:16: warning: variable 'test_array' set but not use\n             d [-Wunused-but-set-variable]\n     274     C compiler: /p/vast1/koparasy/BUILD/head/spack/lib/spack/env/gcc/g\n             cc -fno-strict-aliasing -fPIC -DNDEBUG -g -fwrapv -O3 -Wall -Wstri\n             ct-prototypes -fPIC\n     275\n     276     compile options: '-Inumpy/core/src/private -Inumpy/core/src -Inump",
    "y/core -Inumpy/core/src/npymath -Inumpy/core/src/multiarray -Inump\n             y/core/src/umath -Inumpy/core/src/npysort -Inumpy/core/include -I/\n             p/vast1/koparasy/BUILD/spack_cluster_installer/quartz/py-petsc4py/\n             spack_env_dir/linux-rhel7-broadwell/gcc-9.3.1/python-2.7.18-fhyuos\n             sqnn72elgmimlggs2rn3pfsqnd/include/python2.7 -c'\n     277     gcc: _configtest.c\n278     _configtest.c:3:5: warning: function declaration isn't a prototype\n              [-Wstrict-prototypes]\n     279         3 | int main ()\n     280           |     ^~~~\n     281     _configtest.c: In function 'main':\n  >> 282     _configtest.c:5:16: error: size of array 'test_array' is negative\n     283         5 |     static int test_array [1 - 2 * !(((long) (sizeof (npy_",
    "280           |     ^~~~\n     281     _configtest.c: In function 'main':\n  >> 282     _configtest.c:5:16: error: size of array 'test_array' is negative\n     283         5 |     static int test_array [1 - 2 * !(((long) (sizeof (npy_\n             check_sizeof_type))) <= 1)];\n     284           |                ^~~~~~~~~~\n285     _configtest.c:5:16: warning: variable 'test_array' set but not use\n             d [-Wunused-but-set-variable]\n     286     _configtest.c:3:5: warning: function declaration isn't a prototype\n              [-Wstrict-prototypes]\n     287         3 | int main ()\n     288           |     ^~~~\n     289     _configtest.c: In function 'main':",
    ">> 282     _configtest.c:5:16: error: size of array 'test_array' is negative\n     283         5 |     static int test_array [1 - 2 * !(((long) (sizeof (npy_\n             check_sizeof_type))) <= 1)];\n     284           |                ^~~~~~~~~~\n     285     _configtest.c:5:16: warning: variable 'test_array' set but not use\n             d [-Wunused-but-set-variable]\n286     _configtest.c:3:5: warning: function declaration isn't a prototype\n              [-Wstrict-prototypes]\n     287         3 | int main ()\n     288           |     ^~~~\n     289     _configtest.c: In function 'main':\n  >> 290     _configtest.c:5:16: error: size of array 'test_array' is negative\n     291         5 |     static int test_array [1 - 2 * !(((long) (sizeof (npy_",
    "288           |     ^~~~\n     289     _configtest.c: In function 'main':\n  >> 290     _configtest.c:5:16: error: size of array 'test_array' is negative\n     291         5 |     static int test_array [1 - 2 * !(((long) (sizeof (npy_\n             check_sizeof_type))) <= 1)];\n     292           |                ^~~~~~~~~~\n293     _configtest.c:5:16: warning: variable 'test_array' set but not use\n             d [-Wunused-but-set-variable]\n     294     C compiler: /p/vast1/koparasy/BUILD/head/spack/lib/spack/env/gcc/g\n             cc -fno-strict-aliasing -fPIC -DNDEBUG -g -fwrapv -O3 -Wall -Wstri\n             ct-prototypes -fPIC\n     295\n     296     compile options: '-Inumpy/core/src/private -Inumpy/core/src -Inump",
    "y/core -Inumpy/core/src/npymath -Inumpy/core/src/multiarray -Inump\n             y/core/src/umath -Inumpy/core/src/npysort -Inumpy/core/include -I/\n             p/vast1/koparasy/BUILD/spack_cluster_installer/quartz/py-petsc4py/\n             spack_env_dir/linux-rhel7-broadwell/gcc-9.3.1/python-2.7.18-fhyuos\n             sqnn72elgmimlggs2rn3pfsqnd/include/python2.7 -c'\n     297     gcc: _configtest.c\n298     _configtest.c:3:5: warning: function declaration isn't a prototype\n              [-Wstrict-prototypes]\n     299         3 | int main ()\n     300           |     ^~~~\n     301     _configtest.c: In function 'main':\n  >> 302     _configtest.c:5:16: error: size of array 'test_array' is negative\n     303         5 |     static int test_array [1 - 2 * !(((long) (sizeof (npy_",
    "300           |     ^~~~\n     301     _configtest.c: In function 'main':\n  >> 302     _configtest.c:5:16: error: size of array 'test_array' is negative\n     303         5 |     static int test_array [1 - 2 * !(((long) (sizeof (npy_\n             check_sizeof_type))) <= 3)];\n     304           |                ^~~~~~~~~~\n305     _configtest.c:5:16: warning: variable 'test_array' set but not use\n             d [-Wunused-but-set-variable]\n     306     _configtest.c:3:5: warning: function declaration isn't a prototype\n              [-Wstrict-prototypes]\n     307         3 | int main ()\n     308           |     ^~~~\n     309     _configtest.c: In function 'main':",
    ">> 302     _configtest.c:5:16: error: size of array 'test_array' is negative\n     303         5 |     static int test_array [1 - 2 * !(((long) (sizeof (npy_\n             check_sizeof_type))) <= 3)];\n     304           |                ^~~~~~~~~~\n     305     _configtest.c:5:16: warning: variable 'test_array' set but not use\n             d [-Wunused-but-set-variable]\n306     _configtest.c:3:5: warning: function declaration isn't a prototype\n              [-Wstrict-prototypes]\n     307         3 | int main ()\n     308           |     ^~~~\n     309     _configtest.c: In function 'main':\n  >> 310     _configtest.c:5:16: error: size of array 'test_array' is negative\n     311         5 |     static int test_array [1 - 2 * !(((long) (sizeof (npy_",
    "308           |     ^~~~\n     309     _configtest.c: In function 'main':\n  >> 310     _configtest.c:5:16: error: size of array 'test_array' is negative\n     311         5 |     static int test_array [1 - 2 * !(((long) (sizeof (npy_\n             check_sizeof_type))) <= 3)];\n     312           |                ^~~~~~~~~~\n313     _configtest.c:5:16: warning: variable 'test_array' set but not use\n             d [-Wunused-but-set-variable]\n     314     C compiler: /p/vast1/koparasy/BUILD/head/spack/lib/spack/env/gcc/g\n             cc -fno-strict-aliasing -fPIC -DNDEBUG -g -fwrapv -O3 -Wall -Wstri\n             ct-prototypes -fPIC\n     315\n     316     compile options: '-Inumpy/core/src/private -Inumpy/core/src -Inump",
    "y/core -Inumpy/core/src/npymath -Inumpy/core/src/multiarray -Inump\n             y/core/src/umath -Inumpy/core/src/npysort -Inumpy/core/include -I/\n             p/vast1/koparasy/BUILD/spack_cluster_installer/quartz/py-petsc4py/\n             spack_env_dir/linux-rhel7-broadwell/gcc-9.3.1/python-2.7.18-fhyuos\n             sqnn72elgmimlggs2rn3pfsqnd/include/python2.7 -c'\n     317     gcc: _configtest.c\n318     _configtest.c:3:5: warning: function declaration isn't a prototype\n              [-Wstrict-prototypes]\n     319         3 | int main ()\n     320           |     ^~~~\n     321     _configtest.c: In function 'main':\n  >> 322     _configtest.c:5:16: error: size of array 'test_array' is negative\n     323         5 |     static int test_array [1 - 2 * !(((long) (sizeof (npy_",
    "320           |     ^~~~\n     321     _configtest.c: In function 'main':\n  >> 322     _configtest.c:5:16: error: size of array 'test_array' is negative\n     323         5 |     static int test_array [1 - 2 * !(((long) (sizeof (npy_\n             check_sizeof_type))) <= 7)];\n     324           |                ^~~~~~~~~~\n325     _configtest.c:5:16: warning: variable 'test_array' set but not use\n             d [-Wunused-but-set-variable]\n     326     _configtest.c:3:5: warning: function declaration isn't a prototype\n              [-Wstrict-prototypes]\n     327         3 | int main ()\n     328           |     ^~~~\n     329     _configtest.c: In function 'main':",
    ">> 322     _configtest.c:5:16: error: size of array 'test_array' is negative\n     323         5 |     static int test_array [1 - 2 * !(((long) (sizeof (npy_\n             check_sizeof_type))) <= 7)];\n     324           |                ^~~~~~~~~~\n     325     _configtest.c:5:16: warning: variable 'test_array' set but not use\n             d [-Wunused-but-set-variable]\n326     _configtest.c:3:5: warning: function declaration isn't a prototype\n              [-Wstrict-prototypes]\n     327         3 | int main ()\n     328           |     ^~~~\n     329     _configtest.c: In function 'main':\n  >> 330     _configtest.c:5:16: error: size of array 'test_array' is negative\n     331         5 |     static int test_array [1 - 2 * !(((long) (sizeof (npy_",
    "328           |     ^~~~\n     329     _configtest.c: In function 'main':\n  >> 330     _configtest.c:5:16: error: size of array 'test_array' is negative\n     331         5 |     static int test_array [1 - 2 * !(((long) (sizeof (npy_\n             check_sizeof_type))) <= 7)];\n     332           |                ^~~~~~~~~~\n333     _configtest.c:5:16: warning: variable 'test_array' set but not use\n             d [-Wunused-but-set-variable]\n     334     C compiler: /p/vast1/koparasy/BUILD/head/spack/lib/spack/env/gcc/g\n             cc -fno-strict-aliasing -fPIC -DNDEBUG -g -fwrapv -O3 -Wall -Wstri\n             ct-prototypes -fPIC\n     335\n     336     compile options: '-Inumpy/core/src/private -Inumpy/core/src -Inump",
    "y/core -Inumpy/core/src/npymath -Inumpy/core/src/multiarray -Inump\n             y/core/src/umath -Inumpy/core/src/npysort -Inumpy/core/include -I/\n             p/vast1/koparasy/BUILD/spack_cluster_installer/quartz/py-petsc4py/\n             spack_env_dir/linux-rhel7-broadwell/gcc-9.3.1/python-2.7.18-fhyuos\n             sqnn72elgmimlggs2rn3pfsqnd/include/python2.7 -c'\n     430     gcc: _configtest.c\n431     _configtest.c:3:5: warning: function declaration isn't a prototype\n              [-Wstrict-prototypes]\n     432         3 | int main ()\n     433           |     ^~~~\n     434     _configtest.c: In function 'main':\n  >> 435     _configtest.c:5:16: error: size of array 'test_array' is negative\n     436         5 |     static int test_array [1 - 2 * !(((long) (sizeof (npy_",
    "433           |     ^~~~\n     434     _configtest.c: In function 'main':\n  >> 435     _configtest.c:5:16: error: size of array 'test_array' is negative\n     436         5 |     static int test_array [1 - 2 * !(((long) (sizeof (npy_\n             check_sizeof_type))) == 8)];\n     437           |                ^~~~~~~~~~\n438     _configtest.c:5:16: warning: variable 'test_array' set but not use\n             d [-Wunused-but-set-variable]\n     439     _configtest.c:3:5: warning: function declaration isn't a prototype\n              [-Wstrict-prototypes]\n     440         3 | int main ()\n     441           |     ^~~~\n     442     _configtest.c: In function 'main':",
    ">> 435     _configtest.c:5:16: error: size of array 'test_array' is negative\n     436         5 |     static int test_array [1 - 2 * !(((long) (sizeof (npy_\n             check_sizeof_type))) == 8)];\n     437           |                ^~~~~~~~~~\n     438     _configtest.c:5:16: warning: variable 'test_array' set but not use\n             d [-Wunused-but-set-variable]\n439     _configtest.c:3:5: warning: function declaration isn't a prototype\n              [-Wstrict-prototypes]\n     440         3 | int main ()\n     441           |     ^~~~\n     442     _configtest.c: In function 'main':\n  >> 443     _configtest.c:5:16: error: size of array 'test_array' is negative\n     444         5 |     static int test_array [1 - 2 * !(((long) (sizeof (npy_",
    "441           |     ^~~~\n     442     _configtest.c: In function 'main':\n  >> 443     _configtest.c:5:16: error: size of array 'test_array' is negative\n     444         5 |     static int test_array [1 - 2 * !(((long) (sizeof (npy_\n             check_sizeof_type))) == 8)];\n     445           |                ^~~~~~~~~~\n446     _configtest.c:5:16: warning: variable 'test_array' set but not use\n             d [-Wunused-but-set-variable]\n     447     C compiler: /p/vast1/koparasy/BUILD/head/spack/lib/spack/env/gcc/g\n             cc -fno-strict-aliasing -fPIC -DNDEBUG -g -fwrapv -O3 -Wall -Wstri\n             ct-prototypes -fPIC\n     448\n     449     compile options: '-Inumpy/core/src/private -Inumpy/core/src -Inump",
    "y/core -Inumpy/core/src/npymath -Inumpy/core/src/multiarray -Inump\n             y/core/src/umath -Inumpy/core/src/npysort -Inumpy/core/include -I/\n             p/vast1/koparasy/BUILD/spack_cluster_installer/quartz/py-petsc4py/\n             spack_env_dir/linux-rhel7-broadwell/gcc-9.3.1/python-2.7.18-fhyuos\n             sqnn72elgmimlggs2rn3pfsqnd/include/python2.7 -c'\n     450     gcc: _configtest.c\n451     _configtest.c:3:5: warning: function declaration isn't a prototype\n              [-Wstrict-prototypes]\n     452         3 | int main ()\n     453           |     ^~~~\n     454     _configtest.c: In function 'main':\n  >> 455     _configtest.c:5:16: error: size of array 'test_array' is negative\n     456         5 |     static int test_array [1 - 2 * !(((long) (sizeof (npy_",
    "453           |     ^~~~\n     454     _configtest.c: In function 'main':\n  >> 455     _configtest.c:5:16: error: size of array 'test_array' is negative\n     456         5 |     static int test_array [1 - 2 * !(((long) (sizeof (npy_\n             check_sizeof_type))) == 8)];\n     457           |                ^~~~~~~~~~\n458     _configtest.c:5:16: warning: variable 'test_array' set but not use\n             d [-Wunused-but-set-variable]\n     459     _configtest.c:3:5: warning: function declaration isn't a prototype\n              [-Wstrict-prototypes]\n     460         3 | int main ()\n     461           |     ^~~~\n     462     _configtest.c: In function 'main':",
    ">> 455     _configtest.c:5:16: error: size of array 'test_array' is negative\n     456         5 |     static int test_array [1 - 2 * !(((long) (sizeof (npy_\n             check_sizeof_type))) == 8)];\n     457           |                ^~~~~~~~~~\n     458     _configtest.c:5:16: warning: variable 'test_array' set but not use\n             d [-Wunused-but-set-variable]\n459     _configtest.c:3:5: warning: function declaration isn't a prototype\n              [-Wstrict-prototypes]\n     460         3 | int main ()\n     461           |     ^~~~\n     462     _configtest.c: In function 'main':\n  >> 463     _configtest.c:5:16: error: size of array 'test_array' is negative\n     464         5 |     static int test_array [1 - 2 * !(((long) (sizeof (npy_",
    "461           |     ^~~~\n     462     _configtest.c: In function 'main':\n  >> 463     _configtest.c:5:16: error: size of array 'test_array' is negative\n     464         5 |     static int test_array [1 - 2 * !(((long) (sizeof (npy_\n             check_sizeof_type))) == 8)];\n     465           |                ^~~~~~~~~~\n466     _configtest.c:5:16: warning: variable 'test_array' set but not use\n             d [-Wunused-but-set-variable]\n     467     C compiler: /p/vast1/koparasy/BUILD/head/spack/lib/spack/env/gcc/g\n             cc -fno-strict-aliasing -fPIC -DNDEBUG -g -fwrapv -O3 -Wall -Wstri\n             ct-prototypes -fPIC\n     468\n     469     compile options: '-Inumpy/core/src/private -Inumpy/core/src -Inump",
    "y/core -Inumpy/core/src/npymath -Inumpy/core/src/multiarray -Inump\n             y/core/src/umath -Inumpy/core/src/npysort -Inumpy/core/include -I/\n             p/vast1/koparasy/BUILD/spack_cluster_installer/quartz/py-petsc4py/\n             spack_env_dir/linux-rhel7-broadwell/gcc-9.3.1/python-2.7.18-fhyuos\n             sqnn72elgmimlggs2rn3pfsqnd/include/python2.7 -c'\n     470     gcc: _configtest.c\n471     _configtest.c:3:5: warning: function declaration isn't a prototype\n              [-Wstrict-prototypes]\n     472         3 | int main ()\n     473           |     ^~~~\n     474     _configtest.c: In function 'main':\n  >> 475     _configtest.c:5:16: error: size of array 'test_array' is negative\n     476         5 |     static int test_array [1 - 2 * !(((long) (sizeof (npy_",
    "473           |     ^~~~\n     474     _configtest.c: In function 'main':\n  >> 475     _configtest.c:5:16: error: size of array 'test_array' is negative\n     476         5 |     static int test_array [1 - 2 * !(((long) (sizeof (npy_\n             check_sizeof_type))) <= 0)];\n     477           |                ^~~~~~~~~~\n478     _configtest.c:5:16: warning: variable 'test_array' set but not use\n             d [-Wunused-but-set-variable]\n     479     _configtest.c:3:5: warning: function declaration isn't a prototype\n              [-Wstrict-prototypes]\n     480         3 | int main ()\n     481           |     ^~~~\n     482     _configtest.c: In function 'main':",
    ">> 475     _configtest.c:5:16: error: size of array 'test_array' is negative\n     476         5 |     static int test_array [1 - 2 * !(((long) (sizeof (npy_\n             check_sizeof_type))) <= 0)];\n     477           |                ^~~~~~~~~~\n     478     _configtest.c:5:16: warning: variable 'test_array' set but not use\n             d [-Wunused-but-set-variable]\n479     _configtest.c:3:5: warning: function declaration isn't a prototype\n              [-Wstrict-prototypes]\n     480         3 | int main ()\n     481           |     ^~~~\n     482     _configtest.c: In function 'main':\n  >> 483     _configtest.c:5:16: error: size of array 'test_array' is negative\n     484         5 |     static int test_array [1 - 2 * !(((long) (sizeof (npy_",
    "481           |     ^~~~\n     482     _configtest.c: In function 'main':\n  >> 483     _configtest.c:5:16: error: size of array 'test_array' is negative\n     484         5 |     static int test_array [1 - 2 * !(((long) (sizeof (npy_\n             check_sizeof_type))) <= 0)];\n     485           |                ^~~~~~~~~~\n486     _configtest.c:5:16: warning: variable 'test_array' set but not use\n             d [-Wunused-but-set-variable]\n     487     C compiler: /p/vast1/koparasy/BUILD/head/spack/lib/spack/env/gcc/g\n             cc -fno-strict-aliasing -fPIC -DNDEBUG -g -fwrapv -O3 -Wall -Wstri\n             ct-prototypes -fPIC\n     488\n     489     compile options: '-Inumpy/core/src/private -Inumpy/core/src -Inump",
    "y/core -Inumpy/core/src/npymath -Inumpy/core/src/multiarray -Inump\n             y/core/src/umath -Inumpy/core/src/npysort -Inumpy/core/include -I/\n             p/vast1/koparasy/BUILD/spack_cluster_installer/quartz/py-petsc4py/\n             spack_env_dir/linux-rhel7-broadwell/gcc-9.3.1/python-2.7.18-fhyuos\n             sqnn72elgmimlggs2rn3pfsqnd/include/python2.7 -c'\n     490     gcc: _configtest.c\n491     _configtest.c:3:5: warning: function declaration isn't a prototype\n              [-Wstrict-prototypes]\n     492         3 | int main ()\n     493           |     ^~~~\n     494     _configtest.c: In function 'main':\n  >> 495     _configtest.c:5:16: error: size of array 'test_array' is negative\n     496         5 |     static int test_array [1 - 2 * !(((long) (sizeof (npy_",
    "493           |     ^~~~\n     494     _configtest.c: In function 'main':\n  >> 495     _configtest.c:5:16: error: size of array 'test_array' is negative\n     496         5 |     static int test_array [1 - 2 * !(((long) (sizeof (npy_\n             check_sizeof_type))) <= 1)];\n     497           |                ^~~~~~~~~~\n498     _configtest.c:5:16: warning: variable 'test_array' set but not use\n             d [-Wunused-but-set-variable]\n     499     _configtest.c:3:5: warning: function declaration isn't a prototype\n              [-Wstrict-prototypes]\n     500         3 | int main ()\n     501           |     ^~~~\n     502     _configtest.c: In function 'main':",
    ">> 495     _configtest.c:5:16: error: size of array 'test_array' is negative\n     496         5 |     static int test_array [1 - 2 * !(((long) (sizeof (npy_\n             check_sizeof_type))) <= 1)];\n     497           |                ^~~~~~~~~~\n     498     _configtest.c:5:16: warning: variable 'test_array' set but not use\n             d [-Wunused-but-set-variable]\n499     _configtest.c:3:5: warning: function declaration isn't a prototype\n              [-Wstrict-prototypes]\n     500         3 | int main ()\n     501           |     ^~~~\n     502     _configtest.c: In function 'main':\n  >> 503     _configtest.c:5:16: error: size of array 'test_array' is negative\n     504         5 |     static int test_array [1 - 2 * !(((long) (sizeof (npy_",
    "501           |     ^~~~\n     502     _configtest.c: In function 'main':\n  >> 503     _configtest.c:5:16: error: size of array 'test_array' is negative\n     504         5 |     static int test_array [1 - 2 * !(((long) (sizeof (npy_\n             check_sizeof_type))) <= 1)];\n     505           |                ^~~~~~~~~~\n506     _configtest.c:5:16: warning: variable 'test_array' set but not use\n             d [-Wunused-but-set-variable]\n     507     C compiler: /p/vast1/koparasy/BUILD/head/spack/lib/spack/env/gcc/g\n             cc -fno-strict-aliasing -fPIC -DNDEBUG -g -fwrapv -O3 -Wall -Wstri\n             ct-prototypes -fPIC\n     508\n     509     compile options: '-Inumpy/core/src/private -Inumpy/core/src -Inump",
    "y/core -Inumpy/core/src/npymath -Inumpy/core/src/multiarray -Inump\n             y/core/src/umath -Inumpy/core/src/npysort -Inumpy/core/include -I/\n             p/vast1/koparasy/BUILD/spack_cluster_installer/quartz/py-petsc4py/\n             spack_env_dir/linux-rhel7-broadwell/gcc-9.3.1/python-2.7.18-fhyuos\n             sqnn72elgmimlggs2rn3pfsqnd/include/python2.7 -c'\n     510     gcc: _configtest.c\n511     _configtest.c:3:5: warning: function declaration isn't a prototype\n              [-Wstrict-prototypes]\n     512         3 | int main ()\n     513           |     ^~~~\n     514     _configtest.c: In function 'main':\n  >> 515     _configtest.c:5:16: error: size of array 'test_array' is negative\n     516         5 |     static int test_array [1 - 2 * !(((long) (sizeof (npy_",
    "513           |     ^~~~\n     514     _configtest.c: In function 'main':\n  >> 515     _configtest.c:5:16: error: size of array 'test_array' is negative\n     516         5 |     static int test_array [1 - 2 * !(((long) (sizeof (npy_\n             check_sizeof_type))) <= 3)];\n     517           |                ^~~~~~~~~~\n518     _configtest.c:5:16: warning: variable 'test_array' set but not use\n             d [-Wunused-but-set-variable]\n     519     _configtest.c:3:5: warning: function declaration isn't a prototype\n              [-Wstrict-prototypes]\n     520         3 | int main ()\n     521           |     ^~~~\n     522     _configtest.c: In function 'main':",
    ">> 515     _configtest.c:5:16: error: size of array 'test_array' is negative\n     516         5 |     static int test_array [1 - 2 * !(((long) (sizeof (npy_\n             check_sizeof_type))) <= 3)];\n     517           |                ^~~~~~~~~~\n     518     _configtest.c:5:16: warning: variable 'test_array' set but not use\n             d [-Wunused-but-set-variable]\n519     _configtest.c:3:5: warning: function declaration isn't a prototype\n              [-Wstrict-prototypes]\n     520         3 | int main ()\n     521           |     ^~~~\n     522     _configtest.c: In function 'main':\n  >> 523     _configtest.c:5:16: error: size of array 'test_array' is negative\n     524         5 |     static int test_array [1 - 2 * !(((long) (sizeof (npy_",
    "521           |     ^~~~\n     522     _configtest.c: In function 'main':\n  >> 523     _configtest.c:5:16: error: size of array 'test_array' is negative\n     524         5 |     static int test_array [1 - 2 * !(((long) (sizeof (npy_\n             check_sizeof_type))) <= 3)];\n     525           |                ^~~~~~~~~~\n526     _configtest.c:5:16: warning: variable 'test_array' set but not use\n             d [-Wunused-but-set-variable]\n     527     C compiler: /p/vast1/koparasy/BUILD/head/spack/lib/spack/env/gcc/g\n             cc -fno-strict-aliasing -fPIC -DNDEBUG -g -fwrapv -O3 -Wall -Wstri\n             ct-prototypes -fPIC\n     528\n     529     compile options: '-Inumpy/core/src/private -Inumpy/core/src -Inump",
    "y/core -Inumpy/core/src/npymath -Inumpy/core/src/multiarray -Inump\n             y/core/src/umath -Inumpy/core/src/npysort -Inumpy/core/include -I/\n             p/vast1/koparasy/BUILD/spack_cluster_installer/quartz/py-petsc4py/\n             spack_env_dir/linux-rhel7-broadwell/gcc-9.3.1/python-2.7.18-fhyuos\n             sqnn72elgmimlggs2rn3pfsqnd/include/python2.7 -c'\n     530     gcc: _configtest.c\n531     _configtest.c:3:5: warning: function declaration isn't a prototype\n              [-Wstrict-prototypes]\n     532         3 | int main ()\n     533           |     ^~~~\n     534     _configtest.c: In function 'main':\n  >> 535     _configtest.c:5:16: error: size of array 'test_array' is negative\n     536         5 |     static int test_array [1 - 2 * !(((long) (sizeof (npy_",
    "533           |     ^~~~\n     534     _configtest.c: In function 'main':\n  >> 535     _configtest.c:5:16: error: size of array 'test_array' is negative\n     536         5 |     static int test_array [1 - 2 * !(((long) (sizeof (npy_\n             check_sizeof_type))) <= 7)];\n     537           |                ^~~~~~~~~~\n538     _configtest.c:5:16: warning: variable 'test_array' set but not use\n             d [-Wunused-but-set-variable]\n     539     _configtest.c:3:5: warning: function declaration isn't a prototype\n              [-Wstrict-prototypes]\n     540         3 | int main ()\n     541           |     ^~~~\n     542     _configtest.c: In function 'main':",
    ">> 535     _configtest.c:5:16: error: size of array 'test_array' is negative\n     536         5 |     static int test_array [1 - 2 * !(((long) (sizeof (npy_\n             check_sizeof_type))) <= 7)];\n     537           |                ^~~~~~~~~~\n     538     _configtest.c:5:16: warning: variable 'test_array' set but not use\n             d [-Wunused-but-set-variable]\n539     _configtest.c:3:5: warning: function declaration isn't a prototype\n              [-Wstrict-prototypes]\n     540         3 | int main ()\n     541           |     ^~~~\n     542     _configtest.c: In function 'main':\n  >> 543     _configtest.c:5:16: error: size of array 'test_array' is negative\n     544         5 |     static int test_array [1 - 2 * !(((long) (sizeof (npy_",
    "541           |     ^~~~\n     542     _configtest.c: In function 'main':\n  >> 543     _configtest.c:5:16: error: size of array 'test_array' is negative\n     544         5 |     static int test_array [1 - 2 * !(((long) (sizeof (npy_\n             check_sizeof_type))) <= 7)];\n     545           |                ^~~~~~~~~~\n546     _configtest.c:5:16: warning: variable 'test_array' set but not use\n             d [-Wunused-but-set-variable]\n     547     C compiler: /p/vast1/koparasy/BUILD/head/spack/lib/spack/env/gcc/g\n             cc -fno-strict-aliasing -fPIC -DNDEBUG -g -fwrapv -O3 -Wall -Wstri\n             ct-prototypes -fPIC\n     548\n     549     compile options: '-Inumpy/core/src/private -Inumpy/core/src -Inump",
    "y/core -Inumpy/core/src/npymath -Inumpy/core/src/multiarray -Inump\n             y/core/src/umath -Inumpy/core/src/npysort -Inumpy/core/include -I/\n             p/vast1/koparasy/BUILD/spack_cluster_installer/quartz/py-petsc4py/\n             spack_env_dir/linux-rhel7-broadwell/gcc-9.3.1/python-2.7.18-fhyuos\n             sqnn72elgmimlggs2rn3pfsqnd/include/python2.7 -c'\n     550     gcc: _configtest.c\n551     _configtest.c:3:5: warning: function declaration isn't a prototype\n              [-Wstrict-prototypes]\n     552         3 | int main ()\n     553           |     ^~~~\n     554     _configtest.c: In function 'main':\n  >> 555     _configtest.c:5:16: error: size of array 'test_array' is negative\n     556         5 |     static int test_array [1 - 2 * !(((long) (sizeof (npy_",
    "553           |     ^~~~\n     554     _configtest.c: In function 'main':\n  >> 555     _configtest.c:5:16: error: size of array 'test_array' is negative\n     556         5 |     static int test_array [1 - 2 * !(((long) (sizeof (npy_\n             check_sizeof_type))) <= 15)];\n     557           |                ^~~~~~~~~~\n558     _configtest.c:5:16: warning: variable 'test_array' set but not use\n             d [-Wunused-but-set-variable]\n     559     _configtest.c:3:5: warning: function declaration isn't a prototype\n              [-Wstrict-prototypes]\n     560         3 | int main ()\n     561           |     ^~~~\n     562     _configtest.c: In function 'main':",
    ">> 555     _configtest.c:5:16: error: size of array 'test_array' is negative\n     556         5 |     static int test_array [1 - 2 * !(((long) (sizeof (npy_\n             check_sizeof_type))) <= 15)];\n     557           |                ^~~~~~~~~~\n     558     _configtest.c:5:16: warning: variable 'test_array' set but not use\n             d [-Wunused-but-set-variable]\n559     _configtest.c:3:5: warning: function declaration isn't a prototype\n              [-Wstrict-prototypes]\n     560         3 | int main ()\n     561           |     ^~~~\n     562     _configtest.c: In function 'main':\n  >> 563     _configtest.c:5:16: error: size of array 'test_array' is negative\n     564         5 |     static int test_array [1 - 2 * !(((long) (sizeof (npy_",
    "561           |     ^~~~\n     562     _configtest.c: In function 'main':\n  >> 563     _configtest.c:5:16: error: size of array 'test_array' is negative\n     564         5 |     static int test_array [1 - 2 * !(((long) (sizeof (npy_\n             check_sizeof_type))) <= 15)];\n     565           |                ^~~~~~~~~~\n566     _configtest.c:5:16: warning: variable 'test_array' set but not use\n             d [-Wunused-but-set-variable]\n     567     C compiler: /p/vast1/koparasy/BUILD/head/spack/lib/spack/env/gcc/g\n             cc -fno-strict-aliasing -fPIC -DNDEBUG -g -fwrapv -O3 -Wall -Wstri\n             ct-prototypes -fPIC\n     568\n     569     compile options: '-Inumpy/core/src/private -Inumpy/core/src -Inump",
    "y/core -Inumpy/core/src/npymath -Inumpy/core/src/multiarray -Inump\n             y/core/src/umath -Inumpy/core/src/npysort -Inumpy/core/include -I/\n             p/vast1/koparasy/BUILD/spack_cluster_installer/quartz/py-petsc4py/\n             spack_env_dir/linux-rhel7-broadwell/gcc-9.3.1/python-2.7.18-fhyuos\n             sqnn72elgmimlggs2rn3pfsqnd/include/python2.7 -c'\n     630     gcc: _configtest.c\n631     _configtest.c:4:5: warning: function declaration isn't a prototype\n              [-Wstrict-prototypes]\n     632         4 | int main()\n     633           |     ^~~~\n     634     _configtest.c: In function 'main':\n  >> 635     _configtest.c:7:12: error: 'SIZEOF_LONGDOUBLE' undeclared (first u\n             se in this function); did you mean 'SIZEOF_LONG_DOUBLE'?",
    "se in this function); did you mean 'SIZEOF_LONG_DOUBLE'?\n     636         7 |     (void) SIZEOF_LONGDOUBLE;\n     637           |            ^~~~~~~~~~~~~~~~~\n     638           |            SIZEOF_LONG_DOUBLE\n     639     _configtest.c:7:12: note: each undeclared identifier is reported o\n             nly once for each function it appears in\n640     _configtest.c:4:5: warning: function declaration isn't a prototype\n              [-Wstrict-prototypes]\n     641         4 | int main()\n     642           |     ^~~~\n     643     _configtest.c: In function 'main':\n  >> 644     _configtest.c:7:12: error: 'SIZEOF_LONGDOUBLE' undeclared (first u\n             se in this function); did you mean 'SIZEOF_LONG_DOUBLE'?",
    "y/core -Inumpy/core/src/npymath -Inumpy/core/src/multiarray -Inump\n             y/core/src/umath -Inumpy/core/src/npysort -Inumpy/core/include -I/\n             p/vast1/koparasy/BUILD/spack_cluster_installer/quartz/py-petsc4py/\n             spack_env_dir/linux-rhel7-broadwell/gcc-9.3.1/python-2.7.18-fhyuos\n             sqnn72elgmimlggs2rn3pfsqnd/include/python2.7 -c'\n     666     gcc: _configtest.c\n667     _configtest.c:3:5: warning: function declaration isn't a prototype\n              [-Wstrict-prototypes]\n     668         3 | int main ()\n     669           |     ^~~~\n     670     _configtest.c: In function 'main':\n  >> 671     _configtest.c:5:16: error: size of array 'test_array' is negative\n     672         5 |     static int test_array [1 - 2 * !(((long) (sizeof (npy_",
    "669           |     ^~~~\n     670     _configtest.c: In function 'main':\n  >> 671     _configtest.c:5:16: error: size of array 'test_array' is negative\n     672         5 |     static int test_array [1 - 2 * !(((long) (sizeof (npy_\n             check_sizeof_type))) == 8)];\n     673           |                ^~~~~~~~~~\n674     _configtest.c:5:16: warning: variable 'test_array' set but not use\n             d [-Wunused-but-set-variable]\n     675     _configtest.c:3:5: warning: function declaration isn't a prototype\n              [-Wstrict-prototypes]\n     676         3 | int main ()\n     677           |     ^~~~\n     678     _configtest.c: In function 'main':",
    ">> 671     _configtest.c:5:16: error: size of array 'test_array' is negative\n     672         5 |     static int test_array [1 - 2 * !(((long) (sizeof (npy_\n             check_sizeof_type))) == 8)];\n     673           |                ^~~~~~~~~~\n     674     _configtest.c:5:16: warning: variable 'test_array' set but not use\n             d [-Wunused-but-set-variable]\n675     _configtest.c:3:5: warning: function declaration isn't a prototype\n              [-Wstrict-prototypes]\n     676         3 | int main ()\n     677           |     ^~~~\n     678     _configtest.c: In function 'main':\n  >> 679     _configtest.c:5:16: error: size of array 'test_array' is negative\n     680         5 |     static int test_array [1 - 2 * !(((long) (sizeof (npy_",
    "677           |     ^~~~\n     678     _configtest.c: In function 'main':\n  >> 679     _configtest.c:5:16: error: size of array 'test_array' is negative\n     680         5 |     static int test_array [1 - 2 * !(((long) (sizeof (npy_\n             check_sizeof_type))) == 8)];\n     681           |                ^~~~~~~~~~\n682     _configtest.c:5:16: warning: variable 'test_array' set but not use\n             d [-Wunused-but-set-variable]\n     683     C compiler: /p/vast1/koparasy/BUILD/head/spack/lib/spack/env/gcc/g\n             cc -fno-strict-aliasing -fPIC -DNDEBUG -g -fwrapv -O3 -Wall -Wstri\n             ct-prototypes -fPIC\n     684\n     685     compile options: '-Inumpy/core/src/private -Inumpy/core/src -Inump",
    "y/core -Inumpy/core/src/npymath -Inumpy/core/src/multiarray -Inump\n             y/core/src/umath -Inumpy/core/src/npysort -Inumpy/core/include -I/\n             p/vast1/koparasy/BUILD/spack_cluster_installer/quartz/py-petsc4py/\n             spack_env_dir/linux-rhel7-broadwell/gcc-9.3.1/python-2.7.18-fhyuos\n             sqnn72elgmimlggs2rn3pfsqnd/include/python2.7 -c'\n     686     gcc: _configtest.c\n687     _configtest.c:3:5: warning: function declaration isn't a prototype\n              [-Wstrict-prototypes]\n     688         3 | int main ()\n     689           |     ^~~~\n     690     _configtest.c: In function 'main':\n  >> 691     _configtest.c:5:16: error: size of array 'test_array' is negative\n     692         5 |     static int test_array [1 - 2 * !(((long) (sizeof (npy_",
    "689           |     ^~~~\n     690     _configtest.c: In function 'main':\n  >> 691     _configtest.c:5:16: error: size of array 'test_array' is negative\n     692         5 |     static int test_array [1 - 2 * !(((long) (sizeof (npy_\n             check_sizeof_type))) == 12)];\n     693           |                ^~~~~~~~~~\n694     _configtest.c:5:16: warning: variable 'test_array' set but not use\n             d [-Wunused-but-set-variable]\n     695     _configtest.c:3:5: warning: function declaration isn't a prototype\n              [-Wstrict-prototypes]\n     696         3 | int main ()\n     697           |     ^~~~\n     698     _configtest.c: In function 'main':",
    ">> 691     _configtest.c:5:16: error: size of array 'test_array' is negative\n     692         5 |     static int test_array [1 - 2 * !(((long) (sizeof (npy_\n             check_sizeof_type))) == 12)];\n     693           |                ^~~~~~~~~~\n     694     _configtest.c:5:16: warning: variable 'test_array' set but not use\n             d [-Wunused-but-set-variable]\n695     _configtest.c:3:5: warning: function declaration isn't a prototype\n              [-Wstrict-prototypes]\n     696         3 | int main ()\n     697           |     ^~~~\n     698     _configtest.c: In function 'main':\n  >> 699     _configtest.c:5:16: error: size of array 'test_array' is negative\n     700         5 |     static int test_array [1 - 2 * !(((long) (sizeof (npy_",
    "697           |     ^~~~\n     698     _configtest.c: In function 'main':\n  >> 699     _configtest.c:5:16: error: size of array 'test_array' is negative\n     700         5 |     static int test_array [1 - 2 * !(((long) (sizeof (npy_\n             check_sizeof_type))) == 12)];\n     701           |                ^~~~~~~~~~\n702     _configtest.c:5:16: warning: variable 'test_array' set but not use\n             d [-Wunused-but-set-variable]\n     703     C compiler: /p/vast1/koparasy/BUILD/head/spack/lib/spack/env/gcc/g\n             cc -fno-strict-aliasing -fPIC -DNDEBUG -g -fwrapv -O3 -Wall -Wstri\n             ct-prototypes -fPIC\n     704\n     705     compile options: '-Inumpy/core/src/private -Inumpy/core/src -Inump",
    "y/core -Inumpy/core/src/npymath -Inumpy/core/src/multiarray -Inump\n             y/core/src/umath -Inumpy/core/src/npysort -Inumpy/core/include -I/\n             p/vast1/koparasy/BUILD/spack_cluster_installer/quartz/py-petsc4py/\n             spack_env_dir/linux-rhel7-broadwell/gcc-9.3.1/python-2.7.18-fhyuos\n             sqnn72elgmimlggs2rn3pfsqnd/include/python2.7 -c'\n     730     gcc: _configtest.c\n731     _configtest.c:3:5: warning: function declaration isn't a prototype\n              [-Wstrict-prototypes]\n     732         3 | int main ()\n     733           |     ^~~~\n     734     _configtest.c: In function 'main':\n  >> 735     _configtest.c:5:16: error: size of array 'test_array' is negative\n     736         5 |     static int test_array [1 - 2 * !(((long) (sizeof (npy_",
    "733           |     ^~~~\n     734     _configtest.c: In function 'main':\n  >> 735     _configtest.c:5:16: error: size of array 'test_array' is negative\n     736         5 |     static int test_array [1 - 2 * !(((long) (sizeof (npy_\n             check_sizeof_type))) == 8)];\n     737           |                ^~~~~~~~~~\n738     _configtest.c:5:16: warning: variable 'test_array' set but not use\n             d [-Wunused-but-set-variable]\n     739     _configtest.c:3:5: warning: function declaration isn't a prototype\n              [-Wstrict-prototypes]\n     740         3 | int main ()\n     741           |     ^~~~\n     742     _configtest.c: In function 'main':",
    ">> 735     _configtest.c:5:16: error: size of array 'test_array' is negative\n     736         5 |     static int test_array [1 - 2 * !(((long) (sizeof (npy_\n             check_sizeof_type))) == 8)];\n     737           |                ^~~~~~~~~~\n     738     _configtest.c:5:16: warning: variable 'test_array' set but not use\n             d [-Wunused-but-set-variable]\n739     _configtest.c:3:5: warning: function declaration isn't a prototype\n              [-Wstrict-prototypes]\n     740         3 | int main ()\n     741           |     ^~~~\n     742     _configtest.c: In function 'main':\n  >> 743     _configtest.c:5:16: error: size of array 'test_array' is negative\n     744         5 |     static int test_array [1 - 2 * !(((long) (sizeof (npy_",
    "741           |     ^~~~\n     742     _configtest.c: In function 'main':\n  >> 743     _configtest.c:5:16: error: size of array 'test_array' is negative\n     744         5 |     static int test_array [1 - 2 * !(((long) (sizeof (npy_\n             check_sizeof_type))) == 8)];\n     745           |                ^~~~~~~~~~\n746     _configtest.c:5:16: warning: variable 'test_array' set but not use\n             d [-Wunused-but-set-variable]\n     747     C compiler: /p/vast1/koparasy/BUILD/head/spack/lib/spack/env/gcc/g\n             cc -fno-strict-aliasing -fPIC -DNDEBUG -g -fwrapv -O3 -Wall -Wstri\n             ct-prototypes -fPIC\n     748\n     749     compile options: '-Inumpy/core/src/private -Inumpy/core/src -Inump",
    "y/core -Inumpy/core/src/npymath -Inumpy/core/src/multiarray -Inump\n             y/core/src/umath -Inumpy/core/src/npysort -Inumpy/core/include -I/\n             p/vast1/koparasy/BUILD/spack_cluster_installer/quartz/py-petsc4py/\n             spack_env_dir/linux-rhel7-broadwell/gcc-9.3.1/python-2.7.18-fhyuos\n             sqnn72elgmimlggs2rn3pfsqnd/include/python2.7 -c'\n     750     gcc: _configtest.c\n751     _configtest.c:3:5: warning: function declaration isn't a prototype\n              [-Wstrict-prototypes]\n     752         3 | int main ()\n     753           |     ^~~~\n     754     _configtest.c: In function 'main':\n  >> 755     _configtest.c:5:16: error: size of array 'test_array' is negative\n     756         5 |     static int test_array [1 - 2 * !(((long) (sizeof (npy_",
    "753           |     ^~~~\n     754     _configtest.c: In function 'main':\n  >> 755     _configtest.c:5:16: error: size of array 'test_array' is negative\n     756         5 |     static int test_array [1 - 2 * !(((long) (sizeof (npy_\n             check_sizeof_type))) == 12)];\n     757           |                ^~~~~~~~~~\n758     _configtest.c:5:16: warning: variable 'test_array' set but not use\n             d [-Wunused-but-set-variable]\n     759     _configtest.c:3:5: warning: function declaration isn't a prototype\n              [-Wstrict-prototypes]\n     760         3 | int main ()\n     761           |     ^~~~\n     762     _configtest.c: In function 'main':",
    ">> 755     _configtest.c:5:16: error: size of array 'test_array' is negative\n     756         5 |     static int test_array [1 - 2 * !(((long) (sizeof (npy_\n             check_sizeof_type))) == 12)];\n     757           |                ^~~~~~~~~~\n     758     _configtest.c:5:16: warning: variable 'test_array' set but not use\n             d [-Wunused-but-set-variable]\n759     _configtest.c:3:5: warning: function declaration isn't a prototype\n              [-Wstrict-prototypes]\n     760         3 | int main ()\n     761           |     ^~~~\n     762     _configtest.c: In function 'main':\n  >> 763     _configtest.c:5:16: error: size of array 'test_array' is negative\n     764         5 |     static int test_array [1 - 2 * !(((long) (sizeof (npy_",
    "761           |     ^~~~\n     762     _configtest.c: In function 'main':\n  >> 763     _configtest.c:5:16: error: size of array 'test_array' is negative\n     764         5 |     static int test_array [1 - 2 * !(((long) (sizeof (npy_\n             check_sizeof_type))) == 12)];\n     765           |                ^~~~~~~~~~\n766     _configtest.c:5:16: warning: variable 'test_array' set but not use\n             d [-Wunused-but-set-variable]\n     767     C compiler: /p/vast1/koparasy/BUILD/head/spack/lib/spack/env/gcc/g\n             cc -fno-strict-aliasing -fPIC -DNDEBUG -g -fwrapv -O3 -Wall -Wstri\n             ct-prototypes -fPIC\n     768\n     769     compile options: '-Inumpy/core/src/private -Inumpy/core/src -Inump",
    "y/core -Inumpy/core/src/npymath -Inumpy/core/src/multiarray -Inump\n             y/core/src/umath -Inumpy/core/src/npysort -Inumpy/core/include -I/\n             p/vast1/koparasy/BUILD/spack_cluster_installer/quartz/py-petsc4py/\n             spack_env_dir/linux-rhel7-broadwell/gcc-9.3.1/python-2.7.18-fhyuos\n             sqnn72elgmimlggs2rn3pfsqnd/include/python2.7 -c'\n     770     gcc: _configtest.c\n771     _configtest.c:3:5: warning: function declaration isn't a prototype\n              [-Wstrict-prototypes]\n     772         3 | int main ()\n     773           |     ^~~~\n     774     _configtest.c: In function 'main':\n  >> 775     _configtest.c:5:16: error: size of array 'test_array' is negative\n     776         5 |     static int test_array [1 - 2 * !(((long) (sizeof (npy_",
    "773           |     ^~~~\n     774     _configtest.c: In function 'main':\n  >> 775     _configtest.c:5:16: error: size of array 'test_array' is negative\n     776         5 |     static int test_array [1 - 2 * !(((long) (sizeof (npy_\n             check_sizeof_type))) == 16)];\n     777           |                ^~~~~~~~~~\n778     _configtest.c:5:16: warning: variable 'test_array' set but not use\n             d [-Wunused-but-set-variable]\n     779     _configtest.c:3:5: warning: function declaration isn't a prototype\n              [-Wstrict-prototypes]\n     780         3 | int main ()\n     781           |     ^~~~\n     782     _configtest.c: In function 'main':",
    ">> 775     _configtest.c:5:16: error: size of array 'test_array' is negative\n     776         5 |     static int test_array [1 - 2 * !(((long) (sizeof (npy_\n             check_sizeof_type))) == 16)];\n     777           |                ^~~~~~~~~~\n     778     _configtest.c:5:16: warning: variable 'test_array' set but not use\n             d [-Wunused-but-set-variable]\n779     _configtest.c:3:5: warning: function declaration isn't a prototype\n              [-Wstrict-prototypes]\n     780         3 | int main ()\n     781           |     ^~~~\n     782     _configtest.c: In function 'main':\n  >> 783     _configtest.c:5:16: error: size of array 'test_array' is negative\n     784         5 |     static int test_array [1 - 2 * !(((long) (sizeof (npy_",
    "781           |     ^~~~\n     782     _configtest.c: In function 'main':\n  >> 783     _configtest.c:5:16: error: size of array 'test_array' is negative\n     784         5 |     static int test_array [1 - 2 * !(((long) (sizeof (npy_\n             check_sizeof_type))) == 16)];\n     785           |                ^~~~~~~~~~\n786     _configtest.c:5:16: warning: variable 'test_array' set but not use\n             d [-Wunused-but-set-variable]\n     787     C compiler: /p/vast1/koparasy/BUILD/head/spack/lib/spack/env/gcc/g\n             cc -fno-strict-aliasing -fPIC -DNDEBUG -g -fwrapv -O3 -Wall -Wstri\n             ct-prototypes -fPIC\n     788\n     789     compile options: '-Inumpy/core/src/private -Inumpy/core/src -Inump",
    "y/core -Inumpy/core/src/npymath -Inumpy/core/src/multiarray -Inump\n             y/core/src/umath -Inumpy/core/src/npysort -Inumpy/core/include -I/\n             p/vast1/koparasy/BUILD/spack_cluster_installer/quartz/py-petsc4py/\n             spack_env_dir/linux-rhel7-broadwell/gcc-9.3.1/python-2.7.18-fhyuos\n             sqnn72elgmimlggs2rn3pfsqnd/include/python2.7 -c'\n     790     gcc: _configtest.c\n791     _configtest.c:3:5: warning: function declaration isn't a prototype\n              [-Wstrict-prototypes]\n     792         3 | int main ()\n     793           |     ^~~~\n     794     _configtest.c: In function 'main':\n  >> 795     _configtest.c:5:16: error: size of array 'test_array' is negative\n     796         5 |     static int test_array [1 - 2 * !(((long) (sizeof (npy_",
    "793           |     ^~~~\n     794     _configtest.c: In function 'main':\n  >> 795     _configtest.c:5:16: error: size of array 'test_array' is negative\n     796         5 |     static int test_array [1 - 2 * !(((long) (sizeof (npy_\n             check_sizeof_type))) == 8)];\n     797           |                ^~~~~~~~~~\n798     _configtest.c:5:16: warning: variable 'test_array' set but not use\n             d [-Wunused-but-set-variable]\n     799     _configtest.c:3:5: warning: function declaration isn't a prototype\n              [-Wstrict-prototypes]\n     800         3 | int main ()\n     801           |     ^~~~\n     802     _configtest.c: In function 'main':",
    ">> 795     _configtest.c:5:16: error: size of array 'test_array' is negative\n     796         5 |     static int test_array [1 - 2 * !(((long) (sizeof (npy_\n             check_sizeof_type))) == 8)];\n     797           |                ^~~~~~~~~~\n     798     _configtest.c:5:16: warning: variable 'test_array' set but not use\n             d [-Wunused-but-set-variable]\n799     _configtest.c:3:5: warning: function declaration isn't a prototype\n              [-Wstrict-prototypes]\n     800         3 | int main ()\n     801           |     ^~~~\n     802     _configtest.c: In function 'main':\n  >> 803     _configtest.c:5:16: error: size of array 'test_array' is negative\n     804         5 |     static int test_array [1 - 2 * !(((long) (sizeof (npy_",
    "801           |     ^~~~\n     802     _configtest.c: In function 'main':\n  >> 803     _configtest.c:5:16: error: size of array 'test_array' is negative\n     804         5 |     static int test_array [1 - 2 * !(((long) (sizeof (npy_\n             check_sizeof_type))) == 8)];\n     805           |                ^~~~~~~~~~\n806     _configtest.c:5:16: warning: variable 'test_array' set but not use\n             d [-Wunused-but-set-variable]\n     807     C compiler: /p/vast1/koparasy/BUILD/head/spack/lib/spack/env/gcc/g\n             cc -fno-strict-aliasing -fPIC -DNDEBUG -g -fwrapv -O3 -Wall -Wstri\n             ct-prototypes -fPIC\n     808\n     809     compile options: '-Inumpy/core/src/private -Inumpy/core/src -Inump",
    "y/core -Inumpy/core/src/npymath -Inumpy/core/src/multiarray -Inump\n             y/core/src/umath -Inumpy/core/src/npysort -Inumpy/core/include -I/\n             p/vast1/koparasy/BUILD/spack_cluster_installer/quartz/py-petsc4py/\n             spack_env_dir/linux-rhel7-broadwell/gcc-9.3.1/python-2.7.18-fhyuos\n             sqnn72elgmimlggs2rn3pfsqnd/include/python2.7 -c'\n     810     gcc: _configtest.c\n811     _configtest.c:3:5: warning: function declaration isn't a prototype\n              [-Wstrict-prototypes]\n     812         3 | int main ()\n     813           |     ^~~~\n     814     _configtest.c: In function 'main':\n  >> 815     _configtest.c:5:16: error: size of array 'test_array' is negative\n     816         5 |     static int test_array [1 - 2 * !(((long) (sizeof (npy_",
    "813           |     ^~~~\n     814     _configtest.c: In function 'main':\n  >> 815     _configtest.c:5:16: error: size of array 'test_array' is negative\n     816         5 |     static int test_array [1 - 2 * !(((long) (sizeof (npy_\n             check_sizeof_type))) == 12)];\n     817           |                ^~~~~~~~~~\n818     _configtest.c:5:16: warning: variable 'test_array' set but not use\n             d [-Wunused-but-set-variable]\n     819     _configtest.c:3:5: warning: function declaration isn't a prototype\n              [-Wstrict-prototypes]\n     820         3 | int main ()\n     821           |     ^~~~\n     822     _configtest.c: In function 'main':",
    ">> 815     _configtest.c:5:16: error: size of array 'test_array' is negative\n     816         5 |     static int test_array [1 - 2 * !(((long) (sizeof (npy_\n             check_sizeof_type))) == 12)];\n     817           |                ^~~~~~~~~~\n     818     _configtest.c:5:16: warning: variable 'test_array' set but not use\n             d [-Wunused-but-set-variable]\n819     _configtest.c:3:5: warning: function declaration isn't a prototype\n              [-Wstrict-prototypes]\n     820         3 | int main ()\n     821           |     ^~~~\n     822     _configtest.c: In function 'main':\n  >> 823     _configtest.c:5:16: error: size of array 'test_array' is negative\n     824         5 |     static int test_array [1 - 2 * !(((long) (sizeof (npy_",
    "821           |     ^~~~\n     822     _configtest.c: In function 'main':\n  >> 823     _configtest.c:5:16: error: size of array 'test_array' is negative\n     824         5 |     static int test_array [1 - 2 * !(((long) (sizeof (npy_\n             check_sizeof_type))) == 12)];\n     825           |                ^~~~~~~~~~\n826     _configtest.c:5:16: warning: variable 'test_array' set but not use\n             d [-Wunused-but-set-variable]\n     827     C compiler: /p/vast1/koparasy/BUILD/head/spack/lib/spack/env/gcc/g\n             cc -fno-strict-aliasing -fPIC -DNDEBUG -g -fwrapv -O3 -Wall -Wstri\n             ct-prototypes -fPIC\n     828\n     829     compile options: '-Inumpy/core/src/private -Inumpy/core/src -Inump",
    "y/core -Inumpy/core/src/npymath -Inumpy/core/src/multiarray -Inump\n             y/core/src/umath -Inumpy/core/src/npysort -Inumpy/core/include -I/\n             p/vast1/koparasy/BUILD/spack_cluster_installer/quartz/py-petsc4py/\n             spack_env_dir/linux-rhel7-broadwell/gcc-9.3.1/python-2.7.18-fhyuos\n             sqnn72elgmimlggs2rn3pfsqnd/include/python2.7 -c'\n     830     gcc: _configtest.c\n831     _configtest.c:3:5: warning: function declaration isn't a prototype\n              [-Wstrict-prototypes]\n     832         3 | int main ()\n     833           |     ^~~~\n     834     _configtest.c: In function 'main':\n  >> 835     _configtest.c:5:16: error: size of array 'test_array' is negative\n     836         5 |     static int test_array [1 - 2 * !(((long) (sizeof (npy_",
    "833           |     ^~~~\n     834     _configtest.c: In function 'main':\n  >> 835     _configtest.c:5:16: error: size of array 'test_array' is negative\n     836         5 |     static int test_array [1 - 2 * !(((long) (sizeof (npy_\n             check_sizeof_type))) == 16)];\n     837           |                ^~~~~~~~~~\n838     _configtest.c:5:16: warning: variable 'test_array' set but not use\n             d [-Wunused-but-set-variable]\n     839     _configtest.c:3:5: warning: function declaration isn't a prototype\n              [-Wstrict-prototypes]\n     840         3 | int main ()\n     841           |     ^~~~\n     842     _configtest.c: In function 'main':",
    ">> 835     _configtest.c:5:16: error: size of array 'test_array' is negative\n     836         5 |     static int test_array [1 - 2 * !(((long) (sizeof (npy_\n             check_sizeof_type))) == 16)];\n     837           |                ^~~~~~~~~~\n     838     _configtest.c:5:16: warning: variable 'test_array' set but not use\n             d [-Wunused-but-set-variable]\n839     _configtest.c:3:5: warning: function declaration isn't a prototype\n              [-Wstrict-prototypes]\n     840         3 | int main ()\n     841           |     ^~~~\n     842     _configtest.c: In function 'main':\n  >> 843     _configtest.c:5:16: error: size of array 'test_array' is negative\n     844         5 |     static int test_array [1 - 2 * !(((long) (sizeof (npy_",
    "841           |     ^~~~\n     842     _configtest.c: In function 'main':\n  >> 843     _configtest.c:5:16: error: size of array 'test_array' is negative\n     844         5 |     static int test_array [1 - 2 * !(((long) (sizeof (npy_\n             check_sizeof_type))) == 16)];\n     845           |                ^~~~~~~~~~\n846     _configtest.c:5:16: warning: variable 'test_array' set but not use\n             d [-Wunused-but-set-variable]\n     847     C compiler: /p/vast1/koparasy/BUILD/head/spack/lib/spack/env/gcc/g\n             cc -fno-strict-aliasing -fPIC -DNDEBUG -g -fwrapv -O3 -Wall -Wstri\n             ct-prototypes -fPIC\n     848\n     849     compile options: '-Inumpy/core/src/private -Inumpy/core/src -Inump",
    "y/core -Inumpy/core/src/npymath -Inumpy/core/src/multiarray -Inump\n             y/core/src/umath -Inumpy/core/src/npysort -Inumpy/core/include -I/\n             p/vast1/koparasy/BUILD/spack_cluster_installer/quartz/py-petsc4py/\n             spack_env_dir/linux-rhel7-broadwell/gcc-9.3.1/python-2.7.18-fhyuos\n             sqnn72elgmimlggs2rn3pfsqnd/include/python2.7 -c'\n     850     gcc: _configtest.c\n851     _configtest.c:3:5: warning: function declaration isn't a prototype\n              [-Wstrict-prototypes]\n     852         3 | int main ()\n     853           |     ^~~~\n     854     _configtest.c: In function 'main':\n  >> 855     _configtest.c:5:16: error: size of array 'test_array' is negative\n     856         5 |     static int test_array [1 - 2 * !(((long) (sizeof (npy_",
    "853           |     ^~~~\n     854     _configtest.c: In function 'main':\n  >> 855     _configtest.c:5:16: error: size of array 'test_array' is negative\n     856         5 |     static int test_array [1 - 2 * !(((long) (sizeof (npy_\n             check_sizeof_type))) <= 0)];\n     857           |                ^~~~~~~~~~\n858     _configtest.c:5:16: warning: variable 'test_array' set but not use\n             d [-Wunused-but-set-variable]\n     859     _configtest.c:3:5: warning: function declaration isn't a prototype\n              [-Wstrict-prototypes]\n     860         3 | int main ()\n     861           |     ^~~~\n     862     _configtest.c: In function 'main':",
    ">> 855     _configtest.c:5:16: error: size of array 'test_array' is negative\n     856         5 |     static int test_array [1 - 2 * !(((long) (sizeof (npy_\n             check_sizeof_type))) <= 0)];\n     857           |                ^~~~~~~~~~\n     858     _configtest.c:5:16: warning: variable 'test_array' set but not use\n             d [-Wunused-but-set-variable]\n859     _configtest.c:3:5: warning: function declaration isn't a prototype\n              [-Wstrict-prototypes]\n     860         3 | int main ()\n     861           |     ^~~~\n     862     _configtest.c: In function 'main':\n  >> 863     _configtest.c:5:16: error: size of array 'test_array' is negative\n     864         5 |     static int test_array [1 - 2 * !(((long) (sizeof (npy_",
    "861           |     ^~~~\n     862     _configtest.c: In function 'main':\n  >> 863     _configtest.c:5:16: error: size of array 'test_array' is negative\n     864         5 |     static int test_array [1 - 2 * !(((long) (sizeof (npy_\n             check_sizeof_type))) <= 0)];\n     865           |                ^~~~~~~~~~\n866     _configtest.c:5:16: warning: variable 'test_array' set but not use\n             d [-Wunused-but-set-variable]\n     867     C compiler: /p/vast1/koparasy/BUILD/head/spack/lib/spack/env/gcc/g\n             cc -fno-strict-aliasing -fPIC -DNDEBUG -g -fwrapv -O3 -Wall -Wstri\n             ct-prototypes -fPIC\n     868\n     869     compile options: '-Inumpy/core/src/private -Inumpy/core/src -Inump",
    "y/core -Inumpy/core/src/npymath -Inumpy/core/src/multiarray -Inump\n             y/core/src/umath -Inumpy/core/src/npysort -Inumpy/core/include -I/\n             p/vast1/koparasy/BUILD/spack_cluster_installer/quartz/py-petsc4py/\n             spack_env_dir/linux-rhel7-broadwell/gcc-9.3.1/python-2.7.18-fhyuos\n             sqnn72elgmimlggs2rn3pfsqnd/include/python2.7 -c'\n     870     gcc: _configtest.c\n871     _configtest.c:3:5: warning: function declaration isn't a prototype\n              [-Wstrict-prototypes]\n     872         3 | int main ()\n     873           |     ^~~~\n     874     _configtest.c: In function 'main':\n  >> 875     _configtest.c:5:16: error: size of array 'test_array' is negative\n     876         5 |     static int test_array [1 - 2 * !(((long) (sizeof (npy_",
    "873           |     ^~~~\n     874     _configtest.c: In function 'main':\n  >> 875     _configtest.c:5:16: error: size of array 'test_array' is negative\n     876         5 |     static int test_array [1 - 2 * !(((long) (sizeof (npy_\n             check_sizeof_type))) <= 1)];\n     877           |                ^~~~~~~~~~\n878     _configtest.c:5:16: warning: variable 'test_array' set but not use\n             d [-Wunused-but-set-variable]\n     879     _configtest.c:3:5: warning: function declaration isn't a prototype\n              [-Wstrict-prototypes]\n     880         3 | int main ()\n     881           |     ^~~~\n     882     _configtest.c: In function 'main':",
    ">> 875     _configtest.c:5:16: error: size of array 'test_array' is negative\n     876         5 |     static int test_array [1 - 2 * !(((long) (sizeof (npy_\n             check_sizeof_type))) <= 1)];\n     877           |                ^~~~~~~~~~\n     878     _configtest.c:5:16: warning: variable 'test_array' set but not use\n             d [-Wunused-but-set-variable]\n879     _configtest.c:3:5: warning: function declaration isn't a prototype\n              [-Wstrict-prototypes]\n     880         3 | int main ()\n     881           |     ^~~~\n     882     _configtest.c: In function 'main':\n  >> 883     _configtest.c:5:16: error: size of array 'test_array' is negative\n     884         5 |     static int test_array [1 - 2 * !(((long) (sizeof (npy_",
    "881           |     ^~~~\n     882     _configtest.c: In function 'main':\n  >> 883     _configtest.c:5:16: error: size of array 'test_array' is negative\n     884         5 |     static int test_array [1 - 2 * !(((long) (sizeof (npy_\n             check_sizeof_type))) <= 1)];\n     885           |                ^~~~~~~~~~\n886     _configtest.c:5:16: warning: variable 'test_array' set but not use\n             d [-Wunused-but-set-variable]\n     887     C compiler: /p/vast1/koparasy/BUILD/head/spack/lib/spack/env/gcc/g\n             cc -fno-strict-aliasing -fPIC -DNDEBUG -g -fwrapv -O3 -Wall -Wstri\n             ct-prototypes -fPIC\n     888\n     889     compile options: '-Inumpy/core/src/private -Inumpy/core/src -Inump",
    "y/core -Inumpy/core/src/npymath -Inumpy/core/src/multiarray -Inump\n             y/core/src/umath -Inumpy/core/src/npysort -Inumpy/core/include -I/\n             p/vast1/koparasy/BUILD/spack_cluster_installer/quartz/py-petsc4py/\n             spack_env_dir/linux-rhel7-broadwell/gcc-9.3.1/python-2.7.18-fhyuos\n             sqnn72elgmimlggs2rn3pfsqnd/include/python2.7 -c'\n     890     gcc: _configtest.c\n891     _configtest.c:3:5: warning: function declaration isn't a prototype\n              [-Wstrict-prototypes]\n     892         3 | int main ()\n     893           |     ^~~~\n     894     _configtest.c: In function 'main':\n  >> 895     _configtest.c:5:16: error: size of array 'test_array' is negative\n     896         5 |     static int test_array [1 - 2 * !(((long) (sizeof (npy_",
    "893           |     ^~~~\n     894     _configtest.c: In function 'main':\n  >> 895     _configtest.c:5:16: error: size of array 'test_array' is negative\n     896         5 |     static int test_array [1 - 2 * !(((long) (sizeof (npy_\n             check_sizeof_type))) <= 3)];\n     897           |                ^~~~~~~~~~\n898     _configtest.c:5:16: warning: variable 'test_array' set but not use\n             d [-Wunused-but-set-variable]\n     899     _configtest.c:3:5: warning: function declaration isn't a prototype\n              [-Wstrict-prototypes]\n     900         3 | int main ()\n     901           |     ^~~~\n     902     _configtest.c: In function 'main':",
    ">> 895     _configtest.c:5:16: error: size of array 'test_array' is negative\n     896         5 |     static int test_array [1 - 2 * !(((long) (sizeof (npy_\n             check_sizeof_type))) <= 3)];\n     897           |                ^~~~~~~~~~\n     898     _configtest.c:5:16: warning: variable 'test_array' set but not use\n             d [-Wunused-but-set-variable]\n899     _configtest.c:3:5: warning: function declaration isn't a prototype\n              [-Wstrict-prototypes]\n     900         3 | int main ()\n     901           |     ^~~~\n     902     _configtest.c: In function 'main':\n  >> 903     _configtest.c:5:16: error: size of array 'test_array' is negative\n     904         5 |     static int test_array [1 - 2 * !(((long) (sizeof (npy_",
    "901           |     ^~~~\n     902     _configtest.c: In function 'main':\n  >> 903     _configtest.c:5:16: error: size of array 'test_array' is negative\n     904         5 |     static int test_array [1 - 2 * !(((long) (sizeof (npy_\n             check_sizeof_type))) <= 3)];\n     905           |                ^~~~~~~~~~\n906     _configtest.c:5:16: warning: variable 'test_array' set but not use\n             d [-Wunused-but-set-variable]\n     907     C compiler: /p/vast1/koparasy/BUILD/head/spack/lib/spack/env/gcc/g\n             cc -fno-strict-aliasing -fPIC -DNDEBUG -g -fwrapv -O3 -Wall -Wstri\n             ct-prototypes -fPIC\n     908\n     909     compile options: '-Inumpy/core/src/private -Inumpy/core/src -Inump",
    "y/core -Inumpy/core/src/npymath -Inumpy/core/src/multiarray -Inump\n             y/core/src/umath -Inumpy/core/src/npysort -Inumpy/core/include -I/\n             p/vast1/koparasy/BUILD/spack_cluster_installer/quartz/py-petsc4py/\n             spack_env_dir/linux-rhel7-broadwell/gcc-9.3.1/python-2.7.18-fhyuos\n             sqnn72elgmimlggs2rn3pfsqnd/include/python2.7 -c'\n     910     gcc: _configtest.c\n911     _configtest.c:3:5: warning: function declaration isn't a prototype\n              [-Wstrict-prototypes]\n     912         3 | int main ()\n     913           |     ^~~~\n     914     _configtest.c: In function 'main':\n  >> 915     _configtest.c:5:16: error: size of array 'test_array' is negative\n     916         5 |     static int test_array [1 - 2 * !(((long) (sizeof (npy_",
    "913           |     ^~~~\n     914     _configtest.c: In function 'main':\n  >> 915     _configtest.c:5:16: error: size of array 'test_array' is negative\n     916         5 |     static int test_array [1 - 2 * !(((long) (sizeof (npy_\n             check_sizeof_type))) <= 7)];\n     917           |                ^~~~~~~~~~\n918     _configtest.c:5:16: warning: variable 'test_array' set but not use\n             d [-Wunused-but-set-variable]\n     919     _configtest.c:3:5: warning: function declaration isn't a prototype\n              [-Wstrict-prototypes]\n     920         3 | int main ()\n     921           |     ^~~~\n     922     _configtest.c: In function 'main':",
    ">> 915     _configtest.c:5:16: error: size of array 'test_array' is negative\n     916         5 |     static int test_array [1 - 2 * !(((long) (sizeof (npy_\n             check_sizeof_type))) <= 7)];\n     917           |                ^~~~~~~~~~\n     918     _configtest.c:5:16: warning: variable 'test_array' set but not use\n             d [-Wunused-but-set-variable]\n919     _configtest.c:3:5: warning: function declaration isn't a prototype\n              [-Wstrict-prototypes]\n     920         3 | int main ()\n     921           |     ^~~~\n     922     _configtest.c: In function 'main':\n  >> 923     _configtest.c:5:16: error: size of array 'test_array' is negative\n     924         5 |     static int test_array [1 - 2 * !(((long) (sizeof (npy_",
    "921           |     ^~~~\n     922     _configtest.c: In function 'main':\n  >> 923     _configtest.c:5:16: error: size of array 'test_array' is negative\n     924         5 |     static int test_array [1 - 2 * !(((long) (sizeof (npy_\n             check_sizeof_type))) <= 7)];\n     925           |                ^~~~~~~~~~\n926     _configtest.c:5:16: warning: variable 'test_array' set but not use\n             d [-Wunused-but-set-variable]\n     927     C compiler: /p/vast1/koparasy/BUILD/head/spack/lib/spack/env/gcc/g\n             cc -fno-strict-aliasing -fPIC -DNDEBUG -g -fwrapv -O3 -Wall -Wstri\n             ct-prototypes -fPIC\n     928\n     929     compile options: '-Inumpy/core/src/private -Inumpy/core/src -Inump",
    "y/core -Inumpy/core/src/npymath -Inumpy/core/src/multiarray -Inump\n             y/core/src/umath -Inumpy/core/src/npysort -Inumpy/core/include -I/\n             p/vast1/koparasy/BUILD/spack_cluster_installer/quartz/py-petsc4py/\n             spack_env_dir/linux-rhel7-broadwell/gcc-9.3.1/python-2.7.18-fhyuos\n             sqnn72elgmimlggs2rn3pfsqnd/include/python2.7 -c'\n     930     gcc: _configtest.c\n931     _configtest.c:3:5: warning: function declaration isn't a prototype\n              [-Wstrict-prototypes]\n     932         3 | int main ()\n     933           |     ^~~~\n     934     _configtest.c: In function 'main':\n  >> 935     _configtest.c:5:16: error: size of array 'test_array' is negative\n     936         5 |     static int test_array [1 - 2 * !(((long) (sizeof (npy_",
    "933           |     ^~~~\n     934     _configtest.c: In function 'main':\n  >> 935     _configtest.c:5:16: error: size of array 'test_array' is negative\n     936         5 |     static int test_array [1 - 2 * !(((long) (sizeof (npy_\n             check_sizeof_type))) <= 15)];\n     937           |                ^~~~~~~~~~\n938     _configtest.c:5:16: warning: variable 'test_array' set but not use\n             d [-Wunused-but-set-variable]\n     939     _configtest.c:3:5: warning: function declaration isn't a prototype\n              [-Wstrict-prototypes]\n     940         3 | int main ()\n     941           |     ^~~~\n     942     _configtest.c: In function 'main':",
    ">> 935     _configtest.c:5:16: error: size of array 'test_array' is negative\n     936         5 |     static int test_array [1 - 2 * !(((long) (sizeof (npy_\n             check_sizeof_type))) <= 15)];\n     937           |                ^~~~~~~~~~\n     938     _configtest.c:5:16: warning: variable 'test_array' set but not use\n             d [-Wunused-but-set-variable]\n939     _configtest.c:3:5: warning: function declaration isn't a prototype\n              [-Wstrict-prototypes]\n     940         3 | int main ()\n     941           |     ^~~~\n     942     _configtest.c: In function 'main':\n  >> 943     _configtest.c:5:16: error: size of array 'test_array' is negative\n     944         5 |     static int test_array [1 - 2 * !(((long) (sizeof (npy_",
    "941           |     ^~~~\n     942     _configtest.c: In function 'main':\n  >> 943     _configtest.c:5:16: error: size of array 'test_array' is negative\n     944         5 |     static int test_array [1 - 2 * !(((long) (sizeof (npy_\n             check_sizeof_type))) <= 15)];\n     945           |                ^~~~~~~~~~\n946     _configtest.c:5:16: warning: variable 'test_array' set but not use\n             d [-Wunused-but-set-variable]\n     947     C compiler: /p/vast1/koparasy/BUILD/head/spack/lib/spack/env/gcc/g\n             cc -fno-strict-aliasing -fPIC -DNDEBUG -g -fwrapv -O3 -Wall -Wstri\n             ct-prototypes -fPIC\n     948\n     949     compile options: '-Inumpy/core/src/private -Inumpy/core/src -Inump",
    "y/core -Inumpy/core/src/npymath -Inumpy/core/src/multiarray -Inump\n             y/core/src/umath -Inumpy/core/src/npysort -Inumpy/core/include -I/\n             p/vast1/koparasy/BUILD/spack_cluster_installer/quartz/py-petsc4py/\n             spack_env_dir/linux-rhel7-broadwell/gcc-9.3.1/python-2.7.18-fhyuos\n             sqnn72elgmimlggs2rn3pfsqnd/include/python2.7 -c'\n     950     gcc: _configtest.c\n951     _configtest.c:3:5: warning: function declaration isn't a prototype\n              [-Wstrict-prototypes]\n     952         3 | int main ()\n     953           |     ^~~~\n     954     _configtest.c: In function 'main':\n  >> 955     _configtest.c:5:16: error: size of array 'test_array' is negative\n     956         5 |     static int test_array [1 - 2 * !(((long) (sizeof (npy_",
    "953           |     ^~~~\n     954     _configtest.c: In function 'main':\n  >> 955     _configtest.c:5:16: error: size of array 'test_array' is negative\n     956         5 |     static int test_array [1 - 2 * !(((long) (sizeof (npy_\n             check_sizeof_type))) <= 31)];\n     957           |                ^~~~~~~~~~\n958     _configtest.c:5:16: warning: variable 'test_array' set but not use\n             d [-Wunused-but-set-variable]\n     959     _configtest.c:3:5: warning: function declaration isn't a prototype\n              [-Wstrict-prototypes]\n     960         3 | int main ()\n     961           |     ^~~~\n     962     _configtest.c: In function 'main':",
    ">> 955     _configtest.c:5:16: error: size of array 'test_array' is negative\n     956         5 |     static int test_array [1 - 2 * !(((long) (sizeof (npy_\n             check_sizeof_type))) <= 31)];\n     957           |                ^~~~~~~~~~\n     958     _configtest.c:5:16: warning: variable 'test_array' set but not use\n             d [-Wunused-but-set-variable]\n959     _configtest.c:3:5: warning: function declaration isn't a prototype\n              [-Wstrict-prototypes]\n     960         3 | int main ()\n     961           |     ^~~~\n     962     _configtest.c: In function 'main':\n  >> 963     _configtest.c:5:16: error: size of array 'test_array' is negative\n     964         5 |     static int test_array [1 - 2 * !(((long) (sizeof (npy_",
    "961           |     ^~~~\n     962     _configtest.c: In function 'main':\n  >> 963     _configtest.c:5:16: error: size of array 'test_array' is negative\n     964         5 |     static int test_array [1 - 2 * !(((long) (sizeof (npy_\n             check_sizeof_type))) <= 31)];\n     965           |                ^~~~~~~~~~\n966     _configtest.c:5:16: warning: variable 'test_array' set but not use\n             d [-Wunused-but-set-variable]\n     967     C compiler: /p/vast1/koparasy/BUILD/head/spack/lib/spack/env/gcc/g\n             cc -fno-strict-aliasing -fPIC -DNDEBUG -g -fwrapv -O3 -Wall -Wstri\n             ct-prototypes -fPIC\n     968\n     969     compile options: '-Inumpy/core/src/private -Inumpy/core/src -Inump",
    "y/core -Inumpy/core/src/npymath -Inumpy/core/src/multiarray -Inump\n             y/core/src/umath -Inumpy/core/src/npysort -Inumpy/core/include -I/\n             p/vast1/koparasy/BUILD/spack_cluster_installer/quartz/py-petsc4py/\n             spack_env_dir/linux-rhel7-broadwell/gcc-9.3.1/python-2.7.18-fhyuos\n             sqnn72elgmimlggs2rn3pfsqnd/include/python2.7 -c'\n     1054    gcc: _configtest.c\n1055    _configtest.c:5:5: warning: function declaration isn't a prototype\n              [-Wstrict-prototypes]\n     1056        5 | int main ()\n     1057          |     ^~~~\n     1058    _configtest.c: In function 'main':\n  >> 1059    _configtest.c:7:16: error: size of array 'test_array' is negative\n     1060        7 |     static int test_array [1 - 2 * !(((long) (sizeof (npy_",
    "1057          |     ^~~~\n     1058    _configtest.c: In function 'main':\n  >> 1059    _configtest.c:7:16: error: size of array 'test_array' is negative\n     1060        7 |     static int test_array [1 - 2 * !(((long) (sizeof (npy_\n             check_sizeof_type))) == 4)];\n     1061          |                ^~~~~~~~~~\n1062    _configtest.c:7:16: warning: variable 'test_array' set but not use\n             d [-Wunused-but-set-variable]\n     1063    _configtest.c:5:5: warning: function declaration isn't a prototype\n              [-Wstrict-prototypes]\n     1064        5 | int main ()\n     1065          |     ^~~~\n     1066    _configtest.c: In function 'main':",
    ">> 1059    _configtest.c:7:16: error: size of array 'test_array' is negative\n     1060        7 |     static int test_array [1 - 2 * !(((long) (sizeof (npy_\n             check_sizeof_type))) == 4)];\n     1061          |                ^~~~~~~~~~\n     1062    _configtest.c:7:16: warning: variable 'test_array' set but not use\n             d [-Wunused-but-set-variable]\n1063    _configtest.c:5:5: warning: function declaration isn't a prototype\n              [-Wstrict-prototypes]\n     1064        5 | int main ()\n     1065          |     ^~~~\n     1066    _configtest.c: In function 'main':\n  >> 1067    _configtest.c:7:16: error: size of array 'test_array' is negative\n     1068        7 |     static int test_array [1 - 2 * !(((long) (sizeof (npy_",
    "1065          |     ^~~~\n     1066    _configtest.c: In function 'main':\n  >> 1067    _configtest.c:7:16: error: size of array 'test_array' is negative\n     1068        7 |     static int test_array [1 - 2 * !(((long) (sizeof (npy_\n             check_sizeof_type))) == 4)];\n     1069          |                ^~~~~~~~~~\n1070    _configtest.c:7:16: warning: variable 'test_array' set but not use\n             d [-Wunused-but-set-variable]\n     1071    C compiler: /p/vast1/koparasy/BUILD/head/spack/lib/spack/env/gcc/g\n             cc -fno-strict-aliasing -fPIC -DNDEBUG -g -fwrapv -O3 -Wall -Wstri\n             ct-prototypes -fPIC\n     1072\n     1073    compile options: '-Inumpy/core/src/private -Inumpy/core/src -Inump",
    "y/core -Inumpy/core/src/npymath -Inumpy/core/src/multiarray -Inump\n             y/core/src/umath -Inumpy/core/src/npysort -Inumpy/core/include -I/\n             p/vast1/koparasy/BUILD/spack_cluster_installer/quartz/py-petsc4py/\n             spack_env_dir/linux-rhel7-broadwell/gcc-9.3.1/python-2.7.18-fhyuos\n             sqnn72elgmimlggs2rn3pfsqnd/include/python2.7 -c'\n     1098    gcc: _configtest.c\n1099    _configtest.c:5:5: warning: function declaration isn't a prototype\n              [-Wstrict-prototypes]\n     1100        5 | int main ()\n     1101          |     ^~~~\n     1102    _configtest.c: In function 'main':\n  >> 1103    _configtest.c:7:16: error: size of array 'test_array' is negative\n     1104        7 |     static int test_array [1 - 2 * !(((long) (sizeof (npy_",
    "1101          |     ^~~~\n     1102    _configtest.c: In function 'main':\n  >> 1103    _configtest.c:7:16: error: size of array 'test_array' is negative\n     1104        7 |     static int test_array [1 - 2 * !(((long) (sizeof (npy_\n             check_sizeof_type))) == 4)];\n     1105          |                ^~~~~~~~~~\n1106    _configtest.c:7:16: warning: variable 'test_array' set but not use\n             d [-Wunused-but-set-variable]\n     1107    _configtest.c:5:5: warning: function declaration isn't a prototype\n              [-Wstrict-prototypes]\n     1108        5 | int main ()\n     1109          |     ^~~~\n     1110    _configtest.c: In function 'main':",
    ">> 1103    _configtest.c:7:16: error: size of array 'test_array' is negative\n     1104        7 |     static int test_array [1 - 2 * !(((long) (sizeof (npy_\n             check_sizeof_type))) == 4)];\n     1105          |                ^~~~~~~~~~\n     1106    _configtest.c:7:16: warning: variable 'test_array' set but not use\n             d [-Wunused-but-set-variable]\n1107    _configtest.c:5:5: warning: function declaration isn't a prototype\n              [-Wstrict-prototypes]\n     1108        5 | int main ()\n     1109          |     ^~~~\n     1110    _configtest.c: In function 'main':\n  >> 1111    _configtest.c:7:16: error: size of array 'test_array' is negative\n     1112        7 |     static int test_array [1 - 2 * !(((long) (sizeof (npy_",
    "1109          |     ^~~~\n     1110    _configtest.c: In function 'main':\n  >> 1111    _configtest.c:7:16: error: size of array 'test_array' is negative\n     1112        7 |     static int test_array [1 - 2 * !(((long) (sizeof (npy_\n             check_sizeof_type))) == 4)];\n     1113          |                ^~~~~~~~~~\n1114    _configtest.c:7:16: warning: variable 'test_array' set but not use\n             d [-Wunused-but-set-variable]\n     1115    C compiler: /p/vast1/koparasy/BUILD/head/spack/lib/spack/env/gcc/g\n             cc -fno-strict-aliasing -fPIC -DNDEBUG -g -fwrapv -O3 -Wall -Wstri\n             ct-prototypes -fPIC\n     1116\n     1117    compile options: '-Inumpy/core/src/private -Inumpy/core/src -Inump",
    "y/core -Inumpy/core/src/npymath -Inumpy/core/src/multiarray -Inump\n             y/core/src/umath -Inumpy/core/src/npysort -Inumpy/core/include -I/\n             p/vast1/koparasy/BUILD/spack_cluster_installer/quartz/py-petsc4py/\n             spack_env_dir/linux-rhel7-broadwell/gcc-9.3.1/python-2.7.18-fhyuos\n             sqnn72elgmimlggs2rn3pfsqnd/include/python2.7 -c'\n     1574    gcc: _configtest.c\n1575    _configtest.c:1:5: warning: function declaration isn't a prototype\n              [-Wstrict-prototypes]\n     1576        1 | int __declspec(thread) a;\n     1577          |     ^~~~~~~~~~\n     1578    _configtest.c: In function '__declspec':\n  >> 1579    _configtest.c:1:24: error: expected declaration specifiers before\n             'a'",
    "1580        1 | int __declspec(thread) a;\n     1581          |                        ^\n  >> 1582    _configtest.c:5:17: error: expected '=', ',', ';', 'asm' or '__att\n             ribute__' before '{' token\n     1583        5 | int main (void) {\n     1584          |                 ^\n1585    _configtest.c:1:5: warning: type of 'thread' defaults to 'int' [-W\n             implicit-int]\n     1586        1 | int __declspec(thread) a;\n     1587          |     ^~~~~~~~~~\n  >> 1588    _configtest.c:8: error: expected '{' at end of input\n     1589        8 | }\n     1590          |",
    "implicit-int]\n     1586        1 | int __declspec(thread) a;\n     1587          |     ^~~~~~~~~~\n  >> 1588    _configtest.c:8: error: expected '{' at end of input\n     1589        8 | }\n     1590          |\n1591    _configtest.c:8: warning: control reaches end of non-void function\n              [-Wreturn-type]\n     1592        8 | }\n     1593          |\n     1594    _configtest.c:1:5: warning: function declaration isn't a prototype\n              [-Wstrict-prototypes]\n     1595        1 | int __declspec(thread) a;",
    "1589        8 | }\n     1590          |\n     1591    _configtest.c:8: warning: control reaches end of non-void function\n              [-Wreturn-type]\n     1592        8 | }\n     1593          |\n1594    _configtest.c:1:5: warning: function declaration isn't a prototype\n              [-Wstrict-prototypes]\n     1595        1 | int __declspec(thread) a;\n     1596          |     ^~~~~~~~~~\n     1597    _configtest.c: In function '__declspec':\n  >> 1598    _configtest.c:1:24: error: expected declaration specifiers before\n             'a'",
    "1599        1 | int __declspec(thread) a;\n     1600          |                        ^\n  >> 1601    _configtest.c:5:17: error: expected '=', ',', ';', 'asm' or '__att\n             ribute__' before '{' token\n     1602        5 | int main (void) {\n     1603          |                 ^\n1604    _configtest.c:1:5: warning: type of 'thread' defaults to 'int' [-W\n             implicit-int]\n     1605        1 | int __declspec(thread) a;\n     1606          |     ^~~~~~~~~~\n  >> 1607    _configtest.c:8: error: expected '{' at end of input\n     1608        8 | }\n     1609          |",
    "implicit-int]\n     1605        1 | int __declspec(thread) a;\n     1606          |     ^~~~~~~~~~\n  >> 1607    _configtest.c:8: error: expected '{' at end of input\n     1608        8 | }\n     1609          |\n1610    _configtest.c:8: warning: control reaches end of non-void function\n              [-Wreturn-type]\n     1611        8 | }\n     1612          |\n     1613    failure.\n\n     ...",
    "y/core -Inumpy/core/src/npymath -Inumpy/core/src/multiarray -Inump\n             y/core/src/umath -Inumpy/core/src/npysort -Inumpy/core/include -I/\n             p/vast1/koparasy/BUILD/spack_cluster_installer/quartz/py-petsc4py/\n             spack_env_dir/linux-rhel7-broadwell/gcc-9.3.1/python-2.7.18-fhyuos\n             sqnn72elgmimlggs2rn3pfsqnd/include/python2.7 -c'\n     1944    gcc: _configtest.c\n1945    _configtest.c:5:5: warning: function declaration isn't a prototype\n              [-Wstrict-prototypes]\n     1946        5 | int main()\n     1947          |     ^~~~\n     1948    _configtest.c: In function 'main':\n  >> 1949    _configtest.c:8:12: error: 'HAVE_DECL_SIGNBIT' undeclared (first u\n             se in this function); did you mean 'HAVE_DECL_ISNAN'?",
    "se in this function); did you mean 'HAVE_DECL_ISNAN'?\n     1950        8 |     (void) HAVE_DECL_SIGNBIT;\n     1951          |            ^~~~~~~~~~~~~~~~~\n     1952          |            HAVE_DECL_ISNAN\n     1953    _configtest.c:8:12: note: each undeclared identifier is reported o\n             nly once for each function it appears in\n1954    _configtest.c:5:5: warning: function declaration isn't a prototype\n              [-Wstrict-prototypes]\n     1955        5 | int main()\n     1956          |     ^~~~\n     1957    _configtest.c: In function 'main':\n  >> 1958    _configtest.c:8:12: error: 'HAVE_DECL_SIGNBIT' undeclared (first u\n             se in this function); did you mean 'HAVE_DECL_ISNAN'?",
    "y/core -Inumpy/core/src/npymath -Inumpy/core/src/multiarray -Inump\n             y/core/src/umath -Inumpy/core/src/npysort -Inumpy/core/include -I/\n             p/vast1/koparasy/BUILD/spack_cluster_installer/quartz/py-petsc4py/\n             spack_env_dir/linux-rhel7-broadwell/gcc-9.3.1/python-2.7.18-fhyuos\n             sqnn72elgmimlggs2rn3pfsqnd/include/python2.7 -c'\n     2178    gcc: _configtest.c\n2179    _configtest.c:4:5: warning: function declaration isn't a prototype\n              [-Wstrict-prototypes]\n     2180        4 | int main()\n     2181          |     ^~~~\n     2182    _configtest.c: In function 'main':\n  >> 2183    _configtest.c:7:12: error: 'Py_UNICODE_WIDE' undeclared (first use\n              in this function); did you mean 'Py_UNICODE_SIZE'?",
    "in this function); did you mean 'Py_UNICODE_SIZE'?\n     2184        7 |     (void) Py_UNICODE_WIDE;\n     2185          |            ^~~~~~~~~~~~~~~\n     2186          |            Py_UNICODE_SIZE\n     2187    _configtest.c:7:12: note: each undeclared identifier is reported o\n             nly once for each function it appears in\n2188    _configtest.c:4:5: warning: function declaration isn't a prototype\n              [-Wstrict-prototypes]\n     2189        4 | int main()\n     2190          |     ^~~~\n     2191    _configtest.c: In function 'main':\n  >> 2192    _configtest.c:7:12: error: 'Py_UNICODE_WIDE' undeclared (first use\n              in this function); did you mean 'Py_UNICODE_SIZE'?",
    "87          1 | int exp (void);\n     88      /p/vast1/koparasy/BUILD/head/spack/lib/spack/env/gcc/gcc _configte\n             st.o -o _configtest\n     89      /usr/tce/packages/gcc/gcc-9.3.1/rh/usr/bin/../libexec/gcc/x86_64-r\n             edhat-linux/9/ld: _configtest.o: in function `main':\n  >> 90      /tmp/koparasy/spack-stage/spack-stage-py-numpy-1.9.2-bwqh2t5dhuflc\n7eg65vbshitaibpswjd/spack-src/_configtest.c:6: undefined reference\n              to `exp'\n  >> 91      collect2: error: ld returned 1 exit status\n     92      /usr/tce/packages/gcc/gcc-9.3.1/rh/usr/bin/../libexec/gcc/x86_64-r\n             edhat-linux/9/ld: _configtest.o: in function `main':\n  >> 93      /tmp/koparasy/spack-stage/spack-stage-py-numpy-1.9.2-bwqh2t5dhuflc\n             7eg65vbshitaibpswjd/spack-src/_configtest.c:6: undefined reference",
    "st.o -o _configtest\n     89      /usr/tce/packages/gcc/gcc-9.3.1/rh/usr/bin/../libexec/gcc/x86_64-r\n             edhat-linux/9/ld: _configtest.o: in function `main':\n  >> 90      /tmp/koparasy/spack-stage/spack-stage-py-numpy-1.9.2-bwqh2t5dhuflc\n             7eg65vbshitaibpswjd/spack-src/_configtest.c:6: undefined reference\n              to `exp'\n>> 91      collect2: error: ld returned 1 exit status\n     92      /usr/tce/packages/gcc/gcc-9.3.1/rh/usr/bin/../libexec/gcc/x86_64-r\n             edhat-linux/9/ld: _configtest.o: in function `main':\n  >> 93      /tmp/koparasy/spack-stage/spack-stage-py-numpy-1.9.2-bwqh2t5dhuflc\n             7eg65vbshitaibpswjd/spack-src/_configtest.c:6: undefined reference\n              to `exp'\n  >> 94      collect2: error: ld returned 1 exit status",
    "7eg65vbshitaibpswjd/spack-src/_configtest.c:6: undefined reference\n              to `exp'\n  >> 91      collect2: error: ld returned 1 exit status\n     92      /usr/tce/packages/gcc/gcc-9.3.1/rh/usr/bin/../libexec/gcc/x86_64-r\n             edhat-linux/9/ld: _configtest.o: in function `main':\n  >> 93      /tmp/koparasy/spack-stage/spack-stage-py-numpy-1.9.2-bwqh2t5dhuflc\n7eg65vbshitaibpswjd/spack-src/_configtest.c:6: undefined reference\n              to `exp'\n  >> 94      collect2: error: ld returned 1 exit status\n     95      failure.\n     96      removing: _configtest.c _configtest.o\n     97      C compiler: /p/vast1/koparasy/BUILD/head/spack/lib/spack/env/gcc/g\n             cc -fno-strict-aliasing -fPIC -DNDEBUG -g -fwrapv -O3 -Wall -Wstri",
    ">> 91      collect2: error: ld returned 1 exit status\n     92      /usr/tce/packages/gcc/gcc-9.3.1/rh/usr/bin/../libexec/gcc/x86_64-r\n             edhat-linux/9/ld: _configtest.o: in function `main':\n  >> 93      /tmp/koparasy/spack-stage/spack-stage-py-numpy-1.9.2-bwqh2t5dhuflc\n             7eg65vbshitaibpswjd/spack-src/_configtest.c:6: undefined reference\n              to `exp'\n>> 94      collect2: error: ld returned 1 exit status\n     95      failure.\n     96      removing: _configtest.c _configtest.o\n     97      C compiler: /p/vast1/koparasy/BUILD/head/spack/lib/spack/env/gcc/g\n             cc -fno-strict-aliasing -fPIC -DNDEBUG -g -fwrapv -O3 -Wall -Wstri\n             ct-prototypes -fPIC\n     98",
    "217     gcc: _configtest.c\n     218     _configtest.c:3:5: warning: function declaration isn't a prototype\n              [-Wstrict-prototypes]\n     219         3 | int main ()\n     220           |     ^~~~\n     221     _configtest.c: In function 'main':\n>> 222     _configtest.c:5:16: error: size of array 'test_array' is negative\n     223         5 |     static int test_array [1 - 2 * !(((long) (sizeof (npy_\n             check_sizeof_type))) == 4)];\n     224           |                ^~~~~~~~~~\n     225     _configtest.c:5:16: warning: variable 'test_array' set but not use\n             d [-Wunused-but-set-variable]\n     226     _configtest.c:3:5: warning: function declaration isn't a prototype",
    "d [-Wunused-but-set-variable]\n     226     _configtest.c:3:5: warning: function declaration isn't a prototype\n              [-Wstrict-prototypes]\n     227         3 | int main ()\n     228           |     ^~~~\n     229     _configtest.c: In function 'main':\n>> 230     _configtest.c:5:16: error: size of array 'test_array' is negative\n     231         5 |     static int test_array [1 - 2 * !(((long) (sizeof (npy_\n             check_sizeof_type))) == 4)];\n     232           |                ^~~~~~~~~~\n     233     _configtest.c:5:16: warning: variable 'test_array' set but not use\n             d [-Wunused-but-set-variable]\n     234     C compiler: /p/vast1/koparasy/BUILD/head/spack/lib/spack/env/gcc/g",
    "237     gcc: _configtest.c\n     238     _configtest.c:3:5: warning: function declaration isn't a prototype\n              [-Wstrict-prototypes]\n     239         3 | int main ()\n     240           |     ^~~~\n     241     _configtest.c: In function 'main':\n>> 242     _configtest.c:5:16: error: size of array 'test_array' is negative\n     243         5 |     static int test_array [1 - 2 * !(((long) (sizeof (npy_\n             check_sizeof_type))) == 4)];\n     244           |                ^~~~~~~~~~\n     245     _configtest.c:5:16: warning: variable 'test_array' set but not use\n             d [-Wunused-but-set-variable]\n     246     _configtest.c:3:5: warning: function declaration isn't a prototype",
    "d [-Wunused-but-set-variable]\n     246     _configtest.c:3:5: warning: function declaration isn't a prototype\n              [-Wstrict-prototypes]\n     247         3 | int main ()\n     248           |     ^~~~\n     249     _configtest.c: In function 'main':\n>> 250     _configtest.c:5:16: error: size of array 'test_array' is negative\n     251         5 |     static int test_array [1 - 2 * !(((long) (sizeof (npy_\n             check_sizeof_type))) == 4)];\n     252           |                ^~~~~~~~~~\n     253     _configtest.c:5:16: warning: variable 'test_array' set but not use\n             d [-Wunused-but-set-variable]\n     254     C compiler: /p/vast1/koparasy/BUILD/head/spack/lib/spack/env/gcc/g",
    "257     gcc: _configtest.c\n     258     _configtest.c:3:5: warning: function declaration isn't a prototype\n              [-Wstrict-prototypes]\n     259         3 | int main ()\n     260           |     ^~~~\n     261     _configtest.c: In function 'main':\n>> 262     _configtest.c:5:16: error: size of array 'test_array' is negative\n     263         5 |     static int test_array [1 - 2 * !(((long) (sizeof (npy_\n             check_sizeof_type))) <= 0)];\n     264           |                ^~~~~~~~~~\n     265     _configtest.c:5:16: warning: variable 'test_array' set but not use\n             d [-Wunused-but-set-variable]\n     266     _configtest.c:3:5: warning: function declaration isn't a prototype",
    "d [-Wunused-but-set-variable]\n     266     _configtest.c:3:5: warning: function declaration isn't a prototype\n              [-Wstrict-prototypes]\n     267         3 | int main ()\n     268           |     ^~~~\n     269     _configtest.c: In function 'main':\n>> 270     _configtest.c:5:16: error: size of array 'test_array' is negative\n     271         5 |     static int test_array [1 - 2 * !(((long) (sizeof (npy_\n             check_sizeof_type))) <= 0)];\n     272           |                ^~~~~~~~~~\n     273     _configtest.c:5:16: warning: variable 'test_array' set but not use\n             d [-Wunused-but-set-variable]\n     274     C compiler: /p/vast1/koparasy/BUILD/head/spack/lib/spack/env/gcc/g",
    "277     gcc: _configtest.c\n     278     _configtest.c:3:5: warning: function declaration isn't a prototype\n              [-Wstrict-prototypes]\n     279         3 | int main ()\n     280           |     ^~~~\n     281     _configtest.c: In function 'main':\n>> 282     _configtest.c:5:16: error: size of array 'test_array' is negative\n     283         5 |     static int test_array [1 - 2 * !(((long) (sizeof (npy_\n             check_sizeof_type))) <= 1)];\n     284           |                ^~~~~~~~~~\n     285     _configtest.c:5:16: warning: variable 'test_array' set but not use\n             d [-Wunused-but-set-variable]\n     286     _configtest.c:3:5: warning: function declaration isn't a prototype",
    "d [-Wunused-but-set-variable]\n     286     _configtest.c:3:5: warning: function declaration isn't a prototype\n              [-Wstrict-prototypes]\n     287         3 | int main ()\n     288           |     ^~~~\n     289     _configtest.c: In function 'main':\n>> 290     _configtest.c:5:16: error: size of array 'test_array' is negative\n     291         5 |     static int test_array [1 - 2 * !(((long) (sizeof (npy_\n             check_sizeof_type))) <= 1)];\n     292           |                ^~~~~~~~~~\n     293     _configtest.c:5:16: warning: variable 'test_array' set but not use\n             d [-Wunused-but-set-variable]\n     294     C compiler: /p/vast1/koparasy/BUILD/head/spack/lib/spack/env/gcc/g",
    "297     gcc: _configtest.c\n     298     _configtest.c:3:5: warning: function declaration isn't a prototype\n              [-Wstrict-prototypes]\n     299         3 | int main ()\n     300           |     ^~~~\n     301     _configtest.c: In function 'main':\n>> 302     _configtest.c:5:16: error: size of array 'test_array' is negative\n     303         5 |     static int test_array [1 - 2 * !(((long) (sizeof (npy_\n             check_sizeof_type))) <= 3)];\n     304           |                ^~~~~~~~~~\n     305     _configtest.c:5:16: warning: variable 'test_array' set but not use\n             d [-Wunused-but-set-variable]\n     306     _configtest.c:3:5: warning: function declaration isn't a prototype",
    "d [-Wunused-but-set-variable]\n     306     _configtest.c:3:5: warning: function declaration isn't a prototype\n              [-Wstrict-prototypes]\n     307         3 | int main ()\n     308           |     ^~~~\n     309     _configtest.c: In function 'main':\n>> 310     _configtest.c:5:16: error: size of array 'test_array' is negative\n     311         5 |     static int test_array [1 - 2 * !(((long) (sizeof (npy_\n             check_sizeof_type))) <= 3)];\n     312           |                ^~~~~~~~~~\n     313     _configtest.c:5:16: warning: variable 'test_array' set but not use\n             d [-Wunused-but-set-variable]\n     314     C compiler: /p/vast1/koparasy/BUILD/head/spack/lib/spack/env/gcc/g",
    "317     gcc: _configtest.c\n     318     _configtest.c:3:5: warning: function declaration isn't a prototype\n              [-Wstrict-prototypes]\n     319         3 | int main ()\n     320           |     ^~~~\n     321     _configtest.c: In function 'main':\n>> 322     _configtest.c:5:16: error: size of array 'test_array' is negative\n     323         5 |     static int test_array [1 - 2 * !(((long) (sizeof (npy_\n             check_sizeof_type))) <= 7)];\n     324           |                ^~~~~~~~~~\n     325     _configtest.c:5:16: warning: variable 'test_array' set but not use\n             d [-Wunused-but-set-variable]\n     326     _configtest.c:3:5: warning: function declaration isn't a prototype",
    "d [-Wunused-but-set-variable]\n     326     _configtest.c:3:5: warning: function declaration isn't a prototype\n              [-Wstrict-prototypes]\n     327         3 | int main ()\n     328           |     ^~~~\n     329     _configtest.c: In function 'main':\n>> 330     _configtest.c:5:16: error: size of array 'test_array' is negative\n     331         5 |     static int test_array [1 - 2 * !(((long) (sizeof (npy_\n             check_sizeof_type))) <= 7)];\n     332           |                ^~~~~~~~~~\n     333     _configtest.c:5:16: warning: variable 'test_array' set but not use\n             d [-Wunused-but-set-variable]\n     334     C compiler: /p/vast1/koparasy/BUILD/head/spack/lib/spack/env/gcc/g",
    "430     gcc: _configtest.c\n     431     _configtest.c:3:5: warning: function declaration isn't a prototype\n              [-Wstrict-prototypes]\n     432         3 | int main ()\n     433           |     ^~~~\n     434     _configtest.c: In function 'main':\n>> 435     _configtest.c:5:16: error: size of array 'test_array' is negative\n     436         5 |     static int test_array [1 - 2 * !(((long) (sizeof (npy_\n             check_sizeof_type))) == 8)];\n     437           |                ^~~~~~~~~~\n     438     _configtest.c:5:16: warning: variable 'test_array' set but not use\n             d [-Wunused-but-set-variable]\n     439     _configtest.c:3:5: warning: function declaration isn't a prototype",
    "d [-Wunused-but-set-variable]\n     439     _configtest.c:3:5: warning: function declaration isn't a prototype\n              [-Wstrict-prototypes]\n     440         3 | int main ()\n     441           |     ^~~~\n     442     _configtest.c: In function 'main':\n>> 443     _configtest.c:5:16: error: size of array 'test_array' is negative\n     444         5 |     static int test_array [1 - 2 * !(((long) (sizeof (npy_\n             check_sizeof_type))) == 8)];\n     445           |                ^~~~~~~~~~\n     446     _configtest.c:5:16: warning: variable 'test_array' set but not use\n             d [-Wunused-but-set-variable]\n     447     C compiler: /p/vast1/koparasy/BUILD/head/spack/lib/spack/env/gcc/g",
    "450     gcc: _configtest.c\n     451     _configtest.c:3:5: warning: function declaration isn't a prototype\n              [-Wstrict-prototypes]\n     452         3 | int main ()\n     453           |     ^~~~\n     454     _configtest.c: In function 'main':\n>> 455     _configtest.c:5:16: error: size of array 'test_array' is negative\n     456         5 |     static int test_array [1 - 2 * !(((long) (sizeof (npy_\n             check_sizeof_type))) == 8)];\n     457           |                ^~~~~~~~~~\n     458     _configtest.c:5:16: warning: variable 'test_array' set but not use\n             d [-Wunused-but-set-variable]\n     459     _configtest.c:3:5: warning: function declaration isn't a prototype",
    "d [-Wunused-but-set-variable]\n     459     _configtest.c:3:5: warning: function declaration isn't a prototype\n              [-Wstrict-prototypes]\n     460         3 | int main ()\n     461           |     ^~~~\n     462     _configtest.c: In function 'main':\n>> 463     _configtest.c:5:16: error: size of array 'test_array' is negative\n     464         5 |     static int test_array [1 - 2 * !(((long) (sizeof (npy_\n             check_sizeof_type))) == 8)];\n     465           |                ^~~~~~~~~~\n     466     _configtest.c:5:16: warning: variable 'test_array' set but not use\n             d [-Wunused-but-set-variable]\n     467     C compiler: /p/vast1/koparasy/BUILD/head/spack/lib/spack/env/gcc/g",
    "470     gcc: _configtest.c\n     471     _configtest.c:3:5: warning: function declaration isn't a prototype\n              [-Wstrict-prototypes]\n     472         3 | int main ()\n     473           |     ^~~~\n     474     _configtest.c: In function 'main':\n>> 475     _configtest.c:5:16: error: size of array 'test_array' is negative\n     476         5 |     static int test_array [1 - 2 * !(((long) (sizeof (npy_\n             check_sizeof_type))) <= 0)];\n     477           |                ^~~~~~~~~~\n     478     _configtest.c:5:16: warning: variable 'test_array' set but not use\n             d [-Wunused-but-set-variable]\n     479     _configtest.c:3:5: warning: function declaration isn't a prototype",
    "d [-Wunused-but-set-variable]\n     479     _configtest.c:3:5: warning: function declaration isn't a prototype\n              [-Wstrict-prototypes]\n     480         3 | int main ()\n     481           |     ^~~~\n     482     _configtest.c: In function 'main':\n>> 483     _configtest.c:5:16: error: size of array 'test_array' is negative\n     484         5 |     static int test_array [1 - 2 * !(((long) (sizeof (npy_\n             check_sizeof_type))) <= 0)];\n     485           |                ^~~~~~~~~~\n     486     _configtest.c:5:16: warning: variable 'test_array' set but not use\n             d [-Wunused-but-set-variable]\n     487     C compiler: /p/vast1/koparasy/BUILD/head/spack/lib/spack/env/gcc/g",
    "490     gcc: _configtest.c\n     491     _configtest.c:3:5: warning: function declaration isn't a prototype\n              [-Wstrict-prototypes]\n     492         3 | int main ()\n     493           |     ^~~~\n     494     _configtest.c: In function 'main':\n>> 495     _configtest.c:5:16: error: size of array 'test_array' is negative\n     496         5 |     static int test_array [1 - 2 * !(((long) (sizeof (npy_\n             check_sizeof_type))) <= 1)];\n     497           |                ^~~~~~~~~~\n     498     _configtest.c:5:16: warning: variable 'test_array' set but not use\n             d [-Wunused-but-set-variable]\n     499     _configtest.c:3:5: warning: function declaration isn't a prototype",
    "d [-Wunused-but-set-variable]\n     499     _configtest.c:3:5: warning: function declaration isn't a prototype\n              [-Wstrict-prototypes]\n     500         3 | int main ()\n     501           |     ^~~~\n     502     _configtest.c: In function 'main':\n>> 503     _configtest.c:5:16: error: size of array 'test_array' is negative\n     504         5 |     static int test_array [1 - 2 * !(((long) (sizeof (npy_\n             check_sizeof_type))) <= 1)];\n     505           |                ^~~~~~~~~~\n     506     _configtest.c:5:16: warning: variable 'test_array' set but not use\n             d [-Wunused-but-set-variable]\n     507     C compiler: /p/vast1/koparasy/BUILD/head/spack/lib/spack/env/gcc/g",
    "510     gcc: _configtest.c\n     511     _configtest.c:3:5: warning: function declaration isn't a prototype\n              [-Wstrict-prototypes]\n     512         3 | int main ()\n     513           |     ^~~~\n     514     _configtest.c: In function 'main':\n>> 515     _configtest.c:5:16: error: size of array 'test_array' is negative\n     516         5 |     static int test_array [1 - 2 * !(((long) (sizeof (npy_\n             check_sizeof_type))) <= 3)];\n     517           |                ^~~~~~~~~~\n     518     _configtest.c:5:16: warning: variable 'test_array' set but not use\n             d [-Wunused-but-set-variable]\n     519     _configtest.c:3:5: warning: function declaration isn't a prototype",
    "d [-Wunused-but-set-variable]\n     519     _configtest.c:3:5: warning: function declaration isn't a prototype\n              [-Wstrict-prototypes]\n     520         3 | int main ()\n     521           |     ^~~~\n     522     _configtest.c: In function 'main':\n>> 523     _configtest.c:5:16: error: size of array 'test_array' is negative\n     524         5 |     static int test_array [1 - 2 * !(((long) (sizeof (npy_\n             check_sizeof_type))) <= 3)];\n     525           |                ^~~~~~~~~~\n     526     _configtest.c:5:16: warning: variable 'test_array' set but not use\n             d [-Wunused-but-set-variable]\n     527     C compiler: /p/vast1/koparasy/BUILD/head/spack/lib/spack/env/gcc/g",
    "530     gcc: _configtest.c\n     531     _configtest.c:3:5: warning: function declaration isn't a prototype\n              [-Wstrict-prototypes]\n     532         3 | int main ()\n     533           |     ^~~~\n     534     _configtest.c: In function 'main':\n>> 535     _configtest.c:5:16: error: size of array 'test_array' is negative\n     536         5 |     static int test_array [1 - 2 * !(((long) (sizeof (npy_\n             check_sizeof_type))) <= 7)];\n     537           |                ^~~~~~~~~~\n     538     _configtest.c:5:16: warning: variable 'test_array' set but not use\n             d [-Wunused-but-set-variable]\n     539     _configtest.c:3:5: warning: function declaration isn't a prototype",
    "d [-Wunused-but-set-variable]\n     539     _configtest.c:3:5: warning: function declaration isn't a prototype\n              [-Wstrict-prototypes]\n     540         3 | int main ()\n     541           |     ^~~~\n     542     _configtest.c: In function 'main':\n>> 543     _configtest.c:5:16: error: size of array 'test_array' is negative\n     544         5 |     static int test_array [1 - 2 * !(((long) (sizeof (npy_\n             check_sizeof_type))) <= 7)];\n     545           |                ^~~~~~~~~~\n     546     _configtest.c:5:16: warning: variable 'test_array' set but not use\n             d [-Wunused-but-set-variable]\n     547     C compiler: /p/vast1/koparasy/BUILD/head/spack/lib/spack/env/gcc/g",
    "550     gcc: _configtest.c\n     551     _configtest.c:3:5: warning: function declaration isn't a prototype\n              [-Wstrict-prototypes]\n     552         3 | int main ()\n     553           |     ^~~~\n     554     _configtest.c: In function 'main':\n>> 555     _configtest.c:5:16: error: size of array 'test_array' is negative\n     556         5 |     static int test_array [1 - 2 * !(((long) (sizeof (npy_\n             check_sizeof_type))) <= 15)];\n     557           |                ^~~~~~~~~~\n     558     _configtest.c:5:16: warning: variable 'test_array' set but not use\n             d [-Wunused-but-set-variable]\n     559     _configtest.c:3:5: warning: function declaration isn't a prototype",
    "d [-Wunused-but-set-variable]\n     559     _configtest.c:3:5: warning: function declaration isn't a prototype\n              [-Wstrict-prototypes]\n     560         3 | int main ()\n     561           |     ^~~~\n     562     _configtest.c: In function 'main':\n>> 563     _configtest.c:5:16: error: size of array 'test_array' is negative\n     564         5 |     static int test_array [1 - 2 * !(((long) (sizeof (npy_\n             check_sizeof_type))) <= 15)];\n     565           |                ^~~~~~~~~~\n     566     _configtest.c:5:16: warning: variable 'test_array' set but not use\n             d [-Wunused-but-set-variable]\n     567     C compiler: /p/vast1/koparasy/BUILD/head/spack/lib/spack/env/gcc/g",
    "630     gcc: _configtest.c\n     631     _configtest.c:4:5: warning: function declaration isn't a prototype\n              [-Wstrict-prototypes]\n     632         4 | int main()\n     633           |     ^~~~\n     634     _configtest.c: In function 'main':\n>> 635     _configtest.c:7:12: error: 'SIZEOF_LONGDOUBLE' undeclared (first u\n             se in this function); did you mean 'SIZEOF_LONG_DOUBLE'?\n     636         7 |     (void) SIZEOF_LONGDOUBLE;\n     637           |            ^~~~~~~~~~~~~~~~~\n     638           |            SIZEOF_LONG_DOUBLE\n     639     _configtest.c:7:12: note: each undeclared identifier is reported o\n             nly once for each function it appears in",
    "nly once for each function it appears in\n     640     _configtest.c:4:5: warning: function declaration isn't a prototype\n              [-Wstrict-prototypes]\n     641         4 | int main()\n     642           |     ^~~~\n     643     _configtest.c: In function 'main':\n>> 644     _configtest.c:7:12: error: 'SIZEOF_LONGDOUBLE' undeclared (first u\n             se in this function); did you mean 'SIZEOF_LONG_DOUBLE'?\n     645         7 |     (void) SIZEOF_LONGDOUBLE;\n     646           |            ^~~~~~~~~~~~~~~~~\n     647           |            SIZEOF_LONG_DOUBLE\n     648     _configtest.c:7:12: note: each undeclared identifier is reported o\n             nly once for each function it appears in",
    "666     gcc: _configtest.c\n     667     _configtest.c:3:5: warning: function declaration isn't a prototype\n              [-Wstrict-prototypes]\n     668         3 | int main ()\n     669           |     ^~~~\n     670     _configtest.c: In function 'main':\n>> 671     _configtest.c:5:16: error: size of array 'test_array' is negative\n     672         5 |     static int test_array [1 - 2 * !(((long) (sizeof (npy_\n             check_sizeof_type))) == 8)];\n     673           |                ^~~~~~~~~~\n     674     _configtest.c:5:16: warning: variable 'test_array' set but not use\n             d [-Wunused-but-set-variable]\n     675     _configtest.c:3:5: warning: function declaration isn't a prototype",
    "d [-Wunused-but-set-variable]\n     675     _configtest.c:3:5: warning: function declaration isn't a prototype\n              [-Wstrict-prototypes]\n     676         3 | int main ()\n     677           |     ^~~~\n     678     _configtest.c: In function 'main':\n>> 679     _configtest.c:5:16: error: size of array 'test_array' is negative\n     680         5 |     static int test_array [1 - 2 * !(((long) (sizeof (npy_\n             check_sizeof_type))) == 8)];\n     681           |                ^~~~~~~~~~\n     682     _configtest.c:5:16: warning: variable 'test_array' set but not use\n             d [-Wunused-but-set-variable]\n     683     C compiler: /p/vast1/koparasy/BUILD/head/spack/lib/spack/env/gcc/g",
    "686     gcc: _configtest.c\n     687     _configtest.c:3:5: warning: function declaration isn't a prototype\n              [-Wstrict-prototypes]\n     688         3 | int main ()\n     689           |     ^~~~\n     690     _configtest.c: In function 'main':\n>> 691     _configtest.c:5:16: error: size of array 'test_array' is negative\n     692         5 |     static int test_array [1 - 2 * !(((long) (sizeof (npy_\n             check_sizeof_type))) == 12)];\n     693           |                ^~~~~~~~~~\n     694     _configtest.c:5:16: warning: variable 'test_array' set but not use\n             d [-Wunused-but-set-variable]\n     695     _configtest.c:3:5: warning: function declaration isn't a prototype",
    "d [-Wunused-but-set-variable]\n     695     _configtest.c:3:5: warning: function declaration isn't a prototype\n              [-Wstrict-prototypes]\n     696         3 | int main ()\n     697           |     ^~~~\n     698     _configtest.c: In function 'main':\n>> 699     _configtest.c:5:16: error: size of array 'test_array' is negative\n     700         5 |     static int test_array [1 - 2 * !(((long) (sizeof (npy_\n             check_sizeof_type))) == 12)];\n     701           |                ^~~~~~~~~~\n     702     _configtest.c:5:16: warning: variable 'test_array' set but not use\n             d [-Wunused-but-set-variable]\n     703     C compiler: /p/vast1/koparasy/BUILD/head/spack/lib/spack/env/gcc/g",
    "730     gcc: _configtest.c\n     731     _configtest.c:3:5: warning: function declaration isn't a prototype\n              [-Wstrict-prototypes]\n     732         3 | int main ()\n     733           |     ^~~~\n     734     _configtest.c: In function 'main':\n>> 735     _configtest.c:5:16: error: size of array 'test_array' is negative\n     736         5 |     static int test_array [1 - 2 * !(((long) (sizeof (npy_\n             check_sizeof_type))) == 8)];\n     737           |                ^~~~~~~~~~\n     738     _configtest.c:5:16: warning: variable 'test_array' set but not use\n             d [-Wunused-but-set-variable]\n     739     _configtest.c:3:5: warning: function declaration isn't a prototype",
    "d [-Wunused-but-set-variable]\n     739     _configtest.c:3:5: warning: function declaration isn't a prototype\n              [-Wstrict-prototypes]\n     740         3 | int main ()\n     741           |     ^~~~\n     742     _configtest.c: In function 'main':\n>> 743     _configtest.c:5:16: error: size of array 'test_array' is negative\n     744         5 |     static int test_array [1 - 2 * !(((long) (sizeof (npy_\n             check_sizeof_type))) == 8)];\n     745           |                ^~~~~~~~~~\n     746     _configtest.c:5:16: warning: variable 'test_array' set but not use\n             d [-Wunused-but-set-variable]\n     747     C compiler: /p/vast1/koparasy/BUILD/head/spack/lib/spack/env/gcc/g",
    "750     gcc: _configtest.c\n     751     _configtest.c:3:5: warning: function declaration isn't a prototype\n              [-Wstrict-prototypes]\n     752         3 | int main ()\n     753           |     ^~~~\n     754     _configtest.c: In function 'main':\n>> 755     _configtest.c:5:16: error: size of array 'test_array' is negative\n     756         5 |     static int test_array [1 - 2 * !(((long) (sizeof (npy_\n             check_sizeof_type))) == 12)];\n     757           |                ^~~~~~~~~~\n     758     _configtest.c:5:16: warning: variable 'test_array' set but not use\n             d [-Wunused-but-set-variable]\n     759     _configtest.c:3:5: warning: function declaration isn't a prototype",
    "d [-Wunused-but-set-variable]\n     759     _configtest.c:3:5: warning: function declaration isn't a prototype\n              [-Wstrict-prototypes]\n     760         3 | int main ()\n     761           |     ^~~~\n     762     _configtest.c: In function 'main':\n>> 763     _configtest.c:5:16: error: size of array 'test_array' is negative\n     764         5 |     static int test_array [1 - 2 * !(((long) (sizeof (npy_\n             check_sizeof_type))) == 12)];\n     765           |                ^~~~~~~~~~\n     766     _configtest.c:5:16: warning: variable 'test_array' set but not use\n             d [-Wunused-but-set-variable]\n     767     C compiler: /p/vast1/koparasy/BUILD/head/spack/lib/spack/env/gcc/g",
    "770     gcc: _configtest.c\n     771     _configtest.c:3:5: warning: function declaration isn't a prototype\n              [-Wstrict-prototypes]\n     772         3 | int main ()\n     773           |     ^~~~\n     774     _configtest.c: In function 'main':\n>> 775     _configtest.c:5:16: error: size of array 'test_array' is negative\n     776         5 |     static int test_array [1 - 2 * !(((long) (sizeof (npy_\n             check_sizeof_type))) == 16)];\n     777           |                ^~~~~~~~~~\n     778     _configtest.c:5:16: warning: variable 'test_array' set but not use\n             d [-Wunused-but-set-variable]\n     779     _configtest.c:3:5: warning: function declaration isn't a prototype",
    "d [-Wunused-but-set-variable]\n     779     _configtest.c:3:5: warning: function declaration isn't a prototype\n              [-Wstrict-prototypes]\n     780         3 | int main ()\n     781           |     ^~~~\n     782     _configtest.c: In function 'main':\n>> 783     _configtest.c:5:16: error: size of array 'test_array' is negative\n     784         5 |     static int test_array [1 - 2 * !(((long) (sizeof (npy_\n             check_sizeof_type))) == 16)];\n     785           |                ^~~~~~~~~~\n     786     _configtest.c:5:16: warning: variable 'test_array' set but not use\n             d [-Wunused-but-set-variable]\n     787     C compiler: /p/vast1/koparasy/BUILD/head/spack/lib/spack/env/gcc/g",
    "790     gcc: _configtest.c\n     791     _configtest.c:3:5: warning: function declaration isn't a prototype\n              [-Wstrict-prototypes]\n     792         3 | int main ()\n     793           |     ^~~~\n     794     _configtest.c: In function 'main':\n>> 795     _configtest.c:5:16: error: size of array 'test_array' is negative\n     796         5 |     static int test_array [1 - 2 * !(((long) (sizeof (npy_\n             check_sizeof_type))) == 8)];\n     797           |                ^~~~~~~~~~\n     798     _configtest.c:5:16: warning: variable 'test_array' set but not use\n             d [-Wunused-but-set-variable]\n     799     _configtest.c:3:5: warning: function declaration isn't a prototype",
    "d [-Wunused-but-set-variable]\n     799     _configtest.c:3:5: warning: function declaration isn't a prototype\n              [-Wstrict-prototypes]\n     800         3 | int main ()\n     801           |     ^~~~\n     802     _configtest.c: In function 'main':\n>> 803     _configtest.c:5:16: error: size of array 'test_array' is negative\n     804         5 |     static int test_array [1 - 2 * !(((long) (sizeof (npy_\n             check_sizeof_type))) == 8)];\n     805           |                ^~~~~~~~~~\n     806     _configtest.c:5:16: warning: variable 'test_array' set but not use\n             d [-Wunused-but-set-variable]\n     807     C compiler: /p/vast1/koparasy/BUILD/head/spack/lib/spack/env/gcc/g",
    "810     gcc: _configtest.c\n     811     _configtest.c:3:5: warning: function declaration isn't a prototype\n              [-Wstrict-prototypes]\n     812         3 | int main ()\n     813           |     ^~~~\n     814     _configtest.c: In function 'main':\n>> 815     _configtest.c:5:16: error: size of array 'test_array' is negative\n     816         5 |     static int test_array [1 - 2 * !(((long) (sizeof (npy_\n             check_sizeof_type))) == 12)];\n     817           |                ^~~~~~~~~~\n     818     _configtest.c:5:16: warning: variable 'test_array' set but not use\n             d [-Wunused-but-set-variable]\n     819     _configtest.c:3:5: warning: function declaration isn't a prototype",
    "d [-Wunused-but-set-variable]\n     819     _configtest.c:3:5: warning: function declaration isn't a prototype\n              [-Wstrict-prototypes]\n     820         3 | int main ()\n     821           |     ^~~~\n     822     _configtest.c: In function 'main':\n>> 823     _configtest.c:5:16: error: size of array 'test_array' is negative\n     824         5 |     static int test_array [1 - 2 * !(((long) (sizeof (npy_\n             check_sizeof_type))) == 12)];\n     825           |                ^~~~~~~~~~\n     826     _configtest.c:5:16: warning: variable 'test_array' set but not use\n             d [-Wunused-but-set-variable]\n     827     C compiler: /p/vast1/koparasy/BUILD/head/spack/lib/spack/env/gcc/g",
    "830     gcc: _configtest.c\n     831     _configtest.c:3:5: warning: function declaration isn't a prototype\n              [-Wstrict-prototypes]\n     832         3 | int main ()\n     833           |     ^~~~\n     834     _configtest.c: In function 'main':\n>> 835     _configtest.c:5:16: error: size of array 'test_array' is negative\n     836         5 |     static int test_array [1 - 2 * !(((long) (sizeof (npy_\n             check_sizeof_type))) == 16)];\n     837           |                ^~~~~~~~~~\n     838     _configtest.c:5:16: warning: variable 'test_array' set but not use\n             d [-Wunused-but-set-variable]\n     839     _configtest.c:3:5: warning: function declaration isn't a prototype",
    "d [-Wunused-but-set-variable]\n     839     _configtest.c:3:5: warning: function declaration isn't a prototype\n              [-Wstrict-prototypes]\n     840         3 | int main ()\n     841           |     ^~~~\n     842     _configtest.c: In function 'main':\n>> 843     _configtest.c:5:16: error: size of array 'test_array' is negative\n     844         5 |     static int test_array [1 - 2 * !(((long) (sizeof (npy_\n             check_sizeof_type))) == 16)];\n     845           |                ^~~~~~~~~~\n     846     _configtest.c:5:16: warning: variable 'test_array' set but not use\n             d [-Wunused-but-set-variable]\n     847     C compiler: /p/vast1/koparasy/BUILD/head/spack/lib/spack/env/gcc/g",
    "850     gcc: _configtest.c\n     851     _configtest.c:3:5: warning: function declaration isn't a prototype\n              [-Wstrict-prototypes]\n     852         3 | int main ()\n     853           |     ^~~~\n     854     _configtest.c: In function 'main':\n>> 855     _configtest.c:5:16: error: size of array 'test_array' is negative\n     856         5 |     static int test_array [1 - 2 * !(((long) (sizeof (npy_\n             check_sizeof_type))) <= 0)];\n     857           |                ^~~~~~~~~~\n     858     _configtest.c:5:16: warning: variable 'test_array' set but not use\n             d [-Wunused-but-set-variable]\n     859     _configtest.c:3:5: warning: function declaration isn't a prototype",
    "d [-Wunused-but-set-variable]\n     859     _configtest.c:3:5: warning: function declaration isn't a prototype\n              [-Wstrict-prototypes]\n     860         3 | int main ()\n     861           |     ^~~~\n     862     _configtest.c: In function 'main':\n>> 863     _configtest.c:5:16: error: size of array 'test_array' is negative\n     864         5 |     static int test_array [1 - 2 * !(((long) (sizeof (npy_\n             check_sizeof_type))) <= 0)];\n     865           |                ^~~~~~~~~~\n     866     _configtest.c:5:16: warning: variable 'test_array' set but not use\n             d [-Wunused-but-set-variable]\n     867     C compiler: /p/vast1/koparasy/BUILD/head/spack/lib/spack/env/gcc/g",
    "870     gcc: _configtest.c\n     871     _configtest.c:3:5: warning: function declaration isn't a prototype\n              [-Wstrict-prototypes]\n     872         3 | int main ()\n     873           |     ^~~~\n     874     _configtest.c: In function 'main':\n>> 875     _configtest.c:5:16: error: size of array 'test_array' is negative\n     876         5 |     static int test_array [1 - 2 * !(((long) (sizeof (npy_\n             check_sizeof_type))) <= 1)];\n     877           |                ^~~~~~~~~~\n     878     _configtest.c:5:16: warning: variable 'test_array' set but not use\n             d [-Wunused-but-set-variable]\n     879     _configtest.c:3:5: warning: function declaration isn't a prototype",
    "d [-Wunused-but-set-variable]\n     879     _configtest.c:3:5: warning: function declaration isn't a prototype\n              [-Wstrict-prototypes]\n     880         3 | int main ()\n     881           |     ^~~~\n     882     _configtest.c: In function 'main':\n>> 883     _configtest.c:5:16: error: size of array 'test_array' is negative\n     884         5 |     static int test_array [1 - 2 * !(((long) (sizeof (npy_\n             check_sizeof_type))) <= 1)];\n     885           |                ^~~~~~~~~~\n     886     _configtest.c:5:16: warning: variable 'test_array' set but not use\n             d [-Wunused-but-set-variable]\n     887     C compiler: /p/vast1/koparasy/BUILD/head/spack/lib/spack/env/gcc/g",
    "890     gcc: _configtest.c\n     891     _configtest.c:3:5: warning: function declaration isn't a prototype\n              [-Wstrict-prototypes]\n     892         3 | int main ()\n     893           |     ^~~~\n     894     _configtest.c: In function 'main':\n>> 895     _configtest.c:5:16: error: size of array 'test_array' is negative\n     896         5 |     static int test_array [1 - 2 * !(((long) (sizeof (npy_\n             check_sizeof_type))) <= 3)];\n     897           |                ^~~~~~~~~~\n     898     _configtest.c:5:16: warning: variable 'test_array' set but not use\n             d [-Wunused-but-set-variable]\n     899     _configtest.c:3:5: warning: function declaration isn't a prototype",
    "d [-Wunused-but-set-variable]\n     899     _configtest.c:3:5: warning: function declaration isn't a prototype\n              [-Wstrict-prototypes]\n     900         3 | int main ()\n     901           |     ^~~~\n     902     _configtest.c: In function 'main':\n>> 903     _configtest.c:5:16: error: size of array 'test_array' is negative\n     904         5 |     static int test_array [1 - 2 * !(((long) (sizeof (npy_\n             check_sizeof_type))) <= 3)];\n     905           |                ^~~~~~~~~~\n     906     _configtest.c:5:16: warning: variable 'test_array' set but not use\n             d [-Wunused-but-set-variable]\n     907     C compiler: /p/vast1/koparasy/BUILD/head/spack/lib/spack/env/gcc/g",
    "910     gcc: _configtest.c\n     911     _configtest.c:3:5: warning: function declaration isn't a prototype\n              [-Wstrict-prototypes]\n     912         3 | int main ()\n     913           |     ^~~~\n     914     _configtest.c: In function 'main':\n>> 915     _configtest.c:5:16: error: size of array 'test_array' is negative\n     916         5 |     static int test_array [1 - 2 * !(((long) (sizeof (npy_\n             check_sizeof_type))) <= 7)];\n     917           |                ^~~~~~~~~~\n     918     _configtest.c:5:16: warning: variable 'test_array' set but not use\n             d [-Wunused-but-set-variable]\n     919     _configtest.c:3:5: warning: function declaration isn't a prototype",
    "d [-Wunused-but-set-variable]\n     919     _configtest.c:3:5: warning: function declaration isn't a prototype\n              [-Wstrict-prototypes]\n     920         3 | int main ()\n     921           |     ^~~~\n     922     _configtest.c: In function 'main':\n>> 923     _configtest.c:5:16: error: size of array 'test_array' is negative\n     924         5 |     static int test_array [1 - 2 * !(((long) (sizeof (npy_\n             check_sizeof_type))) <= 7)];\n     925           |                ^~~~~~~~~~\n     926     _configtest.c:5:16: warning: variable 'test_array' set but not use\n             d [-Wunused-but-set-variable]\n     927     C compiler: /p/vast1/koparasy/BUILD/head/spack/lib/spack/env/gcc/g",
    "930     gcc: _configtest.c\n     931     _configtest.c:3:5: warning: function declaration isn't a prototype\n              [-Wstrict-prototypes]\n     932         3 | int main ()\n     933           |     ^~~~\n     934     _configtest.c: In function 'main':\n>> 935     _configtest.c:5:16: error: size of array 'test_array' is negative\n     936         5 |     static int test_array [1 - 2 * !(((long) (sizeof (npy_\n             check_sizeof_type))) <= 15)];\n     937           |                ^~~~~~~~~~\n     938     _configtest.c:5:16: warning: variable 'test_array' set but not use\n             d [-Wunused-but-set-variable]\n     939     _configtest.c:3:5: warning: function declaration isn't a prototype",
    "d [-Wunused-but-set-variable]\n     939     _configtest.c:3:5: warning: function declaration isn't a prototype\n              [-Wstrict-prototypes]\n     940         3 | int main ()\n     941           |     ^~~~\n     942     _configtest.c: In function 'main':\n>> 943     _configtest.c:5:16: error: size of array 'test_array' is negative\n     944         5 |     static int test_array [1 - 2 * !(((long) (sizeof (npy_\n             check_sizeof_type))) <= 15)];\n     945           |                ^~~~~~~~~~\n     946     _configtest.c:5:16: warning: variable 'test_array' set but not use\n             d [-Wunused-but-set-variable]\n     947     C compiler: /p/vast1/koparasy/BUILD/head/spack/lib/spack/env/gcc/g",
    "950     gcc: _configtest.c\n     951     _configtest.c:3:5: warning: function declaration isn't a prototype\n              [-Wstrict-prototypes]\n     952         3 | int main ()\n     953           |     ^~~~\n     954     _configtest.c: In function 'main':\n>> 955     _configtest.c:5:16: error: size of array 'test_array' is negative\n     956         5 |     static int test_array [1 - 2 * !(((long) (sizeof (npy_\n             check_sizeof_type))) <= 31)];\n     957           |                ^~~~~~~~~~\n     958     _configtest.c:5:16: warning: variable 'test_array' set but not use\n             d [-Wunused-but-set-variable]\n     959     _configtest.c:3:5: warning: function declaration isn't a prototype",
    "d [-Wunused-but-set-variable]\n     959     _configtest.c:3:5: warning: function declaration isn't a prototype\n              [-Wstrict-prototypes]\n     960         3 | int main ()\n     961           |     ^~~~\n     962     _configtest.c: In function 'main':\n>> 963     _configtest.c:5:16: error: size of array 'test_array' is negative\n     964         5 |     static int test_array [1 - 2 * !(((long) (sizeof (npy_\n             check_sizeof_type))) <= 31)];\n     965           |                ^~~~~~~~~~\n     966     _configtest.c:5:16: warning: variable 'test_array' set but not use\n             d [-Wunused-but-set-variable]\n     967     C compiler: /p/vast1/koparasy/BUILD/head/spack/lib/spack/env/gcc/g",
    "1054    gcc: _configtest.c\n     1055    _configtest.c:5:5: warning: function declaration isn't a prototype\n              [-Wstrict-prototypes]\n     1056        5 | int main ()\n     1057          |     ^~~~\n     1058    _configtest.c: In function 'main':\n>> 1059    _configtest.c:7:16: error: size of array 'test_array' is negative\n     1060        7 |     static int test_array [1 - 2 * !(((long) (sizeof (npy_\n             check_sizeof_type))) == 4)];\n     1061          |                ^~~~~~~~~~\n     1062    _configtest.c:7:16: warning: variable 'test_array' set but not use\n             d [-Wunused-but-set-variable]\n     1063    _configtest.c:5:5: warning: function declaration isn't a prototype",
    "d [-Wunused-but-set-variable]\n     1063    _configtest.c:5:5: warning: function declaration isn't a prototype\n              [-Wstrict-prototypes]\n     1064        5 | int main ()\n     1065          |     ^~~~\n     1066    _configtest.c: In function 'main':\n>> 1067    _configtest.c:7:16: error: size of array 'test_array' is negative\n     1068        7 |     static int test_array [1 - 2 * !(((long) (sizeof (npy_\n             check_sizeof_type))) == 4)];\n     1069          |                ^~~~~~~~~~\n     1070    _configtest.c:7:16: warning: variable 'test_array' set but not use\n             d [-Wunused-but-set-variable]\n     1071    C compiler: /p/vast1/koparasy/BUILD/head/spack/lib/spack/env/gcc/g",
    "1098    gcc: _configtest.c\n     1099    _configtest.c:5:5: warning: function declaration isn't a prototype\n              [-Wstrict-prototypes]\n     1100        5 | int main ()\n     1101          |     ^~~~\n     1102    _configtest.c: In function 'main':\n>> 1103    _configtest.c:7:16: error: size of array 'test_array' is negative\n     1104        7 |     static int test_array [1 - 2 * !(((long) (sizeof (npy_\n             check_sizeof_type))) == 4)];\n     1105          |                ^~~~~~~~~~\n     1106    _configtest.c:7:16: warning: variable 'test_array' set but not use\n             d [-Wunused-but-set-variable]\n     1107    _configtest.c:5:5: warning: function declaration isn't a prototype",
    "d [-Wunused-but-set-variable]\n     1107    _configtest.c:5:5: warning: function declaration isn't a prototype\n              [-Wstrict-prototypes]\n     1108        5 | int main ()\n     1109          |     ^~~~\n     1110    _configtest.c: In function 'main':\n>> 1111    _configtest.c:7:16: error: size of array 'test_array' is negative\n     1112        7 |     static int test_array [1 - 2 * !(((long) (sizeof (npy_\n             check_sizeof_type))) == 4)];\n     1113          |                ^~~~~~~~~~\n     1114    _configtest.c:7:16: warning: variable 'test_array' set but not use\n             d [-Wunused-but-set-variable]\n     1115    C compiler: /p/vast1/koparasy/BUILD/head/spack/lib/spack/env/gcc/g",
    "1202        1 | int exp (void);\n     1203    /p/vast1/koparasy/BUILD/head/spack/lib/spack/env/gcc/gcc _configte\n             st.o -o _configtest\n     1204    /usr/tce/packages/gcc/gcc-9.3.1/rh/usr/bin/../libexec/gcc/x86_64-r\n             edhat-linux/9/ld: _configtest.o: in function `main':\n  >> 1205    /tmp/koparasy/spack-stage/spack-stage-py-numpy-1.9.2-bwqh2t5dhuflc\n7eg65vbshitaibpswjd/spack-src/_configtest.c:6: undefined reference\n              to `exp'\n  >> 1206    collect2: error: ld returned 1 exit status\n     1207    /usr/tce/packages/gcc/gcc-9.3.1/rh/usr/bin/../libexec/gcc/x86_64-r\n             edhat-linux/9/ld: _configtest.o: in function `main':\n  >> 1208    /tmp/koparasy/spack-stage/spack-stage-py-numpy-1.9.2-bwqh2t5dhuflc\n             7eg65vbshitaibpswjd/spack-src/_configtest.c:6: undefined reference",
    "st.o -o _configtest\n     1204    /usr/tce/packages/gcc/gcc-9.3.1/rh/usr/bin/../libexec/gcc/x86_64-r\n             edhat-linux/9/ld: _configtest.o: in function `main':\n  >> 1205    /tmp/koparasy/spack-stage/spack-stage-py-numpy-1.9.2-bwqh2t5dhuflc\n             7eg65vbshitaibpswjd/spack-src/_configtest.c:6: undefined reference\n              to `exp'\n>> 1206    collect2: error: ld returned 1 exit status\n     1207    /usr/tce/packages/gcc/gcc-9.3.1/rh/usr/bin/../libexec/gcc/x86_64-r\n             edhat-linux/9/ld: _configtest.o: in function `main':\n  >> 1208    /tmp/koparasy/spack-stage/spack-stage-py-numpy-1.9.2-bwqh2t5dhuflc\n             7eg65vbshitaibpswjd/spack-src/_configtest.c:6: undefined reference\n              to `exp'\n  >> 1209    collect2: error: ld returned 1 exit status",
    "7eg65vbshitaibpswjd/spack-src/_configtest.c:6: undefined reference\n              to `exp'\n  >> 1206    collect2: error: ld returned 1 exit status\n     1207    /usr/tce/packages/gcc/gcc-9.3.1/rh/usr/bin/../libexec/gcc/x86_64-r\n             edhat-linux/9/ld: _configtest.o: in function `main':\n  >> 1208    /tmp/koparasy/spack-stage/spack-stage-py-numpy-1.9.2-bwqh2t5dhuflc\n7eg65vbshitaibpswjd/spack-src/_configtest.c:6: undefined reference\n              to `exp'\n  >> 1209    collect2: error: ld returned 1 exit status\n     1210    failure.\n     1211    removing: _configtest.c _configtest.o\n     1212    C compiler: /p/vast1/koparasy/BUILD/head/spack/lib/spack/env/gcc/g\n             cc -fno-strict-aliasing -fPIC -DNDEBUG -g -fwrapv -O3 -Wall -Wstri",
    ">> 1206    collect2: error: ld returned 1 exit status\n     1207    /usr/tce/packages/gcc/gcc-9.3.1/rh/usr/bin/../libexec/gcc/x86_64-r\n             edhat-linux/9/ld: _configtest.o: in function `main':\n  >> 1208    /tmp/koparasy/spack-stage/spack-stage-py-numpy-1.9.2-bwqh2t5dhuflc\n             7eg65vbshitaibpswjd/spack-src/_configtest.c:6: undefined reference\n              to `exp'\n>> 1209    collect2: error: ld returned 1 exit status\n     1210    failure.\n     1211    removing: _configtest.c _configtest.o\n     1212    C compiler: /p/vast1/koparasy/BUILD/head/spack/lib/spack/env/gcc/g\n             cc -fno-strict-aliasing -fPIC -DNDEBUG -g -fwrapv -O3 -Wall -Wstri\n             ct-prototypes -fPIC\n     1213",
    "1574    gcc: _configtest.c\n     1575    _configtest.c:1:5: warning: function declaration isn't a prototype\n              [-Wstrict-prototypes]\n     1576        1 | int __declspec(thread) a;\n     1577          |     ^~~~~~~~~~\n     1578    _configtest.c: In function '__declspec':\n>> 1579    _configtest.c:1:24: error: expected declaration specifiers before\n             'a'\n     1580        1 | int __declspec(thread) a;\n     1581          |                        ^\n  >> 1582    _configtest.c:5:17: error: expected '=', ',', ';', 'asm' or '__att\n             ribute__' before '{' token\n     1583        5 | int main (void) {",
    "1577          |     ^~~~~~~~~~\n     1578    _configtest.c: In function '__declspec':\n  >> 1579    _configtest.c:1:24: error: expected declaration specifiers before\n             'a'\n     1580        1 | int __declspec(thread) a;\n     1581          |                        ^\n>> 1582    _configtest.c:5:17: error: expected '=', ',', ';', 'asm' or '__att\n             ribute__' before '{' token\n     1583        5 | int main (void) {\n     1584          |                 ^\n     1585    _configtest.c:1:5: warning: type of 'thread' defaults to 'int' [-W\n             implicit-int]\n     1586        1 | int __declspec(thread) a;",
    "1583        5 | int main (void) {\n     1584          |                 ^\n     1585    _configtest.c:1:5: warning: type of 'thread' defaults to 'int' [-W\n             implicit-int]\n     1586        1 | int __declspec(thread) a;\n     1587          |     ^~~~~~~~~~\n>> 1588    _configtest.c:8: error: expected '{' at end of input\n     1589        8 | }\n     1590          |\n     1591    _configtest.c:8: warning: control reaches end of non-void function\n              [-Wreturn-type]\n     1592        8 | }\n     1593          |",
    "1593          |\n     1594    _configtest.c:1:5: warning: function declaration isn't a prototype\n              [-Wstrict-prototypes]\n     1595        1 | int __declspec(thread) a;\n     1596          |     ^~~~~~~~~~\n     1597    _configtest.c: In function '__declspec':\n>> 1598    _configtest.c:1:24: error: expected declaration specifiers before\n             'a'\n     1599        1 | int __declspec(thread) a;\n     1600          |                        ^\n  >> 1601    _configtest.c:5:17: error: expected '=', ',', ';', 'asm' or '__att\n             ribute__' before '{' token\n     1602        5 | int main (void) {",
    "1596          |     ^~~~~~~~~~\n     1597    _configtest.c: In function '__declspec':\n  >> 1598    _configtest.c:1:24: error: expected declaration specifiers before\n             'a'\n     1599        1 | int __declspec(thread) a;\n     1600          |                        ^\n>> 1601    _configtest.c:5:17: error: expected '=', ',', ';', 'asm' or '__att\n             ribute__' before '{' token\n     1602        5 | int main (void) {\n     1603          |                 ^\n     1604    _configtest.c:1:5: warning: type of 'thread' defaults to 'int' [-W\n             implicit-int]\n     1605        1 | int __declspec(thread) a;",
    "1602        5 | int main (void) {\n     1603          |                 ^\n     1604    _configtest.c:1:5: warning: type of 'thread' defaults to 'int' [-W\n             implicit-int]\n     1605        1 | int __declspec(thread) a;\n     1606          |     ^~~~~~~~~~\n>> 1607    _configtest.c:8: error: expected '{' at end of input\n     1608        8 | }\n     1609          |\n     1610    _configtest.c:8: warning: control reaches end of non-void function\n              [-Wreturn-type]\n     1611        8 | }\n     1612          |",
    "1944    gcc: _configtest.c\n     1945    _configtest.c:5:5: warning: function declaration isn't a prototype\n              [-Wstrict-prototypes]\n     1946        5 | int main()\n     1947          |     ^~~~\n     1948    _configtest.c: In function 'main':\n>> 1949    _configtest.c:8:12: error: 'HAVE_DECL_SIGNBIT' undeclared (first u\n             se in this function); did you mean 'HAVE_DECL_ISNAN'?\n     1950        8 |     (void) HAVE_DECL_SIGNBIT;\n     1951          |            ^~~~~~~~~~~~~~~~~\n     1952          |            HAVE_DECL_ISNAN\n     1953    _configtest.c:8:12: note: each undeclared identifier is reported o\n             nly once for each function it appears in",
    "nly once for each function it appears in\n     1954    _configtest.c:5:5: warning: function declaration isn't a prototype\n              [-Wstrict-prototypes]\n     1955        5 | int main()\n     1956          |     ^~~~\n     1957    _configtest.c: In function 'main':\n>> 1958    _configtest.c:8:12: error: 'HAVE_DECL_SIGNBIT' undeclared (first u\n             se in this function); did you mean 'HAVE_DECL_ISNAN'?\n     1959        8 |     (void) HAVE_DECL_SIGNBIT;\n     1960          |            ^~~~~~~~~~~~~~~~~\n     1961          |            HAVE_DECL_ISNAN\n     1962    _configtest.c:8:12: note: each undeclared identifier is reported o\n             nly once for each function it appears in",
    "2178    gcc: _configtest.c\n     2179    _configtest.c:4:5: warning: function declaration isn't a prototype\n              [-Wstrict-prototypes]\n     2180        4 | int main()\n     2181          |     ^~~~\n     2182    _configtest.c: In function 'main':\n>> 2183    _configtest.c:7:12: error: 'Py_UNICODE_WIDE' undeclared (first use\n              in this function); did you mean 'Py_UNICODE_SIZE'?\n     2184        7 |     (void) Py_UNICODE_WIDE;\n     2185          |            ^~~~~~~~~~~~~~~\n     2186          |            Py_UNICODE_SIZE\n     2187    _configtest.c:7:12: note: each undeclared identifier is reported o\n             nly once for each function it appears in",
    "nly once for each function it appears in\n     2188    _configtest.c:4:5: warning: function declaration isn't a prototype\n              [-Wstrict-prototypes]\n     2189        4 | int main()\n     2190          |     ^~~~\n     2191    _configtest.c: In function 'main':\n>> 2192    _configtest.c:7:12: error: 'Py_UNICODE_WIDE' undeclared (first use\n              in this function); did you mean 'Py_UNICODE_SIZE'?\n     2193        7 |     (void) Py_UNICODE_WIDE;\n     2194          |            ^~~~~~~~~~~~~~~\n     2195          |            Py_UNICODE_SIZE\n     2196    _configtest.c:7:12: note: each undeclared identifier is reported o\n             nly once for each function it appears in",
    "2375        1 | int exp (void);\n     2376    /p/vast1/koparasy/BUILD/head/spack/lib/spack/env/gcc/gcc _configte\n             st.o -o _configtest\n     2377    /usr/tce/packages/gcc/gcc-9.3.1/rh/usr/bin/../libexec/gcc/x86_64-r\n             edhat-linux/9/ld: _configtest.o: in function `main':\n  >> 2378    /tmp/koparasy/spack-stage/spack-stage-py-numpy-1.9.2-bwqh2t5dhuflc\n7eg65vbshitaibpswjd/spack-src/_configtest.c:6: undefined reference\n              to `exp'\n  >> 2379    collect2: error: ld returned 1 exit status\n     2380    /usr/tce/packages/gcc/gcc-9.3.1/rh/usr/bin/../libexec/gcc/x86_64-r\n             edhat-linux/9/ld: _configtest.o: in function `main':\n  >> 2381    /tmp/koparasy/spack-stage/spack-stage-py-numpy-1.9.2-bwqh2t5dhuflc\n             7eg65vbshitaibpswjd/spack-src/_configtest.c:6: undefined reference",
    "st.o -o _configtest\n     2377    /usr/tce/packages/gcc/gcc-9.3.1/rh/usr/bin/../libexec/gcc/x86_64-r\n             edhat-linux/9/ld: _configtest.o: in function `main':\n  >> 2378    /tmp/koparasy/spack-stage/spack-stage-py-numpy-1.9.2-bwqh2t5dhuflc\n             7eg65vbshitaibpswjd/spack-src/_configtest.c:6: undefined reference\n              to `exp'\n>> 2379    collect2: error: ld returned 1 exit status\n     2380    /usr/tce/packages/gcc/gcc-9.3.1/rh/usr/bin/../libexec/gcc/x86_64-r\n             edhat-linux/9/ld: _configtest.o: in function `main':\n  >> 2381    /tmp/koparasy/spack-stage/spack-stage-py-numpy-1.9.2-bwqh2t5dhuflc\n             7eg65vbshitaibpswjd/spack-src/_configtest.c:6: undefined reference\n              to `exp'\n  >> 2382    collect2: error: ld returned 1 exit status",
    "7eg65vbshitaibpswjd/spack-src/_configtest.c:6: undefined reference\n              to `exp'\n  >> 2379    collect2: error: ld returned 1 exit status\n     2380    /usr/tce/packages/gcc/gcc-9.3.1/rh/usr/bin/../libexec/gcc/x86_64-r\n             edhat-linux/9/ld: _configtest.o: in function `main':\n  >> 2381    /tmp/koparasy/spack-stage/spack-stage-py-numpy-1.9.2-bwqh2t5dhuflc\n7eg65vbshitaibpswjd/spack-src/_configtest.c:6: undefined reference\n              to `exp'\n  >> 2382    collect2: error: ld returned 1 exit status\n     2383    failure.\n     2384    removing: _configtest.c _configtest.o\n     2385    C compiler: /p/vast1/koparasy/BUILD/head/spack/lib/spack/env/gcc/g\n             cc -fno-strict-aliasing -fPIC -DNDEBUG -g -fwrapv -O3 -Wall -Wstri",
    ">> 2379    collect2: error: ld returned 1 exit status\n     2380    /usr/tce/packages/gcc/gcc-9.3.1/rh/usr/bin/../libexec/gcc/x86_64-r\n             edhat-linux/9/ld: _configtest.o: in function `main':\n  >> 2381    /tmp/koparasy/spack-stage/spack-stage-py-numpy-1.9.2-bwqh2t5dhuflc\n             7eg65vbshitaibpswjd/spack-src/_configtest.c:6: undefined reference\n              to `exp'\n>> 2382    collect2: error: ld returned 1 exit status\n     2383    failure.\n     2384    removing: _configtest.c _configtest.o\n     2385    C compiler: /p/vast1/koparasy/BUILD/head/spack/lib/spack/env/gcc/g\n             cc -fno-strict-aliasing -fPIC -DNDEBUG -g -fwrapv -O3 -Wall -Wstri\n             ct-prototypes -fPIC\n     2386"
]