[
    "1202    //usrusr//tcetce//packagespackages//gccgcc//gccgcc--9.3.19.3.1//rh\n             rh//usrusr//binbin//....//libexec/libexecgcc//gcc/x86_64x86_64--re\n             dhatredhat--linuxlinux//99//ldld::  libphist_kernels_builtin.solib\n             phist_kernels_builtin.so::  undefinedundefined  referencereference\n               toto  ``omp_get_max_threads_omp_get_max_threads_''\n     1203\n>> 1204    collect2: error: ld returned 1 exit status\n  >> 1205    collect2: error: ld returned 1 exit status\n  >> 1206    make[2]: *** [examples/Dbench_mvec_times_sdMat_inplace] Error 1\n     1207    make[2]: Leaving directory `/tmp/koparasy/spack-stage/spack-stage-\n             phist-1.9.0-mztr2ylylfno24n7h7lw3vcytwlams2c/spack-build-mztr2yl'\n  >> 1208    make[2]: *** [examples/Dbench_fused_mvsd_mvTmv] Error 1\n     1209    make[2]: Leaving directory `/tmp/koparasy/spack-stage/spack-stage-",
    "rh//usrusr//binbin//....//libexec/libexecgcc//gcc/x86_64x86_64--re\n             dhatredhat--linuxlinux//99//ldld::  libphist_kernels_builtin.solib\n             phist_kernels_builtin.so::  undefinedundefined  referencereference\n               toto  ``omp_get_max_threads_omp_get_max_threads_''\n     1203\n  >> 1204    collect2: error: ld returned 1 exit status\n>> 1205    collect2: error: ld returned 1 exit status\n  >> 1206    make[2]: *** [examples/Dbench_mvec_times_sdMat_inplace] Error 1\n     1207    make[2]: Leaving directory `/tmp/koparasy/spack-stage/spack-stage-\n             phist-1.9.0-mztr2ylylfno24n7h7lw3vcytwlams2c/spack-build-mztr2yl'\n  >> 1208    make[2]: *** [examples/Dbench_fused_mvsd_mvTmv] Error 1\n     1209    make[2]: Leaving directory `/tmp/koparasy/spack-stage/spack-stage-\n             phist-1.9.0-mztr2ylylfno24n7h7lw3vcytwlams2c/spack-build-mztr2yl'",
    "dhatredhat--linuxlinux//99//ldld::  libphist_kernels_builtin.solib\n             phist_kernels_builtin.so::  undefinedundefined  referencereference\n               toto  ``omp_get_max_threads_omp_get_max_threads_''\n     1203\n  >> 1204    collect2: error: ld returned 1 exit status\n  >> 1205    collect2: error: ld returned 1 exit status\n>> 1206    make[2]: *** [examples/Dbench_mvec_times_sdMat_inplace] Error 1\n     1207    make[2]: Leaving directory `/tmp/koparasy/spack-stage/spack-stage-\n             phist-1.9.0-mztr2ylylfno24n7h7lw3vcytwlams2c/spack-build-mztr2yl'\n  >> 1208    make[2]: *** [examples/Dbench_fused_mvsd_mvTmv] Error 1\n     1209    make[2]: Leaving directory `/tmp/koparasy/spack-stage/spack-stage-\n             phist-1.9.0-mztr2ylylfno24n7h7lw3vcytwlams2c/spack-build-mztr2yl'\n  >> 1210    make[1]: *** [CMakeFiles/Dbench_mvec_times_sdMat_inplace.dir/all]",
    "1203\n  >> 1204    collect2: error: ld returned 1 exit status\n  >> 1205    collect2: error: ld returned 1 exit status\n  >> 1206    make[2]: *** [examples/Dbench_mvec_times_sdMat_inplace] Error 1\n     1207    make[2]: Leaving directory `/tmp/koparasy/spack-stage/spack-stage-\n             phist-1.9.0-mztr2ylylfno24n7h7lw3vcytwlams2c/spack-build-mztr2yl'\n>> 1208    make[2]: *** [examples/Dbench_fused_mvsd_mvTmv] Error 1\n     1209    make[2]: Leaving directory `/tmp/koparasy/spack-stage/spack-stage-\n             phist-1.9.0-mztr2ylylfno24n7h7lw3vcytwlams2c/spack-build-mztr2yl'\n  >> 1210    make[1]: *** [CMakeFiles/Dbench_mvec_times_sdMat_inplace.dir/all]\n             Error 2\n     1211    make[1]: *** Waiting for unfinished jobs....\n  >> 1212    make[1]: *** [CMakeFiles/Dbench_fused_mvsd_mvTmv.dir/all] Error 2",
    ">> 1208    make[2]: *** [examples/Dbench_fused_mvsd_mvTmv] Error 1\n     1209    make[2]: Leaving directory `/tmp/koparasy/spack-stage/spack-stage-\n             phist-1.9.0-mztr2ylylfno24n7h7lw3vcytwlams2c/spack-build-mztr2yl'\n  >> 1210    make[1]: *** [CMakeFiles/Dbench_mvec_times_sdMat_inplace.dir/all]\n             Error 2\n     1211    make[1]: *** Waiting for unfinished jobs....\n>> 1212    make[1]: *** [CMakeFiles/Dbench_fused_mvsd_mvTmv.dir/all] Error 2\n     1213    [ 54%] Building CXX object CMakeFiles/phist-1.8.0-core-test-RelWit\n             hDebInfo.dir/test/core/OrthogTest.cpp.o\n     1214    [ 54%] Building CXX object CMakeFiles/phist-1.8.0-core-test-RelWit\n             hDebInfo.dir/test/core/OpTest.cpp.o\n     1215    /p/vast1/koparasy/BUILD/spack_cluster_installer/quartz/phist/spack\n             _env_dir/linux-rhel7-broadwell/gcc-9.3.1/mpich-3.4.1-ygypy7hrlpr57",
    "k_env_dir/linux-rhel7-broadwell/gcc-9.3.1/mpich-3.4.1-ygypy7hrlpr5\n             73l7usybknjq66a334ai/lib/libmpi.so /p/vast1/koparasy/BUILD/spack_c\n             luster_installer/quartz/phist/spack_env_dir/linux-rhel7-broadwell/\n             gcc-9.3.1/mpich-3.4.1-ygypy7hrlpr573l7usybknjq66a334ai/lib/libmpif\n             ort.so -lm\n  >> 1220    /usr/tce/packages/gcc/gcc-9.3.1/rh/usr/bin/../libexec/gcc/x86_64-r\nedhat-linux/9/ld: libphist_kernels_builtin.so: undefined reference\n              to `omp_get_max_threads_'\n  >> 1221    collect2: error: ld returned 1 exit status\n  >> 1222    make[2]: *** [examples/Dbench_cg] Error 1\n     1223    make[2]: Leaving directory `/tmp/koparasy/spack-stage/spack-stage-\n             phist-1.9.0-mztr2ylylfno24n7h7lw3vcytwlams2c/spack-build-mztr2yl'\n  >> 1224    make[1]: *** [CMakeFiles/Dbench_cg.dir/all] Error 2",
    "luster_installer/quartz/phist/spack_env_dir/linux-rhel7-broadwell/\n             gcc-9.3.1/mpich-3.4.1-ygypy7hrlpr573l7usybknjq66a334ai/lib/libmpif\n             ort.so -lm\n  >> 1220    /usr/tce/packages/gcc/gcc-9.3.1/rh/usr/bin/../libexec/gcc/x86_64-r\n             edhat-linux/9/ld: libphist_kernels_builtin.so: undefined reference\n              to `omp_get_max_threads_'\n>> 1221    collect2: error: ld returned 1 exit status\n  >> 1222    make[2]: *** [examples/Dbench_cg] Error 1\n     1223    make[2]: Leaving directory `/tmp/koparasy/spack-stage/spack-stage-\n             phist-1.9.0-mztr2ylylfno24n7h7lw3vcytwlams2c/spack-build-mztr2yl'\n  >> 1224    make[1]: *** [CMakeFiles/Dbench_cg.dir/all] Error 2\n     1225    [ 55%] Building CXX object CMakeFiles/phist-1.8.0-core-test-RelWit\n             hDebInfo.dir/test/core/OrthogTestWithB.cpp.o",
    "gcc-9.3.1/mpich-3.4.1-ygypy7hrlpr573l7usybknjq66a334ai/lib/libmpif\n             ort.so -lm\n  >> 1220    /usr/tce/packages/gcc/gcc-9.3.1/rh/usr/bin/../libexec/gcc/x86_64-r\n             edhat-linux/9/ld: libphist_kernels_builtin.so: undefined reference\n              to `omp_get_max_threads_'\n  >> 1221    collect2: error: ld returned 1 exit status\n>> 1222    make[2]: *** [examples/Dbench_cg] Error 1\n     1223    make[2]: Leaving directory `/tmp/koparasy/spack-stage/spack-stage-\n             phist-1.9.0-mztr2ylylfno24n7h7lw3vcytwlams2c/spack-build-mztr2yl'\n  >> 1224    make[1]: *** [CMakeFiles/Dbench_cg.dir/all] Error 2\n     1225    [ 55%] Building CXX object CMakeFiles/phist-1.8.0-core-test-RelWit\n             hDebInfo.dir/test/core/OrthogTestWithB.cpp.o\n     1226    /p/vast1/koparasy/BUILD/spack_cluster_installer/quartz/phist/spack",
    "edhat-linux/9/ld: libphist_kernels_builtin.so: undefined reference\n              to `omp_get_max_threads_'\n  >> 1221    collect2: error: ld returned 1 exit status\n  >> 1222    make[2]: *** [examples/Dbench_cg] Error 1\n     1223    make[2]: Leaving directory `/tmp/koparasy/spack-stage/spack-stage-\n             phist-1.9.0-mztr2ylylfno24n7h7lw3vcytwlams2c/spack-build-mztr2yl'\n>> 1224    make[1]: *** [CMakeFiles/Dbench_cg.dir/all] Error 2\n     1225    [ 55%] Building CXX object CMakeFiles/phist-1.8.0-core-test-RelWit\n             hDebInfo.dir/test/core/OrthogTestWithB.cpp.o\n     1226    /p/vast1/koparasy/BUILD/spack_cluster_installer/quartz/phist/spack\n             _env_dir/linux-rhel7-broadwell/gcc-9.3.1/mpich-3.4.1-ygypy7hrlpr57\n             3l7usybknjq66a334ai/bin/mpic++  -DGTEST_HAS_EXCEPTIONS=1 -DGTEST_H\n             AS_MPI=1 -DGTEST_HAS_PTHREADS=1 -I/p/vast1/koparasy/BUILD/spack_cl",
    "ich-3.4.1-ygypy7hrlpr573l7usybknjq66a334ai/lib/libmpifort.so -lm\n  >> 1252    /usr/tce/packages/gcc/gcc-9.3.1/rh/usr/bin/../libexec/gcc/x86_64-r\n             edhat-linux/9/ld: CMakeFiles/phist-1.8.0-core-test-RelWithDebInfo.\n             dir/lib/googletest-master-12-2015/gtest/gtest-all.cc.o: undefined\n             reference to symbol 'pthread_key_delete@@@@GLIBC_2.2.5'\n  >> 1253    /usr/tce/packages/gcc/gcc-9.3.1/rh/usr/bin/../libexec/gcc/x86_64-r\nedhat-linux/9/ld: /usr/lib64/libpthread.so.0: error adding symbols\n             : DSO missing from command line\n  >> 1254    collect2: error: ld returned 1 exit status\n  >> 1255    make[2]: *** [phist-1.8.0-core-test-RelWithDebInfo] Error 1\n     1256    make[2]: Leaving directory `/tmp/koparasy/spack-stage/spack-stage-\n             phist-1.9.0-mztr2ylylfno24n7h7lw3vcytwlams2c/spack-build-mztr2yl'\n  >> 1257    make[1]: *** [CMakeFiles/phist-1.8.0-core-test-RelWithDebInfo.dir/",
    "edhat-linux/9/ld: CMakeFiles/phist-1.8.0-core-test-RelWithDebInfo.\n             dir/lib/googletest-master-12-2015/gtest/gtest-all.cc.o: undefined\n             reference to symbol 'pthread_key_delete@@@@GLIBC_2.2.5'\n  >> 1253    /usr/tce/packages/gcc/gcc-9.3.1/rh/usr/bin/../libexec/gcc/x86_64-r\n             edhat-linux/9/ld: /usr/lib64/libpthread.so.0: error adding symbols\n             : DSO missing from command line\n>> 1254    collect2: error: ld returned 1 exit status\n  >> 1255    make[2]: *** [phist-1.8.0-core-test-RelWithDebInfo] Error 1\n     1256    make[2]: Leaving directory `/tmp/koparasy/spack-stage/spack-stage-\n             phist-1.9.0-mztr2ylylfno24n7h7lw3vcytwlams2c/spack-build-mztr2yl'\n  >> 1257    make[1]: *** [CMakeFiles/phist-1.8.0-core-test-RelWithDebInfo.dir/\n             all] Error 2\n     1258    make[1]: Leaving directory `/tmp/koparasy/spack-stage/spack-stage-",
    "dir/lib/googletest-master-12-2015/gtest/gtest-all.cc.o: undefined\n             reference to symbol 'pthread_key_delete@@@@GLIBC_2.2.5'\n  >> 1253    /usr/tce/packages/gcc/gcc-9.3.1/rh/usr/bin/../libexec/gcc/x86_64-r\n             edhat-linux/9/ld: /usr/lib64/libpthread.so.0: error adding symbols\n             : DSO missing from command line\n  >> 1254    collect2: error: ld returned 1 exit status\n>> 1255    make[2]: *** [phist-1.8.0-core-test-RelWithDebInfo] Error 1\n     1256    make[2]: Leaving directory `/tmp/koparasy/spack-stage/spack-stage-\n             phist-1.9.0-mztr2ylylfno24n7h7lw3vcytwlams2c/spack-build-mztr2yl'\n  >> 1257    make[1]: *** [CMakeFiles/phist-1.8.0-core-test-RelWithDebInfo.dir/\n             all] Error 2\n     1258    make[1]: Leaving directory `/tmp/koparasy/spack-stage/spack-stage-\n             phist-1.9.0-mztr2ylylfno24n7h7lw3vcytwlams2c/spack-build-mztr2yl'",
    "1256    make[2]: Leaving directory `/tmp/koparasy/spack-stage/spack-stage-\n             phist-1.9.0-mztr2ylylfno24n7h7lw3vcytwlams2c/spack-build-mztr2yl'\n  >> 1257    make[1]: *** [CMakeFiles/phist-1.8.0-core-test-RelWithDebInfo.dir/\n             all] Error 2\n     1258    make[1]: Leaving directory `/tmp/koparasy/spack-stage/spack-stage-\n             phist-1.9.0-mztr2ylylfno24n7h7lw3vcytwlams2c/spack-build-mztr2yl'\n>> 1259    make: *** [all] Error 2\n\nSee build log for details:\n  /var/tmp/koparasy/spack-stage/spack-stage-phist-1.9.0-mztr2ylylfno24n7h7lw3vcytwlams2c/spack-build-out.txt\n\nTraceback (most recent call last):\n  File \"/p/vast1/koparasy/BUILD/head/spack/lib/spack/spack/build_environment.py\", line 1035, in _setup_pkg_and_run"
]