[
    "14774    /tmp/koparasy/spack-stage/spack-stage-llvm-amdgpu-4.3.1-4mlk5ieu3\n              rt5msy7vxmxa4qh4zuq4zhb/spack-build-4mlk5ie/include/c++/v1/varian\n              t: In member function 'void std::__1::__variant_detail::__impl<_T\n              ypes>::__swap(std::__1::__variant_detail::__impl<_Types>&)':\n  >> 14775    /tmp/koparasy/spack-stage/spack-stage-llvm-amdgpu-4.3.1-4mlk5ieu3\n              rt5msy7vxmxa4qh4zuq4zhb/spack-build-4mlk5ie/include/c++/v1/varian\nt:1114:10: error: expected '(' before 'constexpr'\n     14776           if constexpr (__all<is_nothrow_move_constructible_v<_Types\n              >...>::value) {\n     14777              ^~~~~~~~~\n  >> 14778    /tmp/koparasy/spack-stage/spack-stage-llvm-amdgpu-4.3.1-4mlk5ieu3\n              rt5msy7vxmxa4qh4zuq4zhb/spack-build-4mlk5ie/include/c++/v1/varian\n              t:1116:9: error: 'else' without a previous 'if'",
    "t:1114:10: error: expected '(' before 'constexpr'\n     14776           if constexpr (__all<is_nothrow_move_constructible_v<_Types\n              >...>::value) {\n     14777              ^~~~~~~~~\n  >> 14778    /tmp/koparasy/spack-stage/spack-stage-llvm-amdgpu-4.3.1-4mlk5ieu3\n              rt5msy7vxmxa4qh4zuq4zhb/spack-build-4mlk5ie/include/c++/v1/varian\nt:1116:9: error: 'else' without a previous 'if'\n     14779           } else {\n     14780             ^~~~\n     14781    /tmp/koparasy/spack-stage/spack-stage-llvm-amdgpu-4.3.1-4mlk5ieu3\n              rt5msy7vxmxa4qh4zuq4zhb/spack-build-4mlk5ie/include/c++/v1/varian\n              t: At global scope:\n  >> 14782    /tmp/koparasy/spack-stage/spack-stage-llvm-amdgpu-4.3.1-4mlk5ieu3",
    "14780             ^~~~\n     14781    /tmp/koparasy/spack-stage/spack-stage-llvm-amdgpu-4.3.1-4mlk5ieu3\n              rt5msy7vxmxa4qh4zuq4zhb/spack-build-4mlk5ie/include/c++/v1/varian\n              t: At global scope:\n  >> 14782    /tmp/koparasy/spack-stage/spack-stage-llvm-amdgpu-4.3.1-4mlk5ieu3\n              rt5msy7vxmxa4qh4zuq4zhb/spack-build-4mlk5ie/include/c++/v1/varian\nt:1194:26: error: parameter packs not expanded with '...':\n     14783       using _Bases::operator()...;\n     14784                              ^\n     14785    /tmp/koparasy/spack-stage/spack-stage-llvm-amdgpu-4.3.1-4mlk5ieu3\n              rt5msy7vxmxa4qh4zuq4zhb/spack-build-4mlk5ie/include/c++/v1/varian\n              t:1194:26: note:         '_Bases'\n  >> 14786    /tmp/koparasy/spack-stage/spack-stage-llvm-amdgpu-4.3.1-4mlk5ieu3",
    "14784                              ^\n     14785    /tmp/koparasy/spack-stage/spack-stage-llvm-amdgpu-4.3.1-4mlk5ieu3\n              rt5msy7vxmxa4qh4zuq4zhb/spack-build-4mlk5ie/include/c++/v1/varian\n              t:1194:26: note:         '_Bases'\n  >> 14786    /tmp/koparasy/spack-stage/spack-stage-llvm-amdgpu-4.3.1-4mlk5ieu3\n              rt5msy7vxmxa4qh4zuq4zhb/spack-build-4mlk5ie/include/c++/v1/varian\nt:1194:27: error: expected ';' before '...' token\n     14787       using _Bases::operator()...;\n     14788                               ^~~\n  >> 14789    /tmp/koparasy/spack-stage/spack-stage-llvm-amdgpu-4.3.1-4mlk5ieu3\n              rt5msy7vxmxa4qh4zuq4zhb/spack-build-4mlk5ie/include/c++/v1/varian\n              t:1194:27: error: expected unqualified-id before '...' token\n     14790    [ 24%] Copying CXX header charconv",
    "rt5msy7vxmxa4qh4zuq4zhb/spack-build-4mlk5ie/include/c++/v1/varian\n              t:1194:27: error: expected ';' before '...' token\n     14787       using _Bases::operator()...;\n     14788                               ^~~\n  >> 14789    /tmp/koparasy/spack-stage/spack-stage-llvm-amdgpu-4.3.1-4mlk5ieu3\n              rt5msy7vxmxa4qh4zuq4zhb/spack-build-4mlk5ie/include/c++/v1/varian\nt:1194:27: error: expected unqualified-id before '...' token\n     14790    [ 24%] Copying CXX header charconv\n     14791    [ 24%] Building CXX object cxxabi/src/CMakeFiles/cxxabi_static.di\n              r/private_typeinfo.cpp.o\n     14792    In file included from /tmp/koparasy/spack-stage/spack-stage-llvm-\n              amdgpu-4.3.1-4mlk5ieu3rt5msy7vxmxa4qh4zuq4zhb/spack-build-4mlk5ie\n              /include/c++/v1/memory:687:0,",
    "24137           ^~~~~~~~~~~~~~~~~~~~~\n     24138    cc1plus: warning: unrecognized command line option '-Wno-noexcept\n              -type'\n     24139    make[5]: Leaving directory `/tmp/koparasy/spack-stage/spack-stage\n              -llvm-amdgpu-4.3.1-4mlk5ieu3rt5msy7vxmxa4qh4zuq4zhb/spack-build-4\n              mlk5ie/projects/compiler-rt/lib/fuzzer/libcxx_fuzzer_x86_64-bins'\n>> 24140    make[4]: *** [cxx/src/CMakeFiles/cxx_static.dir/all] Error 2\n     24141    make[4]: Leaving directory `/tmp/koparasy/spack-stage/spack-stage\n              -llvm-amdgpu-4.3.1-4mlk5ieu3rt5msy7vxmxa4qh4zuq4zhb/spack-build-4\n              mlk5ie/projects/compiler-rt/lib/fuzzer/libcxx_fuzzer_x86_64-bins'\n  >> 24142    make[3]: *** [all] Error 2\n     24143    make[3]: Leaving directory `/tmp/koparasy/spack-stage/spack-stage\n              -llvm-amdgpu-4.3.1-4mlk5ieu3rt5msy7vxmxa4qh4zuq4zhb/spack-build-4",
    "-llvm-amdgpu-4.3.1-4mlk5ieu3rt5msy7vxmxa4qh4zuq4zhb/spack-build-4\n              mlk5ie/projects/compiler-rt/lib/fuzzer/libcxx_fuzzer_x86_64-bins'\n  >> 24140    make[4]: *** [cxx/src/CMakeFiles/cxx_static.dir/all] Error 2\n     24141    make[4]: Leaving directory `/tmp/koparasy/spack-stage/spack-stage\n              -llvm-amdgpu-4.3.1-4mlk5ieu3rt5msy7vxmxa4qh4zuq4zhb/spack-build-4\n              mlk5ie/projects/compiler-rt/lib/fuzzer/libcxx_fuzzer_x86_64-bins'\n>> 24142    make[3]: *** [all] Error 2\n     24143    make[3]: Leaving directory `/tmp/koparasy/spack-stage/spack-stage\n              -llvm-amdgpu-4.3.1-4mlk5ieu3rt5msy7vxmxa4qh4zuq4zhb/spack-build-4\n              mlk5ie/projects/compiler-rt/lib/fuzzer/libcxx_fuzzer_x86_64-bins'\n  >> 24144    make[2]: *** [projects/compiler-rt/lib/fuzzer/libcxx_fuzzer_x86_6\n              4-stamps/libcxx_fuzzer_x86_64-build] Error 2\n     24145    make[2]: Leaving directory `/tmp/koparasy/spack-stage/spack-stage",
    "-llvm-amdgpu-4.3.1-4mlk5ieu3rt5msy7vxmxa4qh4zuq4zhb/spack-build-4\n              mlk5ie'\n     24223    [ 18%] Built target LLVMSupport\n     24224    make[1]: Leaving directory `/tmp/koparasy/spack-stage/spack-stage\n              -llvm-amdgpu-4.3.1-4mlk5ieu3rt5msy7vxmxa4qh4zuq4zhb/spack-build-4\n              mlk5ie'\n>> 24225    make: *** [all] Error 2\n\nSee build log for details:\n  /var/tmp/koparasy/spack-stage/spack-stage-llvm-amdgpu-4.3.1-4mlk5ieu3rt5msy7vxmxa4qh4zuq4zhb/spack-build-out.txt\n\nTraceback (most recent call last):\n  File \"/p/vast1/koparasy/BUILD/head/spack/lib/spack/spack/build_environment.py\", line 1035, in _setup_pkg_and_run",
    "14868     void __do_deallocate_handle_size(void *__ptr, size_t __size, _Ar\n              gs ...__args) {\n     14869          ^~~~~~~~~~~~~~~~~~~~~~~~~~~\n     14870    /tmp/koparasy/spack-stage/spack-stage-llvm-amdgpu-4.3.1-4mlk5ieu3\n              rt5msy7vxmxa4qh4zuq4zhb/spack-build-4mlk5ie/include/c++/v1/new:23\n3:7: warning: always_inline function might not be inlinable [-Wat\n              tributes]\n     14871     void* __libcpp_operator_new(_Args ...__args) {\n     14872           ^~~~~~~~~~~~~~~~~~~~~\n     14873    cc1plus: warning: unrecognized command line option '-Wno-noexcept\n              -type'\n  >> 14874    make[2]: *** [projects/libcxx/src/CMakeFiles/cxx_static.dir/varia",
    "14870    /tmp/koparasy/spack-stage/spack-stage-llvm-amdgpu-4.3.1-4mlk5ieu3\n              rt5msy7vxmxa4qh4zuq4zhb/spack-build-4mlk5ie/include/c++/v1/new:23\n              3:7: warning: always_inline function might not be inlinable [-Wat\n              tributes]\n     14871     void* __libcpp_operator_new(_Args ...__args) {\n     14872           ^~~~~~~~~~~~~~~~~~~~~\n14873    cc1plus: warning: unrecognized command line option '-Wno-noexcept\n              -type'\n  >> 14874    make[2]: *** [projects/libcxx/src/CMakeFiles/cxx_static.dir/varia\n              nt.cpp.o] Error 1\n     14875    make[2]: Leaving directory `/tmp/koparasy/spack-stage/spack-stage\n              -llvm-amdgpu-4.3.1-4mlk5ieu3rt5msy7vxmxa4qh4zuq4zhb/spack-build-4\n              mlk5ie'",
    "24005     void __do_deallocate_handle_size(void *__ptr, size_t __size, _Ar\n              gs ...__args) {\n     24006          ^~~~~~~~~~~~~~~~~~~~~~~~~~~\n     24007    /tmp/koparasy/spack-stage/spack-stage-llvm-amdgpu-4.3.1-4mlk5ieu3\n              rt5msy7vxmxa4qh4zuq4zhb/spack-build-4mlk5ie/projects/compiler-rt/\nlib/fuzzer/libcxx_fuzzer_x86_64/include/c++/v1/new:233:7: warning\n              : always_inline function might not be inlinable [-Wattributes]\n     24008     void* __libcpp_operator_new(_Args ...__args) {\n     24009           ^~~~~~~~~~~~~~~~~~~~~\n     24010    cc1plus: warning: unrecognized command line option '-Wno-noexcept\n              -type'\n  >> 24011    make[5]: *** [cxx/src/CMakeFiles/cxx_static.dir/variant.cpp.o] Er",
    "24007    /tmp/koparasy/spack-stage/spack-stage-llvm-amdgpu-4.3.1-4mlk5ieu3\n              rt5msy7vxmxa4qh4zuq4zhb/spack-build-4mlk5ie/projects/compiler-rt/\n              lib/fuzzer/libcxx_fuzzer_x86_64/include/c++/v1/new:233:7: warning\n              : always_inline function might not be inlinable [-Wattributes]\n     24008     void* __libcpp_operator_new(_Args ...__args) {\n     24009           ^~~~~~~~~~~~~~~~~~~~~\n24010    cc1plus: warning: unrecognized command line option '-Wno-noexcept\n              -type'\n  >> 24011    make[5]: *** [cxx/src/CMakeFiles/cxx_static.dir/variant.cpp.o] Er\n              ror 1\n     24012    make[5]: *** Waiting for unfinished jobs....\n     24013    [ 17%] Building CXX object lib/Support/CMakeFiles/LLVMSupport.dir\n              /ToolOutputFile.cpp.o",
    "...\n\n     24134          ^~~~~~~~~~~~~~~~~~~~~~~~~~~\n     24135    /tmp/koparasy/spack-stage/spack-stage-llvm-amdgpu-4.3.1-4mlk5ieu3\n              rt5msy7vxmxa4qh4zuq4zhb/spack-build-4mlk5ie/projects/compiler-rt/\nlib/fuzzer/libcxx_fuzzer_x86_64/include/c++/v1/new:233:7: warning\n              : always_inline function might not be inlinable [-Wattributes]\n     24136     void* __libcpp_operator_new(_Args ...__args) {\n     24137           ^~~~~~~~~~~~~~~~~~~~~\n     24138    cc1plus: warning: unrecognized command line option '-Wno-noexcept\n              -type'\n     24139    make[5]: Leaving directory `/tmp/koparasy/spack-stage/spack-stage",
    "24135    /tmp/koparasy/spack-stage/spack-stage-llvm-amdgpu-4.3.1-4mlk5ieu3\n              rt5msy7vxmxa4qh4zuq4zhb/spack-build-4mlk5ie/projects/compiler-rt/\n              lib/fuzzer/libcxx_fuzzer_x86_64/include/c++/v1/new:233:7: warning\n              : always_inline function might not be inlinable [-Wattributes]\n     24136     void* __libcpp_operator_new(_Args ...__args) {\n     24137           ^~~~~~~~~~~~~~~~~~~~~\n24138    cc1plus: warning: unrecognized command line option '-Wno-noexcept\n              -type'\n     24139    make[5]: Leaving directory `/tmp/koparasy/spack-stage/spack-stage\n              -llvm-amdgpu-4.3.1-4mlk5ieu3rt5msy7vxmxa4qh4zuq4zhb/spack-build-4\n              mlk5ie/projects/compiler-rt/lib/fuzzer/libcxx_fuzzer_x86_64-bins'\n  >> 24140    make[4]: *** [cxx/src/CMakeFiles/cxx_static.dir/all] Error 2\n     24141    make[4]: Leaving directory `/tmp/koparasy/spack-stage/spack-stage"
]