[
    "14831    /tmp/koparasy/spack-stage/spack-stage-llvm-amdgpu-4.3.1-4mlk5ieu3\n              rt5msy7vxmxa4qh4zuq4zhb/spack-build-4mlk5ie/include/c++/v1/varian\n              t: In member function 'void std::__1::__variant_detail::__impl<_T\n              ypes>::__swap(std::__1::__variant_detail::__impl<_Types>&)':\n  >> 14832    /tmp/koparasy/spack-stage/spack-stage-llvm-amdgpu-4.3.1-4mlk5ieu3\n              rt5msy7vxmxa4qh4zuq4zhb/spack-build-4mlk5ie/include/c++/v1/varian\nt:1114:10: error: expected '(' before 'constexpr'\n     14833           if constexpr (__all<is_nothrow_move_constructible_v<_Types\n              >...>::value) {\n     14834              ^~~~~~~~~\n  >> 14835    /tmp/koparasy/spack-stage/spack-stage-llvm-amdgpu-4.3.1-4mlk5ieu3\n              rt5msy7vxmxa4qh4zuq4zhb/spack-build-4mlk5ie/include/c++/v1/varian\n              t:1116:9: error: 'else' without a previous 'if'",
    "t:1114:10: error: expected '(' before 'constexpr'\n     14833           if constexpr (__all<is_nothrow_move_constructible_v<_Types\n              >...>::value) {\n     14834              ^~~~~~~~~\n  >> 14835    /tmp/koparasy/spack-stage/spack-stage-llvm-amdgpu-4.3.1-4mlk5ieu3\n              rt5msy7vxmxa4qh4zuq4zhb/spack-build-4mlk5ie/include/c++/v1/varian\nt:1116:9: error: 'else' without a previous 'if'\n     14836           } else {\n     14837             ^~~~\n     14838    /tmp/koparasy/spack-stage/spack-stage-llvm-amdgpu-4.3.1-4mlk5ieu3\n              rt5msy7vxmxa4qh4zuq4zhb/spack-build-4mlk5ie/include/c++/v1/varian\n              t: At global scope:\n  >> 14839    /tmp/koparasy/spack-stage/spack-stage-llvm-amdgpu-4.3.1-4mlk5ieu3",
    "14837             ^~~~\n     14838    /tmp/koparasy/spack-stage/spack-stage-llvm-amdgpu-4.3.1-4mlk5ieu3\n              rt5msy7vxmxa4qh4zuq4zhb/spack-build-4mlk5ie/include/c++/v1/varian\n              t: At global scope:\n  >> 14839    /tmp/koparasy/spack-stage/spack-stage-llvm-amdgpu-4.3.1-4mlk5ieu3\n              rt5msy7vxmxa4qh4zuq4zhb/spack-build-4mlk5ie/include/c++/v1/varian\nt:1194:26: error: parameter packs not expanded with '...':\n     14840       using _Bases::operator()...;\n     14841                              ^\n     14842    /tmp/koparasy/spack-stage/spack-stage-llvm-amdgpu-4.3.1-4mlk5ieu3\n              rt5msy7vxmxa4qh4zuq4zhb/spack-build-4mlk5ie/include/c++/v1/varian\n              t:1194:26: note:         '_Bases'\n  >> 14843    /tmp/koparasy/spack-stage/spack-stage-llvm-amdgpu-4.3.1-4mlk5ieu3",
    "14841                              ^\n     14842    /tmp/koparasy/spack-stage/spack-stage-llvm-amdgpu-4.3.1-4mlk5ieu3\n              rt5msy7vxmxa4qh4zuq4zhb/spack-build-4mlk5ie/include/c++/v1/varian\n              t:1194:26: note:         '_Bases'\n  >> 14843    /tmp/koparasy/spack-stage/spack-stage-llvm-amdgpu-4.3.1-4mlk5ieu3\n              rt5msy7vxmxa4qh4zuq4zhb/spack-build-4mlk5ie/include/c++/v1/varian\nt:1194:27: error: expected ';' before '...' token\n     14844       using _Bases::operator()...;\n     14845                               ^~~\n  >> 14846    /tmp/koparasy/spack-stage/spack-stage-llvm-amdgpu-4.3.1-4mlk5ieu3\n              rt5msy7vxmxa4qh4zuq4zhb/spack-build-4mlk5ie/include/c++/v1/varian\n              t:1194:27: error: expected unqualified-id before '...' token\n     14847    [ 46%] Copying CXX header experimental/utility",
    "rt5msy7vxmxa4qh4zuq4zhb/spack-build-4mlk5ie/include/c++/v1/varian\n              t:1194:27: error: expected ';' before '...' token\n     14844       using _Bases::operator()...;\n     14845                               ^~~\n  >> 14846    /tmp/koparasy/spack-stage/spack-stage-llvm-amdgpu-4.3.1-4mlk5ieu3\n              rt5msy7vxmxa4qh4zuq4zhb/spack-build-4mlk5ie/include/c++/v1/varian\nt:1194:27: error: expected unqualified-id before '...' token\n     14847    [ 46%] Copying CXX header experimental/utility\n     14848    In file included from /tmp/koparasy/spack-stage/spack-stage-llvm-\n              amdgpu-4.3.1-4mlk5ieu3rt5msy7vxmxa4qh4zuq4zhb/spack-build-4mlk5ie\n              /include/c++/v1/memory:687:0,\n     14849                     from /tmp/koparasy/spack-stage/spack-stage-llvm-\n              amdgpu-4.3.1-4mlk5ieu3rt5msy7vxmxa4qh4zuq4zhb/spack-build-4mlk5ie",
    "24759           ^~~~~~~~~~~~~~~~~~~~~\n     24760    cc1plus: warning: unrecognized command line option '-Wno-noexcept\n              -type'\n     24761    make[5]: Leaving directory `/tmp/koparasy/spack-stage/spack-stage\n              -llvm-amdgpu-4.3.1-4mlk5ieu3rt5msy7vxmxa4qh4zuq4zhb/spack-build-4\n              mlk5ie/projects/compiler-rt/lib/fuzzer/libcxx_fuzzer_x86_64-bins'\n>> 24762    make[4]: *** [cxx/src/CMakeFiles/cxx_static.dir/all] Error 2\n     24763    make[4]: Leaving directory `/tmp/koparasy/spack-stage/spack-stage\n              -llvm-amdgpu-4.3.1-4mlk5ieu3rt5msy7vxmxa4qh4zuq4zhb/spack-build-4\n              mlk5ie/projects/compiler-rt/lib/fuzzer/libcxx_fuzzer_x86_64-bins'\n  >> 24764    make[3]: *** [all] Error 2\n     24765    make[3]: Leaving directory `/tmp/koparasy/spack-stage/spack-stage\n              -llvm-amdgpu-4.3.1-4mlk5ieu3rt5msy7vxmxa4qh4zuq4zhb/spack-build-4",
    "-llvm-amdgpu-4.3.1-4mlk5ieu3rt5msy7vxmxa4qh4zuq4zhb/spack-build-4\n              mlk5ie/projects/compiler-rt/lib/fuzzer/libcxx_fuzzer_x86_64-bins'\n  >> 24762    make[4]: *** [cxx/src/CMakeFiles/cxx_static.dir/all] Error 2\n     24763    make[4]: Leaving directory `/tmp/koparasy/spack-stage/spack-stage\n              -llvm-amdgpu-4.3.1-4mlk5ieu3rt5msy7vxmxa4qh4zuq4zhb/spack-build-4\n              mlk5ie/projects/compiler-rt/lib/fuzzer/libcxx_fuzzer_x86_64-bins'\n>> 24764    make[3]: *** [all] Error 2\n     24765    make[3]: Leaving directory `/tmp/koparasy/spack-stage/spack-stage\n              -llvm-amdgpu-4.3.1-4mlk5ieu3rt5msy7vxmxa4qh4zuq4zhb/spack-build-4\n              mlk5ie/projects/compiler-rt/lib/fuzzer/libcxx_fuzzer_x86_64-bins'\n  >> 24766    make[2]: *** [projects/compiler-rt/lib/fuzzer/libcxx_fuzzer_x86_6\n              4-stamps/libcxx_fuzzer_x86_64-build] Error 2\n     24767    make[2]: Leaving directory `/tmp/koparasy/spack-stage/spack-stage",
    "-llvm-amdgpu-4.3.1-4mlk5ieu3rt5msy7vxmxa4qh4zuq4zhb/spack-build-4\n              mlk5ie'\n     24829    [ 18%] Built target LLVMSupport\n     24830    make[1]: Leaving directory `/tmp/koparasy/spack-stage/spack-stage\n              -llvm-amdgpu-4.3.1-4mlk5ieu3rt5msy7vxmxa4qh4zuq4zhb/spack-build-4\n              mlk5ie'\n>> 24831    make: *** [all] Error 2\n\nSee build log for details:\n  /var/tmp/koparasy/spack-stage/spack-stage-llvm-amdgpu-4.3.1-4mlk5ieu3rt5msy7vxmxa4qh4zuq4zhb/spack-build-out.txt\n\nTraceback (most recent call last):\n  File \"/p/vast1/koparasy/BUILD/head/spack/lib/spack/spack/build_environment.py\", line 1035, in _setup_pkg_and_run",
    "...\n\n     14925          ^~~~~~~~~~~~~~~~~~~~~~~~~~~\n     14926    /tmp/koparasy/spack-stage/spack-stage-llvm-amdgpu-4.3.1-4mlk5ieu3\n              rt5msy7vxmxa4qh4zuq4zhb/spack-build-4mlk5ie/include/c++/v1/new:23\n3:7: warning: always_inline function might not be inlinable [-Wat\n              tributes]\n     14927     void* __libcpp_operator_new(_Args ...__args) {\n     14928           ^~~~~~~~~~~~~~~~~~~~~\n     14929    cc1plus: warning: unrecognized command line option '-Wno-noexcept\n              -type'\n     14930    [ 46%] Copying CXX header experimental/vector",
    "14926    /tmp/koparasy/spack-stage/spack-stage-llvm-amdgpu-4.3.1-4mlk5ieu3\n              rt5msy7vxmxa4qh4zuq4zhb/spack-build-4mlk5ie/include/c++/v1/new:23\n              3:7: warning: always_inline function might not be inlinable [-Wat\n              tributes]\n     14927     void* __libcpp_operator_new(_Args ...__args) {\n     14928           ^~~~~~~~~~~~~~~~~~~~~\n14929    cc1plus: warning: unrecognized command line option '-Wno-noexcept\n              -type'\n     14930    [ 46%] Copying CXX header experimental/vector\n  >> 14931    make[2]: *** [projects/libcxx/src/CMakeFiles/cxx_static.dir/varia\n              nt.cpp.o] Error 1\n     14932    make[2]: Leaving directory `/tmp/koparasy/spack-stage/spack-stage\n              -llvm-amdgpu-4.3.1-4mlk5ieu3rt5msy7vxmxa4qh4zuq4zhb/spack-build-4",
    "24102     void __do_deallocate_handle_size(void *__ptr, size_t __size, _Ar\n              gs ...__args) {\n     24103          ^~~~~~~~~~~~~~~~~~~~~~~~~~~\n     24104    /tmp/koparasy/spack-stage/spack-stage-llvm-amdgpu-4.3.1-4mlk5ieu3\n              rt5msy7vxmxa4qh4zuq4zhb/spack-build-4mlk5ie/projects/compiler-rt/\nlib/fuzzer/libcxx_fuzzer_x86_64/include/c++/v1/new:233:7: warning\n              : always_inline function might not be inlinable [-Wattributes]\n     24105     void* __libcpp_operator_new(_Args ...__args) {\n     24106           ^~~~~~~~~~~~~~~~~~~~~\n     24107    cc1plus: warning: unrecognized command line option '-Wno-noexcept\n              -type'\n  >> 24108    make[5]: *** [cxx/src/CMakeFiles/cxx_static.dir/variant.cpp.o] Er",
    "24104    /tmp/koparasy/spack-stage/spack-stage-llvm-amdgpu-4.3.1-4mlk5ieu3\n              rt5msy7vxmxa4qh4zuq4zhb/spack-build-4mlk5ie/projects/compiler-rt/\n              lib/fuzzer/libcxx_fuzzer_x86_64/include/c++/v1/new:233:7: warning\n              : always_inline function might not be inlinable [-Wattributes]\n     24105     void* __libcpp_operator_new(_Args ...__args) {\n     24106           ^~~~~~~~~~~~~~~~~~~~~\n24107    cc1plus: warning: unrecognized command line option '-Wno-noexcept\n              -type'\n  >> 24108    make[5]: *** [cxx/src/CMakeFiles/cxx_static.dir/variant.cpp.o] Er\n              ror 1\n     24109    make[5]: *** Waiting for unfinished jobs....\n     24110    [ 17%] Building CXX object lib/Support/CMakeFiles/LLVMSupport.dir\n              /VersionTuple.cpp.o",
    "...\n\n     24756          ^~~~~~~~~~~~~~~~~~~~~~~~~~~\n     24757    /tmp/koparasy/spack-stage/spack-stage-llvm-amdgpu-4.3.1-4mlk5ieu3\n              rt5msy7vxmxa4qh4zuq4zhb/spack-build-4mlk5ie/projects/compiler-rt/\nlib/fuzzer/libcxx_fuzzer_x86_64/include/c++/v1/new:233:7: warning\n              : always_inline function might not be inlinable [-Wattributes]\n     24758     void* __libcpp_operator_new(_Args ...__args) {\n     24759           ^~~~~~~~~~~~~~~~~~~~~\n     24760    cc1plus: warning: unrecognized command line option '-Wno-noexcept\n              -type'\n     24761    make[5]: Leaving directory `/tmp/koparasy/spack-stage/spack-stage",
    "24757    /tmp/koparasy/spack-stage/spack-stage-llvm-amdgpu-4.3.1-4mlk5ieu3\n              rt5msy7vxmxa4qh4zuq4zhb/spack-build-4mlk5ie/projects/compiler-rt/\n              lib/fuzzer/libcxx_fuzzer_x86_64/include/c++/v1/new:233:7: warning\n              : always_inline function might not be inlinable [-Wattributes]\n     24758     void* __libcpp_operator_new(_Args ...__args) {\n     24759           ^~~~~~~~~~~~~~~~~~~~~\n24760    cc1plus: warning: unrecognized command line option '-Wno-noexcept\n              -type'\n     24761    make[5]: Leaving directory `/tmp/koparasy/spack-stage/spack-stage\n              -llvm-amdgpu-4.3.1-4mlk5ieu3rt5msy7vxmxa4qh4zuq4zhb/spack-build-4\n              mlk5ie/projects/compiler-rt/lib/fuzzer/libcxx_fuzzer_x86_64-bins'\n  >> 24762    make[4]: *** [cxx/src/CMakeFiles/cxx_static.dir/all] Error 2\n     24763    make[4]: Leaving directory `/tmp/koparasy/spack-stage/spack-stage"
]