[
    "==> [2022-01-11-09:16:37.371759] '/usr/bin/curl' '--stderr' '-' '-s' '-f' '-r' '0-0' 'https://mirror.spack.io/_source-cache/archive/45/455cb8fa41b759272768257c2e7bdc5c47ec113245dfa533f275e787a855efd2.tar.bz2'\n==> [2022-01-11-09:16:38.491293] '/usr/bin/curl' '-C' '-' '-o' '/var/tmp/koparasy/spack-stage/spack-stage-boost-1.34.0-r44fmlvgx7eeb6dcajpxoapl2rsjrezh/boost_1_34_0.tar.bz2.part' '-f' '-D' '-' '-L' 'https://mirror.spack.io/_source-cache/archive/45/455cb8fa41b759272768257c2e7bdc5c47ec113245dfa533f275e787a855efd2.tar.bz2' '-sS' '--connect-timeout' '10'\n==> [2022-01-11-09:16:44.114281] Staging archive: /var/tmp/koparasy/spack-stage/spack-stage-boost-1.34.0-r44fmlvgx7eeb6dcajpxoapl2rsjrezh/boost_1_34_0.tar.bz2\n==> [2022-01-11-09:16:44.123498] '/usr/bin/tar' '-oxf' '/var/tmp/koparasy/spack-stage/spack-stage-boost-1.34.0-r44fmlvgx7eeb6dcajpxoapl2rsjrezh/boost_1_34_0.tar.bz2'\n==> [2022-01-11-09:16:47.084904] Created stage in /var/tmp/koparasy/spack-stage/spack-stage-boost-1.34.0-r44fmlvgx7eeb6dcajpxoapl2rsjrezh\n==> [2022-01-11-09:16:47.086135] boost: Building boost-1.34.0-rq54vbildasr54rirbtzrzmlbkcwumdi [Package]\n==> [2022-01-11-09:16:47.137328] Error: ProcessError: ./bootstrap.sh: No such file or directory: './bootstrap.sh'\n    Command: './bootstrap.sh' '--prefix=/p/vast1/koparasy/BUILD/spack_cluster_installer/quartz/mercury/spack_env_dir/linux-rhel7-broadwell/gcc-9.3.1/boost-1.34.0-rq54vbildasr54rirbtzrzmlbkcwumdi' '--with-toolset=gcc' '--with-libraries=graph,date_time,serialization,regex,test,system,math,iostreams,filesystem,signals,thread,wave,timer,program_options' '--without-icu'\nSee build log for details:\n  /var/tmp/koparasy/spack-stage/spack-stage-boost-1.34.0-r44fmlvgx7eeb6dcajpxoapl2rsjrezh/spack-build-out.txt\n\nTraceback (most recent call last):\n  File \"/p/vast1/koparasy/BUILD/head/spack/lib/spack/spack/util/executable.py\", line 198, in __call__",
    "phase(pkg.spec, pkg.prefix)\n  File \"/p/vast1/koparasy/BUILD/head/spack/lib/spack/spack/package.py\", line 134, in phase_wrapper\n    phase(spec, prefix)\n  File \"/p/vast1/koparasy/BUILD/head/spack/var/spack/repos/builtin/packages/boost/package.py\", line 572, in install\n  File \"/p/vast1/koparasy/BUILD/head/spack/lib/spack/spack/util/executable.py\", line 232, in __call__\n    '%s: %s' % (self.exe[0], e.strerror), 'Command: ' + cmd_line_string)\nspack.util.executable.ProcessError: ./bootstrap.sh: No such file or directory: './bootstrap.sh'\n    Command: './bootstrap.sh' '--prefix=/p/vast1/koparasy/BUILD/spack_cluster_installer/quartz/mercury/spack_env_dir/linux-rhel7-broadwell/gcc-9.3.1/boost-1.34.0-rq54vbildasr54rirbtzrzmlbkcwumdi' '--with-toolset=gcc' '--with-libraries=graph,date_time,serialization,regex,test,system,math,iostreams,filesystem,signals,thread,wave,timer,program_options' '--without-icu'\n==> [2022-01-11-09:16:47.154083] Flagging boost-1.34.0-rq54vbildasr54rirbtzrzmlbkcwumdi as failed: ProcessError: ./bootstrap.sh: No such file or directory: './bootstrap.sh'\n    Command: './bootstrap.sh' '--prefix=/p/vast1/koparasy/BUILD/spack_cluster_installer/quartz/mercury/spack_env_dir/linux-rhel7-broadwell/gcc-9.3.1/boost-1.34.0-rq54vbildasr54rirbtzrzmlbkcwumdi' '--with-toolset=gcc' '--with-libraries=graph,date_time,serialization,regex,test,system,math,iostreams,filesystem,signals,thread,wave,timer,program_options' '--without-icu'\n==> [2022-01-11-09:16:47.346715] Skip view update, this environment does not maintain a view\n==> [2022-01-11-09:16:47.350835] ChildError: ProcessError: ./bootstrap.sh: No such file or directory: './bootstrap.sh'\n    Command: './bootstrap.sh' '--prefix=/p/vast1/koparasy/BUILD/spack_cluster_installer/quartz/mercury/spack_env_dir/linux-rhel7-broadwell/gcc-9.3.1/boost-1.34.0-rq54vbildasr54rirbtzrzmlbkcwumdi' '--with-toolset=gcc' '--with-libraries=graph,date_time,serialization,regex,test,system,math,iostreams,filesystem,signals,thread,wave,timer,program_options' '--without-icu'",
    "phase(spec, prefix)\n  File \"/p/vast1/koparasy/BUILD/head/spack/var/spack/repos/builtin/packages/boost/package.py\", line 572, in install\n  File \"/p/vast1/koparasy/BUILD/head/spack/lib/spack/spack/util/executable.py\", line 232, in __call__\n    '%s: %s' % (self.exe[0], e.strerror), 'Command: ' + cmd_line_string)\nspack.util.executable.ProcessError: ./bootstrap.sh: No such file or directory: './bootstrap.sh'\n    Command: './bootstrap.sh' '--prefix=/p/vast1/koparasy/BUILD/spack_cluster_installer/quartz/mercury/spack_env_dir/linux-rhel7-broadwell/gcc-9.3.1/boost-1.34.0-rq54vbildasr54rirbtzrzmlbkcwumdi' '--with-toolset=gcc' '--with-libraries=graph,date_time,serialization,regex,test,system,math,iostreams,filesystem,signals,thread,wave,timer,program_options' '--without-icu'\n==> [2022-01-11-09:16:47.154083] Flagging boost-1.34.0-rq54vbildasr54rirbtzrzmlbkcwumdi as failed: ProcessError: ./bootstrap.sh: No such file or directory: './bootstrap.sh'\n    Command: './bootstrap.sh' '--prefix=/p/vast1/koparasy/BUILD/spack_cluster_installer/quartz/mercury/spack_env_dir/linux-rhel7-broadwell/gcc-9.3.1/boost-1.34.0-rq54vbildasr54rirbtzrzmlbkcwumdi' '--with-toolset=gcc' '--with-libraries=graph,date_time,serialization,regex,test,system,math,iostreams,filesystem,signals,thread,wave,timer,program_options' '--without-icu'\n==> [2022-01-11-09:16:47.346715] Skip view update, this environment does not maintain a view\n==> [2022-01-11-09:16:47.350835] ChildError: ProcessError: ./bootstrap.sh: No such file or directory: './bootstrap.sh'\n    Command: './bootstrap.sh' '--prefix=/p/vast1/koparasy/BUILD/spack_cluster_installer/quartz/mercury/spack_env_dir/linux-rhel7-broadwell/gcc-9.3.1/boost-1.34.0-rq54vbildasr54rirbtzrzmlbkcwumdi' '--with-toolset=gcc' '--with-libraries=graph,date_time,serialization,regex,test,system,math,iostreams,filesystem,signals,thread,wave,timer,program_options' '--without-icu'",
    "'%s: %s' % (self.exe[0], e.strerror), 'Command: ' + cmd_line_string)\nspack.util.executable.ProcessError: ./bootstrap.sh: No such file or directory: './bootstrap.sh'\n    Command: './bootstrap.sh' '--prefix=/p/vast1/koparasy/BUILD/spack_cluster_installer/quartz/mercury/spack_env_dir/linux-rhel7-broadwell/gcc-9.3.1/boost-1.34.0-rq54vbildasr54rirbtzrzmlbkcwumdi' '--with-toolset=gcc' '--with-libraries=graph,date_time,serialization,regex,test,system,math,iostreams,filesystem,signals,thread,wave,timer,program_options' '--without-icu'\n==> [2022-01-11-09:16:47.154083] Flagging boost-1.34.0-rq54vbildasr54rirbtzrzmlbkcwumdi as failed: ProcessError: ./bootstrap.sh: No such file or directory: './bootstrap.sh'\n    Command: './bootstrap.sh' '--prefix=/p/vast1/koparasy/BUILD/spack_cluster_installer/quartz/mercury/spack_env_dir/linux-rhel7-broadwell/gcc-9.3.1/boost-1.34.0-rq54vbildasr54rirbtzrzmlbkcwumdi' '--with-toolset=gcc' '--with-libraries=graph,date_time,serialization,regex,test,system,math,iostreams,filesystem,signals,thread,wave,timer,program_options' '--without-icu'\n==> [2022-01-11-09:16:47.346715] Skip view update, this environment does not maintain a view\n==> [2022-01-11-09:16:47.350835] ChildError: ProcessError: ./bootstrap.sh: No such file or directory: './bootstrap.sh'\n    Command: './bootstrap.sh' '--prefix=/p/vast1/koparasy/BUILD/spack_cluster_installer/quartz/mercury/spack_env_dir/linux-rhel7-broadwell/gcc-9.3.1/boost-1.34.0-rq54vbildasr54rirbtzrzmlbkcwumdi' '--with-toolset=gcc' '--with-libraries=graph,date_time,serialization,regex,test,system,math,iostreams,filesystem,signals,thread,wave,timer,program_options' '--without-icu'",
    "==> [2022-01-17-10:34:23.073195] found raw link dirs: /usr/tce/packages/gcc/gcc-9.3.1/rh/usr/bin/../lib/gcc/x86_64-redhat-linux/9, /usr/tce/packages/gcc/gcc-9.3.1/rh/usr/bin/../lib/gcc, /usr/tce/packages/gcc/gcc-9.3.1/rh/usr/bin/../lib/gcc/x86_64-redhat-linux/9/../../../../lib64, /lib/../lib64, /usr/lib/../lib64, /usr/tce/packages/gcc/gcc-9.3.1/rh/usr/bin/../lib/gcc/x86_64-redhat-linux/9/../../..\n==> [2022-01-17-10:34:23.073348] found link dirs: /usr/tce/packages/gcc/gcc-9.3.1/rh/usr/lib/gcc/x86_64-redhat-linux/9, /usr/tce/packages/gcc/gcc-9.3.1/rh/usr/lib/gcc, /usr/tce/packages/gcc/gcc-9.3.1/rh/usr/lib64, /lib64, /usr/lib64, /usr/tce/packages/gcc/gcc-9.3.1/rh/usr/lib\n==> [2022-01-17-10:34:23.332931] Staging archive: /var/tmp/koparasy/spack-stage/spack-stage-boost-1.34.0-r44fmlvgx7eeb6dcajpxoapl2rsjrezh/boost_1_34_0.tar.bz2\n==> [2022-01-17-10:34:23.499790] '/usr/bin/tar' '-oxf' '/var/tmp/koparasy/spack-stage/spack-stage-boost-1.34.0-r44fmlvgx7eeb6dcajpxoapl2rsjrezh/boost_1_34_0.tar.bz2'\n==> [2022-01-17-10:34:26.415074] Created stage in /var/tmp/koparasy/spack-stage/spack-stage-boost-1.34.0-r44fmlvgx7eeb6dcajpxoapl2rsjrezh\n==> [2022-01-17-10:34:26.416252] boost: Building boost-1.34.0-rq54vbildasr54rirbtzrzmlbkcwumdi [Package]\n==> [2022-01-17-10:34:27.490726] Error: ProcessError: ./bootstrap.sh: No such file or directory: './bootstrap.sh'\n    Command: './bootstrap.sh' '--prefix=/p/vast1/koparasy/BUILD/spack_cluster_installer/quartz/veloc/spack_env_dir/linux-rhel7-broadwell/gcc-9.3.1/boost-1.34.0-rq54vbildasr54rirbtzrzmlbkcwumdi' '--with-toolset=gcc' '--with-libraries=serialization,signals,test,filesystem,math,program_options,timer,graph,date_time,thread,system,wave,iostreams,regex' '--without-icu'\nSee build log for details:\n  /var/tmp/koparasy/spack-stage/spack-stage-boost-1.34.0-r44fmlvgx7eeb6dcajpxoapl2rsjrezh/spack-build-out.txt\n\nTraceback (most recent call last):\n  File \"/p/vast1/koparasy/BUILD/head/spack/lib/spack/spack/util/executable.py\", line 198, in __call__",
    "phase(pkg.spec, pkg.prefix)\n  File \"/p/vast1/koparasy/BUILD/head/spack/lib/spack/spack/package.py\", line 134, in phase_wrapper\n    phase(spec, prefix)\n  File \"/p/vast1/koparasy/BUILD/head/spack/var/spack/repos/builtin/packages/boost/package.py\", line 572, in install\n  File \"/p/vast1/koparasy/BUILD/head/spack/lib/spack/spack/util/executable.py\", line 232, in __call__\n    '%s: %s' % (self.exe[0], e.strerror), 'Command: ' + cmd_line_string)\nspack.util.executable.ProcessError: ./bootstrap.sh: No such file or directory: './bootstrap.sh'\n    Command: './bootstrap.sh' '--prefix=/p/vast1/koparasy/BUILD/spack_cluster_installer/quartz/veloc/spack_env_dir/linux-rhel7-broadwell/gcc-9.3.1/boost-1.34.0-rq54vbildasr54rirbtzrzmlbkcwumdi' '--with-toolset=gcc' '--with-libraries=serialization,signals,test,filesystem,math,program_options,timer,graph,date_time,thread,system,wave,iostreams,regex' '--without-icu'\n==> [2022-01-17-10:34:27.507079] Flagging boost-1.34.0-rq54vbildasr54rirbtzrzmlbkcwumdi as failed: ProcessError: ./bootstrap.sh: No such file or directory: './bootstrap.sh'\n    Command: './bootstrap.sh' '--prefix=/p/vast1/koparasy/BUILD/spack_cluster_installer/quartz/veloc/spack_env_dir/linux-rhel7-broadwell/gcc-9.3.1/boost-1.34.0-rq54vbildasr54rirbtzrzmlbkcwumdi' '--with-toolset=gcc' '--with-libraries=serialization,signals,test,filesystem,math,program_options,timer,graph,date_time,thread,system,wave,iostreams,regex' '--without-icu'\n==> [2022-01-17-10:34:28.175672] Skip view update, this environment does not maintain a view\n==> [2022-01-17-10:34:28.177273] ChildError: ProcessError: ./bootstrap.sh: No such file or directory: './bootstrap.sh'\n    Command: './bootstrap.sh' '--prefix=/p/vast1/koparasy/BUILD/spack_cluster_installer/quartz/veloc/spack_env_dir/linux-rhel7-broadwell/gcc-9.3.1/boost-1.34.0-rq54vbildasr54rirbtzrzmlbkcwumdi' '--with-toolset=gcc' '--with-libraries=serialization,signals,test,filesystem,math,program_options,timer,graph,date_time,thread,system,wave,iostreams,regex' '--without-icu'",
    "phase(spec, prefix)\n  File \"/p/vast1/koparasy/BUILD/head/spack/var/spack/repos/builtin/packages/boost/package.py\", line 572, in install\n  File \"/p/vast1/koparasy/BUILD/head/spack/lib/spack/spack/util/executable.py\", line 232, in __call__\n    '%s: %s' % (self.exe[0], e.strerror), 'Command: ' + cmd_line_string)\nspack.util.executable.ProcessError: ./bootstrap.sh: No such file or directory: './bootstrap.sh'\n    Command: './bootstrap.sh' '--prefix=/p/vast1/koparasy/BUILD/spack_cluster_installer/quartz/veloc/spack_env_dir/linux-rhel7-broadwell/gcc-9.3.1/boost-1.34.0-rq54vbildasr54rirbtzrzmlbkcwumdi' '--with-toolset=gcc' '--with-libraries=serialization,signals,test,filesystem,math,program_options,timer,graph,date_time,thread,system,wave,iostreams,regex' '--without-icu'\n==> [2022-01-17-10:34:27.507079] Flagging boost-1.34.0-rq54vbildasr54rirbtzrzmlbkcwumdi as failed: ProcessError: ./bootstrap.sh: No such file or directory: './bootstrap.sh'\n    Command: './bootstrap.sh' '--prefix=/p/vast1/koparasy/BUILD/spack_cluster_installer/quartz/veloc/spack_env_dir/linux-rhel7-broadwell/gcc-9.3.1/boost-1.34.0-rq54vbildasr54rirbtzrzmlbkcwumdi' '--with-toolset=gcc' '--with-libraries=serialization,signals,test,filesystem,math,program_options,timer,graph,date_time,thread,system,wave,iostreams,regex' '--without-icu'\n==> [2022-01-17-10:34:28.175672] Skip view update, this environment does not maintain a view\n==> [2022-01-17-10:34:28.177273] ChildError: ProcessError: ./bootstrap.sh: No such file or directory: './bootstrap.sh'\n    Command: './bootstrap.sh' '--prefix=/p/vast1/koparasy/BUILD/spack_cluster_installer/quartz/veloc/spack_env_dir/linux-rhel7-broadwell/gcc-9.3.1/boost-1.34.0-rq54vbildasr54rirbtzrzmlbkcwumdi' '--with-toolset=gcc' '--with-libraries=serialization,signals,test,filesystem,math,program_options,timer,graph,date_time,thread,system,wave,iostreams,regex' '--without-icu'",
    "'%s: %s' % (self.exe[0], e.strerror), 'Command: ' + cmd_line_string)\nspack.util.executable.ProcessError: ./bootstrap.sh: No such file or directory: './bootstrap.sh'\n    Command: './bootstrap.sh' '--prefix=/p/vast1/koparasy/BUILD/spack_cluster_installer/quartz/veloc/spack_env_dir/linux-rhel7-broadwell/gcc-9.3.1/boost-1.34.0-rq54vbildasr54rirbtzrzmlbkcwumdi' '--with-toolset=gcc' '--with-libraries=serialization,signals,test,filesystem,math,program_options,timer,graph,date_time,thread,system,wave,iostreams,regex' '--without-icu'\n==> [2022-01-17-10:34:27.507079] Flagging boost-1.34.0-rq54vbildasr54rirbtzrzmlbkcwumdi as failed: ProcessError: ./bootstrap.sh: No such file or directory: './bootstrap.sh'\n    Command: './bootstrap.sh' '--prefix=/p/vast1/koparasy/BUILD/spack_cluster_installer/quartz/veloc/spack_env_dir/linux-rhel7-broadwell/gcc-9.3.1/boost-1.34.0-rq54vbildasr54rirbtzrzmlbkcwumdi' '--with-toolset=gcc' '--with-libraries=serialization,signals,test,filesystem,math,program_options,timer,graph,date_time,thread,system,wave,iostreams,regex' '--without-icu'\n==> [2022-01-17-10:34:28.175672] Skip view update, this environment does not maintain a view\n==> [2022-01-17-10:34:28.177273] ChildError: ProcessError: ./bootstrap.sh: No such file or directory: './bootstrap.sh'\n    Command: './bootstrap.sh' '--prefix=/p/vast1/koparasy/BUILD/spack_cluster_installer/quartz/veloc/spack_env_dir/linux-rhel7-broadwell/gcc-9.3.1/boost-1.34.0-rq54vbildasr54rirbtzrzmlbkcwumdi' '--with-toolset=gcc' '--with-libraries=serialization,signals,test,filesystem,math,program_options,timer,graph,date_time,thread,system,wave,iostreams,regex' '--without-icu'"
]