[
    "7c3mjdq27rpzfy3aiatui/spack-src/src/kernels/builtin/env_module.F90:\n            42:10:\n     934\n     935       42 |       use mpi_f08, only: MPI_Comm\n     936          |          1\n  >> 937    Fatal Error: Cannot open module file 'mpi_f08.mod' for reading at (\n1): No such file or directory\n     938    compilation terminated.\n  >> 939    make[3]: *** [CMakeFiles/phist_kernels_builtin.dir/src/kernels/buil\n            tin/env_module.F90.o] Error 1\n     940    make[3]: Leaving directory `/tmp/koparasy/spack-stage/spack-stage-p\n            hist-develop-s2lq47iurdp7c3mjdq27rpzfy3aiatui/spack-build-s2lq47i'\n  >> 941    make[2]: *** [CMakeFiles/phist_kernels_builtin.dir/src/kernels/buil",
    "7c3mjdq27rpzfy3aiatui/spack-src/src/kernels/builtin/map_module.F90:\n            26:6:\n     946\n     947       26 |   use mpi_f08, only: MPI_Comm\n     948          |      1\n  >> 949    Fatal Error: Cannot open module file 'mpi_f08.mod' for reading at (\n1): No such file or directory\n     950    compilation terminated.\n  >> 951    make[3]: *** [CMakeFiles/phist_kernels_builtin.dir/src/kernels/buil\n            tin/map_module.F90.o] Error 1\n     952    make[3]: Leaving directory `/tmp/koparasy/spack-stage/spack-stage-p\n            hist-develop-s2lq47iurdp7c3mjdq27rpzfy3aiatui/spack-build-s2lq47i'\n  >> 953    make[2]: *** [CMakeFiles/phist_kernels_builtin.dir/src/kernels/buil",
    "oh265r6nv2wcpagmx4/bin/cmake -E touch CMakeFiles/phist_kernels_buil\n            tin.dir/src/kernels/builtin/mrgrnk.F90.o.provides.build\n     956    make[3]: Leaving directory `/tmp/koparasy/spack-stage/spack-stage-p\n            hist-develop-s2lq47iurdp7c3mjdq27rpzfy3aiatui/spack-build-s2lq47i'\n     957    make[2]: Leaving directory `/tmp/koparasy/spack-stage/spack-stage-p\n            hist-develop-s2lq47iurdp7c3mjdq27rpzfy3aiatui/spack-build-s2lq47i'\n>> 958    make[1]: *** [CMakeFiles/phist_kernels_builtin.dir/all] Error 2\n     959    make[1]: Leaving directory `/tmp/koparasy/spack-stage/spack-stage-p\n            hist-develop-s2lq47iurdp7c3mjdq27rpzfy3aiatui/spack-build-s2lq47i'\n  >> 960    make: *** [all] Error 2\n\nSee build log for details:\n  /var/tmp/koparasy/spack-stage/spack-stage-phist-develop-s2lq47iurdp7c3mjdq27rpzfy3aiatui/spack-build-out.txt",
    "hist-develop-s2lq47iurdp7c3mjdq27rpzfy3aiatui/spack-build-s2lq47i'\n     957    make[2]: Leaving directory `/tmp/koparasy/spack-stage/spack-stage-p\n            hist-develop-s2lq47iurdp7c3mjdq27rpzfy3aiatui/spack-build-s2lq47i'\n  >> 958    make[1]: *** [CMakeFiles/phist_kernels_builtin.dir/all] Error 2\n     959    make[1]: Leaving directory `/tmp/koparasy/spack-stage/spack-stage-p\n            hist-develop-s2lq47iurdp7c3mjdq27rpzfy3aiatui/spack-build-s2lq47i'\n>> 960    make: *** [all] Error 2\n\nSee build log for details:\n  /var/tmp/koparasy/spack-stage/spack-stage-phist-develop-s2lq47iurdp7c3mjdq27rpzfy3aiatui/spack-build-out.txt\n\nTraceback (most recent call last):\n  File \"/p/vast1/koparasy/BUILD/head/spack/lib/spack/spack/build_environment.py\", line 1035, in _setup_pkg_and_run"
]