[
    "228     checking for C compiler flag --param max-inline-insns-single=35000\n             ... checking for C compiler flag --param max-inline-insns-single=3\n             5000... yes\n     229     yes\n  >> 230     checking for C compiler flag --param max-inline-insns=100000... ch\n             ecking for C compiler flag --param max-inline-insns=100000... no/e\nrror: cc1: error: invalid --param name 'max-inline-insns'; did you\n              mean 'max-combine-insns'?\n  >> 231     no/error: cc1: error: invalid --param name 'max-inline-insns'; did\n              you mean 'max-combine-insns'?\n     232     checking for C compiler flag --param inline-unit-growth=10000... c\n             hecking for C compiler flag --param inline-unit-growth=10000... ye\n             s",
    "5000... yes\n     229     yes\n  >> 230     checking for C compiler flag --param max-inline-insns=100000... ch\n             ecking for C compiler flag --param max-inline-insns=100000... no/e\n             rror: cc1: error: invalid --param name 'max-inline-insns'; did you\n              mean 'max-combine-insns'?\n>> 231     no/error: cc1: error: invalid --param name 'max-inline-insns'; did\n              you mean 'max-combine-insns'?\n     232     checking for C compiler flag --param inline-unit-growth=10000... c\n             hecking for C compiler flag --param inline-unit-growth=10000... ye\n             s\n     233     yes\n     234     checking for C compiler flag --param large-function-growth=200000.",
    "-2020.11.0-rzlr6hxdrhy75qeuxbjkqfxq2gk7frd3/gasnet.opt/bin'\n  >> 3154    /usr/bin/install: cannot change permissions of '/p/vast1/koparasy/\n             BUILD/spack_cluster_installer/quartz/upcxx/spack_env_dir/linux-rhe\n             l7-broadwell/gcc-9.3.1/upcxx-2020.11.0-rzlr6hxdrhy75qeuxbjkqfxq2gk\n             7frd3/gasnet.debug/include/gasnet_atomic_bits.h': No such file or\n             directory\n>> 3155    make[5]: *** [install-data-local] Error 1\n     3156    make[5]: *** Waiting for unfinished jobs....\n     3157     /usr/bin/install -c -m 644 gasnetrun_mpi.pl '/p/vast1/koparasy/BU\n             ILD/spack_cluster_installer/quartz/upcxx/spack_env_dir/linux-rhel7\n             -broadwell/gcc-9.3.1/upcxx-2020.11.0-rzlr6hxdrhy75qeuxbjkqfxq2gk7f\n             rd3/gasnet.opt/bin'\n     3158    /bin/sh /tmp/koparasy/spack-stage/spack-stage-upcxx-2020.11.0-3swv",
    "3181    + /usr/bin/install -c -m 644 /tmp/koparasy/spack-stage/spack-stage\n             -upcxx-2020.11.0-3swvewhxpsyekuz62hoq2ti5tlpjdse6/spack-src/bld/GA\n             SNet-2020.11.0-memory_kinds_prototype/gasnet_help.h /p/vast1/kopar\n             asy/BUILD/spack_cluster_installer/quartz/upcxx/spack_env_dir/linux\n             -rhel7-broadwell/gcc-9.3.1/upcxx-2020.11.0-rzlr6hxdrhy75qeuxbjkqfx\n             q2gk7frd3/gasnet.opt/include/gasnet_help.h\n>> 3182    make[4]: *** [install-am] Error 2\n  >> 3183    make[3]: *** [install-recursive] Error 1\n  >> 3184    make[2]: *** [do-gasnet-install-debug] Error 2\n     3185    make[2]: *** Waiting for unfinished jobs....\n     3186    + /usr/bin/install -c -m 644 /tmp/koparasy/spack-stage/spack-stage\n             -upcxx-2020.11.0-3swvewhxpsyekuz62hoq2ti5tlpjdse6/spack-src/bld/GA\n             SNet-2020.11.0-memory_kinds_prototype/gasnet_membar.h /p/vast1/kop",
    "-upcxx-2020.11.0-3swvewhxpsyekuz62hoq2ti5tlpjdse6/spack-src/bld/GA\n             SNet-2020.11.0-memory_kinds_prototype/gasnet_help.h /p/vast1/kopar\n             asy/BUILD/spack_cluster_installer/quartz/upcxx/spack_env_dir/linux\n             -rhel7-broadwell/gcc-9.3.1/upcxx-2020.11.0-rzlr6hxdrhy75qeuxbjkqfx\n             q2gk7frd3/gasnet.opt/include/gasnet_help.h\n  >> 3182    make[4]: *** [install-am] Error 2\n>> 3183    make[3]: *** [install-recursive] Error 1\n  >> 3184    make[2]: *** [do-gasnet-install-debug] Error 2\n     3185    make[2]: *** Waiting for unfinished jobs....\n     3186    + /usr/bin/install -c -m 644 /tmp/koparasy/spack-stage/spack-stage\n             -upcxx-2020.11.0-3swvewhxpsyekuz62hoq2ti5tlpjdse6/spack-src/bld/GA\n             SNet-2020.11.0-memory_kinds_prototype/gasnet_membar.h /p/vast1/kop\n             arasy/BUILD/spack_cluster_installer/quartz/upcxx/spack_env_dir/lin",
    "SNet-2020.11.0-memory_kinds_prototype/gasnet_help.h /p/vast1/kopar\n             asy/BUILD/spack_cluster_installer/quartz/upcxx/spack_env_dir/linux\n             -rhel7-broadwell/gcc-9.3.1/upcxx-2020.11.0-rzlr6hxdrhy75qeuxbjkqfx\n             q2gk7frd3/gasnet.opt/include/gasnet_help.h\n  >> 3182    make[4]: *** [install-am] Error 2\n  >> 3183    make[3]: *** [install-recursive] Error 1\n>> 3184    make[2]: *** [do-gasnet-install-debug] Error 2\n     3185    make[2]: *** Waiting for unfinished jobs....\n     3186    + /usr/bin/install -c -m 644 /tmp/koparasy/spack-stage/spack-stage\n             -upcxx-2020.11.0-3swvewhxpsyekuz62hoq2ti5tlpjdse6/spack-src/bld/GA\n             SNet-2020.11.0-memory_kinds_prototype/gasnet_membar.h /p/vast1/kop\n             arasy/BUILD/spack_cluster_installer/quartz/upcxx/spack_env_dir/lin\n             ux-rhel7-broadwell/gcc-9.3.1/upcxx-2020.11.0-rzlr6hxdrhy75qeuxbjkq",
    "cxx/spack_env_dir/linux-rhel7-broadwell/gcc-9.3.1/upcxx-2020.11.0-\n             rzlr6hxdrhy75qeuxbjkqfxq2gk7frd3/gasnet.opt/lib/pkgconfig/gasnet_t\n             ools-par.pc from /p/vast1/koparasy/BUILD/spack_cluster_installer/q\n             uartz/upcxx/spack_env_dir/linux-rhel7-broadwell/gcc-9.3.1/upcxx-20\n             20.11.0-rzlr6hxdrhy75qeuxbjkqfxq2gk7frd3/gasnet.opt/include/gasnet\n             _tools-par.mak...\n>> 3200    make[1]: *** [install] Error 2\n     3201\n     3202    ********\n     3203    UPC++ installation failed. Please report the ENTIRE log above to:\n             upcxx@googlegroups.com\n     3204    ********\n     3205",
    "3201\n     3202    ********\n     3203    UPC++ installation failed. Please report the ENTIRE log above to:\n             upcxx@googlegroups.com\n     3204    ********\n     3205\n>> 3206    make[1]: *** [failure] Error 1\n  >> 3207    make: *** [install] Error 2\n\nSee build log for details:\n  /var/tmp/koparasy/spack-stage/spack-stage-upcxx-2020.11.0-3swvewhxpsyekuz62hoq2ti5tlpjdse6/spack-build-out.txt\n\nTraceback (most recent call last):",
    "3202    ********\n     3203    UPC++ installation failed. Please report the ENTIRE log above to:\n             upcxx@googlegroups.com\n     3204    ********\n     3205\n  >> 3206    make[1]: *** [failure] Error 1\n>> 3207    make: *** [install] Error 2\n\nSee build log for details:\n  /var/tmp/koparasy/spack-stage/spack-stage-upcxx-2020.11.0-3swvewhxpsyekuz62hoq2ti5tlpjdse6/spack-build-out.txt\n\nTraceback (most recent call last):\n  File \"/p/vast1/koparasy/BUILD/head/spack/lib/spack/spack/build_environment.py\", line 1035, in _setup_pkg_and_run"
]