[
    "121\n     122    Current thread 0x00002aaaaab16940 (most recent call first):\n     123    /bin/sh: line 1: 61598 Aborted                 (core dumped) /usr/t\n            ce/bin/python3 /tmp/koparasy/spack-stage/spack-stage-phist-1.7.3-g4\n            bjvmsw2mglcx3jmpzqbmy7njur25oz/spack-build-g4bjvms/cxx_bindings/mak\n            e_cxx_bindings.py\n>> 124    make[2]: *** [cxx_bindings/phist_kernels.hpp] Error 134\n     125    make[2]: Leaving directory `/tmp/koparasy/spack-stage/spack-stage-p\n            hist-1.7.3-g4bjvmsw2mglcx3jmpzqbmy7njur25oz/spack-build-g4bjvms'\n  >> 126    make[1]: *** [cxx_bindings/CMakeFiles/cxx_headers.dir/all] Error 2\n     127    make[1]: Leaving directory `/tmp/koparasy/spack-stage/spack-stage-p\n            hist-1.7.3-g4bjvmsw2mglcx3jmpzqbmy7njur25oz/spack-build-g4bjvms'\n  >> 128    make: *** [all] Error 2",
    "ce/bin/python3 /tmp/koparasy/spack-stage/spack-stage-phist-1.7.3-g4\n            bjvmsw2mglcx3jmpzqbmy7njur25oz/spack-build-g4bjvms/cxx_bindings/mak\n            e_cxx_bindings.py\n  >> 124    make[2]: *** [cxx_bindings/phist_kernels.hpp] Error 134\n     125    make[2]: Leaving directory `/tmp/koparasy/spack-stage/spack-stage-p\n            hist-1.7.3-g4bjvmsw2mglcx3jmpzqbmy7njur25oz/spack-build-g4bjvms'\n>> 126    make[1]: *** [cxx_bindings/CMakeFiles/cxx_headers.dir/all] Error 2\n     127    make[1]: Leaving directory `/tmp/koparasy/spack-stage/spack-stage-p\n            hist-1.7.3-g4bjvmsw2mglcx3jmpzqbmy7njur25oz/spack-build-g4bjvms'\n  >> 128    make: *** [all] Error 2\n\nSee build log for details:\n  /var/tmp/koparasy/spack-stage/spack-stage-phist-1.7.3-g4bjvmsw2mglcx3jmpzqbmy7njur25oz/spack-build-out.txt",
    ">> 124    make[2]: *** [cxx_bindings/phist_kernels.hpp] Error 134\n     125    make[2]: Leaving directory `/tmp/koparasy/spack-stage/spack-stage-p\n            hist-1.7.3-g4bjvmsw2mglcx3jmpzqbmy7njur25oz/spack-build-g4bjvms'\n  >> 126    make[1]: *** [cxx_bindings/CMakeFiles/cxx_headers.dir/all] Error 2\n     127    make[1]: Leaving directory `/tmp/koparasy/spack-stage/spack-stage-p\n            hist-1.7.3-g4bjvmsw2mglcx3jmpzqbmy7njur25oz/spack-build-g4bjvms'\n>> 128    make: *** [all] Error 2\n\nSee build log for details:\n  /var/tmp/koparasy/spack-stage/spack-stage-phist-1.7.3-g4bjvmsw2mglcx3jmpzqbmy7njur25oz/spack-build-out.txt\n\nTraceback (most recent call last):\n  File \"/p/vast1/koparasy/BUILD/head/spack/lib/spack/spack/build_environment.py\", line 1035, in _setup_pkg_and_run"
]