[
    "ing not a structure or union\n     2529      175 |   if (lu->options.PrintStat) PStatPrint(&lu->options, &sta\n             t, &lu->grid);      /* Print the statistics. */\n     2530          |                  ^\n     2531    /tmp/koparasy/spack-stage/spack-stage-petsc-3.6.4-fpqq6a63tcbvka53\n             bkcn5jm3usxqvqxp/spack-src/src/mat/impls/aij/mpi/superlu_dist/supe\nrlu_dist.c:175:41: warning: passing argument 1 of 'PStatPrint' fro\n             m incompatible pointer type [-Wincompatible-pointer-types]\n     2532      175 |   if (lu->options.PrintStat) PStatPrint(&lu->options, &sta\n             t, &lu->grid);      /* Print the statistics. */\n     2533          |                                         ^~~~~~~~~~~~\n     2534          |                                         |",
    "ing not a structure or union\n     2724      252 |   if (lu->options.PrintStat) PStatPrint(&lu->options, &sta\n             t, &lu->grid); /* Print the statistics. */\n     2725          |                  ^\n     2726    /tmp/koparasy/spack-stage/spack-stage-petsc-3.6.4-fpqq6a63tcbvka53\n             bkcn5jm3usxqvqxp/spack-src/src/mat/impls/aij/mpi/superlu_dist/supe\nrlu_dist.c:252:41: warning: passing argument 1 of 'PStatPrint' fro\n             m incompatible pointer type [-Wincompatible-pointer-types]\n     2727      252 |   if (lu->options.PrintStat) PStatPrint(&lu->options, &sta\n             t, &lu->grid); /* Print the statistics. */\n     2728          |                                         ^~~~~~~~~~~~\n     2729          |                                         |",
    "rlu_dist.c:431:18: error: request for member 'PrintStat' in someth\n             ing not a structure or union\n     2891      431 |   if (lu->options.PrintStat) {\n     2892          |                  ^\n     2893    /tmp/koparasy/spack-stage/spack-stage-petsc-3.6.4-fpqq6a63tcbvka53\n             bkcn5jm3usxqvqxp/spack-src/src/mat/impls/aij/mpi/superlu_dist/supe\nrlu_dist.c:432:16: warning: passing argument 1 of 'PStatPrint' fro\n             m incompatible pointer type [-Wincompatible-pointer-types]\n     2894      432 |     PStatPrint(&lu->options, &stat, &lu->grid);  /* Print\n             the statistics. */\n     2895          |                ^~~~~~~~~~~~\n     2896          |                |\n     2897          |                int *",
    "c-9.3.1/openmpi-4.1.2-jav4wqudjcg7dsjv2bfmiftfzddznkg3/include\n             -MMD -MP /tmp/koparasy/spack-stage/spack-stage-petsc-3.6.4-fpqq6a6\n             3tcbvka53bkcn5jm3usxqvqxp/spack-src/src/dm/impls/da/daindex.c -o a\n             rch-linux2-c-opt/obj/src/dm/impls/da/daindex.o\n     2932    /tmp/koparasy/spack-stage/spack-stage-petsc-3.6.4-fpqq6a63tcbvka53\n             bkcn5jm3usxqvqxp/spack-src/src/mat/impls/aij/mpi/superlu_dist/supe\nrlu_dist.c:525:28: warning: passing argument 1 of 'set_default_opt\n             ions_dist' from incompatible pointer type [-Wincompatible-pointer-\n             types]\n     2933      525 |   set_default_options_dist(&options);\n\n     ...",
    "c-9.3.1/openmpi-4.1.2-jav4wqudjcg7dsjv2bfmiftfzddznkg3/include\n             -MMD -MP /tmp/koparasy/spack-stage/spack-stage-petsc-3.6.4-fpqq6a6\n             3tcbvka53bkcn5jm3usxqvqxp/spack-src/src/dm/impls/da/daghost.c -o a\n             rch-linux2-c-opt/obj/src/dm/impls/da/daghost.o\n  >> 2268    /tmp/koparasy/spack-stage/spack-stage-petsc-3.6.4-fpqq6a63tcbvka53\n             bkcn5jm3usxqvqxp/spack-src/src/mat/impls/aij/mpi/superlu_dist/supe\nrlu_dist.c:35:3: error: unknown type name 'superlu_options_t'\n     2269       35 |   superlu_options_t    options;\n     2270          |   ^~~~~~~~~~~~~~~~~\n  >> 2271    /tmp/koparasy/spack-stage/spack-stage-petsc-3.6.4-fpqq6a63tcbvka53\n             bkcn5jm3usxqvqxp/spack-src/src/mat/impls/aij/mpi/superlu_dist/supe\n             rlu_dist.c:37:3: error: unknown type name 'ScalePermstruct_t'\n     2272       37 |   ScalePermstruct_t    ScalePermstruct;",
    "bkcn5jm3usxqvqxp/spack-src/src/mat/impls/aij/mpi/superlu_dist/supe\n             rlu_dist.c:35:3: error: unknown type name 'superlu_options_t'\n     2269       35 |   superlu_options_t    options;\n     2270          |   ^~~~~~~~~~~~~~~~~\n  >> 2271    /tmp/koparasy/spack-stage/spack-stage-petsc-3.6.4-fpqq6a63tcbvka53\n             bkcn5jm3usxqvqxp/spack-src/src/mat/impls/aij/mpi/superlu_dist/supe\nrlu_dist.c:37:3: error: unknown type name 'ScalePermstruct_t'\n     2272       37 |   ScalePermstruct_t    ScalePermstruct;\n     2273          |   ^~~~~~~~~~~~~~~~~\n  >> 2274    /tmp/koparasy/spack-stage/spack-stage-petsc-3.6.4-fpqq6a63tcbvka53\n             bkcn5jm3usxqvqxp/spack-src/src/mat/impls/aij/mpi/superlu_dist/supe\n             rlu_dist.c:38:3: error: unknown type name 'LUstruct_t'\n     2275       38 |   LUstruct_t           LUstruct;",
    "bkcn5jm3usxqvqxp/spack-src/src/mat/impls/aij/mpi/superlu_dist/supe\n             rlu_dist.c:37:3: error: unknown type name 'ScalePermstruct_t'\n     2272       37 |   ScalePermstruct_t    ScalePermstruct;\n     2273          |   ^~~~~~~~~~~~~~~~~\n  >> 2274    /tmp/koparasy/spack-stage/spack-stage-petsc-3.6.4-fpqq6a63tcbvka53\n             bkcn5jm3usxqvqxp/spack-src/src/mat/impls/aij/mpi/superlu_dist/supe\nrlu_dist.c:38:3: error: unknown type name 'LUstruct_t'\n     2275       38 |   LUstruct_t           LUstruct;\n     2276          |   ^~~~~~~~~~\n  >> 2277    /tmp/koparasy/spack-stage/spack-stage-petsc-3.6.4-fpqq6a63tcbvka53\n             bkcn5jm3usxqvqxp/spack-src/src/mat/impls/aij/mpi/superlu_dist/supe\n             rlu_dist.c:41:3: error: unknown type name 'SOLVEstruct_t'\n     2278       41 |   SOLVEstruct_t        SOLVEstruct;",
    "bkcn5jm3usxqvqxp/spack-src/src/mat/impls/aij/mpi/superlu_dist/supe\n             rlu_dist.c:38:3: error: unknown type name 'LUstruct_t'\n     2275       38 |   LUstruct_t           LUstruct;\n     2276          |   ^~~~~~~~~~\n  >> 2277    /tmp/koparasy/spack-stage/spack-stage-petsc-3.6.4-fpqq6a63tcbvka53\n             bkcn5jm3usxqvqxp/spack-src/src/mat/impls/aij/mpi/superlu_dist/supe\nrlu_dist.c:41:3: error: unknown type name 'SOLVEstruct_t'\n     2278       41 |   SOLVEstruct_t        SOLVEstruct;\n     2279          |   ^~~~~~~~~~~~~\n     2280    /tmp/koparasy/spack-stage/spack-stage-petsc-3.6.4-fpqq6a63tcbvka53\n             bkcn5jm3usxqvqxp/spack-src/src/mat/impls/aij/mpi/superlu_dist/supe\n             rlu_dist.c: In function 'MatDestroy_SuperLU_DIST':\n  >> 2281    /tmp/koparasy/spack-stage/spack-stage-petsc-3.6.4-fpqq6a63tcbvka53",
    "2279          |   ^~~~~~~~~~~~~\n     2280    /tmp/koparasy/spack-stage/spack-stage-petsc-3.6.4-fpqq6a63tcbvka53\n             bkcn5jm3usxqvqxp/spack-src/src/mat/impls/aij/mpi/superlu_dist/supe\n             rlu_dist.c: In function 'MatDestroy_SuperLU_DIST':\n  >> 2281    /tmp/koparasy/spack-stage/spack-stage-petsc-3.6.4-fpqq6a63tcbvka53\n             bkcn5jm3usxqvqxp/spack-src/src/mat/impls/aij/mpi/superlu_dist/supe\nrlu_dist.c:85:22: error: request for member 'SolveInitialized' in\n             something not a structure or union\n     2282       85 |       if (lu->options.SolveInitialized) {\n     2283          |                      ^\n     2284    In file included from /tmp/koparasy/spack-stage/spack-stage-petsc-\n             3.6.4-fpqq6a63tcbvka53bkcn5jm3usxqvqxp/spack-src/include/petscsys.\n             h:1559,",
    "^~~~~~~\n     2347    /tmp/koparasy/spack-stage/spack-stage-petsc-3.6.4-fpqq6a63tcbvka53\n             bkcn5jm3usxqvqxp/spack-src/src/mat/impls/aij/mpi/superlu_dist/supe\n             rlu_dist.c: In function 'MatSolve_SuperLU_DIST':\n  >> 2348    /tmp/koparasy/spack-stage/spack-stage-petsc-3.6.4-fpqq6a63tcbvka53\n             bkcn5jm3usxqvqxp/spack-src/src/mat/impls/aij/mpi/superlu_dist/supe\nrlu_dist.c:144:20: error: request for member 'SolveInitialized' in\n              something not a structure or union\n     2349      144 |     if (lu->options.SolveInitialized && !lu->matsolve_isca\n             lled) {\n     2350          |                    ^\n     2351    In file included from /tmp/koparasy/spack-stage/spack-stage-petsc-\n             3.6.4-fpqq6a63tcbvka53bkcn5jm3usxqvqxp/spack-src/include/petscsys.",
    "2387      539 | extern void dSolveFinalize(superlu_dist_options_t *, dSOLV\n             Estruct_t *);\n     2388          |                                                      ^~~~~\n             ~~~~~~~~~~~\n  >> 2389    /tmp/koparasy/spack-stage/spack-stage-petsc-3.6.4-fpqq6a63tcbvka53\n             bkcn5jm3usxqvqxp/spack-src/src/mat/impls/aij/mpi/superlu_dist/supe\nrlu_dist.c:151:18: error: request for member 'SolveInitialized' in\n              something not a structure or union\n     2390      151 |       lu->options.SolveInitialized = NO;\n     2391          |                  ^\n  >> 2392    /tmp/koparasy/spack-stage/spack-stage-petsc-3.6.4-fpqq6a63tcbvka53\n             bkcn5jm3usxqvqxp/spack-src/src/mat/impls/aij/mpi/superlu_dist/supe\n             rlu_dist.c:157:18: error: request for member 'Fact' in something n",
    "rlu_dist.c:151:18: error: request for member 'SolveInitialized' in\n              something not a structure or union\n     2390      151 |       lu->options.SolveInitialized = NO;\n     2391          |                  ^\n  >> 2392    /tmp/koparasy/spack-stage/spack-stage-petsc-3.6.4-fpqq6a63tcbvka53\n             bkcn5jm3usxqvqxp/spack-src/src/mat/impls/aij/mpi/superlu_dist/supe\nrlu_dist.c:157:18: error: request for member 'Fact' in something n\n             ot a structure or union\n     2393      157 |   if (lu->options.Fact != FACTORED) SETERRQ(PETSC_COMM_SEL\n             F,PETSC_ERR_ARG_WRONG,\"SuperLU_DIST options.Fact mush equal FACTOR\n             ED\");\n     2394          |                  ^\n     2395    In file included from /tmp/koparasy/spack-stage/spack-stage-petsc-",
    "is of type 'int *'\n     2526      535 |        dSOLVEstruct_t *, double *, SuperLUStat_t *, int *)\n             ;\n     2527          |        ^~~~~~~~~~~~~~~~\n  >> 2528    /tmp/koparasy/spack-stage/spack-stage-petsc-3.6.4-fpqq6a63tcbvka53\n             bkcn5jm3usxqvqxp/spack-src/src/mat/impls/aij/mpi/superlu_dist/supe\nrlu_dist.c:175:18: error: request for member 'PrintStat' in someth\n             ing not a structure or union\n     2529      175 |   if (lu->options.PrintStat) PStatPrint(&lu->options, &sta\n             t, &lu->grid);      /* Print the statistics. */\n     2530          |                  ^\n     2531    /tmp/koparasy/spack-stage/spack-stage-petsc-3.6.4-fpqq6a63tcbvka53\n             bkcn5jm3usxqvqxp/spack-src/src/mat/impls/aij/mpi/superlu_dist/supe",
    "2541          |                         ^~~~~~~~~~~~~~~~~~~~~~~~\n     2542    /tmp/koparasy/spack-stage/spack-stage-petsc-3.6.4-fpqq6a63tcbvka53\n             bkcn5jm3usxqvqxp/spack-src/src/mat/impls/aij/mpi/superlu_dist/supe\n             rlu_dist.c: In function 'MatMatSolve_SuperLU_DIST':\n  >> 2543    /tmp/koparasy/spack-stage/spack-stage-petsc-3.6.4-fpqq6a63tcbvka53\n             bkcn5jm3usxqvqxp/spack-src/src/mat/impls/aij/mpi/superlu_dist/supe\nrlu_dist.c:209:18: error: request for member 'Fact' in something n\n             ot a structure or union\n     2544      209 |   if (lu->options.Fact != FACTORED) SETERRQ(PETSC_COMM_SEL\n             F,PETSC_ERR_ARG_WRONG,\"SuperLU_DIST options.Fact mush equal FACTOR\n             ED\");\n     2545          |                  ^\n  >> 2546    /tmp/koparasy/spack-stage/spack-stage-petsc-3.6.4-fpqq6a63tcbvka53",
    "2544      209 |   if (lu->options.Fact != FACTORED) SETERRQ(PETSC_COMM_SEL\n             F,PETSC_ERR_ARG_WRONG,\"SuperLU_DIST options.Fact mush equal FACTOR\n             ED\");\n     2545          |                  ^\n  >> 2546    /tmp/koparasy/spack-stage/spack-stage-petsc-3.6.4-fpqq6a63tcbvka53\n             bkcn5jm3usxqvqxp/spack-src/src/mat/impls/aij/mpi/superlu_dist/supe\nrlu_dist.c:218:18: error: request for member 'SolveInitialized' in\n              something not a structure or union\n     2547      218 |   if (lu->options.SolveInitialized && !lu->matmatsolve_isc\n             alled) {\n     2548          |                  ^\n     2549    In file included from /tmp/koparasy/spack-stage/spack-stage-petsc-\n             3.6.4-fpqq6a63tcbvka53bkcn5jm3usxqvqxp/spack-src/include/petscsys.",
    "2585      539 | extern void dSolveFinalize(superlu_dist_options_t *, dSOLV\n             Estruct_t *);\n     2586          |                                                      ^~~~~\n             ~~~~~~~~~~~\n  >> 2587    /tmp/koparasy/spack-stage/spack-stage-petsc-3.6.4-fpqq6a63tcbvka53\n             bkcn5jm3usxqvqxp/spack-src/src/mat/impls/aij/mpi/superlu_dist/supe\nrlu_dist.c:228:16: error: request for member 'SolveInitialized' in\n              something not a structure or union\n     2588      228 |     lu->options.SolveInitialized = NO;\n     2589          |                ^\n     2590    In file included from /tmp/koparasy/spack-stage/spack-stage-petsc-\n             3.6.4-fpqq6a63tcbvka53bkcn5jm3usxqvqxp/spack-src/include/petscsys.\n             h:1559,",
    "is of type 'int *'\n     2721      535 |        dSOLVEstruct_t *, double *, SuperLUStat_t *, int *)\n             ;\n     2722          |        ^~~~~~~~~~~~~~~~\n  >> 2723    /tmp/koparasy/spack-stage/spack-stage-petsc-3.6.4-fpqq6a63tcbvka53\n             bkcn5jm3usxqvqxp/spack-src/src/mat/impls/aij/mpi/superlu_dist/supe\nrlu_dist.c:252:18: error: request for member 'PrintStat' in someth\n             ing not a structure or union\n     2724      252 |   if (lu->options.PrintStat) PStatPrint(&lu->options, &sta\n             t, &lu->grid); /* Print the statistics. */\n     2725          |                  ^\n     2726    /tmp/koparasy/spack-stage/spack-stage-petsc-3.6.4-fpqq6a63tcbvka53\n             bkcn5jm3usxqvqxp/spack-src/src/mat/impls/aij/mpi/superlu_dist/supe",
    "2735          |                         ^~~~~~~~~~~~~~~~~~~~~~~~\n     2736    /tmp/koparasy/spack-stage/spack-stage-petsc-3.6.4-fpqq6a63tcbvka53\n             bkcn5jm3usxqvqxp/spack-src/src/mat/impls/aij/mpi/superlu_dist/supe\n             rlu_dist.c: In function 'MatLUFactorNumeric_SuperLU_DIST':\n  >> 2737    /tmp/koparasy/spack-stage/spack-stage-petsc-3.6.4-fpqq6a63tcbvka53\n             bkcn5jm3usxqvqxp/spack-src/src/mat/impls/aij/mpi/superlu_dist/supe\nrlu_dist.c:306:20: error: request for member 'Fact' in something n\n             ot a structure or union\n     2738      306 |     if (lu->options.Fact != DOFACT) {/* successive numeric\n              factorization, sparsity pattern is reused. */\n     2739          |                    ^\n  >> 2740    /tmp/koparasy/spack-stage/spack-stage-petsc-3.6.4-fpqq6a63tcbvka53\n             bkcn5jm3usxqvqxp/spack-src/src/mat/impls/aij/mpi/superlu_dist/supe",
    "ot a structure or union\n     2738      306 |     if (lu->options.Fact != DOFACT) {/* successive numeric\n              factorization, sparsity pattern is reused. */\n     2739          |                    ^\n  >> 2740    /tmp/koparasy/spack-stage/spack-stage-petsc-3.6.4-fpqq6a63tcbvka53\n             bkcn5jm3usxqvqxp/spack-src/src/mat/impls/aij/mpi/superlu_dist/supe\nrlu_dist.c:309:20: error: request for member 'Fact' in something n\n             ot a structure or union\n     2741      309 |         lu->options.Fact = SamePattern_SameRowPerm; /* mat\n             rix has similar numerical values */\n     2742          |                    ^\n  >> 2743    /tmp/koparasy/spack-stage/spack-stage-petsc-3.6.4-fpqq6a63tcbvka53\n             bkcn5jm3usxqvqxp/spack-src/src/mat/impls/aij/mpi/superlu_dist/supe",
    "ot a structure or union\n     2741      309 |         lu->options.Fact = SamePattern_SameRowPerm; /* mat\n             rix has similar numerical values */\n     2742          |                    ^\n  >> 2743    /tmp/koparasy/spack-stage/spack-stage-petsc-3.6.4-fpqq6a63tcbvka53\n             bkcn5jm3usxqvqxp/spack-src/src/mat/impls/aij/mpi/superlu_dist/supe\nrlu_dist.c:312:20: error: request for member 'Fact' in something n\n             ot a structure or union\n     2744      312 |         lu->options.Fact = SamePattern;\n     2745          |                    ^\n  >> 2746    /tmp/koparasy/spack-stage/spack-stage-petsc-3.6.4-fpqq6a63tcbvka53\n             bkcn5jm3usxqvqxp/spack-src/src/mat/impls/aij/mpi/superlu_dist/supe\n             rlu_dist.c:344:20: error: request for member 'Fact' in something n",
    "rlu_dist.c:312:20: error: request for member 'Fact' in something n\n             ot a structure or union\n     2744      312 |         lu->options.Fact = SamePattern;\n     2745          |                    ^\n  >> 2746    /tmp/koparasy/spack-stage/spack-stage-petsc-3.6.4-fpqq6a63tcbvka53\n             bkcn5jm3usxqvqxp/spack-src/src/mat/impls/aij/mpi/superlu_dist/supe\nrlu_dist.c:344:20: error: request for member 'Fact' in something n\n             ot a structure or union\n     2747      344 |     if (lu->options.Fact == DOFACT) { /* first numeric fac\n             torization */\n     2748          |                    ^\n  >> 2749    /tmp/koparasy/spack-stage/spack-stage-petsc-3.6.4-fpqq6a63tcbvka53\n             bkcn5jm3usxqvqxp/spack-src/src/mat/impls/aij/mpi/superlu_dist/supe",
    "ot a structure or union\n     2747      344 |     if (lu->options.Fact == DOFACT) { /* first numeric fac\n             torization */\n     2748          |                    ^\n  >> 2749    /tmp/koparasy/spack-stage/spack-stage-petsc-3.6.4-fpqq6a63tcbvka53\n             bkcn5jm3usxqvqxp/spack-src/src/mat/impls/aij/mpi/superlu_dist/supe\nrlu_dist.c:353:20: error: request for member 'Fact' in something n\n             ot a structure or union\n     2750      353 |         lu->options.Fact = SamePattern_SameRowPerm; /* mat\n             rix has similar numerical values */\n     2751          |                    ^\n  >> 2752    /tmp/koparasy/spack-stage/spack-stage-petsc-3.6.4-fpqq6a63tcbvka53\n             bkcn5jm3usxqvqxp/spack-src/src/mat/impls/aij/mpi/superlu_dist/supe",
    "ot a structure or union\n     2750      353 |         lu->options.Fact = SamePattern_SameRowPerm; /* mat\n             rix has similar numerical values */\n     2751          |                    ^\n  >> 2752    /tmp/koparasy/spack-stage/spack-stage-petsc-3.6.4-fpqq6a63tcbvka53\n             bkcn5jm3usxqvqxp/spack-src/src/mat/impls/aij/mpi/superlu_dist/supe\nrlu_dist.c:356:20: error: request for member 'Fact' in something n\n             ot a structure or union\n     2753      356 |         lu->options.Fact = SamePattern;\n     2754          |                    ^\n     2755    In file included from /tmp/koparasy/spack-stage/spack-stage-petsc-\n             3.6.4-fpqq6a63tcbvka53bkcn5jm3usxqvqxp/spack-src/include/petscsys.\n             h:1559,",
    "is of type 'int *'\n     2888      535 |        dSOLVEstruct_t *, double *, SuperLUStat_t *, int *)\n             ;\n     2889          |        ^~~~~~~~~~~~~~~~\n  >> 2890    /tmp/koparasy/spack-stage/spack-stage-petsc-3.6.4-fpqq6a63tcbvka53\n             bkcn5jm3usxqvqxp/spack-src/src/mat/impls/aij/mpi/superlu_dist/supe\nrlu_dist.c:431:18: error: request for member 'PrintStat' in someth\n             ing not a structure or union\n     2891      431 |   if (lu->options.PrintStat) {\n     2892          |                  ^\n     2893    /tmp/koparasy/spack-stage/spack-stage-petsc-3.6.4-fpqq6a63tcbvka53\n             bkcn5jm3usxqvqxp/spack-src/src/mat/impls/aij/mpi/superlu_dist/supe\n             rlu_dist.c:432:16: warning: passing argument 1 of 'PStatPrint' fro",
    "argument is of type 'int *'\n     2901     1021 | extern void  PStatPrint(superlu_dist_options_t *, SuperLUS\n             tat_t *, gridinfo_t *);\n     2902          |                         ^~~~~~~~~~~~~~~~~~~~~~~~\n  >> 2903    /tmp/koparasy/spack-stage/spack-stage-petsc-3.6.4-fpqq6a63tcbvka53\n             bkcn5jm3usxqvqxp/spack-src/src/mat/impls/aij/mpi/superlu_dist/supe\nrlu_dist.c:441:14: error: request for member 'Fact' in something n\n             ot a structure or union\n     2904      441 |   lu->options.Fact  = FACTORED; /* The factored form of A\n             is supplied. Local option used by this func. only */\n     2905          |              ^\n     2906    In file included from /tmp/koparasy/spack-stage/spack-stage-petsc-\n             3.6.4-fpqq6a63tcbvka53bkcn5jm3usxqvqxp/spack-src/include/petscsys.",
    "^~~~~~~\n     2926    /tmp/koparasy/spack-stage/spack-stage-petsc-3.6.4-fpqq6a63tcbvka53\n             bkcn5jm3usxqvqxp/spack-src/src/mat/impls/aij/mpi/superlu_dist/supe\n             rlu_dist.c: In function 'MatGetFactor_aij_superlu_dist':\n  >> 2927    /tmp/koparasy/spack-stage/spack-stage-petsc-3.6.4-fpqq6a63tcbvka53\n             bkcn5jm3usxqvqxp/spack-src/src/mat/impls/aij/mpi/superlu_dist/supe\nrlu_dist.c:485:3: error: unknown type name 'superlu_options_t'; di\n             d you mean 'superlu_dist_options_t'?\n     2928      485 |   superlu_options_t options;\n     2929          |   ^~~~~~~~~~~~~~~~~\n     2930          |   superlu_dist_options_t\n     2931    /p/vast1/koparasy/BUILD/spack_cluster_installer/quartz/slepc/spack\n             _env_dir/linux-rhel7-broadwell/gcc-9.3.1/openmpi-4.1.2-jav4wqudjcg",
    "t/impls/aij/seq/aij.h:5,\n     2948                     from /tmp/koparasy/spack-stage/spack-stage-petsc-\n             3.6.4-fpqq6a63tcbvka53bkcn5jm3usxqvqxp/spack-src/src/mat/impls/aij\n             /mpi/superlu_dist/superlu_dist.c:6:\n  >> 2949    /tmp/koparasy/spack-stage/spack-stage-petsc-3.6.4-fpqq6a63tcbvka53\n             bkcn5jm3usxqvqxp/spack-src/src/mat/impls/aij/mpi/superlu_dist/supe\nrlu_dist.c:548:88: error: request for member 'Equil' in something\n             not a structure or union\n     2950      548 |   ierr = PetscOptionsBool(\"-mat_superlu_dist_equil\",\"Equil\n             ibrate matrix\",\"None\",options.Equil ? PETSC_TRUE : PETSC_FALSE,&fl\n             g,&set);CHKERRQ(ierr);\n     2951          |\n                                          ^",
    "2953      246 | #define PetscOptionsBool(a,b,c,d,e,f) PetscOptionsBool_Pri\n             vate(PetscOptionsObject,a,b,c,d,e,f)\n     2954          |\n                                           ^\n  >> 2955    /tmp/koparasy/spack-stage/spack-stage-petsc-3.6.4-fpqq6a63tcbvka53\n             bkcn5jm3usxqvqxp/spack-src/src/mat/impls/aij/mpi/superlu_dist/supe\nrlu_dist.c:549:27: error: request for member 'Equil' in something\n             not a structure or union\n     2956      549 |   if (set && !flg) options.Equil = NO;\n     2957          |                           ^\n  >> 2958    /tmp/koparasy/spack-stage/spack-stage-petsc-3.6.4-fpqq6a63tcbvka53\n             bkcn5jm3usxqvqxp/spack-src/src/mat/impls/aij/mpi/superlu_dist/supe\n             rlu_dist.c:555:14: error: request for member 'RowPerm' in somethin",
    "rlu_dist.c:549:27: error: request for member 'Equil' in something\n             not a structure or union\n     2956      549 |   if (set && !flg) options.Equil = NO;\n     2957          |                           ^\n  >> 2958    /tmp/koparasy/spack-stage/spack-stage-petsc-3.6.4-fpqq6a63tcbvka53\n             bkcn5jm3usxqvqxp/spack-src/src/mat/impls/aij/mpi/superlu_dist/supe\nrlu_dist.c:555:14: error: request for member 'RowPerm' in somethin\n             g not a structure or union\n     2959      555 |       options.RowPerm = LargeDiag;\n     2960          |              ^\n  >> 2961    /tmp/koparasy/spack-stage/spack-stage-petsc-3.6.4-fpqq6a63tcbvka53\n             bkcn5jm3usxqvqxp/spack-src/src/mat/impls/aij/mpi/superlu_dist/supe\n             rlu_dist.c:555:25: error: 'LargeDiag' undeclared (first use in thi",
    "rlu_dist.c:555:14: error: request for member 'RowPerm' in somethin\n             g not a structure or union\n     2959      555 |       options.RowPerm = LargeDiag;\n     2960          |              ^\n  >> 2961    /tmp/koparasy/spack-stage/spack-stage-petsc-3.6.4-fpqq6a63tcbvka53\n             bkcn5jm3usxqvqxp/spack-src/src/mat/impls/aij/mpi/superlu_dist/supe\nrlu_dist.c:555:25: error: 'LargeDiag' undeclared (first use in thi\n             s function); did you mean 'LargeDiag_HWPM'?\n     2962      555 |       options.RowPerm = LargeDiag;\n     2963          |                         ^~~~~~~~~\n     2964          |                         LargeDiag_HWPM\n     2965    /tmp/koparasy/spack-stage/spack-stage-petsc-3.6.4-fpqq6a63tcbvka53\n             bkcn5jm3usxqvqxp/spack-src/src/mat/impls/aij/mpi/superlu_dist/supe",
    "2965    /tmp/koparasy/spack-stage/spack-stage-petsc-3.6.4-fpqq6a63tcbvka53\n             bkcn5jm3usxqvqxp/spack-src/src/mat/impls/aij/mpi/superlu_dist/supe\n             rlu_dist.c:555:25: note: each undeclared identifier is reported on\n             ly once for each function it appears in\n  >> 2966    /tmp/koparasy/spack-stage/spack-stage-petsc-3.6.4-fpqq6a63tcbvka53\n             bkcn5jm3usxqvqxp/spack-src/src/mat/impls/aij/mpi/superlu_dist/supe\nrlu_dist.c:558:14: error: request for member 'RowPerm' in somethin\n             g not a structure or union\n     2967      558 |       options.RowPerm = NOROWPERM;\n     2968          |              ^\n  >> 2969    /tmp/koparasy/spack-stage/spack-stage-petsc-3.6.4-fpqq6a63tcbvka53\n             bkcn5jm3usxqvqxp/spack-src/src/mat/impls/aij/mpi/superlu_dist/supe\n             rlu_dist.c:567:14: error: request for member 'ColPerm' in somethin",
    "rlu_dist.c:558:14: error: request for member 'RowPerm' in somethin\n             g not a structure or union\n     2967      558 |       options.RowPerm = NOROWPERM;\n     2968          |              ^\n  >> 2969    /tmp/koparasy/spack-stage/spack-stage-petsc-3.6.4-fpqq6a63tcbvka53\n             bkcn5jm3usxqvqxp/spack-src/src/mat/impls/aij/mpi/superlu_dist/supe\nrlu_dist.c:567:14: error: request for member 'ColPerm' in somethin\n             g not a structure or union\n     2970      567 |       options.ColPerm = NATURAL;\n     2971          |              ^\n  >> 2972    /tmp/koparasy/spack-stage/spack-stage-petsc-3.6.4-fpqq6a63tcbvka53\n             bkcn5jm3usxqvqxp/spack-src/src/mat/impls/aij/mpi/superlu_dist/supe\n             rlu_dist.c:570:14: error: request for member 'ColPerm' in somethin",
    "rlu_dist.c:567:14: error: request for member 'ColPerm' in somethin\n             g not a structure or union\n     2970      567 |       options.ColPerm = NATURAL;\n     2971          |              ^\n  >> 2972    /tmp/koparasy/spack-stage/spack-stage-petsc-3.6.4-fpqq6a63tcbvka53\n             bkcn5jm3usxqvqxp/spack-src/src/mat/impls/aij/mpi/superlu_dist/supe\nrlu_dist.c:570:14: error: request for member 'ColPerm' in somethin\n             g not a structure or union\n     2973      570 |       options.ColPerm = MMD_AT_PLUS_A;\n     2974          |              ^\n  >> 2975    /tmp/koparasy/spack-stage/spack-stage-petsc-3.6.4-fpqq6a63tcbvka53\n             bkcn5jm3usxqvqxp/spack-src/src/mat/impls/aij/mpi/superlu_dist/supe\n             rlu_dist.c:573:14: error: request for member 'ColPerm' in somethin",
    "rlu_dist.c:570:14: error: request for member 'ColPerm' in somethin\n             g not a structure or union\n     2973      570 |       options.ColPerm = MMD_AT_PLUS_A;\n     2974          |              ^\n  >> 2975    /tmp/koparasy/spack-stage/spack-stage-petsc-3.6.4-fpqq6a63tcbvka53\n             bkcn5jm3usxqvqxp/spack-src/src/mat/impls/aij/mpi/superlu_dist/supe\nrlu_dist.c:573:14: error: request for member 'ColPerm' in somethin\n             g not a structure or union\n     2976      573 |       options.ColPerm = MMD_ATA;\n     2977          |              ^\n  >> 2978    /tmp/koparasy/spack-stage/spack-stage-petsc-3.6.4-fpqq6a63tcbvka53\n             bkcn5jm3usxqvqxp/spack-src/src/mat/impls/aij/mpi/superlu_dist/supe\n             rlu_dist.c:576:14: error: request for member 'ColPerm' in somethin",
    "rlu_dist.c:573:14: error: request for member 'ColPerm' in somethin\n             g not a structure or union\n     2976      573 |       options.ColPerm = MMD_ATA;\n     2977          |              ^\n  >> 2978    /tmp/koparasy/spack-stage/spack-stage-petsc-3.6.4-fpqq6a63tcbvka53\n             bkcn5jm3usxqvqxp/spack-src/src/mat/impls/aij/mpi/superlu_dist/supe\nrlu_dist.c:576:14: error: request for member 'ColPerm' in somethin\n             g not a structure or union\n     2979      576 |       options.ColPerm = METIS_AT_PLUS_A;\n     2980          |              ^\n  >> 2981    /tmp/koparasy/spack-stage/spack-stage-petsc-3.6.4-fpqq6a63tcbvka53\n             bkcn5jm3usxqvqxp/spack-src/src/mat/impls/aij/mpi/superlu_dist/supe\n             rlu_dist.c:579:14: error: request for member 'ColPerm' in somethin",
    "rlu_dist.c:576:14: error: request for member 'ColPerm' in somethin\n             g not a structure or union\n     2979      576 |       options.ColPerm = METIS_AT_PLUS_A;\n     2980          |              ^\n  >> 2981    /tmp/koparasy/spack-stage/spack-stage-petsc-3.6.4-fpqq6a63tcbvka53\n             bkcn5jm3usxqvqxp/spack-src/src/mat/impls/aij/mpi/superlu_dist/supe\nrlu_dist.c:579:14: error: request for member 'ColPerm' in somethin\n             g not a structure or union\n     2982      579 |       options.ColPerm = PARMETIS;   /* only works for np>1\n              */\n     2983          |              ^\n     2984    In file included from /tmp/koparasy/spack-stage/spack-stage-petsc-\n             3.6.4-fpqq6a63tcbvka53bkcn5jm3usxqvqxp/spack-src/include/petscsys.",
    "t/impls/aij/seq/aij.h:5,\n     2990                     from /tmp/koparasy/spack-stage/spack-stage-petsc-\n             3.6.4-fpqq6a63tcbvka53bkcn5jm3usxqvqxp/spack-src/src/mat/impls/aij\n             /mpi/superlu_dist/superlu_dist.c:6:\n  >> 2991    /tmp/koparasy/spack-stage/spack-stage-petsc-3.6.4-fpqq6a63tcbvka53\n             bkcn5jm3usxqvqxp/spack-src/src/mat/impls/aij/mpi/superlu_dist/supe\nrlu_dist.c:586:100: error: request for member 'ReplaceTinyPivot' i\n             n something not a structure or union\n     2992      586 |   ierr = PetscOptionsBool(\"-mat_superlu_dist_replacetinypi\n             vot\",\"Replace tiny pivots\",\"None\",options.ReplaceTinyPivot ? PETSC\n             _TRUE : PETSC_FALSE,&flg,&set);CHKERRQ(ierr);\n     2993          |\n                                                      ^",
    "2995      246 | #define PetscOptionsBool(a,b,c,d,e,f) PetscOptionsBool_Pri\n             vate(PetscOptionsObject,a,b,c,d,e,f)\n     2996          |\n                                           ^\n  >> 2997    /tmp/koparasy/spack-stage/spack-stage-petsc-3.6.4-fpqq6a63tcbvka53\n             bkcn5jm3usxqvqxp/spack-src/src/mat/impls/aij/mpi/superlu_dist/supe\nrlu_dist.c:587:27: error: request for member 'ReplaceTinyPivot' in\n              something not a structure or union\n     2998      587 |   if (set && !flg) options.ReplaceTinyPivot = NO;\n     2999          |                           ^\n  >> 3000    /tmp/koparasy/spack-stage/spack-stage-petsc-3.6.4-fpqq6a63tcbvka53\n             bkcn5jm3usxqvqxp/spack-src/src/mat/impls/aij/mpi/superlu_dist/supe\n             rlu_dist.c:589:10: error: request for member 'ParSymbFact' in some",
    "rlu_dist.c:587:27: error: request for member 'ReplaceTinyPivot' in\n              something not a structure or union\n     2998      587 |   if (set && !flg) options.ReplaceTinyPivot = NO;\n     2999          |                           ^\n  >> 3000    /tmp/koparasy/spack-stage/spack-stage-petsc-3.6.4-fpqq6a63tcbvka53\n             bkcn5jm3usxqvqxp/spack-src/src/mat/impls/aij/mpi/superlu_dist/supe\nrlu_dist.c:589:10: error: request for member 'ParSymbFact' in some\n             thing not a structure or union\n     3001      589 |   options.ParSymbFact = NO;\n     3002          |          ^\n  >> 3003    /tmp/koparasy/spack-stage/spack-stage-petsc-3.6.4-fpqq6a63tcbvka53\n             bkcn5jm3usxqvqxp/spack-src/src/mat/impls/aij/mpi/superlu_dist/supe\n             rlu_dist.c:599:14: error: request for member 'ParSymbFact' in some",
    "rlu_dist.c:589:10: error: request for member 'ParSymbFact' in some\n             thing not a structure or union\n     3001      589 |   options.ParSymbFact = NO;\n     3002          |          ^\n  >> 3003    /tmp/koparasy/spack-stage/spack-stage-petsc-3.6.4-fpqq6a63tcbvka53\n             bkcn5jm3usxqvqxp/spack-src/src/mat/impls/aij/mpi/superlu_dist/supe\nrlu_dist.c:599:14: error: request for member 'ParSymbFact' in some\n             thing not a structure or union\n     3004      599 |       options.ParSymbFact = YES;\n     3005          |              ^\n  >> 3006    /tmp/koparasy/spack-stage/spack-stage-petsc-3.6.4-fpqq6a63tcbvka53\n             bkcn5jm3usxqvqxp/spack-src/src/mat/impls/aij/mpi/superlu_dist/supe\n             rlu_dist.c:600:14: error: request for member 'ColPerm' in somethin",
    "rlu_dist.c:599:14: error: request for member 'ParSymbFact' in some\n             thing not a structure or union\n     3004      599 |       options.ParSymbFact = YES;\n     3005          |              ^\n  >> 3006    /tmp/koparasy/spack-stage/spack-stage-petsc-3.6.4-fpqq6a63tcbvka53\n             bkcn5jm3usxqvqxp/spack-src/src/mat/impls/aij/mpi/superlu_dist/supe\nrlu_dist.c:600:14: error: request for member 'ColPerm' in somethin\n             g not a structure or union\n     3007      600 |       options.ColPerm     = PARMETIS;   /* in v2.2, PARMET\n             IS is forced for ParSymbFact regardless of user ordering setting *\n             /\n     3008          |              ^\n  >> 3009    /tmp/koparasy/spack-stage/spack-stage-petsc-3.6.4-fpqq6a63tcbvka53",
    "3007      600 |       options.ColPerm     = PARMETIS;   /* in v2.2, PARMET\n             IS is forced for ParSymbFact regardless of user ordering setting *\n             /\n     3008          |              ^\n  >> 3009    /tmp/koparasy/spack-stage/spack-stage-petsc-3.6.4-fpqq6a63tcbvka53\n             bkcn5jm3usxqvqxp/spack-src/src/mat/impls/aij/mpi/superlu_dist/supe\nrlu_dist.c:621:10: error: request for member 'IterRefine' in somet\n             hing not a structure or union\n     3010      621 |   options.IterRefine = NOREFINE;\n     3011          |          ^\n     3012    In file included from /tmp/koparasy/spack-stage/spack-stage-petsc-\n             3.6.4-fpqq6a63tcbvka53bkcn5jm3usxqvqxp/spack-src/include/petscsys.\n             h:1640,",
    "t/impls/aij/seq/aij.h:5,\n     3018                     from /tmp/koparasy/spack-stage/spack-stage-petsc-\n             3.6.4-fpqq6a63tcbvka53bkcn5jm3usxqvqxp/spack-src/src/mat/impls/aij\n             /mpi/superlu_dist/superlu_dist.c:6:\n  >> 3019    /tmp/koparasy/spack-stage/spack-stage-petsc-3.6.4-fpqq6a63tcbvka53\n             bkcn5jm3usxqvqxp/spack-src/src/mat/impls/aij/mpi/superlu_dist/supe\nrlu_dist.c:622:113: error: request for member 'IterRefine' in some\n             thing not a structure or union\n     3020      622 |   ierr               = PetscOptionsBool(\"-mat_superlu_dist\n             _iterrefine\",\"Use iterative refinement\",\"None\",options.IterRefine\n             == NOREFINE ? PETSC_FALSE : PETSC_TRUE ,&flg,&set);CHKERRQ(ierr);\n     3021          |\n                                                                   ^",
    "3023      246 | #define PetscOptionsBool(a,b,c,d,e,f) PetscOptionsBool_Pri\n             vate(PetscOptionsObject,a,b,c,d,e,f)\n     3024          |\n                                           ^\n  >> 3025    /tmp/koparasy/spack-stage/spack-stage-petsc-3.6.4-fpqq6a63tcbvka53\n             bkcn5jm3usxqvqxp/spack-src/src/mat/impls/aij/mpi/superlu_dist/supe\nrlu_dist.c:624:21: error: request for member 'IterRefine' in somet\n             hing not a structure or union\n     3026      624 |     if (flg) options.IterRefine = SLU_DOUBLE;\n     3027          |                     ^\n  >> 3028    /tmp/koparasy/spack-stage/spack-stage-petsc-3.6.4-fpqq6a63tcbvka53\n             bkcn5jm3usxqvqxp/spack-src/src/mat/impls/aij/mpi/superlu_dist/supe\n             rlu_dist.c:625:17: error: request for member 'IterRefine' in somet",
    "rlu_dist.c:624:21: error: request for member 'IterRefine' in somet\n             hing not a structure or union\n     3026      624 |     if (flg) options.IterRefine = SLU_DOUBLE;\n     3027          |                     ^\n  >> 3028    /tmp/koparasy/spack-stage/spack-stage-petsc-3.6.4-fpqq6a63tcbvka53\n             bkcn5jm3usxqvqxp/spack-src/src/mat/impls/aij/mpi/superlu_dist/supe\nrlu_dist.c:625:17: error: request for member 'IterRefine' in somet\n             hing not a structure or union\n     3029      625 |     else options.IterRefine = NOREFINE;\n     3030          |                 ^\n  >> 3031    /tmp/koparasy/spack-stage/spack-stage-petsc-3.6.4-fpqq6a63tcbvka53\n             bkcn5jm3usxqvqxp/spack-src/src/mat/impls/aij/mpi/superlu_dist/supe\n             rlu_dist.c:628:33: error: request for member 'PrintStat' in someth",
    "rlu_dist.c:625:17: error: request for member 'IterRefine' in somet\n             hing not a structure or union\n     3029      625 |     else options.IterRefine = NOREFINE;\n     3030          |                 ^\n  >> 3031    /tmp/koparasy/spack-stage/spack-stage-petsc-3.6.4-fpqq6a63tcbvka53\n             bkcn5jm3usxqvqxp/spack-src/src/mat/impls/aij/mpi/superlu_dist/supe\nrlu_dist.c:628:33: error: request for member 'PrintStat' in someth\n             ing not a structure or union\n     3032      628 |   if (PetscLogPrintInfo) options.PrintStat = YES;\n     3033          |                                 ^\n  >> 3034    /tmp/koparasy/spack-stage/spack-stage-petsc-3.6.4-fpqq6a63tcbvka53\n             bkcn5jm3usxqvqxp/spack-src/src/mat/impls/aij/mpi/superlu_dist/supe\n             rlu_dist.c:629:15: error: request for member 'PrintStat' in someth",
    "rlu_dist.c:628:33: error: request for member 'PrintStat' in someth\n             ing not a structure or union\n     3032      628 |   if (PetscLogPrintInfo) options.PrintStat = YES;\n     3033          |                                 ^\n  >> 3034    /tmp/koparasy/spack-stage/spack-stage-petsc-3.6.4-fpqq6a63tcbvka53\n             bkcn5jm3usxqvqxp/spack-src/src/mat/impls/aij/mpi/superlu_dist/supe\nrlu_dist.c:629:15: error: request for member 'PrintStat' in someth\n             ing not a structure or union\n     3035      629 |   else options.PrintStat = NO;\n     3036          |               ^\n     3037    /p/vast1/koparasy/BUILD/spack_cluster_installer/quartz/slepc/spack\n             _env_dir/linux-rhel7-broadwell/gcc-9.3.1/openmpi-4.1.2-jav4wqudjcg\n             7dsjv2bfmiftfzddznkg3/bin/mpicc -c -fPIC    -I/tmp/koparasy/spack-",
    "t/impls/aij/seq/aij.h:5,\n     3044                     from /tmp/koparasy/spack-stage/spack-stage-petsc-\n             3.6.4-fpqq6a63tcbvka53bkcn5jm3usxqvqxp/spack-src/src/mat/impls/aij\n             /mpi/superlu_dist/superlu_dist.c:6:\n  >> 3045    /tmp/koparasy/spack-stage/spack-stage-petsc-3.6.4-fpqq6a63tcbvka53\n             bkcn5jm3usxqvqxp/spack-src/src/mat/impls/aij/mpi/superlu_dist/supe\nrlu_dist.c:630:116: error: request for member 'PrintStat' in somet\n             hing not a structure or union\n     3046      630 |   ierr = PetscOptionsBool(\"-mat_superlu_dist_statprint\",\"P\n             rint factorization information\",\"None\",(PetscBool)options.PrintSta\n             t,(PetscBool*)&options.PrintStat,NULL);CHKERRQ(ierr);\n     3047          |\n                                                                      ^",
    "3049      246 | #define PetscOptionsBool(a,b,c,d,e,f) PetscOptionsBool_Pri\n             vate(PetscOptionsObject,a,b,c,d,e,f)\n     3050          |\n                                           ^\n  >> 3051    /tmp/koparasy/spack-stage/spack-stage-petsc-3.6.4-fpqq6a63tcbvka53\n             bkcn5jm3usxqvqxp/spack-src/src/mat/impls/aij/mpi/superlu_dist/supe\nrlu_dist.c:630:147: error: request for member 'PrintStat' in somet\n             hing not a structure or union\n     3052      630 |   ierr = PetscOptionsBool(\"-mat_superlu_dist_statprint\",\"P\n             rint factorization information\",\"None\",(PetscBool)options.PrintSta\n             t,(PetscBool*)&options.PrintStat,NULL);CHKERRQ(ierr);\n     3053          |",
    "3055      246 | #define PetscOptionsBool(a,b,c,d,e,f) PetscOptionsBool_Pri\n             vate(PetscOptionsObject,a,b,c,d,e,f)\n     3056          |\n                                             ^\n  >> 3057    /tmp/koparasy/spack-stage/spack-stage-petsc-3.6.4-fpqq6a63tcbvka53\n             bkcn5jm3usxqvqxp/spack-src/src/mat/impls/aij/mpi/superlu_dist/supe\nrlu_dist.c:634:14: error: request for member 'Fact' in something n\n             ot a structure or union\n     3058      634 |   lu->options.Fact         = DOFACT;\n     3059          |              ^\n     3060    /tmp/koparasy/spack-stage/spack-stage-petsc-3.6.4-fpqq6a63tcbvka53\n             bkcn5jm3usxqvqxp/spack-src/src/mat/impls/aij/mpi/superlu_dist/supe\n             rlu_dist.c: In function 'MatFactorInfo_SuperLU_DIST':",
    "3059          |              ^\n     3060    /tmp/koparasy/spack-stage/spack-stage-petsc-3.6.4-fpqq6a63tcbvka53\n             bkcn5jm3usxqvqxp/spack-src/src/mat/impls/aij/mpi/superlu_dist/supe\n             rlu_dist.c: In function 'MatFactorInfo_SuperLU_DIST':\n  >> 3061    /tmp/koparasy/spack-stage/spack-stage-petsc-3.6.4-fpqq6a63tcbvka53\n             bkcn5jm3usxqvqxp/spack-src/src/mat/impls/aij/mpi/superlu_dist/supe\nrlu_dist.c:658:3: error: unknown type name 'superlu_options_t'; di\n             d you mean 'superlu_dist_options_t'?\n     3062      658 |   superlu_options_t options;\n     3063          |   ^~~~~~~~~~~~~~~~~\n     3064          |   superlu_dist_options_t\n  >> 3065    /tmp/koparasy/spack-stage/spack-stage-petsc-3.6.4-fpqq6a63tcbvka53\n             bkcn5jm3usxqvqxp/spack-src/src/mat/impls/aij/mpi/superlu_dist/supe",
    "d you mean 'superlu_dist_options_t'?\n     3062      658 |   superlu_options_t options;\n     3063          |   ^~~~~~~~~~~~~~~~~\n     3064          |   superlu_dist_options_t\n  >> 3065    /tmp/koparasy/spack-stage/spack-stage-petsc-3.6.4-fpqq6a63tcbvka53\n             bkcn5jm3usxqvqxp/spack-src/src/mat/impls/aij/mpi/superlu_dist/supe\nrlu_dist.c:668:90: error: request for member 'Equil' in something\n             not a structure or union\n     3066      668 |   ierr    = PetscViewerASCIIPrintf(viewer,\"  Equilibrate m\n             atrix %s \\n\",PetscBools[options.Equil != NO]);CHKERRQ(ierr);\n     3067          |\n                                            ^\n  >> 3068    /tmp/koparasy/spack-stage/spack-stage-petsc-3.6.4-fpqq6a63tcbvka53",
    "3066      668 |   ierr    = PetscViewerASCIIPrintf(viewer,\"  Equilibrate m\n             atrix %s \\n\",PetscBools[options.Equil != NO]);CHKERRQ(ierr);\n     3067          |\n                                            ^\n  >> 3068    /tmp/koparasy/spack-stage/spack-stage-petsc-3.6.4-fpqq6a63tcbvka53\n             bkcn5jm3usxqvqxp/spack-src/src/mat/impls/aij/mpi/superlu_dist/supe\nrlu_dist.c:670:91: error: request for member 'ReplaceTinyPivot' in\n              something not a structure or union\n     3069      670 |   ierr    = PetscViewerASCIIPrintf(viewer,\"  Replace tiny\n             pivots %s \\n\",PetscBools[options.ReplaceTinyPivot != NO]);CHKERRQ(\n             ierr);\n     3070          |\n                                             ^",
    "pivots %s \\n\",PetscBools[options.ReplaceTinyPivot != NO]);CHKERRQ(\n             ierr);\n     3070          |\n                                             ^\n  >> 3071    /tmp/koparasy/spack-stage/spack-stage-petsc-3.6.4-fpqq6a63tcbvka53\n             bkcn5jm3usxqvqxp/spack-src/src/mat/impls/aij/mpi/superlu_dist/supe\nrlu_dist.c:671:96: error: request for member 'IterRefine' in somet\n             hing not a structure or union\n     3072      671 |   ierr    = PetscViewerASCIIPrintf(viewer,\"  Use iterative\n              refinement %s \\n\",PetscBools[options.IterRefine == SLU_DOUBLE]);C\n             HKERRQ(ierr);\n     3073          |\n                                                  ^",
    "refinement %s \\n\",PetscBools[options.IterRefine == SLU_DOUBLE]);C\n             HKERRQ(ierr);\n     3073          |\n                                                  ^\n  >> 3074    /tmp/koparasy/spack-stage/spack-stage-petsc-3.6.4-fpqq6a63tcbvka53\n             bkcn5jm3usxqvqxp/spack-src/src/mat/impls/aij/mpi/superlu_dist/supe\nrlu_dist.c:673:77: error: request for member 'RowPerm' in somethin\n             g not a structure or union\n     3075      673 |   ierr    = PetscViewerASCIIPrintf(viewer,\"  Row permutati\n             on %s \\n\",(options.RowPerm == NOROWPERM) ? \"NATURAL\" : \"LargeDiag\"\n             );CHKERRQ(ierr);\n     3076          |\n                               ^",
    "on %s \\n\",(options.RowPerm == NOROWPERM) ? \"NATURAL\" : \"LargeDiag\"\n             );CHKERRQ(ierr);\n     3076          |\n                               ^\n  >> 3077    /tmp/koparasy/spack-stage/spack-stage-petsc-3.6.4-fpqq6a63tcbvka53\n             bkcn5jm3usxqvqxp/spack-src/src/mat/impls/aij/mpi/superlu_dist/supe\nrlu_dist.c:675:18: error: request for member 'ColPerm' in somethin\n             g not a structure or union\n     3078      675 |   switch (options.ColPerm) {\n     3079          |                  ^\n  >> 3080    /tmp/koparasy/spack-stage/spack-stage-petsc-3.6.4-fpqq6a63tcbvka53\n             bkcn5jm3usxqvqxp/spack-src/src/mat/impls/aij/mpi/superlu_dist/supe\n             rlu_dist.c:695:100: error: request for member 'ParSymbFact' in som",
    "rlu_dist.c:675:18: error: request for member 'ColPerm' in somethin\n             g not a structure or union\n     3078      675 |   switch (options.ColPerm) {\n     3079          |                  ^\n  >> 3080    /tmp/koparasy/spack-stage/spack-stage-petsc-3.6.4-fpqq6a63tcbvka53\n             bkcn5jm3usxqvqxp/spack-src/src/mat/impls/aij/mpi/superlu_dist/supe\nrlu_dist.c:695:100: error: request for member 'ParSymbFact' in som\n             ething not a structure or union\n     3081      695 |   ierr = PetscViewerASCIIPrintf(viewer,\"  Parallel symboli\n             c factorization %s \\n\",PetscBools[options.ParSymbFact != NO]);CHKE\n             RRQ(ierr);\n     3082          |\n                                                      ^",
    "rch-linux2-c-opt/obj/src/dm/impls/da/dalocal.o\n  >> 3086    gmake[2]: *** [arch-linux2-c-opt/obj/src/mat/impls/aij/mpi/superlu\n             _dist/superlu_dist.o] Error 1\n     3087    gmake[2]: *** Waiting for unfinished jobs....\n     3088    gmake[2]: Leaving directory `/tmp/koparasy/spack-stage/spack-stage\n             -petsc-3.6.4-fpqq6a63tcbvka53bkcn5jm3usxqvqxp/spack-src'\n>> 3089    gmake[1]: *** [gnumake] Error 2\n     3090    gmake[1]: Leaving directory `/tmp/koparasy/spack-stage/spack-stage\n             -petsc-3.6.4-fpqq6a63tcbvka53bkcn5jm3usxqvqxp/spack-src'\n     3091    **************************ERROR***********************************\n             **\n     3092      Error during compile, check arch-linux2-c-opt/lib/petsc/conf/mak\n             e.log",
    "3092      Error during compile, check arch-linux2-c-opt/lib/petsc/conf/mak\n             e.log\n     3093      Send it and arch-linux2-c-opt/lib/petsc/conf/configure.log to pe\n             tsc-maint@mcs.anl.gov\n     3094    ******************************************************************\n             **\n>> 3095    make: *** [all] Error 1\n\nSee build log for details:\n  /var/tmp/koparasy/spack-stage/spack-stage-petsc-3.6.4-fpqq6a63tcbvka53bkcn5jm3usxqvqxp/spack-build-out.txt\n\nTraceback (most recent call last):\n  File \"/p/vast1/koparasy/BUILD/head/spack/lib/spack/spack/build_environment.py\", line 1035, in _setup_pkg_and_run"
]