[
    "w2o/spack-src/src/variorum/Nvidia/Volta.c\n     101    In file included from /tmp/koparasy/spack-stage/spack-stage-varioru\n            m-0.2.0-czns4qxkojzgo6e5wa2to252hcm3aw2o/spack-src/src/variorum/Nvi\n            dia/Volta.c:12:\n  >> 102    /tmp/koparasy/spack-stage/spack-stage-variorum-0.2.0-czns4qxkojzgo6\n            e5wa2to252hcm3aw2o/spack-src/src/variorum/Nvidia/power_features.h:1\n2:10: fatal error: nvml.h: No such file or directory\n     103       12 | #include <nvml.h>\n     104          |          ^~~~~~~~\n     105    In file included from /tmp/koparasy/spack-stage/spack-stage-varioru\n            m-0.2.0-czns4qxkojzgo6e5wa2to252hcm3aw2o/spack-src/src/variorum/Nvi\n            dia/power_features.c:10:\n  >> 106    /tmp/koparasy/spack-stage/spack-stage-variorum-0.2.0-czns4qxkojzgo6",
    "104          |          ^~~~~~~~\n     105    In file included from /tmp/koparasy/spack-stage/spack-stage-varioru\n            m-0.2.0-czns4qxkojzgo6e5wa2to252hcm3aw2o/spack-src/src/variorum/Nvi\n            dia/power_features.c:10:\n  >> 106    /tmp/koparasy/spack-stage/spack-stage-variorum-0.2.0-czns4qxkojzgo6\n            e5wa2to252hcm3aw2o/spack-src/src/variorum/Nvidia/power_features.h:1\n2:10: fatal error: nvml.h: No such file or directory\n     107       12 | #include <nvml.h>\n     108          |          ^~~~~~~~\n     109    compilation terminated.\n     110    compilation terminated.\n  >> 111    make[2]: *** [variorum/Nvidia/CMakeFiles/variorum_nvidia.dir/power_\n            features.c.o] Error 1",
    "src/src/variorum/Intel/variorum_cpuid.c\n     152    make[2]: Leaving directory `/tmp/koparasy/spack-stage/spack-stage-v\n            ariorum-0.2.0-czns4qxkojzgo6e5wa2to252hcm3aw2o/spack-build-czns4qx'\n     153    [ 19%] Built target variorum_intel\n     154    make[1]: Leaving directory `/tmp/koparasy/spack-stage/spack-stage-v\n            ariorum-0.2.0-czns4qxkojzgo6e5wa2to252hcm3aw2o/spack-build-czns4qx'\n>> 155    make: *** [all] Error 2\n\nSee build log for details:\n  /var/tmp/koparasy/spack-stage/spack-stage-variorum-0.2.0-czns4qxkojzgo6e5wa2to252hcm3aw2o/spack-build-out.txt\n\nTraceback (most recent call last):\n  File \"/p/vast1/koparasy/BUILD/head/spack/lib/spack/spack/build_environment.py\", line 1035, in _setup_pkg_and_run"
]