[
    "-DNDEBUG   -mfpmath=sse -msse -msse2 -Wall -fvisibility=hidden -f\n             PIC -std=gnu++11 -o CMakeFiles/sat_tactic.dir/atom2bool_var.cpp.o\n             -c /var/tmp/koparasy/spack-stage/spack-stage-z3-4.8.8-eyrvfahiuzhe\n             mr2bscnxhghj5l57wztq/spack-src/src/sat/tactic/atom2bool_var.cpp\n     1194    make[2]: Leaving directory `/tmp/koparasy/spack-stage/spack-stage-\n             z3-4.8.8-eyrvfahiuzhemr2bscnxhghj5l57wztq/spack-src/build'\n>> 1195    make[1]: *** [src/math/lp/CMakeFiles/lp.dir/all] Error 2\n     1196    make[1]: *** Waiting for unfinished jobs....\n     1197    [ 46%] Building CXX object src/sat/tactic/CMakeFiles/sat_tactic.di\n             r/goal2sat.cpp.o\n     1198    cd /tmp/koparasy/spack-stage/spack-stage-z3-4.8.8-eyrvfahiuzhemr2b\n             scnxhghj5l57wztq/spack-src/build/src/sat/tactic && /p/vast1/kopara\n             sy/BUILD/head/spack/lib/spack/env/gcc/g++  -D_EXTERNAL_RELEASE -D_",
    "hemr2bscnxhghj5l57wztq/spack-src/src/tactic/core/collect_occs.cpp\n     1225    make[2]: Leaving directory `/tmp/koparasy/spack-stage/spack-stage-\n             z3-4.8.8-eyrvfahiuzhemr2bscnxhghj5l57wztq/spack-src/build'\n     1226    [ 50%] Built target core_tactics\n     1227    make[1]: Leaving directory `/tmp/koparasy/spack-stage/spack-stage-\n             z3-4.8.8-eyrvfahiuzhemr2bscnxhghj5l57wztq/spack-src/build'\n>> 1228    make: *** [all] Error 2\n\nSee build log for details:\n  /var/tmp/koparasy/spack-stage/spack-stage-z3-4.8.8-eyrvfahiuzhemr2bscnxhghj5l57wztq/spack-build-out.txt\n\nTraceback (most recent call last):\n  File \"/p/vast1/koparasy/BUILD/head/spack/lib/spack/spack/build_environment.py\", line 1035, in _setup_pkg_and_run"
]