[
    ">> 327    src/mpi4py.MPI.c:163192:33: error: 'PyTypeObject' {aka 'struct _typ\n            eobject'} has no member named 'tp_print'\n     328    163192 |   __pyx_type_6mpi4py_3MPI_Pickle.tp_print = 0;\n     329           |                                 ^\n     330    In file included from src/MPI.c:4:\n     331    src/mpi4py.MPI.c: In function '__Pyx_ParseOptionalKeywords':\n332    src/mpi4py.MPI.c:175146:21: warning: '_PyUnicode_get_wstr_length' i\n            s deprecated [-Wdeprecated-declarations]\n     333    175146 |                     (PyUnicode_GET_SIZE(**name) != PyUnico\n            de_GET_SIZE(key)) ? 1 :\n\n     ...",
    "nfigtest.o\n     39     /p/vast1/koparasy/BUILD/spack_cluster_installer/quartz/py-libensemb\n            le/spack_env_dir/linux-rhel7-broadwell/gcc-9.3.1/mpich-3.4-oos6gwsz\n            elolzfanpnpghhdq6uco6yiq/bin/mpicc _configtest.o -llmpe -o _configt\n            est\n  >> 40     /usr/tce/packages/gcc/gcc-9.3.1/rh/usr/bin/../libexec/gcc/x86_64-re\ndhat-linux/9/ld: cannot find -llmpe\n  >> 41     collect2: error: ld returned 1 exit status\n     42     failure.\n     43     removing: _configtest.c _configtest.o\n     44     building 'mpe' dylib library\n     45     creating build/temp.linux-x86_64-3.9\n     46     creating build/temp.linux-x86_64-3.9/src",
    "39     /p/vast1/koparasy/BUILD/spack_cluster_installer/quartz/py-libensemb\n            le/spack_env_dir/linux-rhel7-broadwell/gcc-9.3.1/mpich-3.4-oos6gwsz\n            elolzfanpnpghhdq6uco6yiq/bin/mpicc _configtest.o -llmpe -o _configt\n            est\n  >> 40     /usr/tce/packages/gcc/gcc-9.3.1/rh/usr/bin/../libexec/gcc/x86_64-re\n            dhat-linux/9/ld: cannot find -llmpe\n>> 41     collect2: error: ld returned 1 exit status\n     42     failure.\n     43     removing: _configtest.c _configtest.o\n     44     building 'mpe' dylib library\n     45     creating build/temp.linux-x86_64-3.9\n     46     creating build/temp.linux-x86_64-3.9/src\n     47     creating build/temp.linux-x86_64-3.9/src/lib-pmpi",
    "nfigtest.o\n     53     /p/vast1/koparasy/BUILD/spack_cluster_installer/quartz/py-libensemb\n            le/spack_env_dir/linux-rhel7-broadwell/gcc-9.3.1/mpich-3.4-oos6gwsz\n            elolzfanpnpghhdq6uco6yiq/bin/mpicc _configtest.o -lvt-mpi -o _confi\n            gtest\n  >> 54     /usr/tce/packages/gcc/gcc-9.3.1/rh/usr/bin/../libexec/gcc/x86_64-re\ndhat-linux/9/ld: cannot find -lvt-mpi\n  >> 55     collect2: error: ld returned 1 exit status\n     56     failure.\n     57     removing: _configtest.c _configtest.o\n     58     checking for library 'vt.mpi' ...\n     59     /p/vast1/koparasy/BUILD/spack_cluster_installer/quartz/py-libensemb\n            le/spack_env_dir/linux-rhel7-broadwell/gcc-9.3.1/mpich-3.4-oos6gwsz",
    "53     /p/vast1/koparasy/BUILD/spack_cluster_installer/quartz/py-libensemb\n            le/spack_env_dir/linux-rhel7-broadwell/gcc-9.3.1/mpich-3.4-oos6gwsz\n            elolzfanpnpghhdq6uco6yiq/bin/mpicc _configtest.o -lvt-mpi -o _confi\n            gtest\n  >> 54     /usr/tce/packages/gcc/gcc-9.3.1/rh/usr/bin/../libexec/gcc/x86_64-re\n            dhat-linux/9/ld: cannot find -lvt-mpi\n>> 55     collect2: error: ld returned 1 exit status\n     56     failure.\n     57     removing: _configtest.c _configtest.o\n     58     checking for library 'vt.mpi' ...\n     59     /p/vast1/koparasy/BUILD/spack_cluster_installer/quartz/py-libensemb\n            le/spack_env_dir/linux-rhel7-broadwell/gcc-9.3.1/mpich-3.4-oos6gwsz\n            elolzfanpnpghhdq6uco6yiq/bin/mpicc -Wno-unused-result -Wsign-compar",
    "nfigtest.o\n     60     /p/vast1/koparasy/BUILD/spack_cluster_installer/quartz/py-libensemb\n            le/spack_env_dir/linux-rhel7-broadwell/gcc-9.3.1/mpich-3.4-oos6gwsz\n            elolzfanpnpghhdq6uco6yiq/bin/mpicc _configtest.o -lvt.mpi -o _confi\n            gtest\n  >> 61     /usr/tce/packages/gcc/gcc-9.3.1/rh/usr/bin/../libexec/gcc/x86_64-re\ndhat-linux/9/ld: cannot find -lvt.mpi\n  >> 62     collect2: error: ld returned 1 exit status\n     63     failure.\n     64     removing: _configtest.c _configtest.o\n     65     building 'vt' dylib library\n     66     /p/vast1/koparasy/BUILD/spack_cluster_installer/quartz/py-libensemb\n            le/spack_env_dir/linux-rhel7-broadwell/gcc-9.3.1/mpich-3.4-oos6gwsz",
    "60     /p/vast1/koparasy/BUILD/spack_cluster_installer/quartz/py-libensemb\n            le/spack_env_dir/linux-rhel7-broadwell/gcc-9.3.1/mpich-3.4-oos6gwsz\n            elolzfanpnpghhdq6uco6yiq/bin/mpicc _configtest.o -lvt.mpi -o _confi\n            gtest\n  >> 61     /usr/tce/packages/gcc/gcc-9.3.1/rh/usr/bin/../libexec/gcc/x86_64-re\n            dhat-linux/9/ld: cannot find -lvt.mpi\n>> 62     collect2: error: ld returned 1 exit status\n     63     failure.\n     64     removing: _configtest.c _configtest.o\n     65     building 'vt' dylib library\n     66     /p/vast1/koparasy/BUILD/spack_cluster_installer/quartz/py-libensemb\n            le/spack_env_dir/linux-rhel7-broadwell/gcc-9.3.1/mpich-3.4-oos6gwsz\n            elolzfanpnpghhdq6uco6yiq/bin/mpicc -Wno-unused-result -Wsign-compar",
    "nfigtest.o\n     70     /p/vast1/koparasy/BUILD/spack_cluster_installer/quartz/py-libensemb\n            le/spack_env_dir/linux-rhel7-broadwell/gcc-9.3.1/mpich-3.4-oos6gwsz\n            elolzfanpnpghhdq6uco6yiq/bin/mpicc _configtest.o -lvt-mpi -o _confi\n            gtest\n  >> 71     /usr/tce/packages/gcc/gcc-9.3.1/rh/usr/bin/../libexec/gcc/x86_64-re\ndhat-linux/9/ld: cannot find -lvt-mpi\n  >> 72     collect2: error: ld returned 1 exit status\n     73     failure.\n     74     removing: _configtest.c _configtest.o\n     75     checking for library 'vt.mpi' ...\n     76     /p/vast1/koparasy/BUILD/spack_cluster_installer/quartz/py-libensemb\n            le/spack_env_dir/linux-rhel7-broadwell/gcc-9.3.1/mpich-3.4-oos6gwsz",
    "70     /p/vast1/koparasy/BUILD/spack_cluster_installer/quartz/py-libensemb\n            le/spack_env_dir/linux-rhel7-broadwell/gcc-9.3.1/mpich-3.4-oos6gwsz\n            elolzfanpnpghhdq6uco6yiq/bin/mpicc _configtest.o -lvt-mpi -o _confi\n            gtest\n  >> 71     /usr/tce/packages/gcc/gcc-9.3.1/rh/usr/bin/../libexec/gcc/x86_64-re\n            dhat-linux/9/ld: cannot find -lvt-mpi\n>> 72     collect2: error: ld returned 1 exit status\n     73     failure.\n     74     removing: _configtest.c _configtest.o\n     75     checking for library 'vt.mpi' ...\n     76     /p/vast1/koparasy/BUILD/spack_cluster_installer/quartz/py-libensemb\n            le/spack_env_dir/linux-rhel7-broadwell/gcc-9.3.1/mpich-3.4-oos6gwsz\n            elolzfanpnpghhdq6uco6yiq/bin/mpicc -Wno-unused-result -Wsign-compar",
    "nfigtest.o\n     77     /p/vast1/koparasy/BUILD/spack_cluster_installer/quartz/py-libensemb\n            le/spack_env_dir/linux-rhel7-broadwell/gcc-9.3.1/mpich-3.4-oos6gwsz\n            elolzfanpnpghhdq6uco6yiq/bin/mpicc _configtest.o -lvt.mpi -o _confi\n            gtest\n  >> 78     /usr/tce/packages/gcc/gcc-9.3.1/rh/usr/bin/../libexec/gcc/x86_64-re\ndhat-linux/9/ld: cannot find -lvt.mpi\n  >> 79     collect2: error: ld returned 1 exit status\n     80     failure.\n     81     removing: _configtest.c _configtest.o\n     82     building 'vt-mpi' dylib library\n     83     /p/vast1/koparasy/BUILD/spack_cluster_installer/quartz/py-libensemb\n            le/spack_env_dir/linux-rhel7-broadwell/gcc-9.3.1/mpich-3.4-oos6gwsz",
    "77     /p/vast1/koparasy/BUILD/spack_cluster_installer/quartz/py-libensemb\n            le/spack_env_dir/linux-rhel7-broadwell/gcc-9.3.1/mpich-3.4-oos6gwsz\n            elolzfanpnpghhdq6uco6yiq/bin/mpicc _configtest.o -lvt.mpi -o _confi\n            gtest\n  >> 78     /usr/tce/packages/gcc/gcc-9.3.1/rh/usr/bin/../libexec/gcc/x86_64-re\n            dhat-linux/9/ld: cannot find -lvt.mpi\n>> 79     collect2: error: ld returned 1 exit status\n     80     failure.\n     81     removing: _configtest.c _configtest.o\n     82     building 'vt-mpi' dylib library\n     83     /p/vast1/koparasy/BUILD/spack_cluster_installer/quartz/py-libensemb\n            le/spack_env_dir/linux-rhel7-broadwell/gcc-9.3.1/mpich-3.4-oos6gwsz\n            elolzfanpnpghhdq6uco6yiq/bin/mpicc -Wno-unused-result -Wsign-compar",
    "nfigtest.o\n     87     /p/vast1/koparasy/BUILD/spack_cluster_installer/quartz/py-libensemb\n            le/spack_env_dir/linux-rhel7-broadwell/gcc-9.3.1/mpich-3.4-oos6gwsz\n            elolzfanpnpghhdq6uco6yiq/bin/mpicc _configtest.o -lvt-hyb -o _confi\n            gtest\n  >> 88     /usr/tce/packages/gcc/gcc-9.3.1/rh/usr/bin/../libexec/gcc/x86_64-re\ndhat-linux/9/ld: cannot find -lvt-hyb\n  >> 89     collect2: error: ld returned 1 exit status\n     90     failure.\n     91     removing: _configtest.c _configtest.o\n     92     checking for library 'vt.ompi' ...\n     93     /p/vast1/koparasy/BUILD/spack_cluster_installer/quartz/py-libensemb\n            le/spack_env_dir/linux-rhel7-broadwell/gcc-9.3.1/mpich-3.4-oos6gwsz",
    "87     /p/vast1/koparasy/BUILD/spack_cluster_installer/quartz/py-libensemb\n            le/spack_env_dir/linux-rhel7-broadwell/gcc-9.3.1/mpich-3.4-oos6gwsz\n            elolzfanpnpghhdq6uco6yiq/bin/mpicc _configtest.o -lvt-hyb -o _confi\n            gtest\n  >> 88     /usr/tce/packages/gcc/gcc-9.3.1/rh/usr/bin/../libexec/gcc/x86_64-re\n            dhat-linux/9/ld: cannot find -lvt-hyb\n>> 89     collect2: error: ld returned 1 exit status\n     90     failure.\n     91     removing: _configtest.c _configtest.o\n     92     checking for library 'vt.ompi' ...\n     93     /p/vast1/koparasy/BUILD/spack_cluster_installer/quartz/py-libensemb\n            le/spack_env_dir/linux-rhel7-broadwell/gcc-9.3.1/mpich-3.4-oos6gwsz\n            elolzfanpnpghhdq6uco6yiq/bin/mpicc -Wno-unused-result -Wsign-compar",
    "nfigtest.o\n     94     /p/vast1/koparasy/BUILD/spack_cluster_installer/quartz/py-libensemb\n            le/spack_env_dir/linux-rhel7-broadwell/gcc-9.3.1/mpich-3.4-oos6gwsz\n            elolzfanpnpghhdq6uco6yiq/bin/mpicc _configtest.o -lvt.ompi -o _conf\n            igtest\n  >> 95     /usr/tce/packages/gcc/gcc-9.3.1/rh/usr/bin/../libexec/gcc/x86_64-re\ndhat-linux/9/ld: cannot find -lvt.ompi\n  >> 96     collect2: error: ld returned 1 exit status\n     97     failure.\n     98     removing: _configtest.c _configtest.o\n     99     building 'vt-hyb' dylib library\n     100    /p/vast1/koparasy/BUILD/spack_cluster_installer/quartz/py-libensemb\n            le/spack_env_dir/linux-rhel7-broadwell/gcc-9.3.1/mpich-3.4-oos6gwsz",
    "94     /p/vast1/koparasy/BUILD/spack_cluster_installer/quartz/py-libensemb\n            le/spack_env_dir/linux-rhel7-broadwell/gcc-9.3.1/mpich-3.4-oos6gwsz\n            elolzfanpnpghhdq6uco6yiq/bin/mpicc _configtest.o -lvt.ompi -o _conf\n            igtest\n  >> 95     /usr/tce/packages/gcc/gcc-9.3.1/rh/usr/bin/../libexec/gcc/x86_64-re\n            dhat-linux/9/ld: cannot find -lvt.ompi\n>> 96     collect2: error: ld returned 1 exit status\n     97     failure.\n     98     removing: _configtest.c _configtest.o\n     99     building 'vt-hyb' dylib library\n     100    /p/vast1/koparasy/BUILD/spack_cluster_installer/quartz/py-libensemb\n            le/spack_env_dir/linux-rhel7-broadwell/gcc-9.3.1/mpich-3.4-oos6gwsz\n            elolzfanpnpghhdq6uco6yiq/bin/mpicc -Wno-unused-result -Wsign-compar",
    "te: declared here\n     233      334 | Py_DEPRECATED(3.0) PyAPI_FUNC(int) PyObject_CheckReadBuffer\n            (PyObject *obj);\n     234          |                                    ^~~~~~~~~~~~~~~~~~~~~~~~\n     235    In file included from src/MPI.c:4:\n     236    src/mpi4py.MPI.c: In function 'PyInit_MPI':\n>> 237    src/mpi4py.MPI.c:163012:19: error: 'PyTypeObject' {aka 'struct _typ\n            eobject'} has no member named 'tp_print'\n     238    163012 |   PyMPIStatus_Type.tp_print = 0;\n     239           |                   ^\n  >> 240    src/mpi4py.MPI.c:163016:21: error: 'PyTypeObject' {aka 'struct _typ\n            eobject'} has no member named 'tp_print'\n     241    163016 |   PyMPIDatatype_Type.tp_print = 0;",
    "235    In file included from src/MPI.c:4:\n     236    src/mpi4py.MPI.c: In function 'PyInit_MPI':\n  >> 237    src/mpi4py.MPI.c:163012:19: error: 'PyTypeObject' {aka 'struct _typ\n            eobject'} has no member named 'tp_print'\n     238    163012 |   PyMPIStatus_Type.tp_print = 0;\n     239           |                   ^\n>> 240    src/mpi4py.MPI.c:163016:21: error: 'PyTypeObject' {aka 'struct _typ\n            eobject'} has no member named 'tp_print'\n     241    163016 |   PyMPIDatatype_Type.tp_print = 0;\n     242           |                     ^\n  >> 243    src/mpi4py.MPI.c:163020:20: error: 'PyTypeObject' {aka 'struct _typ\n            eobject'} has no member named 'tp_print'\n     244    163020 |   PyMPIRequest_Type.tp_print = 0;",
    "238    163012 |   PyMPIStatus_Type.tp_print = 0;\n     239           |                   ^\n  >> 240    src/mpi4py.MPI.c:163016:21: error: 'PyTypeObject' {aka 'struct _typ\n            eobject'} has no member named 'tp_print'\n     241    163016 |   PyMPIDatatype_Type.tp_print = 0;\n     242           |                     ^\n>> 243    src/mpi4py.MPI.c:163020:20: error: 'PyTypeObject' {aka 'struct _typ\n            eobject'} has no member named 'tp_print'\n     244    163020 |   PyMPIRequest_Type.tp_print = 0;\n     245           |                    ^\n  >> 246    src/mpi4py.MPI.c:163025:21: error: 'PyTypeObject' {aka 'struct _typ\n            eobject'} has no member named 'tp_print'\n     247    163025 |   PyMPIPrequest_Type.tp_print = 0;",
    "241    163016 |   PyMPIDatatype_Type.tp_print = 0;\n     242           |                     ^\n  >> 243    src/mpi4py.MPI.c:163020:20: error: 'PyTypeObject' {aka 'struct _typ\n            eobject'} has no member named 'tp_print'\n     244    163020 |   PyMPIRequest_Type.tp_print = 0;\n     245           |                    ^\n>> 246    src/mpi4py.MPI.c:163025:21: error: 'PyTypeObject' {aka 'struct _typ\n            eobject'} has no member named 'tp_print'\n     247    163025 |   PyMPIPrequest_Type.tp_print = 0;\n     248           |                     ^\n  >> 249    src/mpi4py.MPI.c:163030:21: error: 'PyTypeObject' {aka 'struct _typ\n            eobject'} has no member named 'tp_print'\n     250    163030 |   PyMPIGrequest_Type.tp_print = 0;",
    "244    163020 |   PyMPIRequest_Type.tp_print = 0;\n     245           |                    ^\n  >> 246    src/mpi4py.MPI.c:163025:21: error: 'PyTypeObject' {aka 'struct _typ\n            eobject'} has no member named 'tp_print'\n     247    163025 |   PyMPIPrequest_Type.tp_print = 0;\n     248           |                     ^\n>> 249    src/mpi4py.MPI.c:163030:21: error: 'PyTypeObject' {aka 'struct _typ\n            eobject'} has no member named 'tp_print'\n     250    163030 |   PyMPIGrequest_Type.tp_print = 0;\n     251           |                     ^\n  >> 252    src/mpi4py.MPI.c:163034:20: error: 'PyTypeObject' {aka 'struct _typ\n            eobject'} has no member named 'tp_print'\n     253    163034 |   PyMPIMessage_Type.tp_print = 0;",
    "247    163025 |   PyMPIPrequest_Type.tp_print = 0;\n     248           |                     ^\n  >> 249    src/mpi4py.MPI.c:163030:21: error: 'PyTypeObject' {aka 'struct _typ\n            eobject'} has no member named 'tp_print'\n     250    163030 |   PyMPIGrequest_Type.tp_print = 0;\n     251           |                     ^\n>> 252    src/mpi4py.MPI.c:163034:20: error: 'PyTypeObject' {aka 'struct _typ\n            eobject'} has no member named 'tp_print'\n     253    163034 |   PyMPIMessage_Type.tp_print = 0;\n     254           |                    ^\n  >> 255    src/mpi4py.MPI.c:163038:15: error: 'PyTypeObject' {aka 'struct _typ\n            eobject'} has no member named 'tp_print'\n     256    163038 |   PyMPIOp_Type.tp_print = 0;",
    "250    163030 |   PyMPIGrequest_Type.tp_print = 0;\n     251           |                     ^\n  >> 252    src/mpi4py.MPI.c:163034:20: error: 'PyTypeObject' {aka 'struct _typ\n            eobject'} has no member named 'tp_print'\n     253    163034 |   PyMPIMessage_Type.tp_print = 0;\n     254           |                    ^\n>> 255    src/mpi4py.MPI.c:163038:15: error: 'PyTypeObject' {aka 'struct _typ\n            eobject'} has no member named 'tp_print'\n     256    163038 |   PyMPIOp_Type.tp_print = 0;\n     257           |               ^\n  >> 258    src/mpi4py.MPI.c:163042:18: error: 'PyTypeObject' {aka 'struct _typ\n            eobject'} has no member named 'tp_print'\n     259    163042 |   PyMPIGroup_Type.tp_print = 0;",
    "253    163034 |   PyMPIMessage_Type.tp_print = 0;\n     254           |                    ^\n  >> 255    src/mpi4py.MPI.c:163038:15: error: 'PyTypeObject' {aka 'struct _typ\n            eobject'} has no member named 'tp_print'\n     256    163038 |   PyMPIOp_Type.tp_print = 0;\n     257           |               ^\n>> 258    src/mpi4py.MPI.c:163042:18: error: 'PyTypeObject' {aka 'struct _typ\n            eobject'} has no member named 'tp_print'\n     259    163042 |   PyMPIGroup_Type.tp_print = 0;\n     260           |                  ^\n  >> 261    src/mpi4py.MPI.c:163046:17: error: 'PyTypeObject' {aka 'struct _typ\n            eobject'} has no member named 'tp_print'\n     262    163046 |   PyMPIInfo_Type.tp_print = 0;",
    "256    163038 |   PyMPIOp_Type.tp_print = 0;\n     257           |               ^\n  >> 258    src/mpi4py.MPI.c:163042:18: error: 'PyTypeObject' {aka 'struct _typ\n            eobject'} has no member named 'tp_print'\n     259    163042 |   PyMPIGroup_Type.tp_print = 0;\n     260           |                  ^\n>> 261    src/mpi4py.MPI.c:163046:17: error: 'PyTypeObject' {aka 'struct _typ\n            eobject'} has no member named 'tp_print'\n     262    163046 |   PyMPIInfo_Type.tp_print = 0;\n     263           |                 ^\n  >> 264    src/mpi4py.MPI.c:163050:23: error: 'PyTypeObject' {aka 'struct _typ\n            eobject'} has no member named 'tp_print'\n     265    163050 |   PyMPIErrhandler_Type.tp_print = 0;",
    "259    163042 |   PyMPIGroup_Type.tp_print = 0;\n     260           |                  ^\n  >> 261    src/mpi4py.MPI.c:163046:17: error: 'PyTypeObject' {aka 'struct _typ\n            eobject'} has no member named 'tp_print'\n     262    163046 |   PyMPIInfo_Type.tp_print = 0;\n     263           |                 ^\n>> 264    src/mpi4py.MPI.c:163050:23: error: 'PyTypeObject' {aka 'struct _typ\n            eobject'} has no member named 'tp_print'\n     265    163050 |   PyMPIErrhandler_Type.tp_print = 0;\n     266           |                       ^\n  >> 267    src/mpi4py.MPI.c:163054:17: error: 'PyTypeObject' {aka 'struct _typ\n            eobject'} has no member named 'tp_print'\n     268    163054 |   PyMPIComm_Type.tp_print = 0;",
    "262    163046 |   PyMPIInfo_Type.tp_print = 0;\n     263           |                 ^\n  >> 264    src/mpi4py.MPI.c:163050:23: error: 'PyTypeObject' {aka 'struct _typ\n            eobject'} has no member named 'tp_print'\n     265    163050 |   PyMPIErrhandler_Type.tp_print = 0;\n     266           |                       ^\n>> 267    src/mpi4py.MPI.c:163054:17: error: 'PyTypeObject' {aka 'struct _typ\n            eobject'} has no member named 'tp_print'\n     268    163054 |   PyMPIComm_Type.tp_print = 0;\n     269           |                 ^\n  >> 270    src/mpi4py.MPI.c:163059:22: error: 'PyTypeObject' {aka 'struct _typ\n            eobject'} has no member named 'tp_print'\n     271    163059 |   PyMPIIntracomm_Type.tp_print = 0;",
    "265    163050 |   PyMPIErrhandler_Type.tp_print = 0;\n     266           |                       ^\n  >> 267    src/mpi4py.MPI.c:163054:17: error: 'PyTypeObject' {aka 'struct _typ\n            eobject'} has no member named 'tp_print'\n     268    163054 |   PyMPIComm_Type.tp_print = 0;\n     269           |                 ^\n>> 270    src/mpi4py.MPI.c:163059:22: error: 'PyTypeObject' {aka 'struct _typ\n            eobject'} has no member named 'tp_print'\n     271    163059 |   PyMPIIntracomm_Type.tp_print = 0;\n     272           |                      ^\n  >> 273    src/mpi4py.MPI.c:163064:21: error: 'PyTypeObject' {aka 'struct _typ\n            eobject'} has no member named 'tp_print'\n     274    163064 |   PyMPITopocomm_Type.tp_print = 0;",
    "268    163054 |   PyMPIComm_Type.tp_print = 0;\n     269           |                 ^\n  >> 270    src/mpi4py.MPI.c:163059:22: error: 'PyTypeObject' {aka 'struct _typ\n            eobject'} has no member named 'tp_print'\n     271    163059 |   PyMPIIntracomm_Type.tp_print = 0;\n     272           |                      ^\n>> 273    src/mpi4py.MPI.c:163064:21: error: 'PyTypeObject' {aka 'struct _typ\n            eobject'} has no member named 'tp_print'\n     274    163064 |   PyMPITopocomm_Type.tp_print = 0;\n     275           |                     ^\n  >> 276    src/mpi4py.MPI.c:163069:21: error: 'PyTypeObject' {aka 'struct _typ\n            eobject'} has no member named 'tp_print'\n     277    163069 |   PyMPICartcomm_Type.tp_print = 0;",
    "271    163059 |   PyMPIIntracomm_Type.tp_print = 0;\n     272           |                      ^\n  >> 273    src/mpi4py.MPI.c:163064:21: error: 'PyTypeObject' {aka 'struct _typ\n            eobject'} has no member named 'tp_print'\n     274    163064 |   PyMPITopocomm_Type.tp_print = 0;\n     275           |                     ^\n>> 276    src/mpi4py.MPI.c:163069:21: error: 'PyTypeObject' {aka 'struct _typ\n            eobject'} has no member named 'tp_print'\n     277    163069 |   PyMPICartcomm_Type.tp_print = 0;\n     278           |                     ^\n  >> 279    src/mpi4py.MPI.c:163074:22: error: 'PyTypeObject' {aka 'struct _typ\n            eobject'} has no member named 'tp_print'\n     280    163074 |   PyMPIGraphcomm_Type.tp_print = 0;",
    "274    163064 |   PyMPITopocomm_Type.tp_print = 0;\n     275           |                     ^\n  >> 276    src/mpi4py.MPI.c:163069:21: error: 'PyTypeObject' {aka 'struct _typ\n            eobject'} has no member named 'tp_print'\n     277    163069 |   PyMPICartcomm_Type.tp_print = 0;\n     278           |                     ^\n>> 279    src/mpi4py.MPI.c:163074:22: error: 'PyTypeObject' {aka 'struct _typ\n            eobject'} has no member named 'tp_print'\n     280    163074 |   PyMPIGraphcomm_Type.tp_print = 0;\n     281           |                      ^\n  >> 282    src/mpi4py.MPI.c:163079:26: error: 'PyTypeObject' {aka 'struct _typ\n            eobject'} has no member named 'tp_print'\n     283    163079 |   PyMPIDistgraphcomm_Type.tp_print = 0;",
    "277    163069 |   PyMPICartcomm_Type.tp_print = 0;\n     278           |                     ^\n  >> 279    src/mpi4py.MPI.c:163074:22: error: 'PyTypeObject' {aka 'struct _typ\n            eobject'} has no member named 'tp_print'\n     280    163074 |   PyMPIGraphcomm_Type.tp_print = 0;\n     281           |                      ^\n>> 282    src/mpi4py.MPI.c:163079:26: error: 'PyTypeObject' {aka 'struct _typ\n            eobject'} has no member named 'tp_print'\n     283    163079 |   PyMPIDistgraphcomm_Type.tp_print = 0;\n     284           |                          ^\n  >> 285    src/mpi4py.MPI.c:163084:22: error: 'PyTypeObject' {aka 'struct _typ\n            eobject'} has no member named 'tp_print'\n     286    163084 |   PyMPIIntercomm_Type.tp_print = 0;",
    "280    163074 |   PyMPIGraphcomm_Type.tp_print = 0;\n     281           |                      ^\n  >> 282    src/mpi4py.MPI.c:163079:26: error: 'PyTypeObject' {aka 'struct _typ\n            eobject'} has no member named 'tp_print'\n     283    163079 |   PyMPIDistgraphcomm_Type.tp_print = 0;\n     284           |                          ^\n>> 285    src/mpi4py.MPI.c:163084:22: error: 'PyTypeObject' {aka 'struct _typ\n            eobject'} has no member named 'tp_print'\n     286    163084 |   PyMPIIntercomm_Type.tp_print = 0;\n     287           |                      ^\n  >> 288    src/mpi4py.MPI.c:163088:16: error: 'PyTypeObject' {aka 'struct _typ\n            eobject'} has no member named 'tp_print'\n     289    163088 |   PyMPIWin_Type.tp_print = 0;",
    "283    163079 |   PyMPIDistgraphcomm_Type.tp_print = 0;\n     284           |                          ^\n  >> 285    src/mpi4py.MPI.c:163084:22: error: 'PyTypeObject' {aka 'struct _typ\n            eobject'} has no member named 'tp_print'\n     286    163084 |   PyMPIIntercomm_Type.tp_print = 0;\n     287           |                      ^\n>> 288    src/mpi4py.MPI.c:163088:16: error: 'PyTypeObject' {aka 'struct _typ\n            eobject'} has no member named 'tp_print'\n     289    163088 |   PyMPIWin_Type.tp_print = 0;\n     290           |                ^\n  >> 291    src/mpi4py.MPI.c:163092:17: error: 'PyTypeObject' {aka 'struct _typ\n            eobject'} has no member named 'tp_print'\n     292    163092 |   PyMPIFile_Type.tp_print = 0;",
    "286    163084 |   PyMPIIntercomm_Type.tp_print = 0;\n     287           |                      ^\n  >> 288    src/mpi4py.MPI.c:163088:16: error: 'PyTypeObject' {aka 'struct _typ\n            eobject'} has no member named 'tp_print'\n     289    163088 |   PyMPIWin_Type.tp_print = 0;\n     290           |                ^\n>> 291    src/mpi4py.MPI.c:163092:17: error: 'PyTypeObject' {aka 'struct _typ\n            eobject'} has no member named 'tp_print'\n     292    163092 |   PyMPIFile_Type.tp_print = 0;\n     293           |                 ^\n  >> 294    src/mpi4py.MPI.c:163096:33: error: 'PyTypeObject' {aka 'struct _typ\n            eobject'} has no member named 'tp_print'\n     295    163096 |   __pyx_type_6mpi4py_3MPI_memory.tp_print = 0;",
    "289    163088 |   PyMPIWin_Type.tp_print = 0;\n     290           |                ^\n  >> 291    src/mpi4py.MPI.c:163092:17: error: 'PyTypeObject' {aka 'struct _typ\n            eobject'} has no member named 'tp_print'\n     292    163092 |   PyMPIFile_Type.tp_print = 0;\n     293           |                 ^\n>> 294    src/mpi4py.MPI.c:163096:33: error: 'PyTypeObject' {aka 'struct _typ\n            eobject'} has no member named 'tp_print'\n     295    163096 |   __pyx_type_6mpi4py_3MPI_memory.tp_print = 0;\n     296           |                                 ^\n  >> 297    src/mpi4py.MPI.c:163100:33: error: 'PyTypeObject' {aka 'struct _typ\n            eobject'} has no member named 'tp_print'\n     298    163100 |   __pyx_type_6mpi4py_3MPI__p_mem.tp_print = 0;",
    "292    163092 |   PyMPIFile_Type.tp_print = 0;\n     293           |                 ^\n  >> 294    src/mpi4py.MPI.c:163096:33: error: 'PyTypeObject' {aka 'struct _typ\n            eobject'} has no member named 'tp_print'\n     295    163096 |   __pyx_type_6mpi4py_3MPI_memory.tp_print = 0;\n     296           |                                 ^\n>> 297    src/mpi4py.MPI.c:163100:33: error: 'PyTypeObject' {aka 'struct _typ\n            eobject'} has no member named 'tp_print'\n     298    163100 |   __pyx_type_6mpi4py_3MPI__p_mem.tp_print = 0;\n     299           |                                 ^\n  >> 300    src/mpi4py.MPI.c:163107:34: error: 'PyTypeObject' {aka 'struct _typ\n            eobject'} has no member named 'tp_print'\n     301    163107 |   __pyx_type_6mpi4py_3MPI__p_greq.tp_print = 0;",
    "295    163096 |   __pyx_type_6mpi4py_3MPI_memory.tp_print = 0;\n     296           |                                 ^\n  >> 297    src/mpi4py.MPI.c:163100:33: error: 'PyTypeObject' {aka 'struct _typ\n            eobject'} has no member named 'tp_print'\n     298    163100 |   __pyx_type_6mpi4py_3MPI__p_mem.tp_print = 0;\n     299           |                                 ^\n>> 300    src/mpi4py.MPI.c:163107:34: error: 'PyTypeObject' {aka 'struct _typ\n            eobject'} has no member named 'tp_print'\n     301    163107 |   __pyx_type_6mpi4py_3MPI__p_greq.tp_print = 0;\n     302           |                                  ^\n  >> 303    src/mpi4py.MPI.c:163115:37: error: 'PyTypeObject' {aka 'struct _typ\n            eobject'} has no member named 'tp_print'\n     304    163115 |   __pyx_type_6mpi4py_3MPI__p_datarep.tp_print = 0;",
    "298    163100 |   __pyx_type_6mpi4py_3MPI__p_mem.tp_print = 0;\n     299           |                                 ^\n  >> 300    src/mpi4py.MPI.c:163107:34: error: 'PyTypeObject' {aka 'struct _typ\n            eobject'} has no member named 'tp_print'\n     301    163107 |   __pyx_type_6mpi4py_3MPI__p_greq.tp_print = 0;\n     302           |                                  ^\n>> 303    src/mpi4py.MPI.c:163115:37: error: 'PyTypeObject' {aka 'struct _typ\n            eobject'} has no member named 'tp_print'\n     304    163115 |   __pyx_type_6mpi4py_3MPI__p_datarep.tp_print = 0;\n     305           |                                     ^\n  >> 306    src/mpi4py.MPI.c:163119:36: error: 'PyTypeObject' {aka 'struct _typ\n            eobject'} has no member named 'tp_print'\n     307    163119 |   __pyx_type_6mpi4py_3MPI__p_keyval.tp_print = 0;",
    "301    163107 |   __pyx_type_6mpi4py_3MPI__p_greq.tp_print = 0;\n     302           |                                  ^\n  >> 303    src/mpi4py.MPI.c:163115:37: error: 'PyTypeObject' {aka 'struct _typ\n            eobject'} has no member named 'tp_print'\n     304    163115 |   __pyx_type_6mpi4py_3MPI__p_datarep.tp_print = 0;\n     305           |                                     ^\n>> 306    src/mpi4py.MPI.c:163119:36: error: 'PyTypeObject' {aka 'struct _typ\n            eobject'} has no member named 'tp_print'\n     307    163119 |   __pyx_type_6mpi4py_3MPI__p_keyval.tp_print = 0;\n     308           |                                    ^\n  >> 309    src/mpi4py.MPI.c:163122:37: error: 'PyTypeObject' {aka 'struct _typ\n            eobject'} has no member named 'tp_print'\n     310    163122 |   __pyx_type_6mpi4py_3MPI__p_message.tp_print = 0;",
    "304    163115 |   __pyx_type_6mpi4py_3MPI__p_datarep.tp_print = 0;\n     305           |                                     ^\n  >> 306    src/mpi4py.MPI.c:163119:36: error: 'PyTypeObject' {aka 'struct _typ\n            eobject'} has no member named 'tp_print'\n     307    163119 |   __pyx_type_6mpi4py_3MPI__p_keyval.tp_print = 0;\n     308           |                                    ^\n>> 309    src/mpi4py.MPI.c:163122:37: error: 'PyTypeObject' {aka 'struct _typ\n            eobject'} has no member named 'tp_print'\n     310    163122 |   __pyx_type_6mpi4py_3MPI__p_message.tp_print = 0;\n     311           |                                     ^\n  >> 312    src/mpi4py.MPI.c:163128:37: error: 'PyTypeObject' {aka 'struct _typ\n            eobject'} has no member named 'tp_print'\n     313    163128 |   __pyx_type_6mpi4py_3MPI__p_msg_p2p.tp_print = 0;",
    "307    163119 |   __pyx_type_6mpi4py_3MPI__p_keyval.tp_print = 0;\n     308           |                                    ^\n  >> 309    src/mpi4py.MPI.c:163122:37: error: 'PyTypeObject' {aka 'struct _typ\n            eobject'} has no member named 'tp_print'\n     310    163122 |   __pyx_type_6mpi4py_3MPI__p_message.tp_print = 0;\n     311           |                                     ^\n>> 312    src/mpi4py.MPI.c:163128:37: error: 'PyTypeObject' {aka 'struct _typ\n            eobject'} has no member named 'tp_print'\n     313    163128 |   __pyx_type_6mpi4py_3MPI__p_msg_p2p.tp_print = 0;\n     314           |                                     ^\n  >> 315    src/mpi4py.MPI.c:163150:37: error: 'PyTypeObject' {aka 'struct _typ\n            eobject'} has no member named 'tp_print'\n     316    163150 |   __pyx_type_6mpi4py_3MPI__p_msg_cco.tp_print = 0;",
    "310    163122 |   __pyx_type_6mpi4py_3MPI__p_message.tp_print = 0;\n     311           |                                     ^\n  >> 312    src/mpi4py.MPI.c:163128:37: error: 'PyTypeObject' {aka 'struct _typ\n            eobject'} has no member named 'tp_print'\n     313    163128 |   __pyx_type_6mpi4py_3MPI__p_msg_p2p.tp_print = 0;\n     314           |                                     ^\n>> 315    src/mpi4py.MPI.c:163150:37: error: 'PyTypeObject' {aka 'struct _typ\n            eobject'} has no member named 'tp_print'\n     316    163150 |   __pyx_type_6mpi4py_3MPI__p_msg_cco.tp_print = 0;\n     317           |                                     ^\n  >> 318    src/mpi4py.MPI.c:163157:38: error: 'PyTypeObject' {aka 'struct _typ\n            eobject'} has no member named 'tp_print'\n     319    163157 |   __pyx_type_6mpi4py_3MPI__p_msg_ccow.tp_print = 0;",
    "313    163128 |   __pyx_type_6mpi4py_3MPI__p_msg_p2p.tp_print = 0;\n     314           |                                     ^\n  >> 315    src/mpi4py.MPI.c:163150:37: error: 'PyTypeObject' {aka 'struct _typ\n            eobject'} has no member named 'tp_print'\n     316    163150 |   __pyx_type_6mpi4py_3MPI__p_msg_cco.tp_print = 0;\n     317           |                                     ^\n>> 318    src/mpi4py.MPI.c:163157:38: error: 'PyTypeObject' {aka 'struct _typ\n            eobject'} has no member named 'tp_print'\n     319    163157 |   __pyx_type_6mpi4py_3MPI__p_msg_ccow.tp_print = 0;\n     320           |                                      ^\n  >> 321    src/mpi4py.MPI.c:163172:37: error: 'PyTypeObject' {aka 'struct _typ\n            eobject'} has no member named 'tp_print'\n     322    163172 |   __pyx_type_6mpi4py_3MPI__p_msg_rma.tp_print = 0;",
    "316    163150 |   __pyx_type_6mpi4py_3MPI__p_msg_cco.tp_print = 0;\n     317           |                                     ^\n  >> 318    src/mpi4py.MPI.c:163157:38: error: 'PyTypeObject' {aka 'struct _typ\n            eobject'} has no member named 'tp_print'\n     319    163157 |   __pyx_type_6mpi4py_3MPI__p_msg_ccow.tp_print = 0;\n     320           |                                      ^\n>> 321    src/mpi4py.MPI.c:163172:37: error: 'PyTypeObject' {aka 'struct _typ\n            eobject'} has no member named 'tp_print'\n     322    163172 |   __pyx_type_6mpi4py_3MPI__p_msg_rma.tp_print = 0;\n     323           |                                     ^\n  >> 324    src/mpi4py.MPI.c:163179:36: error: 'PyTypeObject' {aka 'struct _typ\n            eobject'} has no member named 'tp_print'\n     325    163179 |   __pyx_type_6mpi4py_3MPI__p_msg_io.tp_print = 0;",
    "319    163157 |   __pyx_type_6mpi4py_3MPI__p_msg_ccow.tp_print = 0;\n     320           |                                      ^\n  >> 321    src/mpi4py.MPI.c:163172:37: error: 'PyTypeObject' {aka 'struct _typ\n            eobject'} has no member named 'tp_print'\n     322    163172 |   __pyx_type_6mpi4py_3MPI__p_msg_rma.tp_print = 0;\n     323           |                                     ^\n>> 324    src/mpi4py.MPI.c:163179:36: error: 'PyTypeObject' {aka 'struct _typ\n            eobject'} has no member named 'tp_print'\n     325    163179 |   __pyx_type_6mpi4py_3MPI__p_msg_io.tp_print = 0;\n     326           |                                    ^\n  >> 327    src/mpi4py.MPI.c:163192:33: error: 'PyTypeObject' {aka 'struct _typ\n            eobject'} has no member named 'tp_print'\n     328    163192 |   __pyx_type_6mpi4py_3MPI_Pickle.tp_print = 0;",
    "322    163172 |   __pyx_type_6mpi4py_3MPI__p_msg_rma.tp_print = 0;\n     323           |                                     ^\n  >> 324    src/mpi4py.MPI.c:163179:36: error: 'PyTypeObject' {aka 'struct _typ\n            eobject'} has no member named 'tp_print'\n     325    163179 |   __pyx_type_6mpi4py_3MPI__p_msg_io.tp_print = 0;\n     326           |                                    ^\n>> 327    src/mpi4py.MPI.c:163192:33: error: 'PyTypeObject' {aka 'struct _typ\n            eobject'} has no member named 'tp_print'\n     328    163192 |   __pyx_type_6mpi4py_3MPI_Pickle.tp_print = 0;\n     329           |                                 ^\n     330    In file included from src/MPI.c:4:\n     331    src/mpi4py.MPI.c: In function '__Pyx_ParseOptionalKeywords':\n     332    src/mpi4py.MPI.c:175146:21: warning: '_PyUnicode_get_wstr_length' i"
]