[
    "antiation of 'Omega_h::promoted_t<T> Omega_h::get_sum(Omega_h::Read\n            <T>) [with T = signed char; Omega_h::promoted_t<T> = int]':\n     201    /var/tmp/koparasy/spack-stage/spack-stage-omega-h-9.27.0-kkgbkylnyg\n            dzcdhcxnzn57t2a2mbrepd/spack-src/src/Omega_h_array_ops.cpp:610:1:\n             required from here\n  >> 202    /var/tmp/koparasy/spack-stage/spack-stage-omega-h-9.27.0-kkgbkylnyg\ndzcdhcxnzn57t2a2mbrepd/spack-src/src/Omega_h_macros.h:45:29: error:\n             base operand of '->' has non-pointer type 'Omega_h::get_sum(Omega_\n            h::Read<T>) [with T = signed char; Omega_h::promoted_t<T> = int]::<\n            lambda(signed char)>'\n     203       45 | #define OMEGA_H_LAMBDA(...) [=](__VA_ARGS__) __attribute__(\n            (always_inline, flatten))\n     204          |                             ^",
    "antiation of 'Omega_h::LO Omega_h::find_last(Omega_h::Read<T>, T) [\n            with T = signed char; Omega_h::LO = int]':\n     209    /var/tmp/koparasy/spack-stage/spack-stage-omega-h-9.27.0-kkgbkylnyg\n            dzcdhcxnzn57t2a2mbrepd/spack-src/src/Omega_h_array_ops.cpp:610:1:\n             required from here\n  >> 210    /var/tmp/koparasy/spack-stage/spack-stage-omega-h-9.27.0-kkgbkylnyg\ndzcdhcxnzn57t2a2mbrepd/spack-src/src/Omega_h_macros.h:45:29: error:\n             base operand of '->' has non-pointer type 'Omega_h::find_last(Omeg\n            a_h::Read<T>, T) [with T = signed char; Omega_h::LO = int]::<lambda\n            (Omega_h::LO)>'\n     211       45 | #define OMEGA_H_LAMBDA(...) [=](__VA_ARGS__) __attribute__(\n            (always_inline, flatten))\n     212          |                             ^",
    "antiation of 'Omega_h::promoted_t<T> Omega_h::get_sum(Omega_h::Read\n            <T>) [with T = int; Omega_h::promoted_t<T> = int]':\n     217    /var/tmp/koparasy/spack-stage/spack-stage-omega-h-9.27.0-kkgbkylnyg\n            dzcdhcxnzn57t2a2mbrepd/spack-src/src/Omega_h_array_ops.cpp:611:1:\n             required from here\n  >> 218    /var/tmp/koparasy/spack-stage/spack-stage-omega-h-9.27.0-kkgbkylnyg\ndzcdhcxnzn57t2a2mbrepd/spack-src/src/Omega_h_macros.h:45:29: error:\n             base operand of '->' has non-pointer type 'Omega_h::get_sum(Omega_\n            h::Read<T>) [with T = int; Omega_h::promoted_t<T> = int]::<lambda(i\n            nt)>'\n     219       45 | #define OMEGA_H_LAMBDA(...) [=](__VA_ARGS__) __attribute__(\n            (always_inline, flatten))\n     220          |                             ^",
    "antiation of 'Omega_h::LO Omega_h::find_last(Omega_h::Read<T>, T) [\n            with T = int; Omega_h::LO = int]':\n     225    /var/tmp/koparasy/spack-stage/spack-stage-omega-h-9.27.0-kkgbkylnyg\n            dzcdhcxnzn57t2a2mbrepd/spack-src/src/Omega_h_array_ops.cpp:611:1:\n             required from here\n  >> 226    /var/tmp/koparasy/spack-stage/spack-stage-omega-h-9.27.0-kkgbkylnyg\ndzcdhcxnzn57t2a2mbrepd/spack-src/src/Omega_h_macros.h:45:29: error:\n             base operand of '->' has non-pointer type 'Omega_h::find_last(Omeg\n            a_h::Read<T>, T) [with T = int; Omega_h::LO = int]::<lambda(Omega_h\n            ::LO)>'\n     227       45 | #define OMEGA_H_LAMBDA(...) [=](__VA_ARGS__) __attribute__(\n            (always_inline, flatten))\n     228          |                             ^",
    "antiation of 'Omega_h::promoted_t<T> Omega_h::get_sum(Omega_h::Read\n            <T>) [with T = long int; Omega_h::promoted_t<T> = long int]':\n     233    /var/tmp/koparasy/spack-stage/spack-stage-omega-h-9.27.0-kkgbkylnyg\n            dzcdhcxnzn57t2a2mbrepd/spack-src/src/Omega_h_array_ops.cpp:612:1:\n             required from here\n  >> 234    /var/tmp/koparasy/spack-stage/spack-stage-omega-h-9.27.0-kkgbkylnyg\ndzcdhcxnzn57t2a2mbrepd/spack-src/src/Omega_h_macros.h:45:29: error:\n             base operand of '->' has non-pointer type 'Omega_h::get_sum(Omega_\n            h::Read<T>) [with T = long int; Omega_h::promoted_t<T> = long int]:\n            :<lambda(long int)>'\n     235       45 | #define OMEGA_H_LAMBDA(...) [=](__VA_ARGS__) __attribute__(\n            (always_inline, flatten))\n     236          |                             ^",
    "antiation of 'Omega_h::LO Omega_h::find_last(Omega_h::Read<T>, T) [\n            with T = long int; Omega_h::LO = int]':\n     241    /var/tmp/koparasy/spack-stage/spack-stage-omega-h-9.27.0-kkgbkylnyg\n            dzcdhcxnzn57t2a2mbrepd/spack-src/src/Omega_h_array_ops.cpp:612:1:\n             required from here\n  >> 242    /var/tmp/koparasy/spack-stage/spack-stage-omega-h-9.27.0-kkgbkylnyg\ndzcdhcxnzn57t2a2mbrepd/spack-src/src/Omega_h_macros.h:45:29: error:\n             base operand of '->' has non-pointer type 'Omega_h::find_last(Omeg\n            a_h::Read<T>, T) [with T = long int; Omega_h::LO = int]::<lambda(Om\n            ega_h::LO)>'\n     243       45 | #define OMEGA_H_LAMBDA(...) [=](__VA_ARGS__) __attribute__(\n            (always_inline, flatten))\n     244          |                             ^",
    "antiation of 'Omega_h::promoted_t<T> Omega_h::get_sum(Omega_h::Read\n            <T>) [with T = double; Omega_h::promoted_t<T> = double]':\n     249    /var/tmp/koparasy/spack-stage/spack-stage-omega-h-9.27.0-kkgbkylnyg\n            dzcdhcxnzn57t2a2mbrepd/spack-src/src/Omega_h_array_ops.cpp:613:1:\n             required from here\n  >> 250    /var/tmp/koparasy/spack-stage/spack-stage-omega-h-9.27.0-kkgbkylnyg\ndzcdhcxnzn57t2a2mbrepd/spack-src/src/Omega_h_macros.h:45:29: error:\n             base operand of '->' has non-pointer type 'Omega_h::get_sum(Omega_\n            h::Read<T>) [with T = double; Omega_h::promoted_t<T> = double]::<la\n            mbda(double)>'\n     251       45 | #define OMEGA_H_LAMBDA(...) [=](__VA_ARGS__) __attribute__(\n            (always_inline, flatten))\n     252          |                             ^",
    "antiation of 'Omega_h::LO Omega_h::find_last(Omega_h::Read<T>, T) [\n            with T = double; Omega_h::LO = int]':\n     257    /var/tmp/koparasy/spack-stage/spack-stage-omega-h-9.27.0-kkgbkylnyg\n            dzcdhcxnzn57t2a2mbrepd/spack-src/src/Omega_h_array_ops.cpp:613:1:\n             required from here\n  >> 258    /var/tmp/koparasy/spack-stage/spack-stage-omega-h-9.27.0-kkgbkylnyg\ndzcdhcxnzn57t2a2mbrepd/spack-src/src/Omega_h_macros.h:45:29: error:\n             base operand of '->' has non-pointer type 'Omega_h::find_last(Omeg\n            a_h::Read<T>, T) [with T = double; Omega_h::LO = int]::<lambda(Omeg\n            a_h::LO)>'\n     259       45 | #define OMEGA_H_LAMBDA(...) [=](__VA_ARGS__) __attribute__(\n            (always_inline, flatten))\n     260          |                             ^",
    "295          |              ^~~~\n  >> 296    make[2]: *** [src/CMakeFiles/omega_h.dir/Omega_h_array_ops.cpp.o] E\n            rror 1\n     297    make[2]: *** Waiting for unfinished jobs....\n     298    make[2]: Leaving directory `/tmp/koparasy/spack-stage/spack-stage-o\n            mega-h-9.27.0-kkgbkylnygdzcdhcxnzn57t2a2mbrepd/spack-build-kkgbkyl'\n>> 299    make[1]: *** [src/CMakeFiles/omega_h.dir/all] Error 2\n     300    make[1]: Leaving directory `/tmp/koparasy/spack-stage/spack-stage-o\n            mega-h-9.27.0-kkgbkylnygdzcdhcxnzn57t2a2mbrepd/spack-build-kkgbkyl'\n  >> 301    make: *** [all] Error 2\n\nSee build log for details:\n  /var/tmp/koparasy/spack-stage/spack-stage-omega-h-9.27.0-kkgbkylnygdzcdhcxnzn57t2a2mbrepd/spack-build-out.txt",
    "297    make[2]: *** Waiting for unfinished jobs....\n     298    make[2]: Leaving directory `/tmp/koparasy/spack-stage/spack-stage-o\n            mega-h-9.27.0-kkgbkylnygdzcdhcxnzn57t2a2mbrepd/spack-build-kkgbkyl'\n  >> 299    make[1]: *** [src/CMakeFiles/omega_h.dir/all] Error 2\n     300    make[1]: Leaving directory `/tmp/koparasy/spack-stage/spack-stage-o\n            mega-h-9.27.0-kkgbkylnygdzcdhcxnzn57t2a2mbrepd/spack-build-kkgbkyl'\n>> 301    make: *** [all] Error 2\n\nSee build log for details:\n  /var/tmp/koparasy/spack-stage/spack-stage-omega-h-9.27.0-kkgbkylnygdzcdhcxnzn57t2a2mbrepd/spack-build-out.txt\n\nTraceback (most recent call last):\n  File \"/p/vast1/koparasy/BUILD/head/spack/lib/spack/spack/build_environment.py\", line 1035, in _setup_pkg_and_run"
]