[
    "1289    /var/tmp/koparasy/spack-stage/spack-stage-plasma-18.10.0-7t4cmvswn\n             htf7ezbaylwq6ha5i54qju2/spack-src/control/tuning.c:31:16: note: pr\n             evious definition of 'L' was here\n     1290       31 |     lua_State *L = (lua_State *)plasma->L;\n     1291          |                ^\n     1292    /var/tmp/koparasy/spack-stage/spack-stage-plasma-18.10.0-7t4cmvswn\nhtf7ezbaylwq6ha5i54qju2/spack-src/control/tuning.c:36:16: warning:\n              'return' with a value, in function returning void\n\n     ...\n\n     1317       66 |     return L;\n     1318          |            ^",
    "koparasy/spack-stage/spack-stage-plasma-18.10.0-7t4cmvswnhtf7ezbay\n             lwq6ha5i54qju2/spack-src/control/workspace.c\n     1285    /var/tmp/koparasy/spack-stage/spack-stage-plasma-18.10.0-7t4cmvswn\n             htf7ezbaylwq6ha5i54qju2/spack-src/control/tuning.c: In function 'p\n             lasma_tuning_init':\n  >> 1286    /var/tmp/koparasy/spack-stage/spack-stage-plasma-18.10.0-7t4cmvswn\nhtf7ezbaylwq6ha5i54qju2/spack-src/control/tuning.c:33:16: error: r\n             edefinition of 'L'\n     1287       33 |     lua_State *L = luaL_newstate();\n     1288          |                ^\n     1289    /var/tmp/koparasy/spack-stage/spack-stage-plasma-18.10.0-7t4cmvswn\n             htf7ezbaylwq6ha5i54qju2/spack-src/control/tuning.c:31:16: note: pr\n             evious definition of 'L' was here",
    "1320       29 | plasma_tuning_init(plasma_context_t *plasma)\n     1321          | ^~~~~~~~~~~~~~~~~~\n     1322    /var/tmp/koparasy/spack-stage/spack-stage-plasma-18.10.0-7t4cmvswn\n             htf7ezbaylwq6ha5i54qju2/spack-src/control/tuning.c: In function 'p\n             lasma_tune':\n  >> 1323    /var/tmp/koparasy/spack-stage/spack-stage-plasma-18.10.0-7t4cmvswn\nhtf7ezbaylwq6ha5i54qju2/spack-src/control/tuning.c:83:12: error: v\n             oid value not ignored as it ought to be\n     1324       83 |     retval = lua_getglobal(L, func_name);\n     1325          |            ^\n  >> 1326    /var/tmp/koparasy/spack-stage/spack-stage-plasma-18.10.0-7t4cmvswn\n             htf7ezbaylwq6ha5i54qju2/spack-src/control/tuning.c:105:19: error:\n             'LUA_OK' undeclared (first use in this function); did you mean 'LU",
    ">> 1323    /var/tmp/koparasy/spack-stage/spack-stage-plasma-18.10.0-7t4cmvswn\n             htf7ezbaylwq6ha5i54qju2/spack-src/control/tuning.c:83:12: error: v\n             oid value not ignored as it ought to be\n     1324       83 |     retval = lua_getglobal(L, func_name);\n     1325          |            ^\n  >> 1326    /var/tmp/koparasy/spack-stage/spack-stage-plasma-18.10.0-7t4cmvswn\nhtf7ezbaylwq6ha5i54qju2/spack-src/control/tuning.c:105:19: error:\n             'LUA_OK' undeclared (first use in this function); did you mean 'LU\n             A_QL'?\n     1327      105 |     if (retval != LUA_OK) {\n     1328          |                   ^~~~~~\n     1329          |                   LUA_QL\n     1330    /var/tmp/koparasy/spack-stage/spack-stage-plasma-18.10.0-7t4cmvswn",
    "1328          |                   ^~~~~~\n     1329          |                   LUA_QL\n     1330    /var/tmp/koparasy/spack-stage/spack-stage-plasma-18.10.0-7t4cmvswn\n             htf7ezbaylwq6ha5i54qju2/spack-src/control/tuning.c:105:19: note: e\n             ach undeclared identifier is reported only once for each function\n             it appears in\n>> 1331    make[2]: *** [CMakeFiles/plasma.dir/control/tuning.c.o] Error 1\n     1332    make[2]: *** Waiting for unfinished jobs....\n     1333    make[2]: Leaving directory `/tmp/koparasy/spack-stage/spack-stage-\n             plasma-18.10.0-7t4cmvswnhtf7ezbaylwq6ha5i54qju2/spack-build-7t4cmv\n             s'\n  >> 1334    make[1]: *** [CMakeFiles/plasma.dir/all] Error 2\n     1335    make[1]: Leaving directory `/tmp/koparasy/spack-stage/spack-stage-",
    "it appears in\n  >> 1331    make[2]: *** [CMakeFiles/plasma.dir/control/tuning.c.o] Error 1\n     1332    make[2]: *** Waiting for unfinished jobs....\n     1333    make[2]: Leaving directory `/tmp/koparasy/spack-stage/spack-stage-\n             plasma-18.10.0-7t4cmvswnhtf7ezbaylwq6ha5i54qju2/spack-build-7t4cmv\n             s'\n>> 1334    make[1]: *** [CMakeFiles/plasma.dir/all] Error 2\n     1335    make[1]: Leaving directory `/tmp/koparasy/spack-stage/spack-stage-\n             plasma-18.10.0-7t4cmvswnhtf7ezbaylwq6ha5i54qju2/spack-build-7t4cmv\n             s'\n  >> 1336    make: *** [all] Error 2\n\nSee build log for details:",
    "plasma-18.10.0-7t4cmvswnhtf7ezbaylwq6ha5i54qju2/spack-build-7t4cmv\n             s'\n  >> 1334    make[1]: *** [CMakeFiles/plasma.dir/all] Error 2\n     1335    make[1]: Leaving directory `/tmp/koparasy/spack-stage/spack-stage-\n             plasma-18.10.0-7t4cmvswnhtf7ezbaylwq6ha5i54qju2/spack-build-7t4cmv\n             s'\n>> 1336    make: *** [all] Error 2\n\nSee build log for details:\n  /var/tmp/koparasy/spack-stage/spack-stage-plasma-18.10.0-7t4cmvswnhtf7ezbaylwq6ha5i54qju2/spack-build-out.txt\n\nTraceback (most recent call last):\n  File \"/p/vast1/koparasy/BUILD/head/spack/lib/spack/spack/build_environment.py\", line 1035, in _setup_pkg_and_run"
]