[
    "-c /var/tmp/koparasy/spack-stage/spack-stage-mercury-2.0.1-tkztsmwe\n            ijrnssktcvda523hyjkc73io/spack-src/src/na/na_sm.c\n     167    /var/tmp/koparasy/spack-stage/spack-stage-mercury-2.0.1-tkztsmweijr\n            nssktcvda523hyjkc73io/spack-src/src/na/na_ofi.c: In function 'na_of\n            i_errno_to_na':\n  >> 168    /var/tmp/koparasy/spack-stage/spack-stage-mercury-2.0.1-tkztsmweijr\nnssktcvda523hyjkc73io/spack-src/src/na/na_ofi.c:1171:14: error: 'FI\n            _EOVERFLOW' undeclared (first use in this function); did you mean '\n            NA_OVERFLOW'?\n     169     1171 |         case FI_EOVERFLOW:\n     170          |              ^~~~~~~~~~~~\n     171          |              NA_OVERFLOW\n     172    /var/tmp/koparasy/spack-stage/spack-stage-mercury-2.0.1-tkztsmweijr",
    "170          |              ^~~~~~~~~~~~\n     171          |              NA_OVERFLOW\n     172    /var/tmp/koparasy/spack-stage/spack-stage-mercury-2.0.1-tkztsmweijr\n            nssktcvda523hyjkc73io/spack-src/src/na/na_ofi.c:1171:14: note: each\n             undeclared identifier is reported only once for each function it a\n            ppears in\n>> 173    make[2]: *** [src/na/CMakeFiles/na.dir/na_ofi.c.o] Error 1\n     174    make[2]: *** Waiting for unfinished jobs....\n     175    make[2]: Leaving directory `/tmp/koparasy/spack-stage/spack-stage-m\n            ercury-2.0.1-tkztsmweijrnssktcvda523hyjkc73io/spack-build-tkztsmw'\n  >> 176    make[1]: *** [src/na/CMakeFiles/na.dir/all] Error 2\n     177    make[1]: Leaving directory `/tmp/koparasy/spack-stage/spack-stage-m\n            ercury-2.0.1-tkztsmweijrnssktcvda523hyjkc73io/spack-build-tkztsmw'",
    "undeclared identifier is reported only once for each function it a\n            ppears in\n  >> 173    make[2]: *** [src/na/CMakeFiles/na.dir/na_ofi.c.o] Error 1\n     174    make[2]: *** Waiting for unfinished jobs....\n     175    make[2]: Leaving directory `/tmp/koparasy/spack-stage/spack-stage-m\n            ercury-2.0.1-tkztsmweijrnssktcvda523hyjkc73io/spack-build-tkztsmw'\n>> 176    make[1]: *** [src/na/CMakeFiles/na.dir/all] Error 2\n     177    make[1]: Leaving directory `/tmp/koparasy/spack-stage/spack-stage-m\n            ercury-2.0.1-tkztsmweijrnssktcvda523hyjkc73io/spack-build-tkztsmw'\n  >> 178    make: *** [all] Error 2\n\nSee build log for details:\n  /var/tmp/koparasy/spack-stage/spack-stage-mercury-2.0.1-tkztsmweijrnssktcvda523hyjkc73io/spack-build-out.txt",
    "174    make[2]: *** Waiting for unfinished jobs....\n     175    make[2]: Leaving directory `/tmp/koparasy/spack-stage/spack-stage-m\n            ercury-2.0.1-tkztsmweijrnssktcvda523hyjkc73io/spack-build-tkztsmw'\n  >> 176    make[1]: *** [src/na/CMakeFiles/na.dir/all] Error 2\n     177    make[1]: Leaving directory `/tmp/koparasy/spack-stage/spack-stage-m\n            ercury-2.0.1-tkztsmweijrnssktcvda523hyjkc73io/spack-build-tkztsmw'\n>> 178    make: *** [all] Error 2\n\nSee build log for details:\n  /var/tmp/koparasy/spack-stage/spack-stage-mercury-2.0.1-tkztsmweijrnssktcvda523hyjkc73io/spack-build-out.txt\n\nTraceback (most recent call last):\n  File \"/p/vast1/koparasy/BUILD/head/spack/lib/spack/spack/build_environment.py\", line 1035, in _setup_pkg_and_run"
]