[
    "917    sphinx-build -b html -a . ./build-sphinx\n     918    Running Sphinx v1.1.3\n     919\n     920    Extension error:\n     921    Could not import extension breathe (exception: No module named brea\n            the)\n>> 922    make[2]: *** [build-docs] Error 1\n     923    make[2]: Leaving directory `/tmp/koparasy/spack-stage/spack-stage-a\n            ml-0.1.0-u5e4t57dtd3twptnqxappltulfxxsbzl/spack-src/doc'\n  >> 924    make[1]: *** [install-am] Error 2\n     925    make[1]: Leaving directory `/tmp/koparasy/spack-stage/spack-stage-a\n            ml-0.1.0-u5e4t57dtd3twptnqxappltulfxxsbzl/spack-src/doc'\n  >> 926    make: *** [install-recursive] Error 1",
    "920    Extension error:\n     921    Could not import extension breathe (exception: No module named brea\n            the)\n  >> 922    make[2]: *** [build-docs] Error 1\n     923    make[2]: Leaving directory `/tmp/koparasy/spack-stage/spack-stage-a\n            ml-0.1.0-u5e4t57dtd3twptnqxappltulfxxsbzl/spack-src/doc'\n>> 924    make[1]: *** [install-am] Error 2\n     925    make[1]: Leaving directory `/tmp/koparasy/spack-stage/spack-stage-a\n            ml-0.1.0-u5e4t57dtd3twptnqxappltulfxxsbzl/spack-src/doc'\n  >> 926    make: *** [install-recursive] Error 1\n\nSee build log for details:\n  /var/tmp/koparasy/spack-stage/spack-stage-aml-0.1.0-u5e4t57dtd3twptnqxappltulfxxsbzl/spack-build-out.txt",
    ">> 922    make[2]: *** [build-docs] Error 1\n     923    make[2]: Leaving directory `/tmp/koparasy/spack-stage/spack-stage-a\n            ml-0.1.0-u5e4t57dtd3twptnqxappltulfxxsbzl/spack-src/doc'\n  >> 924    make[1]: *** [install-am] Error 2\n     925    make[1]: Leaving directory `/tmp/koparasy/spack-stage/spack-stage-a\n            ml-0.1.0-u5e4t57dtd3twptnqxappltulfxxsbzl/spack-src/doc'\n>> 926    make: *** [install-recursive] Error 1\n\nSee build log for details:\n  /var/tmp/koparasy/spack-stage/spack-stage-aml-0.1.0-u5e4t57dtd3twptnqxappltulfxxsbzl/spack-build-out.txt\n\nTraceback (most recent call last):\n  File \"/p/vast1/koparasy/BUILD/spack/lib/spack/spack/build_environment.py\", line 1035, in _setup_pkg_and_run"
]