[
    "4 -L/p/vast1/koparasy/BUILD/spack_cluster_installer/quartz/adios/sp\n            ack_env_dir/linux-rhel7-broadwell/gcc-8.3.1/zfp-0.5.2-os53q35jo46ht\n            iaubc4i2pthilni2ju7/lib ../../src/libadios.a -lz -lzfp -lm\n  >> 608    /usr/tce/packages/gcc/gcc-8.3.1/rh/usr/bin/../libexec/gcc/x86_64-re\n            dhat-linux/8/ld: ../../src/libadios.a(libadios_a-adios_mpi_amr.o):\n            undefined reference to symbol 'pthread_create@@@@GLIBC_2.2.5'\n>> 609    //usr/lib64/libpthread.so.0: error adding symbols: DSO missing from\n             command line\n  >> 610    collect2: error: ld returned 1 exit status\n  >> 611    make[3]: *** [adios_list_methods] Error 1\n     612    make[3]: *** Waiting for unfinished jobs....\n     613    make[3]: Leaving directory `/tmp/koparasy/spack-stage/spack-stage-a\n            dios-1.11.0-tcqyp2yyxkynddv27lw7aqpgqte2wrcs/spack-src/spack-build/",
    "iaubc4i2pthilni2ju7/lib ../../src/libadios.a -lz -lzfp -lm\n  >> 608    /usr/tce/packages/gcc/gcc-8.3.1/rh/usr/bin/../libexec/gcc/x86_64-re\n            dhat-linux/8/ld: ../../src/libadios.a(libadios_a-adios_mpi_amr.o):\n            undefined reference to symbol 'pthread_create@@@@GLIBC_2.2.5'\n  >> 609    //usr/lib64/libpthread.so.0: error adding symbols: DSO missing from\n             command line\n>> 610    collect2: error: ld returned 1 exit status\n  >> 611    make[3]: *** [adios_list_methods] Error 1\n     612    make[3]: *** Waiting for unfinished jobs....\n     613    make[3]: Leaving directory `/tmp/koparasy/spack-stage/spack-stage-a\n            dios-1.11.0-tcqyp2yyxkynddv27lw7aqpgqte2wrcs/spack-src/spack-build/\n            utils/adios_list_methods'\n  >> 614    make[2]: *** [all-recursive] Error 1",
    ">> 608    /usr/tce/packages/gcc/gcc-8.3.1/rh/usr/bin/../libexec/gcc/x86_64-re\n            dhat-linux/8/ld: ../../src/libadios.a(libadios_a-adios_mpi_amr.o):\n            undefined reference to symbol 'pthread_create@@@@GLIBC_2.2.5'\n  >> 609    //usr/lib64/libpthread.so.0: error adding symbols: DSO missing from\n             command line\n  >> 610    collect2: error: ld returned 1 exit status\n>> 611    make[3]: *** [adios_list_methods] Error 1\n     612    make[3]: *** Waiting for unfinished jobs....\n     613    make[3]: Leaving directory `/tmp/koparasy/spack-stage/spack-stage-a\n            dios-1.11.0-tcqyp2yyxkynddv27lw7aqpgqte2wrcs/spack-src/spack-build/\n            utils/adios_list_methods'\n  >> 614    make[2]: *** [all-recursive] Error 1\n     615    make[2]: Leaving directory `/tmp/koparasy/spack-stage/spack-stage-a",
    ">> 610    collect2: error: ld returned 1 exit status\n  >> 611    make[3]: *** [adios_list_methods] Error 1\n     612    make[3]: *** Waiting for unfinished jobs....\n     613    make[3]: Leaving directory `/tmp/koparasy/spack-stage/spack-stage-a\n            dios-1.11.0-tcqyp2yyxkynddv27lw7aqpgqte2wrcs/spack-src/spack-build/\n            utils/adios_list_methods'\n>> 614    make[2]: *** [all-recursive] Error 1\n     615    make[2]: Leaving directory `/tmp/koparasy/spack-stage/spack-stage-a\n            dios-1.11.0-tcqyp2yyxkynddv27lw7aqpgqte2wrcs/spack-src/spack-build/\n            utils'\n  >> 616    make[1]: *** [all-recursive] Error 1\n     617    make[1]: Leaving directory `/tmp/koparasy/spack-stage/spack-stage-a\n            dios-1.11.0-tcqyp2yyxkynddv27lw7aqpgqte2wrcs/spack-src/spack-build'",
    "dios-1.11.0-tcqyp2yyxkynddv27lw7aqpgqte2wrcs/spack-src/spack-build/\n            utils/adios_list_methods'\n  >> 614    make[2]: *** [all-recursive] Error 1\n     615    make[2]: Leaving directory `/tmp/koparasy/spack-stage/spack-stage-a\n            dios-1.11.0-tcqyp2yyxkynddv27lw7aqpgqte2wrcs/spack-src/spack-build/\n            utils'\n>> 616    make[1]: *** [all-recursive] Error 1\n     617    make[1]: Leaving directory `/tmp/koparasy/spack-stage/spack-stage-a\n            dios-1.11.0-tcqyp2yyxkynddv27lw7aqpgqte2wrcs/spack-src/spack-build'\n  >> 618    make: *** [all] Error 2\n\nSee build log for details:\n  /var/tmp/koparasy/spack-stage/spack-stage-adios-1.11.0-tcqyp2yyxkynddv27lw7aqpgqte2wrcs/spack-build-out.txt",
    "615    make[2]: Leaving directory `/tmp/koparasy/spack-stage/spack-stage-a\n            dios-1.11.0-tcqyp2yyxkynddv27lw7aqpgqte2wrcs/spack-src/spack-build/\n            utils'\n  >> 616    make[1]: *** [all-recursive] Error 1\n     617    make[1]: Leaving directory `/tmp/koparasy/spack-stage/spack-stage-a\n            dios-1.11.0-tcqyp2yyxkynddv27lw7aqpgqte2wrcs/spack-src/spack-build'\n>> 618    make: *** [all] Error 2\n\nSee build log for details:\n  /var/tmp/koparasy/spack-stage/spack-stage-adios-1.11.0-tcqyp2yyxkynddv27lw7aqpgqte2wrcs/spack-build-out.txt\n\nTraceback (most recent call last):\n  File \"/p/vast1/koparasy/BUILD/spack/lib/spack/spack/build_environment.py\", line 1035, in _setup_pkg_and_run"
]