[
    "/core -Inumpy/core/src/npymath -Inumpy/core/src/multiarray -Inumpy\n             /core/src/umath -Inumpy/core/src/npysort -I/p/vast1/koparasy/BUILD\n             /spack_cluster_installer/quartz/py-libensemble/spack_env_dir/linux\n             -rhel7-broadwell/gcc-9.3.1/python-3.9.9-3o76m4utiyrsvuxwx2ytcv7sd3\n             g35si6/include/python3.9 -c'\n     835     gcc: _configtest.c\n836     _configtest.c:3: warning: ignoring #pragma clang diagnostic [-Wunk\n             nown-pragmas]\n     837         3 | #pragma clang diagnostic error \"-Wattributes\"\n     838           |\n     839     _configtest.c: In function '__declspec':\n  >> 840     _configtest.c:5:24: error: expected declaration specifiers before\n             'foo'",
    "841         5 | int __declspec(thread) foo;\n     842           |                        ^~~\n  >> 843     _configtest.c:9:1: error: expected '=', ',', ';', 'asm' or '__attr\n             ibute__' before '{' token\n     844         9 | {\n     845           | ^\n846     _configtest.c:5:5: warning: type of 'thread' defaults to 'int' [-W\n             implicit-int]\n     847         5 | int __declspec(thread) foo;\n     848           |     ^~~~~~~~~~\n  >> 849     _configtest.c:11: error: expected '{' at end of input\n     850        11 | }\n     851           |",
    "implicit-int]\n     847         5 | int __declspec(thread) foo;\n     848           |     ^~~~~~~~~~\n  >> 849     _configtest.c:11: error: expected '{' at end of input\n     850        11 | }\n     851           |\n852     _configtest.c:11: warning: control reaches end of non-void functio\n             n [-Wreturn-type]\n     853        11 | }\n     854           |\n     855     failure.\n\n     ...",
    ">> 2784    numpy/random/mtrand/mtrand.c:40400:33: error: 'PyTypeObject' {aka\n             'struct _typeobject'} has no member named 'tp_print'\n     2785    40400 |   __pyx_type_6mtrand_RandomState.tp_print = 0;\n     2786          |                                 ^\n     2787    numpy/random/mtrand/mtrand.c: In function '__Pyx_ParseOptionalKeyw\n             ords':\n2788    numpy/random/mtrand/mtrand.c:42673:21: warning: '_PyUnicode_get_ws\n             tr_length' is deprecated [-Wdeprecated-declarations]\n     2789    42673 |                     (PyUnicode_GET_SIZE(**name) != PyUnico\n             de_GET_SIZE(key)) ? 1 :\n     2790          |                     ^\n\n     ...",
    "st.o -o _configtest\n     82      /usr/tce/packages/gcc/gcc-9.3.1/rh/usr/bin/../libexec/gcc/x86_64-r\n             edhat-linux/9/ld: _configtest.o: in function `main':\n  >> 83      /tmp/koparasy/spack-stage/spack-stage-py-numpy-1.16.0-ujqsobahhngd\n             kyejqwbvmg34wr2hia4v/spack-src/_configtest.c:6: undefined referenc\n             e to `exp'\n>> 84      collect2: error: ld returned 1 exit status\n     85      failure.\n     86      removing: _configtest.c _configtest.o _configtest.o.d\n     87      C compiler: /p/vast1/koparasy/BUILD/head/spack/lib/spack/env/gcc/g\n             cc -Wno-unused-result -Wsign-compare -DNDEBUG -g -fwrapv -O3 -Wall\n              -fPIC -fPIC\n     88",
    "/core -Inumpy/core/src/npymath -Inumpy/core/src/multiarray -Inumpy\n             /core/src/umath -Inumpy/core/src/npysort -I/p/vast1/koparasy/BUILD\n             /spack_cluster_installer/quartz/py-libensemble/spack_env_dir/linux\n             -rhel7-broadwell/gcc-9.3.1/python-3.9.9-3o76m4utiyrsvuxwx2ytcv7sd3\n             g35si6/include/python3.9 -c'\n     138     gcc: _configtest.c\n>> 139     _configtest.c:1:10: fatal error: sys/endian.h: No such file or dir\n             ectory\n     140         1 | #include <sys/endian.h>\n     141           |          ^~~~~~~~~~~~~~\n     142     compilation terminated.\n     143     failure.\n     144     removing: _configtest.c _configtest.o",
    "/core/src/umath -Inumpy/core/src/npysort -I/p/vast1/koparasy/BUILD\n             /spack_cluster_installer/quartz/py-libensemble/spack_env_dir/linux\n             -rhel7-broadwell/gcc-9.3.1/python-3.9.9-3o76m4utiyrsvuxwx2ytcv7sd3\n             g35si6/include/python3.9 -c'\n     250     gcc: _configtest.c\n     251     _configtest.c: In function 'main':\n>> 252     _configtest.c:7:12: error: 'SIZEOF_LONGDOUBLE' undeclared (first u\n             se in this function); did you mean 'SIZEOF_LONG_DOUBLE'?\n     253         7 |     (void) SIZEOF_LONGDOUBLE;\n     254           |            ^~~~~~~~~~~~~~~~~\n     255           |            SIZEOF_LONG_DOUBLE\n     256     _configtest.c:7:12: note: each undeclared identifier is reported o\n             nly once for each function it appears in",
    "st.o -o _configtest\n     390     /usr/tce/packages/gcc/gcc-9.3.1/rh/usr/bin/../libexec/gcc/x86_64-r\n             edhat-linux/9/ld: _configtest.o: in function `main':\n  >> 391     /tmp/koparasy/spack-stage/spack-stage-py-numpy-1.16.0-ujqsobahhngd\n             kyejqwbvmg34wr2hia4v/spack-src/_configtest.c:6: undefined referenc\n             e to `exp'\n>> 392     collect2: error: ld returned 1 exit status\n     393     failure.\n     394     removing: _configtest.c _configtest.o _configtest.o.d\n     395     C compiler: /p/vast1/koparasy/BUILD/head/spack/lib/spack/env/gcc/g\n             cc -Wno-unused-result -Wsign-compare -DNDEBUG -g -fwrapv -O3 -Wall\n              -fPIC -fPIC\n     396",
    "835     gcc: _configtest.c\n     836     _configtest.c:3: warning: ignoring #pragma clang diagnostic [-Wunk\n             nown-pragmas]\n     837         3 | #pragma clang diagnostic error \"-Wattributes\"\n     838           |\n     839     _configtest.c: In function '__declspec':\n>> 840     _configtest.c:5:24: error: expected declaration specifiers before\n             'foo'\n     841         5 | int __declspec(thread) foo;\n     842           |                        ^~~\n  >> 843     _configtest.c:9:1: error: expected '=', ',', ';', 'asm' or '__attr\n             ibute__' before '{' token\n     844         9 | {",
    "838           |\n     839     _configtest.c: In function '__declspec':\n  >> 840     _configtest.c:5:24: error: expected declaration specifiers before\n             'foo'\n     841         5 | int __declspec(thread) foo;\n     842           |                        ^~~\n>> 843     _configtest.c:9:1: error: expected '=', ',', ';', 'asm' or '__attr\n             ibute__' before '{' token\n     844         9 | {\n     845           | ^\n     846     _configtest.c:5:5: warning: type of 'thread' defaults to 'int' [-W\n             implicit-int]\n     847         5 | int __declspec(thread) foo;",
    "844         9 | {\n     845           | ^\n     846     _configtest.c:5:5: warning: type of 'thread' defaults to 'int' [-W\n             implicit-int]\n     847         5 | int __declspec(thread) foo;\n     848           |     ^~~~~~~~~~\n>> 849     _configtest.c:11: error: expected '{' at end of input\n     850        11 | }\n     851           |\n     852     _configtest.c:11: warning: control reaches end of non-void functio\n             n [-Wreturn-type]\n     853        11 | }\n     854           |",
    "/core/src/umath -Inumpy/core/src/npysort -I/p/vast1/koparasy/BUILD\n             /spack_cluster_installer/quartz/py-libensemble/spack_env_dir/linux\n             -rhel7-broadwell/gcc-9.3.1/python-3.9.9-3o76m4utiyrsvuxwx2ytcv7sd3\n             g35si6/include/python3.9 -c'\n     1182    gcc: _configtest.c\n     1183    _configtest.c: In function 'main':\n>> 1184    _configtest.c:8:12: error: 'HAVE_DECL_SIGNBIT' undeclared (first u\n             se in this function); did you mean 'HAVE_DECL_ISNAN'?\n     1185        8 |     (void) HAVE_DECL_SIGNBIT;\n     1186          |            ^~~~~~~~~~~~~~~~~\n     1187          |            HAVE_DECL_ISNAN\n     1188    _configtest.c:8:12: note: each undeclared identifier is reported o\n             nly once for each function it appears in",
    "st.o -o _configtest\n     1773    /usr/tce/packages/gcc/gcc-9.3.1/rh/usr/bin/../libexec/gcc/x86_64-r\n             edhat-linux/9/ld: _configtest.o: in function `main':\n  >> 1774    /tmp/koparasy/spack-stage/spack-stage-py-numpy-1.16.0-ujqsobahhngd\n             kyejqwbvmg34wr2hia4v/spack-src/_configtest.c:6: undefined referenc\n             e to `exp'\n>> 1775    collect2: error: ld returned 1 exit status\n     1776    failure.\n     1777    removing: _configtest.c _configtest.o _configtest.o.d\n     1778    C compiler: /p/vast1/koparasy/BUILD/head/spack/lib/spack/env/gcc/g\n             cc -Wno-unused-result -Wsign-compare -DNDEBUG -g -fwrapv -O3 -Wall\n              -fPIC -fPIC\n     1779",
    "2779    gcc: numpy/random/mtrand/mtrand.c\n     2780    gcc: numpy/random/mtrand/randomkit.c\n     2781    gcc: numpy/random/mtrand/initarray.c\n     2782    gcc: numpy/random/mtrand/distributions.c\n     2783    numpy/random/mtrand/mtrand.c: In function '__Pyx_modinit_type_init\n             _code':\n>> 2784    numpy/random/mtrand/mtrand.c:40400:33: error: 'PyTypeObject' {aka\n             'struct _typeobject'} has no member named 'tp_print'\n     2785    40400 |   __pyx_type_6mtrand_RandomState.tp_print = 0;\n     2786          |                                 ^\n     2787    numpy/random/mtrand/mtrand.c: In function '__Pyx_ParseOptionalKeyw\n             ords':\n     2788    numpy/random/mtrand/mtrand.c:42673:21: warning: '_PyUnicode_get_ws"
]