[
    "14671    /tmp/koparasy/spack-stage/spack-stage-llvm-amdgpu-4.3.1-dosacqvq7\n              gzgemcga3ifgbt2inv3rcrn/spack-build-dosacqv/include/c++/v1/varian\n              t: In member function 'void std::__1::__variant_detail::__impl<_T\n              ypes>::__swap(std::__1::__variant_detail::__impl<_Types>&)':\n  >> 14672    /tmp/koparasy/spack-stage/spack-stage-llvm-amdgpu-4.3.1-dosacqvq7\n              gzgemcga3ifgbt2inv3rcrn/spack-build-dosacqv/include/c++/v1/varian\nt:1114:10: error: expected '(' before 'constexpr'\n     14673           if constexpr (__all<is_nothrow_move_constructible_v<_Types\n              >...>::value) {\n     14674              ^~~~~~~~~\n  >> 14675    /tmp/koparasy/spack-stage/spack-stage-llvm-amdgpu-4.3.1-dosacqvq7\n              gzgemcga3ifgbt2inv3rcrn/spack-build-dosacqv/include/c++/v1/varian\n              t:1116:9: error: 'else' without a previous 'if'",
    "t:1114:10: error: expected '(' before 'constexpr'\n     14673           if constexpr (__all<is_nothrow_move_constructible_v<_Types\n              >...>::value) {\n     14674              ^~~~~~~~~\n  >> 14675    /tmp/koparasy/spack-stage/spack-stage-llvm-amdgpu-4.3.1-dosacqvq7\n              gzgemcga3ifgbt2inv3rcrn/spack-build-dosacqv/include/c++/v1/varian\nt:1116:9: error: 'else' without a previous 'if'\n     14676           } else {\n     14677             ^~~~\n     14678    /tmp/koparasy/spack-stage/spack-stage-llvm-amdgpu-4.3.1-dosacqvq7\n              gzgemcga3ifgbt2inv3rcrn/spack-build-dosacqv/include/c++/v1/varian\n              t: At global scope:\n  >> 14679    /tmp/koparasy/spack-stage/spack-stage-llvm-amdgpu-4.3.1-dosacqvq7",
    "14677             ^~~~\n     14678    /tmp/koparasy/spack-stage/spack-stage-llvm-amdgpu-4.3.1-dosacqvq7\n              gzgemcga3ifgbt2inv3rcrn/spack-build-dosacqv/include/c++/v1/varian\n              t: At global scope:\n  >> 14679    /tmp/koparasy/spack-stage/spack-stage-llvm-amdgpu-4.3.1-dosacqvq7\n              gzgemcga3ifgbt2inv3rcrn/spack-build-dosacqv/include/c++/v1/varian\nt:1194:26: error: parameter packs not expanded with '...':\n     14680       using _Bases::operator()...;\n     14681                              ^\n     14682    /tmp/koparasy/spack-stage/spack-stage-llvm-amdgpu-4.3.1-dosacqvq7\n              gzgemcga3ifgbt2inv3rcrn/spack-build-dosacqv/include/c++/v1/varian\n              t:1194:26: note:         '_Bases'\n  >> 14683    /tmp/koparasy/spack-stage/spack-stage-llvm-amdgpu-4.3.1-dosacqvq7",
    "14681                              ^\n     14682    /tmp/koparasy/spack-stage/spack-stage-llvm-amdgpu-4.3.1-dosacqvq7\n              gzgemcga3ifgbt2inv3rcrn/spack-build-dosacqv/include/c++/v1/varian\n              t:1194:26: note:         '_Bases'\n  >> 14683    /tmp/koparasy/spack-stage/spack-stage-llvm-amdgpu-4.3.1-dosacqvq7\n              gzgemcga3ifgbt2inv3rcrn/spack-build-dosacqv/include/c++/v1/varian\nt:1194:27: error: expected ';' before '...' token\n     14684       using _Bases::operator()...;\n     14685                               ^~~\n  >> 14686    /tmp/koparasy/spack-stage/spack-stage-llvm-amdgpu-4.3.1-dosacqvq7\n              gzgemcga3ifgbt2inv3rcrn/spack-build-dosacqv/include/c++/v1/varian\n              t:1194:27: error: expected unqualified-id before '...' token\n     14687    [ 58%] Copying CXX header mutex",
    "gzgemcga3ifgbt2inv3rcrn/spack-build-dosacqv/include/c++/v1/varian\n              t:1194:27: error: expected ';' before '...' token\n     14684       using _Bases::operator()...;\n     14685                               ^~~\n  >> 14686    /tmp/koparasy/spack-stage/spack-stage-llvm-amdgpu-4.3.1-dosacqvq7\n              gzgemcga3ifgbt2inv3rcrn/spack-build-dosacqv/include/c++/v1/varian\nt:1194:27: error: expected unqualified-id before '...' token\n     14687    [ 58%] Copying CXX header mutex\n     14688    In file included from /tmp/koparasy/spack-stage/spack-stage-llvm-\n              amdgpu-4.3.1-dosacqvq7gzgemcga3ifgbt2inv3rcrn/spack-build-dosacqv\n              /include/c++/v1/memory:682:0,\n     14689                     from /tmp/koparasy/spack-stage/spack-stage-llvm-\n              amdgpu-4.3.1-dosacqvq7gzgemcga3ifgbt2inv3rcrn/spack-build-dosacqv",
    "-type'\n  >> 24040    make[5]: *** [cxx/src/CMakeFiles/cxx_static.dir/variant.cpp.o] Er\n              ror 1\n     24041    make[5]: Leaving directory `/tmp/koparasy/spack-stage/spack-stage\n              -llvm-amdgpu-4.3.1-dosacqvq7gzgemcga3ifgbt2inv3rcrn/spack-build-d\n              osacqv/projects/compiler-rt/lib/fuzzer/libcxx_fuzzer_x86_64-bins'\n>> 24042    make[4]: *** [cxx/src/CMakeFiles/cxx_static.dir/all] Error 2\n     24043    make[4]: Leaving directory `/tmp/koparasy/spack-stage/spack-stage\n              -llvm-amdgpu-4.3.1-dosacqvq7gzgemcga3ifgbt2inv3rcrn/spack-build-d\n              osacqv/projects/compiler-rt/lib/fuzzer/libcxx_fuzzer_x86_64-bins'\n  >> 24044    make[3]: *** [all] Error 2\n     24045    make[3]: Leaving directory `/tmp/koparasy/spack-stage/spack-stage\n              -llvm-amdgpu-4.3.1-dosacqvq7gzgemcga3ifgbt2inv3rcrn/spack-build-d",
    "-llvm-amdgpu-4.3.1-dosacqvq7gzgemcga3ifgbt2inv3rcrn/spack-build-d\n              osacqv/projects/compiler-rt/lib/fuzzer/libcxx_fuzzer_x86_64-bins'\n  >> 24042    make[4]: *** [cxx/src/CMakeFiles/cxx_static.dir/all] Error 2\n     24043    make[4]: Leaving directory `/tmp/koparasy/spack-stage/spack-stage\n              -llvm-amdgpu-4.3.1-dosacqvq7gzgemcga3ifgbt2inv3rcrn/spack-build-d\n              osacqv/projects/compiler-rt/lib/fuzzer/libcxx_fuzzer_x86_64-bins'\n>> 24044    make[3]: *** [all] Error 2\n     24045    make[3]: Leaving directory `/tmp/koparasy/spack-stage/spack-stage\n              -llvm-amdgpu-4.3.1-dosacqvq7gzgemcga3ifgbt2inv3rcrn/spack-build-d\n              osacqv/projects/compiler-rt/lib/fuzzer/libcxx_fuzzer_x86_64-bins'\n  >> 24046    make[2]: *** [projects/compiler-rt/lib/fuzzer/libcxx_fuzzer_x86_6\n              4-stamps/libcxx_fuzzer_x86_64-build] Error 2\n     24047    make[2]: Leaving directory `/tmp/koparasy/spack-stage/spack-stage",
    "-llvm-amdgpu-4.3.1-dosacqvq7gzgemcga3ifgbt2inv3rcrn/spack-build-d\n              osacqv'\n     24127    [ 18%] Built target LLVMSupport\n     24128    make[1]: Leaving directory `/tmp/koparasy/spack-stage/spack-stage\n              -llvm-amdgpu-4.3.1-dosacqvq7gzgemcga3ifgbt2inv3rcrn/spack-build-d\n              osacqv'\n>> 24129    make: *** [all] Error 2\n\nSee build log for details:\n  /var/tmp/koparasy/spack-stage/spack-stage-llvm-amdgpu-4.3.1-dosacqvq7gzgemcga3ifgbt2inv3rcrn/spack-build-out.txt\n\nTraceback (most recent call last):\n  File \"/p/vast1/koparasy/BUILD/head/spack/lib/spack/spack/build_environment.py\", line 1035, in _setup_pkg_and_run",
    "...\n\n     14888          ^~~~~~~~~~~~~~~~~~~~~~~~~~~\n     14889    /tmp/koparasy/spack-stage/spack-stage-llvm-amdgpu-4.3.1-dosacqvq7\n              gzgemcga3ifgbt2inv3rcrn/spack-build-dosacqv/include/c++/v1/new:23\n3:7: warning: always_inline function might not be inlinable [-Wat\n              tributes]\n     14890     void* __libcpp_operator_new(_Args ...__args) {\n     14891           ^~~~~~~~~~~~~~~~~~~~~\n     14892    cc1plus: warning: unrecognized command line option '-Wno-noexcept\n              -type'\n     14893    [ 58%] Copying CXX header new",
    "14889    /tmp/koparasy/spack-stage/spack-stage-llvm-amdgpu-4.3.1-dosacqvq7\n              gzgemcga3ifgbt2inv3rcrn/spack-build-dosacqv/include/c++/v1/new:23\n              3:7: warning: always_inline function might not be inlinable [-Wat\n              tributes]\n     14890     void* __libcpp_operator_new(_Args ...__args) {\n     14891           ^~~~~~~~~~~~~~~~~~~~~\n14892    cc1plus: warning: unrecognized command line option '-Wno-noexcept\n              -type'\n     14893    [ 58%] Copying CXX header new\n  >> 14894    make[2]: *** [projects/libcxx/src/CMakeFiles/cxx_static.dir/varia\n              nt.cpp.o] Error 1\n     14895    make[2]: *** Waiting for unfinished jobs....\n     14896    [ 17%] Building CXX object lib/Support/CMakeFiles/LLVMSupport.dir",
    "mdgpu-4.3.1-dosacqvq7gzgemcga3ifgbt2inv3rcrn/spack-src/llvm/lib/S\n              upport/RISCVAttributeParser.cpp\n     14898    [ 59%] Copying CXX header numbers\n     14899    [ 59%] Copying CXX header numeric\n     14900    [ 59%] Copying CXX header optional\n     14901    [ 60%] Copying CXX header ostream\n14902    cc1plus: warning: unrecognized command line option '-Wno-noexcept\n              -type'\n     14903    [ 60%] Copying CXX header queue\n     14904    make[2]: Leaving directory `/tmp/koparasy/spack-stage/spack-stage\n              -llvm-amdgpu-4.3.1-dosacqvq7gzgemcga3ifgbt2inv3rcrn/spack-build-d\n              osacqv'\n  >> 14905    make[1]: *** [projects/libcxx/src/CMakeFiles/cxx_static.dir/all]",
    "24034     void __do_deallocate_handle_size(void *__ptr, size_t __size, _Ar\n              gs ...__args) {\n     24035          ^~~~~~~~~~~~~~~~~~~~~~~~~~~\n     24036    /tmp/koparasy/spack-stage/spack-stage-llvm-amdgpu-4.3.1-dosacqvq7\n              gzgemcga3ifgbt2inv3rcrn/spack-build-dosacqv/projects/compiler-rt/\nlib/fuzzer/libcxx_fuzzer_x86_64/include/c++/v1/new:233:7: warning\n              : always_inline function might not be inlinable [-Wattributes]\n     24037     void* __libcpp_operator_new(_Args ...__args) {\n     24038           ^~~~~~~~~~~~~~~~~~~~~\n     24039    cc1plus: warning: unrecognized command line option '-Wno-noexcept\n              -type'\n  >> 24040    make[5]: *** [cxx/src/CMakeFiles/cxx_static.dir/variant.cpp.o] Er",
    "24036    /tmp/koparasy/spack-stage/spack-stage-llvm-amdgpu-4.3.1-dosacqvq7\n              gzgemcga3ifgbt2inv3rcrn/spack-build-dosacqv/projects/compiler-rt/\n              lib/fuzzer/libcxx_fuzzer_x86_64/include/c++/v1/new:233:7: warning\n              : always_inline function might not be inlinable [-Wattributes]\n     24037     void* __libcpp_operator_new(_Args ...__args) {\n     24038           ^~~~~~~~~~~~~~~~~~~~~\n24039    cc1plus: warning: unrecognized command line option '-Wno-noexcept\n              -type'\n  >> 24040    make[5]: *** [cxx/src/CMakeFiles/cxx_static.dir/variant.cpp.o] Er\n              ror 1\n     24041    make[5]: Leaving directory `/tmp/koparasy/spack-stage/spack-stage\n              -llvm-amdgpu-4.3.1-dosacqvq7gzgemcga3ifgbt2inv3rcrn/spack-build-d\n              osacqv/projects/compiler-rt/lib/fuzzer/libcxx_fuzzer_x86_64-bins'"
]