[
    "des.build\n     1020    /p/vast1/koparasy/BUILD/spack_cluster_installer/quartz/ascent/spac\n             k_env_dir/linux-rhel7-broadwell/gcc-8.3.1/cmake-3.20.5-o3rrgbygi6o\n             tvesop23byhuokvvwjfnl/bin/cmake -E cmake_copy_f90_mod fortran/visc\n             osity_kernel_module.mod examples/proxies/cloverleaf3d-ref/CMakeFil\n             es/cloverleaf3d_par.dir/viscosity_kernel_module.mod.stamp GNU\n>> 1021    ../../../lib/librover_mpi.so: undefined reference to `vtkh::lodepn\n             g_encode_memory(unsigned char**, unsigned long*, unsigned char con\n             st*, unsigned int, unsigned int, vtkh::LodePNGColorType, unsigned\n             int)'\n  >> 1022    collect2: error: ld returned 1 exit status\n  >> 1023    make[2]: *** [examples/proxies/lulesh2.0.3/lulesh_par] Error 1\n     1024    make[2]: Leaving directory `/tmp/koparasy/spack-stage/spack-stage-",
    "osity_kernel_module.mod examples/proxies/cloverleaf3d-ref/CMakeFil\n             es/cloverleaf3d_par.dir/viscosity_kernel_module.mod.stamp GNU\n  >> 1021    ../../../lib/librover_mpi.so: undefined reference to `vtkh::lodepn\n             g_encode_memory(unsigned char**, unsigned long*, unsigned char con\n             st*, unsigned int, unsigned int, vtkh::LodePNGColorType, unsigned\n             int)'\n>> 1022    collect2: error: ld returned 1 exit status\n  >> 1023    make[2]: *** [examples/proxies/lulesh2.0.3/lulesh_par] Error 1\n     1024    make[2]: Leaving directory `/tmp/koparasy/spack-stage/spack-stage-\n             ascent-0.7.0-ijvml65x4563gmgxj2m5drsl5hnyca62/spack-build-ijvml65'\n  >> 1025    make[1]: *** [examples/proxies/lulesh2.0.3/CMakeFiles/lulesh_par.d\n             ir/all] Error 2\n     1026    make[1]: *** Waiting for unfinished jobs....",
    "es/cloverleaf3d_par.dir/viscosity_kernel_module.mod.stamp GNU\n  >> 1021    ../../../lib/librover_mpi.so: undefined reference to `vtkh::lodepn\n             g_encode_memory(unsigned char**, unsigned long*, unsigned char con\n             st*, unsigned int, unsigned int, vtkh::LodePNGColorType, unsigned\n             int)'\n  >> 1022    collect2: error: ld returned 1 exit status\n>> 1023    make[2]: *** [examples/proxies/lulesh2.0.3/lulesh_par] Error 1\n     1024    make[2]: Leaving directory `/tmp/koparasy/spack-stage/spack-stage-\n             ascent-0.7.0-ijvml65x4563gmgxj2m5drsl5hnyca62/spack-build-ijvml65'\n  >> 1025    make[1]: *** [examples/proxies/lulesh2.0.3/CMakeFiles/lulesh_par.d\n             ir/all] Error 2\n     1026    make[1]: *** Waiting for unfinished jobs....\n     1027    /p/vast1/koparasy/BUILD/spack_cluster_installer/quartz/ascent/spac",
    "par.dir/Kripke/ParallelComm/BlockJacobiComm.cpp.o -MF CMakeFiles/k\n             ripke_par.dir/Kripke/ParallelComm/BlockJacobiComm.cpp.o.d -o CMake\n             Files/kripke_par.dir/Kripke/ParallelComm/BlockJacobiComm.cpp.o -c\n             /tmp/koparasy/spack-stage/spack-stage-ascent-0.7.0-ijvml65x4563gmg\n             xj2m5drsl5hnyca62/spack-src/src/examples/proxies/kripke/Kripke/Par\n             allelComm/BlockJacobiComm.cpp\n>> 1059    ../../../lib/librover_mpi.so: undefined reference to `vtkh::lodepn\n             g_encode_memory(unsigned char**, unsigned long*, unsigned char con\n             st*, unsigned int, unsigned int, vtkh::LodePNGColorType, unsigned\n             int)'\n  >> 1060    collect2: error: ld returned 1 exit status\n  >> 1061    make[2]: *** [examples/synthetic/noise/noise_par] Error 1\n     1062    make[2]: Leaving directory `/tmp/koparasy/spack-stage/spack-stage-",
    "xj2m5drsl5hnyca62/spack-src/src/examples/proxies/kripke/Kripke/Par\n             allelComm/BlockJacobiComm.cpp\n  >> 1059    ../../../lib/librover_mpi.so: undefined reference to `vtkh::lodepn\n             g_encode_memory(unsigned char**, unsigned long*, unsigned char con\n             st*, unsigned int, unsigned int, vtkh::LodePNGColorType, unsigned\n             int)'\n>> 1060    collect2: error: ld returned 1 exit status\n  >> 1061    make[2]: *** [examples/synthetic/noise/noise_par] Error 1\n     1062    make[2]: Leaving directory `/tmp/koparasy/spack-stage/spack-stage-\n             ascent-0.7.0-ijvml65x4563gmgxj2m5drsl5hnyca62/spack-build-ijvml65'\n  >> 1063    make[1]: *** [examples/synthetic/noise/CMakeFiles/noise_par.dir/al\n             l] Error 2\n     1064    [ 54%] Building CXX object examples/proxies/kripke/CMakeFiles/krip",
    "allelComm/BlockJacobiComm.cpp\n  >> 1059    ../../../lib/librover_mpi.so: undefined reference to `vtkh::lodepn\n             g_encode_memory(unsigned char**, unsigned long*, unsigned char con\n             st*, unsigned int, unsigned int, vtkh::LodePNGColorType, unsigned\n             int)'\n  >> 1060    collect2: error: ld returned 1 exit status\n>> 1061    make[2]: *** [examples/synthetic/noise/noise_par] Error 1\n     1062    make[2]: Leaving directory `/tmp/koparasy/spack-stage/spack-stage-\n             ascent-0.7.0-ijvml65x4563gmgxj2m5drsl5hnyca62/spack-build-ijvml65'\n  >> 1063    make[1]: *** [examples/synthetic/noise/CMakeFiles/noise_par.dir/al\n             l] Error 2\n     1064    [ 54%] Building CXX object examples/proxies/kripke/CMakeFiles/krip\n             ke_par.dir/Kripke/ParallelComm/SweepComm.cpp.o",
    "-b77d27rzqzlu7fmbn6ao6vzpnwkzwlib/include/vtkm-1.6/vtkm/thirdparty\n             /lcl/vtkmlcl -O2 -g -DNDEBUG -J../../../fortran -fPIE -pthread -fo\n             penmp -DUSE_MPIF -DASCENT_MPI_ENABLED -DROVER_PARALLEL -c /tmp/kop\n             arasy/spack-stage/spack-stage-ascent-0.7.0-ijvml65x4563gmgxj2m5drs\n             l5hnyca62/spack-src/src/examples/proxies/cloverleaf3d-ref/hydro.f9\n             0 -o CMakeFiles/cloverleaf3d_par.dir/hydro.f90.o\n>> 1159    ../../../lib/librover_mpi.so: undefined reference to `vtkh::lodepn\n             g_encode_memory(unsigned char**, unsigned long*, unsigned char con\n             st*, unsigned int, unsigned int, vtkh::LodePNGColorType, unsigned\n             int)'\n  >> 1160    collect2: error: ld returned 1 exit status\n  >> 1161    make[2]: *** [examples/proxies/kripke/kripke_par] Error 1\n     1162    make[2]: Leaving directory `/tmp/koparasy/spack-stage/spack-stage-",
    "l5hnyca62/spack-src/src/examples/proxies/cloverleaf3d-ref/hydro.f9\n             0 -o CMakeFiles/cloverleaf3d_par.dir/hydro.f90.o\n  >> 1159    ../../../lib/librover_mpi.so: undefined reference to `vtkh::lodepn\n             g_encode_memory(unsigned char**, unsigned long*, unsigned char con\n             st*, unsigned int, unsigned int, vtkh::LodePNGColorType, unsigned\n             int)'\n>> 1160    collect2: error: ld returned 1 exit status\n  >> 1161    make[2]: *** [examples/proxies/kripke/kripke_par] Error 1\n     1162    make[2]: Leaving directory `/tmp/koparasy/spack-stage/spack-stage-\n             ascent-0.7.0-ijvml65x4563gmgxj2m5drsl5hnyca62/spack-build-ijvml65'\n  >> 1163    make[1]: *** [examples/proxies/kripke/CMakeFiles/kripke_par.dir/al\n             l] Error 2\n     1164    [ 63%] Linking Fortran executable cloverleaf3d_par",
    "0 -o CMakeFiles/cloverleaf3d_par.dir/hydro.f90.o\n  >> 1159    ../../../lib/librover_mpi.so: undefined reference to `vtkh::lodepn\n             g_encode_memory(unsigned char**, unsigned long*, unsigned char con\n             st*, unsigned int, unsigned int, vtkh::LodePNGColorType, unsigned\n             int)'\n  >> 1160    collect2: error: ld returned 1 exit status\n>> 1161    make[2]: *** [examples/proxies/kripke/kripke_par] Error 1\n     1162    make[2]: Leaving directory `/tmp/koparasy/spack-stage/spack-stage-\n             ascent-0.7.0-ijvml65x4563gmgxj2m5drsl5hnyca62/spack-build-ijvml65'\n  >> 1163    make[1]: *** [examples/proxies/kripke/CMakeFiles/kripke_par.dir/al\n             l] Error 2\n     1164    [ 63%] Linking Fortran executable cloverleaf3d_par\n     1165    cd /tmp/koparasy/spack-stage/spack-stage-ascent-0.7.0-ijvml65x4563",
    "arasy/BUILD/spack_cluster_installer/quartz/ascent/spack_env_dir/li\n             nux-rhel7-broadwell/gcc-8.3.1/vtk-m-1.6.0-b77d27rzqzlu7fmbn6ao6vzp\n             nwkzwlib/lib/libvtkm_lodepng-1.6.a /p/vast1/koparasy/BUILD/spack_c\n             luster_installer/quartz/ascent/spack_env_dir/linux-rhel7-broadwell\n             /gcc-8.3.1/vtk-h-develop-vqauc42ejilggkbenxjzzh5vyvibtrrc/lib/libv\n             tkh_lodepng.so -lstdc++\n>> 1167    ../../../lib/librover_mpi.so: undefined reference to `vtkh::lodepn\n             g_encode_memory(unsigned char**, unsigned long*, unsigned char con\n             st*, unsigned int, unsigned int, vtkh::LodePNGColorType, unsigned\n             int)'\n  >> 1168    collect2: error: ld returned 1 exit status\n  >> 1169    make[2]: *** [examples/proxies/cloverleaf3d-ref/cloverleaf3d_par]\n             Error 1",
    "/gcc-8.3.1/vtk-h-develop-vqauc42ejilggkbenxjzzh5vyvibtrrc/lib/libv\n             tkh_lodepng.so -lstdc++\n  >> 1167    ../../../lib/librover_mpi.so: undefined reference to `vtkh::lodepn\n             g_encode_memory(unsigned char**, unsigned long*, unsigned char con\n             st*, unsigned int, unsigned int, vtkh::LodePNGColorType, unsigned\n             int)'\n>> 1168    collect2: error: ld returned 1 exit status\n  >> 1169    make[2]: *** [examples/proxies/cloverleaf3d-ref/cloverleaf3d_par]\n             Error 1\n     1170    make[2]: Leaving directory `/tmp/koparasy/spack-stage/spack-stage-\n             ascent-0.7.0-ijvml65x4563gmgxj2m5drsl5hnyca62/spack-build-ijvml65'\n  >> 1171    make[1]: *** [examples/proxies/cloverleaf3d-ref/CMakeFiles/cloverl\n             eaf3d_par.dir/all] Error 2",
    "1170    make[2]: Leaving directory `/tmp/koparasy/spack-stage/spack-stage-\n             ascent-0.7.0-ijvml65x4563gmgxj2m5drsl5hnyca62/spack-build-ijvml65'\n  >> 1171    make[1]: *** [examples/proxies/cloverleaf3d-ref/CMakeFiles/cloverl\n             eaf3d_par.dir/all] Error 2\n     1172    make[1]: Leaving directory `/tmp/koparasy/spack-stage/spack-stage-\n             ascent-0.7.0-ijvml65x4563gmgxj2m5drsl5hnyca62/spack-build-ijvml65'\n>> 1173    make: *** [all] Error 2\n\nSee build log for details:\n  /var/tmp/koparasy/spack-stage/spack-stage-ascent-0.7.0-ijvml65x4563gmgxj2m5drsl5hnyca62/spack-build-out.txt\n\nTraceback (most recent call last):\n  File \"/p/vast1/koparasy/BUILD/spack/lib/spack/spack/build_environment.py\", line 1035, in _setup_pkg_and_run"
]