[
    "2qwna6r5j7gsjzyj5smrojsggttnt/spack-src/src/blas/impl/KokkosBlas1_a\n            xpby_impl.hpp: In constructor 'KokkosBlas::Impl::Axpby_Functor<AV,\n            XV, BV, YV, scalar_x, scalar_y, SizeType>::Axpby_Functor(const XV&,\n             const YV&, const AV&, const BV&, SizeType)':\n  >> 82     /var/tmp/koparasy/spack-stage/spack-stage-kokkos-kernels-3.0.00-ere\n            2qwna6r5j7gsjzyj5smrojsggttnt/spack-src/src/blas/impl/KokkosBlas1_a\nxpby_impl.hpp:101:34: error: 'is_same' is not a member of 'Kokkos::\n            Impl'; did you mean 'std::is_same'?\n     83       101 |     static_assert (Kokkos::Impl::is_same<typename YV::value\n            _type,\n     84           |                                  ^~~~~~~\n     85     In file included from /p/vast1/koparasy/BUILD/spack_cluster_install\n            er/quartz/kokkos-kernels/spack_env_dir/linux-rhel7-broadwell/gcc-9.",
    "94                      from /var/tmp/koparasy/spack-stage/spack-stage-kok\n            kos-kernels-3.0.00-ere2qwna6r5j7gsjzyj5smrojsggttnt/spack-src/src/i\n            mpl/generated_specializations_cpp/axpby/KokkosBlas1_axpby_eti_spec_\n            inst_dbl_LayoutLeft_Serial_HostSpace.cpp:52:\n  >> 95     /var/tmp/koparasy/spack-stage/spack-stage-kokkos-kernels-3.0.00-ere\n            2qwna6r5j7gsjzyj5smrojsggttnt/spack-src/src/blas/impl/KokkosBlas1_a\nxpby_impl.hpp:101:65: error: expected '(' before ',' token\n     96       101 |     static_assert (Kokkos::Impl::is_same<typename YV::value\n            _type,\n     97           |\n                 ^\n     98           |\n                 (",
    "97           |\n                 ^\n     98           |\n                 (\n  >> 99     /var/tmp/koparasy/spack-stage/spack-stage-kokkos-kernels-3.0.00-ere\n            2qwna6r5j7gsjzyj5smrojsggttnt/spack-src/src/blas/impl/KokkosBlas1_a\nxpby_impl.hpp:102:20: error: expected string-literal before 'typena\n            me'\n     100      102 |                    typename YV::non_const_value_type>::valu\n            e,\n     101          |                    ^~~~~~~~\n  >> 102    /var/tmp/koparasy/spack-stage/spack-stage-kokkos-kernels-3.0.00-ere\n            2qwna6r5j7gsjzyj5smrojsggttnt/spack-src/src/blas/impl/KokkosBlas1_a",
    "me'\n     100      102 |                    typename YV::non_const_value_type>::valu\n            e,\n     101          |                    ^~~~~~~~\n  >> 102    /var/tmp/koparasy/spack-stage/spack-stage-kokkos-kernels-3.0.00-ere\n            2qwna6r5j7gsjzyj5smrojsggttnt/spack-src/src/blas/impl/KokkosBlas1_a\nxpby_impl.hpp:101:66: error: expected ')' before 'typename'\n     103      101 |     static_assert (Kokkos::Impl::is_same<typename YV::value\n            _type,\n     104          |                   ~\n                  ^\n     105          |\n                  )",
    "2qwna6r5j7gsjzyj5smrojsggttnt/spack-src/src/blas/impl/KokkosBlas1_a\n            xpby_impl.hpp: In constructor 'KokkosBlas::Impl::Axpby_Functor<AV,\n            XV, BV, YV, scalar_x, scalar_y, SizeType>::Axpby_Functor(const XV&,\n             const YV&, const AV&, const BV&, SizeType)':\n  >> 111    /var/tmp/koparasy/spack-stage/spack-stage-kokkos-kernels-3.0.00-ere\n            2qwna6r5j7gsjzyj5smrojsggttnt/spack-src/src/blas/impl/KokkosBlas1_a\nxpby_impl.hpp:101:34: error: 'is_same' is not a member of 'Kokkos::\n            Impl'; did you mean 'std::is_same'?\n     112      101 |     static_assert (Kokkos::Impl::is_same<typename YV::value\n            _type,\n     113          |                                  ^~~~~~~\n     114    /var/tmp/koparasy/spack-stage/spack-stage-kokkos-kernels-3.0.00-ere\n            2qwna6r5j7gsjzyj5smrojsggttnt/spack-src/src/blas/impl/KokkosBlas1_a",
    "name XV::non_const_value_type, XV, typename YV::non_const_value_typ\n            e, YV, scalar_x, scalar_y, SizeType>::Axpby_Functor(const XV&, cons\n            t YV&, const typename XV::non_const_value_type&, const typename YV:\n            :non_const_value_type&, SizeType)':\n  >> 115    /var/tmp/koparasy/spack-stage/spack-stage-kokkos-kernels-3.0.00-ere\n            2qwna6r5j7gsjzyj5smrojsggttnt/spack-src/src/blas/impl/KokkosBlas1_a\nxpby_impl.hpp:235:34: error: 'is_same' is not a member of 'Kokkos::\n            Impl'; did you mean 'std::is_same'?\n     116      235 |     static_assert (Kokkos::Impl::is_same<typename YV::value\n            _type,\n     117          |                                  ^~~~~~~\n     118    In file included from /p/vast1/koparasy/BUILD/spack_cluster_install\n            er/quartz/kokkos-kernels/spack_env_dir/linux-rhel7-broadwell/gcc-9.",
    "127                     from /var/tmp/koparasy/spack-stage/spack-stage-kok\n            kos-kernels-3.0.00-ere2qwna6r5j7gsjzyj5smrojsggttnt/spack-src/src/i\n            mpl/generated_specializations_cpp/axpby/KokkosBlas1_axpby_mv_eti_sp\n            ec_inst_dbl_LayoutLeft_Serial_HostSpace.cpp:52:\n  >> 128    /var/tmp/koparasy/spack-stage/spack-stage-kokkos-kernels-3.0.00-ere\n            2qwna6r5j7gsjzyj5smrojsggttnt/spack-src/src/blas/impl/KokkosBlas1_a\nxpby_impl.hpp:101:65: error: expected '(' before ',' token\n     129      101 |     static_assert (Kokkos::Impl::is_same<typename YV::value\n            _type,\n     130          |\n                 ^\n     131          |\n                 (",
    "130          |\n                 ^\n     131          |\n                 (\n  >> 132    /var/tmp/koparasy/spack-stage/spack-stage-kokkos-kernels-3.0.00-ere\n            2qwna6r5j7gsjzyj5smrojsggttnt/spack-src/src/blas/impl/KokkosBlas1_a\nxpby_impl.hpp:102:20: error: expected string-literal before 'typena\n            me'\n     133      102 |                    typename YV::non_const_value_type>::valu\n            e,\n     134          |                    ^~~~~~~~\n  >> 135    /var/tmp/koparasy/spack-stage/spack-stage-kokkos-kernels-3.0.00-ere\n            2qwna6r5j7gsjzyj5smrojsggttnt/spack-src/src/blas/impl/KokkosBlas1_a",
    "me'\n     133      102 |                    typename YV::non_const_value_type>::valu\n            e,\n     134          |                    ^~~~~~~~\n  >> 135    /var/tmp/koparasy/spack-stage/spack-stage-kokkos-kernels-3.0.00-ere\n            2qwna6r5j7gsjzyj5smrojsggttnt/spack-src/src/blas/impl/KokkosBlas1_a\nxpby_impl.hpp:101:66: error: expected ')' before 'typename'\n     136      101 |     static_assert (Kokkos::Impl::is_same<typename YV::value\n            _type,\n     137          |                   ~\n                  ^\n     138          |\n                  )",
    "150                     from /var/tmp/koparasy/spack-stage/spack-stage-kok\n            kos-kernels-3.0.00-ere2qwna6r5j7gsjzyj5smrojsggttnt/spack-src/src/i\n            mpl/generated_specializations_cpp/axpby/KokkosBlas1_axpby_eti_spec_\n            inst_dbl_LayoutLeft_Serial_HostSpace.cpp:52:\n  >> 151    /var/tmp/koparasy/spack-stage/spack-stage-kokkos-kernels-3.0.00-ere\n            2qwna6r5j7gsjzyj5smrojsggttnt/spack-src/src/blas/impl/KokkosBlas1_a\nxpby_impl.hpp:235:65: error: expected '(' before ',' token\n     152      235 |     static_assert (Kokkos::Impl::is_same<typename YV::value\n            _type,\n     153          |\n                 ^\n     154          |\n                 (",
    "153          |\n                 ^\n     154          |\n                 (\n  >> 155    /var/tmp/koparasy/spack-stage/spack-stage-kokkos-kernels-3.0.00-ere\n            2qwna6r5j7gsjzyj5smrojsggttnt/spack-src/src/blas/impl/KokkosBlas1_a\nxpby_impl.hpp:236:20: error: expected string-literal before 'typena\n            me'\n     156      236 |                    typename YV::non_const_value_type>::valu\n            e,\n     157          |                    ^~~~~~~~\n  >> 158    /var/tmp/koparasy/spack-stage/spack-stage-kokkos-kernels-3.0.00-ere\n            2qwna6r5j7gsjzyj5smrojsggttnt/spack-src/src/blas/impl/KokkosBlas1_a",
    "me'\n     156      236 |                    typename YV::non_const_value_type>::valu\n            e,\n     157          |                    ^~~~~~~~\n  >> 158    /var/tmp/koparasy/spack-stage/spack-stage-kokkos-kernels-3.0.00-ere\n            2qwna6r5j7gsjzyj5smrojsggttnt/spack-src/src/blas/impl/KokkosBlas1_a\nxpby_impl.hpp:235:66: error: expected ')' before 'typename'\n     159      235 |     static_assert (Kokkos::Impl::is_same<typename YV::value\n            _type,\n     160          |                   ~\n                  ^\n     161          |\n                  )",
    "name XV::non_const_value_type, XV, typename YV::non_const_value_typ\n            e, YV, scalar_x, scalar_y, SizeType>::Axpby_Functor(const XV&, cons\n            t YV&, const typename XV::non_const_value_type&, const typename YV:\n            :non_const_value_type&, SizeType)':\n  >> 165    /var/tmp/koparasy/spack-stage/spack-stage-kokkos-kernels-3.0.00-ere\n            2qwna6r5j7gsjzyj5smrojsggttnt/spack-src/src/blas/impl/KokkosBlas1_a\nxpby_impl.hpp:235:34: error: 'is_same' is not a member of 'Kokkos::\n            Impl'; did you mean 'std::is_same'?\n     166      235 |     static_assert (Kokkos::Impl::is_same<typename YV::value\n            _type,\n     167          |                                  ^~~~~~~\n     168    In file included from /p/vast1/koparasy/BUILD/spack_cluster_install\n            er/quartz/kokkos-kernels/spack_env_dir/linux-rhel7-broadwell/gcc-9.",
    "177                     from /var/tmp/koparasy/spack-stage/spack-stage-kok\n            kos-kernels-3.0.00-ere2qwna6r5j7gsjzyj5smrojsggttnt/spack-src/src/i\n            mpl/generated_specializations_cpp/axpby/KokkosBlas1_axpby_mv_eti_sp\n            ec_inst_dbl_LayoutLeft_Serial_HostSpace.cpp:52:\n  >> 178    /var/tmp/koparasy/spack-stage/spack-stage-kokkos-kernels-3.0.00-ere\n            2qwna6r5j7gsjzyj5smrojsggttnt/spack-src/src/blas/impl/KokkosBlas1_a\nxpby_impl.hpp:235:65: error: expected '(' before ',' token\n     179      235 |     static_assert (Kokkos::Impl::is_same<typename YV::value\n            _type,\n     180          |\n                 ^\n     181          |\n                 (",
    "180          |\n                 ^\n     181          |\n                 (\n  >> 182    /var/tmp/koparasy/spack-stage/spack-stage-kokkos-kernels-3.0.00-ere\n            2qwna6r5j7gsjzyj5smrojsggttnt/spack-src/src/blas/impl/KokkosBlas1_a\nxpby_impl.hpp:236:20: error: expected string-literal before 'typena\n            me'\n     183      236 |                    typename YV::non_const_value_type>::valu\n            e,\n     184          |                    ^~~~~~~~\n  >> 185    /var/tmp/koparasy/spack-stage/spack-stage-kokkos-kernels-3.0.00-ere\n            2qwna6r5j7gsjzyj5smrojsggttnt/spack-src/src/blas/impl/KokkosBlas1_a",
    "me'\n     183      236 |                    typename YV::non_const_value_type>::valu\n            e,\n     184          |                    ^~~~~~~~\n  >> 185    /var/tmp/koparasy/spack-stage/spack-stage-kokkos-kernels-3.0.00-ere\n            2qwna6r5j7gsjzyj5smrojsggttnt/spack-src/src/blas/impl/KokkosBlas1_a\nxpby_impl.hpp:235:66: error: expected ')' before 'typename'\n     186      235 |     static_assert (Kokkos::Impl::is_same<typename YV::value\n            _type,\n     187          |                   ~\n                  ^\n     188          |\n                  )",
    "191    /var/tmp/koparasy/spack-stage/spack-stage-kokkos-kernels-3.0.00-ere\n            2qwna6r5j7gsjzyj5smrojsggttnt/spack-src/src/blas/impl/KokkosBlas1_a\n            xpby_impl.hpp: In function 'void KokkosBlas::Impl::Axpby_Generic(co\n            nst AV&, const XV&, const BV&, const YV&, SizeType, int, int)':\n  >> 192    /var/tmp/koparasy/spack-stage/spack-stage-kokkos-kernels-3.0.00-ere\n            2qwna6r5j7gsjzyj5smrojsggttnt/spack-src/src/blas/impl/KokkosBlas1_a\nxpby_impl.hpp:340:32: error: 'is_same' is not a member of 'Kokkos::\n            Impl'; did you mean 'std::is_same'?\n     193      340 |   static_assert (Kokkos::Impl::is_same<typename YV::value_t\n            ype,\n     194          |                                ^~~~~~~\n     195    /var/tmp/koparasy/spack-stage/spack-stage-kokkos-kernels-3.0.00-ere\n            2qwna6r5j7gsjzyj5smrojsggttnt/spack-src/src/blas/impl/KokkosBlas1_a",
    "195    /var/tmp/koparasy/spack-stage/spack-stage-kokkos-kernels-3.0.00-ere\n            2qwna6r5j7gsjzyj5smrojsggttnt/spack-src/src/blas/impl/KokkosBlas1_a\n            xpby_impl.hpp: In function 'void KokkosBlas::Impl::Axpby_Generic(co\n            nst AV&, const XV&, const BV&, const YV&, SizeType, int, int)':\n  >> 196    /var/tmp/koparasy/spack-stage/spack-stage-kokkos-kernels-3.0.00-ere\n            2qwna6r5j7gsjzyj5smrojsggttnt/spack-src/src/blas/impl/KokkosBlas1_a\nxpby_impl.hpp:340:32: error: 'is_same' is not a member of 'Kokkos::\n            Impl'; did you mean 'std::is_same'?\n     197      340 |   static_assert (Kokkos::Impl::is_same<typename YV::value_t\n            ype,\n     198          |                                ^~~~~~~\n     199    In file included from /p/vast1/koparasy/BUILD/spack_cluster_install\n            er/quartz/kokkos-kernels/spack_env_dir/linux-rhel7-broadwell/gcc-9.",
    "208                     from /var/tmp/koparasy/spack-stage/spack-stage-kok\n            kos-kernels-3.0.00-ere2qwna6r5j7gsjzyj5smrojsggttnt/spack-src/src/i\n            mpl/generated_specializations_cpp/axpby/KokkosBlas1_axpby_eti_spec_\n            inst_dbl_LayoutLeft_Serial_HostSpace.cpp:52:\n  >> 209    /var/tmp/koparasy/spack-stage/spack-stage-kokkos-kernels-3.0.00-ere\n            2qwna6r5j7gsjzyj5smrojsggttnt/spack-src/src/blas/impl/KokkosBlas1_a\nxpby_impl.hpp:340:63: error: expected '(' before ',' token\n     210      340 |   static_assert (Kokkos::Impl::is_same<typename YV::value_t\n            ype,\n     211          |\n               ^\n     212          |\n               (",
    "211          |\n               ^\n     212          |\n               (\n  >> 213    /var/tmp/koparasy/spack-stage/spack-stage-kokkos-kernels-3.0.00-ere\n            2qwna6r5j7gsjzyj5smrojsggttnt/spack-src/src/blas/impl/KokkosBlas1_a\nxpby_impl.hpp:341:20: error: expected string-literal before 'typena\n            me'\n     214      341 |                    typename YV::non_const_value_type>::valu\n            e,\n     215          |                    ^~~~~~~~\n  >> 216    /var/tmp/koparasy/spack-stage/spack-stage-kokkos-kernels-3.0.00-ere\n            2qwna6r5j7gsjzyj5smrojsggttnt/spack-src/src/blas/impl/KokkosBlas1_a",
    "me'\n     214      341 |                    typename YV::non_const_value_type>::valu\n            e,\n     215          |                    ^~~~~~~~\n  >> 216    /var/tmp/koparasy/spack-stage/spack-stage-kokkos-kernels-3.0.00-ere\n            2qwna6r5j7gsjzyj5smrojsggttnt/spack-src/src/blas/impl/KokkosBlas1_a\nxpby_impl.hpp:340:64: error: expected ')' before 'typename'\n     217      340 |   static_assert (Kokkos::Impl::is_same<typename YV::value_t\n            ype,\n     218          |                 ~\n                ^\n     219          |\n                )",
    "231                     from /var/tmp/koparasy/spack-stage/spack-stage-kok\n            kos-kernels-3.0.00-ere2qwna6r5j7gsjzyj5smrojsggttnt/spack-src/src/i\n            mpl/generated_specializations_cpp/axpby/KokkosBlas1_axpby_mv_eti_sp\n            ec_inst_dbl_LayoutLeft_Serial_HostSpace.cpp:52:\n  >> 232    /var/tmp/koparasy/spack-stage/spack-stage-kokkos-kernels-3.0.00-ere\n            2qwna6r5j7gsjzyj5smrojsggttnt/spack-src/src/blas/impl/KokkosBlas1_a\nxpby_impl.hpp:340:63: error: expected '(' before ',' token\n     233      340 |   static_assert (Kokkos::Impl::is_same<typename YV::value_t\n            ype,\n     234          |\n               ^\n     235          |\n               (",
    "234          |\n               ^\n     235          |\n               (\n  >> 236    /var/tmp/koparasy/spack-stage/spack-stage-kokkos-kernels-3.0.00-ere\n            2qwna6r5j7gsjzyj5smrojsggttnt/spack-src/src/blas/impl/KokkosBlas1_a\nxpby_impl.hpp:341:20: error: expected string-literal before 'typena\n            me'\n     237      341 |                    typename YV::non_const_value_type>::valu\n            e,\n     238          |                    ^~~~~~~~\n  >> 239    /var/tmp/koparasy/spack-stage/spack-stage-kokkos-kernels-3.0.00-ere\n            2qwna6r5j7gsjzyj5smrojsggttnt/spack-src/src/blas/impl/KokkosBlas1_a",
    "me'\n     237      341 |                    typename YV::non_const_value_type>::valu\n            e,\n     238          |                    ^~~~~~~~\n  >> 239    /var/tmp/koparasy/spack-stage/spack-stage-kokkos-kernels-3.0.00-ere\n            2qwna6r5j7gsjzyj5smrojsggttnt/spack-src/src/blas/impl/KokkosBlas1_a\nxpby_impl.hpp:340:64: error: expected ')' before 'typename'\n     240      340 |   static_assert (Kokkos::Impl::is_same<typename YV::value_t\n            ype,\n     241          |                 ~\n                ^\n     242          |\n                )",
    "2qwna6r5j7gsjzyj5smrojsggttnt/spack-src/src/blas/impl/KokkosBlas1_a\n            xpby_mv_impl.hpp: In constructor 'KokkosBlas::Impl::Axpby_MV_Functo\n            r<AV, XMV, BV, YMV, scalar_x, scalar_y, SizeType>::Axpby_MV_Functor\n            (const XMV&, const YMV&, const AV&, const BV&)':\n  >> 248    /var/tmp/koparasy/spack-stage/spack-stage-kokkos-kernels-3.0.00-ere\n            2qwna6r5j7gsjzyj5smrojsggttnt/spack-src/src/blas/impl/KokkosBlas1_a\nxpby_mv_impl.hpp:98:34: error: 'is_same' is not a member of 'Kokkos\n            ::Impl'; did you mean 'std::is_same'?\n     249       98 |     static_assert (Kokkos::Impl::is_same<typename YMV::valu\n            e_type,\n     250          |                                  ^~~~~~~\n     251    In file included from /p/vast1/koparasy/BUILD/spack_cluster_install\n            er/quartz/kokkos-kernels/spack_env_dir/linux-rhel7-broadwell/gcc-9.",
    "260                     from /var/tmp/koparasy/spack-stage/spack-stage-kok\n            kos-kernels-3.0.00-ere2qwna6r5j7gsjzyj5smrojsggttnt/spack-src/src/i\n            mpl/generated_specializations_cpp/axpby/KokkosBlas1_axpby_eti_spec_\n            inst_dbl_LayoutLeft_Serial_HostSpace.cpp:52:\n  >> 261    /var/tmp/koparasy/spack-stage/spack-stage-kokkos-kernels-3.0.00-ere\n            2qwna6r5j7gsjzyj5smrojsggttnt/spack-src/src/blas/impl/KokkosBlas1_a\nxpby_mv_impl.hpp:98:66: error: expected '(' before ',' token\n     262       98 |     static_assert (Kokkos::Impl::is_same<typename YMV::valu\n            e_type,\n     263          |\n                  ^\n     264          |\n                  (",
    "263          |\n                  ^\n     264          |\n                  (\n  >> 265    /var/tmp/koparasy/spack-stage/spack-stage-kokkos-kernels-3.0.00-ere\n            2qwna6r5j7gsjzyj5smrojsggttnt/spack-src/src/blas/impl/KokkosBlas1_a\nxpby_mv_impl.hpp:99:20: error: expected string-literal before 'type\n            name'\n     266       99 |                    typename YMV::non_const_value_type>::val\n            ue,\n     267          |                    ^~~~~~~~\n  >> 268    /var/tmp/koparasy/spack-stage/spack-stage-kokkos-kernels-3.0.00-ere\n            2qwna6r5j7gsjzyj5smrojsggttnt/spack-src/src/blas/impl/KokkosBlas1_a",
    "name'\n     266       99 |                    typename YMV::non_const_value_type>::val\n            ue,\n     267          |                    ^~~~~~~~\n  >> 268    /var/tmp/koparasy/spack-stage/spack-stage-kokkos-kernels-3.0.00-ere\n            2qwna6r5j7gsjzyj5smrojsggttnt/spack-src/src/blas/impl/KokkosBlas1_a\nxpby_mv_impl.hpp:98:67: error: expected ')' before 'typename'\n     269       98 |     static_assert (Kokkos::Impl::is_same<typename YMV::valu\n            e_type,\n     270          |                   ~\n                   ^\n     271          |\n                   )",
    "2qwna6r5j7gsjzyj5smrojsggttnt/spack-src/src/blas/impl/KokkosBlas1_a\n            xpby_mv_impl.hpp: In constructor 'KokkosBlas::Impl::Axpby_MV_Functo\n            r<AV, XMV, BV, YMV, scalar_x, scalar_y, SizeType>::Axpby_MV_Functor\n            (const XMV&, const YMV&, const AV&, const BV&)':\n  >> 277    /var/tmp/koparasy/spack-stage/spack-stage-kokkos-kernels-3.0.00-ere\n            2qwna6r5j7gsjzyj5smrojsggttnt/spack-src/src/blas/impl/KokkosBlas1_a\nxpby_mv_impl.hpp:98:34: error: 'is_same' is not a member of 'Kokkos\n            ::Impl'; did you mean 'std::is_same'?\n     278       98 |     static_assert (Kokkos::Impl::is_same<typename YMV::valu\n            e_type,\n     279          |                                  ^~~~~~~\n     280    In file included from /p/vast1/koparasy/BUILD/spack_cluster_install\n            er/quartz/kokkos-kernels/spack_env_dir/linux-rhel7-broadwell/gcc-9.",
    "289                     from /var/tmp/koparasy/spack-stage/spack-stage-kok\n            kos-kernels-3.0.00-ere2qwna6r5j7gsjzyj5smrojsggttnt/spack-src/src/i\n            mpl/generated_specializations_cpp/axpby/KokkosBlas1_axpby_mv_eti_sp\n            ec_inst_dbl_LayoutLeft_Serial_HostSpace.cpp:52:\n  >> 290    /var/tmp/koparasy/spack-stage/spack-stage-kokkos-kernels-3.0.00-ere\n            2qwna6r5j7gsjzyj5smrojsggttnt/spack-src/src/blas/impl/KokkosBlas1_a\nxpby_mv_impl.hpp:98:66: error: expected '(' before ',' token\n     291       98 |     static_assert (Kokkos::Impl::is_same<typename YMV::valu\n            e_type,\n     292          |\n                  ^\n     293          |\n                  (",
    "292          |\n                  ^\n     293          |\n                  (\n  >> 294    /var/tmp/koparasy/spack-stage/spack-stage-kokkos-kernels-3.0.00-ere\n            2qwna6r5j7gsjzyj5smrojsggttnt/spack-src/src/blas/impl/KokkosBlas1_a\nxpby_mv_impl.hpp:99:20: error: expected string-literal before 'type\n            name'\n     295       99 |                    typename YMV::non_const_value_type>::val\n            ue,\n     296          |                    ^~~~~~~~\n  >> 297    /var/tmp/koparasy/spack-stage/spack-stage-kokkos-kernels-3.0.00-ere\n            2qwna6r5j7gsjzyj5smrojsggttnt/spack-src/src/blas/impl/KokkosBlas1_a",
    "name'\n     295       99 |                    typename YMV::non_const_value_type>::val\n            ue,\n     296          |                    ^~~~~~~~\n  >> 297    /var/tmp/koparasy/spack-stage/spack-stage-kokkos-kernels-3.0.00-ere\n            2qwna6r5j7gsjzyj5smrojsggttnt/spack-src/src/blas/impl/KokkosBlas1_a\nxpby_mv_impl.hpp:98:67: error: expected ')' before 'typename'\n     298       98 |     static_assert (Kokkos::Impl::is_same<typename YMV::valu\n            e_type,\n     299          |                   ~\n                   ^\n     300          |\n                   )",
    "r<typename XMV::non_const_value_type, XMV, typename YMV::non_const_\n            value_type, YMV, scalar_x, scalar_y, SizeType>::Axpby_MV_Functor(co\n            nst XMV&, const YMV&, const typename XMV::non_const_value_type&, co\n            nst typename YMV::non_const_value_type&)':\n  >> 304    /var/tmp/koparasy/spack-stage/spack-stage-kokkos-kernels-3.0.00-ere\n            2qwna6r5j7gsjzyj5smrojsggttnt/spack-src/src/blas/impl/KokkosBlas1_a\nxpby_mv_impl.hpp:332:34: error: 'is_same' is not a member of 'Kokko\n            s::Impl'; did you mean 'std::is_same'?\n     305      332 |     static_assert (Kokkos::Impl::is_same<typename YMV::valu\n            e_type,\n     306          |                                  ^~~~~~~\n     307    In file included from /p/vast1/koparasy/BUILD/spack_cluster_install\n            er/quartz/kokkos-kernels/spack_env_dir/linux-rhel7-broadwell/gcc-9.",
    "316                     from /var/tmp/koparasy/spack-stage/spack-stage-kok\n            kos-kernels-3.0.00-ere2qwna6r5j7gsjzyj5smrojsggttnt/spack-src/src/i\n            mpl/generated_specializations_cpp/axpby/KokkosBlas1_axpby_eti_spec_\n            inst_dbl_LayoutLeft_Serial_HostSpace.cpp:52:\n  >> 317    /var/tmp/koparasy/spack-stage/spack-stage-kokkos-kernels-3.0.00-ere\n            2qwna6r5j7gsjzyj5smrojsggttnt/spack-src/src/blas/impl/KokkosBlas1_a\nxpby_mv_impl.hpp:332:66: error: expected '(' before ',' token\n     318      332 |     static_assert (Kokkos::Impl::is_same<typename YMV::valu\n            e_type,\n     319          |\n                  ^\n     320          |\n                  (",
    "319          |\n                  ^\n     320          |\n                  (\n  >> 321    /var/tmp/koparasy/spack-stage/spack-stage-kokkos-kernels-3.0.00-ere\n            2qwna6r5j7gsjzyj5smrojsggttnt/spack-src/src/blas/impl/KokkosBlas1_a\nxpby_mv_impl.hpp:333:20: error: expected string-literal before 'typ\n            ename'\n     322      333 |                    typename YMV::non_const_value_type>::val\n            ue,\n     323          |                    ^~~~~~~~\n  >> 324    /var/tmp/koparasy/spack-stage/spack-stage-kokkos-kernels-3.0.00-ere\n            2qwna6r5j7gsjzyj5smrojsggttnt/spack-src/src/blas/impl/KokkosBlas1_a",
    "ename'\n     322      333 |                    typename YMV::non_const_value_type>::val\n            ue,\n     323          |                    ^~~~~~~~\n  >> 324    /var/tmp/koparasy/spack-stage/spack-stage-kokkos-kernels-3.0.00-ere\n            2qwna6r5j7gsjzyj5smrojsggttnt/spack-src/src/blas/impl/KokkosBlas1_a\nxpby_mv_impl.hpp:332:67: error: expected ')' before 'typename'\n     325      332 |     static_assert (Kokkos::Impl::is_same<typename YMV::valu\n            e_type,\n     326          |                   ~\n                   ^\n     327          |\n                   )",
    "r<typename XMV::non_const_value_type, XMV, typename YMV::non_const_\n            value_type, YMV, scalar_x, scalar_y, SizeType>::Axpby_MV_Functor(co\n            nst XMV&, const YMV&, const typename XMV::non_const_value_type&, co\n            nst typename YMV::non_const_value_type&)':\n  >> 331    /var/tmp/koparasy/spack-stage/spack-stage-kokkos-kernels-3.0.00-ere\n            2qwna6r5j7gsjzyj5smrojsggttnt/spack-src/src/blas/impl/KokkosBlas1_a\nxpby_mv_impl.hpp:332:34: error: 'is_same' is not a member of 'Kokko\n            s::Impl'; did you mean 'std::is_same'?\n     332      332 |     static_assert (Kokkos::Impl::is_same<typename YMV::valu\n            e_type,\n     333          |                                  ^~~~~~~\n     334    In file included from /p/vast1/koparasy/BUILD/spack_cluster_install\n            er/quartz/kokkos-kernels/spack_env_dir/linux-rhel7-broadwell/gcc-9.",
    "343                     from /var/tmp/koparasy/spack-stage/spack-stage-kok\n            kos-kernels-3.0.00-ere2qwna6r5j7gsjzyj5smrojsggttnt/spack-src/src/i\n            mpl/generated_specializations_cpp/axpby/KokkosBlas1_axpby_mv_eti_sp\n            ec_inst_dbl_LayoutLeft_Serial_HostSpace.cpp:52:\n  >> 344    /var/tmp/koparasy/spack-stage/spack-stage-kokkos-kernels-3.0.00-ere\n            2qwna6r5j7gsjzyj5smrojsggttnt/spack-src/src/blas/impl/KokkosBlas1_a\nxpby_mv_impl.hpp:332:66: error: expected '(' before ',' token\n     345      332 |     static_assert (Kokkos::Impl::is_same<typename YMV::valu\n            e_type,\n     346          |\n                  ^\n     347          |\n                  (",
    "346          |\n                  ^\n     347          |\n                  (\n  >> 348    /var/tmp/koparasy/spack-stage/spack-stage-kokkos-kernels-3.0.00-ere\n            2qwna6r5j7gsjzyj5smrojsggttnt/spack-src/src/blas/impl/KokkosBlas1_a\nxpby_mv_impl.hpp:333:20: error: expected string-literal before 'typ\n            ename'\n     349      333 |                    typename YMV::non_const_value_type>::val\n            ue,\n     350          |                    ^~~~~~~~\n  >> 351    /var/tmp/koparasy/spack-stage/spack-stage-kokkos-kernels-3.0.00-ere\n            2qwna6r5j7gsjzyj5smrojsggttnt/spack-src/src/blas/impl/KokkosBlas1_a",
    "ename'\n     349      333 |                    typename YMV::non_const_value_type>::val\n            ue,\n     350          |                    ^~~~~~~~\n  >> 351    /var/tmp/koparasy/spack-stage/spack-stage-kokkos-kernels-3.0.00-ere\n            2qwna6r5j7gsjzyj5smrojsggttnt/spack-src/src/blas/impl/KokkosBlas1_a\nxpby_mv_impl.hpp:332:67: error: expected ')' before 'typename'\n     352      332 |     static_assert (Kokkos::Impl::is_same<typename YMV::valu\n            e_type,\n     353          |                   ~\n                   ^\n     354          |\n                   )",
    "xpby_mv_impl.hpp: In constructor 'KokkosBlas::Impl::Axpby_MV_Unroll\n            _Functor<AV, XMV, BV, YMV, scalar_x, scalar_y, UNROLL, SizeType>::A\n            xpby_MV_Unroll_Functor(const XMV&, const YMV&, const AV&, const BV&\n            , SizeType)':\n  >> 358    /var/tmp/koparasy/spack-stage/spack-stage-kokkos-kernels-3.0.00-ere\n            2qwna6r5j7gsjzyj5smrojsggttnt/spack-src/src/blas/impl/KokkosBlas1_a\nxpby_mv_impl.hpp:549:34: error: 'is_same' is not a member of 'Kokko\n            s::Impl'; did you mean 'std::is_same'?\n     359      549 |     static_assert (Kokkos::Impl::is_same<typename YMV::valu\n            e_type,\n     360          |                                  ^~~~~~~\n     361    In file included from /p/vast1/koparasy/BUILD/spack_cluster_install\n            er/quartz/kokkos-kernels/spack_env_dir/linux-rhel7-broadwell/gcc-9.",
    "370                     from /var/tmp/koparasy/spack-stage/spack-stage-kok\n            kos-kernels-3.0.00-ere2qwna6r5j7gsjzyj5smrojsggttnt/spack-src/src/i\n            mpl/generated_specializations_cpp/axpby/KokkosBlas1_axpby_eti_spec_\n            inst_dbl_LayoutLeft_Serial_HostSpace.cpp:52:\n  >> 371    /var/tmp/koparasy/spack-stage/spack-stage-kokkos-kernels-3.0.00-ere\n            2qwna6r5j7gsjzyj5smrojsggttnt/spack-src/src/blas/impl/KokkosBlas1_a\nxpby_mv_impl.hpp:549:66: error: expected '(' before ',' token\n     372      549 |     static_assert (Kokkos::Impl::is_same<typename YMV::valu\n            e_type,\n     373          |\n                  ^\n     374          |\n                  (",
    "373          |\n                  ^\n     374          |\n                  (\n  >> 375    /var/tmp/koparasy/spack-stage/spack-stage-kokkos-kernels-3.0.00-ere\n            2qwna6r5j7gsjzyj5smrojsggttnt/spack-src/src/blas/impl/KokkosBlas1_a\nxpby_mv_impl.hpp:550:20: error: expected string-literal before 'typ\n            ename'\n     376      550 |                    typename YMV::non_const_value_type>::val\n            ue,\n     377          |                    ^~~~~~~~\n  >> 378    /var/tmp/koparasy/spack-stage/spack-stage-kokkos-kernels-3.0.00-ere\n            2qwna6r5j7gsjzyj5smrojsggttnt/spack-src/src/blas/impl/KokkosBlas1_a",
    "ename'\n     376      550 |                    typename YMV::non_const_value_type>::val\n            ue,\n     377          |                    ^~~~~~~~\n  >> 378    /var/tmp/koparasy/spack-stage/spack-stage-kokkos-kernels-3.0.00-ere\n            2qwna6r5j7gsjzyj5smrojsggttnt/spack-src/src/blas/impl/KokkosBlas1_a\nxpby_mv_impl.hpp:549:67: error: expected ')' before 'typename'\n     379      549 |     static_assert (Kokkos::Impl::is_same<typename YMV::valu\n            e_type,\n     380          |                   ~\n                   ^\n     381          |\n                   )",
    "xpby_mv_impl.hpp: In constructor 'KokkosBlas::Impl::Axpby_MV_Unroll\n            _Functor<AV, XMV, BV, YMV, scalar_x, scalar_y, UNROLL, SizeType>::A\n            xpby_MV_Unroll_Functor(const XMV&, const YMV&, const AV&, const BV&\n            , SizeType)':\n  >> 385    /var/tmp/koparasy/spack-stage/spack-stage-kokkos-kernels-3.0.00-ere\n            2qwna6r5j7gsjzyj5smrojsggttnt/spack-src/src/blas/impl/KokkosBlas1_a\nxpby_mv_impl.hpp:549:34: error: 'is_same' is not a member of 'Kokko\n            s::Impl'; did you mean 'std::is_same'?\n     386      549 |     static_assert (Kokkos::Impl::is_same<typename YMV::valu\n            e_type,\n     387          |                                  ^~~~~~~\n     388    In file included from /p/vast1/koparasy/BUILD/spack_cluster_install\n            er/quartz/kokkos-kernels/spack_env_dir/linux-rhel7-broadwell/gcc-9.",
    "397                     from /var/tmp/koparasy/spack-stage/spack-stage-kok\n            kos-kernels-3.0.00-ere2qwna6r5j7gsjzyj5smrojsggttnt/spack-src/src/i\n            mpl/generated_specializations_cpp/axpby/KokkosBlas1_axpby_mv_eti_sp\n            ec_inst_dbl_LayoutLeft_Serial_HostSpace.cpp:52:\n  >> 398    /var/tmp/koparasy/spack-stage/spack-stage-kokkos-kernels-3.0.00-ere\n            2qwna6r5j7gsjzyj5smrojsggttnt/spack-src/src/blas/impl/KokkosBlas1_a\nxpby_mv_impl.hpp:549:66: error: expected '(' before ',' token\n     399      549 |     static_assert (Kokkos::Impl::is_same<typename YMV::valu\n            e_type,\n     400          |\n                  ^\n     401          |\n                  (",
    "400          |\n                  ^\n     401          |\n                  (\n  >> 402    /var/tmp/koparasy/spack-stage/spack-stage-kokkos-kernels-3.0.00-ere\n            2qwna6r5j7gsjzyj5smrojsggttnt/spack-src/src/blas/impl/KokkosBlas1_a\nxpby_mv_impl.hpp:550:20: error: expected string-literal before 'typ\n            ename'\n     403      550 |                    typename YMV::non_const_value_type>::val\n            ue,\n     404          |                    ^~~~~~~~\n  >> 405    /var/tmp/koparasy/spack-stage/spack-stage-kokkos-kernels-3.0.00-ere\n            2qwna6r5j7gsjzyj5smrojsggttnt/spack-src/src/blas/impl/KokkosBlas1_a",
    "ename'\n     403      550 |                    typename YMV::non_const_value_type>::val\n            ue,\n     404          |                    ^~~~~~~~\n  >> 405    /var/tmp/koparasy/spack-stage/spack-stage-kokkos-kernels-3.0.00-ere\n            2qwna6r5j7gsjzyj5smrojsggttnt/spack-src/src/blas/impl/KokkosBlas1_a\nxpby_mv_impl.hpp:549:67: error: expected ')' before 'typename'\n     406      549 |     static_assert (Kokkos::Impl::is_same<typename YMV::valu\n            e_type,\n     407          |                   ~\n                   ^\n     408          |\n                   )",
    "_const_value_type, YMV, scalar_x, scalar_y, UNROLL, SizeType>::Axpb\n            y_MV_Unroll_Functor(const XMV&, const YMV&, const typename XMV::non\n            _const_value_type&, const typename YMV::non_const_value_type&, Size\n            Type)':\n  >> 412    /var/tmp/koparasy/spack-stage/spack-stage-kokkos-kernels-3.0.00-ere\n            2qwna6r5j7gsjzyj5smrojsggttnt/spack-src/src/blas/impl/KokkosBlas1_a\nxpby_mv_impl.hpp:770:34: error: 'is_same' is not a member of 'Kokko\n            s::Impl'; did you mean 'std::is_same'?\n     413      770 |     static_assert (Kokkos::Impl::is_same<typename YMV::valu\n            e_type,\n     414          |                                  ^~~~~~~\n     415    In file included from /p/vast1/koparasy/BUILD/spack_cluster_install\n            er/quartz/kokkos-kernels/spack_env_dir/linux-rhel7-broadwell/gcc-9.",
    "424                     from /var/tmp/koparasy/spack-stage/spack-stage-kok\n            kos-kernels-3.0.00-ere2qwna6r5j7gsjzyj5smrojsggttnt/spack-src/src/i\n            mpl/generated_specializations_cpp/axpby/KokkosBlas1_axpby_eti_spec_\n            inst_dbl_LayoutLeft_Serial_HostSpace.cpp:52:\n  >> 425    /var/tmp/koparasy/spack-stage/spack-stage-kokkos-kernels-3.0.00-ere\n            2qwna6r5j7gsjzyj5smrojsggttnt/spack-src/src/blas/impl/KokkosBlas1_a\nxpby_mv_impl.hpp:770:66: error: expected '(' before ',' token\n     426      770 |     static_assert (Kokkos::Impl::is_same<typename YMV::valu\n            e_type,\n     427          |\n                  ^\n     428          |\n                  (",
    "427          |\n                  ^\n     428          |\n                  (\n  >> 429    /var/tmp/koparasy/spack-stage/spack-stage-kokkos-kernels-3.0.00-ere\n            2qwna6r5j7gsjzyj5smrojsggttnt/spack-src/src/blas/impl/KokkosBlas1_a\nxpby_mv_impl.hpp:771:20: error: expected string-literal before 'typ\n            ename'\n     430      771 |                    typename YMV::non_const_value_type>::val\n            ue,\n     431          |                    ^~~~~~~~\n  >> 432    /var/tmp/koparasy/spack-stage/spack-stage-kokkos-kernels-3.0.00-ere\n            2qwna6r5j7gsjzyj5smrojsggttnt/spack-src/src/blas/impl/KokkosBlas1_a",
    "ename'\n     430      771 |                    typename YMV::non_const_value_type>::val\n            ue,\n     431          |                    ^~~~~~~~\n  >> 432    /var/tmp/koparasy/spack-stage/spack-stage-kokkos-kernels-3.0.00-ere\n            2qwna6r5j7gsjzyj5smrojsggttnt/spack-src/src/blas/impl/KokkosBlas1_a\nxpby_mv_impl.hpp:770:67: error: expected ')' before 'typename'\n     433      770 |     static_assert (Kokkos::Impl::is_same<typename YMV::valu\n            e_type,\n     434          |                   ~\n                   ^\n     435          |\n                   )",
    "_const_value_type, YMV, scalar_x, scalar_y, UNROLL, SizeType>::Axpb\n            y_MV_Unroll_Functor(const XMV&, const YMV&, const typename XMV::non\n            _const_value_type&, const typename YMV::non_const_value_type&, Size\n            Type)':\n  >> 439    /var/tmp/koparasy/spack-stage/spack-stage-kokkos-kernels-3.0.00-ere\n            2qwna6r5j7gsjzyj5smrojsggttnt/spack-src/src/blas/impl/KokkosBlas1_a\nxpby_mv_impl.hpp:770:34: error: 'is_same' is not a member of 'Kokko\n            s::Impl'; did you mean 'std::is_same'?\n     440      770 |     static_assert (Kokkos::Impl::is_same<typename YMV::valu\n            e_type,\n     441          |                                  ^~~~~~~\n     442    In file included from /p/vast1/koparasy/BUILD/spack_cluster_install\n            er/quartz/kokkos-kernels/spack_env_dir/linux-rhel7-broadwell/gcc-9.",
    "451                     from /var/tmp/koparasy/spack-stage/spack-stage-kok\n            kos-kernels-3.0.00-ere2qwna6r5j7gsjzyj5smrojsggttnt/spack-src/src/i\n            mpl/generated_specializations_cpp/axpby/KokkosBlas1_axpby_mv_eti_sp\n            ec_inst_dbl_LayoutLeft_Serial_HostSpace.cpp:52:\n  >> 452    /var/tmp/koparasy/spack-stage/spack-stage-kokkos-kernels-3.0.00-ere\n            2qwna6r5j7gsjzyj5smrojsggttnt/spack-src/src/blas/impl/KokkosBlas1_a\nxpby_mv_impl.hpp:770:66: error: expected '(' before ',' token\n     453      770 |     static_assert (Kokkos::Impl::is_same<typename YMV::valu\n            e_type,\n     454          |\n                  ^\n     455          |\n                  (",
    "454          |\n                  ^\n     455          |\n                  (\n  >> 456    /var/tmp/koparasy/spack-stage/spack-stage-kokkos-kernels-3.0.00-ere\n            2qwna6r5j7gsjzyj5smrojsggttnt/spack-src/src/blas/impl/KokkosBlas1_a\nxpby_mv_impl.hpp:771:20: error: expected string-literal before 'typ\n            ename'\n     457      771 |                    typename YMV::non_const_value_type>::val\n            ue,\n     458          |                    ^~~~~~~~\n     459    /var/tmp/koparasy/spack-stage/spack-stage-kokkos-kernels-3.0.00-ere\n            2qwna6r5j7gsjzyj5smrojsggttnt/spack-src/src/blas/impl/KokkosBlas1_a",
    "2qwna6r5j7gsjzyj5smrojsggttnt/spack-src/src/blas/impl/KokkosBlas1_a\n            xpby_mv_impl.hpp: In function 'void KokkosBlas::Impl::Axpby_MV_Unro\n            lled(const AV&, const XMV&, const BV&, const YMV&, SizeType, int, i\n            nt)':\n  >> 460    /var/tmp/koparasy/spack-stage/spack-stage-kokkos-kernels-3.0.00-ere\n            2qwna6r5j7gsjzyj5smrojsggttnt/spack-src/src/blas/impl/KokkosBlas1_a\nxpby_mv_impl.hpp:984:32: error: 'is_same' is not a member of 'Kokko\n            s::Impl'; did you mean 'std::is_same'?\n     461      984 |   static_assert (Kokkos::Impl::is_same<typename YMV::value_\n            type,\n     462          |                                ^~~~~~~\n     463    In file included from /p/vast1/koparasy/BUILD/spack_cluster_install\n            er/quartz/kokkos-kernels/spack_env_dir/linux-rhel7-broadwell/gcc-9.",
    "472                     from /var/tmp/koparasy/spack-stage/spack-stage-kok\n            kos-kernels-3.0.00-ere2qwna6r5j7gsjzyj5smrojsggttnt/spack-src/src/i\n            mpl/generated_specializations_cpp/axpby/KokkosBlas1_axpby_eti_spec_\n            inst_dbl_LayoutLeft_Serial_HostSpace.cpp:52:\n  >> 473    /var/tmp/koparasy/spack-stage/spack-stage-kokkos-kernels-3.0.00-ere\n            2qwna6r5j7gsjzyj5smrojsggttnt/spack-src/src/blas/impl/KokkosBlas1_a\nxpby_mv_impl.hpp:984:64: error: expected '(' before ',' token\n     474      984 |   static_assert (Kokkos::Impl::is_same<typename YMV::value_\n            type,\n     475          |\n                ^\n     476          |\n                (",
    "475          |\n                ^\n     476          |\n                (\n  >> 477    /var/tmp/koparasy/spack-stage/spack-stage-kokkos-kernels-3.0.00-ere\n            2qwna6r5j7gsjzyj5smrojsggttnt/spack-src/src/blas/impl/KokkosBlas1_a\nxpby_mv_impl.hpp:985:20: error: expected string-literal before 'typ\n            ename'\n     478      985 |                    typename YMV::non_const_value_type>::val\n            ue,\n     479          |                    ^~~~~~~~\n  >> 480    /var/tmp/koparasy/spack-stage/spack-stage-kokkos-kernels-3.0.00-ere\n            2qwna6r5j7gsjzyj5smrojsggttnt/spack-src/src/blas/impl/KokkosBlas1_a",
    "ename'\n     478      985 |                    typename YMV::non_const_value_type>::val\n            ue,\n     479          |                    ^~~~~~~~\n  >> 480    /var/tmp/koparasy/spack-stage/spack-stage-kokkos-kernels-3.0.00-ere\n            2qwna6r5j7gsjzyj5smrojsggttnt/spack-src/src/blas/impl/KokkosBlas1_a\nxpby_mv_impl.hpp:984:65: error: expected ')' before 'typename'\n     481      984 |   static_assert (Kokkos::Impl::is_same<typename YMV::value_\n            type,\n     482          |                 ~\n                 ^\n     483          |\n                 )",
    ")\n     484      985 |                    typename YMV::non_const_value_type>::val\n            ue,\n     485          |                    ~~~~~~~~\n  >> 486    /var/tmp/koparasy/spack-stage/spack-stage-kokkos-kernels-3.0.00-ere\n            2qwna6r5j7gsjzyj5smrojsggttnt/spack-src/src/blas/impl/KokkosBlas1_a\nxpby_mv_impl.hpp:770:67: error: expected ')' before 'typename'\n     487      770 |     static_assert (Kokkos::Impl::is_same<typename YMV::valu\n            e_type,\n     488          |                   ~\n                   ^\n     489          |\n                   )",
    "492    /var/tmp/koparasy/spack-stage/spack-stage-kokkos-kernels-3.0.00-ere\n            2qwna6r5j7gsjzyj5smrojsggttnt/spack-src/src/blas/impl/KokkosBlas1_a\n            xpby_mv_impl.hpp: In function 'void KokkosBlas::Impl::Axpby_MV_Gene\n            ric(const AV&, const XMV&, const BV&, const YMV&, int, int)':\n  >> 493    /var/tmp/koparasy/spack-stage/spack-stage-kokkos-kernels-3.0.00-ere\n            2qwna6r5j7gsjzyj5smrojsggttnt/spack-src/src/blas/impl/KokkosBlas1_a\nxpby_mv_impl.hpp:1122:32: error: 'is_same' is not a member of 'Kokk\n            os::Impl'; did you mean 'std::is_same'?\n     494     1122 |   static_assert (Kokkos::Impl::is_same<typename YMV::value_\n            type,\n     495          |                                ^~~~~~~\n     496    In file included from /p/vast1/koparasy/BUILD/spack_cluster_install\n            er/quartz/kokkos-kernels/spack_env_dir/linux-rhel7-broadwell/gcc-9.",
    "2qwna6r5j7gsjzyj5smrojsggttnt/spack-src/src/blas/impl/KokkosBlas1_a\n            xpby_mv_impl.hpp: In function 'void KokkosBlas::Impl::Axpby_MV_Unro\n            lled(const AV&, const XMV&, const BV&, const YMV&, SizeType, int, i\n            nt)':\n  >> 505    /var/tmp/koparasy/spack-stage/spack-stage-kokkos-kernels-3.0.00-ere\n            2qwna6r5j7gsjzyj5smrojsggttnt/spack-src/src/blas/impl/KokkosBlas1_a\nxpby_mv_impl.hpp:984:32: error: 'is_same' is not a member of 'Kokko\n            s::Impl'; did you mean 'std::is_same'?\n     506      984 |   static_assert (Kokkos::Impl::is_same<typename YMV::value_\n            type,\n     507          |                                ^~~~~~~\n     508    In file included from /var/tmp/koparasy/spack-stage/spack-stage-kok\n            kos-kernels-3.0.00-ere2qwna6r5j7gsjzyj5smrojsggttnt/spack-src/src/b",
    "509                     from /var/tmp/koparasy/spack-stage/spack-stage-kok\n            kos-kernels-3.0.00-ere2qwna6r5j7gsjzyj5smrojsggttnt/spack-src/src/i\n            mpl/generated_specializations_cpp/axpby/KokkosBlas1_axpby_eti_spec_\n            inst_dbl_LayoutLeft_Serial_HostSpace.cpp:52:\n  >> 510    /var/tmp/koparasy/spack-stage/spack-stage-kokkos-kernels-3.0.00-ere\n            2qwna6r5j7gsjzyj5smrojsggttnt/spack-src/src/blas/impl/KokkosBlas1_a\nxpby_mv_impl.hpp:1122:64: error: expected '(' before ',' token\n     511     1122 |   static_assert (Kokkos::Impl::is_same<typename YMV::value_\n            type,\n     512          |\n                ^\n     513          |\n                (",
    "512          |\n                ^\n     513          |\n                (\n  >> 514    /var/tmp/koparasy/spack-stage/spack-stage-kokkos-kernels-3.0.00-ere\n            2qwna6r5j7gsjzyj5smrojsggttnt/spack-src/src/blas/impl/KokkosBlas1_a\nxpby_mv_impl.hpp:1123:20: error: expected string-literal before 'ty\n            pename'\n     515     1123 |                    typename YMV::non_const_value_type>::val\n            ue,\n     516          |                    ^~~~~~~~\n  >> 517    /var/tmp/koparasy/spack-stage/spack-stage-kokkos-kernels-3.0.00-ere\n            2qwna6r5j7gsjzyj5smrojsggttnt/spack-src/src/blas/impl/KokkosBlas1_a",
    "pename'\n     515     1123 |                    typename YMV::non_const_value_type>::val\n            ue,\n     516          |                    ^~~~~~~~\n  >> 517    /var/tmp/koparasy/spack-stage/spack-stage-kokkos-kernels-3.0.00-ere\n            2qwna6r5j7gsjzyj5smrojsggttnt/spack-src/src/blas/impl/KokkosBlas1_a\nxpby_mv_impl.hpp:1122:65: error: expected ')' before 'typename'\n     518     1122 |   static_assert (Kokkos::Impl::is_same<typename YMV::value_\n            type,\n     519          |                 ~\n                 ^\n     520          |\n                 )",
    "532                     from /var/tmp/koparasy/spack-stage/spack-stage-kok\n            kos-kernels-3.0.00-ere2qwna6r5j7gsjzyj5smrojsggttnt/spack-src/src/i\n            mpl/generated_specializations_cpp/axpby/KokkosBlas1_axpby_mv_eti_sp\n            ec_inst_dbl_LayoutLeft_Serial_HostSpace.cpp:52:\n  >> 533    /var/tmp/koparasy/spack-stage/spack-stage-kokkos-kernels-3.0.00-ere\n            2qwna6r5j7gsjzyj5smrojsggttnt/spack-src/src/blas/impl/KokkosBlas1_a\nxpby_mv_impl.hpp:984:64: error: expected '(' before ',' token\n     534      984 |   static_assert (Kokkos::Impl::is_same<typename YMV::value_\n            type,\n     535          |\n                ^\n     536          |\n                (",
    "535          |\n                ^\n     536          |\n                (\n  >> 537    /var/tmp/koparasy/spack-stage/spack-stage-kokkos-kernels-3.0.00-ere\n            2qwna6r5j7gsjzyj5smrojsggttnt/spack-src/src/blas/impl/KokkosBlas1_a\nxpby_mv_impl.hpp:985:20: error: expected string-literal before 'typ\n            ename'\n     538      985 |                    typename YMV::non_const_value_type>::val\n            ue,\n     539          |                    ^~~~~~~~\n  >> 540    /var/tmp/koparasy/spack-stage/spack-stage-kokkos-kernels-3.0.00-ere\n            2qwna6r5j7gsjzyj5smrojsggttnt/spack-src/src/blas/impl/KokkosBlas1_a",
    "ename'\n     538      985 |                    typename YMV::non_const_value_type>::val\n            ue,\n     539          |                    ^~~~~~~~\n  >> 540    /var/tmp/koparasy/spack-stage/spack-stage-kokkos-kernels-3.0.00-ere\n            2qwna6r5j7gsjzyj5smrojsggttnt/spack-src/src/blas/impl/KokkosBlas1_a\nxpby_mv_impl.hpp:984:65: error: expected ')' before 'typename'\n     541      984 |   static_assert (Kokkos::Impl::is_same<typename YMV::value_\n            type,\n     542          |                 ~\n                 ^\n     543          |\n                 )",
    "2qwna6r5j7gsjzyj5smrojsggttnt/spack-src/src/blas/impl/KokkosBlas1_a\n            xpby_mv_impl.hpp: In static member function 'static void KokkosBlas\n            ::Impl::Axpby_MV_Invoke_Left<AV, XMV, BV, YMV, SizeType>::run(const\n             AV&, const XMV&, const BV&, const YMV&, int, int)':\n  >> 547    /var/tmp/koparasy/spack-stage/spack-stage-kokkos-kernels-3.0.00-ere\n            2qwna6r5j7gsjzyj5smrojsggttnt/spack-src/src/blas/impl/KokkosBlas1_a\nxpby_mv_impl.hpp:1262:32: error: 'is_same' is not a member of 'Kokk\n            os::Impl'; did you mean 'std::is_same'?\n     548     1262 |   static_assert (Kokkos::Impl::is_same<typename YMV::value_\n            type,\n     549          |                                ^~~~~~~\n     550    In file included from /p/vast1/koparasy/BUILD/spack_cluster_install\n            er/quartz/kokkos-kernels/spack_env_dir/linux-rhel7-broadwell/gcc-9.",
    "559                     from /var/tmp/koparasy/spack-stage/spack-stage-kok\n            kos-kernels-3.0.00-ere2qwna6r5j7gsjzyj5smrojsggttnt/spack-src/src/i\n            mpl/generated_specializations_cpp/axpby/KokkosBlas1_axpby_eti_spec_\n            inst_dbl_LayoutLeft_Serial_HostSpace.cpp:52:\n  >> 560    /var/tmp/koparasy/spack-stage/spack-stage-kokkos-kernels-3.0.00-ere\n            2qwna6r5j7gsjzyj5smrojsggttnt/spack-src/src/blas/impl/KokkosBlas1_a\nxpby_mv_impl.hpp:1262:64: error: expected '(' before ',' token\n     561     1262 |   static_assert (Kokkos::Impl::is_same<typename YMV::value_\n            type,\n     562          |\n                ^\n     563          |\n                (",
    "562          |\n                ^\n     563          |\n                (\n  >> 564    /var/tmp/koparasy/spack-stage/spack-stage-kokkos-kernels-3.0.00-ere\n            2qwna6r5j7gsjzyj5smrojsggttnt/spack-src/src/blas/impl/KokkosBlas1_a\nxpby_mv_impl.hpp:1263:18: error: expected string-literal before 'ty\n            pename'\n     565     1263 |                  typename YMV::non_const_value_type>::value\n            ,\n     566          |                  ^~~~~~~~\n  >> 567    /var/tmp/koparasy/spack-stage/spack-stage-kokkos-kernels-3.0.00-ere\n            2qwna6r5j7gsjzyj5smrojsggttnt/spack-src/src/blas/impl/KokkosBlas1_a",
    "pename'\n     565     1263 |                  typename YMV::non_const_value_type>::value\n            ,\n     566          |                  ^~~~~~~~\n  >> 567    /var/tmp/koparasy/spack-stage/spack-stage-kokkos-kernels-3.0.00-ere\n            2qwna6r5j7gsjzyj5smrojsggttnt/spack-src/src/blas/impl/KokkosBlas1_a\nxpby_mv_impl.hpp:1262:65: error: expected ')' before 'typename'\n     568     1262 |   static_assert (Kokkos::Impl::is_same<typename YMV::value_\n            type,\n     569          |                 ~\n                 ^\n     570          |\n                 )",
    "2qwna6r5j7gsjzyj5smrojsggttnt/spack-src/src/blas/impl/KokkosBlas1_a\n            xpby_mv_impl.hpp: In static member function 'static void KokkosBlas\n            ::Impl::Axpby_MV_Invoke_Right<AV, XMV, BV, YMV, SizeType>::run(cons\n            t AV&, const XMV&, const BV&, const YMV&, int, int)':\n  >> 574    /var/tmp/koparasy/spack-stage/spack-stage-kokkos-kernels-3.0.00-ere\n            2qwna6r5j7gsjzyj5smrojsggttnt/spack-src/src/blas/impl/KokkosBlas1_a\nxpby_mv_impl.hpp:1341:32: error: 'is_same' is not a member of 'Kokk\n            os::Impl'; did you mean 'std::is_same'?\n     575     1341 |   static_assert (Kokkos::Impl::is_same<typename YMV::value_\n            type,\n     576          |                                ^~~~~~~\n     577    /var/tmp/koparasy/spack-stage/spack-stage-kokkos-kernels-3.0.00-ere\n            2qwna6r5j7gsjzyj5smrojsggttnt/spack-src/src/blas/impl/KokkosBlas1_a",
    "577    /var/tmp/koparasy/spack-stage/spack-stage-kokkos-kernels-3.0.00-ere\n            2qwna6r5j7gsjzyj5smrojsggttnt/spack-src/src/blas/impl/KokkosBlas1_a\n            xpby_mv_impl.hpp: In function 'void KokkosBlas::Impl::Axpby_MV_Gene\n            ric(const AV&, const XMV&, const BV&, const YMV&, int, int)':\n  >> 578    /var/tmp/koparasy/spack-stage/spack-stage-kokkos-kernels-3.0.00-ere\n            2qwna6r5j7gsjzyj5smrojsggttnt/spack-src/src/blas/impl/KokkosBlas1_a\nxpby_mv_impl.hpp:1122:32: error: 'is_same' is not a member of 'Kokk\n            os::Impl'; did you mean 'std::is_same'?\n     579     1122 |   static_assert (Kokkos::Impl::is_same<typename YMV::value_\n            type,\n     580          |                                ^~~~~~~\n     581    In file included from /p/vast1/koparasy/BUILD/spack_cluster_install\n            er/quartz/kokkos-kernels/spack_env_dir/linux-rhel7-broadwell/gcc-9.",
    "590                     from /var/tmp/koparasy/spack-stage/spack-stage-kok\n            kos-kernels-3.0.00-ere2qwna6r5j7gsjzyj5smrojsggttnt/spack-src/src/i\n            mpl/generated_specializations_cpp/axpby/KokkosBlas1_axpby_mv_eti_sp\n            ec_inst_dbl_LayoutLeft_Serial_HostSpace.cpp:52:\n  >> 591    /var/tmp/koparasy/spack-stage/spack-stage-kokkos-kernels-3.0.00-ere\n            2qwna6r5j7gsjzyj5smrojsggttnt/spack-src/src/blas/impl/KokkosBlas1_a\nxpby_mv_impl.hpp:1122:64: error: expected '(' before ',' token\n     592     1122 |   static_assert (Kokkos::Impl::is_same<typename YMV::value_\n            type,\n     593          |\n                ^\n     594          |\n                (",
    "593          |\n                ^\n     594          |\n                (\n  >> 595    /var/tmp/koparasy/spack-stage/spack-stage-kokkos-kernels-3.0.00-ere\n            2qwna6r5j7gsjzyj5smrojsggttnt/spack-src/src/blas/impl/KokkosBlas1_a\nxpby_mv_impl.hpp:1123:20: error: expected string-literal before 'ty\n            pename'\n     596     1123 |                    typename YMV::non_const_value_type>::val\n            ue,\n     597          |                    ^~~~~~~~\n  >> 598    /var/tmp/koparasy/spack-stage/spack-stage-kokkos-kernels-3.0.00-ere\n            2qwna6r5j7gsjzyj5smrojsggttnt/spack-src/src/blas/impl/KokkosBlas1_a",
    "pename'\n     596     1123 |                    typename YMV::non_const_value_type>::val\n            ue,\n     597          |                    ^~~~~~~~\n  >> 598    /var/tmp/koparasy/spack-stage/spack-stage-kokkos-kernels-3.0.00-ere\n            2qwna6r5j7gsjzyj5smrojsggttnt/spack-src/src/blas/impl/KokkosBlas1_a\nxpby_mv_impl.hpp:1122:65: error: expected ')' before 'typename'\n     599     1122 |   static_assert (Kokkos::Impl::is_same<typename YMV::value_\n            type,\n     600          |                 ~\n                 ^\n     601          |\n                 )",
    "613                     from /var/tmp/koparasy/spack-stage/spack-stage-kok\n            kos-kernels-3.0.00-ere2qwna6r5j7gsjzyj5smrojsggttnt/spack-src/src/i\n            mpl/generated_specializations_cpp/axpby/KokkosBlas1_axpby_eti_spec_\n            inst_dbl_LayoutLeft_Serial_HostSpace.cpp:52:\n  >> 614    /var/tmp/koparasy/spack-stage/spack-stage-kokkos-kernels-3.0.00-ere\n            2qwna6r5j7gsjzyj5smrojsggttnt/spack-src/src/blas/impl/KokkosBlas1_a\nxpby_mv_impl.hpp:1341:64: error: expected '(' before ',' token\n     615     1341 |   static_assert (Kokkos::Impl::is_same<typename YMV::value_\n            type,\n     616          |\n                ^\n     617          |\n                (",
    "2qwna6r5j7gsjzyj5smrojsggttnt/spack-src/src/blas/impl/KokkosBlas1_a\n            xpby_mv_impl.hpp: In static member function 'static void KokkosBlas\n            ::Impl::Axpby_MV_Invoke_Left<AV, XMV, BV, YMV, SizeType>::run(const\n             AV&, const XMV&, const BV&, const YMV&, int, int)':\n  >> 619    /var/tmp/koparasy/spack-stage/spack-stage-kokkos-kernels-3.0.00-ere\n            2qwna6r5j7gsjzyj5smrojsggttnt/spack-src/src/blas/impl/KokkosBlas1_a\nxpby_mv_impl.hpp:1262:32: error: 'is_same' is not a member of 'Kokk\n            os::Impl'; did you mean 'std::is_same'?\n     620     1262 |   static_assert (Kokkos::Impl::is_same<typename YMV::value_\n            type,\n     621          |                                ^~~~~~~\n     622    In file included from /p/vast1/koparasy/BUILD/spack_cluster_install\n            er/quartz/kokkos-kernels/spack_env_dir/linux-rhel7-broadwell/gcc-9.",
    "631                     from /var/tmp/koparasy/spack-stage/spack-stage-kok\n            kos-kernels-3.0.00-ere2qwna6r5j7gsjzyj5smrojsggttnt/spack-src/src/i\n            mpl/generated_specializations_cpp/axpby/KokkosBlas1_axpby_mv_eti_sp\n            ec_inst_dbl_LayoutLeft_Serial_HostSpace.cpp:52:\n  >> 632    /var/tmp/koparasy/spack-stage/spack-stage-kokkos-kernels-3.0.00-ere\n            2qwna6r5j7gsjzyj5smrojsggttnt/spack-src/src/blas/impl/KokkosBlas1_a\nxpby_mv_impl.hpp:1262:64: error: expected '(' before ',' token\n     633     1262 |   static_assert (Kokkos::Impl::is_same<typename YMV::value_\n            type,\n     634          |\n                ^\n     635          |\n                (",
    "634          |\n                ^\n     635          |\n                (\n  >> 636    /var/tmp/koparasy/spack-stage/spack-stage-kokkos-kernels-3.0.00-ere\n            2qwna6r5j7gsjzyj5smrojsggttnt/spack-src/src/blas/impl/KokkosBlas1_a\nxpby_mv_impl.hpp:1263:18: error: expected string-literal before 'ty\n            pename'\n     637     1263 |                  typename YMV::non_const_value_type>::value\n            ,\n     638          |                  ^~~~~~~~\n  >> 639    /var/tmp/koparasy/spack-stage/spack-stage-kokkos-kernels-3.0.00-ere\n            2qwna6r5j7gsjzyj5smrojsggttnt/spack-src/src/blas/impl/KokkosBlas1_a",
    "pename'\n     637     1263 |                  typename YMV::non_const_value_type>::value\n            ,\n     638          |                  ^~~~~~~~\n  >> 639    /var/tmp/koparasy/spack-stage/spack-stage-kokkos-kernels-3.0.00-ere\n            2qwna6r5j7gsjzyj5smrojsggttnt/spack-src/src/blas/impl/KokkosBlas1_a\nxpby_mv_impl.hpp:1262:65: error: expected ')' before 'typename'\n     640     1262 |   static_assert (Kokkos::Impl::is_same<typename YMV::value_\n            type,\n     641          |                 ~\n                 ^\n     642          |\n                 )",
    ")\n     643     1263 |                  typename YMV::non_const_value_type>::value\n            ,\n     644          |                  ~~~~~~~~\n  >> 645    /var/tmp/koparasy/spack-stage/spack-stage-kokkos-kernels-3.0.00-ere\n            2qwna6r5j7gsjzyj5smrojsggttnt/spack-src/src/blas/impl/KokkosBlas1_a\nxpby_mv_impl.hpp:1342:18: error: expected string-literal before 'ty\n            pename'\n     646     1342 |                  typename YMV::non_const_value_type>::value\n            ,\n     647          |                  ^~~~~~~~\n  >> 648    /var/tmp/koparasy/spack-stage/spack-stage-kokkos-kernels-3.0.00-ere\n            2qwna6r5j7gsjzyj5smrojsggttnt/spack-src/src/blas/impl/KokkosBlas1_a",
    "pename'\n     646     1342 |                  typename YMV::non_const_value_type>::value\n            ,\n     647          |                  ^~~~~~~~\n  >> 648    /var/tmp/koparasy/spack-stage/spack-stage-kokkos-kernels-3.0.00-ere\n            2qwna6r5j7gsjzyj5smrojsggttnt/spack-src/src/blas/impl/KokkosBlas1_a\nxpby_mv_impl.hpp:1341:65: error: expected ')' before 'typename'\n     649     1341 |   static_assert (Kokkos::Impl::is_same<typename YMV::value_\n            type,\n     650          |                 ~\n                 ^\n     651          |\n                 )",
    "2qwna6r5j7gsjzyj5smrojsggttnt/spack-src/src/blas/impl/KokkosBlas1_a\n            xpby_mv_impl.hpp: In static member function 'static void KokkosBlas\n            ::Impl::Axpby_MV_Invoke_Right<AV, XMV, BV, YMV, SizeType>::run(cons\n            t AV&, const XMV&, const BV&, const YMV&, int, int)':\n  >> 655    /var/tmp/koparasy/spack-stage/spack-stage-kokkos-kernels-3.0.00-ere\n            2qwna6r5j7gsjzyj5smrojsggttnt/spack-src/src/blas/impl/KokkosBlas1_a\nxpby_mv_impl.hpp:1341:32: error: 'is_same' is not a member of 'Kokk\n            os::Impl'; did you mean 'std::is_same'?\n     656     1341 |   static_assert (Kokkos::Impl::is_same<typename YMV::value_\n            type,\n     657          |                                ^~~~~~~\n     658    In file included from /p/vast1/koparasy/BUILD/spack_cluster_install\n            er/quartz/kokkos-kernels/spack_env_dir/linux-rhel7-broadwell/gcc-9.",
    "667                     from /var/tmp/koparasy/spack-stage/spack-stage-kok\n            kos-kernels-3.0.00-ere2qwna6r5j7gsjzyj5smrojsggttnt/spack-src/src/i\n            mpl/generated_specializations_cpp/axpby/KokkosBlas1_axpby_mv_eti_sp\n            ec_inst_dbl_LayoutLeft_Serial_HostSpace.cpp:52:\n  >> 668    /var/tmp/koparasy/spack-stage/spack-stage-kokkos-kernels-3.0.00-ere\n            2qwna6r5j7gsjzyj5smrojsggttnt/spack-src/src/blas/impl/KokkosBlas1_a\nxpby_mv_impl.hpp:1341:64: error: expected '(' before ',' token\n     669     1341 |   static_assert (Kokkos::Impl::is_same<typename YMV::value_\n            type,\n     670          |\n                ^\n     671          |\n                (",
    "670          |\n                ^\n     671          |\n                (\n  >> 672    /var/tmp/koparasy/spack-stage/spack-stage-kokkos-kernels-3.0.00-ere\n            2qwna6r5j7gsjzyj5smrojsggttnt/spack-src/src/blas/impl/KokkosBlas1_a\nxpby_mv_impl.hpp:1342:18: error: expected string-literal before 'ty\n            pename'\n     673     1342 |                  typename YMV::non_const_value_type>::value\n            ,\n     674          |                  ^~~~~~~~\n  >> 675    /var/tmp/koparasy/spack-stage/spack-stage-kokkos-kernels-3.0.00-ere\n            2qwna6r5j7gsjzyj5smrojsggttnt/spack-src/src/blas/impl/KokkosBlas1_a",
    "pename'\n     673     1342 |                  typename YMV::non_const_value_type>::value\n            ,\n     674          |                  ^~~~~~~~\n  >> 675    /var/tmp/koparasy/spack-stage/spack-stage-kokkos-kernels-3.0.00-ere\n            2qwna6r5j7gsjzyj5smrojsggttnt/spack-src/src/blas/impl/KokkosBlas1_a\nxpby_mv_impl.hpp:1341:65: error: expected ')' before 'typename'\n     676     1341 |   static_assert (Kokkos::Impl::is_same<typename YMV::value_\n            type,\n     677          |                 ~\n                 ^\n     678          |\n                 )",
    "2qwna6r5j7gsjzyj5smrojsggttnt/spack-src/src/blas/impl/KokkosBlas1_a\n            xpby_spec.hpp: In static member function 'static void KokkosBlas::I\n            mpl::Axpby<AV, XMV, BV, YMV, 2, false, true>::axpby(const AV&, cons\n            t XMV&, const BV&, const YMV&)':\n  >> 683    /var/tmp/koparasy/spack-stage/spack-stage-kokkos-kernels-3.0.00-ere\n            2qwna6r5j7gsjzyj5smrojsggttnt/spack-src/src/blas/impl/KokkosBlas1_a\nxpby_spec.hpp:173:34: error: 'is_same' is not a member of 'Kokkos::\n            Impl'; did you mean 'std::is_same'?\n     684      173 |     static_assert (Kokkos::Impl::is_same<typename YMV::valu\n            e_type,\n     685          |                                  ^~~~~~~\n     686    In file included from /p/vast1/koparasy/BUILD/spack_cluster_install\n            er/quartz/kokkos-kernels/spack_env_dir/linux-rhel7-broadwell/gcc-9.",
    "694    In file included from /var/tmp/koparasy/spack-stage/spack-stage-kok\n            kos-kernels-3.0.00-ere2qwna6r5j7gsjzyj5smrojsggttnt/spack-src/src/i\n            mpl/generated_specializations_cpp/axpby/KokkosBlas1_axpby_eti_spec_\n            inst_dbl_LayoutLeft_Serial_HostSpace.cpp:52:\n  >> 695    /var/tmp/koparasy/spack-stage/spack-stage-kokkos-kernels-3.0.00-ere\n            2qwna6r5j7gsjzyj5smrojsggttnt/spack-src/src/blas/impl/KokkosBlas1_a\nxpby_spec.hpp:173:66: error: expected '(' before ',' token\n     696      173 |     static_assert (Kokkos::Impl::is_same<typename YMV::valu\n            e_type,\n     697          |\n                  ^\n     698          |\n                  (",
    "697          |\n                  ^\n     698          |\n                  (\n  >> 699    /var/tmp/koparasy/spack-stage/spack-stage-kokkos-kernels-3.0.00-ere\n            2qwna6r5j7gsjzyj5smrojsggttnt/spack-src/src/blas/impl/KokkosBlas1_a\nxpby_spec.hpp:174:22: error: expected string-literal before 'typena\n            me'\n     700      174 |                      typename YMV::non_const_value_type>::v\n            alue,\n     701          |                      ^~~~~~~~\n  >> 702    /var/tmp/koparasy/spack-stage/spack-stage-kokkos-kernels-3.0.00-ere\n            2qwna6r5j7gsjzyj5smrojsggttnt/spack-src/src/blas/impl/KokkosBlas1_a",
    "me'\n     700      174 |                      typename YMV::non_const_value_type>::v\n            alue,\n     701          |                      ^~~~~~~~\n  >> 702    /var/tmp/koparasy/spack-stage/spack-stage-kokkos-kernels-3.0.00-ere\n            2qwna6r5j7gsjzyj5smrojsggttnt/spack-src/src/blas/impl/KokkosBlas1_a\nxpby_spec.hpp:173:67: error: expected ')' before 'typename'\n     703      173 |     static_assert (Kokkos::Impl::is_same<typename YMV::valu\n            e_type,\n     704          |                   ~\n                   ^\n     705          |\n                   )",
    "2qwna6r5j7gsjzyj5smrojsggttnt/spack-src/src/blas/impl/KokkosBlas1_a\n            xpby_spec.hpp: In static member function 'static void KokkosBlas::I\n            mpl::Axpby<AV, XMV, BV, YMV, 2, false, true>::axpby(const AV&, cons\n            t XMV&, const BV&, const YMV&)':\n  >> 710    /var/tmp/koparasy/spack-stage/spack-stage-kokkos-kernels-3.0.00-ere\n            2qwna6r5j7gsjzyj5smrojsggttnt/spack-src/src/blas/impl/KokkosBlas1_a\nxpby_spec.hpp:173:34: error: 'is_same' is not a member of 'Kokkos::\n            Impl'; did you mean 'std::is_same'?\n     711      173 |     static_assert (Kokkos::Impl::is_same<typename YMV::valu\n            e_type,\n     712          |                                  ^~~~~~~\n     713    In file included from /p/vast1/koparasy/BUILD/spack_cluster_install\n            er/quartz/kokkos-kernels/spack_env_dir/linux-rhel7-broadwell/gcc-9.",
    "721    In file included from /var/tmp/koparasy/spack-stage/spack-stage-kok\n            kos-kernels-3.0.00-ere2qwna6r5j7gsjzyj5smrojsggttnt/spack-src/src/i\n            mpl/generated_specializations_cpp/axpby/KokkosBlas1_axpby_mv_eti_sp\n            ec_inst_dbl_LayoutLeft_Serial_HostSpace.cpp:52:\n  >> 722    /var/tmp/koparasy/spack-stage/spack-stage-kokkos-kernels-3.0.00-ere\n            2qwna6r5j7gsjzyj5smrojsggttnt/spack-src/src/blas/impl/KokkosBlas1_a\nxpby_spec.hpp:173:66: error: expected '(' before ',' token\n     723      173 |     static_assert (Kokkos::Impl::is_same<typename YMV::valu\n            e_type,\n     724          |\n                  ^\n     725          |\n                  (",
    "724          |\n                  ^\n     725          |\n                  (\n  >> 726    /var/tmp/koparasy/spack-stage/spack-stage-kokkos-kernels-3.0.00-ere\n            2qwna6r5j7gsjzyj5smrojsggttnt/spack-src/src/blas/impl/KokkosBlas1_a\nxpby_spec.hpp:174:22: error: expected string-literal before 'typena\n            me'\n     727      174 |                      typename YMV::non_const_value_type>::v\n            alue,\n     728          |                      ^~~~~~~~\n     729    In file included from /var/tmp/koparasy/spack-stage/spack-stage-kok\n            kos-kernels-3.0.00-ere2qwna6r5j7gsjzyj5smrojsggttnt/spack-src/src/i",
    "xpby_spec.hpp: In static member function 'static void KokkosBlas::I\n            mpl::Axpby<typename XMV::non_const_value_type, XMV, typename YMV::n\n            on_const_value_type, YMV, 2, false, true>::axpby(const AV&, const X\n            MV&, const BV&, const YMV&)':\n  >> 731    /var/tmp/koparasy/spack-stage/spack-stage-kokkos-kernels-3.0.00-ere\n            2qwna6r5j7gsjzyj5smrojsggttnt/spack-src/src/blas/impl/KokkosBlas1_a\nxpby_spec.hpp:242:34: error: 'is_same' is not a member of 'Kokkos::\n            Impl'; did you mean 'std::is_same'?\n     732      242 |     static_assert (Kokkos::Impl::is_same<typename YMV::valu\n            e_type,\n     733          |                                  ^~~~~~~\n     734    In file included from /p/vast1/koparasy/BUILD/spack_cluster_install\n            er/quartz/kokkos-kernels/spack_env_dir/linux-rhel7-broadwell/gcc-9.",
    "742    In file included from /var/tmp/koparasy/spack-stage/spack-stage-kok\n            kos-kernels-3.0.00-ere2qwna6r5j7gsjzyj5smrojsggttnt/spack-src/src/i\n            mpl/generated_specializations_cpp/axpby/KokkosBlas1_axpby_eti_spec_\n            inst_dbl_LayoutLeft_Serial_HostSpace.cpp:52:\n  >> 743    /var/tmp/koparasy/spack-stage/spack-stage-kokkos-kernels-3.0.00-ere\n            2qwna6r5j7gsjzyj5smrojsggttnt/spack-src/src/blas/impl/KokkosBlas1_a\nxpby_spec.hpp:242:66: error: expected '(' before ',' token\n     744      242 |     static_assert (Kokkos::Impl::is_same<typename YMV::valu\n            e_type,\n     745          |\n                  ^\n     746          |\n                  (",
    "745          |\n                  ^\n     746          |\n                  (\n  >> 747    /var/tmp/koparasy/spack-stage/spack-stage-kokkos-kernels-3.0.00-ere\n            2qwna6r5j7gsjzyj5smrojsggttnt/spack-src/src/blas/impl/KokkosBlas1_a\nxpby_spec.hpp:243:22: error: expected string-literal before 'typena\n            me'\n     748      243 |                      typename YMV::non_const_value_type>::v\n            alue,\n     749          |                      ^~~~~~~~\n  >> 750    /var/tmp/koparasy/spack-stage/spack-stage-kokkos-kernels-3.0.00-ere\n            2qwna6r5j7gsjzyj5smrojsggttnt/spack-src/src/blas/impl/KokkosBlas1_a",
    "me'\n     748      243 |                      typename YMV::non_const_value_type>::v\n            alue,\n     749          |                      ^~~~~~~~\n  >> 750    /var/tmp/koparasy/spack-stage/spack-stage-kokkos-kernels-3.0.00-ere\n            2qwna6r5j7gsjzyj5smrojsggttnt/spack-src/src/blas/impl/KokkosBlas1_a\nxpby_spec.hpp:242:67: error: expected ')' before 'typename'\n     751      242 |     static_assert (Kokkos::Impl::is_same<typename YMV::valu\n            e_type,\n     752          |                   ~\n                   ^\n     753          |\n                   )",
    ")\n     754      243 |                      typename YMV::non_const_value_type>::v\n            alue,\n     755          |                      ~~~~~~~~\n  >> 756    /var/tmp/koparasy/spack-stage/spack-stage-kokkos-kernels-3.0.00-ere\n            2qwna6r5j7gsjzyj5smrojsggttnt/spack-src/src/blas/impl/KokkosBlas1_a\nxpby_spec.hpp:173:67: error: expected ')' before 'typename'\n     757      173 |     static_assert (Kokkos::Impl::is_same<typename YMV::valu\n            e_type,\n     758          |                   ~\n                   ^\n     759          |\n                   )",
    "xpby_spec.hpp: In static member function 'static void KokkosBlas::I\n            mpl::Axpby<typename XV::non_const_value_type, XV, typename YV::non_\n            const_value_type, YV, 1, false, true>::axpby(const AV&, const XV&,\n            const BV&, const YV&)':\n  >> 763    /var/tmp/koparasy/spack-stage/spack-stage-kokkos-kernels-3.0.00-ere\n            2qwna6r5j7gsjzyj5smrojsggttnt/spack-src/src/blas/impl/KokkosBlas1_a\nxpby_spec.hpp:335:34: error: 'is_same' is not a member of 'Kokkos::\n            Impl'; did you mean 'std::is_same'?\n     764      335 |     static_assert (Kokkos::Impl::is_same<typename YV::value\n            _type,\n     765          |                                  ^~~~~~~\n     766    In file included from /p/vast1/koparasy/BUILD/spack_cluster_install\n            er/quartz/kokkos-kernels/spack_env_dir/linux-rhel7-broadwell/gcc-9.",
    "774    In file included from /var/tmp/koparasy/spack-stage/spack-stage-kok\n            kos-kernels-3.0.00-ere2qwna6r5j7gsjzyj5smrojsggttnt/spack-src/src/i\n            mpl/generated_specializations_cpp/axpby/KokkosBlas1_axpby_eti_spec_\n            inst_dbl_LayoutLeft_Serial_HostSpace.cpp:52:\n  >> 775    /var/tmp/koparasy/spack-stage/spack-stage-kokkos-kernels-3.0.00-ere\n            2qwna6r5j7gsjzyj5smrojsggttnt/spack-src/src/blas/impl/KokkosBlas1_a\nxpby_spec.hpp:335:65: error: expected '(' before ',' token\n     776      335 |     static_assert (Kokkos::Impl::is_same<typename YV::value\n            _type,\n     777          |\n                 ^\n     778          |\n                 (",
    "xpby_spec.hpp: In static member function 'static void KokkosBlas::I\n            mpl::Axpby<typename XMV::non_const_value_type, XMV, typename YMV::n\n            on_const_value_type, YMV, 2, false, true>::axpby(const AV&, const X\n            MV&, const BV&, const YMV&)':\n  >> 781    /var/tmp/koparasy/spack-stage/spack-stage-kokkos-kernels-3.0.00-ere\n            2qwna6r5j7gsjzyj5smrojsggttnt/spack-src/src/blas/impl/KokkosBlas1_a\nxpby_spec.hpp:242:34: error: 'is_same' is not a member of 'Kokkos::\n            Impl'; did you mean 'std::is_same'?\n     782      242 |     static_assert (Kokkos::Impl::is_same<typename YMV::valu\n            e_type,\n     783          |                                  ^~~~~~~\n     784    In file included from /p/vast1/koparasy/BUILD/spack_cluster_install\n            er/quartz/kokkos-kernels/spack_env_dir/linux-rhel7-broadwell/gcc-9.",
    "792    In file included from /var/tmp/koparasy/spack-stage/spack-stage-kok\n            kos-kernels-3.0.00-ere2qwna6r5j7gsjzyj5smrojsggttnt/spack-src/src/i\n            mpl/generated_specializations_cpp/axpby/KokkosBlas1_axpby_mv_eti_sp\n            ec_inst_dbl_LayoutLeft_Serial_HostSpace.cpp:52:\n  >> 793    /var/tmp/koparasy/spack-stage/spack-stage-kokkos-kernels-3.0.00-ere\n            2qwna6r5j7gsjzyj5smrojsggttnt/spack-src/src/blas/impl/KokkosBlas1_a\nxpby_spec.hpp:242:66: error: expected '(' before ',' token\n     794      242 |     static_assert (Kokkos::Impl::is_same<typename YMV::valu\n            e_type,\n     795          |\n                  ^\n     796          |\n                  (",
    "795          |\n                  ^\n     796          |\n                  (\n  >> 797    /var/tmp/koparasy/spack-stage/spack-stage-kokkos-kernels-3.0.00-ere\n            2qwna6r5j7gsjzyj5smrojsggttnt/spack-src/src/blas/impl/KokkosBlas1_a\nxpby_spec.hpp:243:22: error: expected string-literal before 'typena\n            me'\n     798      243 |                      typename YMV::non_const_value_type>::v\n            alue,\n     799          |                      ^~~~~~~~\n  >> 800    /var/tmp/koparasy/spack-stage/spack-stage-kokkos-kernels-3.0.00-ere\n            2qwna6r5j7gsjzyj5smrojsggttnt/spack-src/src/blas/impl/KokkosBlas1_a",
    "me'\n     798      243 |                      typename YMV::non_const_value_type>::v\n            alue,\n     799          |                      ^~~~~~~~\n  >> 800    /var/tmp/koparasy/spack-stage/spack-stage-kokkos-kernels-3.0.00-ere\n            2qwna6r5j7gsjzyj5smrojsggttnt/spack-src/src/blas/impl/KokkosBlas1_a\nxpby_spec.hpp:242:67: error: expected ')' before 'typename'\n     801      242 |     static_assert (Kokkos::Impl::is_same<typename YMV::valu\n            e_type,\n     802          |                   ~\n                   ^\n     803          |\n                   )",
    ")\n     804      243 |                      typename YMV::non_const_value_type>::v\n            alue,\n     805          |                      ~~~~~~~~\n  >> 806    /var/tmp/koparasy/spack-stage/spack-stage-kokkos-kernels-3.0.00-ere\n            2qwna6r5j7gsjzyj5smrojsggttnt/spack-src/src/blas/impl/KokkosBlas1_a\nxpby_spec.hpp:336:22: error: expected string-literal before 'typena\n            me'\n     807      336 |                      typename YV::non_const_value_type>::va\n            lue,\n     808          |                      ^~~~~~~~\n  >> 809    /var/tmp/koparasy/spack-stage/spack-stage-kokkos-kernels-3.0.00-ere\n            2qwna6r5j7gsjzyj5smrojsggttnt/spack-src/src/blas/impl/KokkosBlas1_a",
    "me'\n     807      336 |                      typename YV::non_const_value_type>::va\n            lue,\n     808          |                      ^~~~~~~~\n  >> 809    /var/tmp/koparasy/spack-stage/spack-stage-kokkos-kernels-3.0.00-ere\n            2qwna6r5j7gsjzyj5smrojsggttnt/spack-src/src/blas/impl/KokkosBlas1_a\nxpby_spec.hpp:335:66: error: expected ')' before 'typename'\n     810      335 |     static_assert (Kokkos::Impl::is_same<typename YV::value\n            _type,\n     811          |                   ~\n                  ^\n     812          |\n                  )",
    "xpby_spec.hpp: In static member function 'static void KokkosBlas::I\n            mpl::Axpby<typename XV::non_const_value_type, XV, typename YV::non_\n            const_value_type, YV, 1, false, true>::axpby(const AV&, const XV&,\n            const BV&, const YV&)':\n  >> 816    /var/tmp/koparasy/spack-stage/spack-stage-kokkos-kernels-3.0.00-ere\n            2qwna6r5j7gsjzyj5smrojsggttnt/spack-src/src/blas/impl/KokkosBlas1_a\nxpby_spec.hpp:335:34: error: 'is_same' is not a member of 'Kokkos::\n            Impl'; did you mean 'std::is_same'?\n     817      335 |     static_assert (Kokkos::Impl::is_same<typename YV::value\n            _type,\n     818          |                                  ^~~~~~~\n     819    In file included from /p/vast1/koparasy/BUILD/spack_cluster_install\n            er/quartz/kokkos-kernels/spack_env_dir/linux-rhel7-broadwell/gcc-9.",
    "827    In file included from /var/tmp/koparasy/spack-stage/spack-stage-kok\n            kos-kernels-3.0.00-ere2qwna6r5j7gsjzyj5smrojsggttnt/spack-src/src/i\n            mpl/generated_specializations_cpp/axpby/KokkosBlas1_axpby_mv_eti_sp\n            ec_inst_dbl_LayoutLeft_Serial_HostSpace.cpp:52:\n  >> 828    /var/tmp/koparasy/spack-stage/spack-stage-kokkos-kernels-3.0.00-ere\n            2qwna6r5j7gsjzyj5smrojsggttnt/spack-src/src/blas/impl/KokkosBlas1_a\nxpby_spec.hpp:335:65: error: expected '(' before ',' token\n     829      335 |     static_assert (Kokkos::Impl::is_same<typename YV::value\n            _type,\n     830          |\n                 ^\n     831          |\n                 (",
    "830          |\n                 ^\n     831          |\n                 (\n  >> 832    /var/tmp/koparasy/spack-stage/spack-stage-kokkos-kernels-3.0.00-ere\n            2qwna6r5j7gsjzyj5smrojsggttnt/spack-src/src/blas/impl/KokkosBlas1_a\nxpby_spec.hpp:336:22: error: expected string-literal before 'typena\n            me'\n     833      336 |                      typename YV::non_const_value_type>::va\n            lue,\n     834          |                      ^~~~~~~~\n  >> 835    /var/tmp/koparasy/spack-stage/spack-stage-kokkos-kernels-3.0.00-ere\n            2qwna6r5j7gsjzyj5smrojsggttnt/spack-src/src/blas/impl/KokkosBlas1_a",
    "me'\n     833      336 |                      typename YV::non_const_value_type>::va\n            lue,\n     834          |                      ^~~~~~~~\n  >> 835    /var/tmp/koparasy/spack-stage/spack-stage-kokkos-kernels-3.0.00-ere\n            2qwna6r5j7gsjzyj5smrojsggttnt/spack-src/src/blas/impl/KokkosBlas1_a\nxpby_spec.hpp:335:66: error: expected ')' before 'typename'\n     836      335 |     static_assert (Kokkos::Impl::is_same<typename YV::value\n            _type,\n     837          |                   ~\n                  ^\n     838          |\n                  )",
    ">> 843    make[2]: *** [src/CMakeFiles/kokkoskernels.dir/impl/generated_speci\n            alizations_cpp/axpby/KokkosBlas1_axpby_mv_eti_spec_inst_dbl_LayoutL\n            eft_Serial_HostSpace.cpp.o] Error 1\n     844    make[2]: Leaving directory `/tmp/koparasy/spack-stage/spack-stage-k\n            okkos-kernels-3.0.00-ere2qwna6r5j7gsjzyj5smrojsggttnt/spack-build-e\n            re2qwn'\n>> 845    make[1]: *** [src/CMakeFiles/kokkoskernels.dir/all] Error 2\n     846    make[1]: Leaving directory `/tmp/koparasy/spack-stage/spack-stage-k\n            okkos-kernels-3.0.00-ere2qwna6r5j7gsjzyj5smrojsggttnt/spack-build-e\n            re2qwn'\n  >> 847    make: *** [all] Error 2\n\nSee build log for details:",
    "okkos-kernels-3.0.00-ere2qwna6r5j7gsjzyj5smrojsggttnt/spack-build-e\n            re2qwn'\n  >> 845    make[1]: *** [src/CMakeFiles/kokkoskernels.dir/all] Error 2\n     846    make[1]: Leaving directory `/tmp/koparasy/spack-stage/spack-stage-k\n            okkos-kernels-3.0.00-ere2qwna6r5j7gsjzyj5smrojsggttnt/spack-build-e\n            re2qwn'\n>> 847    make: *** [all] Error 2\n\nSee build log for details:\n  /var/tmp/koparasy/spack-stage/spack-stage-kokkos-kernels-3.0.00-ere2qwna6r5j7gsjzyj5smrojsggttnt/spack-build-out.txt\n\nTraceback (most recent call last):\n  File \"/p/vast1/koparasy/BUILD/head/spack/lib/spack/spack/build_environment.py\", line 1035, in _setup_pkg_and_run"
]