[
    "7 errors found in build log:\n     612     #warning \"get rig of this\"\n     613      ^~~~~~~\n     614    /tmp/koparasy/spack-stage/spack-stage-ascent-develop-fn6xdxcpgpzy44\n            yer362od4hy3hrudbi/spack-src/src/ascent/runtimes/ascent_expression_\neval.cpp:1593:4: warning: #warning \"Need a way to delete the interm\n            ediate results during execution\" [-Wcpp]\n     615       #warning \"Need a way to delete the intermediate results during e\n            xecution\"\n     616        ^~~~~~~\n     617    /tmp/koparasy/spack-stage/spack-stage-ascent-develop-fn6xdxcpgpzy44\n            yer362od4hy3hrudbi/spack-src/src/ascent/runtimes/ascent_transmogrif",
    "1 -std=c++11 -o CMakeFiles/ascent.dir/runtimes/ascent_expression_ev\n            al.cpp.o -c /tmp/koparasy/spack-stage/spack-stage-ascent-develop-fn\n            6xdxcpgpzy44yer362od4hy3hrudbi/spack-src/src/ascent/runtimes/ascent\n            _expression_eval.cpp\n     630    /tmp/koparasy/spack-stage/spack-stage-ascent-develop-fn6xdxcpgpzy44\n            yer362od4hy3hrudbi/spack-src/src/ascent/runtimes/ascent_expression_\neval.cpp:1569:2: warning: #warning \"get rig of this\" [-Wcpp]\n     631     #warning \"get rig of this\"\n     632      ^~~~~~~\n     633    /tmp/koparasy/spack-stage/spack-stage-ascent-develop-fn6xdxcpgpzy44\n            yer362od4hy3hrudbi/spack-src/src/ascent/runtimes/ascent_expression_\n            eval.cpp:1593:4: warning: #warning \"Need a way to delete the interm\n            ediate results during execution\" [-Wcpp]",
    "yer362od4hy3hrudbi/spack-src/src/ascent/runtimes/ascent_expression_\n            eval.cpp:1569:2: warning: #warning \"get rig of this\" [-Wcpp]\n     631     #warning \"get rig of this\"\n     632      ^~~~~~~\n     633    /tmp/koparasy/spack-stage/spack-stage-ascent-develop-fn6xdxcpgpzy44\n            yer362od4hy3hrudbi/spack-src/src/ascent/runtimes/ascent_expression_\neval.cpp:1593:4: warning: #warning \"Need a way to delete the interm\n            ediate results during execution\" [-Wcpp]\n     634       #warning \"Need a way to delete the intermediate results during e\n            xecution\"\n     635        ^~~~~~~\n     636    [ 24%] Building CXX object ascent/CMakeFiles/ascent.dir/runtimes/as\n            cent_transmogrifier.cpp.o",
    "617    /tmp/koparasy/spack-stage/spack-stage-ascent-develop-fn6xdxcpgpzy44\n            yer362od4hy3hrudbi/spack-src/src/ascent/runtimes/ascent_transmogrif\n            ier.cpp: In static member function 'static void ascent::Transmogrif\n            ier::to_poly(conduit::Node&, conduit::Node&)':\n  >> 618    /tmp/koparasy/spack-stage/spack-stage-ascent-develop-fn6xdxcpgpzy44\n            yer362od4hy3hrudbi/spack-src/src/ascent/runtimes/ascent_transmogrif\nier.cpp:183:16: error: too many arguments to function 'void conduit\n            ::blueprint::mesh::topology::unstructured::generate_sides(const con\n            duit::Node&, conduit::Node&, conduit::Node&, conduit::Node&, condui\n            t::Node&)'\n     619             options);\n     620                    ^\n     621    In file included from /p/vast1/koparasy/BUILD/spack_cluster_install",
    "638    /tmp/koparasy/spack-stage/spack-stage-ascent-develop-fn6xdxcpgpzy44\n            yer362od4hy3hrudbi/spack-src/src/ascent/runtimes/ascent_transmogrif\n            ier.cpp: In static member function 'static void ascent::Transmogrif\n            ier::to_poly(conduit::Node&, conduit::Node&)':\n  >> 639    /tmp/koparasy/spack-stage/spack-stage-ascent-develop-fn6xdxcpgpzy44\n            yer362od4hy3hrudbi/spack-src/src/ascent/runtimes/ascent_transmogrif\nier.cpp:183:16: error: too many arguments to function 'void conduit\n            ::blueprint::mesh::topology::unstructured::generate_sides(const con\n            duit::Node&, conduit::Node&, conduit::Node&, conduit::Node&, condui\n            t::Node&)'\n     640             options);\n     641                    ^\n     642    In file included from /p/vast1/koparasy/BUILD/spack_cluster_install",
    "eval.cpp:400:1: note: variable tracking size limit exceeded with -f\n            var-tracking-assignments, retrying without\n     655     initialize_functions()\n     656     ^~~~~~~~~~~~~~~~~~~~\n     657    make[2]: Leaving directory `/tmp/koparasy/spack-stage/spack-stage-a\n            scent-develop-fn6xdxcpgpzy44yer362od4hy3hrudbi/spack-build-fn6xdxc'\n>> 658    make[1]: *** [ascent/CMakeFiles/ascent_mpi.dir/all] Error 2\n     659    make[1]: *** Waiting for unfinished jobs....\n     660    make[2]: Leaving directory `/tmp/koparasy/spack-stage/spack-stage-a\n            scent-develop-fn6xdxcpgpzy44yer362od4hy3hrudbi/spack-build-fn6xdxc'\n  >> 661    make[1]: *** [ascent/CMakeFiles/ascent.dir/all] Error 2\n     662    make[1]: Leaving directory `/tmp/koparasy/spack-stage/spack-stage-a\n            scent-develop-fn6xdxcpgpzy44yer362od4hy3hrudbi/spack-build-fn6xdxc'",
    "657    make[2]: Leaving directory `/tmp/koparasy/spack-stage/spack-stage-a\n            scent-develop-fn6xdxcpgpzy44yer362od4hy3hrudbi/spack-build-fn6xdxc'\n  >> 658    make[1]: *** [ascent/CMakeFiles/ascent_mpi.dir/all] Error 2\n     659    make[1]: *** Waiting for unfinished jobs....\n     660    make[2]: Leaving directory `/tmp/koparasy/spack-stage/spack-stage-a\n            scent-develop-fn6xdxcpgpzy44yer362od4hy3hrudbi/spack-build-fn6xdxc'\n>> 661    make[1]: *** [ascent/CMakeFiles/ascent.dir/all] Error 2\n     662    make[1]: Leaving directory `/tmp/koparasy/spack-stage/spack-stage-a\n            scent-develop-fn6xdxcpgpzy44yer362od4hy3hrudbi/spack-build-fn6xdxc'\n  >> 663    make: *** [all] Error 2\n\nSee build log for details:\n  /var/tmp/koparasy/spack-stage/spack-stage-ascent-develop-fn6xdxcpgpzy44yer362od4hy3hrudbi/spack-build-out.txt",
    "659    make[1]: *** Waiting for unfinished jobs....\n     660    make[2]: Leaving directory `/tmp/koparasy/spack-stage/spack-stage-a\n            scent-develop-fn6xdxcpgpzy44yer362od4hy3hrudbi/spack-build-fn6xdxc'\n  >> 661    make[1]: *** [ascent/CMakeFiles/ascent.dir/all] Error 2\n     662    make[1]: Leaving directory `/tmp/koparasy/spack-stage/spack-stage-a\n            scent-develop-fn6xdxcpgpzy44yer362od4hy3hrudbi/spack-build-fn6xdxc'\n>> 663    make: *** [all] Error 2\n\nSee build log for details:\n  /var/tmp/koparasy/spack-stage/spack-stage-ascent-develop-fn6xdxcpgpzy44yer362od4hy3hrudbi/spack-build-out.txt\n\nTraceback (most recent call last):\n  File \"/p/vast1/koparasy/BUILD/spack/lib/spack/spack/build_environment.py\", line 1035, in _setup_pkg_and_run"
]