[
    "228     checking for C compiler flag --param max-inline-insns-single=35000\n             ... checking for C compiler flag --param max-inline-insns-single=3\n             5000... yes\n     229     yes\n  >> 230     checking for C compiler flag --param max-inline-insns=100000... ch\n             ecking for C compiler flag --param max-inline-insns=100000... no/e\nrror: cc1: error: invalid --param name 'max-inline-insns'; did you\n              mean 'max-combine-insns'?\n  >> 231     no/error: cc1: error: invalid --param name 'max-inline-insns'; did\n              you mean 'max-combine-insns'?\n     232     checking for C compiler flag --param inline-unit-growth=10000... c\n             hecking for C compiler flag --param inline-unit-growth=10000... ye\n             s",
    "5000... yes\n     229     yes\n  >> 230     checking for C compiler flag --param max-inline-insns=100000... ch\n             ecking for C compiler flag --param max-inline-insns=100000... no/e\n             rror: cc1: error: invalid --param name 'max-inline-insns'; did you\n              mean 'max-combine-insns'?\n>> 231     no/error: cc1: error: invalid --param name 'max-inline-insns'; did\n              you mean 'max-combine-insns'?\n     232     checking for C compiler flag --param inline-unit-growth=10000... c\n             hecking for C compiler flag --param inline-unit-growth=10000... ye\n             s\n     233     yes\n     234     checking for C compiler flag --param large-function-growth=200000.",
    "b libgasnet-ibv-par.a )\n  >> 3024    /usr/bin/install: cannot change permissions of '/p/vast1/koparasy/\n             BUILD/spack_cluster_installer/quartz/upcxx/spack_env_dir/linux-rhe\n             l7-broadwell/gcc-9.3.1/upcxx-2020.11.0-uwu2dyaicbmwmuog7rnoqj7ydmx\n             6otp7/gasnet.opt/include/gasnet_atomic_bits.h': No such file or di\n             rectory\n>> 3025    make[5]: *** [install-data-local] Error 1\n     3026    make[5]: *** Waiting for unfinished jobs....\n     3027     /usr/bin/mkdir -p '/p/vast1/koparasy/BUILD/spack_cluster_installe\n             r/quartz/upcxx/spack_env_dir/linux-rhel7-broadwell/gcc-9.3.1/upcxx\n             -2020.11.0-uwu2dyaicbmwmuog7rnoqj7ydmx6otp7/gasnet.debug/include'\n     3028     ( cd '/p/vast1/koparasy/BUILD/spack_cluster_installer/quartz/upcx\n             x/spack_env_dir/linux-rhel7-broadwell/gcc-9.3.1/upcxx-2020.11.0-uw",
    "upcxx-2020.11.0-cnsf7oxrzp3m5ip3qv5aans5ctp7vp27/spack-src/bld/GAS\n             Net-2020.11.0-memory_kinds_prototype/extended-ref/gasnet_extended.\n             h /p/vast1/koparasy/BUILD/spack_cluster_installer/quartz/upcxx/spa\n             ck_env_dir/linux-rhel7-broadwell/gcc-9.3.1/upcxx-2020.11.0-uwu2dya\n             icbmwmuog7rnoqj7ydmx6otp7/gasnet.debug/include/smp-conduit/gasnet_\n             extended.h\n>> 3039    make[4]: *** [install-am] Error 2\n  >> 3040    make[3]: *** [install-recursive] Error 1\n  >> 3041    make[2]: *** [do-gasnet-install-opt] Error 2\n     3042    make[2]: *** Waiting for unfinished jobs....\n     3043    Making install-data in contrib\n     3044     /usr/bin/mkdir -p '/p/vast1/koparasy/BUILD/spack_cluster_installe\n             r/quartz/upcxx/spack_env_dir/linux-rhel7-broadwell/gcc-9.3.1/upcxx",
    "Net-2020.11.0-memory_kinds_prototype/extended-ref/gasnet_extended.\n             h /p/vast1/koparasy/BUILD/spack_cluster_installer/quartz/upcxx/spa\n             ck_env_dir/linux-rhel7-broadwell/gcc-9.3.1/upcxx-2020.11.0-uwu2dya\n             icbmwmuog7rnoqj7ydmx6otp7/gasnet.debug/include/smp-conduit/gasnet_\n             extended.h\n  >> 3039    make[4]: *** [install-am] Error 2\n>> 3040    make[3]: *** [install-recursive] Error 1\n  >> 3041    make[2]: *** [do-gasnet-install-opt] Error 2\n     3042    make[2]: *** Waiting for unfinished jobs....\n     3043    Making install-data in contrib\n     3044     /usr/bin/mkdir -p '/p/vast1/koparasy/BUILD/spack_cluster_installe\n             r/quartz/upcxx/spack_env_dir/linux-rhel7-broadwell/gcc-9.3.1/upcxx\n             -2020.11.0-uwu2dyaicbmwmuog7rnoqj7ydmx6otp7/gasnet.debug/bin'",
    "h /p/vast1/koparasy/BUILD/spack_cluster_installer/quartz/upcxx/spa\n             ck_env_dir/linux-rhel7-broadwell/gcc-9.3.1/upcxx-2020.11.0-uwu2dya\n             icbmwmuog7rnoqj7ydmx6otp7/gasnet.debug/include/smp-conduit/gasnet_\n             extended.h\n  >> 3039    make[4]: *** [install-am] Error 2\n  >> 3040    make[3]: *** [install-recursive] Error 1\n>> 3041    make[2]: *** [do-gasnet-install-opt] Error 2\n     3042    make[2]: *** Waiting for unfinished jobs....\n     3043    Making install-data in contrib\n     3044     /usr/bin/mkdir -p '/p/vast1/koparasy/BUILD/spack_cluster_installe\n             r/quartz/upcxx/spack_env_dir/linux-rhel7-broadwell/gcc-9.3.1/upcxx\n             -2020.11.0-uwu2dyaicbmwmuog7rnoqj7ydmx6otp7/gasnet.debug/bin'\n     3045     /usr/bin/install -c -m 644 /tmp/koparasy/spack-stage/spack-stage-",
    "cxx/spack_env_dir/linux-rhel7-broadwell/gcc-9.3.1/upcxx-2020.11.0-\n             uwu2dyaicbmwmuog7rnoqj7ydmx6otp7/gasnet.debug/lib/pkgconfig/gasnet\n             _tools-par.pc from /p/vast1/koparasy/BUILD/spack_cluster_installer\n             /quartz/upcxx/spack_env_dir/linux-rhel7-broadwell/gcc-9.3.1/upcxx-\n             2020.11.0-uwu2dyaicbmwmuog7rnoqj7ydmx6otp7/gasnet.debug/include/ga\n             snet_tools-par.mak...\n>> 3201    make[1]: *** [install] Error 2\n     3202\n     3203    ********\n     3204    UPC++ installation failed. Please report the ENTIRE log above to:\n             upcxx@googlegroups.com\n     3205    ********\n     3206",
    "3202\n     3203    ********\n     3204    UPC++ installation failed. Please report the ENTIRE log above to:\n             upcxx@googlegroups.com\n     3205    ********\n     3206\n>> 3207    make[1]: *** [failure] Error 1\n  >> 3208    make: *** [install] Error 2\n\nSee build log for details:\n  /var/tmp/koparasy/spack-stage/spack-stage-upcxx-2020.11.0-cnsf7oxrzp3m5ip3qv5aans5ctp7vp27/spack-build-out.txt\n\nTraceback (most recent call last):",
    "3203    ********\n     3204    UPC++ installation failed. Please report the ENTIRE log above to:\n             upcxx@googlegroups.com\n     3205    ********\n     3206\n  >> 3207    make[1]: *** [failure] Error 1\n>> 3208    make: *** [install] Error 2\n\nSee build log for details:\n  /var/tmp/koparasy/spack-stage/spack-stage-upcxx-2020.11.0-cnsf7oxrzp3m5ip3qv5aans5ctp7vp27/spack-build-out.txt\n\nTraceback (most recent call last):\n  File \"/p/vast1/koparasy/BUILD/head/spack/lib/spack/spack/build_environment.py\", line 1035, in _setup_pkg_and_run"
]