[
    "==> [2022-01-11-09:16:36.396479] '/usr/bin/curl' '--stderr' '-' '-s' '-f' '-r' '0-0' 'https://mirror.spack.io/_source-cache/archive/3e/3ee3a45af4d2fabf343b9e05cfbe033c35d63719b45a6554d5849e4a34216066.tar.bz2'\n==> [2022-01-11-09:16:37.404703] '/usr/bin/curl' '-C' '-' '-o' '/var/tmp/koparasy/spack-stage/spack-stage-boost-1.38.0-nvbafs7qishranwpwefvxjo5ssd5kfvi/boost_1_38_0.tar.bz2.part' '-f' '-D' '-' '-L' 'https://mirror.spack.io/_source-cache/archive/3e/3ee3a45af4d2fabf343b9e05cfbe033c35d63719b45a6554d5849e4a34216066.tar.bz2' '-sS' '--connect-timeout' '10'\n==> [2022-01-11-09:16:44.114073] Staging archive: /var/tmp/koparasy/spack-stage/spack-stage-boost-1.38.0-nvbafs7qishranwpwefvxjo5ssd5kfvi/boost_1_38_0.tar.bz2\n==> [2022-01-11-09:16:44.119847] '/usr/bin/tar' '-oxf' '/var/tmp/koparasy/spack-stage/spack-stage-boost-1.38.0-nvbafs7qishranwpwefvxjo5ssd5kfvi/boost_1_38_0.tar.bz2'\n==> [2022-01-11-09:16:50.268018] Created stage in /var/tmp/koparasy/spack-stage/spack-stage-boost-1.38.0-nvbafs7qishranwpwefvxjo5ssd5kfvi\n==> [2022-01-11-09:16:50.269219] boost: Building boost-1.38.0-v2zt27pel2tekdr2pa5p5wqvlnmarttk [Package]\n==> [2022-01-11-09:16:50.311053] Error: ProcessError: ./bootstrap.sh: No such file or directory: './bootstrap.sh'\n    Command: './bootstrap.sh' '--prefix=/p/vast1/koparasy/BUILD/spack_cluster_installer/quartz/mercury/spack_env_dir/linux-rhel7-broadwell/gcc-9.3.1/boost-1.38.0-v2zt27pel2tekdr2pa5p5wqvlnmarttk' '--with-toolset=gcc' '--with-libraries=thread,regex,iostreams,filesystem,serialization,system,date_time,test,wave,signals,timer,math,program_options,graph' '--without-icu'\nSee build log for details:\n  /var/tmp/koparasy/spack-stage/spack-stage-boost-1.38.0-nvbafs7qishranwpwefvxjo5ssd5kfvi/spack-build-out.txt\n\nTraceback (most recent call last):\n  File \"/p/vast1/koparasy/BUILD/head/spack/lib/spack/spack/util/executable.py\", line 198, in __call__",
    "phase(pkg.spec, pkg.prefix)\n  File \"/p/vast1/koparasy/BUILD/head/spack/lib/spack/spack/package.py\", line 134, in phase_wrapper\n    phase(spec, prefix)\n  File \"/p/vast1/koparasy/BUILD/head/spack/var/spack/repos/builtin/packages/boost/package.py\", line 572, in install\n  File \"/p/vast1/koparasy/BUILD/head/spack/lib/spack/spack/util/executable.py\", line 232, in __call__\n    '%s: %s' % (self.exe[0], e.strerror), 'Command: ' + cmd_line_string)\nspack.util.executable.ProcessError: ./bootstrap.sh: No such file or directory: './bootstrap.sh'\n    Command: './bootstrap.sh' '--prefix=/p/vast1/koparasy/BUILD/spack_cluster_installer/quartz/mercury/spack_env_dir/linux-rhel7-broadwell/gcc-9.3.1/boost-1.38.0-v2zt27pel2tekdr2pa5p5wqvlnmarttk' '--with-toolset=gcc' '--with-libraries=thread,regex,iostreams,filesystem,serialization,system,date_time,test,wave,signals,timer,math,program_options,graph' '--without-icu'\n==> [2022-01-11-09:16:50.326975] Flagging boost-1.38.0-v2zt27pel2tekdr2pa5p5wqvlnmarttk as failed: ProcessError: ./bootstrap.sh: No such file or directory: './bootstrap.sh'\n    Command: './bootstrap.sh' '--prefix=/p/vast1/koparasy/BUILD/spack_cluster_installer/quartz/mercury/spack_env_dir/linux-rhel7-broadwell/gcc-9.3.1/boost-1.38.0-v2zt27pel2tekdr2pa5p5wqvlnmarttk' '--with-toolset=gcc' '--with-libraries=thread,regex,iostreams,filesystem,serialization,system,date_time,test,wave,signals,timer,math,program_options,graph' '--without-icu'\n==> [2022-01-11-09:16:50.728957] Skip view update, this environment does not maintain a view\n==> [2022-01-11-09:16:50.731401] ChildError: ProcessError: ./bootstrap.sh: No such file or directory: './bootstrap.sh'\n    Command: './bootstrap.sh' '--prefix=/p/vast1/koparasy/BUILD/spack_cluster_installer/quartz/mercury/spack_env_dir/linux-rhel7-broadwell/gcc-9.3.1/boost-1.38.0-v2zt27pel2tekdr2pa5p5wqvlnmarttk' '--with-toolset=gcc' '--with-libraries=thread,regex,iostreams,filesystem,serialization,system,date_time,test,wave,signals,timer,math,program_options,graph' '--without-icu'",
    "phase(spec, prefix)\n  File \"/p/vast1/koparasy/BUILD/head/spack/var/spack/repos/builtin/packages/boost/package.py\", line 572, in install\n  File \"/p/vast1/koparasy/BUILD/head/spack/lib/spack/spack/util/executable.py\", line 232, in __call__\n    '%s: %s' % (self.exe[0], e.strerror), 'Command: ' + cmd_line_string)\nspack.util.executable.ProcessError: ./bootstrap.sh: No such file or directory: './bootstrap.sh'\n    Command: './bootstrap.sh' '--prefix=/p/vast1/koparasy/BUILD/spack_cluster_installer/quartz/mercury/spack_env_dir/linux-rhel7-broadwell/gcc-9.3.1/boost-1.38.0-v2zt27pel2tekdr2pa5p5wqvlnmarttk' '--with-toolset=gcc' '--with-libraries=thread,regex,iostreams,filesystem,serialization,system,date_time,test,wave,signals,timer,math,program_options,graph' '--without-icu'\n==> [2022-01-11-09:16:50.326975] Flagging boost-1.38.0-v2zt27pel2tekdr2pa5p5wqvlnmarttk as failed: ProcessError: ./bootstrap.sh: No such file or directory: './bootstrap.sh'\n    Command: './bootstrap.sh' '--prefix=/p/vast1/koparasy/BUILD/spack_cluster_installer/quartz/mercury/spack_env_dir/linux-rhel7-broadwell/gcc-9.3.1/boost-1.38.0-v2zt27pel2tekdr2pa5p5wqvlnmarttk' '--with-toolset=gcc' '--with-libraries=thread,regex,iostreams,filesystem,serialization,system,date_time,test,wave,signals,timer,math,program_options,graph' '--without-icu'\n==> [2022-01-11-09:16:50.728957] Skip view update, this environment does not maintain a view\n==> [2022-01-11-09:16:50.731401] ChildError: ProcessError: ./bootstrap.sh: No such file or directory: './bootstrap.sh'\n    Command: './bootstrap.sh' '--prefix=/p/vast1/koparasy/BUILD/spack_cluster_installer/quartz/mercury/spack_env_dir/linux-rhel7-broadwell/gcc-9.3.1/boost-1.38.0-v2zt27pel2tekdr2pa5p5wqvlnmarttk' '--with-toolset=gcc' '--with-libraries=thread,regex,iostreams,filesystem,serialization,system,date_time,test,wave,signals,timer,math,program_options,graph' '--without-icu'",
    "'%s: %s' % (self.exe[0], e.strerror), 'Command: ' + cmd_line_string)\nspack.util.executable.ProcessError: ./bootstrap.sh: No such file or directory: './bootstrap.sh'\n    Command: './bootstrap.sh' '--prefix=/p/vast1/koparasy/BUILD/spack_cluster_installer/quartz/mercury/spack_env_dir/linux-rhel7-broadwell/gcc-9.3.1/boost-1.38.0-v2zt27pel2tekdr2pa5p5wqvlnmarttk' '--with-toolset=gcc' '--with-libraries=thread,regex,iostreams,filesystem,serialization,system,date_time,test,wave,signals,timer,math,program_options,graph' '--without-icu'\n==> [2022-01-11-09:16:50.326975] Flagging boost-1.38.0-v2zt27pel2tekdr2pa5p5wqvlnmarttk as failed: ProcessError: ./bootstrap.sh: No such file or directory: './bootstrap.sh'\n    Command: './bootstrap.sh' '--prefix=/p/vast1/koparasy/BUILD/spack_cluster_installer/quartz/mercury/spack_env_dir/linux-rhel7-broadwell/gcc-9.3.1/boost-1.38.0-v2zt27pel2tekdr2pa5p5wqvlnmarttk' '--with-toolset=gcc' '--with-libraries=thread,regex,iostreams,filesystem,serialization,system,date_time,test,wave,signals,timer,math,program_options,graph' '--without-icu'\n==> [2022-01-11-09:16:50.728957] Skip view update, this environment does not maintain a view\n==> [2022-01-11-09:16:50.731401] ChildError: ProcessError: ./bootstrap.sh: No such file or directory: './bootstrap.sh'\n    Command: './bootstrap.sh' '--prefix=/p/vast1/koparasy/BUILD/spack_cluster_installer/quartz/mercury/spack_env_dir/linux-rhel7-broadwell/gcc-9.3.1/boost-1.38.0-v2zt27pel2tekdr2pa5p5wqvlnmarttk' '--with-toolset=gcc' '--with-libraries=thread,regex,iostreams,filesystem,serialization,system,date_time,test,wave,signals,timer,math,program_options,graph' '--without-icu'",
    "==> [2022-01-17-10:34:24.321865] found raw link dirs: /usr/tce/packages/gcc/gcc-9.3.1/rh/usr/bin/../lib/gcc/x86_64-redhat-linux/9, /usr/tce/packages/gcc/gcc-9.3.1/rh/usr/bin/../lib/gcc, /usr/tce/packages/gcc/gcc-9.3.1/rh/usr/bin/../lib/gcc/x86_64-redhat-linux/9/../../../../lib64, /lib/../lib64, /usr/lib/../lib64, /usr/tce/packages/gcc/gcc-9.3.1/rh/usr/bin/../lib/gcc/x86_64-redhat-linux/9/../../..\n==> [2022-01-17-10:34:24.321953] found link dirs: /usr/tce/packages/gcc/gcc-9.3.1/rh/usr/lib/gcc/x86_64-redhat-linux/9, /usr/tce/packages/gcc/gcc-9.3.1/rh/usr/lib/gcc, /usr/tce/packages/gcc/gcc-9.3.1/rh/usr/lib64, /lib64, /usr/lib64, /usr/tce/packages/gcc/gcc-9.3.1/rh/usr/lib\n==> [2022-01-17-10:34:24.593988] Staging archive: /var/tmp/koparasy/spack-stage/spack-stage-boost-1.38.0-nvbafs7qishranwpwefvxjo5ssd5kfvi/boost_1_38_0.tar.bz2\n==> [2022-01-17-10:34:24.595748] '/usr/bin/tar' '-oxf' '/var/tmp/koparasy/spack-stage/spack-stage-boost-1.38.0-nvbafs7qishranwpwefvxjo5ssd5kfvi/boost_1_38_0.tar.bz2'\n==> [2022-01-17-10:34:31.195068] Created stage in /var/tmp/koparasy/spack-stage/spack-stage-boost-1.38.0-nvbafs7qishranwpwefvxjo5ssd5kfvi\n==> [2022-01-17-10:34:31.196241] boost: Building boost-1.38.0-v2zt27pel2tekdr2pa5p5wqvlnmarttk [Package]\n==> [2022-01-17-10:34:31.241807] Error: ProcessError: ./bootstrap.sh: No such file or directory: './bootstrap.sh'\n    Command: './bootstrap.sh' '--prefix=/p/vast1/koparasy/BUILD/spack_cluster_installer/quartz/veloc/spack_env_dir/linux-rhel7-broadwell/gcc-9.3.1/boost-1.38.0-v2zt27pel2tekdr2pa5p5wqvlnmarttk' '--with-toolset=gcc' '--with-libraries=date_time,serialization,math,program_options,graph,thread,timer,filesystem,regex,wave,signals,iostreams,test,system' '--without-icu'\nSee build log for details:\n  /var/tmp/koparasy/spack-stage/spack-stage-boost-1.38.0-nvbafs7qishranwpwefvxjo5ssd5kfvi/spack-build-out.txt\n\nTraceback (most recent call last):\n  File \"/p/vast1/koparasy/BUILD/head/spack/lib/spack/spack/util/executable.py\", line 198, in __call__",
    "phase(pkg.spec, pkg.prefix)\n  File \"/p/vast1/koparasy/BUILD/head/spack/lib/spack/spack/package.py\", line 134, in phase_wrapper\n    phase(spec, prefix)\n  File \"/p/vast1/koparasy/BUILD/head/spack/var/spack/repos/builtin/packages/boost/package.py\", line 572, in install\n  File \"/p/vast1/koparasy/BUILD/head/spack/lib/spack/spack/util/executable.py\", line 232, in __call__\n    '%s: %s' % (self.exe[0], e.strerror), 'Command: ' + cmd_line_string)\nspack.util.executable.ProcessError: ./bootstrap.sh: No such file or directory: './bootstrap.sh'\n    Command: './bootstrap.sh' '--prefix=/p/vast1/koparasy/BUILD/spack_cluster_installer/quartz/veloc/spack_env_dir/linux-rhel7-broadwell/gcc-9.3.1/boost-1.38.0-v2zt27pel2tekdr2pa5p5wqvlnmarttk' '--with-toolset=gcc' '--with-libraries=date_time,serialization,math,program_options,graph,thread,timer,filesystem,regex,wave,signals,iostreams,test,system' '--without-icu'\n==> [2022-01-17-10:34:31.257220] Flagging boost-1.38.0-v2zt27pel2tekdr2pa5p5wqvlnmarttk as failed: ProcessError: ./bootstrap.sh: No such file or directory: './bootstrap.sh'\n    Command: './bootstrap.sh' '--prefix=/p/vast1/koparasy/BUILD/spack_cluster_installer/quartz/veloc/spack_env_dir/linux-rhel7-broadwell/gcc-9.3.1/boost-1.38.0-v2zt27pel2tekdr2pa5p5wqvlnmarttk' '--with-toolset=gcc' '--with-libraries=date_time,serialization,math,program_options,graph,thread,timer,filesystem,regex,wave,signals,iostreams,test,system' '--without-icu'\n==> [2022-01-17-10:34:32.218923] Skip view update, this environment does not maintain a view\n==> [2022-01-17-10:34:32.220562] ChildError: ProcessError: ./bootstrap.sh: No such file or directory: './bootstrap.sh'\n    Command: './bootstrap.sh' '--prefix=/p/vast1/koparasy/BUILD/spack_cluster_installer/quartz/veloc/spack_env_dir/linux-rhel7-broadwell/gcc-9.3.1/boost-1.38.0-v2zt27pel2tekdr2pa5p5wqvlnmarttk' '--with-toolset=gcc' '--with-libraries=date_time,serialization,math,program_options,graph,thread,timer,filesystem,regex,wave,signals,iostreams,test,system' '--without-icu'",
    "phase(spec, prefix)\n  File \"/p/vast1/koparasy/BUILD/head/spack/var/spack/repos/builtin/packages/boost/package.py\", line 572, in install\n  File \"/p/vast1/koparasy/BUILD/head/spack/lib/spack/spack/util/executable.py\", line 232, in __call__\n    '%s: %s' % (self.exe[0], e.strerror), 'Command: ' + cmd_line_string)\nspack.util.executable.ProcessError: ./bootstrap.sh: No such file or directory: './bootstrap.sh'\n    Command: './bootstrap.sh' '--prefix=/p/vast1/koparasy/BUILD/spack_cluster_installer/quartz/veloc/spack_env_dir/linux-rhel7-broadwell/gcc-9.3.1/boost-1.38.0-v2zt27pel2tekdr2pa5p5wqvlnmarttk' '--with-toolset=gcc' '--with-libraries=date_time,serialization,math,program_options,graph,thread,timer,filesystem,regex,wave,signals,iostreams,test,system' '--without-icu'\n==> [2022-01-17-10:34:31.257220] Flagging boost-1.38.0-v2zt27pel2tekdr2pa5p5wqvlnmarttk as failed: ProcessError: ./bootstrap.sh: No such file or directory: './bootstrap.sh'\n    Command: './bootstrap.sh' '--prefix=/p/vast1/koparasy/BUILD/spack_cluster_installer/quartz/veloc/spack_env_dir/linux-rhel7-broadwell/gcc-9.3.1/boost-1.38.0-v2zt27pel2tekdr2pa5p5wqvlnmarttk' '--with-toolset=gcc' '--with-libraries=date_time,serialization,math,program_options,graph,thread,timer,filesystem,regex,wave,signals,iostreams,test,system' '--without-icu'\n==> [2022-01-17-10:34:32.218923] Skip view update, this environment does not maintain a view\n==> [2022-01-17-10:34:32.220562] ChildError: ProcessError: ./bootstrap.sh: No such file or directory: './bootstrap.sh'\n    Command: './bootstrap.sh' '--prefix=/p/vast1/koparasy/BUILD/spack_cluster_installer/quartz/veloc/spack_env_dir/linux-rhel7-broadwell/gcc-9.3.1/boost-1.38.0-v2zt27pel2tekdr2pa5p5wqvlnmarttk' '--with-toolset=gcc' '--with-libraries=date_time,serialization,math,program_options,graph,thread,timer,filesystem,regex,wave,signals,iostreams,test,system' '--without-icu'",
    "'%s: %s' % (self.exe[0], e.strerror), 'Command: ' + cmd_line_string)\nspack.util.executable.ProcessError: ./bootstrap.sh: No such file or directory: './bootstrap.sh'\n    Command: './bootstrap.sh' '--prefix=/p/vast1/koparasy/BUILD/spack_cluster_installer/quartz/veloc/spack_env_dir/linux-rhel7-broadwell/gcc-9.3.1/boost-1.38.0-v2zt27pel2tekdr2pa5p5wqvlnmarttk' '--with-toolset=gcc' '--with-libraries=date_time,serialization,math,program_options,graph,thread,timer,filesystem,regex,wave,signals,iostreams,test,system' '--without-icu'\n==> [2022-01-17-10:34:31.257220] Flagging boost-1.38.0-v2zt27pel2tekdr2pa5p5wqvlnmarttk as failed: ProcessError: ./bootstrap.sh: No such file or directory: './bootstrap.sh'\n    Command: './bootstrap.sh' '--prefix=/p/vast1/koparasy/BUILD/spack_cluster_installer/quartz/veloc/spack_env_dir/linux-rhel7-broadwell/gcc-9.3.1/boost-1.38.0-v2zt27pel2tekdr2pa5p5wqvlnmarttk' '--with-toolset=gcc' '--with-libraries=date_time,serialization,math,program_options,graph,thread,timer,filesystem,regex,wave,signals,iostreams,test,system' '--without-icu'\n==> [2022-01-17-10:34:32.218923] Skip view update, this environment does not maintain a view\n==> [2022-01-17-10:34:32.220562] ChildError: ProcessError: ./bootstrap.sh: No such file or directory: './bootstrap.sh'\n    Command: './bootstrap.sh' '--prefix=/p/vast1/koparasy/BUILD/spack_cluster_installer/quartz/veloc/spack_env_dir/linux-rhel7-broadwell/gcc-9.3.1/boost-1.38.0-v2zt27pel2tekdr2pa5p5wqvlnmarttk' '--with-toolset=gcc' '--with-libraries=date_time,serialization,math,program_options,graph,thread,timer,filesystem,regex,wave,signals,iostreams,test,system' '--without-icu'"
]