[
    "/koparasy/spack-stage/spack-stage-plasma-18.11.0-b64pkgvp2bil5y7t6\n             ttn67y5bct7uagj/spack-src/control/workspace.c\n     1285    /var/tmp/koparasy/spack-stage/spack-stage-plasma-18.11.0-b64pkgvp2\n             bil5y7t6ttn67y5bct7uagj/spack-src/control/tuning.c: In function 'p\n             lasma_tune':\n  >> 1286    /var/tmp/koparasy/spack-stage/spack-stage-plasma-18.11.0-b64pkgvp2\nbil5y7t6ttn67y5bct7uagj/spack-src/control/tuning.c:80:12: error: v\n             oid value not ignored as it ought to be\n     1287       80 |     retval = lua_getglobal(L, func_name);\n     1288          |            ^\n  >> 1289    /var/tmp/koparasy/spack-stage/spack-stage-plasma-18.11.0-b64pkgvp2\n             bil5y7t6ttn67y5bct7uagj/spack-src/control/tuning.c:102:19: error:\n             'LUA_OK' undeclared (first use in this function); did you mean 'LU",
    ">> 1286    /var/tmp/koparasy/spack-stage/spack-stage-plasma-18.11.0-b64pkgvp2\n             bil5y7t6ttn67y5bct7uagj/spack-src/control/tuning.c:80:12: error: v\n             oid value not ignored as it ought to be\n     1287       80 |     retval = lua_getglobal(L, func_name);\n     1288          |            ^\n  >> 1289    /var/tmp/koparasy/spack-stage/spack-stage-plasma-18.11.0-b64pkgvp2\nbil5y7t6ttn67y5bct7uagj/spack-src/control/tuning.c:102:19: error:\n             'LUA_OK' undeclared (first use in this function); did you mean 'LU\n             A_QL'?\n     1290      102 |     if (retval != LUA_OK) {\n     1291          |                   ^~~~~~\n     1292          |                   LUA_QL\n     1293    /var/tmp/koparasy/spack-stage/spack-stage-plasma-18.11.0-b64pkgvp2",
    "1291          |                   ^~~~~~\n     1292          |                   LUA_QL\n     1293    /var/tmp/koparasy/spack-stage/spack-stage-plasma-18.11.0-b64pkgvp2\n             bil5y7t6ttn67y5bct7uagj/spack-src/control/tuning.c:102:19: note: e\n             ach undeclared identifier is reported only once for each function\n             it appears in\n>> 1294    make[2]: *** [CMakeFiles/plasma.dir/control/tuning.c.o] Error 1\n     1295    make[2]: *** Waiting for unfinished jobs....\n     1296    make[2]: Leaving directory `/tmp/koparasy/spack-stage/spack-stage-\n             plasma-18.11.0-b64pkgvp2bil5y7t6ttn67y5bct7uagj/spack-build-b64pkg\n             v'\n  >> 1297    make[1]: *** [CMakeFiles/plasma.dir/all] Error 2\n     1298    make[1]: Leaving directory `/tmp/koparasy/spack-stage/spack-stage-",
    "it appears in\n  >> 1294    make[2]: *** [CMakeFiles/plasma.dir/control/tuning.c.o] Error 1\n     1295    make[2]: *** Waiting for unfinished jobs....\n     1296    make[2]: Leaving directory `/tmp/koparasy/spack-stage/spack-stage-\n             plasma-18.11.0-b64pkgvp2bil5y7t6ttn67y5bct7uagj/spack-build-b64pkg\n             v'\n>> 1297    make[1]: *** [CMakeFiles/plasma.dir/all] Error 2\n     1298    make[1]: Leaving directory `/tmp/koparasy/spack-stage/spack-stage-\n             plasma-18.11.0-b64pkgvp2bil5y7t6ttn67y5bct7uagj/spack-build-b64pkg\n             v'\n  >> 1299    make: *** [all] Error 2\n\nSee build log for details:",
    "plasma-18.11.0-b64pkgvp2bil5y7t6ttn67y5bct7uagj/spack-build-b64pkg\n             v'\n  >> 1297    make[1]: *** [CMakeFiles/plasma.dir/all] Error 2\n     1298    make[1]: Leaving directory `/tmp/koparasy/spack-stage/spack-stage-\n             plasma-18.11.0-b64pkgvp2bil5y7t6ttn67y5bct7uagj/spack-build-b64pkg\n             v'\n>> 1299    make: *** [all] Error 2\n\nSee build log for details:\n  /var/tmp/koparasy/spack-stage/spack-stage-plasma-18.11.0-b64pkgvp2bil5y7t6ttn67y5bct7uagj/spack-build-out.txt\n\nTraceback (most recent call last):\n  File \"/p/vast1/koparasy/BUILD/head/spack/lib/spack/spack/build_environment.py\", line 1035, in _setup_pkg_and_run"
]