[
    "6000    /var/tmp/koparasy/spack-stage/spack-stage-plasma-18.10.0-sv4ttwfmq\n             uzbe44uwwis5knunubz7bxa/spack-src/control/tuning.c:31:16: note: pr\n             evious definition of 'L' was here\n     6001       31 |     lua_State *L = (lua_State *)plasma->L;\n     6002          |                ^\n     6003    /var/tmp/koparasy/spack-stage/spack-stage-plasma-18.10.0-sv4ttwfmq\nuzbe44uwwis5knunubz7bxa/spack-src/control/tuning.c:36:16: warning:\n              'return' with a value, in function returning void\n\n     ...\n\n     6028       66 |     return L;\n     6029          |            ^",
    "pack-stage/spack-stage-plasma-18.10.0-sv4ttwfmquzbe44uwwis5knunubz\n             7bxa/spack-src/control/workspace.c\n     5996    /var/tmp/koparasy/spack-stage/spack-stage-plasma-18.10.0-sv4ttwfmq\n             uzbe44uwwis5knunubz7bxa/spack-src/control/tuning.c: In function 'p\n             lasma_tuning_init':\n  >> 5997    /var/tmp/koparasy/spack-stage/spack-stage-plasma-18.10.0-sv4ttwfmq\nuzbe44uwwis5knunubz7bxa/spack-src/control/tuning.c:33:16: error: r\n             edefinition of 'L'\n     5998       33 |     lua_State *L = luaL_newstate();\n     5999          |                ^\n     6000    /var/tmp/koparasy/spack-stage/spack-stage-plasma-18.10.0-sv4ttwfmq\n             uzbe44uwwis5knunubz7bxa/spack-src/control/tuning.c:31:16: note: pr\n             evious definition of 'L' was here",
    "6031       29 | plasma_tuning_init(plasma_context_t *plasma)\n     6032          | ^~~~~~~~~~~~~~~~~~\n     6033    /var/tmp/koparasy/spack-stage/spack-stage-plasma-18.10.0-sv4ttwfmq\n             uzbe44uwwis5knunubz7bxa/spack-src/control/tuning.c: In function 'p\n             lasma_tune':\n  >> 6034    /var/tmp/koparasy/spack-stage/spack-stage-plasma-18.10.0-sv4ttwfmq\nuzbe44uwwis5knunubz7bxa/spack-src/control/tuning.c:83:12: error: v\n             oid value not ignored as it ought to be\n     6035       83 |     retval = lua_getglobal(L, func_name);\n     6036          |            ^\n  >> 6037    /var/tmp/koparasy/spack-stage/spack-stage-plasma-18.10.0-sv4ttwfmq\n             uzbe44uwwis5knunubz7bxa/spack-src/control/tuning.c:105:19: error:\n             'LUA_OK' undeclared (first use in this function); did you mean 'LU",
    ">> 6034    /var/tmp/koparasy/spack-stage/spack-stage-plasma-18.10.0-sv4ttwfmq\n             uzbe44uwwis5knunubz7bxa/spack-src/control/tuning.c:83:12: error: v\n             oid value not ignored as it ought to be\n     6035       83 |     retval = lua_getglobal(L, func_name);\n     6036          |            ^\n  >> 6037    /var/tmp/koparasy/spack-stage/spack-stage-plasma-18.10.0-sv4ttwfmq\nuzbe44uwwis5knunubz7bxa/spack-src/control/tuning.c:105:19: error:\n             'LUA_OK' undeclared (first use in this function); did you mean 'LU\n             A_QL'?\n     6038      105 |     if (retval != LUA_OK) {\n     6039          |                   ^~~~~~\n     6040          |                   LUA_QL\n     6041    /var/tmp/koparasy/spack-stage/spack-stage-plasma-18.10.0-sv4ttwfmq",
    "6039          |                   ^~~~~~\n     6040          |                   LUA_QL\n     6041    /var/tmp/koparasy/spack-stage/spack-stage-plasma-18.10.0-sv4ttwfmq\n             uzbe44uwwis5knunubz7bxa/spack-src/control/tuning.c:105:19: note: e\n             ach undeclared identifier is reported only once for each function\n             it appears in\n>> 6042    make[2]: *** [CMakeFiles/plasma.dir/control/tuning.c.o] Error 1\n     6043    make[2]: *** Waiting for unfinished jobs....\n     6044    make[2]: Leaving directory `/tmp/koparasy/spack-stage/spack-stage-\n             plasma-18.10.0-sv4ttwfmquzbe44uwwis5knunubz7bxa/spack-build-sv4ttw\n             f'\n  >> 6045    make[1]: *** [CMakeFiles/plasma.dir/all] Error 2\n     6046    make[1]: Leaving directory `/tmp/koparasy/spack-stage/spack-stage-",
    "it appears in\n  >> 6042    make[2]: *** [CMakeFiles/plasma.dir/control/tuning.c.o] Error 1\n     6043    make[2]: *** Waiting for unfinished jobs....\n     6044    make[2]: Leaving directory `/tmp/koparasy/spack-stage/spack-stage-\n             plasma-18.10.0-sv4ttwfmquzbe44uwwis5knunubz7bxa/spack-build-sv4ttw\n             f'\n>> 6045    make[1]: *** [CMakeFiles/plasma.dir/all] Error 2\n     6046    make[1]: Leaving directory `/tmp/koparasy/spack-stage/spack-stage-\n             plasma-18.10.0-sv4ttwfmquzbe44uwwis5knunubz7bxa/spack-build-sv4ttw\n             f'\n  >> 6047    make: *** [all] Error 2\n\nSee build log for details:",
    "plasma-18.10.0-sv4ttwfmquzbe44uwwis5knunubz7bxa/spack-build-sv4ttw\n             f'\n  >> 6045    make[1]: *** [CMakeFiles/plasma.dir/all] Error 2\n     6046    make[1]: Leaving directory `/tmp/koparasy/spack-stage/spack-stage-\n             plasma-18.10.0-sv4ttwfmquzbe44uwwis5knunubz7bxa/spack-build-sv4ttw\n             f'\n>> 6047    make: *** [all] Error 2\n\nSee build log for details:\n  /var/tmp/koparasy/spack-stage/spack-stage-plasma-18.10.0-sv4ttwfmquzbe44uwwis5knunubz7bxa/spack-build-out.txt\n\nTraceback (most recent call last):\n  File \"/p/vast1/koparasy/BUILD/head/spack/lib/spack/spack/build_environment.py\", line 1035, in _setup_pkg_and_run"
]