[
    "120    chmod +x bin/autoupdate.tmp\n     121    chmod a-w bin/autoupdate.tmp\n     122    mv bin/autoupdate.tmp bin/autoupdate\n  >> 123    /bin/sh: bin/autom4te: /p/vast1/koparasy/BUILD/spack_cluster_instal\n            ler/quartz/libnrm/spack_env_dir/l: bad interpreter: No such file or\n             directory\n>> 124    make[1]: *** [tests/wrapper.in] Error 126\n     125    make[1]: *** Waiting for unfinished jobs....\n     126    chmod +x bin/ifnames.tmp\n     127    chmod a-w bin/ifnames.tmp\n     128    mv bin/ifnames.tmp bin/ifnames\n     129    make[1]: Leaving directory `/tmp/koparasy/spack-stage/spack-stage-a\n            utoconf-2.71-k6lscehd54by4wkfxljy3giy5jkdhmo6/spack-src/spack-build",
    "126    chmod +x bin/ifnames.tmp\n     127    chmod a-w bin/ifnames.tmp\n     128    mv bin/ifnames.tmp bin/ifnames\n     129    make[1]: Leaving directory `/tmp/koparasy/spack-stage/spack-stage-a\n            utoconf-2.71-k6lscehd54by4wkfxljy3giy5jkdhmo6/spack-src/spack-build\n            '\n>> 130    make: *** [all] Error 2\n\nSee build log for details:\n  /var/tmp/koparasy/spack-stage/spack-stage-autoconf-2.71-k6lscehd54by4wkfxljy3giy5jkdhmo6/spack-build-out.txt\n\nTraceback (most recent call last):\n  File \"/p/vast1/koparasy/BUILD/head/spack/lib/spack/spack/build_environment.py\", line 1035, in _setup_pkg_and_run"
]