[
    "46sb5jamji2u2uflh4ktiqd4izays/spack-src/src/blas/impl/KokkosBlas1_a\n            xpby_impl.hpp: In constructor 'KokkosBlas::Impl::Axpby_Functor<AV,\n            XV, BV, YV, scalar_x, scalar_y, SizeType>::Axpby_Functor(const XV&,\n             const YV&, const AV&, const BV&, SizeType)':\n  >> 82     /var/tmp/koparasy/spack-stage/spack-stage-kokkos-kernels-3.0.00-geh\n            46sb5jamji2u2uflh4ktiqd4izays/spack-src/src/blas/impl/KokkosBlas1_a\nxpby_impl.hpp:101:34: error: 'is_same' is not a member of 'Kokkos::\n            Impl'; did you mean 'is_space'?\n     83       101 |     static_assert (Kokkos::Impl::is_same<typename YV::value\n            _type,\n     84           |                                  ^~~~~~~\n     85           |                                  is_space\n  >> 86     /var/tmp/koparasy/spack-stage/spack-stage-kokkos-kernels-3.0.00-geh",
    "83       101 |     static_assert (Kokkos::Impl::is_same<typename YV::value\n            _type,\n     84           |                                  ^~~~~~~\n     85           |                                  is_space\n  >> 86     /var/tmp/koparasy/spack-stage/spack-stage-kokkos-kernels-3.0.00-geh\n            46sb5jamji2u2uflh4ktiqd4izays/spack-src/src/blas/impl/KokkosBlas1_a\nxpby_impl.hpp:101:65: error: expected '(' before ',' token\n     87       101 |     static_assert (Kokkos::Impl::is_same<typename YV::value\n            _type,\n     88           |\n                 ^\n     89           |\n                 (",
    "88           |\n                 ^\n     89           |\n                 (\n  >> 90     /var/tmp/koparasy/spack-stage/spack-stage-kokkos-kernels-3.0.00-geh\n            46sb5jamji2u2uflh4ktiqd4izays/spack-src/src/blas/impl/KokkosBlas1_a\nxpby_impl.hpp:102:20: error: expected string-literal before 'typena\n            me'\n     91       102 |                    typename YV::non_const_value_type>::valu\n            e,\n     92           |                    ^~~~~~~~\n  >> 93     /var/tmp/koparasy/spack-stage/spack-stage-kokkos-kernels-3.0.00-geh\n            46sb5jamji2u2uflh4ktiqd4izays/spack-src/src/blas/impl/KokkosBlas1_a",
    "me'\n     91       102 |                    typename YV::non_const_value_type>::valu\n            e,\n     92           |                    ^~~~~~~~\n  >> 93     /var/tmp/koparasy/spack-stage/spack-stage-kokkos-kernels-3.0.00-geh\n            46sb5jamji2u2uflh4ktiqd4izays/spack-src/src/blas/impl/KokkosBlas1_a\nxpby_impl.hpp:101:66: error: expected ')' before 'typename'\n     94       101 |     static_assert (Kokkos::Impl::is_same<typename YV::value\n            _type,\n     95           |                   ~\n                  ^\n     96           |\n                  )",
    "name XV::non_const_value_type, XV, typename YV::non_const_value_typ\n            e, YV, scalar_x, scalar_y, SizeType>::Axpby_Functor(const XV&, cons\n            t YV&, const typename XV::non_const_value_type&, const typename YV:\n            :non_const_value_type&, SizeType)':\n  >> 100    /var/tmp/koparasy/spack-stage/spack-stage-kokkos-kernels-3.0.00-geh\n            46sb5jamji2u2uflh4ktiqd4izays/spack-src/src/blas/impl/KokkosBlas1_a\nxpby_impl.hpp:235:34: error: 'is_same' is not a member of 'Kokkos::\n            Impl'; did you mean 'is_space'?\n     101      235 |     static_assert (Kokkos::Impl::is_same<typename YV::value\n            _type,\n     102          |                                  ^~~~~~~\n     103          |                                  is_space\n  >> 104    /var/tmp/koparasy/spack-stage/spack-stage-kokkos-kernels-3.0.00-geh",
    "101      235 |     static_assert (Kokkos::Impl::is_same<typename YV::value\n            _type,\n     102          |                                  ^~~~~~~\n     103          |                                  is_space\n  >> 104    /var/tmp/koparasy/spack-stage/spack-stage-kokkos-kernels-3.0.00-geh\n            46sb5jamji2u2uflh4ktiqd4izays/spack-src/src/blas/impl/KokkosBlas1_a\nxpby_impl.hpp:235:65: error: expected '(' before ',' token\n     105      235 |     static_assert (Kokkos::Impl::is_same<typename YV::value\n            _type,\n     106          |\n                 ^\n     107          |\n                 (",
    "106          |\n                 ^\n     107          |\n                 (\n  >> 108    /var/tmp/koparasy/spack-stage/spack-stage-kokkos-kernels-3.0.00-geh\n            46sb5jamji2u2uflh4ktiqd4izays/spack-src/src/blas/impl/KokkosBlas1_a\nxpby_impl.hpp:236:20: error: expected string-literal before 'typena\n            me'\n     109      236 |                    typename YV::non_const_value_type>::valu\n            e,\n     110          |                    ^~~~~~~~\n  >> 111    /var/tmp/koparasy/spack-stage/spack-stage-kokkos-kernels-3.0.00-geh\n            46sb5jamji2u2uflh4ktiqd4izays/spack-src/src/blas/impl/KokkosBlas1_a",
    "me'\n     109      236 |                    typename YV::non_const_value_type>::valu\n            e,\n     110          |                    ^~~~~~~~\n  >> 111    /var/tmp/koparasy/spack-stage/spack-stage-kokkos-kernels-3.0.00-geh\n            46sb5jamji2u2uflh4ktiqd4izays/spack-src/src/blas/impl/KokkosBlas1_a\nxpby_impl.hpp:235:66: error: expected ')' before 'typename'\n     112      235 |     static_assert (Kokkos::Impl::is_same<typename YV::value\n            _type,\n     113          |                   ~\n                  ^\n     114          |\n                  )",
    "117    /var/tmp/koparasy/spack-stage/spack-stage-kokkos-kernels-3.0.00-geh\n            46sb5jamji2u2uflh4ktiqd4izays/spack-src/src/blas/impl/KokkosBlas1_a\n            xpby_impl.hpp: In function 'void KokkosBlas::Impl::Axpby_Generic(co\n            nst AV&, const XV&, const BV&, const YV&, SizeType, int, int)':\n  >> 118    /var/tmp/koparasy/spack-stage/spack-stage-kokkos-kernels-3.0.00-geh\n            46sb5jamji2u2uflh4ktiqd4izays/spack-src/src/blas/impl/KokkosBlas1_a\nxpby_impl.hpp:340:32: error: 'is_same' is not a member of 'Kokkos::\n            Impl'; did you mean 'is_space'?\n     119      340 |   static_assert (Kokkos::Impl::is_same<typename YV::value_t\n            ype,\n     120          |                                ^~~~~~~\n     121          |                                is_space\n  >> 122    /var/tmp/koparasy/spack-stage/spack-stage-kokkos-kernels-3.0.00-geh",
    "119      340 |   static_assert (Kokkos::Impl::is_same<typename YV::value_t\n            ype,\n     120          |                                ^~~~~~~\n     121          |                                is_space\n  >> 122    /var/tmp/koparasy/spack-stage/spack-stage-kokkos-kernels-3.0.00-geh\n            46sb5jamji2u2uflh4ktiqd4izays/spack-src/src/blas/impl/KokkosBlas1_a\nxpby_impl.hpp:340:63: error: expected '(' before ',' token\n     123      340 |   static_assert (Kokkos::Impl::is_same<typename YV::value_t\n            ype,\n     124          |\n               ^\n     125          |\n               (",
    "124          |\n               ^\n     125          |\n               (\n  >> 126    /var/tmp/koparasy/spack-stage/spack-stage-kokkos-kernels-3.0.00-geh\n            46sb5jamji2u2uflh4ktiqd4izays/spack-src/src/blas/impl/KokkosBlas1_a\nxpby_impl.hpp:341:20: error: expected string-literal before 'typena\n            me'\n     127      341 |                    typename YV::non_const_value_type>::valu\n            e,\n     128          |                    ^~~~~~~~\n  >> 129    /var/tmp/koparasy/spack-stage/spack-stage-kokkos-kernels-3.0.00-geh\n            46sb5jamji2u2uflh4ktiqd4izays/spack-src/src/blas/impl/KokkosBlas1_a",
    "me'\n     127      341 |                    typename YV::non_const_value_type>::valu\n            e,\n     128          |                    ^~~~~~~~\n  >> 129    /var/tmp/koparasy/spack-stage/spack-stage-kokkos-kernels-3.0.00-geh\n            46sb5jamji2u2uflh4ktiqd4izays/spack-src/src/blas/impl/KokkosBlas1_a\nxpby_impl.hpp:340:64: error: expected ')' before 'typename'\n     130      340 |   static_assert (Kokkos::Impl::is_same<typename YV::value_t\n            ype,\n     131          |                 ~\n                ^\n     132          |\n                )",
    "46sb5jamji2u2uflh4ktiqd4izays/spack-src/src/blas/impl/KokkosBlas1_a\n            xpby_mv_impl.hpp: In constructor 'KokkosBlas::Impl::Axpby_MV_Functo\n            r<AV, XMV, BV, YMV, scalar_x, scalar_y, SizeType>::Axpby_MV_Functor\n            (const XMV&, const YMV&, const AV&, const BV&)':\n  >> 138    /var/tmp/koparasy/spack-stage/spack-stage-kokkos-kernels-3.0.00-geh\n            46sb5jamji2u2uflh4ktiqd4izays/spack-src/src/blas/impl/KokkosBlas1_a\nxpby_mv_impl.hpp:98:34: error: 'is_same' is not a member of 'Kokkos\n            ::Impl'; did you mean 'is_space'?\n     139       98 |     static_assert (Kokkos::Impl::is_same<typename YMV::valu\n            e_type,\n     140          |                                  ^~~~~~~\n     141          |                                  is_space\n  >> 142    /var/tmp/koparasy/spack-stage/spack-stage-kokkos-kernels-3.0.00-geh",
    "139       98 |     static_assert (Kokkos::Impl::is_same<typename YMV::valu\n            e_type,\n     140          |                                  ^~~~~~~\n     141          |                                  is_space\n  >> 142    /var/tmp/koparasy/spack-stage/spack-stage-kokkos-kernels-3.0.00-geh\n            46sb5jamji2u2uflh4ktiqd4izays/spack-src/src/blas/impl/KokkosBlas1_a\nxpby_mv_impl.hpp:98:66: error: expected '(' before ',' token\n     143       98 |     static_assert (Kokkos::Impl::is_same<typename YMV::valu\n            e_type,\n     144          |\n                  ^\n     145          |\n                  (",
    "144          |\n                  ^\n     145          |\n                  (\n  >> 146    /var/tmp/koparasy/spack-stage/spack-stage-kokkos-kernels-3.0.00-geh\n            46sb5jamji2u2uflh4ktiqd4izays/spack-src/src/blas/impl/KokkosBlas1_a\nxpby_mv_impl.hpp:99:20: error: expected string-literal before 'type\n            name'\n     147       99 |                    typename YMV::non_const_value_type>::val\n            ue,\n     148          |                    ^~~~~~~~\n  >> 149    /var/tmp/koparasy/spack-stage/spack-stage-kokkos-kernels-3.0.00-geh\n            46sb5jamji2u2uflh4ktiqd4izays/spack-src/src/blas/impl/KokkosBlas1_a",
    "name'\n     147       99 |                    typename YMV::non_const_value_type>::val\n            ue,\n     148          |                    ^~~~~~~~\n  >> 149    /var/tmp/koparasy/spack-stage/spack-stage-kokkos-kernels-3.0.00-geh\n            46sb5jamji2u2uflh4ktiqd4izays/spack-src/src/blas/impl/KokkosBlas1_a\nxpby_mv_impl.hpp:98:67: error: expected ')' before 'typename'\n     150       98 |     static_assert (Kokkos::Impl::is_same<typename YMV::valu\n            e_type,\n     151          |                   ~\n                   ^\n     152          |\n                   )",
    "r<typename XMV::non_const_value_type, XMV, typename YMV::non_const_\n            value_type, YMV, scalar_x, scalar_y, SizeType>::Axpby_MV_Functor(co\n            nst XMV&, const YMV&, const typename XMV::non_const_value_type&, co\n            nst typename YMV::non_const_value_type&)':\n  >> 156    /var/tmp/koparasy/spack-stage/spack-stage-kokkos-kernels-3.0.00-geh\n            46sb5jamji2u2uflh4ktiqd4izays/spack-src/src/blas/impl/KokkosBlas1_a\nxpby_mv_impl.hpp:332:34: error: 'is_same' is not a member of 'Kokko\n            s::Impl'; did you mean 'is_space'?\n     157      332 |     static_assert (Kokkos::Impl::is_same<typename YMV::valu\n            e_type,\n     158          |                                  ^~~~~~~\n     159          |                                  is_space\n  >> 160    /var/tmp/koparasy/spack-stage/spack-stage-kokkos-kernels-3.0.00-geh",
    "157      332 |     static_assert (Kokkos::Impl::is_same<typename YMV::valu\n            e_type,\n     158          |                                  ^~~~~~~\n     159          |                                  is_space\n  >> 160    /var/tmp/koparasy/spack-stage/spack-stage-kokkos-kernels-3.0.00-geh\n            46sb5jamji2u2uflh4ktiqd4izays/spack-src/src/blas/impl/KokkosBlas1_a\nxpby_mv_impl.hpp:332:66: error: expected '(' before ',' token\n     161      332 |     static_assert (Kokkos::Impl::is_same<typename YMV::valu\n            e_type,\n     162          |\n                  ^\n     163          |\n                  (",
    "162          |\n                  ^\n     163          |\n                  (\n  >> 164    /var/tmp/koparasy/spack-stage/spack-stage-kokkos-kernels-3.0.00-geh\n            46sb5jamji2u2uflh4ktiqd4izays/spack-src/src/blas/impl/KokkosBlas1_a\nxpby_mv_impl.hpp:333:20: error: expected string-literal before 'typ\n            ename'\n     165      333 |                    typename YMV::non_const_value_type>::val\n            ue,\n     166          |                    ^~~~~~~~\n  >> 167    /var/tmp/koparasy/spack-stage/spack-stage-kokkos-kernels-3.0.00-geh\n            46sb5jamji2u2uflh4ktiqd4izays/spack-src/src/blas/impl/KokkosBlas1_a",
    "ename'\n     165      333 |                    typename YMV::non_const_value_type>::val\n            ue,\n     166          |                    ^~~~~~~~\n  >> 167    /var/tmp/koparasy/spack-stage/spack-stage-kokkos-kernels-3.0.00-geh\n            46sb5jamji2u2uflh4ktiqd4izays/spack-src/src/blas/impl/KokkosBlas1_a\nxpby_mv_impl.hpp:332:67: error: expected ')' before 'typename'\n     168      332 |     static_assert (Kokkos::Impl::is_same<typename YMV::valu\n            e_type,\n     169          |                   ~\n                   ^\n     170          |\n                   )",
    "xpby_mv_impl.hpp: In constructor 'KokkosBlas::Impl::Axpby_MV_Unroll\n            _Functor<AV, XMV, BV, YMV, scalar_x, scalar_y, UNROLL, SizeType>::A\n            xpby_MV_Unroll_Functor(const XMV&, const YMV&, const AV&, const BV&\n            , SizeType)':\n  >> 174    /var/tmp/koparasy/spack-stage/spack-stage-kokkos-kernels-3.0.00-geh\n            46sb5jamji2u2uflh4ktiqd4izays/spack-src/src/blas/impl/KokkosBlas1_a\nxpby_mv_impl.hpp:549:34: error: 'is_same' is not a member of 'Kokko\n            s::Impl'; did you mean 'is_space'?\n     175      549 |     static_assert (Kokkos::Impl::is_same<typename YMV::valu\n            e_type,\n     176          |                                  ^~~~~~~\n     177          |                                  is_space\n  >> 178    /var/tmp/koparasy/spack-stage/spack-stage-kokkos-kernels-3.0.00-geh",
    "175      549 |     static_assert (Kokkos::Impl::is_same<typename YMV::valu\n            e_type,\n     176          |                                  ^~~~~~~\n     177          |                                  is_space\n  >> 178    /var/tmp/koparasy/spack-stage/spack-stage-kokkos-kernels-3.0.00-geh\n            46sb5jamji2u2uflh4ktiqd4izays/spack-src/src/blas/impl/KokkosBlas1_a\nxpby_mv_impl.hpp:549:66: error: expected '(' before ',' token\n     179      549 |     static_assert (Kokkos::Impl::is_same<typename YMV::valu\n            e_type,\n     180          |\n                  ^\n     181          |\n                  (",
    "180          |\n                  ^\n     181          |\n                  (\n  >> 182    /var/tmp/koparasy/spack-stage/spack-stage-kokkos-kernels-3.0.00-geh\n            46sb5jamji2u2uflh4ktiqd4izays/spack-src/src/blas/impl/KokkosBlas1_a\nxpby_mv_impl.hpp:550:20: error: expected string-literal before 'typ\n            ename'\n     183      550 |                    typename YMV::non_const_value_type>::val\n            ue,\n     184          |                    ^~~~~~~~\n  >> 185    /var/tmp/koparasy/spack-stage/spack-stage-kokkos-kernels-3.0.00-geh\n            46sb5jamji2u2uflh4ktiqd4izays/spack-src/src/blas/impl/KokkosBlas1_a",
    "ename'\n     183      550 |                    typename YMV::non_const_value_type>::val\n            ue,\n     184          |                    ^~~~~~~~\n  >> 185    /var/tmp/koparasy/spack-stage/spack-stage-kokkos-kernels-3.0.00-geh\n            46sb5jamji2u2uflh4ktiqd4izays/spack-src/src/blas/impl/KokkosBlas1_a\nxpby_mv_impl.hpp:549:67: error: expected ')' before 'typename'\n     186      549 |     static_assert (Kokkos::Impl::is_same<typename YMV::valu\n            e_type,\n     187          |                   ~\n                   ^\n     188          |\n                   )",
    "_const_value_type, YMV, scalar_x, scalar_y, UNROLL, SizeType>::Axpb\n            y_MV_Unroll_Functor(const XMV&, const YMV&, const typename XMV::non\n            _const_value_type&, const typename YMV::non_const_value_type&, Size\n            Type)':\n  >> 192    /var/tmp/koparasy/spack-stage/spack-stage-kokkos-kernels-3.0.00-geh\n            46sb5jamji2u2uflh4ktiqd4izays/spack-src/src/blas/impl/KokkosBlas1_a\nxpby_mv_impl.hpp:770:34: error: 'is_same' is not a member of 'Kokko\n            s::Impl'; did you mean 'is_space'?\n     193      770 |     static_assert (Kokkos::Impl::is_same<typename YMV::valu\n            e_type,\n     194          |                                  ^~~~~~~\n     195          |                                  is_space\n  >> 196    /var/tmp/koparasy/spack-stage/spack-stage-kokkos-kernels-3.0.00-geh",
    "193      770 |     static_assert (Kokkos::Impl::is_same<typename YMV::valu\n            e_type,\n     194          |                                  ^~~~~~~\n     195          |                                  is_space\n  >> 196    /var/tmp/koparasy/spack-stage/spack-stage-kokkos-kernels-3.0.00-geh\n            46sb5jamji2u2uflh4ktiqd4izays/spack-src/src/blas/impl/KokkosBlas1_a\nxpby_mv_impl.hpp:770:66: error: expected '(' before ',' token\n     197      770 |     static_assert (Kokkos::Impl::is_same<typename YMV::valu\n            e_type,\n     198          |\n                  ^\n     199          |\n                  (",
    "198          |\n                  ^\n     199          |\n                  (\n  >> 200    /var/tmp/koparasy/spack-stage/spack-stage-kokkos-kernels-3.0.00-geh\n            46sb5jamji2u2uflh4ktiqd4izays/spack-src/src/blas/impl/KokkosBlas1_a\nxpby_mv_impl.hpp:771:20: error: expected string-literal before 'typ\n            ename'\n     201      771 |                    typename YMV::non_const_value_type>::val\n            ue,\n     202          |                    ^~~~~~~~\n  >> 203    /var/tmp/koparasy/spack-stage/spack-stage-kokkos-kernels-3.0.00-geh\n            46sb5jamji2u2uflh4ktiqd4izays/spack-src/src/blas/impl/KokkosBlas1_a",
    "ename'\n     201      771 |                    typename YMV::non_const_value_type>::val\n            ue,\n     202          |                    ^~~~~~~~\n  >> 203    /var/tmp/koparasy/spack-stage/spack-stage-kokkos-kernels-3.0.00-geh\n            46sb5jamji2u2uflh4ktiqd4izays/spack-src/src/blas/impl/KokkosBlas1_a\nxpby_mv_impl.hpp:770:67: error: expected ')' before 'typename'\n     204      770 |     static_assert (Kokkos::Impl::is_same<typename YMV::valu\n            e_type,\n     205          |                   ~\n                   ^\n     206          |\n                   )",
    "46sb5jamji2u2uflh4ktiqd4izays/spack-src/src/blas/impl/KokkosBlas1_a\n            xpby_mv_impl.hpp: In function 'void KokkosBlas::Impl::Axpby_MV_Unro\n            lled(const AV&, const XMV&, const BV&, const YMV&, SizeType, int, i\n            nt)':\n  >> 210    /var/tmp/koparasy/spack-stage/spack-stage-kokkos-kernels-3.0.00-geh\n            46sb5jamji2u2uflh4ktiqd4izays/spack-src/src/blas/impl/KokkosBlas1_a\nxpby_mv_impl.hpp:984:32: error: 'is_same' is not a member of 'Kokko\n            s::Impl'; did you mean 'is_space'?\n     211      984 |   static_assert (Kokkos::Impl::is_same<typename YMV::value_\n            type,\n     212          |                                ^~~~~~~\n     213          |                                is_space\n  >> 214    /var/tmp/koparasy/spack-stage/spack-stage-kokkos-kernels-3.0.00-geh",
    "211      984 |   static_assert (Kokkos::Impl::is_same<typename YMV::value_\n            type,\n     212          |                                ^~~~~~~\n     213          |                                is_space\n  >> 214    /var/tmp/koparasy/spack-stage/spack-stage-kokkos-kernels-3.0.00-geh\n            46sb5jamji2u2uflh4ktiqd4izays/spack-src/src/blas/impl/KokkosBlas1_a\nxpby_mv_impl.hpp:984:64: error: expected '(' before ',' token\n     215      984 |   static_assert (Kokkos::Impl::is_same<typename YMV::value_\n            type,\n     216          |\n                ^\n     217          |\n                (",
    "216          |\n                ^\n     217          |\n                (\n  >> 218    /var/tmp/koparasy/spack-stage/spack-stage-kokkos-kernels-3.0.00-geh\n            46sb5jamji2u2uflh4ktiqd4izays/spack-src/src/blas/impl/KokkosBlas1_a\nxpby_mv_impl.hpp:985:20: error: expected string-literal before 'typ\n            ename'\n     219      985 |                    typename YMV::non_const_value_type>::val\n            ue,\n     220          |                    ^~~~~~~~\n  >> 221    /var/tmp/koparasy/spack-stage/spack-stage-kokkos-kernels-3.0.00-geh\n            46sb5jamji2u2uflh4ktiqd4izays/spack-src/src/blas/impl/KokkosBlas1_a",
    "ename'\n     219      985 |                    typename YMV::non_const_value_type>::val\n            ue,\n     220          |                    ^~~~~~~~\n  >> 221    /var/tmp/koparasy/spack-stage/spack-stage-kokkos-kernels-3.0.00-geh\n            46sb5jamji2u2uflh4ktiqd4izays/spack-src/src/blas/impl/KokkosBlas1_a\nxpby_mv_impl.hpp:984:65: error: expected ')' before 'typename'\n     222      984 |   static_assert (Kokkos::Impl::is_same<typename YMV::value_\n            type,\n     223          |                 ~\n                 ^\n     224          |\n                 )",
    "227    /var/tmp/koparasy/spack-stage/spack-stage-kokkos-kernels-3.0.00-geh\n            46sb5jamji2u2uflh4ktiqd4izays/spack-src/src/blas/impl/KokkosBlas1_a\n            xpby_mv_impl.hpp: In function 'void KokkosBlas::Impl::Axpby_MV_Gene\n            ric(const AV&, const XMV&, const BV&, const YMV&, int, int)':\n  >> 228    /var/tmp/koparasy/spack-stage/spack-stage-kokkos-kernels-3.0.00-geh\n            46sb5jamji2u2uflh4ktiqd4izays/spack-src/src/blas/impl/KokkosBlas1_a\nxpby_mv_impl.hpp:1122:32: error: 'is_same' is not a member of 'Kokk\n            os::Impl'; did you mean 'is_space'?\n     229     1122 |   static_assert (Kokkos::Impl::is_same<typename YMV::value_\n            type,\n     230          |                                ^~~~~~~\n     231          |                                is_space\n  >> 232    /var/tmp/koparasy/spack-stage/spack-stage-kokkos-kernels-3.0.00-geh",
    "229     1122 |   static_assert (Kokkos::Impl::is_same<typename YMV::value_\n            type,\n     230          |                                ^~~~~~~\n     231          |                                is_space\n  >> 232    /var/tmp/koparasy/spack-stage/spack-stage-kokkos-kernels-3.0.00-geh\n            46sb5jamji2u2uflh4ktiqd4izays/spack-src/src/blas/impl/KokkosBlas1_a\nxpby_mv_impl.hpp:1122:64: error: expected '(' before ',' token\n     233     1122 |   static_assert (Kokkos::Impl::is_same<typename YMV::value_\n            type,\n     234          |\n                ^\n     235          |\n                (",
    "234          |\n                ^\n     235          |\n                (\n  >> 236    /var/tmp/koparasy/spack-stage/spack-stage-kokkos-kernels-3.0.00-geh\n            46sb5jamji2u2uflh4ktiqd4izays/spack-src/src/blas/impl/KokkosBlas1_a\nxpby_mv_impl.hpp:1123:20: error: expected string-literal before 'ty\n            pename'\n     237     1123 |                    typename YMV::non_const_value_type>::val\n            ue,\n     238          |                    ^~~~~~~~\n  >> 239    /var/tmp/koparasy/spack-stage/spack-stage-kokkos-kernels-3.0.00-geh\n            46sb5jamji2u2uflh4ktiqd4izays/spack-src/src/blas/impl/KokkosBlas1_a",
    "pename'\n     237     1123 |                    typename YMV::non_const_value_type>::val\n            ue,\n     238          |                    ^~~~~~~~\n  >> 239    /var/tmp/koparasy/spack-stage/spack-stage-kokkos-kernels-3.0.00-geh\n            46sb5jamji2u2uflh4ktiqd4izays/spack-src/src/blas/impl/KokkosBlas1_a\nxpby_mv_impl.hpp:1122:65: error: expected ')' before 'typename'\n     240     1122 |   static_assert (Kokkos::Impl::is_same<typename YMV::value_\n            type,\n     241          |                 ~\n                 ^\n     242          |\n                 )",
    "46sb5jamji2u2uflh4ktiqd4izays/spack-src/src/blas/impl/KokkosBlas1_a\n            xpby_mv_impl.hpp: In static member function 'static void KokkosBlas\n            ::Impl::Axpby_MV_Invoke_Left<AV, XMV, BV, YMV, SizeType>::run(const\n             AV&, const XMV&, const BV&, const YMV&, int, int)':\n  >> 246    /var/tmp/koparasy/spack-stage/spack-stage-kokkos-kernels-3.0.00-geh\n            46sb5jamji2u2uflh4ktiqd4izays/spack-src/src/blas/impl/KokkosBlas1_a\nxpby_mv_impl.hpp:1262:32: error: 'is_same' is not a member of 'Kokk\n            os::Impl'; did you mean 'is_space'?\n     247     1262 |   static_assert (Kokkos::Impl::is_same<typename YMV::value_\n            type,\n     248          |                                ^~~~~~~\n     249          |                                is_space\n  >> 250    /var/tmp/koparasy/spack-stage/spack-stage-kokkos-kernels-3.0.00-geh",
    "247     1262 |   static_assert (Kokkos::Impl::is_same<typename YMV::value_\n            type,\n     248          |                                ^~~~~~~\n     249          |                                is_space\n  >> 250    /var/tmp/koparasy/spack-stage/spack-stage-kokkos-kernels-3.0.00-geh\n            46sb5jamji2u2uflh4ktiqd4izays/spack-src/src/blas/impl/KokkosBlas1_a\nxpby_mv_impl.hpp:1262:64: error: expected '(' before ',' token\n     251     1262 |   static_assert (Kokkos::Impl::is_same<typename YMV::value_\n            type,\n     252          |\n                ^\n     253          |\n                (",
    "252          |\n                ^\n     253          |\n                (\n  >> 254    /var/tmp/koparasy/spack-stage/spack-stage-kokkos-kernels-3.0.00-geh\n            46sb5jamji2u2uflh4ktiqd4izays/spack-src/src/blas/impl/KokkosBlas1_a\nxpby_mv_impl.hpp:1263:18: error: expected string-literal before 'ty\n            pename'\n     255     1263 |                  typename YMV::non_const_value_type>::value\n            ,\n     256          |                  ^~~~~~~~\n  >> 257    /var/tmp/koparasy/spack-stage/spack-stage-kokkos-kernels-3.0.00-geh\n            46sb5jamji2u2uflh4ktiqd4izays/spack-src/src/blas/impl/KokkosBlas1_a",
    "pename'\n     255     1263 |                  typename YMV::non_const_value_type>::value\n            ,\n     256          |                  ^~~~~~~~\n  >> 257    /var/tmp/koparasy/spack-stage/spack-stage-kokkos-kernels-3.0.00-geh\n            46sb5jamji2u2uflh4ktiqd4izays/spack-src/src/blas/impl/KokkosBlas1_a\nxpby_mv_impl.hpp:1262:65: error: expected ')' before 'typename'\n     258     1262 |   static_assert (Kokkos::Impl::is_same<typename YMV::value_\n            type,\n     259          |                 ~\n                 ^\n     260          |\n                 )",
    "46sb5jamji2u2uflh4ktiqd4izays/spack-src/src/blas/impl/KokkosBlas1_a\n            xpby_mv_impl.hpp: In static member function 'static void KokkosBlas\n            ::Impl::Axpby_MV_Invoke_Right<AV, XMV, BV, YMV, SizeType>::run(cons\n            t AV&, const XMV&, const BV&, const YMV&, int, int)':\n  >> 264    /var/tmp/koparasy/spack-stage/spack-stage-kokkos-kernels-3.0.00-geh\n            46sb5jamji2u2uflh4ktiqd4izays/spack-src/src/blas/impl/KokkosBlas1_a\nxpby_mv_impl.hpp:1341:32: error: 'is_same' is not a member of 'Kokk\n            os::Impl'; did you mean 'is_space'?\n     265     1341 |   static_assert (Kokkos::Impl::is_same<typename YMV::value_\n            type,\n     266          |                                ^~~~~~~\n     267          |                                is_space\n  >> 268    /var/tmp/koparasy/spack-stage/spack-stage-kokkos-kernels-3.0.00-geh",
    "265     1341 |   static_assert (Kokkos::Impl::is_same<typename YMV::value_\n            type,\n     266          |                                ^~~~~~~\n     267          |                                is_space\n  >> 268    /var/tmp/koparasy/spack-stage/spack-stage-kokkos-kernels-3.0.00-geh\n            46sb5jamji2u2uflh4ktiqd4izays/spack-src/src/blas/impl/KokkosBlas1_a\nxpby_mv_impl.hpp:1341:64: error: expected '(' before ',' token\n     269     1341 |   static_assert (Kokkos::Impl::is_same<typename YMV::value_\n            type,\n     270          |\n                ^\n     271          |\n                (",
    "270          |\n                ^\n     271          |\n                (\n  >> 272    /var/tmp/koparasy/spack-stage/spack-stage-kokkos-kernels-3.0.00-geh\n            46sb5jamji2u2uflh4ktiqd4izays/spack-src/src/blas/impl/KokkosBlas1_a\nxpby_mv_impl.hpp:1342:18: error: expected string-literal before 'ty\n            pename'\n     273     1342 |                  typename YMV::non_const_value_type>::value\n            ,\n     274          |                  ^~~~~~~~\n  >> 275    /var/tmp/koparasy/spack-stage/spack-stage-kokkos-kernels-3.0.00-geh\n            46sb5jamji2u2uflh4ktiqd4izays/spack-src/src/blas/impl/KokkosBlas1_a",
    "pename'\n     273     1342 |                  typename YMV::non_const_value_type>::value\n            ,\n     274          |                  ^~~~~~~~\n  >> 275    /var/tmp/koparasy/spack-stage/spack-stage-kokkos-kernels-3.0.00-geh\n            46sb5jamji2u2uflh4ktiqd4izays/spack-src/src/blas/impl/KokkosBlas1_a\nxpby_mv_impl.hpp:1341:65: error: expected ')' before 'typename'\n     276     1341 |   static_assert (Kokkos::Impl::is_same<typename YMV::value_\n            type,\n     277          |                 ~\n                 ^\n     278          |\n                 )",
    "46sb5jamji2u2uflh4ktiqd4izays/spack-src/src/blas/impl/KokkosBlas1_a\n            xpby_spec.hpp: In static member function 'static void KokkosBlas::I\n            mpl::Axpby<AV, XMV, BV, YMV, 2, false, true>::axpby(const AV&, cons\n            t XMV&, const BV&, const YMV&)':\n  >> 283    /var/tmp/koparasy/spack-stage/spack-stage-kokkos-kernels-3.0.00-geh\n            46sb5jamji2u2uflh4ktiqd4izays/spack-src/src/blas/impl/KokkosBlas1_a\nxpby_spec.hpp:173:34: error: 'is_same' is not a member of 'Kokkos::\n            Impl'; did you mean 'is_space'?\n     284      173 |     static_assert (Kokkos::Impl::is_same<typename YMV::valu\n            e_type,\n     285          |                                  ^~~~~~~\n     286          |                                  is_space\n  >> 287    /var/tmp/koparasy/spack-stage/spack-stage-kokkos-kernels-3.0.00-geh",
    "284      173 |     static_assert (Kokkos::Impl::is_same<typename YMV::valu\n            e_type,\n     285          |                                  ^~~~~~~\n     286          |                                  is_space\n  >> 287    /var/tmp/koparasy/spack-stage/spack-stage-kokkos-kernels-3.0.00-geh\n            46sb5jamji2u2uflh4ktiqd4izays/spack-src/src/blas/impl/KokkosBlas1_a\nxpby_spec.hpp:173:66: error: expected '(' before ',' token\n     288      173 |     static_assert (Kokkos::Impl::is_same<typename YMV::valu\n            e_type,\n     289          |\n                  ^\n     290          |\n                  (",
    "289          |\n                  ^\n     290          |\n                  (\n  >> 291    /var/tmp/koparasy/spack-stage/spack-stage-kokkos-kernels-3.0.00-geh\n            46sb5jamji2u2uflh4ktiqd4izays/spack-src/src/blas/impl/KokkosBlas1_a\nxpby_spec.hpp:174:22: error: expected string-literal before 'typena\n            me'\n     292      174 |                      typename YMV::non_const_value_type>::v\n            alue,\n     293          |                      ^~~~~~~~\n  >> 294    /var/tmp/koparasy/spack-stage/spack-stage-kokkos-kernels-3.0.00-geh\n            46sb5jamji2u2uflh4ktiqd4izays/spack-src/src/blas/impl/KokkosBlas1_a",
    "me'\n     292      174 |                      typename YMV::non_const_value_type>::v\n            alue,\n     293          |                      ^~~~~~~~\n  >> 294    /var/tmp/koparasy/spack-stage/spack-stage-kokkos-kernels-3.0.00-geh\n            46sb5jamji2u2uflh4ktiqd4izays/spack-src/src/blas/impl/KokkosBlas1_a\nxpby_spec.hpp:173:67: error: expected ')' before 'typename'\n     295      173 |     static_assert (Kokkos::Impl::is_same<typename YMV::valu\n            e_type,\n     296          |                   ~\n                   ^\n     297          |\n                   )",
    "xpby_spec.hpp: In static member function 'static void KokkosBlas::I\n            mpl::Axpby<typename XMV::non_const_value_type, XMV, typename YMV::n\n            on_const_value_type, YMV, 2, false, true>::axpby(const AV&, const X\n            MV&, const BV&, const YMV&)':\n  >> 302    /var/tmp/koparasy/spack-stage/spack-stage-kokkos-kernels-3.0.00-geh\n            46sb5jamji2u2uflh4ktiqd4izays/spack-src/src/blas/impl/KokkosBlas1_a\nxpby_spec.hpp:242:34: error: 'is_same' is not a member of 'Kokkos::\n            Impl'; did you mean 'is_space'?\n     303      242 |     static_assert (Kokkos::Impl::is_same<typename YMV::valu\n            e_type,\n     304          |                                  ^~~~~~~\n     305          |                                  is_space\n  >> 306    /var/tmp/koparasy/spack-stage/spack-stage-kokkos-kernels-3.0.00-geh",
    "303      242 |     static_assert (Kokkos::Impl::is_same<typename YMV::valu\n            e_type,\n     304          |                                  ^~~~~~~\n     305          |                                  is_space\n  >> 306    /var/tmp/koparasy/spack-stage/spack-stage-kokkos-kernels-3.0.00-geh\n            46sb5jamji2u2uflh4ktiqd4izays/spack-src/src/blas/impl/KokkosBlas1_a\nxpby_spec.hpp:242:66: error: expected '(' before ',' token\n     307      242 |     static_assert (Kokkos::Impl::is_same<typename YMV::valu\n            e_type,\n     308          |\n                  ^\n     309          |\n                  (",
    "308          |\n                  ^\n     309          |\n                  (\n  >> 310    /var/tmp/koparasy/spack-stage/spack-stage-kokkos-kernels-3.0.00-geh\n            46sb5jamji2u2uflh4ktiqd4izays/spack-src/src/blas/impl/KokkosBlas1_a\nxpby_spec.hpp:243:22: error: expected string-literal before 'typena\n            me'\n     311      243 |                      typename YMV::non_const_value_type>::v\n            alue,\n     312          |                      ^~~~~~~~\n  >> 313    /var/tmp/koparasy/spack-stage/spack-stage-kokkos-kernels-3.0.00-geh\n            46sb5jamji2u2uflh4ktiqd4izays/spack-src/src/blas/impl/KokkosBlas1_a",
    "me'\n     311      243 |                      typename YMV::non_const_value_type>::v\n            alue,\n     312          |                      ^~~~~~~~\n  >> 313    /var/tmp/koparasy/spack-stage/spack-stage-kokkos-kernels-3.0.00-geh\n            46sb5jamji2u2uflh4ktiqd4izays/spack-src/src/blas/impl/KokkosBlas1_a\nxpby_spec.hpp:242:67: error: expected ')' before 'typename'\n     314      242 |     static_assert (Kokkos::Impl::is_same<typename YMV::valu\n            e_type,\n     315          |                   ~\n                   ^\n     316          |\n                   )",
    "xpby_spec.hpp: In static member function 'static void KokkosBlas::I\n            mpl::Axpby<typename XV::non_const_value_type, XV, typename YV::non_\n            const_value_type, YV, 1, false, true>::axpby(const AV&, const XV&,\n            const BV&, const YV&)':\n  >> 320    /var/tmp/koparasy/spack-stage/spack-stage-kokkos-kernels-3.0.00-geh\n            46sb5jamji2u2uflh4ktiqd4izays/spack-src/src/blas/impl/KokkosBlas1_a\nxpby_spec.hpp:335:34: error: 'is_same' is not a member of 'Kokkos::\n            Impl'; did you mean 'is_space'?\n     321      335 |     static_assert (Kokkos::Impl::is_same<typename YV::value\n            _type,\n     322          |                                  ^~~~~~~\n     323          |                                  is_space\n  >> 324    /var/tmp/koparasy/spack-stage/spack-stage-kokkos-kernels-3.0.00-geh",
    "321      335 |     static_assert (Kokkos::Impl::is_same<typename YV::value\n            _type,\n     322          |                                  ^~~~~~~\n     323          |                                  is_space\n  >> 324    /var/tmp/koparasy/spack-stage/spack-stage-kokkos-kernels-3.0.00-geh\n            46sb5jamji2u2uflh4ktiqd4izays/spack-src/src/blas/impl/KokkosBlas1_a\nxpby_spec.hpp:335:65: error: expected '(' before ',' token\n     325      335 |     static_assert (Kokkos::Impl::is_same<typename YV::value\n            _type,\n     326          |\n                 ^\n     327          |\n                 (",
    "326          |\n                 ^\n     327          |\n                 (\n  >> 328    /var/tmp/koparasy/spack-stage/spack-stage-kokkos-kernels-3.0.00-geh\n            46sb5jamji2u2uflh4ktiqd4izays/spack-src/src/blas/impl/KokkosBlas1_a\nxpby_spec.hpp:336:22: error: expected string-literal before 'typena\n            me'\n     329      336 |                      typename YV::non_const_value_type>::va\n            lue,\n     330          |                      ^~~~~~~~\n  >> 331    /var/tmp/koparasy/spack-stage/spack-stage-kokkos-kernels-3.0.00-geh\n            46sb5jamji2u2uflh4ktiqd4izays/spack-src/src/blas/impl/KokkosBlas1_a",
    "me'\n     329      336 |                      typename YV::non_const_value_type>::va\n            lue,\n     330          |                      ^~~~~~~~\n  >> 331    /var/tmp/koparasy/spack-stage/spack-stage-kokkos-kernels-3.0.00-geh\n            46sb5jamji2u2uflh4ktiqd4izays/spack-src/src/blas/impl/KokkosBlas1_a\nxpby_spec.hpp:335:66: error: expected ')' before 'typename'\n     332      335 |     static_assert (Kokkos::Impl::is_same<typename YV::value\n            _type,\n     333          |                   ~\n                  ^\n     334          |\n                  )",
    "46sb5jamji2u2uflh4ktiqd4izays/spack-src/src/blas/impl/KokkosBlas1_a\n            xpby_impl.hpp: In constructor 'KokkosBlas::Impl::Axpby_Functor<AV,\n            XV, BV, YV, scalar_x, scalar_y, SizeType>::Axpby_Functor(const XV&,\n             const YV&, const AV&, const BV&, SizeType)':\n  >> 344    /var/tmp/koparasy/spack-stage/spack-stage-kokkos-kernels-3.0.00-geh\n            46sb5jamji2u2uflh4ktiqd4izays/spack-src/src/blas/impl/KokkosBlas1_a\nxpby_impl.hpp:101:34: error: 'is_same' is not a member of 'Kokkos::\n            Impl'; did you mean 'is_space'?\n     345      101 |     static_assert (Kokkos::Impl::is_same<typename YV::value\n            _type,\n     346          |                                  ^~~~~~~\n     347          |                                  is_space\n  >> 348    /var/tmp/koparasy/spack-stage/spack-stage-kokkos-kernels-3.0.00-geh",
    "345      101 |     static_assert (Kokkos::Impl::is_same<typename YV::value\n            _type,\n     346          |                                  ^~~~~~~\n     347          |                                  is_space\n  >> 348    /var/tmp/koparasy/spack-stage/spack-stage-kokkos-kernels-3.0.00-geh\n            46sb5jamji2u2uflh4ktiqd4izays/spack-src/src/blas/impl/KokkosBlas1_a\nxpby_impl.hpp:101:65: error: expected '(' before ',' token\n     349      101 |     static_assert (Kokkos::Impl::is_same<typename YV::value\n            _type,\n     350          |\n                 ^\n     351          |\n                 (",
    "350          |\n                 ^\n     351          |\n                 (\n  >> 352    /var/tmp/koparasy/spack-stage/spack-stage-kokkos-kernels-3.0.00-geh\n            46sb5jamji2u2uflh4ktiqd4izays/spack-src/src/blas/impl/KokkosBlas1_a\nxpby_impl.hpp:102:20: error: expected string-literal before 'typena\n            me'\n     353      102 |                    typename YV::non_const_value_type>::valu\n            e,\n     354          |                    ^~~~~~~~\n  >> 355    /var/tmp/koparasy/spack-stage/spack-stage-kokkos-kernels-3.0.00-geh\n            46sb5jamji2u2uflh4ktiqd4izays/spack-src/src/blas/impl/KokkosBlas1_a",
    "me'\n     353      102 |                    typename YV::non_const_value_type>::valu\n            e,\n     354          |                    ^~~~~~~~\n  >> 355    /var/tmp/koparasy/spack-stage/spack-stage-kokkos-kernels-3.0.00-geh\n            46sb5jamji2u2uflh4ktiqd4izays/spack-src/src/blas/impl/KokkosBlas1_a\nxpby_impl.hpp:101:66: error: expected ')' before 'typename'\n     356      101 |     static_assert (Kokkos::Impl::is_same<typename YV::value\n            _type,\n     357          |                   ~\n                  ^\n     358          |\n                  )",
    "name XV::non_const_value_type, XV, typename YV::non_const_value_typ\n            e, YV, scalar_x, scalar_y, SizeType>::Axpby_Functor(const XV&, cons\n            t YV&, const typename XV::non_const_value_type&, const typename YV:\n            :non_const_value_type&, SizeType)':\n  >> 362    /var/tmp/koparasy/spack-stage/spack-stage-kokkos-kernels-3.0.00-geh\n            46sb5jamji2u2uflh4ktiqd4izays/spack-src/src/blas/impl/KokkosBlas1_a\nxpby_impl.hpp:235:34: error: 'is_same' is not a member of 'Kokkos::\n            Impl'; did you mean 'is_space'?\n     363      235 |     static_assert (Kokkos::Impl::is_same<typename YV::value\n            _type,\n     364          |                                  ^~~~~~~\n     365          |                                  is_space\n  >> 366    /var/tmp/koparasy/spack-stage/spack-stage-kokkos-kernels-3.0.00-geh",
    "363      235 |     static_assert (Kokkos::Impl::is_same<typename YV::value\n            _type,\n     364          |                                  ^~~~~~~\n     365          |                                  is_space\n  >> 366    /var/tmp/koparasy/spack-stage/spack-stage-kokkos-kernels-3.0.00-geh\n            46sb5jamji2u2uflh4ktiqd4izays/spack-src/src/blas/impl/KokkosBlas1_a\nxpby_impl.hpp:235:65: error: expected '(' before ',' token\n     367      235 |     static_assert (Kokkos::Impl::is_same<typename YV::value\n            _type,\n     368          |\n                 ^\n     369          |\n                 (",
    "368          |\n                 ^\n     369          |\n                 (\n  >> 370    /var/tmp/koparasy/spack-stage/spack-stage-kokkos-kernels-3.0.00-geh\n            46sb5jamji2u2uflh4ktiqd4izays/spack-src/src/blas/impl/KokkosBlas1_a\nxpby_impl.hpp:236:20: error: expected string-literal before 'typena\n            me'\n     371      236 |                    typename YV::non_const_value_type>::valu\n            e,\n     372          |                    ^~~~~~~~\n  >> 373    /var/tmp/koparasy/spack-stage/spack-stage-kokkos-kernels-3.0.00-geh\n            46sb5jamji2u2uflh4ktiqd4izays/spack-src/src/blas/impl/KokkosBlas1_a",
    "me'\n     371      236 |                    typename YV::non_const_value_type>::valu\n            e,\n     372          |                    ^~~~~~~~\n  >> 373    /var/tmp/koparasy/spack-stage/spack-stage-kokkos-kernels-3.0.00-geh\n            46sb5jamji2u2uflh4ktiqd4izays/spack-src/src/blas/impl/KokkosBlas1_a\nxpby_impl.hpp:235:66: error: expected ')' before 'typename'\n     374      235 |     static_assert (Kokkos::Impl::is_same<typename YV::value\n            _type,\n     375          |                   ~\n                  ^\n     376          |\n                  )",
    "379    /var/tmp/koparasy/spack-stage/spack-stage-kokkos-kernels-3.0.00-geh\n            46sb5jamji2u2uflh4ktiqd4izays/spack-src/src/blas/impl/KokkosBlas1_a\n            xpby_impl.hpp: In function 'void KokkosBlas::Impl::Axpby_Generic(co\n            nst AV&, const XV&, const BV&, const YV&, SizeType, int, int)':\n  >> 380    /var/tmp/koparasy/spack-stage/spack-stage-kokkos-kernels-3.0.00-geh\n            46sb5jamji2u2uflh4ktiqd4izays/spack-src/src/blas/impl/KokkosBlas1_a\nxpby_impl.hpp:340:32: error: 'is_same' is not a member of 'Kokkos::\n            Impl'; did you mean 'is_space'?\n     381      340 |   static_assert (Kokkos::Impl::is_same<typename YV::value_t\n            ype,\n     382          |                                ^~~~~~~\n     383          |                                is_space\n  >> 384    /var/tmp/koparasy/spack-stage/spack-stage-kokkos-kernels-3.0.00-geh",
    "381      340 |   static_assert (Kokkos::Impl::is_same<typename YV::value_t\n            ype,\n     382          |                                ^~~~~~~\n     383          |                                is_space\n  >> 384    /var/tmp/koparasy/spack-stage/spack-stage-kokkos-kernels-3.0.00-geh\n            46sb5jamji2u2uflh4ktiqd4izays/spack-src/src/blas/impl/KokkosBlas1_a\nxpby_impl.hpp:340:63: error: expected '(' before ',' token\n     385      340 |   static_assert (Kokkos::Impl::is_same<typename YV::value_t\n            ype,\n     386          |\n               ^\n     387          |\n               (",
    "386          |\n               ^\n     387          |\n               (\n  >> 388    /var/tmp/koparasy/spack-stage/spack-stage-kokkos-kernels-3.0.00-geh\n            46sb5jamji2u2uflh4ktiqd4izays/spack-src/src/blas/impl/KokkosBlas1_a\nxpby_impl.hpp:341:20: error: expected string-literal before 'typena\n            me'\n     389      341 |                    typename YV::non_const_value_type>::valu\n            e,\n     390          |                    ^~~~~~~~\n  >> 391    /var/tmp/koparasy/spack-stage/spack-stage-kokkos-kernels-3.0.00-geh\n            46sb5jamji2u2uflh4ktiqd4izays/spack-src/src/blas/impl/KokkosBlas1_a",
    "me'\n     389      341 |                    typename YV::non_const_value_type>::valu\n            e,\n     390          |                    ^~~~~~~~\n  >> 391    /var/tmp/koparasy/spack-stage/spack-stage-kokkos-kernels-3.0.00-geh\n            46sb5jamji2u2uflh4ktiqd4izays/spack-src/src/blas/impl/KokkosBlas1_a\nxpby_impl.hpp:340:64: error: expected ')' before 'typename'\n     392      340 |   static_assert (Kokkos::Impl::is_same<typename YV::value_t\n            ype,\n     393          |                 ~\n                ^\n     394          |\n                )",
    "46sb5jamji2u2uflh4ktiqd4izays/spack-src/src/blas/impl/KokkosBlas1_a\n            xpby_mv_impl.hpp: In constructor 'KokkosBlas::Impl::Axpby_MV_Functo\n            r<AV, XMV, BV, YMV, scalar_x, scalar_y, SizeType>::Axpby_MV_Functor\n            (const XMV&, const YMV&, const AV&, const BV&)':\n  >> 400    /var/tmp/koparasy/spack-stage/spack-stage-kokkos-kernels-3.0.00-geh\n            46sb5jamji2u2uflh4ktiqd4izays/spack-src/src/blas/impl/KokkosBlas1_a\nxpby_mv_impl.hpp:98:34: error: 'is_same' is not a member of 'Kokkos\n            ::Impl'; did you mean 'is_space'?\n     401       98 |     static_assert (Kokkos::Impl::is_same<typename YMV::valu\n            e_type,\n     402          |                                  ^~~~~~~\n     403          |                                  is_space\n  >> 404    /var/tmp/koparasy/spack-stage/spack-stage-kokkos-kernels-3.0.00-geh",
    "401       98 |     static_assert (Kokkos::Impl::is_same<typename YMV::valu\n            e_type,\n     402          |                                  ^~~~~~~\n     403          |                                  is_space\n  >> 404    /var/tmp/koparasy/spack-stage/spack-stage-kokkos-kernels-3.0.00-geh\n            46sb5jamji2u2uflh4ktiqd4izays/spack-src/src/blas/impl/KokkosBlas1_a\nxpby_mv_impl.hpp:98:66: error: expected '(' before ',' token\n     405       98 |     static_assert (Kokkos::Impl::is_same<typename YMV::valu\n            e_type,\n     406          |\n                  ^\n     407          |\n                  (",
    "406          |\n                  ^\n     407          |\n                  (\n  >> 408    /var/tmp/koparasy/spack-stage/spack-stage-kokkos-kernels-3.0.00-geh\n            46sb5jamji2u2uflh4ktiqd4izays/spack-src/src/blas/impl/KokkosBlas1_a\nxpby_mv_impl.hpp:99:20: error: expected string-literal before 'type\n            name'\n     409       99 |                    typename YMV::non_const_value_type>::val\n            ue,\n     410          |                    ^~~~~~~~\n  >> 411    /var/tmp/koparasy/spack-stage/spack-stage-kokkos-kernels-3.0.00-geh\n            46sb5jamji2u2uflh4ktiqd4izays/spack-src/src/blas/impl/KokkosBlas1_a",
    "name'\n     409       99 |                    typename YMV::non_const_value_type>::val\n            ue,\n     410          |                    ^~~~~~~~\n  >> 411    /var/tmp/koparasy/spack-stage/spack-stage-kokkos-kernels-3.0.00-geh\n            46sb5jamji2u2uflh4ktiqd4izays/spack-src/src/blas/impl/KokkosBlas1_a\nxpby_mv_impl.hpp:98:67: error: expected ')' before 'typename'\n     412       98 |     static_assert (Kokkos::Impl::is_same<typename YMV::valu\n            e_type,\n     413          |                   ~\n                   ^\n     414          |\n                   )",
    "r<typename XMV::non_const_value_type, XMV, typename YMV::non_const_\n            value_type, YMV, scalar_x, scalar_y, SizeType>::Axpby_MV_Functor(co\n            nst XMV&, const YMV&, const typename XMV::non_const_value_type&, co\n            nst typename YMV::non_const_value_type&)':\n  >> 418    /var/tmp/koparasy/spack-stage/spack-stage-kokkos-kernels-3.0.00-geh\n            46sb5jamji2u2uflh4ktiqd4izays/spack-src/src/blas/impl/KokkosBlas1_a\nxpby_mv_impl.hpp:332:34: error: 'is_same' is not a member of 'Kokko\n            s::Impl'; did you mean 'is_space'?\n     419      332 |     static_assert (Kokkos::Impl::is_same<typename YMV::valu\n            e_type,\n     420          |                                  ^~~~~~~\n     421          |                                  is_space\n     422    [  4%] Building CXX object src/CMakeFiles/kokkoskernels.dir/impl/ge",
    "421          |                                  is_space\n     422    [  4%] Building CXX object src/CMakeFiles/kokkoskernels.dir/impl/ge\n            nerated_specializations_cpp/dot/KokkosBlas1_dot_eti_spec_inst_dbl_L\n            ayoutLeft_Serial_HBWSpace.cpp.o\n  >> 423    /var/tmp/koparasy/spack-stage/spack-stage-kokkos-kernels-3.0.00-geh\n            46sb5jamji2u2uflh4ktiqd4izays/spack-src/src/blas/impl/KokkosBlas1_a\nxpby_mv_impl.hpp:332:66: error: expected '(' before ',' token\n     424      332 |     static_assert (Kokkos::Impl::is_same<typename YMV::valu\n            e_type,\n     425          |\n                  ^\n     426          |\n                  (",
    "425          |\n                  ^\n     426          |\n                  (\n  >> 427    /var/tmp/koparasy/spack-stage/spack-stage-kokkos-kernels-3.0.00-geh\n            46sb5jamji2u2uflh4ktiqd4izays/spack-src/src/blas/impl/KokkosBlas1_a\nxpby_mv_impl.hpp:333:20: error: expected string-literal before 'typ\n            ename'\n     428      333 |                    typename YMV::non_const_value_type>::val\n            ue,\n     429          |                    ^~~~~~~~\n     430    cd /tmp/koparasy/spack-stage/spack-stage-kokkos-kernels-3.0.00-geh4\n            6sb5jamji2u2uflh4ktiqd4izays/spack-build-geh46sb/src && /p/vast1/ko",
    "/var/tmp/koparasy/spack-stage/spack-stage-kokkos-kernels-3.0.00-geh\n            46sb5jamji2u2uflh4ktiqd4izays/spack-src/src/impl/generated_speciali\n            zations_cpp/dot/KokkosBlas1_dot_eti_spec_inst_dbl_LayoutLeft_Serial\n            _HBWSpace.cpp\n  >> 431    /var/tmp/koparasy/spack-stage/spack-stage-kokkos-kernels-3.0.00-geh\n            46sb5jamji2u2uflh4ktiqd4izays/spack-src/src/blas/impl/KokkosBlas1_a\nxpby_mv_impl.hpp:332:67: error: expected ')' before 'typename'\n     432      332 |     static_assert (Kokkos::Impl::is_same<typename YMV::valu\n            e_type,\n     433          |                   ~\n                   ^\n     434          |\n                   )",
    "xpby_mv_impl.hpp: In constructor 'KokkosBlas::Impl::Axpby_MV_Unroll\n            _Functor<AV, XMV, BV, YMV, scalar_x, scalar_y, UNROLL, SizeType>::A\n            xpby_MV_Unroll_Functor(const XMV&, const YMV&, const AV&, const BV&\n            , SizeType)':\n  >> 438    /var/tmp/koparasy/spack-stage/spack-stage-kokkos-kernels-3.0.00-geh\n            46sb5jamji2u2uflh4ktiqd4izays/spack-src/src/blas/impl/KokkosBlas1_a\nxpby_mv_impl.hpp:549:34: error: 'is_same' is not a member of 'Kokko\n            s::Impl'; did you mean 'is_space'?\n     439      549 |     static_assert (Kokkos::Impl::is_same<typename YMV::valu\n            e_type,\n     440          |                                  ^~~~~~~\n     441          |                                  is_space\n  >> 442    /var/tmp/koparasy/spack-stage/spack-stage-kokkos-kernels-3.0.00-geh",
    "439      549 |     static_assert (Kokkos::Impl::is_same<typename YMV::valu\n            e_type,\n     440          |                                  ^~~~~~~\n     441          |                                  is_space\n  >> 442    /var/tmp/koparasy/spack-stage/spack-stage-kokkos-kernels-3.0.00-geh\n            46sb5jamji2u2uflh4ktiqd4izays/spack-src/src/blas/impl/KokkosBlas1_a\nxpby_mv_impl.hpp:549:66: error: expected '(' before ',' token\n     443      549 |     static_assert (Kokkos::Impl::is_same<typename YMV::valu\n            e_type,\n     444          |\n                  ^\n     445          |\n                  (",
    "444          |\n                  ^\n     445          |\n                  (\n  >> 446    /var/tmp/koparasy/spack-stage/spack-stage-kokkos-kernels-3.0.00-geh\n            46sb5jamji2u2uflh4ktiqd4izays/spack-src/src/blas/impl/KokkosBlas1_a\nxpby_mv_impl.hpp:550:20: error: expected string-literal before 'typ\n            ename'\n     447      550 |                    typename YMV::non_const_value_type>::val\n            ue,\n     448          |                    ^~~~~~~~\n  >> 449    /var/tmp/koparasy/spack-stage/spack-stage-kokkos-kernels-3.0.00-geh\n            46sb5jamji2u2uflh4ktiqd4izays/spack-src/src/blas/impl/KokkosBlas1_a",
    "ename'\n     447      550 |                    typename YMV::non_const_value_type>::val\n            ue,\n     448          |                    ^~~~~~~~\n  >> 449    /var/tmp/koparasy/spack-stage/spack-stage-kokkos-kernels-3.0.00-geh\n            46sb5jamji2u2uflh4ktiqd4izays/spack-src/src/blas/impl/KokkosBlas1_a\nxpby_mv_impl.hpp:549:67: error: expected ')' before 'typename'\n     450      549 |     static_assert (Kokkos::Impl::is_same<typename YMV::valu\n            e_type,\n     451          |                   ~\n                   ^\n     452          |\n                   )",
    "_const_value_type, YMV, scalar_x, scalar_y, UNROLL, SizeType>::Axpb\n            y_MV_Unroll_Functor(const XMV&, const YMV&, const typename XMV::non\n            _const_value_type&, const typename YMV::non_const_value_type&, Size\n            Type)':\n  >> 456    /var/tmp/koparasy/spack-stage/spack-stage-kokkos-kernels-3.0.00-geh\n            46sb5jamji2u2uflh4ktiqd4izays/spack-src/src/blas/impl/KokkosBlas1_a\nxpby_mv_impl.hpp:770:34: error: 'is_same' is not a member of 'Kokko\n            s::Impl'; did you mean 'is_space'?\n     457      770 |     static_assert (Kokkos::Impl::is_same<typename YMV::valu\n            e_type,\n     458          |                                  ^~~~~~~\n     459          |                                  is_space\n  >> 460    /var/tmp/koparasy/spack-stage/spack-stage-kokkos-kernels-3.0.00-geh",
    "457      770 |     static_assert (Kokkos::Impl::is_same<typename YMV::valu\n            e_type,\n     458          |                                  ^~~~~~~\n     459          |                                  is_space\n  >> 460    /var/tmp/koparasy/spack-stage/spack-stage-kokkos-kernels-3.0.00-geh\n            46sb5jamji2u2uflh4ktiqd4izays/spack-src/src/blas/impl/KokkosBlas1_a\nxpby_mv_impl.hpp:770:66: error: expected '(' before ',' token\n     461      770 |     static_assert (Kokkos::Impl::is_same<typename YMV::valu\n            e_type,\n     462          |\n                  ^\n     463          |\n                  (",
    "462          |\n                  ^\n     463          |\n                  (\n  >> 464    /var/tmp/koparasy/spack-stage/spack-stage-kokkos-kernels-3.0.00-geh\n            46sb5jamji2u2uflh4ktiqd4izays/spack-src/src/blas/impl/KokkosBlas1_a\nxpby_mv_impl.hpp:771:20: error: expected string-literal before 'typ\n            ename'\n     465      771 |                    typename YMV::non_const_value_type>::val\n            ue,\n     466          |                    ^~~~~~~~\n  >> 467    /var/tmp/koparasy/spack-stage/spack-stage-kokkos-kernels-3.0.00-geh\n            46sb5jamji2u2uflh4ktiqd4izays/spack-src/src/blas/impl/KokkosBlas1_a",
    "ename'\n     465      771 |                    typename YMV::non_const_value_type>::val\n            ue,\n     466          |                    ^~~~~~~~\n  >> 467    /var/tmp/koparasy/spack-stage/spack-stage-kokkos-kernels-3.0.00-geh\n            46sb5jamji2u2uflh4ktiqd4izays/spack-src/src/blas/impl/KokkosBlas1_a\nxpby_mv_impl.hpp:770:67: error: expected ')' before 'typename'\n     468      770 |     static_assert (Kokkos::Impl::is_same<typename YMV::valu\n            e_type,\n     469          |                   ~\n                   ^\n     470          |\n                   )",
    "46sb5jamji2u2uflh4ktiqd4izays/spack-src/src/blas/impl/KokkosBlas1_a\n            xpby_mv_impl.hpp: In function 'void KokkosBlas::Impl::Axpby_MV_Unro\n            lled(const AV&, const XMV&, const BV&, const YMV&, SizeType, int, i\n            nt)':\n  >> 474    /var/tmp/koparasy/spack-stage/spack-stage-kokkos-kernels-3.0.00-geh\n            46sb5jamji2u2uflh4ktiqd4izays/spack-src/src/blas/impl/KokkosBlas1_a\nxpby_mv_impl.hpp:984:32: error: 'is_same' is not a member of 'Kokko\n            s::Impl'; did you mean 'is_space'?\n     475      984 |   static_assert (Kokkos::Impl::is_same<typename YMV::value_\n            type,\n     476          |                                ^~~~~~~\n     477          |                                is_space\n  >> 478    /var/tmp/koparasy/spack-stage/spack-stage-kokkos-kernels-3.0.00-geh",
    "475      984 |   static_assert (Kokkos::Impl::is_same<typename YMV::value_\n            type,\n     476          |                                ^~~~~~~\n     477          |                                is_space\n  >> 478    /var/tmp/koparasy/spack-stage/spack-stage-kokkos-kernels-3.0.00-geh\n            46sb5jamji2u2uflh4ktiqd4izays/spack-src/src/blas/impl/KokkosBlas1_a\nxpby_mv_impl.hpp:984:64: error: expected '(' before ',' token\n     479      984 |   static_assert (Kokkos::Impl::is_same<typename YMV::value_\n            type,\n     480          |\n                ^\n     481          |\n                (",
    "480          |\n                ^\n     481          |\n                (\n  >> 482    /var/tmp/koparasy/spack-stage/spack-stage-kokkos-kernels-3.0.00-geh\n            46sb5jamji2u2uflh4ktiqd4izays/spack-src/src/blas/impl/KokkosBlas1_a\nxpby_mv_impl.hpp:985:20: error: expected string-literal before 'typ\n            ename'\n     483      985 |                    typename YMV::non_const_value_type>::val\n            ue,\n     484          |                    ^~~~~~~~\n  >> 485    /var/tmp/koparasy/spack-stage/spack-stage-kokkos-kernels-3.0.00-geh\n            46sb5jamji2u2uflh4ktiqd4izays/spack-src/src/blas/impl/KokkosBlas1_a",
    "ename'\n     483      985 |                    typename YMV::non_const_value_type>::val\n            ue,\n     484          |                    ^~~~~~~~\n  >> 485    /var/tmp/koparasy/spack-stage/spack-stage-kokkos-kernels-3.0.00-geh\n            46sb5jamji2u2uflh4ktiqd4izays/spack-src/src/blas/impl/KokkosBlas1_a\nxpby_mv_impl.hpp:984:65: error: expected ')' before 'typename'\n     486      984 |   static_assert (Kokkos::Impl::is_same<typename YMV::value_\n            type,\n     487          |                 ~\n                 ^\n     488          |\n                 )",
    "491    /var/tmp/koparasy/spack-stage/spack-stage-kokkos-kernels-3.0.00-geh\n            46sb5jamji2u2uflh4ktiqd4izays/spack-src/src/blas/impl/KokkosBlas1_a\n            xpby_mv_impl.hpp: In function 'void KokkosBlas::Impl::Axpby_MV_Gene\n            ric(const AV&, const XMV&, const BV&, const YMV&, int, int)':\n  >> 492    /var/tmp/koparasy/spack-stage/spack-stage-kokkos-kernels-3.0.00-geh\n            46sb5jamji2u2uflh4ktiqd4izays/spack-src/src/blas/impl/KokkosBlas1_a\nxpby_mv_impl.hpp:1122:32: error: 'is_same' is not a member of 'Kokk\n            os::Impl'; did you mean 'is_space'?\n     493     1122 |   static_assert (Kokkos::Impl::is_same<typename YMV::value_\n            type,\n     494          |                                ^~~~~~~\n     495          |                                is_space\n  >> 496    /var/tmp/koparasy/spack-stage/spack-stage-kokkos-kernels-3.0.00-geh",
    "493     1122 |   static_assert (Kokkos::Impl::is_same<typename YMV::value_\n            type,\n     494          |                                ^~~~~~~\n     495          |                                is_space\n  >> 496    /var/tmp/koparasy/spack-stage/spack-stage-kokkos-kernels-3.0.00-geh\n            46sb5jamji2u2uflh4ktiqd4izays/spack-src/src/blas/impl/KokkosBlas1_a\nxpby_mv_impl.hpp:1122:64: error: expected '(' before ',' token\n     497     1122 |   static_assert (Kokkos::Impl::is_same<typename YMV::value_\n            type,\n     498          |\n                ^\n     499          |\n                (",
    "498          |\n                ^\n     499          |\n                (\n  >> 500    /var/tmp/koparasy/spack-stage/spack-stage-kokkos-kernels-3.0.00-geh\n            46sb5jamji2u2uflh4ktiqd4izays/spack-src/src/blas/impl/KokkosBlas1_a\nxpby_mv_impl.hpp:1123:20: error: expected string-literal before 'ty\n            pename'\n     501     1123 |                    typename YMV::non_const_value_type>::val\n            ue,\n     502          |                    ^~~~~~~~\n  >> 503    /var/tmp/koparasy/spack-stage/spack-stage-kokkos-kernels-3.0.00-geh\n            46sb5jamji2u2uflh4ktiqd4izays/spack-src/src/blas/impl/KokkosBlas1_a",
    "pename'\n     501     1123 |                    typename YMV::non_const_value_type>::val\n            ue,\n     502          |                    ^~~~~~~~\n  >> 503    /var/tmp/koparasy/spack-stage/spack-stage-kokkos-kernels-3.0.00-geh\n            46sb5jamji2u2uflh4ktiqd4izays/spack-src/src/blas/impl/KokkosBlas1_a\nxpby_mv_impl.hpp:1122:65: error: expected ')' before 'typename'\n     504     1122 |   static_assert (Kokkos::Impl::is_same<typename YMV::value_\n            type,\n     505          |                 ~\n                 ^\n     506          |\n                 )",
    "46sb5jamji2u2uflh4ktiqd4izays/spack-src/src/blas/impl/KokkosBlas1_a\n            xpby_mv_impl.hpp: In static member function 'static void KokkosBlas\n            ::Impl::Axpby_MV_Invoke_Left<AV, XMV, BV, YMV, SizeType>::run(const\n             AV&, const XMV&, const BV&, const YMV&, int, int)':\n  >> 510    /var/tmp/koparasy/spack-stage/spack-stage-kokkos-kernels-3.0.00-geh\n            46sb5jamji2u2uflh4ktiqd4izays/spack-src/src/blas/impl/KokkosBlas1_a\nxpby_mv_impl.hpp:1262:32: error: 'is_same' is not a member of 'Kokk\n            os::Impl'; did you mean 'is_space'?\n     511     1262 |   static_assert (Kokkos::Impl::is_same<typename YMV::value_\n            type,\n     512          |                                ^~~~~~~\n     513          |                                is_space\n  >> 514    /var/tmp/koparasy/spack-stage/spack-stage-kokkos-kernels-3.0.00-geh",
    "511     1262 |   static_assert (Kokkos::Impl::is_same<typename YMV::value_\n            type,\n     512          |                                ^~~~~~~\n     513          |                                is_space\n  >> 514    /var/tmp/koparasy/spack-stage/spack-stage-kokkos-kernels-3.0.00-geh\n            46sb5jamji2u2uflh4ktiqd4izays/spack-src/src/blas/impl/KokkosBlas1_a\nxpby_mv_impl.hpp:1262:64: error: expected '(' before ',' token\n     515     1262 |   static_assert (Kokkos::Impl::is_same<typename YMV::value_\n            type,\n     516          |\n                ^\n     517          |\n                (",
    "516          |\n                ^\n     517          |\n                (\n  >> 518    /var/tmp/koparasy/spack-stage/spack-stage-kokkos-kernels-3.0.00-geh\n            46sb5jamji2u2uflh4ktiqd4izays/spack-src/src/blas/impl/KokkosBlas1_a\nxpby_mv_impl.hpp:1263:18: error: expected string-literal before 'ty\n            pename'\n     519     1263 |                  typename YMV::non_const_value_type>::value\n            ,\n     520          |                  ^~~~~~~~\n  >> 521    /var/tmp/koparasy/spack-stage/spack-stage-kokkos-kernels-3.0.00-geh\n            46sb5jamji2u2uflh4ktiqd4izays/spack-src/src/blas/impl/KokkosBlas1_a",
    "pename'\n     519     1263 |                  typename YMV::non_const_value_type>::value\n            ,\n     520          |                  ^~~~~~~~\n  >> 521    /var/tmp/koparasy/spack-stage/spack-stage-kokkos-kernels-3.0.00-geh\n            46sb5jamji2u2uflh4ktiqd4izays/spack-src/src/blas/impl/KokkosBlas1_a\nxpby_mv_impl.hpp:1262:65: error: expected ')' before 'typename'\n     522     1262 |   static_assert (Kokkos::Impl::is_same<typename YMV::value_\n            type,\n     523          |                 ~\n                 ^\n     524          |\n                 )",
    "46sb5jamji2u2uflh4ktiqd4izays/spack-src/src/blas/impl/KokkosBlas1_a\n            xpby_mv_impl.hpp: In static member function 'static void KokkosBlas\n            ::Impl::Axpby_MV_Invoke_Right<AV, XMV, BV, YMV, SizeType>::run(cons\n            t AV&, const XMV&, const BV&, const YMV&, int, int)':\n  >> 528    /var/tmp/koparasy/spack-stage/spack-stage-kokkos-kernels-3.0.00-geh\n            46sb5jamji2u2uflh4ktiqd4izays/spack-src/src/blas/impl/KokkosBlas1_a\nxpby_mv_impl.hpp:1341:32: error: 'is_same' is not a member of 'Kokk\n            os::Impl'; did you mean 'is_space'?\n     529     1341 |   static_assert (Kokkos::Impl::is_same<typename YMV::value_\n            type,\n     530          |                                ^~~~~~~\n     531          |                                is_space\n  >> 532    /var/tmp/koparasy/spack-stage/spack-stage-kokkos-kernels-3.0.00-geh",
    "529     1341 |   static_assert (Kokkos::Impl::is_same<typename YMV::value_\n            type,\n     530          |                                ^~~~~~~\n     531          |                                is_space\n  >> 532    /var/tmp/koparasy/spack-stage/spack-stage-kokkos-kernels-3.0.00-geh\n            46sb5jamji2u2uflh4ktiqd4izays/spack-src/src/blas/impl/KokkosBlas1_a\nxpby_mv_impl.hpp:1341:64: error: expected '(' before ',' token\n     533     1341 |   static_assert (Kokkos::Impl::is_same<typename YMV::value_\n            type,\n     534          |\n                ^\n     535          |\n                (",
    "534          |\n                ^\n     535          |\n                (\n  >> 536    /var/tmp/koparasy/spack-stage/spack-stage-kokkos-kernels-3.0.00-geh\n            46sb5jamji2u2uflh4ktiqd4izays/spack-src/src/blas/impl/KokkosBlas1_a\nxpby_mv_impl.hpp:1342:18: error: expected string-literal before 'ty\n            pename'\n     537     1342 |                  typename YMV::non_const_value_type>::value\n            ,\n     538          |                  ^~~~~~~~\n  >> 539    /var/tmp/koparasy/spack-stage/spack-stage-kokkos-kernels-3.0.00-geh\n            46sb5jamji2u2uflh4ktiqd4izays/spack-src/src/blas/impl/KokkosBlas1_a",
    "pename'\n     537     1342 |                  typename YMV::non_const_value_type>::value\n            ,\n     538          |                  ^~~~~~~~\n  >> 539    /var/tmp/koparasy/spack-stage/spack-stage-kokkos-kernels-3.0.00-geh\n            46sb5jamji2u2uflh4ktiqd4izays/spack-src/src/blas/impl/KokkosBlas1_a\nxpby_mv_impl.hpp:1341:65: error: expected ')' before 'typename'\n     540     1341 |   static_assert (Kokkos::Impl::is_same<typename YMV::value_\n            type,\n     541          |                 ~\n                 ^\n     542          |\n                 )",
    "46sb5jamji2u2uflh4ktiqd4izays/spack-src/src/blas/impl/KokkosBlas1_a\n            xpby_spec.hpp: In static member function 'static void KokkosBlas::I\n            mpl::Axpby<AV, XMV, BV, YMV, 2, false, true>::axpby(const AV&, cons\n            t XMV&, const BV&, const YMV&)':\n  >> 549    /var/tmp/koparasy/spack-stage/spack-stage-kokkos-kernels-3.0.00-geh\n            46sb5jamji2u2uflh4ktiqd4izays/spack-src/src/blas/impl/KokkosBlas1_a\nxpby_spec.hpp:173:34: error: 'is_same' is not a member of 'Kokkos::\n            Impl'; did you mean 'is_space'?\n     550      173 |     static_assert (Kokkos::Impl::is_same<typename YMV::valu\n            e_type,\n     551          |                                  ^~~~~~~\n     552          |                                  is_space\n  >> 553    /var/tmp/koparasy/spack-stage/spack-stage-kokkos-kernels-3.0.00-geh",
    "550      173 |     static_assert (Kokkos::Impl::is_same<typename YMV::valu\n            e_type,\n     551          |                                  ^~~~~~~\n     552          |                                  is_space\n  >> 553    /var/tmp/koparasy/spack-stage/spack-stage-kokkos-kernels-3.0.00-geh\n            46sb5jamji2u2uflh4ktiqd4izays/spack-src/src/blas/impl/KokkosBlas1_a\nxpby_spec.hpp:173:66: error: expected '(' before ',' token\n     554      173 |     static_assert (Kokkos::Impl::is_same<typename YMV::valu\n            e_type,\n     555          |\n                  ^\n     556          |\n                  (",
    "555          |\n                  ^\n     556          |\n                  (\n  >> 557    /var/tmp/koparasy/spack-stage/spack-stage-kokkos-kernels-3.0.00-geh\n            46sb5jamji2u2uflh4ktiqd4izays/spack-src/src/blas/impl/KokkosBlas1_a\nxpby_spec.hpp:174:22: error: expected string-literal before 'typena\n            me'\n     558      174 |                      typename YMV::non_const_value_type>::v\n            alue,\n     559          |                      ^~~~~~~~\n  >> 560    /var/tmp/koparasy/spack-stage/spack-stage-kokkos-kernels-3.0.00-geh\n            46sb5jamji2u2uflh4ktiqd4izays/spack-src/src/blas/impl/KokkosBlas1_a",
    "me'\n     558      174 |                      typename YMV::non_const_value_type>::v\n            alue,\n     559          |                      ^~~~~~~~\n  >> 560    /var/tmp/koparasy/spack-stage/spack-stage-kokkos-kernels-3.0.00-geh\n            46sb5jamji2u2uflh4ktiqd4izays/spack-src/src/blas/impl/KokkosBlas1_a\nxpby_spec.hpp:173:67: error: expected ')' before 'typename'\n     561      173 |     static_assert (Kokkos::Impl::is_same<typename YMV::valu\n            e_type,\n     562          |                   ~\n                   ^\n     563          |\n                   )",
    "xpby_spec.hpp: In static member function 'static void KokkosBlas::I\n            mpl::Axpby<typename XMV::non_const_value_type, XMV, typename YMV::n\n            on_const_value_type, YMV, 2, false, true>::axpby(const AV&, const X\n            MV&, const BV&, const YMV&)':\n  >> 568    /var/tmp/koparasy/spack-stage/spack-stage-kokkos-kernels-3.0.00-geh\n            46sb5jamji2u2uflh4ktiqd4izays/spack-src/src/blas/impl/KokkosBlas1_a\nxpby_spec.hpp:242:34: error: 'is_same' is not a member of 'Kokkos::\n            Impl'; did you mean 'is_space'?\n     569      242 |     static_assert (Kokkos::Impl::is_same<typename YMV::valu\n            e_type,\n     570          |                                  ^~~~~~~\n     571          |                                  is_space\n  >> 572    /var/tmp/koparasy/spack-stage/spack-stage-kokkos-kernels-3.0.00-geh",
    "569      242 |     static_assert (Kokkos::Impl::is_same<typename YMV::valu\n            e_type,\n     570          |                                  ^~~~~~~\n     571          |                                  is_space\n  >> 572    /var/tmp/koparasy/spack-stage/spack-stage-kokkos-kernels-3.0.00-geh\n            46sb5jamji2u2uflh4ktiqd4izays/spack-src/src/blas/impl/KokkosBlas1_a\nxpby_spec.hpp:242:66: error: expected '(' before ',' token\n     573      242 |     static_assert (Kokkos::Impl::is_same<typename YMV::valu\n            e_type,\n     574          |\n                  ^\n     575          |\n                  (",
    "574          |\n                  ^\n     575          |\n                  (\n  >> 576    /var/tmp/koparasy/spack-stage/spack-stage-kokkos-kernels-3.0.00-geh\n            46sb5jamji2u2uflh4ktiqd4izays/spack-src/src/blas/impl/KokkosBlas1_a\nxpby_spec.hpp:243:22: error: expected string-literal before 'typena\n            me'\n     577      243 |                      typename YMV::non_const_value_type>::v\n            alue,\n     578          |                      ^~~~~~~~\n  >> 579    /var/tmp/koparasy/spack-stage/spack-stage-kokkos-kernels-3.0.00-geh\n            46sb5jamji2u2uflh4ktiqd4izays/spack-src/src/blas/impl/KokkosBlas1_a",
    "me'\n     577      243 |                      typename YMV::non_const_value_type>::v\n            alue,\n     578          |                      ^~~~~~~~\n  >> 579    /var/tmp/koparasy/spack-stage/spack-stage-kokkos-kernels-3.0.00-geh\n            46sb5jamji2u2uflh4ktiqd4izays/spack-src/src/blas/impl/KokkosBlas1_a\nxpby_spec.hpp:242:67: error: expected ')' before 'typename'\n     580      242 |     static_assert (Kokkos::Impl::is_same<typename YMV::valu\n            e_type,\n     581          |                   ~\n                   ^\n     582          |\n                   )",
    "xpby_spec.hpp: In static member function 'static void KokkosBlas::I\n            mpl::Axpby<typename XV::non_const_value_type, XV, typename YV::non_\n            const_value_type, YV, 1, false, true>::axpby(const AV&, const XV&,\n            const BV&, const YV&)':\n  >> 586    /var/tmp/koparasy/spack-stage/spack-stage-kokkos-kernels-3.0.00-geh\n            46sb5jamji2u2uflh4ktiqd4izays/spack-src/src/blas/impl/KokkosBlas1_a\nxpby_spec.hpp:335:34: error: 'is_same' is not a member of 'Kokkos::\n            Impl'; did you mean 'is_space'?\n     587      335 |     static_assert (Kokkos::Impl::is_same<typename YV::value\n            _type,\n     588          |                                  ^~~~~~~\n     589          |                                  is_space\n  >> 590    /var/tmp/koparasy/spack-stage/spack-stage-kokkos-kernels-3.0.00-geh",
    "587      335 |     static_assert (Kokkos::Impl::is_same<typename YV::value\n            _type,\n     588          |                                  ^~~~~~~\n     589          |                                  is_space\n  >> 590    /var/tmp/koparasy/spack-stage/spack-stage-kokkos-kernels-3.0.00-geh\n            46sb5jamji2u2uflh4ktiqd4izays/spack-src/src/blas/impl/KokkosBlas1_a\nxpby_spec.hpp:335:65: error: expected '(' before ',' token\n     591      335 |     static_assert (Kokkos::Impl::is_same<typename YV::value\n            _type,\n     592          |\n                 ^\n     593          |\n                 (",
    "592          |\n                 ^\n     593          |\n                 (\n  >> 594    /var/tmp/koparasy/spack-stage/spack-stage-kokkos-kernels-3.0.00-geh\n            46sb5jamji2u2uflh4ktiqd4izays/spack-src/src/blas/impl/KokkosBlas1_a\nxpby_spec.hpp:336:22: error: expected string-literal before 'typena\n            me'\n     595      336 |                      typename YV::non_const_value_type>::va\n            lue,\n     596          |                      ^~~~~~~~\n  >> 597    /var/tmp/koparasy/spack-stage/spack-stage-kokkos-kernels-3.0.00-geh\n            46sb5jamji2u2uflh4ktiqd4izays/spack-src/src/blas/impl/KokkosBlas1_a",
    "me'\n     595      336 |                      typename YV::non_const_value_type>::va\n            lue,\n     596          |                      ^~~~~~~~\n  >> 597    /var/tmp/koparasy/spack-stage/spack-stage-kokkos-kernels-3.0.00-geh\n            46sb5jamji2u2uflh4ktiqd4izays/spack-src/src/blas/impl/KokkosBlas1_a\nxpby_spec.hpp:335:66: error: expected ')' before 'typename'\n     598      335 |     static_assert (Kokkos::Impl::is_same<typename YV::value\n            _type,\n     599          |                   ~\n                  ^\n     600          |\n                  )",
    "46sb5jamji2u2uflh4ktiqd4izays/spack-src/src/blas/impl/KokkosBlas1_d\n            ot_mv_impl.hpp: In constructor 'KokkosBlas::Impl::MV_V_Dot_Functor<\n            RV, XMV, YV, SizeType>::MV_V_Dot_Functor(const RV&, const XMV&, con\n            st YV&, bool)':\n  >> 609    /var/tmp/koparasy/spack-stage/spack-stage-kokkos-kernels-3.0.00-geh\n            46sb5jamji2u2uflh4ktiqd4izays/spack-src/src/blas/impl/KokkosBlas1_d\not_mv_impl.hpp:103:34: error: 'is_same' is not a member of 'Kokkos:\n            :Impl'; did you mean 'is_space'?\n     610      103 |     static_assert (Kokkos::Impl::is_same<typename RV::value\n            _type,\n     611          |                                  ^~~~~~~\n     612          |                                  is_space\n  >> 613    /var/tmp/koparasy/spack-stage/spack-stage-kokkos-kernels-3.0.00-geh",
    "610      103 |     static_assert (Kokkos::Impl::is_same<typename RV::value\n            _type,\n     611          |                                  ^~~~~~~\n     612          |                                  is_space\n  >> 613    /var/tmp/koparasy/spack-stage/spack-stage-kokkos-kernels-3.0.00-geh\n            46sb5jamji2u2uflh4ktiqd4izays/spack-src/src/blas/impl/KokkosBlas1_d\not_mv_impl.hpp:103:65: error: expected '(' before ',' token\n     614      103 |     static_assert (Kokkos::Impl::is_same<typename RV::value\n            _type,\n     615          |\n                 ^\n     616          |\n                 (",
    "615          |\n                 ^\n     616          |\n                 (\n  >> 617    /var/tmp/koparasy/spack-stage/spack-stage-kokkos-kernels-3.0.00-geh\n            46sb5jamji2u2uflh4ktiqd4izays/spack-src/src/blas/impl/KokkosBlas1_d\not_mv_impl.hpp:104:20: error: expected string-literal before 'typen\n            ame'\n     618      104 |                    typename RV::non_const_value_type>::valu\n            e,\n     619          |                    ^~~~~~~~\n  >> 620    /var/tmp/koparasy/spack-stage/spack-stage-kokkos-kernels-3.0.00-geh\n            46sb5jamji2u2uflh4ktiqd4izays/spack-src/src/blas/impl/KokkosBlas1_d",
    "ame'\n     618      104 |                    typename RV::non_const_value_type>::valu\n            e,\n     619          |                    ^~~~~~~~\n  >> 620    /var/tmp/koparasy/spack-stage/spack-stage-kokkos-kernels-3.0.00-geh\n            46sb5jamji2u2uflh4ktiqd4izays/spack-src/src/blas/impl/KokkosBlas1_d\not_mv_impl.hpp:103:66: error: expected ')' before 'typename'\n     621      103 |     static_assert (Kokkos::Impl::is_same<typename RV::value\n            _type,\n     622          |                   ~\n                  ^\n     623          |\n                  )",
    "46sb5jamji2u2uflh4ktiqd4izays/spack-src/src/blas/impl/KokkosBlas1_d\n            ot_mv_impl.hpp: In constructor 'KokkosBlas::Impl::MV_Dot_Right_Func\n            torVector<RV, XMV, YMV, SizeType>::MV_Dot_Right_FunctorVector(const\n             RV&, const XMV&, const YMV&)':\n  >> 627    /var/tmp/koparasy/spack-stage/spack-stage-kokkos-kernels-3.0.00-geh\n            46sb5jamji2u2uflh4ktiqd4izays/spack-src/src/blas/impl/KokkosBlas1_d\not_mv_impl.hpp:222:34: error: 'is_same' is not a member of 'Kokkos:\n            :Impl'; did you mean 'is_space'?\n     628      222 |     static_assert (Kokkos::Impl::is_same<typename RV::value\n            _type,\n     629          |                                  ^~~~~~~\n     630          |                                  is_space\n  >> 631    /var/tmp/koparasy/spack-stage/spack-stage-kokkos-kernels-3.0.00-geh",
    "628      222 |     static_assert (Kokkos::Impl::is_same<typename RV::value\n            _type,\n     629          |                                  ^~~~~~~\n     630          |                                  is_space\n  >> 631    /var/tmp/koparasy/spack-stage/spack-stage-kokkos-kernels-3.0.00-geh\n            46sb5jamji2u2uflh4ktiqd4izays/spack-src/src/blas/impl/KokkosBlas1_d\not_mv_impl.hpp:222:65: error: expected '(' before ',' token\n     632      222 |     static_assert (Kokkos::Impl::is_same<typename RV::value\n            _type,\n     633          |\n                 ^\n     634          |\n                 (",
    "633          |\n                 ^\n     634          |\n                 (\n  >> 635    /var/tmp/koparasy/spack-stage/spack-stage-kokkos-kernels-3.0.00-geh\n            46sb5jamji2u2uflh4ktiqd4izays/spack-src/src/blas/impl/KokkosBlas1_d\not_mv_impl.hpp:223:20: error: expected string-literal before 'typen\n            ame'\n     636      223 |                    typename RV::non_const_value_type>::valu\n            e,\n     637          |                    ^~~~~~~~\n  >> 638    /var/tmp/koparasy/spack-stage/spack-stage-kokkos-kernels-3.0.00-geh\n            46sb5jamji2u2uflh4ktiqd4izays/spack-src/src/blas/impl/KokkosBlas1_d",
    "ame'\n     636      223 |                    typename RV::non_const_value_type>::valu\n            e,\n     637          |                    ^~~~~~~~\n  >> 638    /var/tmp/koparasy/spack-stage/spack-stage-kokkos-kernels-3.0.00-geh\n            46sb5jamji2u2uflh4ktiqd4izays/spack-src/src/blas/impl/KokkosBlas1_d\not_mv_impl.hpp:222:66: error: expected ')' before 'typename'\n     639      222 |     static_assert (Kokkos::Impl::is_same<typename RV::value\n            _type,\n     640          |                   ~\n                  ^\n     641          |\n                  )",
    "46sb5jamji2u2uflh4ktiqd4izays/spack-src/src/blas/impl/KokkosBlas1_d\n            ot_mv_impl.hpp: In constructor 'KokkosBlas::Impl::MV_Dot_Right_Func\n            torUnroll<RV, XMV, YMV, UNROLL, SizeType>::MV_Dot_Right_FunctorUnro\n            ll(const RV&, const XMV&, const YMV&)':\n  >> 645    /var/tmp/koparasy/spack-stage/spack-stage-kokkos-kernels-3.0.00-geh\n            46sb5jamji2u2uflh4ktiqd4izays/spack-src/src/blas/impl/KokkosBlas1_d\not_mv_impl.hpp:330:34: error: 'is_same' is not a member of 'Kokkos:\n            :Impl'; did you mean 'is_space'?\n     646      330 |     static_assert (Kokkos::Impl::is_same<typename RV::value\n            _type,\n     647          |                                  ^~~~~~~\n     648          |                                  is_space\n  >> 649    /var/tmp/koparasy/spack-stage/spack-stage-kokkos-kernels-3.0.00-geh",
    "646      330 |     static_assert (Kokkos::Impl::is_same<typename RV::value\n            _type,\n     647          |                                  ^~~~~~~\n     648          |                                  is_space\n  >> 649    /var/tmp/koparasy/spack-stage/spack-stage-kokkos-kernels-3.0.00-geh\n            46sb5jamji2u2uflh4ktiqd4izays/spack-src/src/blas/impl/KokkosBlas1_d\not_mv_impl.hpp:330:65: error: expected '(' before ',' token\n     650      330 |     static_assert (Kokkos::Impl::is_same<typename RV::value\n            _type,\n     651          |\n                 ^\n     652          |\n                 (",
    "651          |\n                 ^\n     652          |\n                 (\n  >> 653    /var/tmp/koparasy/spack-stage/spack-stage-kokkos-kernels-3.0.00-geh\n            46sb5jamji2u2uflh4ktiqd4izays/spack-src/src/blas/impl/KokkosBlas1_d\not_mv_impl.hpp:331:20: error: expected string-literal before 'typen\n            ame'\n     654      331 |                    typename RV::non_const_value_type>::valu\n            e,\n     655          |                    ^~~~~~~~\n  >> 656    /var/tmp/koparasy/spack-stage/spack-stage-kokkos-kernels-3.0.00-geh\n            46sb5jamji2u2uflh4ktiqd4izays/spack-src/src/blas/impl/KokkosBlas1_d",
    "ame'\n     654      331 |                    typename RV::non_const_value_type>::valu\n            e,\n     655          |                    ^~~~~~~~\n  >> 656    /var/tmp/koparasy/spack-stage/spack-stage-kokkos-kernels-3.0.00-geh\n            46sb5jamji2u2uflh4ktiqd4izays/spack-src/src/blas/impl/KokkosBlas1_d\not_mv_impl.hpp:330:66: error: expected ')' before 'typename'\n     657      330 |     static_assert (Kokkos::Impl::is_same<typename RV::value\n            _type,\n     658          |                   ~\n                  ^\n     659          |\n                  )",
    ">> 662    make[2]: *** [src/CMakeFiles/kokkoskernels.dir/impl/generated_speci\n            alizations_cpp/dot/KokkosBlas1_dot_eti_spec_inst_dbl_LayoutLeft_Ser\n            ial_HostSpace.cpp.o] Error 1\n     663    make[2]: Leaving directory `/tmp/koparasy/spack-stage/spack-stage-k\n            okkos-kernels-3.0.00-geh46sb5jamji2u2uflh4ktiqd4izays/spack-build-g\n            eh46sb'\n>> 664    make[1]: *** [src/CMakeFiles/kokkoskernels.dir/all] Error 2\n     665    make[1]: Leaving directory `/tmp/koparasy/spack-stage/spack-stage-k\n            okkos-kernels-3.0.00-geh46sb5jamji2u2uflh4ktiqd4izays/spack-build-g\n            eh46sb'\n  >> 666    make: *** [all] Error 2\n\nSee build log for details:",
    "okkos-kernels-3.0.00-geh46sb5jamji2u2uflh4ktiqd4izays/spack-build-g\n            eh46sb'\n  >> 664    make[1]: *** [src/CMakeFiles/kokkoskernels.dir/all] Error 2\n     665    make[1]: Leaving directory `/tmp/koparasy/spack-stage/spack-stage-k\n            okkos-kernels-3.0.00-geh46sb5jamji2u2uflh4ktiqd4izays/spack-build-g\n            eh46sb'\n>> 666    make: *** [all] Error 2\n\nSee build log for details:\n  /var/tmp/koparasy/spack-stage/spack-stage-kokkos-kernels-3.0.00-geh46sb5jamji2u2uflh4ktiqd4izays/spack-build-out.txt\n\nTraceback (most recent call last):\n  File \"/p/vast1/koparasy/BUILD/head/spack/lib/spack/spack/build_environment.py\", line 1035, in _setup_pkg_and_run"
]