[
    "Mipa.a  lib/libLLVMAnalysis.a  lib/libLLVMCore.a  lib/libLLVMSuppo\n             rt.a  -lrt  -ldl  -ltinfo  -lpthread  -lz  -lm && :\n     1336    /p/vast1/koparasy/BUILD/spack_cluster_installer/quartz/archer/spac\n             k_env_dir/linux-rhel7-broadwell/gcc-4.9.3/binutils-2.37-5fyrheiuij\n             7vp6owhgkgazqmm554pxb6/bin/ld: tools/opt/CMakeFiles/opt.dir/opt.cp\n             p.o: in function `main':\n>> 1337    opt.cpp:(.text.startup.main+0x159): undefined reference to `polly:\n             :initializePollyPasses(llvm::PassRegistry&)'\n  >> 1338    collect2: error: ld returned 1 exit status\n     1339    [1035/1167] /p/vast1/koparasy/BUILD/spack/lib/spack/env/gcc/g++ -D\n             _GNU_SOURCE -D__STDC_CONSTANT_MACROS -D__STDC_FORMAT_MACROS -D__ST\n             DC_LIMIT_MACROS -Itools/llc -I/tmp/koparasy/spack-stage/spack-stag\n             e-llvm-3.7.1-ht5qget565wizp4n3nnd2lpr2gnm2syi/spack-src/llvm/tools",
    "1336    /p/vast1/koparasy/BUILD/spack_cluster_installer/quartz/archer/spac\n             k_env_dir/linux-rhel7-broadwell/gcc-4.9.3/binutils-2.37-5fyrheiuij\n             7vp6owhgkgazqmm554pxb6/bin/ld: tools/opt/CMakeFiles/opt.dir/opt.cp\n             p.o: in function `main':\n  >> 1337    opt.cpp:(.text.startup.main+0x159): undefined reference to `polly:\n             :initializePollyPasses(llvm::PassRegistry&)'\n>> 1338    collect2: error: ld returned 1 exit status\n     1339    [1035/1167] /p/vast1/koparasy/BUILD/spack/lib/spack/env/gcc/g++ -D\n             _GNU_SOURCE -D__STDC_CONSTANT_MACROS -D__STDC_FORMAT_MACROS -D__ST\n             DC_LIMIT_MACROS -Itools/llc -I/tmp/koparasy/spack-stage/spack-stag\n             e-llvm-3.7.1-ht5qget565wizp4n3nnd2lpr2gnm2syi/spack-src/llvm/tools\n             /llc -Iinclude -I/tmp/koparasy/spack-stage/spack-stage-llvm-3.7.1-\n             ht5qget565wizp4n3nnd2lpr2gnm2syi/spack-src/llvm/include -std=c++11"
]