[
    "eg-turbo-2.0.4-ni2m5g6mdovrkeyfwmggj3g626w3xfty/lib64 -L/p/vast1/k\n             oparasy/BUILD/spack_cluster_installer/quartz/qt/spack_env_dir/linu\n             x-rhel7-broadwell/gcc-9.3.1/zlib-1.2.11-dtzzlwcy6jw7hjm7z2aip4eyed\n             2rizzu/lib\n     304     > /usr/tce/packages/gcc/gcc-9.3.1/rh/usr/bin/../libexec/gcc/x86_64\n             -redhat-linux/9/ld: main.o: in function `main':\n>> 305     > main.cpp:(.text.startup+0x9): undefined reference to `dlopen'\n  >> 306     > /usr/tce/packages/gcc/gcc-9.3.1/rh/usr/bin/../libexec/gcc/x86_64\n             -redhat-linux/9/ld: main.cpp:(.text.startup+0x11): undefined refer\n             ence to `dlclose'\n  >> 307     > /usr/tce/packages/gcc/gcc-9.3.1/rh/usr/bin/../libexec/gcc/x86_64\n             -redhat-linux/9/ld: main.cpp:(.text.startup+0x1a): undefined refer\n             ence to `dlsym'",
    ">> 307     > /usr/tce/packages/gcc/gcc-9.3.1/rh/usr/bin/../libexec/gcc/x86_64\n             -redhat-linux/9/ld: main.cpp:(.text.startup+0x1a): undefined refer\n             ence to `dlsym'\n  >> 308     > /usr/tce/packages/gcc/gcc-9.3.1/rh/usr/bin/../libexec/gcc/x86_64\n             -redhat-linux/9/ld: main.cpp:(.text.startup+0x1f): undefined refer\n             ence to `dlerror'\n>> 309     > collect2: error: ld returned 1 exit status\n  >> 310     > gmake: *** [libdl] Error 1\n     311      => source failed verification.\n     312     Trying source 1 (type inline) of library libdl ...\n     313     + cd /tmp/koparasy/spack-stage/spack-stage-qt-5.15.2-5glz6sqty37k7\n             4uhxvtseloacyrl3jj2/spack-src/config.tests/libdl && /tmp/koparasy/\n             spack-stage/spack-stage-qt-5.15.2-5glz6sqty37k74uhxvtseloacyrl3jj2",
    "-redhat-linux/9/ld: main.cpp:(.text.startup+0x1a): undefined refer\n             ence to `dlsym'\n  >> 308     > /usr/tce/packages/gcc/gcc-9.3.1/rh/usr/bin/../libexec/gcc/x86_64\n             -redhat-linux/9/ld: main.cpp:(.text.startup+0x1f): undefined refer\n             ence to `dlerror'\n  >> 309     > collect2: error: ld returned 1 exit status\n>> 310     > gmake: *** [libdl] Error 1\n     311      => source failed verification.\n     312     Trying source 1 (type inline) of library libdl ...\n     313     + cd /tmp/koparasy/spack-stage/spack-stage-qt-5.15.2-5glz6sqty37k7\n             4uhxvtseloacyrl3jj2/spack-src/config.tests/libdl && /tmp/koparasy/\n             spack-stage/spack-stage-qt-5.15.2-5glz6sqty37k74uhxvtseloacyrl3jj2\n             /spack-src/qtbase/bin/qmake \"CONFIG -= qt debug_and_release app_bu",
    "r/linux-rhel7-broadwell/gcc-9.3.1/libjpeg-turbo-2.0.4-ni2m5g6mdovr\n             keyfwmggj3g626w3xfty/include -I/p/vast1/koparasy/BUILD/spack_clust\n             er_installer/quartz/qt/spack_env_dir/linux-rhel7-broadwell/gcc-9.3\n             .1/zlib-1.2.11-dtzzlwcy6jw7hjm7z2aip4eyed2rizzu/include -I/tmp/kop\n             arasy/spack-stage/spack-stage-qt-5.15.2-5glz6sqty37k74uhxvtseloacy\n             rl3jj2/spack-src/qtbase/mkspecs/linux-g++ -o main.o main.cpp\n>> 344     > main.cpp:7:8: error: #error Intel CET not available\n     345     >     7 |     #  error Intel CET not available\n     346     >       |        ^~~~~\n  >> 347     > gmake: *** [main.o] Error 1\n  >> 348     test config.qtbase.tests.intelcet FAILED\n     349     Checking for udev...\n     350     Trying source 0 (type pkgConfig) of library libudev ...",
    ".1/zlib-1.2.11-dtzzlwcy6jw7hjm7z2aip4eyed2rizzu/include -I/tmp/kop\n             arasy/spack-stage/spack-stage-qt-5.15.2-5glz6sqty37k74uhxvtseloacy\n             rl3jj2/spack-src/qtbase/mkspecs/linux-g++ -o main.o main.cpp\n  >> 344     > main.cpp:7:8: error: #error Intel CET not available\n     345     >     7 |     #  error Intel CET not available\n     346     >       |        ^~~~~\n>> 347     > gmake: *** [main.o] Error 1\n  >> 348     test config.qtbase.tests.intelcet FAILED\n     349     Checking for udev...\n     350     Trying source 0 (type pkgConfig) of library libudev ...\n     351     + /p/vast1/koparasy/BUILD/spack_cluster_installer/quartz/qt/spack_\n             env_dir/linux-rhel7-broadwell/gcc-9.3.1/pkgconf-1.8.0-lx2o6qois7il\n             xmf3asv43h6r6jtai4uu/bin/pkg-config --exists --silence-errors libu",
    "r/linux-rhel7-broadwell/gcc-9.3.1/libjpeg-turbo-2.0.4-ni2m5g6mdovr\n             keyfwmggj3g626w3xfty/include -I/p/vast1/koparasy/BUILD/spack_clust\n             er_installer/quartz/qt/spack_env_dir/linux-rhel7-broadwell/gcc-9.3\n             .1/zlib-1.2.11-dtzzlwcy6jw7hjm7z2aip4eyed2rizzu/include -I/tmp/kop\n             arasy/spack-stage/spack-stage-qt-5.15.2-5glz6sqty37k74uhxvtseloacy\n             rl3jj2/spack-src/qtbase/mkspecs/linux-g++ -o main.o main.cpp\n>> 452     > main.cpp:2:10: fatal error: zstd.h: No such file or directory\n     453     >     2 | #include <zstd.h>\n     454     >       |          ^~~~~~~~\n     455     > compilation terminated.\n  >> 456     > gmake: *** [main.o] Error 1\n     457      => source failed verification.\n  >> 458     test config.qtbase.libraries.zstd FAILED",
    "arasy/spack-stage/spack-stage-qt-5.15.2-5glz6sqty37k74uhxvtseloacy\n             rl3jj2/spack-src/qtbase/mkspecs/linux-g++ -o main.o main.cpp\n  >> 452     > main.cpp:2:10: fatal error: zstd.h: No such file or directory\n     453     >     2 | #include <zstd.h>\n     454     >       |          ^~~~~~~~\n     455     > compilation terminated.\n>> 456     > gmake: *** [main.o] Error 1\n     457      => source failed verification.\n  >> 458     test config.qtbase.libraries.zstd FAILED\n     459     Checking for clock_gettime()...\n     460     Trying source 0 (type inline) of library librt ...\n     461     + cd /tmp/koparasy/spack-stage/spack-stage-qt-5.15.2-5glz6sqty37k7\n             4uhxvtseloacyrl3jj2/spack-src/config.tests/librt && /tmp/koparasy/",
    "/libjpeg-turbo-2.0.4-ni2m5g6mdovrkeyfwmggj3g626w3xfty/lib64 -L/p/v\n             ast1/koparasy/BUILD/spack_cluster_installer/quartz/qt/spack_env_di\n             r/linux-rhel7-broadwell/gcc-9.3.1/zlib-1.2.11-dtzzlwcy6jw7hjm7z2ai\n             p4eyed2rizzu/lib\n     530     > /usr/tce/packages/gcc/gcc-9.3.1/rh/usr/bin/../libexec/gcc/x86_64\n             -redhat-linux/9/ld: main.o: in function `main':\n>> 531     > main.cpp:(.text.startup+0x10): undefined reference to `libiconv_\n             open'\n  >> 532     > /usr/tce/packages/gcc/gcc-9.3.1/rh/usr/bin/../libexec/gcc/x86_64\n             -redhat-linux/9/ld: main.cpp:(.text.startup+0x2d): undefined refer\n             ence to `libiconv'\n  >> 533     > /usr/tce/packages/gcc/gcc-9.3.1/rh/usr/bin/../libexec/gcc/x86_64\n             -redhat-linux/9/ld: main.cpp:(.text.startup+0x35): undefined refer",
    ">> 532     > /usr/tce/packages/gcc/gcc-9.3.1/rh/usr/bin/../libexec/gcc/x86_64\n             -redhat-linux/9/ld: main.cpp:(.text.startup+0x2d): undefined refer\n             ence to `libiconv'\n  >> 533     > /usr/tce/packages/gcc/gcc-9.3.1/rh/usr/bin/../libexec/gcc/x86_64\n             -redhat-linux/9/ld: main.cpp:(.text.startup+0x35): undefined refer\n             ence to `libiconv_close'\n>> 534     > collect2: error: ld returned 1 exit status\n  >> 535     > gmake: *** [posix_iconv] Error 1\n     536      => source failed verification.\n  >> 537     test config.qtbase_corelib.libraries.posix_iconv FAILED\n     538     Checking for SUN libiconv...\n     539     Trying source 0 (type inline) of library sun_iconv ...\n     540     + cd /tmp/koparasy/spack-stage/spack-stage-qt-5.15.2-5glz6sqty37k7",
    "-redhat-linux/9/ld: main.cpp:(.text.startup+0x2d): undefined refer\n             ence to `libiconv'\n  >> 533     > /usr/tce/packages/gcc/gcc-9.3.1/rh/usr/bin/../libexec/gcc/x86_64\n             -redhat-linux/9/ld: main.cpp:(.text.startup+0x35): undefined refer\n             ence to `libiconv_close'\n  >> 534     > collect2: error: ld returned 1 exit status\n>> 535     > gmake: *** [posix_iconv] Error 1\n     536      => source failed verification.\n  >> 537     test config.qtbase_corelib.libraries.posix_iconv FAILED\n     538     Checking for SUN libiconv...\n     539     Trying source 0 (type inline) of library sun_iconv ...\n     540     + cd /tmp/koparasy/spack-stage/spack-stage-qt-5.15.2-5glz6sqty37k7\n             4uhxvtseloacyrl3jj2/spack-src/config.tests/sun_iconv && /tmp/kopar",
    "keyfwmggj3g626w3xfty/include -I/p/vast1/koparasy/BUILD/spack_clust\n             er_installer/quartz/qt/spack_env_dir/linux-rhel7-broadwell/gcc-9.3\n             .1/zlib-1.2.11-dtzzlwcy6jw7hjm7z2aip4eyed2rizzu/include -I/tmp/kop\n             arasy/spack-stage/spack-stage-qt-5.15.2-5glz6sqty37k74uhxvtseloacy\n             rl3jj2/spack-src/qtbase/mkspecs/linux-g++ -o main.o main.cpp\n     543     > main.cpp: In function 'int main(int, char**)':\n>> 544     > main.cpp:11:14: error: invalid conversion from 'const char**' to\n              'char**' [-fpermissive]\n     545     >    11 |     iconv(x, &inp, &inbytes, &outp, &outbytes);\n     546     >       |              ^~~~\n     547     >       |              |\n     548     >       |              const char**\n     549     > In file included from main.cpp:2:",
    "j6ftqopzyezixvkndosi/include/iconv.h:82:43: note:   initializing a\n             rgument 2 of 'size_t libiconv(libiconv_t, char**, size_t*, char**,\n              size_t*)'\n     551     >    82 | extern size_t iconv (iconv_t cd,  char* * inbuf, size_t\n             *inbytesleft, char* * outbuf, size_t *outbytesleft);\n     552     >       |                                   ~~~~~~~~^~~~~\n>> 553     > gmake: *** [main.o] Error 1\n     554      => source failed verification.\n  >> 555     test config.qtbase_corelib.libraries.sun_iconv FAILED\n     556     Checking for GNU libiconv...\n     557     Trying source 0 (type inline) of library gnu_iconv ...\n     558     + cd /tmp/koparasy/spack-stage/spack-stage-qt-5.15.2-5glz6sqty37k7\n             4uhxvtseloacyrl3jj2/spack-src/config.tests/gnu_iconv && /tmp/kopar",
    "keyfwmggj3g626w3xfty/include -I/p/vast1/koparasy/BUILD/spack_clust\n             er_installer/quartz/qt/spack_env_dir/linux-rhel7-broadwell/gcc-9.3\n             .1/zlib-1.2.11-dtzzlwcy6jw7hjm7z2aip4eyed2rizzu/include -I/tmp/kop\n             arasy/spack-stage/spack-stage-qt-5.15.2-5glz6sqty37k74uhxvtseloacy\n             rl3jj2/spack-src/qtbase/mkspecs/linux-g++ -o main.o main.cpp\n     561     > main.cpp: In function 'int main(int, char**)':\n>> 562     > main.cpp:11:14: error: invalid conversion from 'const char**' to\n              'char**' [-fpermissive]\n     563     >    11 |     iconv(x, &inp, &inbytes, &outp, &outbytes);\n     564     >       |              ^~~~\n     565     >       |              |\n     566     >       |              const char**\n     567     > In file included from main.cpp:2:",
    "j6ftqopzyezixvkndosi/include/iconv.h:82:43: note:   initializing a\n             rgument 2 of 'size_t libiconv(libiconv_t, char**, size_t*, char**,\n              size_t*)'\n     569     >    82 | extern size_t iconv (iconv_t cd,  char* * inbuf, size_t\n             *inbytesleft, char* * outbuf, size_t *outbytesleft);\n     570     >       |                                   ~~~~~~~~^~~~~\n>> 571     > gmake: *** [main.o] Error 1\n     572      => source failed verification.\n  >> 573     test config.qtbase_corelib.libraries.gnu_iconv FAILED\n     574     Checking for ICU...\n     575     Trying source 0 (type inline) of library icu ...\n     576       => source failed condition 'config.win32 && !features.shared'.\n     577     Trying source 1 (type inline) of library icu ...",
    "keyfwmggj3g626w3xfty/include -I/p/vast1/koparasy/BUILD/spack_clust\n             er_installer/quartz/qt/spack_env_dir/linux-rhel7-broadwell/gcc-9.3\n             .1/zlib-1.2.11-dtzzlwcy6jw7hjm7z2aip4eyed2rizzu/include -I/tmp/kop\n             arasy/spack-stage/spack-stage-qt-5.15.2-5glz6sqty37k74uhxvtseloacy\n             rl3jj2/spack-src/qtbase/mkspecs/linux-g++ -o main.o main.cpp\n     636     > main.cpp: In function 'int main(int, char**)':\n>> 637     > main.cpp:11:18: error: aggregate 'main(int, char**)::statx statx\n             buf' has incomplete type and cannot be defined\n     638     >    11 |     struct statx statxbuf;\n     639     >       |                  ^~~~~~~~\n  >> 640     > main.cpp:12:25: error: 'STATX_BASIC_STATS' was not declared in t\n             his scope\n     641     >    12 |     unsigned int mask = STATX_BASIC_STATS;",
    "rl3jj2/spack-src/qtbase/mkspecs/linux-g++ -o main.o main.cpp\n     636     > main.cpp: In function 'int main(int, char**)':\n  >> 637     > main.cpp:11:18: error: aggregate 'main(int, char**)::statx statx\n             buf' has incomplete type and cannot be defined\n     638     >    11 |     struct statx statxbuf;\n     639     >       |                  ^~~~~~~~\n>> 640     > main.cpp:12:25: error: 'STATX_BASIC_STATS' was not declared in t\n             his scope\n     641     >    12 |     unsigned int mask = STATX_BASIC_STATS;\n     642     >       |                         ^~~~~~~~~~~~~~~~~\n  >> 643     > main.cpp:13:32: error: 'AT_STATX_SYNC_AS_STAT' was not declared\n             in this scope\n     644     >    13 |     return statx(AT_FDCWD, \"\", AT_STATX_SYNC_AS_STAT, ma",
    "638     >    11 |     struct statx statxbuf;\n     639     >       |                  ^~~~~~~~\n  >> 640     > main.cpp:12:25: error: 'STATX_BASIC_STATS' was not declared in t\n             his scope\n     641     >    12 |     unsigned int mask = STATX_BASIC_STATS;\n     642     >       |                         ^~~~~~~~~~~~~~~~~\n>> 643     > main.cpp:13:32: error: 'AT_STATX_SYNC_AS_STAT' was not declared\n             in this scope\n     644     >    13 |     return statx(AT_FDCWD, \"\", AT_STATX_SYNC_AS_STAT, ma\n             sk, &statxbuf);\n     645     >       |                                ^~~~~~~~~~~~~~~~~~~~~\n  >> 646     > main.cpp:13:70: error: invalid use of incomplete type 'struct ma\n             in(int, char**)::statx'",
    "642     >       |                         ^~~~~~~~~~~~~~~~~\n  >> 643     > main.cpp:13:32: error: 'AT_STATX_SYNC_AS_STAT' was not declared\n             in this scope\n     644     >    13 |     return statx(AT_FDCWD, \"\", AT_STATX_SYNC_AS_STAT, ma\n             sk, &statxbuf);\n     645     >       |                                ^~~~~~~~~~~~~~~~~~~~~\n>> 646     > main.cpp:13:70: error: invalid use of incomplete type 'struct ma\n             in(int, char**)::statx'\n     647     >    13 |     return statx(AT_FDCWD, \"\", AT_STATX_SYNC_AS_STAT, ma\n             sk, &statxbuf);\n     648     >       |\n                          ^\n     649     > main.cpp:11:12: note: forward declaration of 'struct main(int, c",
    "648     >       |\n                          ^\n     649     > main.cpp:11:12: note: forward declaration of 'struct main(int, c\n             har**)::statx'\n     650     >    11 |     struct statx statxbuf;\n     651     >       |            ^~~~~\n>> 652     > gmake: *** [main.o] Error 1\n  >> 653     test config.qtbase_corelib.tests.statx FAILED\n     654     Checking for 64 bit atomics...\n     655     Trying source 0 (type inline) of library libatomic ...\n     656     + cd /tmp/koparasy/spack-stage/spack-stage-qt-5.15.2-5glz6sqty37k7\n             4uhxvtseloacyrl3jj2/spack-src/config.tests/libatomic && /tmp/kopar\n             asy/spack-stage/spack-stage-qt-5.15.2-5glz6sqty37k74uhxvtseloacyrl",
    "keyfwmggj3g626w3xfty/include -I/p/vast1/koparasy/BUILD/spack_clust\n             er_installer/quartz/qt/spack_env_dir/linux-rhel7-broadwell/gcc-9.3\n             .1/zlib-1.2.11-dtzzlwcy6jw7hjm7z2aip4eyed2rizzu/include -I/tmp/kop\n             arasy/spack-stage/spack-stage-qt-5.15.2-5glz6sqty37k74uhxvtseloacy\n             rl3jj2/spack-src/qtbase/mkspecs/linux-g++ -o main.o main.cpp\n     986     > In file included from main.cpp:5:\n>> 987     > /usr/include/xf86drmMode.h:43:10: fatal error: drm.h: No such fi\n             le or directory\n     988     >    43 | #include <drm.h>\n     989     >       |          ^~~~~~~\n     990     > compilation terminated.\n  >> 991     > gmake: *** [main.o] Error 1\n     992      => source failed verification.",
    "986     > In file included from main.cpp:5:\n  >> 987     > /usr/include/xf86drmMode.h:43:10: fatal error: drm.h: No such fi\n             le or directory\n     988     >    43 | #include <drm.h>\n     989     >       |          ^~~~~~~\n     990     > compilation terminated.\n>> 991     > gmake: *** [main.o] Error 1\n     992      => source failed verification.\n     993     Trying source 2 (type inline) of library drm ...\n     994       => source failed condition 'config.integrity'.\n  >> 995     test config.qtbase_gui.libraries.drm FAILED\n     996     Checking for OpenVG...\n     997     Trying source 0 (type pkgConfig) of library openvg ...",
    "r/linux-rhel7-broadwell/gcc-9.3.1/libjpeg-turbo-2.0.4-ni2m5g6mdovr\n             keyfwmggj3g626w3xfty/include -I/p/vast1/koparasy/BUILD/spack_clust\n             er_installer/quartz/qt/spack_env_dir/linux-rhel7-broadwell/gcc-9.3\n             .1/zlib-1.2.11-dtzzlwcy6jw7hjm7z2aip4eyed2rizzu/include -I/tmp/kop\n             arasy/spack-stage/spack-stage-qt-5.15.2-5glz6sqty37k74uhxvtseloacy\n             rl3jj2/spack-src/qtbase/mkspecs/linux-g++ -o main.o main.cpp\n>> 1076    > main.cpp:4:4: error: #error This version of harfbuzz is too old.\n     1077    >     4 | #  error This version of harfbuzz is too old.\n     1078    >       |    ^~~~~\n  >> 1079    > gmake: *** [main.o] Error 1\n     1080     => source failed verification.\n  >> 1081    test config.qtbase_gui.libraries.harfbuzz FAILED\n     1082    Checking for libjpeg...",
    ".1/zlib-1.2.11-dtzzlwcy6jw7hjm7z2aip4eyed2rizzu/include -I/tmp/kop\n             arasy/spack-stage/spack-stage-qt-5.15.2-5glz6sqty37k74uhxvtseloacy\n             rl3jj2/spack-src/qtbase/mkspecs/linux-g++ -o main.o main.cpp\n  >> 1076    > main.cpp:4:4: error: #error This version of harfbuzz is too old.\n     1077    >     4 | #  error This version of harfbuzz is too old.\n     1078    >       |    ^~~~~\n>> 1079    > gmake: *** [main.o] Error 1\n     1080     => source failed verification.\n  >> 1081    test config.qtbase_gui.libraries.harfbuzz FAILED\n     1082    Checking for libjpeg...\n     1083    Trying source 0 (type pkgConfig) of library libjpeg ...\n     1084    + /p/vast1/koparasy/BUILD/spack_cluster_installer/quartz/qt/spack_\n             env_dir/linux-rhel7-broadwell/gcc-9.3.1/pkgconf-1.8.0-lx2o6qois7il",
    "r/linux-rhel7-broadwell/gcc-9.3.1/libjpeg-turbo-2.0.4-ni2m5g6mdovr\n             keyfwmggj3g626w3xfty/include -I/p/vast1/koparasy/BUILD/spack_clust\n             er_installer/quartz/qt/spack_env_dir/linux-rhel7-broadwell/gcc-9.3\n             .1/zlib-1.2.11-dtzzlwcy6jw7hjm7z2aip4eyed2rizzu/include -I/tmp/kop\n             arasy/spack-stage/spack-stage-qt-5.15.2-5glz6sqty37k74uhxvtseloacy\n             rl3jj2/spack-src/qtbase/mkspecs/linux-g++ -o main.o main.cpp\n>> 1311    > main.cpp:2:10: fatal error: windows.h: No such file or directory\n     1312    >     2 | #include <windows.h>\n     1313    >       |          ^~~~~~~~~~~\n     1314    > compilation terminated.\n  >> 1315    > gmake: *** [main.o] Error 1\n  >> 1316    test config.qtserialport_serialport.tests.ntddmodm FAILED\n     1317    Checking for Socket CAN...",
    "arasy/spack-stage/spack-stage-qt-5.15.2-5glz6sqty37k74uhxvtseloacy\n             rl3jj2/spack-src/qtbase/mkspecs/linux-g++ -o main.o main.cpp\n  >> 1311    > main.cpp:2:10: fatal error: windows.h: No such file or directory\n     1312    >     2 | #include <windows.h>\n     1313    >       |          ^~~~~~~~~~~\n     1314    > compilation terminated.\n>> 1315    > gmake: *** [main.o] Error 1\n  >> 1316    test config.qtserialport_serialport.tests.ntddmodm FAILED\n     1317    Checking for Socket CAN...\n     1318    + cd /tmp/koparasy/spack-stage/spack-stage-qt-5.15.2-5glz6sqty37k7\n             4uhxvtseloacyrl3jj2/spack-src/config.tests/socketcan && /tmp/kopar\n             asy/spack-stage/spack-stage-qt-5.15.2-5glz6sqty37k74uhxvtseloacyrl\n             3jj2/spack-src/qtbase/bin/qmake \"CONFIG -= qt debug_and_release ap",
    "spack-stage/spack-stage-qt-5.15.2-5glz6sqty37k74uhxvtseloacyrl3jj2\n             /spack-src/qtbase/mkspecs/linux-g++ -o d3d12.o /tmp/koparasy/spack\n             -stage/spack-stage-qt-5.15.2-5glz6sqty37k74uhxvtseloacyrl3jj2/spac\n             k-src/qtdeclarative/config.tests/d3d12/d3d12.cpp\n  >> 1391    > /tmp/koparasy/spack-stage/spack-stage-qt-5.15.2-5glz6sqty37k74uh\n             xvtseloacyrl3jj2/spack-src/qtdeclarative/config.tests/d3d12/d3d12.\ncpp:40:10: fatal error: d3d12.h: No such file or directory\n     1392    >    40 | #include <d3d12.h>\n     1393    >       |          ^~~~~~~~~\n     1394    > compilation terminated.\n  >> 1395    > gmake: *** [d3d12.o] Error 1\n  >> 1396    test config.qtdeclarative_quick.tests.d3d12 FAILED\n     1397    Checking for SDL2...",
    ">> 1391    > /tmp/koparasy/spack-stage/spack-stage-qt-5.15.2-5glz6sqty37k74uh\n             xvtseloacyrl3jj2/spack-src/qtdeclarative/config.tests/d3d12/d3d12.\n             cpp:40:10: fatal error: d3d12.h: No such file or directory\n     1392    >    40 | #include <d3d12.h>\n     1393    >       |          ^~~~~~~~~\n     1394    > compilation terminated.\n>> 1395    > gmake: *** [d3d12.o] Error 1\n  >> 1396    test config.qtdeclarative_quick.tests.d3d12 FAILED\n     1397    Checking for SDL2...\n     1398    Trying source 0 (type pkgConfig) of library sdl2 ...\n     1399    + /p/vast1/koparasy/BUILD/spack_cluster_installer/quartz/qt/spack_\n             env_dir/linux-rhel7-broadwell/gcc-9.3.1/pkgconf-1.8.0-lx2o6qois7il\n             xmf3asv43h6r6jtai4uu/bin/pkg-config --exists --silence-errors sdl2",
    "stage/spack-stage-qt-5.15.2-5glz6sqty37k74uhxvtseloacyrl3jj2/spack\n             -src/qtbase/mkspecs/linux-g++ -o main.o /tmp/koparasy/spack-stage/\n             spack-stage-qt-5.15.2-5glz6sqty37k74uhxvtseloacyrl3jj2/spack-src/q\n             tgamepad/config.tests/sdl/main.cpp\n  >> 1410    > /tmp/koparasy/spack-stage/spack-stage-qt-5.15.2-5glz6sqty37k74uh\n             xvtseloacyrl3jj2/spack-src/qtgamepad/config.tests/sdl/main.cpp:37:\n10: fatal error: SDL.h: No such file or directory\n     1411    >    37 | #include <SDL.h>\n     1412    >       |          ^~~~~~~\n     1413    > compilation terminated.\n  >> 1414    > gmake: *** [main.o] Error 1\n     1415     => source failed verification.\n  >> 1416    test config.qtgamepad_gamepad.libraries.sdl2 FAILED",
    ">> 1410    > /tmp/koparasy/spack-stage/spack-stage-qt-5.15.2-5glz6sqty37k74uh\n             xvtseloacyrl3jj2/spack-src/qtgamepad/config.tests/sdl/main.cpp:37:\n             10: fatal error: SDL.h: No such file or directory\n     1411    >    37 | #include <SDL.h>\n     1412    >       |          ^~~~~~~\n     1413    > compilation terminated.\n>> 1414    > gmake: *** [main.o] Error 1\n     1415     => source failed verification.\n  >> 1416    test config.qtgamepad_gamepad.libraries.sdl2 FAILED\n     1417    Checking for BlueZ...\n     1418    Trying source 0 (type pkgConfig) of library bluez ...\n     1419    + /p/vast1/koparasy/BUILD/spack_cluster_installer/quartz/qt/spack_\n             env_dir/linux-rhel7-broadwell/gcc-9.3.1/pkgconf-1.8.0-lx2o6qois7il",
    "r/linux-rhel7-broadwell/gcc-9.3.1/libjpeg-turbo-2.0.4-ni2m5g6mdovr\n             keyfwmggj3g626w3xfty/include -I/p/vast1/koparasy/BUILD/spack_clust\n             er_installer/quartz/qt/spack_env_dir/linux-rhel7-broadwell/gcc-9.3\n             .1/zlib-1.2.11-dtzzlwcy6jw7hjm7z2aip4eyed2rizzu/include -I/tmp/kop\n             arasy/spack-stage/spack-stage-qt-5.15.2-5glz6sqty37k74uhxvtseloacy\n             rl3jj2/spack-src/qtbase/mkspecs/linux-g++ -o main.o main.cpp\n>> 1440    > main.cpp:2:10: fatal error: flite/flite.h: No such file or direc\n             tory\n     1441    >     2 | #include <flite/flite.h>\n     1442    >       |          ^~~~~~~~~~~~~~~\n     1443    > compilation terminated.\n  >> 1444    > gmake: *** [main.o] Error 1\n     1445     => source failed verification.",
    "rl3jj2/spack-src/qtbase/mkspecs/linux-g++ -o main.o main.cpp\n  >> 1440    > main.cpp:2:10: fatal error: flite/flite.h: No such file or direc\n             tory\n     1441    >     2 | #include <flite/flite.h>\n     1442    >       |          ^~~~~~~~~~~~~~~\n     1443    > compilation terminated.\n>> 1444    > gmake: *** [main.o] Error 1\n     1445     => source failed verification.\n  >> 1446    test config.qtspeech_tts.libraries.flite FAILED\n     1447    Checking for Speech Dispatcher...\n     1448    Trying source 0 (type pkgConfig) of library speechd ...\n     1449    + /p/vast1/koparasy/BUILD/spack_cluster_installer/quartz/qt/spack_\n             env_dir/linux-rhel7-broadwell/gcc-9.3.1/pkgconf-1.8.0-lx2o6qois7il",
    "r/linux-rhel7-broadwell/gcc-9.3.1/libjpeg-turbo-2.0.4-ni2m5g6mdovr\n             keyfwmggj3g626w3xfty/include -I/p/vast1/koparasy/BUILD/spack_clust\n             er_installer/quartz/qt/spack_env_dir/linux-rhel7-broadwell/gcc-9.3\n             .1/zlib-1.2.11-dtzzlwcy6jw7hjm7z2aip4eyed2rizzu/include -I/tmp/kop\n             arasy/spack-stage/spack-stage-qt-5.15.2-5glz6sqty37k74uhxvtseloacy\n             rl3jj2/spack-src/qtbase/mkspecs/linux-g++ -o main.o main.cpp\n>> 1456    > main.cpp:2:10: fatal error: libspeechd.h: No such file or direct\n             ory\n     1457    >     2 | #include <libspeechd.h>\n     1458    >       |          ^~~~~~~~~~~~~~\n     1459    > compilation terminated.\n  >> 1460    > gmake: *** [main.o] Error 1\n     1461     => source failed verification.",
    "rl3jj2/spack-src/qtbase/mkspecs/linux-g++ -o main.o main.cpp\n  >> 1456    > main.cpp:2:10: fatal error: libspeechd.h: No such file or direct\n             ory\n     1457    >     2 | #include <libspeechd.h>\n     1458    >       |          ^~~~~~~~~~~~~~\n     1459    > compilation terminated.\n>> 1460    > gmake: *** [main.o] Error 1\n     1461     => source failed verification.\n  >> 1462    test config.qtspeech_tts.libraries.speechd FAILED\n     1463    Checking for libclang...\n     1464    Cannot determine version of clang installation in /spack-disable-l\n             lvm.\n  >> 1465    test config.qttools_qdoc.tests.libclang FAILED"
]