[
    "adding :adding/   libpthread.so.0symbolsDSOsymbols:::   errorDSO  m\n            issingmissing DSO  adding fromfrommissing    symbolsfromcommandcomm\n            and:    commandlineDSOline\n     136\n     137    missingline\n     138    from command line\n>> 139    collect2: error: ld returned 1 exit status\n  >> 140    collect2: error: ld returned 1 exit status\n  >> 141    collect2: error: ld returned 1 exit status\n  >> 142    collect2: error: ld returned 1 exit status\n  >> 143    make[2]: *** [kv/tests/02_put_get/kv.test02_put_get] Error 1\n  >> 144    make[2]: make[2]: *** [kv/tests/03_barrier/kv.test03_barrier] Error\n             1",
    "issingmissing DSO  adding fromfrommissing    symbolsfromcommandcomm\n            and:    commandlineDSOline\n     136\n     137    missingline\n     138    from command line\n  >> 139    collect2: error: ld returned 1 exit status\n>> 140    collect2: error: ld returned 1 exit status\n  >> 141    collect2: error: ld returned 1 exit status\n  >> 142    collect2: error: ld returned 1 exit status\n  >> 143    make[2]: *** [kv/tests/02_put_get/kv.test02_put_get] Error 1\n  >> 144    make[2]: make[2]: *** [kv/tests/03_barrier/kv.test03_barrier] Error\n             1\n     145    *** [kv/tests/04_delete/kv.test04_delete] Error 1",
    "and:    commandlineDSOline\n     136\n     137    missingline\n     138    from command line\n  >> 139    collect2: error: ld returned 1 exit status\n  >> 140    collect2: error: ld returned 1 exit status\n>> 141    collect2: error: ld returned 1 exit status\n  >> 142    collect2: error: ld returned 1 exit status\n  >> 143    make[2]: *** [kv/tests/02_put_get/kv.test02_put_get] Error 1\n  >> 144    make[2]: make[2]: *** [kv/tests/03_barrier/kv.test03_barrier] Error\n             1\n     145    *** [kv/tests/04_delete/kv.test04_delete] Error 1\n  >> 146    make[2]: *** [kv/tests/01_open_close/kv.test01_open_close] Error 1",
    "136\n     137    missingline\n     138    from command line\n  >> 139    collect2: error: ld returned 1 exit status\n  >> 140    collect2: error: ld returned 1 exit status\n  >> 141    collect2: error: ld returned 1 exit status\n>> 142    collect2: error: ld returned 1 exit status\n  >> 143    make[2]: *** [kv/tests/02_put_get/kv.test02_put_get] Error 1\n  >> 144    make[2]: make[2]: *** [kv/tests/03_barrier/kv.test03_barrier] Error\n             1\n     145    *** [kv/tests/04_delete/kv.test04_delete] Error 1\n  >> 146    make[2]: *** [kv/tests/01_open_close/kv.test01_open_close] Error 1\n     147    make[2]: Leaving directory `/tmp/koparasy/spack-stage/spack-stage-p",
    "137    missingline\n     138    from command line\n  >> 139    collect2: error: ld returned 1 exit status\n  >> 140    collect2: error: ld returned 1 exit status\n  >> 141    collect2: error: ld returned 1 exit status\n  >> 142    collect2: error: ld returned 1 exit status\n>> 143    make[2]: *** [kv/tests/02_put_get/kv.test02_put_get] Error 1\n  >> 144    make[2]: make[2]: *** [kv/tests/03_barrier/kv.test03_barrier] Error\n             1\n     145    *** [kv/tests/04_delete/kv.test04_delete] Error 1\n  >> 146    make[2]: *** [kv/tests/01_open_close/kv.test01_open_close] Error 1\n     147    make[2]: Leaving directory `/tmp/koparasy/spack-stage/spack-stage-p\n            apyrus-1.0.0-5kftoktpcl77wgxjxqefqymoihh6zmz3/spack-build-5kftokt'",
    "138    from command line\n  >> 139    collect2: error: ld returned 1 exit status\n  >> 140    collect2: error: ld returned 1 exit status\n  >> 141    collect2: error: ld returned 1 exit status\n  >> 142    collect2: error: ld returned 1 exit status\n  >> 143    make[2]: *** [kv/tests/02_put_get/kv.test02_put_get] Error 1\n>> 144    make[2]: make[2]: *** [kv/tests/03_barrier/kv.test03_barrier] Error\n             1\n     145    *** [kv/tests/04_delete/kv.test04_delete] Error 1\n  >> 146    make[2]: *** [kv/tests/01_open_close/kv.test01_open_close] Error 1\n     147    make[2]: Leaving directory `/tmp/koparasy/spack-stage/spack-stage-p\n            apyrus-1.0.0-5kftoktpcl77wgxjxqefqymoihh6zmz3/spack-build-5kftokt'\n     148    make[2]: Leaving directory `/tmp/koparasy/spack-stage/spack-stage-p",
    ">> 141    collect2: error: ld returned 1 exit status\n  >> 142    collect2: error: ld returned 1 exit status\n  >> 143    make[2]: *** [kv/tests/02_put_get/kv.test02_put_get] Error 1\n  >> 144    make[2]: make[2]: *** [kv/tests/03_barrier/kv.test03_barrier] Error\n             1\n     145    *** [kv/tests/04_delete/kv.test04_delete] Error 1\n>> 146    make[2]: *** [kv/tests/01_open_close/kv.test01_open_close] Error 1\n     147    make[2]: Leaving directory `/tmp/koparasy/spack-stage/spack-stage-p\n            apyrus-1.0.0-5kftoktpcl77wgxjxqefqymoihh6zmz3/spack-build-5kftokt'\n     148    make[2]: Leaving directory `/tmp/koparasy/spack-stage/spack-stage-p\n            apyrus-1.0.0-5kftoktpcl77wgxjxqefqymoihh6zmz3/spack-build-5kftokt'\n     149    make[2]: Leaving directory `/tmp/koparasy/spack-stage/spack-stage-p\n            apyrus-1.0.0-5kftoktpcl77wgxjxqefqymoihh6zmz3/spack-build-5kftokt'",
    ">> 154    make[1]: *** [kv/tests/03_barrier/CMakeFiles/kv.test03_barrier.dir/\n            all] Error 2\n  >> 155    make[1]: *** [kv/tests/04_delete/CMakeFiles/kv.test04_delete.dir/al\n            l] Error 2\n     156    make[1]: Leaving directory `/tmp/koparasy/spack-stage/spack-stage-p\n            apyrus-1.0.0-5kftoktpcl77wgxjxqefqymoihh6zmz3/spack-build-5kftokt'\n>> 157    make: *** [all] Error 2\n\nSee build log for details:\n  /var/tmp/koparasy/spack-stage/spack-stage-papyrus-1.0.0-5kftoktpcl77wgxjxqefqymoihh6zmz3/spack-build-out.txt\n\nTraceback (most recent call last):\n  File \"/p/vast1/koparasy/BUILD/head/spack/lib/spack/spack/build_environment.py\", line 1035, in _setup_pkg_and_run"
]