[
    "array.hpp:9,\n     129                     from /var/tmp/koparasy/spack-stage/spack-stage-ome\n            ga-h-9.19.1-h5ofxobp5azlqsmgndyu3jaoenmbltte/spack-src/src/Omega_h_\n            array.cpp:1:\n  >> 130    /p/vast1/koparasy/BUILD/spack_cluster_installer/quartz/omega-h/spac\n            k_env_dir/linux-rhel7-broadwell/gcc-9.3.1/trilinos-12.18.1-iprn4k6z\n2zhbhjsqcwjvjmyqz4qjzdmg/include/impl/Kokkos_EBO.hpp:157:12: error:\n             'constexpr const T& Kokkos::Impl::EBOBaseImpl<T, true, CtorNotOnDe\n            vice>::_ebo_data_member() const &' cannot be overloaded with 'const\n            expr T& Kokkos::Impl::EBOBaseImpl<T, true, CtorNotOnDevice>::_ebo_d\n            ata_member() const &'\n     131      157 |   T const& _ebo_data_member() const & {\n     132          |            ^~~~~~~~~~~~~~~~",
    "revious declaration 'constexpr T& Kokkos::Impl::EBOBaseImpl<T, true\n            , CtorNotOnDevice>::_ebo_data_member() const &'\n     134      151 |   T& _ebo_data_member() & {\n     135          |      ^~~~~~~~~~~~~~~~\n  >> 136    /p/vast1/koparasy/BUILD/spack_cluster_installer/quartz/omega-h/spac\n            k_env_dir/linux-rhel7-broadwell/gcc-9.3.1/trilinos-12.18.1-iprn4k6z\n2zhbhjsqcwjvjmyqz4qjzdmg/include/impl/Kokkos_EBO.hpp:293:12: error:\n             'constexpr const T& Kokkos::Impl::StandardLayoutNoUniqueAddressMem\n            berEmulation<T, CtorsNotOnDevice>::no_unique_address_data_member()\n            const &' cannot be overloaded with 'constexpr T& Kokkos::Impl::Stan\n            dardLayoutNoUniqueAddressMemberEmulation<T, CtorsNotOnDevice>::no_u\n            nique_address_data_member() const &'\n     137      293 |   T const& no_unique_address_data_member() const & {",
    "array_ops.hpp:6,\n     153                     from /var/tmp/koparasy/spack-stage/spack-stage-ome\n            ga-h-9.19.1-h5ofxobp5azlqsmgndyu3jaoenmbltte/spack-src/src/Omega_h_\n            array_ops.cpp:1:\n  >> 154    /p/vast1/koparasy/BUILD/spack_cluster_installer/quartz/omega-h/spac\n            k_env_dir/linux-rhel7-broadwell/gcc-9.3.1/trilinos-12.18.1-iprn4k6z\n2zhbhjsqcwjvjmyqz4qjzdmg/include/impl/Kokkos_EBO.hpp:157:12: error:\n             'constexpr const T& Kokkos::Impl::EBOBaseImpl<T, true, CtorNotOnDe\n            vice>::_ebo_data_member() const &' cannot be overloaded with 'const\n            expr T& Kokkos::Impl::EBOBaseImpl<T, true, CtorNotOnDevice>::_ebo_d\n            ata_member() const &'\n     155      157 |   T const& _ebo_data_member() const & {\n     156          |            ^~~~~~~~~~~~~~~~",
    "revious declaration 'constexpr T& Kokkos::Impl::EBOBaseImpl<T, true\n            , CtorNotOnDevice>::_ebo_data_member() const &'\n     158      151 |   T& _ebo_data_member() & {\n     159          |      ^~~~~~~~~~~~~~~~\n  >> 160    /p/vast1/koparasy/BUILD/spack_cluster_installer/quartz/omega-h/spac\n            k_env_dir/linux-rhel7-broadwell/gcc-9.3.1/trilinos-12.18.1-iprn4k6z\n2zhbhjsqcwjvjmyqz4qjzdmg/include/impl/Kokkos_EBO.hpp:293:12: error:\n             'constexpr const T& Kokkos::Impl::StandardLayoutNoUniqueAddressMem\n            berEmulation<T, CtorsNotOnDevice>::no_unique_address_data_member()\n            const &' cannot be overloaded with 'constexpr T& Kokkos::Impl::Stan\n            dardLayoutNoUniqueAddressMemberEmulation<T, CtorsNotOnDevice>::no_u\n            nique_address_data_member() const &'\n     161      293 |   T const& no_unique_address_data_member() const & {",
    "stack.hpp:8,\n     175                     from /var/tmp/koparasy/spack-stage/spack-stage-ome\n            ga-h-9.19.1-h5ofxobp5azlqsmgndyu3jaoenmbltte/spack-src/src/Omega_h_\n            library.cpp:2:\n  >> 176    /p/vast1/koparasy/BUILD/spack_cluster_installer/quartz/omega-h/spac\n            k_env_dir/linux-rhel7-broadwell/gcc-9.3.1/trilinos-12.18.1-iprn4k6z\n2zhbhjsqcwjvjmyqz4qjzdmg/include/impl/Kokkos_EBO.hpp:157:12: error:\n             'constexpr const T& Kokkos::Impl::EBOBaseImpl<T, true, CtorNotOnDe\n            vice>::_ebo_data_member() const &' cannot be overloaded with 'const\n            expr T& Kokkos::Impl::EBOBaseImpl<T, true, CtorNotOnDevice>::_ebo_d\n            ata_member() const &'\n     177      157 |   T const& _ebo_data_member() const & {\n     178          |            ^~~~~~~~~~~~~~~~",
    "revious declaration 'constexpr T& Kokkos::Impl::EBOBaseImpl<T, true\n            , CtorNotOnDevice>::_ebo_data_member() const &'\n     180      151 |   T& _ebo_data_member() & {\n     181          |      ^~~~~~~~~~~~~~~~\n  >> 182    /p/vast1/koparasy/BUILD/spack_cluster_installer/quartz/omega-h/spac\n            k_env_dir/linux-rhel7-broadwell/gcc-9.3.1/trilinos-12.18.1-iprn4k6z\n2zhbhjsqcwjvjmyqz4qjzdmg/include/impl/Kokkos_EBO.hpp:293:12: error:\n             'constexpr const T& Kokkos::Impl::StandardLayoutNoUniqueAddressMem\n            berEmulation<T, CtorsNotOnDevice>::no_unique_address_data_member()\n            const &' cannot be overloaded with 'constexpr T& Kokkos::Impl::Stan\n            dardLayoutNoUniqueAddressMemberEmulation<T, CtorsNotOnDevice>::no_u\n            nique_address_data_member() const &'\n     183      293 |   T const& no_unique_address_data_member() const & {",
    "antiation of 'Omega_h::promoted_t<T> Omega_h::get_sum(Omega_h::Read\n            <T>) [with T = signed char; Omega_h::promoted_t<T> = int]':\n     278    /var/tmp/koparasy/spack-stage/spack-stage-omega-h-9.19.1-h5ofxobp5a\n            zlqsmgndyu3jaoenmbltte/spack-src/src/Omega_h_array_ops.cpp:612:1:\n             required from here\n  >> 279    /var/tmp/koparasy/spack-stage/spack-stage-omega-h-9.19.1-h5ofxobp5a\nzlqsmgndyu3jaoenmbltte/spack-src/src/Omega_h_macros.h:45:29: error:\n             base operand of '->' has non-pointer type 'Omega_h::get_sum(Omega_\n            h::Read<T>) [with T = signed char; Omega_h::promoted_t<T> = int]::<\n            lambda(signed char)>'\n     280       45 | #define OMEGA_H_LAMBDA(...) [=](__VA_ARGS__) __attribute__(\n            (always_inline, flatten))\n     281          |                             ^",
    "antiation of 'Omega_h::LO Omega_h::find_last(Omega_h::Read<T>, T) [\n            with T = signed char; Omega_h::LO = int]':\n     286    /var/tmp/koparasy/spack-stage/spack-stage-omega-h-9.19.1-h5ofxobp5a\n            zlqsmgndyu3jaoenmbltte/spack-src/src/Omega_h_array_ops.cpp:612:1:\n             required from here\n  >> 287    /var/tmp/koparasy/spack-stage/spack-stage-omega-h-9.19.1-h5ofxobp5a\nzlqsmgndyu3jaoenmbltte/spack-src/src/Omega_h_macros.h:45:29: error:\n             base operand of '->' has non-pointer type 'Omega_h::find_last(Omeg\n            a_h::Read<T>, T) [with T = signed char; Omega_h::LO = int]::<lambda\n            (Omega_h::LO)>'\n     288       45 | #define OMEGA_H_LAMBDA(...) [=](__VA_ARGS__) __attribute__(\n            (always_inline, flatten))\n     289          |                             ^",
    "antiation of 'Omega_h::promoted_t<T> Omega_h::get_sum(Omega_h::Read\n            <T>) [with T = int; Omega_h::promoted_t<T> = int]':\n     294    /var/tmp/koparasy/spack-stage/spack-stage-omega-h-9.19.1-h5ofxobp5a\n            zlqsmgndyu3jaoenmbltte/spack-src/src/Omega_h_array_ops.cpp:613:1:\n             required from here\n  >> 295    /var/tmp/koparasy/spack-stage/spack-stage-omega-h-9.19.1-h5ofxobp5a\nzlqsmgndyu3jaoenmbltte/spack-src/src/Omega_h_macros.h:45:29: error:\n             base operand of '->' has non-pointer type 'Omega_h::get_sum(Omega_\n            h::Read<T>) [with T = int; Omega_h::promoted_t<T> = int]::<lambda(i\n            nt)>'\n     296       45 | #define OMEGA_H_LAMBDA(...) [=](__VA_ARGS__) __attribute__(\n            (always_inline, flatten))\n     297          |                             ^",
    "antiation of 'Omega_h::LO Omega_h::find_last(Omega_h::Read<T>, T) [\n            with T = int; Omega_h::LO = int]':\n     302    /var/tmp/koparasy/spack-stage/spack-stage-omega-h-9.19.1-h5ofxobp5a\n            zlqsmgndyu3jaoenmbltte/spack-src/src/Omega_h_array_ops.cpp:613:1:\n             required from here\n  >> 303    /var/tmp/koparasy/spack-stage/spack-stage-omega-h-9.19.1-h5ofxobp5a\nzlqsmgndyu3jaoenmbltte/spack-src/src/Omega_h_macros.h:45:29: error:\n             base operand of '->' has non-pointer type 'Omega_h::find_last(Omeg\n            a_h::Read<T>, T) [with T = int; Omega_h::LO = int]::<lambda(Omega_h\n            ::LO)>'\n     304       45 | #define OMEGA_H_LAMBDA(...) [=](__VA_ARGS__) __attribute__(\n            (always_inline, flatten))\n     305          |                             ^",
    "antiation of 'Omega_h::promoted_t<T> Omega_h::get_sum(Omega_h::Read\n            <T>) [with T = long int; Omega_h::promoted_t<T> = long int]':\n     310    /var/tmp/koparasy/spack-stage/spack-stage-omega-h-9.19.1-h5ofxobp5a\n            zlqsmgndyu3jaoenmbltte/spack-src/src/Omega_h_array_ops.cpp:614:1:\n             required from here\n  >> 311    /var/tmp/koparasy/spack-stage/spack-stage-omega-h-9.19.1-h5ofxobp5a\nzlqsmgndyu3jaoenmbltte/spack-src/src/Omega_h_macros.h:45:29: error:\n             base operand of '->' has non-pointer type 'Omega_h::get_sum(Omega_\n            h::Read<T>) [with T = long int; Omega_h::promoted_t<T> = long int]:\n            :<lambda(long int)>'\n     312       45 | #define OMEGA_H_LAMBDA(...) [=](__VA_ARGS__) __attribute__(\n            (always_inline, flatten))\n     313          |                             ^",
    "antiation of 'Omega_h::LO Omega_h::find_last(Omega_h::Read<T>, T) [\n            with T = long int; Omega_h::LO = int]':\n     318    /var/tmp/koparasy/spack-stage/spack-stage-omega-h-9.19.1-h5ofxobp5a\n            zlqsmgndyu3jaoenmbltte/spack-src/src/Omega_h_array_ops.cpp:614:1:\n             required from here\n  >> 319    /var/tmp/koparasy/spack-stage/spack-stage-omega-h-9.19.1-h5ofxobp5a\nzlqsmgndyu3jaoenmbltte/spack-src/src/Omega_h_macros.h:45:29: error:\n             base operand of '->' has non-pointer type 'Omega_h::find_last(Omeg\n            a_h::Read<T>, T) [with T = long int; Omega_h::LO = int]::<lambda(Om\n            ega_h::LO)>'\n     320       45 | #define OMEGA_H_LAMBDA(...) [=](__VA_ARGS__) __attribute__(\n            (always_inline, flatten))\n     321          |                             ^",
    "antiation of 'Omega_h::promoted_t<T> Omega_h::get_sum(Omega_h::Read\n            <T>) [with T = double; Omega_h::promoted_t<T> = double]':\n     326    /var/tmp/koparasy/spack-stage/spack-stage-omega-h-9.19.1-h5ofxobp5a\n            zlqsmgndyu3jaoenmbltte/spack-src/src/Omega_h_array_ops.cpp:615:1:\n             required from here\n  >> 327    /var/tmp/koparasy/spack-stage/spack-stage-omega-h-9.19.1-h5ofxobp5a\nzlqsmgndyu3jaoenmbltte/spack-src/src/Omega_h_macros.h:45:29: error:\n             base operand of '->' has non-pointer type 'Omega_h::get_sum(Omega_\n            h::Read<T>) [with T = double; Omega_h::promoted_t<T> = double]::<la\n            mbda(double)>'\n     328       45 | #define OMEGA_H_LAMBDA(...) [=](__VA_ARGS__) __attribute__(\n            (always_inline, flatten))\n     329          |                             ^",
    "antiation of 'Omega_h::LO Omega_h::find_last(Omega_h::Read<T>, T) [\n            with T = double; Omega_h::LO = int]':\n     334    /var/tmp/koparasy/spack-stage/spack-stage-omega-h-9.19.1-h5ofxobp5a\n            zlqsmgndyu3jaoenmbltte/spack-src/src/Omega_h_array_ops.cpp:615:1:\n             required from here\n  >> 335    /var/tmp/koparasy/spack-stage/spack-stage-omega-h-9.19.1-h5ofxobp5a\nzlqsmgndyu3jaoenmbltte/spack-src/src/Omega_h_macros.h:45:29: error:\n             base operand of '->' has non-pointer type 'Omega_h::find_last(Omeg\n            a_h::Read<T>, T) [with T = double; Omega_h::LO = int]::<lambda(Omeg\n            a_h::LO)>'\n     336       45 | #define OMEGA_H_LAMBDA(...) [=](__VA_ARGS__) __attribute__(\n            (always_inline, flatten))\n     337          |                             ^",
    "vector.hpp:4,\n     351                     from /var/tmp/koparasy/spack-stage/spack-stage-ome\n            ga-h-9.19.1-h5ofxobp5azlqsmgndyu3jaoenmbltte/spack-src/src/Omega_h_\n            vector.cpp:1:\n  >> 352    /p/vast1/koparasy/BUILD/spack_cluster_installer/quartz/omega-h/spac\n            k_env_dir/linux-rhel7-broadwell/gcc-9.3.1/trilinos-12.18.1-iprn4k6z\n2zhbhjsqcwjvjmyqz4qjzdmg/include/impl/Kokkos_EBO.hpp:157:12: error:\n             'constexpr const T& Kokkos::Impl::EBOBaseImpl<T, true, CtorNotOnDe\n            vice>::_ebo_data_member() const &' cannot be overloaded with 'const\n            expr T& Kokkos::Impl::EBOBaseImpl<T, true, CtorNotOnDevice>::_ebo_d\n            ata_member() const &'\n     353      157 |   T const& _ebo_data_member() const & {\n     354          |            ^~~~~~~~~~~~~~~~",
    "revious declaration 'constexpr T& Kokkos::Impl::EBOBaseImpl<T, true\n            , CtorNotOnDevice>::_ebo_data_member() const &'\n     356      151 |   T& _ebo_data_member() & {\n     357          |      ^~~~~~~~~~~~~~~~\n  >> 358    /p/vast1/koparasy/BUILD/spack_cluster_installer/quartz/omega-h/spac\n            k_env_dir/linux-rhel7-broadwell/gcc-9.3.1/trilinos-12.18.1-iprn4k6z\n2zhbhjsqcwjvjmyqz4qjzdmg/include/impl/Kokkos_EBO.hpp:293:12: error:\n             'constexpr const T& Kokkos::Impl::StandardLayoutNoUniqueAddressMem\n            berEmulation<T, CtorsNotOnDevice>::no_unique_address_data_member()\n            const &' cannot be overloaded with 'constexpr T& Kokkos::Impl::Stan\n            dardLayoutNoUniqueAddressMemberEmulation<T, CtorsNotOnDevice>::no_u\n            nique_address_data_member() const &'\n     359      293 |   T const& no_unique_address_data_member() const & {",
    "warning: control reaches end of non-void function [-Wreturn-type]\n     394      421 |   auto const init = true;\n     395          |              ^~~~\n  >> 396    make[2]: *** [src/CMakeFiles/omega_h.dir/Omega_h_array_ops.cpp.o] E\n            rror 1\n     397    make[2]: *** Waiting for unfinished jobs....\n>> 398    make[2]: *** [src/CMakeFiles/omega_h.dir/Omega_h_array.cpp.o] Error\n             1\n  >> 399    make[2]: *** [src/CMakeFiles/omega_h.dir/Omega_h_library.cpp.o] Err\n            or 1\n  >> 400    make[2]: *** [src/CMakeFiles/omega_h.dir/Omega_h_vector.cpp.o] Erro\n            r 1\n     401    make[2]: Leaving directory `/tmp/koparasy/spack-stage/spack-stage-o",
    ">> 399    make[2]: *** [src/CMakeFiles/omega_h.dir/Omega_h_library.cpp.o] Err\n            or 1\n  >> 400    make[2]: *** [src/CMakeFiles/omega_h.dir/Omega_h_vector.cpp.o] Erro\n            r 1\n     401    make[2]: Leaving directory `/tmp/koparasy/spack-stage/spack-stage-o\n            mega-h-9.19.1-h5ofxobp5azlqsmgndyu3jaoenmbltte/spack-build-h5ofxob'\n>> 402    make[1]: *** [src/CMakeFiles/omega_h.dir/all] Error 2\n     403    make[1]: Leaving directory `/tmp/koparasy/spack-stage/spack-stage-o\n            mega-h-9.19.1-h5ofxobp5azlqsmgndyu3jaoenmbltte/spack-build-h5ofxob'\n  >> 404    make: *** [all] Error 2\n\nSee build log for details:\n  /var/tmp/koparasy/spack-stage/spack-stage-omega-h-9.19.1-h5ofxobp5azlqsmgndyu3jaoenmbltte/spack-build-out.txt",
    "r 1\n     401    make[2]: Leaving directory `/tmp/koparasy/spack-stage/spack-stage-o\n            mega-h-9.19.1-h5ofxobp5azlqsmgndyu3jaoenmbltte/spack-build-h5ofxob'\n  >> 402    make[1]: *** [src/CMakeFiles/omega_h.dir/all] Error 2\n     403    make[1]: Leaving directory `/tmp/koparasy/spack-stage/spack-stage-o\n            mega-h-9.19.1-h5ofxobp5azlqsmgndyu3jaoenmbltte/spack-build-h5ofxob'\n>> 404    make: *** [all] Error 2\n\nSee build log for details:\n  /var/tmp/koparasy/spack-stage/spack-stage-omega-h-9.19.1-h5ofxobp5azlqsmgndyu3jaoenmbltte/spack-build-out.txt\n\nTraceback (most recent call last):\n  File \"/p/vast1/koparasy/BUILD/head/spack/lib/spack/spack/build_environment.py\", line 1035, in _setup_pkg_and_run"
]