[
    "BUILD/spack_cluster_installer/quartz/trilinos/spack_env_dir/linux-\n             rhel7-broadwell/gcc-9.3.1/hwloc-2.0.0-zziiwubce3tqwurvqez47gw6yuke\n             s6yq/include -O2 -g -MT utils/string/string.lo -MD -MP -MF utils/s\n             tring/.deps/string.Tpo -c utils/string/string.c -o utils/string/st\n             ring.o >/dev/null 2>&1\n     2557    tools/topo/hwloc/topo_hwloc.c: In function 'HYDT_topo_hwloc_init':\n>> 2558    tools/topo/hwloc/topo_hwloc.c:432:40: error: 'HWLOC_MEMBIND_REPLIC\n             ATE' undeclared (first use in this function); did you mean 'HWLOC_\n             MEMBIND_MIGRATE'?\n     2559      432 |         HYDT_topo_hwloc_info.membind = HWLOC_MEMBIND_REPLI\n             CATE;\n     2560          |                                        ^~~~~~~~~~~~~~~~~~~\n             ~~~~",
    "2560          |                                        ^~~~~~~~~~~~~~~~~~~\n             ~~~~\n     2561          |                                        HWLOC_MEMBIND_MIGRA\n             TE\n     2562    tools/topo/hwloc/topo_hwloc.c:432:40: note: each undeclared identi\n             fier is reported only once for each function it appears in\n>> 2563    make[3]: *** [tools/topo/hwloc/topo_hwloc.lo] Error 1\n     2564    make[3]: *** Waiting for unfinished jobs....\n     2565    libtool: compile:  /p/vast1/koparasy/BUILD/head/spack/lib/spack/en\n             v/gcc/gcc -DHAVE_CONFIG_H -I. -I/var/tmp/koparasy/spack-stage/spac\n             k-stage-mpich-3.1.2-qso2kopdvlmojh5mthqu5eqhq2koikp5/spack-src/src\n             /pm/hydra -I./include -I./tools/topo/hwloc/hwloc/include/private/a\n             utogen -I./tools/topo/hwloc/hwloc/include/hwloc/autogen -I/var/tmp",
    "s6yq/include -O2 -g -MT tools/topo/topo.lo -MD -MP -MF tools/topo/\n             .deps/topo.Tpo -c tools/topo/topo.c -o tools/topo/topo.o >/dev/nul\n             l 2>&1\n     2566    make[3]: Leaving directory `/tmp/koparasy/spack-stage/spack-stage-\n             mpich-3.1.2-qso2kopdvlmojh5mthqu5eqhq2koikp5/spack-src/src/pm/hydr\n             a'\n>> 2567    make[2]: *** [all-recursive] Error 1\n     2568    make[2]: Leaving directory `/tmp/koparasy/spack-stage/spack-stage-\n             mpich-3.1.2-qso2kopdvlmojh5mthqu5eqhq2koikp5/spack-src/src/pm/hydr\n             a'\n  >> 2569    make[1]: *** [all-recursive] Error 1\n     2570    make[1]: Leaving directory `/tmp/koparasy/spack-stage/spack-stage-\n             mpich-3.1.2-qso2kopdvlmojh5mthqu5eqhq2koikp5/spack-src'",
    "mpich-3.1.2-qso2kopdvlmojh5mthqu5eqhq2koikp5/spack-src/src/pm/hydr\n             a'\n  >> 2567    make[2]: *** [all-recursive] Error 1\n     2568    make[2]: Leaving directory `/tmp/koparasy/spack-stage/spack-stage-\n             mpich-3.1.2-qso2kopdvlmojh5mthqu5eqhq2koikp5/spack-src/src/pm/hydr\n             a'\n>> 2569    make[1]: *** [all-recursive] Error 1\n     2570    make[1]: Leaving directory `/tmp/koparasy/spack-stage/spack-stage-\n             mpich-3.1.2-qso2kopdvlmojh5mthqu5eqhq2koikp5/spack-src'\n  >> 2571    make: *** [all] Error 2\n\nSee build log for details:\n  /var/tmp/koparasy/spack-stage/spack-stage-mpich-3.1.2-qso2kopdvlmojh5mthqu5eqhq2koikp5/spack-build-out.txt",
    "2568    make[2]: Leaving directory `/tmp/koparasy/spack-stage/spack-stage-\n             mpich-3.1.2-qso2kopdvlmojh5mthqu5eqhq2koikp5/spack-src/src/pm/hydr\n             a'\n  >> 2569    make[1]: *** [all-recursive] Error 1\n     2570    make[1]: Leaving directory `/tmp/koparasy/spack-stage/spack-stage-\n             mpich-3.1.2-qso2kopdvlmojh5mthqu5eqhq2koikp5/spack-src'\n>> 2571    make: *** [all] Error 2\n\nSee build log for details:\n  /var/tmp/koparasy/spack-stage/spack-stage-mpich-3.1.2-qso2kopdvlmojh5mthqu5eqhq2koikp5/spack-build-out.txt\n\nTraceback (most recent call last):\n  File \"/p/vast1/koparasy/BUILD/head/spack/lib/spack/spack/build_environment.py\", line 1035, in _setup_pkg_and_run"
]