[
    "clude -I/p/vast1/koparasy/BUILD/spack_cluster_installer/quartz/tri\n             linos/spack_env_dir/linux-rhel7-broadwell/gcc-9.3.1/hwloc-2.1.0-g3\n             jt64xjqjr3zpi6smlryzfzb7cquzh7/include -O2 -g -MT tools/topo/topo.\n             lo -MD -MP -MF tools/topo/.deps/topo.Tpo -c tools/topo/topo.c -o t\n             ools/topo/topo.o >/dev/null 2>&1\n     2647    tools/topo/hwloc/topo_hwloc.c: In function 'HYDT_topo_hwloc_init':\n>> 2648    tools/topo/hwloc/topo_hwloc.c:432:40: error: 'HWLOC_MEMBIND_REPLIC\n             ATE' undeclared (first use in this function); did you mean 'HWLOC_\n             MEMBIND_MIGRATE'?\n     2649      432 |         HYDT_topo_hwloc_info.membind = HWLOC_MEMBIND_REPLI\n             CATE;\n     2650          |                                        ^~~~~~~~~~~~~~~~~~~\n             ~~~~",
    "2650          |                                        ^~~~~~~~~~~~~~~~~~~\n             ~~~~\n     2651          |                                        HWLOC_MEMBIND_MIGRA\n             TE\n     2652    tools/topo/hwloc/topo_hwloc.c:432:40: note: each undeclared identi\n             fier is reported only once for each function it appears in\n>> 2653    make[3]: *** [tools/topo/hwloc/topo_hwloc.lo] Error 1\n     2654    make[3]: *** Waiting for unfinished jobs....\n     2655    libtool: compile:  /p/vast1/koparasy/BUILD/head/spack/lib/spack/en\n             v/gcc/gcc -DHAVE_CONFIG_H -I. -I/var/tmp/koparasy/spack-stage/spac\n             k-stage-mpich-3.2-wgxus4napd57li472zy4t54yblo47ryl/spack-src/src/p\n             m/hydra -I./include -I./tools/topo/hwloc/hwloc/include/private/aut\n             ogen -I./tools/topo/hwloc/hwloc/include/hwloc/autogen -I/var/tmp/k",
    "jt64xjqjr3zpi6smlryzfzb7cquzh7/include -O2 -g -MT tools/bootstrap/\n             src/bsci_init.lo -MD -MP -MF tools/bootstrap/src/.deps/bsci_init.T\n             po -c tools/bootstrap/src/bsci_init.c -o tools/bootstrap/src/bsci_\n             init.o >/dev/null 2>&1\n     2657    make[3]: Leaving directory `/tmp/koparasy/spack-stage/spack-stage-\n             mpich-3.2-wgxus4napd57li472zy4t54yblo47ryl/spack-src/src/pm/hydra'\n>> 2658    make[2]: *** [all-recursive] Error 1\n     2659    make[2]: Leaving directory `/tmp/koparasy/spack-stage/spack-stage-\n             mpich-3.2-wgxus4napd57li472zy4t54yblo47ryl/spack-src/src/pm/hydra'\n  >> 2660    make[1]: *** [all-recursive] Error 1\n     2661    make[1]: Leaving directory `/tmp/koparasy/spack-stage/spack-stage-\n             mpich-3.2-wgxus4napd57li472zy4t54yblo47ryl/spack-src'\n  >> 2662    make: *** [all] Error 2",
    "init.o >/dev/null 2>&1\n     2657    make[3]: Leaving directory `/tmp/koparasy/spack-stage/spack-stage-\n             mpich-3.2-wgxus4napd57li472zy4t54yblo47ryl/spack-src/src/pm/hydra'\n  >> 2658    make[2]: *** [all-recursive] Error 1\n     2659    make[2]: Leaving directory `/tmp/koparasy/spack-stage/spack-stage-\n             mpich-3.2-wgxus4napd57li472zy4t54yblo47ryl/spack-src/src/pm/hydra'\n>> 2660    make[1]: *** [all-recursive] Error 1\n     2661    make[1]: Leaving directory `/tmp/koparasy/spack-stage/spack-stage-\n             mpich-3.2-wgxus4napd57li472zy4t54yblo47ryl/spack-src'\n  >> 2662    make: *** [all] Error 2\n\nSee build log for details:\n  /var/tmp/koparasy/spack-stage/spack-stage-mpich-3.2-wgxus4napd57li472zy4t54yblo47ryl/spack-build-out.txt",
    ">> 2658    make[2]: *** [all-recursive] Error 1\n     2659    make[2]: Leaving directory `/tmp/koparasy/spack-stage/spack-stage-\n             mpich-3.2-wgxus4napd57li472zy4t54yblo47ryl/spack-src/src/pm/hydra'\n  >> 2660    make[1]: *** [all-recursive] Error 1\n     2661    make[1]: Leaving directory `/tmp/koparasy/spack-stage/spack-stage-\n             mpich-3.2-wgxus4napd57li472zy4t54yblo47ryl/spack-src'\n>> 2662    make: *** [all] Error 2\n\nSee build log for details:\n  /var/tmp/koparasy/spack-stage/spack-stage-mpich-3.2-wgxus4napd57li472zy4t54yblo47ryl/spack-build-out.txt\n\nTraceback (most recent call last):\n  File \"/p/vast1/koparasy/BUILD/head/spack/lib/spack/spack/build_environment.py\", line 1035, in _setup_pkg_and_run"
]