[
    "3746    /usr/tce/packages/gcc/gcc-9.3.1/rh/usr/bin/../libexec/gcc/x86_64-r\n             edhat-linux/9/ld: CMakeFiles/scalapack.dir/SRC/pzheevr.f.o: in fun\n             ction `cmpim2_':\n     3747    pzheevr.f:(.text+0x90): multiple definition of `cmpim2_'; CMakeFil\n             es/scalapack.dir/SRC/pssyevr.f.o:pssyevr.f:(.text+0x90): first def\n             ined here\n>> 3748    collect2: error: ld returned 1 exit status\n  >> 3749    make[2]: *** [lib/libscalapack.so] Error 1\n     3750    make[2]: Leaving directory `/tmp/koparasy/spack-stage/spack-stage-\n             netlib-scalapack-2.0.1-fduh5ztc6g6gtkgmlxxjf46sa45szdk3/spack-buil\n             d-fduh5zt'\n  >> 3751    make[1]: *** [CMakeFiles/scalapack.dir/all] Error 2\n     3752    make[1]: Leaving directory `/tmp/koparasy/spack-stage/spack-stage-",
    "edhat-linux/9/ld: CMakeFiles/scalapack.dir/SRC/pzheevr.f.o: in fun\n             ction `cmpim2_':\n     3747    pzheevr.f:(.text+0x90): multiple definition of `cmpim2_'; CMakeFil\n             es/scalapack.dir/SRC/pssyevr.f.o:pssyevr.f:(.text+0x90): first def\n             ined here\n  >> 3748    collect2: error: ld returned 1 exit status\n>> 3749    make[2]: *** [lib/libscalapack.so] Error 1\n     3750    make[2]: Leaving directory `/tmp/koparasy/spack-stage/spack-stage-\n             netlib-scalapack-2.0.1-fduh5ztc6g6gtkgmlxxjf46sa45szdk3/spack-buil\n             d-fduh5zt'\n  >> 3751    make[1]: *** [CMakeFiles/scalapack.dir/all] Error 2\n     3752    make[1]: Leaving directory `/tmp/koparasy/spack-stage/spack-stage-\n             netlib-scalapack-2.0.1-fduh5ztc6g6gtkgmlxxjf46sa45szdk3/spack-buil",
    "ined here\n  >> 3748    collect2: error: ld returned 1 exit status\n  >> 3749    make[2]: *** [lib/libscalapack.so] Error 1\n     3750    make[2]: Leaving directory `/tmp/koparasy/spack-stage/spack-stage-\n             netlib-scalapack-2.0.1-fduh5ztc6g6gtkgmlxxjf46sa45szdk3/spack-buil\n             d-fduh5zt'\n>> 3751    make[1]: *** [CMakeFiles/scalapack.dir/all] Error 2\n     3752    make[1]: Leaving directory `/tmp/koparasy/spack-stage/spack-stage-\n             netlib-scalapack-2.0.1-fduh5ztc6g6gtkgmlxxjf46sa45szdk3/spack-buil\n             d-fduh5zt'\n  >> 3753    make: *** [all] Error 2\n\nSee build log for details:",
    "netlib-scalapack-2.0.1-fduh5ztc6g6gtkgmlxxjf46sa45szdk3/spack-buil\n             d-fduh5zt'\n  >> 3751    make[1]: *** [CMakeFiles/scalapack.dir/all] Error 2\n     3752    make[1]: Leaving directory `/tmp/koparasy/spack-stage/spack-stage-\n             netlib-scalapack-2.0.1-fduh5ztc6g6gtkgmlxxjf46sa45szdk3/spack-buil\n             d-fduh5zt'\n>> 3753    make: *** [all] Error 2\n\nSee build log for details:\n  /var/tmp/koparasy/spack-stage/spack-stage-netlib-scalapack-2.0.1-fduh5ztc6g6gtkgmlxxjf46sa45szdk3/spack-build-out.txt\n\nTraceback (most recent call last):\n  File \"/p/vast1/koparasy/BUILD/head/spack/lib/spack/spack/build_environment.py\", line 1035, in _setup_pkg_and_run"
]