[
    "d2rizzu/include  -c linalg/blockoperator.cpp -o linalg/blockoperator\n           .o\n     88    In file included from linalg/linalg.hpp:33,\n     89                     from linalg/sparsemat.cpp:14:\n     90    linalg/sundials.hpp: In member function 'void mfem::ARKODESolver::Se\n           tMaxStep(double)':\n>> 91    linalg/sundials.hpp:277:13: error: 'ARKodeSetMaxStep' was not declar\n           ed in this scope; did you mean 'CVodeSetMaxStep'?\n     92      277 |    { flag = ARKodeSetMaxStep(sundials_mem, dt_max); }\n     93          |             ^~~~~~~~~~~~~~~~\n     94          |             CVodeSetMaxStep\n  >> 95    make: *** [linalg/sparsemat.o] Error 1\n     96    make: *** Waiting for unfinished jobs....",
    "tMaxStep(double)':\n  >> 91    linalg/sundials.hpp:277:13: error: 'ARKodeSetMaxStep' was not declar\n           ed in this scope; did you mean 'CVodeSetMaxStep'?\n     92      277 |    { flag = ARKodeSetMaxStep(sundials_mem, dt_max); }\n     93          |             ^~~~~~~~~~~~~~~~\n     94          |             CVodeSetMaxStep\n>> 95    make: *** [linalg/sparsemat.o] Error 1\n     96    make: *** Waiting for unfinished jobs....\n\nSee build log for details:\n  /var/tmp/koparasy/spack-stage/spack-stage-mfem-4.0.0-spf3k7ucr5kqn5waaswflrevicypey2k/spack-build-out.txt\n\nTraceback (most recent call last):"
]