[
    "ams4qypgbjgwg333uy5rtyoowylprb/spack-src/src/blas/impl/KokkosBlas1\n             _axpby_impl.hpp: In constructor 'KokkosBlas::Impl::Axpby_Functor<A\n             V, XV, BV, YV, scalar_x, scalar_y, SizeType>::Axpby_Functor(const\n             XV&, const YV&, const AV&, const BV&, SizeType)':\n  >> 86      /var/tmp/koparasy/spack-stage/spack-stage-kokkos-kernels-3.0.00-t2\n             ams4qypgbjgwg333uy5rtyoowylprb/spack-src/src/blas/impl/KokkosBlas1\n_axpby_impl.hpp:101:34: error: 'is_same' is not a member of 'Kokko\n             s::Impl'; did you mean 'std::is_same'?\n     87        101 |     static_assert (Kokkos::Impl::is_same<typename YV::valu\n             e_type,\n     88            |                                  ^~~~~~~\n     89      In file included from /usr/tce/packages/gcc/gcc-9.3.1/rh/usr/inclu\n             de/c++/9/bits/move.h:55,",
    "103                      from /var/tmp/koparasy/spack-stage/spack-stage-ko\n             kkos-kernels-3.0.00-t2ams4qypgbjgwg333uy5rtyoowylprb/spack-src/src\n             /impl/generated_specializations_cpp/axpby/KokkosBlas1_axpby_eti_sp\n             ec_inst_dbl_LayoutLeft_Serial_HostSpace.cpp:52:\n  >> 104     /var/tmp/koparasy/spack-stage/spack-stage-kokkos-kernels-3.0.00-t2\n             ams4qypgbjgwg333uy5rtyoowylprb/spack-src/src/blas/impl/KokkosBlas1\n_axpby_impl.hpp:101:65: error: expected '(' before ',' token\n     105       101 |     static_assert (Kokkos::Impl::is_same<typename YV::valu\n             e_type,\n     106           |\n                   ^\n     107           |\n                   (",
    "106           |\n                   ^\n     107           |\n                   (\n  >> 108     /var/tmp/koparasy/spack-stage/spack-stage-kokkos-kernels-3.0.00-t2\n             ams4qypgbjgwg333uy5rtyoowylprb/spack-src/src/blas/impl/KokkosBlas1\n_axpby_impl.hpp:102:20: error: expected string-literal before 'typ\n             ename'\n     109       102 |                    typename YV::non_const_value_type>::val\n             ue,\n     110           |                    ^~~~~~~~\n  >> 111     /var/tmp/koparasy/spack-stage/spack-stage-kokkos-kernels-3.0.00-t2\n             ams4qypgbjgwg333uy5rtyoowylprb/spack-src/src/blas/impl/KokkosBlas1",
    "ename'\n     109       102 |                    typename YV::non_const_value_type>::val\n             ue,\n     110           |                    ^~~~~~~~\n  >> 111     /var/tmp/koparasy/spack-stage/spack-stage-kokkos-kernels-3.0.00-t2\n             ams4qypgbjgwg333uy5rtyoowylprb/spack-src/src/blas/impl/KokkosBlas1\n_axpby_impl.hpp:101:66: error: expected ')' before 'typename'\n     112       101 |     static_assert (Kokkos::Impl::is_same<typename YV::valu\n             e_type,\n     113           |                   ~\n                    ^\n     114           |\n                    )",
    "ypename XV::non_const_value_type, XV, typename YV::non_const_value\n             _type, YV, scalar_x, scalar_y, SizeType>::Axpby_Functor(const XV&,\n              const YV&, const typename XV::non_const_value_type&, const typena\n             me YV::non_const_value_type&, SizeType)':\n  >> 118     /var/tmp/koparasy/spack-stage/spack-stage-kokkos-kernels-3.0.00-t2\n             ams4qypgbjgwg333uy5rtyoowylprb/spack-src/src/blas/impl/KokkosBlas1\n_axpby_impl.hpp:235:34: error: 'is_same' is not a member of 'Kokko\n             s::Impl'; did you mean 'std::is_same'?\n     119       235 |     static_assert (Kokkos::Impl::is_same<typename YV::valu\n             e_type,\n     120           |                                  ^~~~~~~\n     121     In file included from /usr/tce/packages/gcc/gcc-9.3.1/rh/usr/inclu\n             de/c++/9/bits/move.h:55,",
    "135                      from /var/tmp/koparasy/spack-stage/spack-stage-ko\n             kkos-kernels-3.0.00-t2ams4qypgbjgwg333uy5rtyoowylprb/spack-src/src\n             /impl/generated_specializations_cpp/axpby/KokkosBlas1_axpby_eti_sp\n             ec_inst_dbl_LayoutLeft_Serial_HostSpace.cpp:52:\n  >> 136     /var/tmp/koparasy/spack-stage/spack-stage-kokkos-kernels-3.0.00-t2\n             ams4qypgbjgwg333uy5rtyoowylprb/spack-src/src/blas/impl/KokkosBlas1\n_axpby_impl.hpp:235:65: error: expected '(' before ',' token\n     137       235 |     static_assert (Kokkos::Impl::is_same<typename YV::valu\n             e_type,\n     138           |\n                   ^\n     139           |\n                   (",
    "138           |\n                   ^\n     139           |\n                   (\n  >> 140     /var/tmp/koparasy/spack-stage/spack-stage-kokkos-kernels-3.0.00-t2\n             ams4qypgbjgwg333uy5rtyoowylprb/spack-src/src/blas/impl/KokkosBlas1\n_axpby_impl.hpp:236:20: error: expected string-literal before 'typ\n             ename'\n     141       236 |                    typename YV::non_const_value_type>::val\n             ue,\n     142           |                    ^~~~~~~~\n  >> 143     /var/tmp/koparasy/spack-stage/spack-stage-kokkos-kernels-3.0.00-t2\n             ams4qypgbjgwg333uy5rtyoowylprb/spack-src/src/blas/impl/KokkosBlas1",
    "ename'\n     141       236 |                    typename YV::non_const_value_type>::val\n             ue,\n     142           |                    ^~~~~~~~\n  >> 143     /var/tmp/koparasy/spack-stage/spack-stage-kokkos-kernels-3.0.00-t2\n             ams4qypgbjgwg333uy5rtyoowylprb/spack-src/src/blas/impl/KokkosBlas1\n_axpby_impl.hpp:235:66: error: expected ')' before 'typename'\n     144       235 |     static_assert (Kokkos::Impl::is_same<typename YV::valu\n             e_type,\n     145           |                   ~\n                    ^\n     146           |\n                    )",
    "149     /var/tmp/koparasy/spack-stage/spack-stage-kokkos-kernels-3.0.00-t2\n             ams4qypgbjgwg333uy5rtyoowylprb/spack-src/src/blas/impl/KokkosBlas1\n             _axpby_impl.hpp: In function 'void KokkosBlas::Impl::Axpby_Generic\n             (const AV&, const XV&, const BV&, const YV&, SizeType, int, int)':\n  >> 150     /var/tmp/koparasy/spack-stage/spack-stage-kokkos-kernels-3.0.00-t2\n             ams4qypgbjgwg333uy5rtyoowylprb/spack-src/src/blas/impl/KokkosBlas1\n_axpby_impl.hpp:340:32: error: 'is_same' is not a member of 'Kokko\n             s::Impl'; did you mean 'std::is_same'?\n     151       340 |   static_assert (Kokkos::Impl::is_same<typename YV::value_\n             type,\n     152           |                                ^~~~~~~\n     153     In file included from /usr/tce/packages/gcc/gcc-9.3.1/rh/usr/inclu\n             de/c++/9/bits/move.h:55,",
    "167                      from /var/tmp/koparasy/spack-stage/spack-stage-ko\n             kkos-kernels-3.0.00-t2ams4qypgbjgwg333uy5rtyoowylprb/spack-src/src\n             /impl/generated_specializations_cpp/axpby/KokkosBlas1_axpby_eti_sp\n             ec_inst_dbl_LayoutLeft_Serial_HostSpace.cpp:52:\n  >> 168     /var/tmp/koparasy/spack-stage/spack-stage-kokkos-kernels-3.0.00-t2\n             ams4qypgbjgwg333uy5rtyoowylprb/spack-src/src/blas/impl/KokkosBlas1\n_axpby_impl.hpp:340:63: error: expected '(' before ',' token\n     169       340 |   static_assert (Kokkos::Impl::is_same<typename YV::value_\n             type,\n     170           |\n                 ^\n     171           |\n                 (",
    "170           |\n                 ^\n     171           |\n                 (\n  >> 172     /var/tmp/koparasy/spack-stage/spack-stage-kokkos-kernels-3.0.00-t2\n             ams4qypgbjgwg333uy5rtyoowylprb/spack-src/src/blas/impl/KokkosBlas1\n_axpby_impl.hpp:341:20: error: expected string-literal before 'typ\n             ename'\n     173       341 |                    typename YV::non_const_value_type>::val\n             ue,\n     174           |                    ^~~~~~~~\n  >> 175     /var/tmp/koparasy/spack-stage/spack-stage-kokkos-kernels-3.0.00-t2\n             ams4qypgbjgwg333uy5rtyoowylprb/spack-src/src/blas/impl/KokkosBlas1",
    "ename'\n     173       341 |                    typename YV::non_const_value_type>::val\n             ue,\n     174           |                    ^~~~~~~~\n  >> 175     /var/tmp/koparasy/spack-stage/spack-stage-kokkos-kernels-3.0.00-t2\n             ams4qypgbjgwg333uy5rtyoowylprb/spack-src/src/blas/impl/KokkosBlas1\n_axpby_impl.hpp:340:64: error: expected ')' before 'typename'\n     176       340 |   static_assert (Kokkos::Impl::is_same<typename YV::value_\n             type,\n     177           |                 ~\n                  ^\n     178           |\n                  )",
    "ams4qypgbjgwg333uy5rtyoowylprb/spack-src/src/blas/impl/KokkosBlas1\n             _axpby_mv_impl.hpp: In constructor 'KokkosBlas::Impl::Axpby_MV_Fun\n             ctor<AV, XMV, BV, YMV, scalar_x, scalar_y, SizeType>::Axpby_MV_Fun\n             ctor(const XMV&, const YMV&, const AV&, const BV&)':\n  >> 184     /var/tmp/koparasy/spack-stage/spack-stage-kokkos-kernels-3.0.00-t2\n             ams4qypgbjgwg333uy5rtyoowylprb/spack-src/src/blas/impl/KokkosBlas1\n_axpby_mv_impl.hpp:98:34: error: 'is_same' is not a member of 'Kok\n             kos::Impl'; did you mean 'std::is_same'?\n     185        98 |     static_assert (Kokkos::Impl::is_same<typename YMV::val\n             ue_type,\n     186           |                                  ^~~~~~~\n     187     In file included from /usr/tce/packages/gcc/gcc-9.3.1/rh/usr/inclu\n             de/c++/9/bits/move.h:55,",
    "201                      from /var/tmp/koparasy/spack-stage/spack-stage-ko\n             kkos-kernels-3.0.00-t2ams4qypgbjgwg333uy5rtyoowylprb/spack-src/src\n             /impl/generated_specializations_cpp/axpby/KokkosBlas1_axpby_eti_sp\n             ec_inst_dbl_LayoutLeft_Serial_HostSpace.cpp:52:\n  >> 202     /var/tmp/koparasy/spack-stage/spack-stage-kokkos-kernels-3.0.00-t2\n             ams4qypgbjgwg333uy5rtyoowylprb/spack-src/src/blas/impl/KokkosBlas1\n_axpby_mv_impl.hpp:98:66: error: expected '(' before ',' token\n     203        98 |     static_assert (Kokkos::Impl::is_same<typename YMV::val\n             ue_type,\n     204           |\n                    ^\n     205           |\n                    (",
    "204           |\n                    ^\n     205           |\n                    (\n  >> 206     /var/tmp/koparasy/spack-stage/spack-stage-kokkos-kernels-3.0.00-t2\n             ams4qypgbjgwg333uy5rtyoowylprb/spack-src/src/blas/impl/KokkosBlas1\n_axpby_mv_impl.hpp:99:20: error: expected string-literal before 't\n             ypename'\n     207        99 |                    typename YMV::non_const_value_type>::va\n             lue,\n     208           |                    ^~~~~~~~\n  >> 209     /var/tmp/koparasy/spack-stage/spack-stage-kokkos-kernels-3.0.00-t2\n             ams4qypgbjgwg333uy5rtyoowylprb/spack-src/src/blas/impl/KokkosBlas1",
    "ypename'\n     207        99 |                    typename YMV::non_const_value_type>::va\n             lue,\n     208           |                    ^~~~~~~~\n  >> 209     /var/tmp/koparasy/spack-stage/spack-stage-kokkos-kernels-3.0.00-t2\n             ams4qypgbjgwg333uy5rtyoowylprb/spack-src/src/blas/impl/KokkosBlas1\n_axpby_mv_impl.hpp:98:67: error: expected ')' before 'typename'\n     210        98 |     static_assert (Kokkos::Impl::is_same<typename YMV::val\n             ue_type,\n     211           |                   ~\n                     ^\n     212           |\n                     )",
    "ctor<typename XMV::non_const_value_type, XMV, typename YMV::non_co\n             nst_value_type, YMV, scalar_x, scalar_y, SizeType>::Axpby_MV_Funct\n             or(const XMV&, const YMV&, const typename XMV::non_const_value_typ\n             e&, const typename YMV::non_const_value_type&)':\n  >> 216     /var/tmp/koparasy/spack-stage/spack-stage-kokkos-kernels-3.0.00-t2\n             ams4qypgbjgwg333uy5rtyoowylprb/spack-src/src/blas/impl/KokkosBlas1\n_axpby_mv_impl.hpp:332:34: error: 'is_same' is not a member of 'Ko\n             kkos::Impl'; did you mean 'std::is_same'?\n     217       332 |     static_assert (Kokkos::Impl::is_same<typename YMV::val\n             ue_type,\n     218           |                                  ^~~~~~~\n     219     In file included from /usr/tce/packages/gcc/gcc-9.3.1/rh/usr/inclu\n             de/c++/9/bits/move.h:55,",
    "233                      from /var/tmp/koparasy/spack-stage/spack-stage-ko\n             kkos-kernels-3.0.00-t2ams4qypgbjgwg333uy5rtyoowylprb/spack-src/src\n             /impl/generated_specializations_cpp/axpby/KokkosBlas1_axpby_eti_sp\n             ec_inst_dbl_LayoutLeft_Serial_HostSpace.cpp:52:\n  >> 234     /var/tmp/koparasy/spack-stage/spack-stage-kokkos-kernels-3.0.00-t2\n             ams4qypgbjgwg333uy5rtyoowylprb/spack-src/src/blas/impl/KokkosBlas1\n_axpby_mv_impl.hpp:332:66: error: expected '(' before ',' token\n     235       332 |     static_assert (Kokkos::Impl::is_same<typename YMV::val\n             ue_type,\n     236           |\n                    ^\n     237           |\n                    (",
    "236           |\n                    ^\n     237           |\n                    (\n  >> 238     /var/tmp/koparasy/spack-stage/spack-stage-kokkos-kernels-3.0.00-t2\n             ams4qypgbjgwg333uy5rtyoowylprb/spack-src/src/blas/impl/KokkosBlas1\n_axpby_mv_impl.hpp:333:20: error: expected string-literal before '\n             typename'\n     239       333 |                    typename YMV::non_const_value_type>::va\n             lue,\n     240           |                    ^~~~~~~~\n  >> 241     /var/tmp/koparasy/spack-stage/spack-stage-kokkos-kernels-3.0.00-t2\n             ams4qypgbjgwg333uy5rtyoowylprb/spack-src/src/blas/impl/KokkosBlas1",
    "typename'\n     239       333 |                    typename YMV::non_const_value_type>::va\n             lue,\n     240           |                    ^~~~~~~~\n  >> 241     /var/tmp/koparasy/spack-stage/spack-stage-kokkos-kernels-3.0.00-t2\n             ams4qypgbjgwg333uy5rtyoowylprb/spack-src/src/blas/impl/KokkosBlas1\n_axpby_mv_impl.hpp:332:67: error: expected ')' before 'typename'\n     242       332 |     static_assert (Kokkos::Impl::is_same<typename YMV::val\n             ue_type,\n     243           |                   ~\n                     ^\n     244           |\n                     )",
    "_axpby_mv_impl.hpp: In constructor 'KokkosBlas::Impl::Axpby_MV_Unr\n             oll_Functor<AV, XMV, BV, YMV, scalar_x, scalar_y, UNROLL, SizeType\n             >::Axpby_MV_Unroll_Functor(const XMV&, const YMV&, const AV&, cons\n             t BV&, SizeType)':\n  >> 248     /var/tmp/koparasy/spack-stage/spack-stage-kokkos-kernels-3.0.00-t2\n             ams4qypgbjgwg333uy5rtyoowylprb/spack-src/src/blas/impl/KokkosBlas1\n_axpby_mv_impl.hpp:549:34: error: 'is_same' is not a member of 'Ko\n             kkos::Impl'; did you mean 'std::is_same'?\n     249       549 |     static_assert (Kokkos::Impl::is_same<typename YMV::val\n             ue_type,\n     250           |                                  ^~~~~~~\n     251     In file included from /usr/tce/packages/gcc/gcc-9.3.1/rh/usr/inclu\n             de/c++/9/bits/move.h:55,",
    "265                      from /var/tmp/koparasy/spack-stage/spack-stage-ko\n             kkos-kernels-3.0.00-t2ams4qypgbjgwg333uy5rtyoowylprb/spack-src/src\n             /impl/generated_specializations_cpp/axpby/KokkosBlas1_axpby_eti_sp\n             ec_inst_dbl_LayoutLeft_Serial_HostSpace.cpp:52:\n  >> 266     /var/tmp/koparasy/spack-stage/spack-stage-kokkos-kernels-3.0.00-t2\n             ams4qypgbjgwg333uy5rtyoowylprb/spack-src/src/blas/impl/KokkosBlas1\n_axpby_mv_impl.hpp:549:66: error: expected '(' before ',' token\n     267       549 |     static_assert (Kokkos::Impl::is_same<typename YMV::val\n             ue_type,\n     268           |\n                    ^\n     269           |\n                    (",
    "268           |\n                    ^\n     269           |\n                    (\n  >> 270     /var/tmp/koparasy/spack-stage/spack-stage-kokkos-kernels-3.0.00-t2\n             ams4qypgbjgwg333uy5rtyoowylprb/spack-src/src/blas/impl/KokkosBlas1\n_axpby_mv_impl.hpp:550:20: error: expected string-literal before '\n             typename'\n     271       550 |                    typename YMV::non_const_value_type>::va\n             lue,\n     272           |                    ^~~~~~~~\n  >> 273     /var/tmp/koparasy/spack-stage/spack-stage-kokkos-kernels-3.0.00-t2\n             ams4qypgbjgwg333uy5rtyoowylprb/spack-src/src/blas/impl/KokkosBlas1",
    "typename'\n     271       550 |                    typename YMV::non_const_value_type>::va\n             lue,\n     272           |                    ^~~~~~~~\n  >> 273     /var/tmp/koparasy/spack-stage/spack-stage-kokkos-kernels-3.0.00-t2\n             ams4qypgbjgwg333uy5rtyoowylprb/spack-src/src/blas/impl/KokkosBlas1\n_axpby_mv_impl.hpp:549:67: error: expected ')' before 'typename'\n     274       549 |     static_assert (Kokkos::Impl::is_same<typename YMV::val\n             ue_type,\n     275           |                   ~\n                     ^\n     276           |\n                     )",
    ":non_const_value_type, YMV, scalar_x, scalar_y, UNROLL, SizeType>:\n             :Axpby_MV_Unroll_Functor(const XMV&, const YMV&, const typename XM\n             V::non_const_value_type&, const typename YMV::non_const_value_type\n             &, SizeType)':\n  >> 280     /var/tmp/koparasy/spack-stage/spack-stage-kokkos-kernels-3.0.00-t2\n             ams4qypgbjgwg333uy5rtyoowylprb/spack-src/src/blas/impl/KokkosBlas1\n_axpby_mv_impl.hpp:770:34: error: 'is_same' is not a member of 'Ko\n             kkos::Impl'; did you mean 'std::is_same'?\n     281       770 |     static_assert (Kokkos::Impl::is_same<typename YMV::val\n             ue_type,\n     282           |                                  ^~~~~~~\n     283     In file included from /usr/tce/packages/gcc/gcc-9.3.1/rh/usr/inclu\n             de/c++/9/bits/move.h:55,",
    "297                      from /var/tmp/koparasy/spack-stage/spack-stage-ko\n             kkos-kernels-3.0.00-t2ams4qypgbjgwg333uy5rtyoowylprb/spack-src/src\n             /impl/generated_specializations_cpp/axpby/KokkosBlas1_axpby_eti_sp\n             ec_inst_dbl_LayoutLeft_Serial_HostSpace.cpp:52:\n  >> 298     /var/tmp/koparasy/spack-stage/spack-stage-kokkos-kernels-3.0.00-t2\n             ams4qypgbjgwg333uy5rtyoowylprb/spack-src/src/blas/impl/KokkosBlas1\n_axpby_mv_impl.hpp:770:66: error: expected '(' before ',' token\n     299       770 |     static_assert (Kokkos::Impl::is_same<typename YMV::val\n             ue_type,\n     300           |\n                    ^\n     301           |\n                    (",
    "300           |\n                    ^\n     301           |\n                    (\n  >> 302     /var/tmp/koparasy/spack-stage/spack-stage-kokkos-kernels-3.0.00-t2\n             ams4qypgbjgwg333uy5rtyoowylprb/spack-src/src/blas/impl/KokkosBlas1\n_axpby_mv_impl.hpp:771:20: error: expected string-literal before '\n             typename'\n     303       771 |                    typename YMV::non_const_value_type>::va\n             lue,\n     304           |                    ^~~~~~~~\n  >> 305     /var/tmp/koparasy/spack-stage/spack-stage-kokkos-kernels-3.0.00-t2\n             ams4qypgbjgwg333uy5rtyoowylprb/spack-src/src/blas/impl/KokkosBlas1",
    "typename'\n     303       771 |                    typename YMV::non_const_value_type>::va\n             lue,\n     304           |                    ^~~~~~~~\n  >> 305     /var/tmp/koparasy/spack-stage/spack-stage-kokkos-kernels-3.0.00-t2\n             ams4qypgbjgwg333uy5rtyoowylprb/spack-src/src/blas/impl/KokkosBlas1\n_axpby_mv_impl.hpp:770:67: error: expected ')' before 'typename'\n     306       770 |     static_assert (Kokkos::Impl::is_same<typename YMV::val\n             ue_type,\n     307           |                   ~\n                     ^\n     308           |\n                     )",
    "ams4qypgbjgwg333uy5rtyoowylprb/spack-src/src/blas/impl/KokkosBlas1\n             _axpby_mv_impl.hpp: In function 'void KokkosBlas::Impl::Axpby_MV_U\n             nrolled(const AV&, const XMV&, const BV&, const YMV&, SizeType, in\n             t, int)':\n  >> 312     /var/tmp/koparasy/spack-stage/spack-stage-kokkos-kernels-3.0.00-t2\n             ams4qypgbjgwg333uy5rtyoowylprb/spack-src/src/blas/impl/KokkosBlas1\n_axpby_mv_impl.hpp:984:32: error: 'is_same' is not a member of 'Ko\n             kkos::Impl'; did you mean 'std::is_same'?\n     313       984 |   static_assert (Kokkos::Impl::is_same<typename YMV::value\n             _type,\n     314           |                                ^~~~~~~\n     315     In file included from /usr/tce/packages/gcc/gcc-9.3.1/rh/usr/inclu\n             de/c++/9/bits/move.h:55,",
    "329                      from /var/tmp/koparasy/spack-stage/spack-stage-ko\n             kkos-kernels-3.0.00-t2ams4qypgbjgwg333uy5rtyoowylprb/spack-src/src\n             /impl/generated_specializations_cpp/axpby/KokkosBlas1_axpby_eti_sp\n             ec_inst_dbl_LayoutLeft_Serial_HostSpace.cpp:52:\n  >> 330     /var/tmp/koparasy/spack-stage/spack-stage-kokkos-kernels-3.0.00-t2\n             ams4qypgbjgwg333uy5rtyoowylprb/spack-src/src/blas/impl/KokkosBlas1\n_axpby_mv_impl.hpp:984:64: error: expected '(' before ',' token\n     331       984 |   static_assert (Kokkos::Impl::is_same<typename YMV::value\n             _type,\n     332           |\n                  ^\n     333           |\n                  (",
    "332           |\n                  ^\n     333           |\n                  (\n  >> 334     /var/tmp/koparasy/spack-stage/spack-stage-kokkos-kernels-3.0.00-t2\n             ams4qypgbjgwg333uy5rtyoowylprb/spack-src/src/blas/impl/KokkosBlas1\n_axpby_mv_impl.hpp:985:20: error: expected string-literal before '\n             typename'\n     335       985 |                    typename YMV::non_const_value_type>::va\n             lue,\n     336           |                    ^~~~~~~~\n  >> 337     /var/tmp/koparasy/spack-stage/spack-stage-kokkos-kernels-3.0.00-t2\n             ams4qypgbjgwg333uy5rtyoowylprb/spack-src/src/blas/impl/KokkosBlas1",
    "typename'\n     335       985 |                    typename YMV::non_const_value_type>::va\n             lue,\n     336           |                    ^~~~~~~~\n  >> 337     /var/tmp/koparasy/spack-stage/spack-stage-kokkos-kernels-3.0.00-t2\n             ams4qypgbjgwg333uy5rtyoowylprb/spack-src/src/blas/impl/KokkosBlas1\n_axpby_mv_impl.hpp:984:65: error: expected ')' before 'typename'\n     338       984 |   static_assert (Kokkos::Impl::is_same<typename YMV::value\n             _type,\n     339           |                 ~\n                   ^\n     340           |\n                   )",
    "343     /var/tmp/koparasy/spack-stage/spack-stage-kokkos-kernels-3.0.00-t2\n             ams4qypgbjgwg333uy5rtyoowylprb/spack-src/src/blas/impl/KokkosBlas1\n             _axpby_mv_impl.hpp: In function 'void KokkosBlas::Impl::Axpby_MV_G\n             eneric(const AV&, const XMV&, const BV&, const YMV&, int, int)':\n  >> 344     /var/tmp/koparasy/spack-stage/spack-stage-kokkos-kernels-3.0.00-t2\n             ams4qypgbjgwg333uy5rtyoowylprb/spack-src/src/blas/impl/KokkosBlas1\n_axpby_mv_impl.hpp:1122:32: error: 'is_same' is not a member of 'K\n             okkos::Impl'; did you mean 'std::is_same'?\n     345      1122 |   static_assert (Kokkos::Impl::is_same<typename YMV::value\n             _type,\n     346           |                                ^~~~~~~\n     347     In file included from /usr/tce/packages/gcc/gcc-9.3.1/rh/usr/inclu\n             de/c++/9/bits/move.h:55,",
    "361                      from /var/tmp/koparasy/spack-stage/spack-stage-ko\n             kkos-kernels-3.0.00-t2ams4qypgbjgwg333uy5rtyoowylprb/spack-src/src\n             /impl/generated_specializations_cpp/axpby/KokkosBlas1_axpby_eti_sp\n             ec_inst_dbl_LayoutLeft_Serial_HostSpace.cpp:52:\n  >> 362     /var/tmp/koparasy/spack-stage/spack-stage-kokkos-kernels-3.0.00-t2\n             ams4qypgbjgwg333uy5rtyoowylprb/spack-src/src/blas/impl/KokkosBlas1\n_axpby_mv_impl.hpp:1122:64: error: expected '(' before ',' token\n     363      1122 |   static_assert (Kokkos::Impl::is_same<typename YMV::value\n             _type,\n     364           |\n                  ^\n     365           |\n                  (",
    "364           |\n                  ^\n     365           |\n                  (\n  >> 366     /var/tmp/koparasy/spack-stage/spack-stage-kokkos-kernels-3.0.00-t2\n             ams4qypgbjgwg333uy5rtyoowylprb/spack-src/src/blas/impl/KokkosBlas1\n_axpby_mv_impl.hpp:1123:20: error: expected string-literal before\n             'typename'\n     367      1123 |                    typename YMV::non_const_value_type>::va\n             lue,\n     368           |                    ^~~~~~~~\n  >> 369     /var/tmp/koparasy/spack-stage/spack-stage-kokkos-kernels-3.0.00-t2\n             ams4qypgbjgwg333uy5rtyoowylprb/spack-src/src/blas/impl/KokkosBlas1",
    "'typename'\n     367      1123 |                    typename YMV::non_const_value_type>::va\n             lue,\n     368           |                    ^~~~~~~~\n  >> 369     /var/tmp/koparasy/spack-stage/spack-stage-kokkos-kernels-3.0.00-t2\n             ams4qypgbjgwg333uy5rtyoowylprb/spack-src/src/blas/impl/KokkosBlas1\n_axpby_mv_impl.hpp:1122:65: error: expected ')' before 'typename'\n     370      1122 |   static_assert (Kokkos::Impl::is_same<typename YMV::value\n             _type,\n     371           |                 ~\n                   ^\n     372           |\n                   )",
    "ams4qypgbjgwg333uy5rtyoowylprb/spack-src/src/blas/impl/KokkosBlas1\n             _axpby_mv_impl.hpp: In static member function 'static void KokkosB\n             las::Impl::Axpby_MV_Invoke_Left<AV, XMV, BV, YMV, SizeType>::run(c\n             onst AV&, const XMV&, const BV&, const YMV&, int, int)':\n  >> 376     /var/tmp/koparasy/spack-stage/spack-stage-kokkos-kernels-3.0.00-t2\n             ams4qypgbjgwg333uy5rtyoowylprb/spack-src/src/blas/impl/KokkosBlas1\n_axpby_mv_impl.hpp:1262:32: error: 'is_same' is not a member of 'K\n             okkos::Impl'; did you mean 'std::is_same'?\n     377      1262 |   static_assert (Kokkos::Impl::is_same<typename YMV::value\n             _type,\n     378           |                                ^~~~~~~\n     379     In file included from /usr/tce/packages/gcc/gcc-9.3.1/rh/usr/inclu\n             de/c++/9/bits/move.h:55,",
    "393                      from /var/tmp/koparasy/spack-stage/spack-stage-ko\n             kkos-kernels-3.0.00-t2ams4qypgbjgwg333uy5rtyoowylprb/spack-src/src\n             /impl/generated_specializations_cpp/axpby/KokkosBlas1_axpby_eti_sp\n             ec_inst_dbl_LayoutLeft_Serial_HostSpace.cpp:52:\n  >> 394     /var/tmp/koparasy/spack-stage/spack-stage-kokkos-kernels-3.0.00-t2\n             ams4qypgbjgwg333uy5rtyoowylprb/spack-src/src/blas/impl/KokkosBlas1\n_axpby_mv_impl.hpp:1262:64: error: expected '(' before ',' token\n     395      1262 |   static_assert (Kokkos::Impl::is_same<typename YMV::value\n             _type,\n     396           |\n                  ^\n     397           |\n                  (",
    "396           |\n                  ^\n     397           |\n                  (\n  >> 398     /var/tmp/koparasy/spack-stage/spack-stage-kokkos-kernels-3.0.00-t2\n             ams4qypgbjgwg333uy5rtyoowylprb/spack-src/src/blas/impl/KokkosBlas1\n_axpby_mv_impl.hpp:1263:18: error: expected string-literal before\n             'typename'\n     399      1263 |                  typename YMV::non_const_value_type>::valu\n             e,\n     400           |                  ^~~~~~~~\n  >> 401     /var/tmp/koparasy/spack-stage/spack-stage-kokkos-kernels-3.0.00-t2\n             ams4qypgbjgwg333uy5rtyoowylprb/spack-src/src/blas/impl/KokkosBlas1",
    "'typename'\n     399      1263 |                  typename YMV::non_const_value_type>::valu\n             e,\n     400           |                  ^~~~~~~~\n  >> 401     /var/tmp/koparasy/spack-stage/spack-stage-kokkos-kernels-3.0.00-t2\n             ams4qypgbjgwg333uy5rtyoowylprb/spack-src/src/blas/impl/KokkosBlas1\n_axpby_mv_impl.hpp:1262:65: error: expected ')' before 'typename'\n     402      1262 |   static_assert (Kokkos::Impl::is_same<typename YMV::value\n             _type,\n     403           |                 ~\n                   ^\n     404           |\n                   )",
    "ams4qypgbjgwg333uy5rtyoowylprb/spack-src/src/blas/impl/KokkosBlas1\n             _axpby_mv_impl.hpp: In static member function 'static void KokkosB\n             las::Impl::Axpby_MV_Invoke_Right<AV, XMV, BV, YMV, SizeType>::run(\n             const AV&, const XMV&, const BV&, const YMV&, int, int)':\n  >> 408     /var/tmp/koparasy/spack-stage/spack-stage-kokkos-kernels-3.0.00-t2\n             ams4qypgbjgwg333uy5rtyoowylprb/spack-src/src/blas/impl/KokkosBlas1\n_axpby_mv_impl.hpp:1341:32: error: 'is_same' is not a member of 'K\n             okkos::Impl'; did you mean 'std::is_same'?\n     409      1341 |   static_assert (Kokkos::Impl::is_same<typename YMV::value\n             _type,\n     410           |                                ^~~~~~~\n     411     In file included from /usr/tce/packages/gcc/gcc-9.3.1/rh/usr/inclu\n             de/c++/9/bits/move.h:55,",
    "425                      from /var/tmp/koparasy/spack-stage/spack-stage-ko\n             kkos-kernels-3.0.00-t2ams4qypgbjgwg333uy5rtyoowylprb/spack-src/src\n             /impl/generated_specializations_cpp/axpby/KokkosBlas1_axpby_eti_sp\n             ec_inst_dbl_LayoutLeft_Serial_HostSpace.cpp:52:\n  >> 426     /var/tmp/koparasy/spack-stage/spack-stage-kokkos-kernels-3.0.00-t2\n             ams4qypgbjgwg333uy5rtyoowylprb/spack-src/src/blas/impl/KokkosBlas1\n_axpby_mv_impl.hpp:1341:64: error: expected '(' before ',' token\n     427      1341 |   static_assert (Kokkos::Impl::is_same<typename YMV::value\n             _type,\n     428           |\n                  ^\n     429           |\n                  (",
    "428           |\n                  ^\n     429           |\n                  (\n  >> 430     /var/tmp/koparasy/spack-stage/spack-stage-kokkos-kernels-3.0.00-t2\n             ams4qypgbjgwg333uy5rtyoowylprb/spack-src/src/blas/impl/KokkosBlas1\n_axpby_mv_impl.hpp:1342:18: error: expected string-literal before\n             'typename'\n     431      1342 |                  typename YMV::non_const_value_type>::valu\n             e,\n     432           |                  ^~~~~~~~\n  >> 433     /var/tmp/koparasy/spack-stage/spack-stage-kokkos-kernels-3.0.00-t2\n             ams4qypgbjgwg333uy5rtyoowylprb/spack-src/src/blas/impl/KokkosBlas1",
    "'typename'\n     431      1342 |                  typename YMV::non_const_value_type>::valu\n             e,\n     432           |                  ^~~~~~~~\n  >> 433     /var/tmp/koparasy/spack-stage/spack-stage-kokkos-kernels-3.0.00-t2\n             ams4qypgbjgwg333uy5rtyoowylprb/spack-src/src/blas/impl/KokkosBlas1\n_axpby_mv_impl.hpp:1341:65: error: expected ')' before 'typename'\n     434      1341 |   static_assert (Kokkos::Impl::is_same<typename YMV::value\n             _type,\n     435           |                 ~\n                   ^\n     436           |\n                   )",
    "ams4qypgbjgwg333uy5rtyoowylprb/spack-src/src/blas/impl/KokkosBlas1\n             _axpby_spec.hpp: In static member function 'static void KokkosBlas\n             ::Impl::Axpby<AV, XMV, BV, YMV, 2, false, true>::axpby(const AV&,\n             const XMV&, const BV&, const YMV&)':\n  >> 441     /var/tmp/koparasy/spack-stage/spack-stage-kokkos-kernels-3.0.00-t2\n             ams4qypgbjgwg333uy5rtyoowylprb/spack-src/src/blas/impl/KokkosBlas1\n_axpby_spec.hpp:173:34: error: 'is_same' is not a member of 'Kokko\n             s::Impl'; did you mean 'std::is_same'?\n     442       173 |     static_assert (Kokkos::Impl::is_same<typename YMV::val\n             ue_type,\n     443           |                                  ^~~~~~~\n     444     In file included from /usr/tce/packages/gcc/gcc-9.3.1/rh/usr/inclu\n             de/c++/9/bits/move.h:55,",
    "457     In file included from /var/tmp/koparasy/spack-stage/spack-stage-ko\n             kkos-kernels-3.0.00-t2ams4qypgbjgwg333uy5rtyoowylprb/spack-src/src\n             /impl/generated_specializations_cpp/axpby/KokkosBlas1_axpby_eti_sp\n             ec_inst_dbl_LayoutLeft_Serial_HostSpace.cpp:52:\n  >> 458     /var/tmp/koparasy/spack-stage/spack-stage-kokkos-kernels-3.0.00-t2\n             ams4qypgbjgwg333uy5rtyoowylprb/spack-src/src/blas/impl/KokkosBlas1\n_axpby_spec.hpp:173:66: error: expected '(' before ',' token\n     459       173 |     static_assert (Kokkos::Impl::is_same<typename YMV::val\n             ue_type,\n     460           |\n                    ^\n     461           |\n                    (",
    "460           |\n                    ^\n     461           |\n                    (\n  >> 462     /var/tmp/koparasy/spack-stage/spack-stage-kokkos-kernels-3.0.00-t2\n             ams4qypgbjgwg333uy5rtyoowylprb/spack-src/src/blas/impl/KokkosBlas1\n_axpby_spec.hpp:174:22: error: expected string-literal before 'typ\n             ename'\n     463       174 |                      typename YMV::non_const_value_type>::\n             value,\n     464           |                      ^~~~~~~~\n  >> 465     /var/tmp/koparasy/spack-stage/spack-stage-kokkos-kernels-3.0.00-t2\n             ams4qypgbjgwg333uy5rtyoowylprb/spack-src/src/blas/impl/KokkosBlas1",
    "ename'\n     463       174 |                      typename YMV::non_const_value_type>::\n             value,\n     464           |                      ^~~~~~~~\n  >> 465     /var/tmp/koparasy/spack-stage/spack-stage-kokkos-kernels-3.0.00-t2\n             ams4qypgbjgwg333uy5rtyoowylprb/spack-src/src/blas/impl/KokkosBlas1\n_axpby_spec.hpp:173:67: error: expected ')' before 'typename'\n     466       173 |     static_assert (Kokkos::Impl::is_same<typename YMV::val\n             ue_type,\n     467           |                   ~\n                     ^\n     468           |\n                     )",
    "_axpby_spec.hpp: In static member function 'static void KokkosBlas\n             ::Impl::Axpby<typename XMV::non_const_value_type, XMV, typename YM\n             V::non_const_value_type, YMV, 2, false, true>::axpby(const AV&, co\n             nst XMV&, const BV&, const YMV&)':\n  >> 473     /var/tmp/koparasy/spack-stage/spack-stage-kokkos-kernels-3.0.00-t2\n             ams4qypgbjgwg333uy5rtyoowylprb/spack-src/src/blas/impl/KokkosBlas1\n_axpby_spec.hpp:242:34: error: 'is_same' is not a member of 'Kokko\n             s::Impl'; did you mean 'std::is_same'?\n     474       242 |     static_assert (Kokkos::Impl::is_same<typename YMV::val\n             ue_type,\n     475           |                                  ^~~~~~~\n     476     In file included from /usr/tce/packages/gcc/gcc-9.3.1/rh/usr/inclu\n             de/c++/9/bits/move.h:55,",
    "489     In file included from /var/tmp/koparasy/spack-stage/spack-stage-ko\n             kkos-kernels-3.0.00-t2ams4qypgbjgwg333uy5rtyoowylprb/spack-src/src\n             /impl/generated_specializations_cpp/axpby/KokkosBlas1_axpby_eti_sp\n             ec_inst_dbl_LayoutLeft_Serial_HostSpace.cpp:52:\n  >> 490     /var/tmp/koparasy/spack-stage/spack-stage-kokkos-kernels-3.0.00-t2\n             ams4qypgbjgwg333uy5rtyoowylprb/spack-src/src/blas/impl/KokkosBlas1\n_axpby_spec.hpp:242:66: error: expected '(' before ',' token\n     491       242 |     static_assert (Kokkos::Impl::is_same<typename YMV::val\n             ue_type,\n     492           |\n                    ^\n     493           |\n                    (",
    "492           |\n                    ^\n     493           |\n                    (\n  >> 494     /var/tmp/koparasy/spack-stage/spack-stage-kokkos-kernels-3.0.00-t2\n             ams4qypgbjgwg333uy5rtyoowylprb/spack-src/src/blas/impl/KokkosBlas1\n_axpby_spec.hpp:243:22: error: expected string-literal before 'typ\n             ename'\n     495       243 |                      typename YMV::non_const_value_type>::\n             value,\n     496           |                      ^~~~~~~~\n  >> 497     /var/tmp/koparasy/spack-stage/spack-stage-kokkos-kernels-3.0.00-t2\n             ams4qypgbjgwg333uy5rtyoowylprb/spack-src/src/blas/impl/KokkosBlas1",
    "ename'\n     495       243 |                      typename YMV::non_const_value_type>::\n             value,\n     496           |                      ^~~~~~~~\n  >> 497     /var/tmp/koparasy/spack-stage/spack-stage-kokkos-kernels-3.0.00-t2\n             ams4qypgbjgwg333uy5rtyoowylprb/spack-src/src/blas/impl/KokkosBlas1\n_axpby_spec.hpp:242:67: error: expected ')' before 'typename'\n     498       242 |     static_assert (Kokkos::Impl::is_same<typename YMV::val\n             ue_type,\n     499           |                   ~\n                     ^\n     500           |\n                     )",
    "_axpby_spec.hpp: In static member function 'static void KokkosBlas\n             ::Impl::Axpby<typename XV::non_const_value_type, XV, typename YV::\n             non_const_value_type, YV, 1, false, true>::axpby(const AV&, const\n             XV&, const BV&, const YV&)':\n  >> 504     /var/tmp/koparasy/spack-stage/spack-stage-kokkos-kernels-3.0.00-t2\n             ams4qypgbjgwg333uy5rtyoowylprb/spack-src/src/blas/impl/KokkosBlas1\n_axpby_spec.hpp:335:34: error: 'is_same' is not a member of 'Kokko\n             s::Impl'; did you mean 'std::is_same'?\n     505       335 |     static_assert (Kokkos::Impl::is_same<typename YV::valu\n             e_type,\n     506           |                                  ^~~~~~~\n     507     In file included from /usr/tce/packages/gcc/gcc-9.3.1/rh/usr/inclu\n             de/c++/9/bits/move.h:55,",
    "520     In file included from /var/tmp/koparasy/spack-stage/spack-stage-ko\n             kkos-kernels-3.0.00-t2ams4qypgbjgwg333uy5rtyoowylprb/spack-src/src\n             /impl/generated_specializations_cpp/axpby/KokkosBlas1_axpby_eti_sp\n             ec_inst_dbl_LayoutLeft_Serial_HostSpace.cpp:52:\n  >> 521     /var/tmp/koparasy/spack-stage/spack-stage-kokkos-kernels-3.0.00-t2\n             ams4qypgbjgwg333uy5rtyoowylprb/spack-src/src/blas/impl/KokkosBlas1\n_axpby_spec.hpp:335:65: error: expected '(' before ',' token\n     522       335 |     static_assert (Kokkos::Impl::is_same<typename YV::valu\n             e_type,\n     523           |\n                   ^\n     524           |\n                   (",
    "523           |\n                   ^\n     524           |\n                   (\n  >> 525     /var/tmp/koparasy/spack-stage/spack-stage-kokkos-kernels-3.0.00-t2\n             ams4qypgbjgwg333uy5rtyoowylprb/spack-src/src/blas/impl/KokkosBlas1\n_axpby_spec.hpp:336:22: error: expected string-literal before 'typ\n             ename'\n     526       336 |                      typename YV::non_const_value_type>::v\n             alue,\n     527           |                      ^~~~~~~~\n  >> 528     /var/tmp/koparasy/spack-stage/spack-stage-kokkos-kernels-3.0.00-t2\n             ams4qypgbjgwg333uy5rtyoowylprb/spack-src/src/blas/impl/KokkosBlas1",
    "ename'\n     526       336 |                      typename YV::non_const_value_type>::v\n             alue,\n     527           |                      ^~~~~~~~\n  >> 528     /var/tmp/koparasy/spack-stage/spack-stage-kokkos-kernels-3.0.00-t2\n             ams4qypgbjgwg333uy5rtyoowylprb/spack-src/src/blas/impl/KokkosBlas1\n_axpby_spec.hpp:335:66: error: expected ')' before 'typename'\n     529       335 |     static_assert (Kokkos::Impl::is_same<typename YV::valu\n             e_type,\n     530           |                   ~\n                    ^\n     531           |\n                    )",
    "ams4qypgbjgwg333uy5rtyoowylprb/spack-src/src/blas/impl/KokkosBlas1\n             _axpby_impl.hpp: In constructor 'KokkosBlas::Impl::Axpby_Functor<A\n             V, XV, BV, YV, scalar_x, scalar_y, SizeType>::Axpby_Functor(const\n             XV&, const YV&, const AV&, const BV&, SizeType)':\n  >> 541     /var/tmp/koparasy/spack-stage/spack-stage-kokkos-kernels-3.0.00-t2\n             ams4qypgbjgwg333uy5rtyoowylprb/spack-src/src/blas/impl/KokkosBlas1\n_axpby_impl.hpp:101:34: error: 'is_same' is not a member of 'Kokko\n             s::Impl'; did you mean 'std::is_same'?\n     542       101 |     static_assert (Kokkos::Impl::is_same<typename YV::valu\n             e_type,\n     543           |                                  ^~~~~~~\n     544     In file included from /usr/tce/packages/gcc/gcc-9.3.1/rh/usr/inclu\n             de/c++/9/bits/move.h:55,",
    "558                      from /var/tmp/koparasy/spack-stage/spack-stage-ko\n             kkos-kernels-3.0.00-t2ams4qypgbjgwg333uy5rtyoowylprb/spack-src/src\n             /impl/generated_specializations_cpp/axpby/KokkosBlas1_axpby_mv_eti\n             _spec_inst_dbl_LayoutLeft_Serial_HostSpace.cpp:52:\n  >> 559     /var/tmp/koparasy/spack-stage/spack-stage-kokkos-kernels-3.0.00-t2\n             ams4qypgbjgwg333uy5rtyoowylprb/spack-src/src/blas/impl/KokkosBlas1\n_axpby_impl.hpp:101:65: error: expected '(' before ',' token\n     560       101 |     static_assert (Kokkos::Impl::is_same<typename YV::valu\n             e_type,\n     561           |\n                   ^\n     562           |\n                   (",
    "561           |\n                   ^\n     562           |\n                   (\n  >> 563     /var/tmp/koparasy/spack-stage/spack-stage-kokkos-kernels-3.0.00-t2\n             ams4qypgbjgwg333uy5rtyoowylprb/spack-src/src/blas/impl/KokkosBlas1\n_axpby_impl.hpp:102:20: error: expected string-literal before 'typ\n             ename'\n     564       102 |                    typename YV::non_const_value_type>::val\n             ue,\n     565           |                    ^~~~~~~~\n  >> 566     /var/tmp/koparasy/spack-stage/spack-stage-kokkos-kernels-3.0.00-t2\n             ams4qypgbjgwg333uy5rtyoowylprb/spack-src/src/blas/impl/KokkosBlas1",
    "ename'\n     564       102 |                    typename YV::non_const_value_type>::val\n             ue,\n     565           |                    ^~~~~~~~\n  >> 566     /var/tmp/koparasy/spack-stage/spack-stage-kokkos-kernels-3.0.00-t2\n             ams4qypgbjgwg333uy5rtyoowylprb/spack-src/src/blas/impl/KokkosBlas1\n_axpby_impl.hpp:101:66: error: expected ')' before 'typename'\n     567       101 |     static_assert (Kokkos::Impl::is_same<typename YV::valu\n             e_type,\n     568           |                   ~\n                    ^\n     569           |\n                    )",
    "ypename XV::non_const_value_type, XV, typename YV::non_const_value\n             _type, YV, scalar_x, scalar_y, SizeType>::Axpby_Functor(const XV&,\n              const YV&, const typename XV::non_const_value_type&, const typena\n             me YV::non_const_value_type&, SizeType)':\n  >> 573     /var/tmp/koparasy/spack-stage/spack-stage-kokkos-kernels-3.0.00-t2\n             ams4qypgbjgwg333uy5rtyoowylprb/spack-src/src/blas/impl/KokkosBlas1\n_axpby_impl.hpp:235:34: error: 'is_same' is not a member of 'Kokko\n             s::Impl'; did you mean 'std::is_same'?\n     574       235 |     static_assert (Kokkos::Impl::is_same<typename YV::valu\n             e_type,\n     575           |                                  ^~~~~~~\n     576     In file included from /usr/tce/packages/gcc/gcc-9.3.1/rh/usr/inclu\n             de/c++/9/bits/move.h:55,",
    "590                      from /var/tmp/koparasy/spack-stage/spack-stage-ko\n             kkos-kernels-3.0.00-t2ams4qypgbjgwg333uy5rtyoowylprb/spack-src/src\n             /impl/generated_specializations_cpp/axpby/KokkosBlas1_axpby_mv_eti\n             _spec_inst_dbl_LayoutLeft_Serial_HostSpace.cpp:52:\n  >> 591     /var/tmp/koparasy/spack-stage/spack-stage-kokkos-kernels-3.0.00-t2\n             ams4qypgbjgwg333uy5rtyoowylprb/spack-src/src/blas/impl/KokkosBlas1\n_axpby_impl.hpp:235:65: error: expected '(' before ',' token\n     592       235 |     static_assert (Kokkos::Impl::is_same<typename YV::valu\n             e_type,\n     593           |\n                   ^\n     594           |\n                   (",
    "593           |\n                   ^\n     594           |\n                   (\n  >> 595     /var/tmp/koparasy/spack-stage/spack-stage-kokkos-kernels-3.0.00-t2\n             ams4qypgbjgwg333uy5rtyoowylprb/spack-src/src/blas/impl/KokkosBlas1\n_axpby_impl.hpp:236:20: error: expected string-literal before 'typ\n             ename'\n     596       236 |                    typename YV::non_const_value_type>::val\n             ue,\n     597           |                    ^~~~~~~~\n  >> 598     /var/tmp/koparasy/spack-stage/spack-stage-kokkos-kernels-3.0.00-t2\n             ams4qypgbjgwg333uy5rtyoowylprb/spack-src/src/blas/impl/KokkosBlas1",
    "ename'\n     596       236 |                    typename YV::non_const_value_type>::val\n             ue,\n     597           |                    ^~~~~~~~\n  >> 598     /var/tmp/koparasy/spack-stage/spack-stage-kokkos-kernels-3.0.00-t2\n             ams4qypgbjgwg333uy5rtyoowylprb/spack-src/src/blas/impl/KokkosBlas1\n_axpby_impl.hpp:235:66: error: expected ')' before 'typename'\n     599       235 |     static_assert (Kokkos::Impl::is_same<typename YV::valu\n             e_type,\n     600           |                   ~\n                    ^\n     601           |\n                    )",
    "604     /var/tmp/koparasy/spack-stage/spack-stage-kokkos-kernels-3.0.00-t2\n             ams4qypgbjgwg333uy5rtyoowylprb/spack-src/src/blas/impl/KokkosBlas1\n             _axpby_impl.hpp: In function 'void KokkosBlas::Impl::Axpby_Generic\n             (const AV&, const XV&, const BV&, const YV&, SizeType, int, int)':\n  >> 605     /var/tmp/koparasy/spack-stage/spack-stage-kokkos-kernels-3.0.00-t2\n             ams4qypgbjgwg333uy5rtyoowylprb/spack-src/src/blas/impl/KokkosBlas1\n_axpby_impl.hpp:340:32: error: 'is_same' is not a member of 'Kokko\n             s::Impl'; did you mean 'std::is_same'?\n     606       340 |   static_assert (Kokkos::Impl::is_same<typename YV::value_\n             type,\n     607           |                                ^~~~~~~\n     608     In file included from /usr/tce/packages/gcc/gcc-9.3.1/rh/usr/inclu\n             de/c++/9/bits/move.h:55,",
    "622                      from /var/tmp/koparasy/spack-stage/spack-stage-ko\n             kkos-kernels-3.0.00-t2ams4qypgbjgwg333uy5rtyoowylprb/spack-src/src\n             /impl/generated_specializations_cpp/axpby/KokkosBlas1_axpby_mv_eti\n             _spec_inst_dbl_LayoutLeft_Serial_HostSpace.cpp:52:\n  >> 623     /var/tmp/koparasy/spack-stage/spack-stage-kokkos-kernels-3.0.00-t2\n             ams4qypgbjgwg333uy5rtyoowylprb/spack-src/src/blas/impl/KokkosBlas1\n_axpby_impl.hpp:340:63: error: expected '(' before ',' token\n     624       340 |   static_assert (Kokkos::Impl::is_same<typename YV::value_\n             type,\n     625           |\n                 ^\n     626           |\n                 (",
    "625           |\n                 ^\n     626           |\n                 (\n  >> 627     /var/tmp/koparasy/spack-stage/spack-stage-kokkos-kernels-3.0.00-t2\n             ams4qypgbjgwg333uy5rtyoowylprb/spack-src/src/blas/impl/KokkosBlas1\n_axpby_impl.hpp:341:20: error: expected string-literal before 'typ\n             ename'\n     628       341 |                    typename YV::non_const_value_type>::val\n             ue,\n     629           |                    ^~~~~~~~\n  >> 630     /var/tmp/koparasy/spack-stage/spack-stage-kokkos-kernels-3.0.00-t2\n             ams4qypgbjgwg333uy5rtyoowylprb/spack-src/src/blas/impl/KokkosBlas1",
    "ename'\n     628       341 |                    typename YV::non_const_value_type>::val\n             ue,\n     629           |                    ^~~~~~~~\n  >> 630     /var/tmp/koparasy/spack-stage/spack-stage-kokkos-kernels-3.0.00-t2\n             ams4qypgbjgwg333uy5rtyoowylprb/spack-src/src/blas/impl/KokkosBlas1\n_axpby_impl.hpp:340:64: error: expected ')' before 'typename'\n     631       340 |   static_assert (Kokkos::Impl::is_same<typename YV::value_\n             type,\n     632           |                 ~\n                  ^\n     633           |\n                  )",
    "ams4qypgbjgwg333uy5rtyoowylprb/spack-src/src/blas/impl/KokkosBlas1\n             _axpby_mv_impl.hpp: In constructor 'KokkosBlas::Impl::Axpby_MV_Fun\n             ctor<AV, XMV, BV, YMV, scalar_x, scalar_y, SizeType>::Axpby_MV_Fun\n             ctor(const XMV&, const YMV&, const AV&, const BV&)':\n  >> 639     /var/tmp/koparasy/spack-stage/spack-stage-kokkos-kernels-3.0.00-t2\n             ams4qypgbjgwg333uy5rtyoowylprb/spack-src/src/blas/impl/KokkosBlas1\n_axpby_mv_impl.hpp:98:34: error: 'is_same' is not a member of 'Kok\n             kos::Impl'; did you mean 'std::is_same'?\n     640        98 |     static_assert (Kokkos::Impl::is_same<typename YMV::val\n             ue_type,\n     641           |                                  ^~~~~~~\n     642     In file included from /usr/tce/packages/gcc/gcc-9.3.1/rh/usr/inclu\n             de/c++/9/bits/move.h:55,",
    "656                      from /var/tmp/koparasy/spack-stage/spack-stage-ko\n             kkos-kernels-3.0.00-t2ams4qypgbjgwg333uy5rtyoowylprb/spack-src/src\n             /impl/generated_specializations_cpp/axpby/KokkosBlas1_axpby_mv_eti\n             _spec_inst_dbl_LayoutLeft_Serial_HostSpace.cpp:52:\n  >> 657     /var/tmp/koparasy/spack-stage/spack-stage-kokkos-kernels-3.0.00-t2\n             ams4qypgbjgwg333uy5rtyoowylprb/spack-src/src/blas/impl/KokkosBlas1\n_axpby_mv_impl.hpp:98:66: error: expected '(' before ',' token\n     658        98 |     static_assert (Kokkos::Impl::is_same<typename YMV::val\n             ue_type,\n     659           |\n                    ^\n     660           |\n                    (",
    "659           |\n                    ^\n     660           |\n                    (\n  >> 661     /var/tmp/koparasy/spack-stage/spack-stage-kokkos-kernels-3.0.00-t2\n             ams4qypgbjgwg333uy5rtyoowylprb/spack-src/src/blas/impl/KokkosBlas1\n_axpby_mv_impl.hpp:99:20: error: expected string-literal before 't\n             ypename'\n     662        99 |                    typename YMV::non_const_value_type>::va\n             lue,\n     663           |                    ^~~~~~~~\n  >> 664     /var/tmp/koparasy/spack-stage/spack-stage-kokkos-kernels-3.0.00-t2\n             ams4qypgbjgwg333uy5rtyoowylprb/spack-src/src/blas/impl/KokkosBlas1",
    "ypename'\n     662        99 |                    typename YMV::non_const_value_type>::va\n             lue,\n     663           |                    ^~~~~~~~\n  >> 664     /var/tmp/koparasy/spack-stage/spack-stage-kokkos-kernels-3.0.00-t2\n             ams4qypgbjgwg333uy5rtyoowylprb/spack-src/src/blas/impl/KokkosBlas1\n_axpby_mv_impl.hpp:98:67: error: expected ')' before 'typename'\n     665        98 |     static_assert (Kokkos::Impl::is_same<typename YMV::val\n             ue_type,\n     666           |                   ~\n                     ^\n     667           |\n                     )",
    "ctor<typename XMV::non_const_value_type, XMV, typename YMV::non_co\n             nst_value_type, YMV, scalar_x, scalar_y, SizeType>::Axpby_MV_Funct\n             or(const XMV&, const YMV&, const typename XMV::non_const_value_typ\n             e&, const typename YMV::non_const_value_type&)':\n  >> 671     /var/tmp/koparasy/spack-stage/spack-stage-kokkos-kernels-3.0.00-t2\n             ams4qypgbjgwg333uy5rtyoowylprb/spack-src/src/blas/impl/KokkosBlas1\n_axpby_mv_impl.hpp:332:34: error: 'is_same' is not a member of 'Ko\n             kkos::Impl'; did you mean 'std::is_same'?\n     672       332 |     static_assert (Kokkos::Impl::is_same<typename YMV::val\n             ue_type,\n     673           |                                  ^~~~~~~\n     674     In file included from /usr/tce/packages/gcc/gcc-9.3.1/rh/usr/inclu\n             de/c++/9/bits/move.h:55,",
    "688                      from /var/tmp/koparasy/spack-stage/spack-stage-ko\n             kkos-kernels-3.0.00-t2ams4qypgbjgwg333uy5rtyoowylprb/spack-src/src\n             /impl/generated_specializations_cpp/axpby/KokkosBlas1_axpby_mv_eti\n             _spec_inst_dbl_LayoutLeft_Serial_HostSpace.cpp:52:\n  >> 689     /var/tmp/koparasy/spack-stage/spack-stage-kokkos-kernels-3.0.00-t2\n             ams4qypgbjgwg333uy5rtyoowylprb/spack-src/src/blas/impl/KokkosBlas1\n_axpby_mv_impl.hpp:332:66: error: expected '(' before ',' token\n     690       332 |     static_assert (Kokkos::Impl::is_same<typename YMV::val\n             ue_type,\n     691           |\n                    ^\n     692           |\n                    (",
    "691           |\n                    ^\n     692           |\n                    (\n  >> 693     /var/tmp/koparasy/spack-stage/spack-stage-kokkos-kernels-3.0.00-t2\n             ams4qypgbjgwg333uy5rtyoowylprb/spack-src/src/blas/impl/KokkosBlas1\n_axpby_mv_impl.hpp:333:20: error: expected string-literal before '\n             typename'\n     694       333 |                    typename YMV::non_const_value_type>::va\n             lue,\n     695           |                    ^~~~~~~~\n  >> 696     /var/tmp/koparasy/spack-stage/spack-stage-kokkos-kernels-3.0.00-t2\n             ams4qypgbjgwg333uy5rtyoowylprb/spack-src/src/blas/impl/KokkosBlas1",
    "typename'\n     694       333 |                    typename YMV::non_const_value_type>::va\n             lue,\n     695           |                    ^~~~~~~~\n  >> 696     /var/tmp/koparasy/spack-stage/spack-stage-kokkos-kernels-3.0.00-t2\n             ams4qypgbjgwg333uy5rtyoowylprb/spack-src/src/blas/impl/KokkosBlas1\n_axpby_mv_impl.hpp:332:67: error: expected ')' before 'typename'\n     697       332 |     static_assert (Kokkos::Impl::is_same<typename YMV::val\n             ue_type,\n     698           |                   ~\n                     ^\n     699           |\n                     )",
    "_axpby_mv_impl.hpp: In constructor 'KokkosBlas::Impl::Axpby_MV_Unr\n             oll_Functor<AV, XMV, BV, YMV, scalar_x, scalar_y, UNROLL, SizeType\n             >::Axpby_MV_Unroll_Functor(const XMV&, const YMV&, const AV&, cons\n             t BV&, SizeType)':\n  >> 703     /var/tmp/koparasy/spack-stage/spack-stage-kokkos-kernels-3.0.00-t2\n             ams4qypgbjgwg333uy5rtyoowylprb/spack-src/src/blas/impl/KokkosBlas1\n_axpby_mv_impl.hpp:549:34: error: 'is_same' is not a member of 'Ko\n             kkos::Impl'; did you mean 'std::is_same'?\n     704       549 |     static_assert (Kokkos::Impl::is_same<typename YMV::val\n             ue_type,\n     705           |                                  ^~~~~~~\n     706     In file included from /usr/tce/packages/gcc/gcc-9.3.1/rh/usr/inclu\n             de/c++/9/bits/move.h:55,",
    "720                      from /var/tmp/koparasy/spack-stage/spack-stage-ko\n             kkos-kernels-3.0.00-t2ams4qypgbjgwg333uy5rtyoowylprb/spack-src/src\n             /impl/generated_specializations_cpp/axpby/KokkosBlas1_axpby_mv_eti\n             _spec_inst_dbl_LayoutLeft_Serial_HostSpace.cpp:52:\n  >> 721     /var/tmp/koparasy/spack-stage/spack-stage-kokkos-kernels-3.0.00-t2\n             ams4qypgbjgwg333uy5rtyoowylprb/spack-src/src/blas/impl/KokkosBlas1\n_axpby_mv_impl.hpp:549:66: error: expected '(' before ',' token\n     722       549 |     static_assert (Kokkos::Impl::is_same<typename YMV::val\n             ue_type,\n     723           |\n                    ^\n     724           |\n                    (",
    "723           |\n                    ^\n     724           |\n                    (\n  >> 725     /var/tmp/koparasy/spack-stage/spack-stage-kokkos-kernels-3.0.00-t2\n             ams4qypgbjgwg333uy5rtyoowylprb/spack-src/src/blas/impl/KokkosBlas1\n_axpby_mv_impl.hpp:550:20: error: expected string-literal before '\n             typename'\n     726       550 |                    typename YMV::non_const_value_type>::va\n             lue,\n     727           |                    ^~~~~~~~\n  >> 728     /var/tmp/koparasy/spack-stage/spack-stage-kokkos-kernels-3.0.00-t2\n             ams4qypgbjgwg333uy5rtyoowylprb/spack-src/src/blas/impl/KokkosBlas1",
    "typename'\n     726       550 |                    typename YMV::non_const_value_type>::va\n             lue,\n     727           |                    ^~~~~~~~\n  >> 728     /var/tmp/koparasy/spack-stage/spack-stage-kokkos-kernels-3.0.00-t2\n             ams4qypgbjgwg333uy5rtyoowylprb/spack-src/src/blas/impl/KokkosBlas1\n_axpby_mv_impl.hpp:549:67: error: expected ')' before 'typename'\n     729       549 |     static_assert (Kokkos::Impl::is_same<typename YMV::val\n             ue_type,\n     730           |                   ~\n                     ^\n     731           |\n                     )",
    ":non_const_value_type, YMV, scalar_x, scalar_y, UNROLL, SizeType>:\n             :Axpby_MV_Unroll_Functor(const XMV&, const YMV&, const typename XM\n             V::non_const_value_type&, const typename YMV::non_const_value_type\n             &, SizeType)':\n  >> 735     /var/tmp/koparasy/spack-stage/spack-stage-kokkos-kernels-3.0.00-t2\n             ams4qypgbjgwg333uy5rtyoowylprb/spack-src/src/blas/impl/KokkosBlas1\n_axpby_mv_impl.hpp:770:34: error: 'is_same' is not a member of 'Ko\n             kkos::Impl'; did you mean 'std::is_same'?\n     736       770 |     static_assert (Kokkos::Impl::is_same<typename YMV::val\n             ue_type,\n     737           |                                  ^~~~~~~\n     738     In file included from /usr/tce/packages/gcc/gcc-9.3.1/rh/usr/inclu\n             de/c++/9/bits/move.h:55,",
    "752                      from /var/tmp/koparasy/spack-stage/spack-stage-ko\n             kkos-kernels-3.0.00-t2ams4qypgbjgwg333uy5rtyoowylprb/spack-src/src\n             /impl/generated_specializations_cpp/axpby/KokkosBlas1_axpby_mv_eti\n             _spec_inst_dbl_LayoutLeft_Serial_HostSpace.cpp:52:\n  >> 753     /var/tmp/koparasy/spack-stage/spack-stage-kokkos-kernels-3.0.00-t2\n             ams4qypgbjgwg333uy5rtyoowylprb/spack-src/src/blas/impl/KokkosBlas1\n_axpby_mv_impl.hpp:770:66: error: expected '(' before ',' token\n     754       770 |     static_assert (Kokkos::Impl::is_same<typename YMV::val\n             ue_type,\n     755           |\n                    ^\n     756           |\n                    (",
    "755           |\n                    ^\n     756           |\n                    (\n  >> 757     /var/tmp/koparasy/spack-stage/spack-stage-kokkos-kernels-3.0.00-t2\n             ams4qypgbjgwg333uy5rtyoowylprb/spack-src/src/blas/impl/KokkosBlas1\n_axpby_mv_impl.hpp:771:20: error: expected string-literal before '\n             typename'\n     758       771 |                    typename YMV::non_const_value_type>::va\n             lue,\n     759           |                    ^~~~~~~~\n  >> 760     /var/tmp/koparasy/spack-stage/spack-stage-kokkos-kernels-3.0.00-t2\n             ams4qypgbjgwg333uy5rtyoowylprb/spack-src/src/blas/impl/KokkosBlas1",
    "typename'\n     758       771 |                    typename YMV::non_const_value_type>::va\n             lue,\n     759           |                    ^~~~~~~~\n  >> 760     /var/tmp/koparasy/spack-stage/spack-stage-kokkos-kernels-3.0.00-t2\n             ams4qypgbjgwg333uy5rtyoowylprb/spack-src/src/blas/impl/KokkosBlas1\n_axpby_mv_impl.hpp:770:67: error: expected ')' before 'typename'\n     761       770 |     static_assert (Kokkos::Impl::is_same<typename YMV::val\n             ue_type,\n     762           |                   ~\n                     ^\n     763           |\n                     )",
    "ams4qypgbjgwg333uy5rtyoowylprb/spack-src/src/blas/impl/KokkosBlas1\n             _axpby_mv_impl.hpp: In function 'void KokkosBlas::Impl::Axpby_MV_U\n             nrolled(const AV&, const XMV&, const BV&, const YMV&, SizeType, in\n             t, int)':\n  >> 767     /var/tmp/koparasy/spack-stage/spack-stage-kokkos-kernels-3.0.00-t2\n             ams4qypgbjgwg333uy5rtyoowylprb/spack-src/src/blas/impl/KokkosBlas1\n_axpby_mv_impl.hpp:984:32: error: 'is_same' is not a member of 'Ko\n             kkos::Impl'; did you mean 'std::is_same'?\n     768       984 |   static_assert (Kokkos::Impl::is_same<typename YMV::value\n             _type,\n     769           |                                ^~~~~~~\n     770     In file included from /usr/tce/packages/gcc/gcc-9.3.1/rh/usr/inclu\n             de/c++/9/bits/move.h:55,",
    "784                      from /var/tmp/koparasy/spack-stage/spack-stage-ko\n             kkos-kernels-3.0.00-t2ams4qypgbjgwg333uy5rtyoowylprb/spack-src/src\n             /impl/generated_specializations_cpp/axpby/KokkosBlas1_axpby_mv_eti\n             _spec_inst_dbl_LayoutLeft_Serial_HostSpace.cpp:52:\n  >> 785     /var/tmp/koparasy/spack-stage/spack-stage-kokkos-kernels-3.0.00-t2\n             ams4qypgbjgwg333uy5rtyoowylprb/spack-src/src/blas/impl/KokkosBlas1\n_axpby_mv_impl.hpp:984:64: error: expected '(' before ',' token\n     786       984 |   static_assert (Kokkos::Impl::is_same<typename YMV::value\n             _type,\n     787           |\n                  ^\n     788           |\n                  (",
    "787           |\n                  ^\n     788           |\n                  (\n  >> 789     /var/tmp/koparasy/spack-stage/spack-stage-kokkos-kernels-3.0.00-t2\n             ams4qypgbjgwg333uy5rtyoowylprb/spack-src/src/blas/impl/KokkosBlas1\n_axpby_mv_impl.hpp:985:20: error: expected string-literal before '\n             typename'\n     790       985 |                    typename YMV::non_const_value_type>::va\n             lue,\n     791           |                    ^~~~~~~~\n  >> 792     /var/tmp/koparasy/spack-stage/spack-stage-kokkos-kernels-3.0.00-t2\n             ams4qypgbjgwg333uy5rtyoowylprb/spack-src/src/blas/impl/KokkosBlas1",
    "typename'\n     790       985 |                    typename YMV::non_const_value_type>::va\n             lue,\n     791           |                    ^~~~~~~~\n  >> 792     /var/tmp/koparasy/spack-stage/spack-stage-kokkos-kernels-3.0.00-t2\n             ams4qypgbjgwg333uy5rtyoowylprb/spack-src/src/blas/impl/KokkosBlas1\n_axpby_mv_impl.hpp:984:65: error: expected ')' before 'typename'\n     793       984 |   static_assert (Kokkos::Impl::is_same<typename YMV::value\n             _type,\n     794           |                 ~\n                   ^\n     795           |\n                   )",
    "798     /var/tmp/koparasy/spack-stage/spack-stage-kokkos-kernels-3.0.00-t2\n             ams4qypgbjgwg333uy5rtyoowylprb/spack-src/src/blas/impl/KokkosBlas1\n             _axpby_mv_impl.hpp: In function 'void KokkosBlas::Impl::Axpby_MV_G\n             eneric(const AV&, const XMV&, const BV&, const YMV&, int, int)':\n  >> 799     /var/tmp/koparasy/spack-stage/spack-stage-kokkos-kernels-3.0.00-t2\n             ams4qypgbjgwg333uy5rtyoowylprb/spack-src/src/blas/impl/KokkosBlas1\n_axpby_mv_impl.hpp:1122:32: error: 'is_same' is not a member of 'K\n             okkos::Impl'; did you mean 'std::is_same'?\n     800      1122 |   static_assert (Kokkos::Impl::is_same<typename YMV::value\n             _type,\n     801           |                                ^~~~~~~\n     802     In file included from /usr/tce/packages/gcc/gcc-9.3.1/rh/usr/inclu\n             de/c++/9/bits/move.h:55,",
    "816                      from /var/tmp/koparasy/spack-stage/spack-stage-ko\n             kkos-kernels-3.0.00-t2ams4qypgbjgwg333uy5rtyoowylprb/spack-src/src\n             /impl/generated_specializations_cpp/axpby/KokkosBlas1_axpby_mv_eti\n             _spec_inst_dbl_LayoutLeft_Serial_HostSpace.cpp:52:\n  >> 817     /var/tmp/koparasy/spack-stage/spack-stage-kokkos-kernels-3.0.00-t2\n             ams4qypgbjgwg333uy5rtyoowylprb/spack-src/src/blas/impl/KokkosBlas1\n_axpby_mv_impl.hpp:1122:64: error: expected '(' before ',' token\n     818      1122 |   static_assert (Kokkos::Impl::is_same<typename YMV::value\n             _type,\n     819           |\n                  ^\n     820           |\n                  (",
    "819           |\n                  ^\n     820           |\n                  (\n  >> 821     /var/tmp/koparasy/spack-stage/spack-stage-kokkos-kernels-3.0.00-t2\n             ams4qypgbjgwg333uy5rtyoowylprb/spack-src/src/blas/impl/KokkosBlas1\n_axpby_mv_impl.hpp:1123:20: error: expected string-literal before\n             'typename'\n     822      1123 |                    typename YMV::non_const_value_type>::va\n             lue,\n     823           |                    ^~~~~~~~\n  >> 824     /var/tmp/koparasy/spack-stage/spack-stage-kokkos-kernels-3.0.00-t2\n             ams4qypgbjgwg333uy5rtyoowylprb/spack-src/src/blas/impl/KokkosBlas1",
    "'typename'\n     822      1123 |                    typename YMV::non_const_value_type>::va\n             lue,\n     823           |                    ^~~~~~~~\n  >> 824     /var/tmp/koparasy/spack-stage/spack-stage-kokkos-kernels-3.0.00-t2\n             ams4qypgbjgwg333uy5rtyoowylprb/spack-src/src/blas/impl/KokkosBlas1\n_axpby_mv_impl.hpp:1122:65: error: expected ')' before 'typename'\n     825      1122 |   static_assert (Kokkos::Impl::is_same<typename YMV::value\n             _type,\n     826           |                 ~\n                   ^\n     827           |\n                   )",
    "ams4qypgbjgwg333uy5rtyoowylprb/spack-src/src/blas/impl/KokkosBlas1\n             _axpby_mv_impl.hpp: In static member function 'static void KokkosB\n             las::Impl::Axpby_MV_Invoke_Left<AV, XMV, BV, YMV, SizeType>::run(c\n             onst AV&, const XMV&, const BV&, const YMV&, int, int)':\n  >> 831     /var/tmp/koparasy/spack-stage/spack-stage-kokkos-kernels-3.0.00-t2\n             ams4qypgbjgwg333uy5rtyoowylprb/spack-src/src/blas/impl/KokkosBlas1\n_axpby_mv_impl.hpp:1262:32: error: 'is_same' is not a member of 'K\n             okkos::Impl'; did you mean 'std::is_same'?\n     832      1262 |   static_assert (Kokkos::Impl::is_same<typename YMV::value\n             _type,\n     833           |                                ^~~~~~~\n     834     In file included from /usr/tce/packages/gcc/gcc-9.3.1/rh/usr/inclu\n             de/c++/9/bits/move.h:55,",
    "848                      from /var/tmp/koparasy/spack-stage/spack-stage-ko\n             kkos-kernels-3.0.00-t2ams4qypgbjgwg333uy5rtyoowylprb/spack-src/src\n             /impl/generated_specializations_cpp/axpby/KokkosBlas1_axpby_mv_eti\n             _spec_inst_dbl_LayoutLeft_Serial_HostSpace.cpp:52:\n  >> 849     /var/tmp/koparasy/spack-stage/spack-stage-kokkos-kernels-3.0.00-t2\n             ams4qypgbjgwg333uy5rtyoowylprb/spack-src/src/blas/impl/KokkosBlas1\n_axpby_mv_impl.hpp:1262:64: error: expected '(' before ',' token\n     850      1262 |   static_assert (Kokkos::Impl::is_same<typename YMV::value\n             _type,\n     851           |\n                  ^\n     852           |\n                  (",
    "851           |\n                  ^\n     852           |\n                  (\n  >> 853     /var/tmp/koparasy/spack-stage/spack-stage-kokkos-kernels-3.0.00-t2\n             ams4qypgbjgwg333uy5rtyoowylprb/spack-src/src/blas/impl/KokkosBlas1\n_axpby_mv_impl.hpp:1263:18: error: expected string-literal before\n             'typename'\n     854      1263 |                  typename YMV::non_const_value_type>::valu\n             e,\n     855           |                  ^~~~~~~~\n  >> 856     /var/tmp/koparasy/spack-stage/spack-stage-kokkos-kernels-3.0.00-t2\n             ams4qypgbjgwg333uy5rtyoowylprb/spack-src/src/blas/impl/KokkosBlas1",
    "'typename'\n     854      1263 |                  typename YMV::non_const_value_type>::valu\n             e,\n     855           |                  ^~~~~~~~\n  >> 856     /var/tmp/koparasy/spack-stage/spack-stage-kokkos-kernels-3.0.00-t2\n             ams4qypgbjgwg333uy5rtyoowylprb/spack-src/src/blas/impl/KokkosBlas1\n_axpby_mv_impl.hpp:1262:65: error: expected ')' before 'typename'\n     857      1262 |   static_assert (Kokkos::Impl::is_same<typename YMV::value\n             _type,\n     858           |                 ~\n                   ^\n     859           |\n                   )",
    "ams4qypgbjgwg333uy5rtyoowylprb/spack-src/src/blas/impl/KokkosBlas1\n             _axpby_mv_impl.hpp: In static member function 'static void KokkosB\n             las::Impl::Axpby_MV_Invoke_Right<AV, XMV, BV, YMV, SizeType>::run(\n             const AV&, const XMV&, const BV&, const YMV&, int, int)':\n  >> 863     /var/tmp/koparasy/spack-stage/spack-stage-kokkos-kernels-3.0.00-t2\n             ams4qypgbjgwg333uy5rtyoowylprb/spack-src/src/blas/impl/KokkosBlas1\n_axpby_mv_impl.hpp:1341:32: error: 'is_same' is not a member of 'K\n             okkos::Impl'; did you mean 'std::is_same'?\n     864      1341 |   static_assert (Kokkos::Impl::is_same<typename YMV::value\n             _type,\n     865           |                                ^~~~~~~\n     866     In file included from /usr/tce/packages/gcc/gcc-9.3.1/rh/usr/inclu\n             de/c++/9/bits/move.h:55,",
    "880                      from /var/tmp/koparasy/spack-stage/spack-stage-ko\n             kkos-kernels-3.0.00-t2ams4qypgbjgwg333uy5rtyoowylprb/spack-src/src\n             /impl/generated_specializations_cpp/axpby/KokkosBlas1_axpby_mv_eti\n             _spec_inst_dbl_LayoutLeft_Serial_HostSpace.cpp:52:\n  >> 881     /var/tmp/koparasy/spack-stage/spack-stage-kokkos-kernels-3.0.00-t2\n             ams4qypgbjgwg333uy5rtyoowylprb/spack-src/src/blas/impl/KokkosBlas1\n_axpby_mv_impl.hpp:1341:64: error: expected '(' before ',' token\n     882      1341 |   static_assert (Kokkos::Impl::is_same<typename YMV::value\n             _type,\n     883           |\n                  ^\n     884           |\n                  (",
    "883           |\n                  ^\n     884           |\n                  (\n  >> 885     /var/tmp/koparasy/spack-stage/spack-stage-kokkos-kernels-3.0.00-t2\n             ams4qypgbjgwg333uy5rtyoowylprb/spack-src/src/blas/impl/KokkosBlas1\n_axpby_mv_impl.hpp:1342:18: error: expected string-literal before\n             'typename'\n     886      1342 |                  typename YMV::non_const_value_type>::valu\n             e,\n     887           |                  ^~~~~~~~\n  >> 888     /var/tmp/koparasy/spack-stage/spack-stage-kokkos-kernels-3.0.00-t2\n             ams4qypgbjgwg333uy5rtyoowylprb/spack-src/src/blas/impl/KokkosBlas1",
    "'typename'\n     886      1342 |                  typename YMV::non_const_value_type>::valu\n             e,\n     887           |                  ^~~~~~~~\n  >> 888     /var/tmp/koparasy/spack-stage/spack-stage-kokkos-kernels-3.0.00-t2\n             ams4qypgbjgwg333uy5rtyoowylprb/spack-src/src/blas/impl/KokkosBlas1\n_axpby_mv_impl.hpp:1341:65: error: expected ')' before 'typename'\n     889      1341 |   static_assert (Kokkos::Impl::is_same<typename YMV::value\n             _type,\n     890           |                 ~\n                   ^\n     891           |\n                   )",
    "ams4qypgbjgwg333uy5rtyoowylprb/spack-src/src/blas/impl/KokkosBlas1\n             _axpby_spec.hpp: In static member function 'static void KokkosBlas\n             ::Impl::Axpby<AV, XMV, BV, YMV, 2, false, true>::axpby(const AV&,\n             const XMV&, const BV&, const YMV&)':\n  >> 896     /var/tmp/koparasy/spack-stage/spack-stage-kokkos-kernels-3.0.00-t2\n             ams4qypgbjgwg333uy5rtyoowylprb/spack-src/src/blas/impl/KokkosBlas1\n_axpby_spec.hpp:173:34: error: 'is_same' is not a member of 'Kokko\n             s::Impl'; did you mean 'std::is_same'?\n     897       173 |     static_assert (Kokkos::Impl::is_same<typename YMV::val\n             ue_type,\n     898           |                                  ^~~~~~~\n     899     In file included from /usr/tce/packages/gcc/gcc-9.3.1/rh/usr/inclu\n             de/c++/9/bits/move.h:55,",
    "912     In file included from /var/tmp/koparasy/spack-stage/spack-stage-ko\n             kkos-kernels-3.0.00-t2ams4qypgbjgwg333uy5rtyoowylprb/spack-src/src\n             /impl/generated_specializations_cpp/axpby/KokkosBlas1_axpby_mv_eti\n             _spec_inst_dbl_LayoutLeft_Serial_HostSpace.cpp:52:\n  >> 913     /var/tmp/koparasy/spack-stage/spack-stage-kokkos-kernels-3.0.00-t2\n             ams4qypgbjgwg333uy5rtyoowylprb/spack-src/src/blas/impl/KokkosBlas1\n_axpby_spec.hpp:173:66: error: expected '(' before ',' token\n     914       173 |     static_assert (Kokkos::Impl::is_same<typename YMV::val\n             ue_type,\n     915           |\n                    ^\n     916           |\n                    (",
    "915           |\n                    ^\n     916           |\n                    (\n  >> 917     /var/tmp/koparasy/spack-stage/spack-stage-kokkos-kernels-3.0.00-t2\n             ams4qypgbjgwg333uy5rtyoowylprb/spack-src/src/blas/impl/KokkosBlas1\n_axpby_spec.hpp:174:22: error: expected string-literal before 'typ\n             ename'\n     918       174 |                      typename YMV::non_const_value_type>::\n             value,\n     919           |                      ^~~~~~~~\n  >> 920     /var/tmp/koparasy/spack-stage/spack-stage-kokkos-kernels-3.0.00-t2\n             ams4qypgbjgwg333uy5rtyoowylprb/spack-src/src/blas/impl/KokkosBlas1",
    "ename'\n     918       174 |                      typename YMV::non_const_value_type>::\n             value,\n     919           |                      ^~~~~~~~\n  >> 920     /var/tmp/koparasy/spack-stage/spack-stage-kokkos-kernels-3.0.00-t2\n             ams4qypgbjgwg333uy5rtyoowylprb/spack-src/src/blas/impl/KokkosBlas1\n_axpby_spec.hpp:173:67: error: expected ')' before 'typename'\n     921       173 |     static_assert (Kokkos::Impl::is_same<typename YMV::val\n             ue_type,\n     922           |                   ~\n                     ^\n     923           |\n                     )",
    "_axpby_spec.hpp: In static member function 'static void KokkosBlas\n             ::Impl::Axpby<typename XMV::non_const_value_type, XMV, typename YM\n             V::non_const_value_type, YMV, 2, false, true>::axpby(const AV&, co\n             nst XMV&, const BV&, const YMV&)':\n  >> 928     /var/tmp/koparasy/spack-stage/spack-stage-kokkos-kernels-3.0.00-t2\n             ams4qypgbjgwg333uy5rtyoowylprb/spack-src/src/blas/impl/KokkosBlas1\n_axpby_spec.hpp:242:34: error: 'is_same' is not a member of 'Kokko\n             s::Impl'; did you mean 'std::is_same'?\n     929       242 |     static_assert (Kokkos::Impl::is_same<typename YMV::val\n             ue_type,\n     930           |                                  ^~~~~~~\n     931     In file included from /usr/tce/packages/gcc/gcc-9.3.1/rh/usr/inclu\n             de/c++/9/bits/move.h:55,",
    "944     In file included from /var/tmp/koparasy/spack-stage/spack-stage-ko\n             kkos-kernels-3.0.00-t2ams4qypgbjgwg333uy5rtyoowylprb/spack-src/src\n             /impl/generated_specializations_cpp/axpby/KokkosBlas1_axpby_mv_eti\n             _spec_inst_dbl_LayoutLeft_Serial_HostSpace.cpp:52:\n  >> 945     /var/tmp/koparasy/spack-stage/spack-stage-kokkos-kernels-3.0.00-t2\n             ams4qypgbjgwg333uy5rtyoowylprb/spack-src/src/blas/impl/KokkosBlas1\n_axpby_spec.hpp:242:66: error: expected '(' before ',' token\n     946       242 |     static_assert (Kokkos::Impl::is_same<typename YMV::val\n             ue_type,\n     947           |\n                    ^\n     948           |\n                    (",
    "947           |\n                    ^\n     948           |\n                    (\n  >> 949     /var/tmp/koparasy/spack-stage/spack-stage-kokkos-kernels-3.0.00-t2\n             ams4qypgbjgwg333uy5rtyoowylprb/spack-src/src/blas/impl/KokkosBlas1\n_axpby_spec.hpp:243:22: error: expected string-literal before 'typ\n             ename'\n     950       243 |                      typename YMV::non_const_value_type>::\n             value,\n     951           |                      ^~~~~~~~\n  >> 952     /var/tmp/koparasy/spack-stage/spack-stage-kokkos-kernels-3.0.00-t2\n             ams4qypgbjgwg333uy5rtyoowylprb/spack-src/src/blas/impl/KokkosBlas1",
    "ename'\n     950       243 |                      typename YMV::non_const_value_type>::\n             value,\n     951           |                      ^~~~~~~~\n  >> 952     /var/tmp/koparasy/spack-stage/spack-stage-kokkos-kernels-3.0.00-t2\n             ams4qypgbjgwg333uy5rtyoowylprb/spack-src/src/blas/impl/KokkosBlas1\n_axpby_spec.hpp:242:67: error: expected ')' before 'typename'\n     953       242 |     static_assert (Kokkos::Impl::is_same<typename YMV::val\n             ue_type,\n     954           |                   ~\n                     ^\n     955           |\n                     )",
    "_axpby_spec.hpp: In static member function 'static void KokkosBlas\n             ::Impl::Axpby<typename XV::non_const_value_type, XV, typename YV::\n             non_const_value_type, YV, 1, false, true>::axpby(const AV&, const\n             XV&, const BV&, const YV&)':\n  >> 959     /var/tmp/koparasy/spack-stage/spack-stage-kokkos-kernels-3.0.00-t2\n             ams4qypgbjgwg333uy5rtyoowylprb/spack-src/src/blas/impl/KokkosBlas1\n_axpby_spec.hpp:335:34: error: 'is_same' is not a member of 'Kokko\n             s::Impl'; did you mean 'std::is_same'?\n     960       335 |     static_assert (Kokkos::Impl::is_same<typename YV::valu\n             e_type,\n     961           |                                  ^~~~~~~\n     962     In file included from /usr/tce/packages/gcc/gcc-9.3.1/rh/usr/inclu\n             de/c++/9/bits/move.h:55,",
    "975     In file included from /var/tmp/koparasy/spack-stage/spack-stage-ko\n             kkos-kernels-3.0.00-t2ams4qypgbjgwg333uy5rtyoowylprb/spack-src/src\n             /impl/generated_specializations_cpp/axpby/KokkosBlas1_axpby_mv_eti\n             _spec_inst_dbl_LayoutLeft_Serial_HostSpace.cpp:52:\n  >> 976     /var/tmp/koparasy/spack-stage/spack-stage-kokkos-kernels-3.0.00-t2\n             ams4qypgbjgwg333uy5rtyoowylprb/spack-src/src/blas/impl/KokkosBlas1\n_axpby_spec.hpp:335:65: error: expected '(' before ',' token\n     977       335 |     static_assert (Kokkos::Impl::is_same<typename YV::valu\n             e_type,\n     978           |\n                   ^\n     979           |\n                   (",
    "978           |\n                   ^\n     979           |\n                   (\n  >> 980     /var/tmp/koparasy/spack-stage/spack-stage-kokkos-kernels-3.0.00-t2\n             ams4qypgbjgwg333uy5rtyoowylprb/spack-src/src/blas/impl/KokkosBlas1\n_axpby_spec.hpp:336:22: error: expected string-literal before 'typ\n             ename'\n     981       336 |                      typename YV::non_const_value_type>::v\n             alue,\n     982           |                      ^~~~~~~~\n  >> 983     /var/tmp/koparasy/spack-stage/spack-stage-kokkos-kernels-3.0.00-t2\n             ams4qypgbjgwg333uy5rtyoowylprb/spack-src/src/blas/impl/KokkosBlas1",
    "ename'\n     981       336 |                      typename YV::non_const_value_type>::v\n             alue,\n     982           |                      ^~~~~~~~\n  >> 983     /var/tmp/koparasy/spack-stage/spack-stage-kokkos-kernels-3.0.00-t2\n             ams4qypgbjgwg333uy5rtyoowylprb/spack-src/src/blas/impl/KokkosBlas1\n_axpby_spec.hpp:335:66: error: expected ')' before 'typename'\n     984       335 |     static_assert (Kokkos::Impl::is_same<typename YV::valu\n             e_type,\n     985           |                   ~\n                    ^\n     986           |\n                    )",
    "ams4qypgbjgwg333uy5rtyoowylprb/spack-src/src/blas/impl/KokkosBlas1\n             _dot_mv_impl.hpp: In constructor 'KokkosBlas::Impl::MV_V_Dot_Funct\n             or<RV, XMV, YV, SizeType>::MV_V_Dot_Functor(const RV&, const XMV&,\n              const YV&, bool)':\n  >> 999     /var/tmp/koparasy/spack-stage/spack-stage-kokkos-kernels-3.0.00-t2\n             ams4qypgbjgwg333uy5rtyoowylprb/spack-src/src/blas/impl/KokkosBlas1\n_dot_mv_impl.hpp:103:34: error: 'is_same' is not a member of 'Kokk\n             os::Impl'; did you mean 'std::is_same'?\n     1000      103 |     static_assert (Kokkos::Impl::is_same<typename RV::valu\n             e_type,\n     1001          |                                  ^~~~~~~\n     1002    In file included from /usr/tce/packages/gcc/gcc-9.3.1/rh/usr/inclu\n             de/c++/9/bits/move.h:55,",
    "1016                     from /var/tmp/koparasy/spack-stage/spack-stage-ko\n             kkos-kernels-3.0.00-t2ams4qypgbjgwg333uy5rtyoowylprb/spack-src/src\n             /impl/generated_specializations_cpp/dot/KokkosBlas1_dot_eti_spec_i\n             nst_dbl_LayoutLeft_Serial_HostSpace.cpp:52:\n  >> 1017    /var/tmp/koparasy/spack-stage/spack-stage-kokkos-kernels-3.0.00-t2\n             ams4qypgbjgwg333uy5rtyoowylprb/spack-src/src/blas/impl/KokkosBlas1\n_dot_mv_impl.hpp:103:65: error: expected '(' before ',' token\n     1018      103 |     static_assert (Kokkos::Impl::is_same<typename RV::valu\n             e_type,\n     1019          |\n                   ^\n     1020          |\n                   (",
    "1019          |\n                   ^\n     1020          |\n                   (\n  >> 1021    /var/tmp/koparasy/spack-stage/spack-stage-kokkos-kernels-3.0.00-t2\n             ams4qypgbjgwg333uy5rtyoowylprb/spack-src/src/blas/impl/KokkosBlas1\n_dot_mv_impl.hpp:104:20: error: expected string-literal before 'ty\n             pename'\n     1022      104 |                    typename RV::non_const_value_type>::val\n             ue,\n     1023          |                    ^~~~~~~~\n  >> 1024    /var/tmp/koparasy/spack-stage/spack-stage-kokkos-kernels-3.0.00-t2\n             ams4qypgbjgwg333uy5rtyoowylprb/spack-src/src/blas/impl/KokkosBlas1",
    "pename'\n     1022      104 |                    typename RV::non_const_value_type>::val\n             ue,\n     1023          |                    ^~~~~~~~\n  >> 1024    /var/tmp/koparasy/spack-stage/spack-stage-kokkos-kernels-3.0.00-t2\n             ams4qypgbjgwg333uy5rtyoowylprb/spack-src/src/blas/impl/KokkosBlas1\n_dot_mv_impl.hpp:103:66: error: expected ')' before 'typename'\n     1025      103 |     static_assert (Kokkos::Impl::is_same<typename RV::valu\n             e_type,\n     1026          |                   ~\n                    ^\n     1027          |\n                    )",
    "ams4qypgbjgwg333uy5rtyoowylprb/spack-src/src/blas/impl/KokkosBlas1\n             _dot_mv_impl.hpp: In constructor 'KokkosBlas::Impl::MV_Dot_Right_F\n             unctorVector<RV, XMV, YMV, SizeType>::MV_Dot_Right_FunctorVector(c\n             onst RV&, const XMV&, const YMV&)':\n  >> 1031    /var/tmp/koparasy/spack-stage/spack-stage-kokkos-kernels-3.0.00-t2\n             ams4qypgbjgwg333uy5rtyoowylprb/spack-src/src/blas/impl/KokkosBlas1\n_dot_mv_impl.hpp:222:34: error: 'is_same' is not a member of 'Kokk\n             os::Impl'; did you mean 'std::is_same'?\n     1032      222 |     static_assert (Kokkos::Impl::is_same<typename RV::valu\n             e_type,\n     1033          |                                  ^~~~~~~\n     1034    In file included from /usr/tce/packages/gcc/gcc-9.3.1/rh/usr/inclu\n             de/c++/9/bits/move.h:55,",
    "1048                     from /var/tmp/koparasy/spack-stage/spack-stage-ko\n             kkos-kernels-3.0.00-t2ams4qypgbjgwg333uy5rtyoowylprb/spack-src/src\n             /impl/generated_specializations_cpp/dot/KokkosBlas1_dot_eti_spec_i\n             nst_dbl_LayoutLeft_Serial_HostSpace.cpp:52:\n  >> 1049    /var/tmp/koparasy/spack-stage/spack-stage-kokkos-kernels-3.0.00-t2\n             ams4qypgbjgwg333uy5rtyoowylprb/spack-src/src/blas/impl/KokkosBlas1\n_dot_mv_impl.hpp:222:65: error: expected '(' before ',' token\n     1050      222 |     static_assert (Kokkos::Impl::is_same<typename RV::valu\n             e_type,\n     1051          |\n                   ^\n     1052          |\n                   (",
    "1051          |\n                   ^\n     1052          |\n                   (\n  >> 1053    /var/tmp/koparasy/spack-stage/spack-stage-kokkos-kernels-3.0.00-t2\n             ams4qypgbjgwg333uy5rtyoowylprb/spack-src/src/blas/impl/KokkosBlas1\n_dot_mv_impl.hpp:223:20: error: expected string-literal before 'ty\n             pename'\n     1054      223 |                    typename RV::non_const_value_type>::val\n             ue,\n     1055          |                    ^~~~~~~~\n  >> 1056    /var/tmp/koparasy/spack-stage/spack-stage-kokkos-kernels-3.0.00-t2\n             ams4qypgbjgwg333uy5rtyoowylprb/spack-src/src/blas/impl/KokkosBlas1",
    "pename'\n     1054      223 |                    typename RV::non_const_value_type>::val\n             ue,\n     1055          |                    ^~~~~~~~\n  >> 1056    /var/tmp/koparasy/spack-stage/spack-stage-kokkos-kernels-3.0.00-t2\n             ams4qypgbjgwg333uy5rtyoowylprb/spack-src/src/blas/impl/KokkosBlas1\n_dot_mv_impl.hpp:222:66: error: expected ')' before 'typename'\n     1057      222 |     static_assert (Kokkos::Impl::is_same<typename RV::valu\n             e_type,\n     1058          |                   ~\n                    ^\n     1059          |\n                    )",
    "ams4qypgbjgwg333uy5rtyoowylprb/spack-src/src/blas/impl/KokkosBlas1\n             _dot_mv_impl.hpp: In constructor 'KokkosBlas::Impl::MV_Dot_Right_F\n             unctorUnroll<RV, XMV, YMV, UNROLL, SizeType>::MV_Dot_Right_Functor\n             Unroll(const RV&, const XMV&, const YMV&)':\n  >> 1063    /var/tmp/koparasy/spack-stage/spack-stage-kokkos-kernels-3.0.00-t2\n             ams4qypgbjgwg333uy5rtyoowylprb/spack-src/src/blas/impl/KokkosBlas1\n_dot_mv_impl.hpp:330:34: error: 'is_same' is not a member of 'Kokk\n             os::Impl'; did you mean 'std::is_same'?\n     1064      330 |     static_assert (Kokkos::Impl::is_same<typename RV::valu\n             e_type,\n     1065          |                                  ^~~~~~~\n     1066    In file included from /usr/tce/packages/gcc/gcc-9.3.1/rh/usr/inclu\n             de/c++/9/bits/move.h:55,",
    "1080                     from /var/tmp/koparasy/spack-stage/spack-stage-ko\n             kkos-kernels-3.0.00-t2ams4qypgbjgwg333uy5rtyoowylprb/spack-src/src\n             /impl/generated_specializations_cpp/dot/KokkosBlas1_dot_eti_spec_i\n             nst_dbl_LayoutLeft_Serial_HostSpace.cpp:52:\n  >> 1081    /var/tmp/koparasy/spack-stage/spack-stage-kokkos-kernels-3.0.00-t2\n             ams4qypgbjgwg333uy5rtyoowylprb/spack-src/src/blas/impl/KokkosBlas1\n_dot_mv_impl.hpp:330:65: error: expected '(' before ',' token\n     1082      330 |     static_assert (Kokkos::Impl::is_same<typename RV::valu\n             e_type,\n     1083          |\n                   ^\n     1084          |\n                   (",
    "1083          |\n                   ^\n     1084          |\n                   (\n  >> 1085    /var/tmp/koparasy/spack-stage/spack-stage-kokkos-kernels-3.0.00-t2\n             ams4qypgbjgwg333uy5rtyoowylprb/spack-src/src/blas/impl/KokkosBlas1\n_dot_mv_impl.hpp:331:20: error: expected string-literal before 'ty\n             pename'\n     1086      331 |                    typename RV::non_const_value_type>::val\n             ue,\n     1087          |                    ^~~~~~~~\n  >> 1088    /var/tmp/koparasy/spack-stage/spack-stage-kokkos-kernels-3.0.00-t2\n             ams4qypgbjgwg333uy5rtyoowylprb/spack-src/src/blas/impl/KokkosBlas1",
    "pename'\n     1086      331 |                    typename RV::non_const_value_type>::val\n             ue,\n     1087          |                    ^~~~~~~~\n  >> 1088    /var/tmp/koparasy/spack-stage/spack-stage-kokkos-kernels-3.0.00-t2\n             ams4qypgbjgwg333uy5rtyoowylprb/spack-src/src/blas/impl/KokkosBlas1\n_dot_mv_impl.hpp:330:66: error: expected ')' before 'typename'\n     1089      330 |     static_assert (Kokkos::Impl::is_same<typename RV::valu\n             e_type,\n     1090          |                   ~\n                    ^\n     1091          |\n                    )",
    ">> 1094    make[2]: *** [src/CMakeFiles/kokkoskernels.dir/impl/generated_spec\n             ializations_cpp/dot/KokkosBlas1_dot_eti_spec_inst_dbl_LayoutLeft_S\n             erial_HostSpace.cpp.o] Error 1\n     1095    make[2]: Leaving directory `/tmp/koparasy/spack-stage/spack-stage-\n             kokkos-kernels-3.0.00-t2ams4qypgbjgwg333uy5rtyoowylprb/spack-build\n             -t2ams4q'\n>> 1096    make[1]: *** [src/CMakeFiles/kokkoskernels.dir/all] Error 2\n     1097    make[1]: Leaving directory `/tmp/koparasy/spack-stage/spack-stage-\n             kokkos-kernels-3.0.00-t2ams4qypgbjgwg333uy5rtyoowylprb/spack-build\n             -t2ams4q'\n  >> 1098    make: *** [all] Error 2\n\nSee build log for details:",
    "kokkos-kernels-3.0.00-t2ams4qypgbjgwg333uy5rtyoowylprb/spack-build\n             -t2ams4q'\n  >> 1096    make[1]: *** [src/CMakeFiles/kokkoskernels.dir/all] Error 2\n     1097    make[1]: Leaving directory `/tmp/koparasy/spack-stage/spack-stage-\n             kokkos-kernels-3.0.00-t2ams4qypgbjgwg333uy5rtyoowylprb/spack-build\n             -t2ams4q'\n>> 1098    make: *** [all] Error 2\n\nSee build log for details:\n  /var/tmp/koparasy/spack-stage/spack-stage-kokkos-kernels-3.0.00-t2ams4qypgbjgwg333uy5rtyoowylprb/spack-build-out.txt\n\nTraceback (most recent call last):\n  File \"/p/vast1/koparasy/BUILD/head/spack/lib/spack/spack/build_environment.py\", line 1035, in _setup_pkg_and_run"
]