[
    "109                     from /tmp/koparasy/spack-stage/spack-stage-vtk-h-0\n            .6.0-gyscg5lqhflfk2u4uj2gdqj3zspnvyqi/spack-src/src/vtkh/vtkm_filte\n            rs/vtkmClip.cpp:1:\n  >> 110    /p/vast1/koparasy/BUILD/spack_cluster_installer/quartz/ascent/spack\n            _env_dir/linux-rhel7-broadwell/gcc-8.3.1/vtk-m-1.6.0-b77d27rzqzlu7f\n            mbn6ao6vzpnwkzwlib/include/vtkm-1.6/vtkm/cont/ImplicitFunctionHandl\ne.h:17:2: error: #error \"ImplicitFunction with virtual methods is r\n            emoved. Do not include ImplicitFunctionHeader.h\"\n     111     #error \"ImplicitFunction with virtual methods is removed. Do not i\n            nclude ImplicitFunctionHeader.h\"\n     112      ^~~~~\n  >> 113    /p/vast1/koparasy/BUILD/spack_cluster_installer/quartz/ascent/spack\n            _env_dir/linux-rhel7-broadwell/gcc-8.3.1/vtk-m-1.6.0-b77d27rzqzlu7f",
    "111     #error \"ImplicitFunction with virtual methods is removed. Do not i\n            nclude ImplicitFunctionHeader.h\"\n     112      ^~~~~\n  >> 113    /p/vast1/koparasy/BUILD/spack_cluster_installer/quartz/ascent/spack\n            _env_dir/linux-rhel7-broadwell/gcc-8.3.1/vtk-m-1.6.0-b77d27rzqzlu7f\n            mbn6ao6vzpnwkzwlib/include/vtkm-1.6/vtkm/cont/ImplicitFunctionHandl\ne.h:33:1: error: expected class-name before '{' token\n     114     {\n     115     ^\n  >> 116    /p/vast1/koparasy/BUILD/spack_cluster_installer/quartz/ascent/spack\n            _env_dir/linux-rhel7-broadwell/gcc-8.3.1/vtk-m-1.6.0-b77d27rzqzlu7f\n            mbn6ao6vzpnwkzwlib/include/vtkm-1.6/vtkm/cont/ImplicitFunctionHandl\n            e.h:48:26: error: 'Scalar' does not name a type; did you mean 'scal",
    "e.h:33:1: error: expected class-name before '{' token\n     114     {\n     115     ^\n  >> 116    /p/vast1/koparasy/BUILD/spack_cluster_installer/quartz/ascent/spack\n            _env_dir/linux-rhel7-broadwell/gcc-8.3.1/vtk-m-1.6.0-b77d27rzqzlu7f\n            mbn6ao6vzpnwkzwlib/include/vtkm-1.6/vtkm/cont/ImplicitFunctionHandl\ne.h:48:26: error: 'Scalar' does not name a type; did you mean 'scal\n            bl'?\n     117       VTKM_EXEC_CONT virtual Scalar Value(const Vector& point) const o\n            verride\n     118                              ^~~~~~\n     119                              scalbl\n  >> 120    /p/vast1/koparasy/BUILD/spack_cluster_installer/quartz/ascent/spack",
    "verride\n     118                              ^~~~~~\n     119                              scalbl\n  >> 120    /p/vast1/koparasy/BUILD/spack_cluster_installer/quartz/ascent/spack\n            _env_dir/linux-rhel7-broadwell/gcc-8.3.1/vtk-m-1.6.0-b77d27rzqzlu7f\n            mbn6ao6vzpnwkzwlib/include/vtkm-1.6/vtkm/cont/ImplicitFunctionHandl\ne.h:53:26: error: 'Vector' does not name a type; did you mean 'Vec4\n            ui'?\n     121       VTKM_EXEC_CONT virtual Vector Gradient(const Vector& point) cons\n            t override\n     122                              ^~~~~~\n     123                              Vec4ui\n  >> 124    /p/vast1/koparasy/BUILD/spack_cluster_installer/quartz/ascent/spack",
    "t override\n     122                              ^~~~~~\n     123                              Vec4ui\n  >> 124    /p/vast1/koparasy/BUILD/spack_cluster_installer/quartz/ascent/spack\n            _env_dir/linux-rhel7-broadwell/gcc-8.3.1/vtk-m-1.6.0-b77d27rzqzlu7f\n            mbn6ao6vzpnwkzwlib/include/vtkm-1.6/vtkm/cont/ImplicitFunctionHandl\ne.h:64:73: error: 'ImplicitFunction' is not a member of 'vtkm'\n     125       ImplicitFunctionHandle : public vtkm::cont::VirtualObjectHandle<\n            vtkm::ImplicitFunction>\n     126\n                  ^~~~~~~~~~~~~~~~\n     127    /p/vast1/koparasy/BUILD/spack_cluster_installer/quartz/ascent/spack\n            _env_dir/linux-rhel7-broadwell/gcc-8.3.1/vtk-m-1.6.0-b77d27rzqzlu7f",
    "^~~~~~~~~~~~~~~~\n     130\n                  ImplicitFunctionGeneral\n  >> 131    /p/vast1/koparasy/BUILD/spack_cluster_installer/quartz/ascent/spack\n            _env_dir/linux-rhel7-broadwell/gcc-8.3.1/vtk-m-1.6.0-b77d27rzqzlu7f\n            mbn6ao6vzpnwkzwlib/include/vtkm-1.6/vtkm/cont/ImplicitFunctionHandl\ne.h:64:73: error: 'ImplicitFunction' is not a member of 'vtkm'\n     132    /p/vast1/koparasy/BUILD/spack_cluster_installer/quartz/ascent/spack\n            _env_dir/linux-rhel7-broadwell/gcc-8.3.1/vtk-m-1.6.0-b77d27rzqzlu7f\n            mbn6ao6vzpnwkzwlib/include/vtkm-1.6/vtkm/cont/ImplicitFunctionHandl\n            e.h:64:73: note: suggested alternative: 'ImplicitFunctionGeneral'\n     133       ImplicitFunctionHandle : public vtkm::cont::VirtualObjectHandle<\n            vtkm::ImplicitFunction>",
    "^~~~~~~~~~~~~~~~\n     135\n                  ImplicitFunctionGeneral\n  >> 136    /p/vast1/koparasy/BUILD/spack_cluster_installer/quartz/ascent/spack\n            _env_dir/linux-rhel7-broadwell/gcc-8.3.1/vtk-m-1.6.0-b77d27rzqzlu7f\n            mbn6ao6vzpnwkzwlib/include/vtkm-1.6/vtkm/cont/ImplicitFunctionHandl\ne.h:64:89: error: template argument 1 is invalid\n     137       ImplicitFunctionHandle : public vtkm::cont::VirtualObjectHandle<\n            vtkm::ImplicitFunction>\n     138\n                                  ^\n  >> 139    /p/vast1/koparasy/BUILD/spack_cluster_installer/quartz/ascent/spack\n            _env_dir/linux-rhel7-broadwell/gcc-8.3.1/vtk-m-1.6.0-b77d27rzqzlu7f",
    "vtkm::ImplicitFunction>\n     138\n                                  ^\n  >> 139    /p/vast1/koparasy/BUILD/spack_cluster_installer/quartz/ascent/spack\n            _env_dir/linux-rhel7-broadwell/gcc-8.3.1/vtk-m-1.6.0-b77d27rzqzlu7f\n            mbn6ao6vzpnwkzwlib/include/vtkm-1.6/vtkm/cont/ImplicitFunctionHandl\ne.h:67:60: error: 'ImplicitFunction' is not a member of 'vtkm'\n     140       using Superclass = vtkm::cont::VirtualObjectHandle<vtkm::Implici\n            tFunction>;\n     141                                                                ^~~~~~~\n            ~~~~~~~~~\n     142    /p/vast1/koparasy/BUILD/spack_cluster_installer/quartz/ascent/spack\n            _env_dir/linux-rhel7-broadwell/gcc-8.3.1/vtk-m-1.6.0-b77d27rzqzlu7f",
    "~~~~~~~~~\n     145                                                                Implici\n            tFunctionGeneral\n  >> 146    /p/vast1/koparasy/BUILD/spack_cluster_installer/quartz/ascent/spack\n            _env_dir/linux-rhel7-broadwell/gcc-8.3.1/vtk-m-1.6.0-b77d27rzqzlu7f\n            mbn6ao6vzpnwkzwlib/include/vtkm-1.6/vtkm/cont/ImplicitFunctionHandl\ne.h:67:60: error: 'ImplicitFunction' is not a member of 'vtkm'\n     147    /p/vast1/koparasy/BUILD/spack_cluster_installer/quartz/ascent/spack\n            _env_dir/linux-rhel7-broadwell/gcc-8.3.1/vtk-m-1.6.0-b77d27rzqzlu7f\n            mbn6ao6vzpnwkzwlib/include/vtkm-1.6/vtkm/cont/ImplicitFunctionHandl\n            e.h:67:60: note: suggested alternative: 'ImplicitFunctionGeneral'\n     148       using Superclass = vtkm::cont::VirtualObjectHandle<vtkm::Implici\n            tFunction>;",
    "~~~~~~~~~\n     150                                                                Implici\n            tFunctionGeneral\n  >> 151    /p/vast1/koparasy/BUILD/spack_cluster_installer/quartz/ascent/spack\n            _env_dir/linux-rhel7-broadwell/gcc-8.3.1/vtk-m-1.6.0-b77d27rzqzlu7f\n            mbn6ao6vzpnwkzwlib/include/vtkm-1.6/vtkm/cont/ImplicitFunctionHandl\ne.h:67:76: error: template argument 1 is invalid\n     152       using Superclass = vtkm::cont::VirtualObjectHandle<vtkm::Implici\n            tFunction>;\n     153\n                     ^\n  >> 154    /p/vast1/koparasy/BUILD/spack_cluster_installer/quartz/ascent/spack\n            _env_dir/linux-rhel7-broadwell/gcc-8.3.1/vtk-m-1.6.0-b77d27rzqzlu7f",
    "tFunction>;\n     153\n                     ^\n  >> 154    /p/vast1/koparasy/BUILD/spack_cluster_installer/quartz/ascent/spack\n            _env_dir/linux-rhel7-broadwell/gcc-8.3.1/vtk-m-1.6.0-b77d27rzqzlu7f\n            mbn6ao6vzpnwkzwlib/include/vtkm-1.6/vtkm/cont/ImplicitFunctionHandl\ne.h:75:37: error: 'ImplicitFunction' is not a member of 'vtkm'\n     155                   std::is_base_of<vtkm::ImplicitFunction, VirtualDeriv\n            edType>::value>::type>\n     156                                         ^~~~~~~~~~~~~~~~\n     157    /p/vast1/koparasy/BUILD/spack_cluster_installer/quartz/ascent/spack\n            _env_dir/linux-rhel7-broadwell/gcc-8.3.1/vtk-m-1.6.0-b77d27rzqzlu7f\n            mbn6ao6vzpnwkzwlib/include/vtkm-1.6/vtkm/cont/ImplicitFunctionHandl",
    "edType>::value>::type>\n     159                                         ^~~~~~~~~~~~~~~~\n     160                                         ImplicitFunctionGeneral\n  >> 161    /p/vast1/koparasy/BUILD/spack_cluster_installer/quartz/ascent/spack\n            _env_dir/linux-rhel7-broadwell/gcc-8.3.1/vtk-m-1.6.0-b77d27rzqzlu7f\n            mbn6ao6vzpnwkzwlib/include/vtkm-1.6/vtkm/cont/ImplicitFunctionHandl\ne.h:75:37: error: 'ImplicitFunction' is not a member of 'vtkm'\n     162    /p/vast1/koparasy/BUILD/spack_cluster_installer/quartz/ascent/spack\n            _env_dir/linux-rhel7-broadwell/gcc-8.3.1/vtk-m-1.6.0-b77d27rzqzlu7f\n            mbn6ao6vzpnwkzwlib/include/vtkm-1.6/vtkm/cont/ImplicitFunctionHandl\n            e.h:75:37: note: suggested alternative: 'ImplicitFunctionGeneral'\n     163                   std::is_base_of<vtkm::ImplicitFunction, VirtualDeriv\n            edType>::value>::type>",
    "edType>::value>::type>\n     164                                         ^~~~~~~~~~~~~~~~\n     165                                         ImplicitFunctionGeneral\n  >> 166    /p/vast1/koparasy/BUILD/spack_cluster_installer/quartz/ascent/spack\n            _env_dir/linux-rhel7-broadwell/gcc-8.3.1/vtk-m-1.6.0-b77d27rzqzlu7f\n            mbn6ao6vzpnwkzwlib/include/vtkm-1.6/vtkm/cont/ImplicitFunctionHandl\ne.h:75:73: error: template argument 1 is invalid\n     167                   std::is_base_of<vtkm::ImplicitFunction, VirtualDeriv\n            edType>::value>::type>\n     168\n                  ^\n  >> 169    /p/vast1/koparasy/BUILD/spack_cluster_installer/quartz/ascent/spack\n            _env_dir/linux-rhel7-broadwell/gcc-8.3.1/vtk-m-1.6.0-b77d27rzqzlu7f",
    "edType>::value>::type>\n     168\n                  ^\n  >> 169    /p/vast1/koparasy/BUILD/spack_cluster_installer/quartz/ascent/spack\n            _env_dir/linux-rhel7-broadwell/gcc-8.3.1/vtk-m-1.6.0-b77d27rzqzlu7f\n            mbn6ao6vzpnwkzwlib/include/vtkm-1.6/vtkm/cont/ImplicitFunctionHandl\ne.h:75:81: error: template argument 1 is invalid\n     170                   std::is_base_of<vtkm::ImplicitFunction, VirtualDeriv\n            edType>::value>::type>\n     171\n                          ^\n  >> 172    /p/vast1/koparasy/BUILD/spack_cluster_installer/quartz/ascent/spack\n            _env_dir/linux-rhel7-broadwell/gcc-8.3.1/vtk-m-1.6.0-b77d27rzqzlu7f",
    "edType>::value>::type>\n     171\n                          ^\n  >> 172    /p/vast1/koparasy/BUILD/spack_cluster_installer/quartz/ascent/spack\n            _env_dir/linux-rhel7-broadwell/gcc-8.3.1/vtk-m-1.6.0-b77d27rzqzlu7f\n            mbn6ao6vzpnwkzwlib/include/vtkm-1.6/vtkm/cont/ImplicitFunctionHandl\ne.h:119:37: error: 'ImplicitFunction' is not a member of 'vtkm'\n     173                   std::is_base_of<vtkm::ImplicitFunction, VirtualDeriv\n            edType>::value>::type>\n     174                                         ^~~~~~~~~~~~~~~~\n     175    /p/vast1/koparasy/BUILD/spack_cluster_installer/quartz/ascent/spack\n            _env_dir/linux-rhel7-broadwell/gcc-8.3.1/vtk-m-1.6.0-b77d27rzqzlu7f\n            mbn6ao6vzpnwkzwlib/include/vtkm-1.6/vtkm/cont/ImplicitFunctionHandl",
    "edType>::value>::type>\n     177                                         ^~~~~~~~~~~~~~~~\n     178                                         ImplicitFunctionGeneral\n  >> 179    /p/vast1/koparasy/BUILD/spack_cluster_installer/quartz/ascent/spack\n            _env_dir/linux-rhel7-broadwell/gcc-8.3.1/vtk-m-1.6.0-b77d27rzqzlu7f\n            mbn6ao6vzpnwkzwlib/include/vtkm-1.6/vtkm/cont/ImplicitFunctionHandl\ne.h:119:37: error: 'ImplicitFunction' is not a member of 'vtkm'\n     180    /p/vast1/koparasy/BUILD/spack_cluster_installer/quartz/ascent/spack\n            _env_dir/linux-rhel7-broadwell/gcc-8.3.1/vtk-m-1.6.0-b77d27rzqzlu7f\n            mbn6ao6vzpnwkzwlib/include/vtkm-1.6/vtkm/cont/ImplicitFunctionHandl\n            e.h:119:37: note: suggested alternative: 'ImplicitFunctionGeneral'\n     181                   std::is_base_of<vtkm::ImplicitFunction, VirtualDeriv\n            edType>::value>::type>",
    "edType>::value>::type>\n     182                                         ^~~~~~~~~~~~~~~~\n     183                                         ImplicitFunctionGeneral\n  >> 184    /p/vast1/koparasy/BUILD/spack_cluster_installer/quartz/ascent/spack\n            _env_dir/linux-rhel7-broadwell/gcc-8.3.1/vtk-m-1.6.0-b77d27rzqzlu7f\n            mbn6ao6vzpnwkzwlib/include/vtkm-1.6/vtkm/cont/ImplicitFunctionHandl\ne.h:119:73: error: template argument 1 is invalid\n     185                   std::is_base_of<vtkm::ImplicitFunction, VirtualDeriv\n            edType>::value>::type>\n     186\n                  ^\n  >> 187    /p/vast1/koparasy/BUILD/spack_cluster_installer/quartz/ascent/spack\n            _env_dir/linux-rhel7-broadwell/gcc-8.3.1/vtk-m-1.6.0-b77d27rzqzlu7f",
    "edType>::value>::type>\n     186\n                  ^\n  >> 187    /p/vast1/koparasy/BUILD/spack_cluster_installer/quartz/ascent/spack\n            _env_dir/linux-rhel7-broadwell/gcc-8.3.1/vtk-m-1.6.0-b77d27rzqzlu7f\n            mbn6ao6vzpnwkzwlib/include/vtkm-1.6/vtkm/cont/ImplicitFunctionHandl\ne.h:119:81: error: template argument 1 is invalid\n     188                   std::is_base_of<vtkm::ImplicitFunction, VirtualDeriv\n            edType>::value>::type>\n     189\n                          ^\n     190    /p/vast1/koparasy/BUILD/spack_cluster_installer/quartz/ascent/spack\n            _env_dir/linux-rhel7-broadwell/gcc-8.3.1/vtk-m-1.6.0-b77d27rzqzlu7f",
    "mbn6ao6vzpnwkzwlib/include/vtkm-1.6/vtkm/cont/ImplicitFunctionHandl\n            e.h: In constructor 'vtkm::cont::ImplicitFunctionHandle::ImplicitFu\n            nctionHandle(VirtualDerivedType*, bool, DeviceAdapterList)':\n  >> 191    /p/vast1/koparasy/BUILD/spack_cluster_installer/quartz/ascent/spack\n            _env_dir/linux-rhel7-broadwell/gcc-8.3.1/vtk-m-1.6.0-b77d27rzqzlu7f\n            mbn6ao6vzpnwkzwlib/include/vtkm-1.6/vtkm/cont/ImplicitFunctionHandl\ne.h:79:7: error: class 'vtkm::cont::ImplicitFunctionHandle' does no\n            t have any field named 'Superclass'\n     192         : Superclass(function, acquireOwnership, devices)\n     193           ^~~~~~~~~~\n     194    /p/vast1/koparasy/BUILD/spack_cluster_installer/quartz/ascent/spack\n            _env_dir/linux-rhel7-broadwell/gcc-8.3.1/vtk-m-1.6.0-b77d27rzqzlu7f\n            mbn6ao6vzpnwkzwlib/include/vtkm-1.6/vtkm/cont/ImplicitFunctionHandl",
    "e.h: In constructor 'vtkm::cont::ImplicitFunctionHandle::ImplicitFu\n            nctionHandle(vtkm::internal::ImplicitFunctionBase<FunctionType>*, b\n            ool, DeviceAdapterList)':\n  >> 195    /p/vast1/koparasy/BUILD/spack_cluster_installer/quartz/ascent/spack\n            _env_dir/linux-rhel7-broadwell/gcc-8.3.1/vtk-m-1.6.0-b77d27rzqzlu7f\n            mbn6ao6vzpnwkzwlib/include/vtkm-1.6/vtkm/cont/ImplicitFunctionHandl\ne.h:89:7: error: class 'vtkm::cont::ImplicitFunctionHandle' does no\n            t have any field named 'Superclass'\n     196         : Superclass(new detail::ImplicitFunctionBaseExecWrapper<Impli\n            citFunctionType>(\n     197           ^~~~~~~~~~\n     198    /p/vast1/koparasy/BUILD/spack_cluster_installer/quartz/ascent/spack\n            _env_dir/linux-rhel7-broadwell/gcc-8.3.1/vtk-m-1.6.0-b77d27rzqzlu7f",
    "mbn6ao6vzpnwkzwlib/include/vtkm-1.6/vtkm/cont/ImplicitFunctionHandl\n            e.h: In member function 'void vtkm::cont::ImplicitFunctionHandle::R\n            eset(VirtualDerivedType*, bool, DeviceAdapterList)':\n  >> 199    /p/vast1/koparasy/BUILD/spack_cluster_installer/quartz/ascent/spack\n            _env_dir/linux-rhel7-broadwell/gcc-8.3.1/vtk-m-1.6.0-b77d27rzqzlu7f\n            mbn6ao6vzpnwkzwlib/include/vtkm-1.6/vtkm/cont/ImplicitFunctionHandl\ne.h:124:11: error: 'vtkm::cont::ImplicitFunctionHandle::Superclass'\n             has not been declared\n     200         this->Superclass::Reset(derived, acquireOwnership, devices);\n     201               ^~~~~~~~~~\n     202    /p/vast1/koparasy/BUILD/spack_cluster_installer/quartz/ascent/spack\n            _env_dir/linux-rhel7-broadwell/gcc-8.3.1/vtk-m-1.6.0-b77d27rzqzlu7f\n            mbn6ao6vzpnwkzwlib/include/vtkm-1.6/vtkm/cont/ImplicitFunctionHandl",
    "_env_dir/linux-rhel7-broadwell/gcc-8.3.1/vtk-m-1.6.0-b77d27rzqzlu7f\n            mbn6ao6vzpnwkzwlib/include/vtkm-1.6/vtkm/cont/ImplicitFunctionHandl\n            e.h: At global scope:\n  >> 203    /p/vast1/koparasy/BUILD/spack_cluster_installer/quartz/ascent/spack\n            _env_dir/linux-rhel7-broadwell/gcc-8.3.1/vtk-m-1.6.0-b77d27rzqzlu7f\n            mbn6ao6vzpnwkzwlib/include/vtkm-1.6/vtkm/cont/ImplicitFunctionHandl\ne.h:192:9: error: 'ImplicitFunctionValue' in namespace 'vtkm' does\n            not name a type\n     204       vtkm::ImplicitFunctionValue PrepareForExecution(vtkm::cont::Devi\n            ceAdapterId device,\n     205             ^~~~~~~~~~~~~~~~~~~~~\n     206    /p/vast1/koparasy/BUILD/spack_cluster_installer/quartz/ascent/spack\n            _env_dir/linux-rhel7-broadwell/gcc-8.3.1/vtk-m-1.6.0-b77d27rzqzlu7f",
    "ceAdapterId device,\n     208       ^~~~\n     209       ImplicitFunctionGeneral\n  >> 210    /p/vast1/koparasy/BUILD/spack_cluster_installer/quartz/ascent/spack\n            _env_dir/linux-rhel7-broadwell/gcc-8.3.1/vtk-m-1.6.0-b77d27rzqzlu7f\n            mbn6ao6vzpnwkzwlib/include/vtkm-1.6/vtkm/cont/ImplicitFunctionHandl\ne.h:198:19: error: 'ImplicitFunctionValue' in namespace 'vtkm' does\n             not name a type\n     211       VTKM_CONT vtkm::ImplicitFunctionValue PrepareForControl() const\n     212                       ^~~~~~~~~~~~~~~~~~~~~\n     213    /p/vast1/koparasy/BUILD/spack_cluster_installer/quartz/ascent/spack\n            _env_dir/linux-rhel7-broadwell/gcc-8.3.1/vtk-m-1.6.0-b77d27rzqzlu7f\n            mbn6ao6vzpnwkzwlib/include/vtkm-1.6/vtkm/cont/ImplicitFunctionHandl",
    "a /p/vast1/koparasy/BUILD/spack_cluster_installer/quartz/ascent/spa\n            ck_env_dir/linux-rhel7-broadwell/gcc-8.3.1/vtk-m-1.6.0-b77d27rzqzlu\n            7fmbn6ao6vzpnwkzwlib/lib/libvtkm_lodepng-1.6.a -lrt\n     294    /p/vast1/koparasy/BUILD/spack_cluster_installer/quartz/ascent/spack\n            _env_dir/linux-rhel7-broadwell/gcc-8.3.1/hwloc-2.6.0-a4t2t4p2u2xwo6\n            y3rn4fwf4cwboasekt/lib: file not recognized: Is a directory\n>> 295    collect2: error: ld returned 1 exit status\n  >> 296    make[2]: *** [lib/libvtkh_utils_mpi.so] Error 1\n     297    make[2]: Leaving directory `/tmp/koparasy/spack-stage/spack-stage-v\n            tk-h-0.6.0-gyscg5lqhflfk2u4uj2gdqj3zspnvyqi/spack-src/spack-build'\n  >> 298    make[1]: *** [vtkh/utils/CMakeFiles/vtkh_utils_mpi.dir/all] Error 2\n     299    make[1]: *** Waiting for unfinished jobs....\n     300    [ 15%] Building CXX object vtkh/CMakeFiles/vtkh_core.dir/Timer.cpp.",
    "ck_env_dir/linux-rhel7-broadwell/gcc-8.3.1/vtk-m-1.6.0-b77d27rzqzlu\n            7fmbn6ao6vzpnwkzwlib/lib/libvtkm_lodepng-1.6.a -lrt\n     294    /p/vast1/koparasy/BUILD/spack_cluster_installer/quartz/ascent/spack\n            _env_dir/linux-rhel7-broadwell/gcc-8.3.1/hwloc-2.6.0-a4t2t4p2u2xwo6\n            y3rn4fwf4cwboasekt/lib: file not recognized: Is a directory\n  >> 295    collect2: error: ld returned 1 exit status\n>> 296    make[2]: *** [lib/libvtkh_utils_mpi.so] Error 1\n     297    make[2]: Leaving directory `/tmp/koparasy/spack-stage/spack-stage-v\n            tk-h-0.6.0-gyscg5lqhflfk2u4uj2gdqj3zspnvyqi/spack-src/spack-build'\n  >> 298    make[1]: *** [vtkh/utils/CMakeFiles/vtkh_utils_mpi.dir/all] Error 2\n     299    make[1]: *** Waiting for unfinished jobs....\n     300    [ 15%] Building CXX object vtkh/CMakeFiles/vtkh_core.dir/Timer.cpp.\n            o",
    "_env_dir/linux-rhel7-broadwell/gcc-8.3.1/hwloc-2.6.0-a4t2t4p2u2xwo6\n            y3rn4fwf4cwboasekt/lib: file not recognized: Is a directory\n  >> 295    collect2: error: ld returned 1 exit status\n  >> 296    make[2]: *** [lib/libvtkh_utils_mpi.so] Error 1\n     297    make[2]: Leaving directory `/tmp/koparasy/spack-stage/spack-stage-v\n            tk-h-0.6.0-gyscg5lqhflfk2u4uj2gdqj3zspnvyqi/spack-src/spack-build'\n>> 298    make[1]: *** [vtkh/utils/CMakeFiles/vtkh_utils_mpi.dir/all] Error 2\n     299    make[1]: *** Waiting for unfinished jobs....\n     300    [ 15%] Building CXX object vtkh/CMakeFiles/vtkh_core.dir/Timer.cpp.\n            o\n     301    cd /tmp/koparasy/spack-stage/spack-stage-vtk-h-0.6.0-gyscg5lqhflfk2\n            u4uj2gdqj3zspnvyqi/spack-src/spack-build/vtkh && /p/vast1/koparasy/\n            BUILD/spack/lib/spack/env/gcc/g++ -DVTKH_COMPILING_FLAG -DVTKMDIY_M",
    "i -O3 -DNDEBUG -fPIC -fvisibility=hidden -ffunction-sections -fopen\n            mp -pthread -std=c++11 -MD -MT vtkh/CMakeFiles/vtkh_core.dir/vtkh.c\n            pp.o -MF CMakeFiles/vtkh_core.dir/vtkh.cpp.o.d -o CMakeFiles/vtkh_c\n            ore.dir/vtkh.cpp.o -c /tmp/koparasy/spack-stage/spack-stage-vtk-h-0\n            .6.0-gyscg5lqhflfk2u4uj2gdqj3zspnvyqi/spack-src/src/vtkh/vtkh.cpp\n  >> 308    /tmp/koparasy/spack-stage/spack-stage-vtk-h-0.6.0-gyscg5lqhflfk2u4u\nj2gdqj3zspnvyqi/spack-src/src/vtkh/DataSet.cpp:48:45: error: invali\n            d use of incomplete type 'class vtkm::worklet::WorkletMapField'\n     309     class MemSetWorklet : public vtkm::worklet::WorkletMapField\n     310                                                 ^~~~~~~~~~~~~~~\n     311    In file included from /tmp/koparasy/spack-stage/spack-stage-vtk-h-0\n            .6.0-gyscg5lqhflfk2u4uj2gdqj3zspnvyqi/spack-src/src/vtkh/DataSet.cp\n            p:15:",
    "mbn6ao6vzpnwkzwlib/include/vtkm-1.6/vtkm/worklet/DispatcherMapField\n            .h:20:7: note: forward declaration of 'class vtkm::worklet::Worklet\n            MapField'\n     313     class WorkletMapField;\n     314           ^~~~~~~~~~~~~~~\n  >> 315    /tmp/koparasy/spack-stage/spack-stage-vtk-h-0.6.0-gyscg5lqhflfk2u4u\nj2gdqj3zspnvyqi/spack-src/src/vtkh/DataSet.cpp:59:33: error: 'Field\n            Out' has not been declared\n     316       typedef void ControlSignature(FieldOut);\n     317                                     ^~~~~~~~\n  >> 318    /tmp/koparasy/spack-stage/spack-stage-vtk-h-0.6.0-gyscg5lqhflfk2u4u\n            j2gdqj3zspnvyqi/spack-src/src/vtkh/DataSet.cpp:60:35: error: '_1' h\n            as not been declared",
    ">> 315    /tmp/koparasy/spack-stage/spack-stage-vtk-h-0.6.0-gyscg5lqhflfk2u4u\n            j2gdqj3zspnvyqi/spack-src/src/vtkh/DataSet.cpp:59:33: error: 'Field\n            Out' has not been declared\n     316       typedef void ControlSignature(FieldOut);\n     317                                     ^~~~~~~~\n  >> 318    /tmp/koparasy/spack-stage/spack-stage-vtk-h-0.6.0-gyscg5lqhflfk2u4u\nj2gdqj3zspnvyqi/spack-src/src/vtkh/DataSet.cpp:60:35: error: '_1' h\n            as not been declared\n     319       typedef void ExecutionSignature(_1);\n     320                                       ^~\n     321    In file included from /p/vast1/koparasy/BUILD/spack_cluster_install\n            er/quartz/ascent/spack_env_dir/linux-rhel7-broadwell/gcc-8.3.1/vtk-\n            m-1.6.0-b77d27rzqzlu7fmbn6ao6vzpnwkzwlib/include/vtkm-1.6/vtkm/Depr",
    "332    /tmp/koparasy/spack-stage/spack-stage-vtk-h-0.6.0-gyscg5lqhflfk2u4u\n            j2gdqj3zspnvyqi/spack-src/src/vtkh/DataSet.cpp:621:44:   required f\n            rom here\n  >> 333    /p/vast1/koparasy/BUILD/spack_cluster_installer/quartz/ascent/spack\n            _env_dir/linux-rhel7-broadwell/gcc-8.3.1/vtk-m-1.6.0-b77d27rzqzlu7f\n            mbn6ao6vzpnwkzwlib/include/vtkm-1.6/vtkm/worklet/internal/Dispatche\nrBase.h:228:5: error: static assertion failed: Provided a type that\n             is not a valid ControlSignature tag.\n     334         VTKM_IS_CONTROL_SIGNATURE_TAG(ControlSignatureTag);\n     335         ^\n     336    /p/vast1/koparasy/BUILD/spack_cluster_installer/quartz/ascent/spack\n            _env_dir/linux-rhel7-broadwell/gcc-8.3.1/vtk-m-1.6.0-b77d27rzqzlu7f\n            mbn6ao6vzpnwkzwlib/include/vtkm-1.6/vtkm/worklet/internal/Dispatche",
    "342    /tmp/koparasy/spack-stage/spack-stage-vtk-h-0.6.0-gyscg5lqhflfk2u4u\n            j2gdqj3zspnvyqi/spack-src/src/vtkh/DataSet.cpp:621:44:   required f\n            rom here\n  >> 343    /p/vast1/koparasy/BUILD/spack_cluster_installer/quartz/ascent/spack\n            _env_dir/linux-rhel7-broadwell/gcc-8.3.1/vtk-m-1.6.0-b77d27rzqzlu7f\n            mbn6ao6vzpnwkzwlib/include/vtkm-1.6/vtkm/worklet/internal/Dispatche\nrBase.h:242:5: error: static assertion failed: Provided a type that\n             is not a valid ExecutionSignature tag.\n     344         VTKM_IS_EXECUTION_SIGNATURE_TAG(ExecutionSignatureTag);\n     345         ^\n     346    In file included from /p/vast1/koparasy/BUILD/spack_cluster_install\n            er/quartz/ascent/spack_env_dir/linux-rhel7-broadwell/gcc-8.3.1/vtk-\n            m-1.6.0-b77d27rzqzlu7fmbn6ao6vzpnwkzwlib/include/vtkm-1.6/vtkm/work",
    "351    /tmp/koparasy/spack-stage/spack-stage-vtk-h-0.6.0-gyscg5lqhflfk2u4u\n            j2gdqj3zspnvyqi/spack-src/src/vtkh/DataSet.cpp:621:44:   required f\n            rom here\n  >> 352    /p/vast1/koparasy/BUILD/spack_cluster_installer/quartz/ascent/spack\n            _env_dir/linux-rhel7-broadwell/gcc-8.3.1/vtk-m-1.6.0-b77d27rzqzlu7f\n            mbn6ao6vzpnwkzwlib/include/vtkm-1.6/vtkm/worklet/internal/Dispatche\nrBase.h:594:56: error: no type named 'ScatterType' in 'class vtkh::\n            detail::MemSetWorklet<float>'\n     353       using ScatterType = typename WorkletType::ScatterType;\n     354                                                            ^\n  >> 355    /p/vast1/koparasy/BUILD/spack_cluster_installer/quartz/ascent/spack\n            _env_dir/linux-rhel7-broadwell/gcc-8.3.1/vtk-m-1.6.0-b77d27rzqzlu7f\n            mbn6ao6vzpnwkzwlib/include/vtkm-1.6/vtkm/worklet/internal/Dispatche",
    "detail::MemSetWorklet<float>'\n     353       using ScatterType = typename WorkletType::ScatterType;\n     354                                                            ^\n  >> 355    /p/vast1/koparasy/BUILD/spack_cluster_installer/quartz/ascent/spack\n            _env_dir/linux-rhel7-broadwell/gcc-8.3.1/vtk-m-1.6.0-b77d27rzqzlu7f\n            mbn6ao6vzpnwkzwlib/include/vtkm-1.6/vtkm/worklet/internal/Dispatche\nrBase.h:595:50: error: no type named 'MaskType' in 'class vtkh::det\n            ail::MemSetWorklet<float>'\n     356       using MaskType = typename WorkletType::MaskType;\n     357                                                      ^\n  >> 358    make[2]: *** [vtkh/CMakeFiles/vtkh_core.dir/DataSet.cpp.o] Error 1\n     359    make[2]: *** Waiting for unfinished jobs....\n     360    make[2]: Leaving directory `/tmp/koparasy/spack-stage/spack-stage-v",
    "_env_dir/linux-rhel7-broadwell/gcc-8.3.1/vtk-m-1.6.0-b77d27rzqzlu7f\n            mbn6ao6vzpnwkzwlib/include/vtkm-1.6/vtkm/worklet/internal/Dispatche\n            rBase.h:595:50: error: no type named 'MaskType' in 'class vtkh::det\n            ail::MemSetWorklet<float>'\n     356       using MaskType = typename WorkletType::MaskType;\n     357                                                      ^\n>> 358    make[2]: *** [vtkh/CMakeFiles/vtkh_core.dir/DataSet.cpp.o] Error 1\n     359    make[2]: *** Waiting for unfinished jobs....\n     360    make[2]: Leaving directory `/tmp/koparasy/spack-stage/spack-stage-v\n            tk-h-0.6.0-gyscg5lqhflfk2u4uj2gdqj3zspnvyqi/spack-src/spack-build'\n  >> 361    make[1]: *** [vtkh/CMakeFiles/vtkh_core.dir/all] Error 2\n     362    make[1]: Leaving directory `/tmp/koparasy/spack-stage/spack-stage-v\n            tk-h-0.6.0-gyscg5lqhflfk2u4uj2gdqj3zspnvyqi/spack-src/spack-build'",
    "356       using MaskType = typename WorkletType::MaskType;\n     357                                                      ^\n  >> 358    make[2]: *** [vtkh/CMakeFiles/vtkh_core.dir/DataSet.cpp.o] Error 1\n     359    make[2]: *** Waiting for unfinished jobs....\n     360    make[2]: Leaving directory `/tmp/koparasy/spack-stage/spack-stage-v\n            tk-h-0.6.0-gyscg5lqhflfk2u4uj2gdqj3zspnvyqi/spack-src/spack-build'\n>> 361    make[1]: *** [vtkh/CMakeFiles/vtkh_core.dir/all] Error 2\n     362    make[1]: Leaving directory `/tmp/koparasy/spack-stage/spack-stage-v\n            tk-h-0.6.0-gyscg5lqhflfk2u4uj2gdqj3zspnvyqi/spack-src/spack-build'\n  >> 363    make: *** [all] Error 2\n\nSee build log for details:\n  /var/tmp/koparasy/spack-stage/spack-stage-vtk-h-0.6.0-gyscg5lqhflfk2u4uj2gdqj3zspnvyqi/spack-build-out.txt",
    "359    make[2]: *** Waiting for unfinished jobs....\n     360    make[2]: Leaving directory `/tmp/koparasy/spack-stage/spack-stage-v\n            tk-h-0.6.0-gyscg5lqhflfk2u4uj2gdqj3zspnvyqi/spack-src/spack-build'\n  >> 361    make[1]: *** [vtkh/CMakeFiles/vtkh_core.dir/all] Error 2\n     362    make[1]: Leaving directory `/tmp/koparasy/spack-stage/spack-stage-v\n            tk-h-0.6.0-gyscg5lqhflfk2u4uj2gdqj3zspnvyqi/spack-src/spack-build'\n>> 363    make: *** [all] Error 2\n\nSee build log for details:\n  /var/tmp/koparasy/spack-stage/spack-stage-vtk-h-0.6.0-gyscg5lqhflfk2u4uj2gdqj3zspnvyqi/spack-build-out.txt\n\nTraceback (most recent call last):\n  File \"/p/vast1/koparasy/BUILD/spack/lib/spack/spack/build_environment.py\", line 1035, in _setup_pkg_and_run"
]