[
    "273           |                                    ^\n  >> 274    src/mpi4py.MPI.c:161122:33: error: 'PyTypeObject' {aka 'struct _typ\n            eobject'} has no member named 'tp_print'\n     275    161122 |   __pyx_type_6mpi4py_3MPI_Pickle.tp_print = 0;\n     276           |                                 ^\n     277    src/mpi4py.MPI.c: In function '__Pyx_ParseOptionalKeywords':\n278    src/mpi4py.MPI.c:174013:21: warning: '_PyUnicode_get_wstr_length' i\n            s deprecated [-Wdeprecated-declarations]\n     279    174013 |                     (PyUnicode_GET_SIZE(**name) != PyUnico\n            de_GET_SIZE(key)) ? 1 :\n     280           |                     ^\n\n     ...",
    "configtest.o\n     39     /p/vast1/koparasy/BUILD/spack_cluster_installer/quartz/py-libensemb\n            le/spack_env_dir/linux-rhel7-broadwell/gcc-9.3.1/mpich-3.3.1-jsl7r5\n            mwlzon5hijlxtp4kxv2h6khsww/bin/mpicc _configtest.o -llmpe -o _confi\n            gtest\n  >> 40     /usr/tce/packages/gcc/gcc-9.3.1/rh/usr/bin/../libexec/gcc/x86_64-re\ndhat-linux/9/ld: cannot find -llmpe\n  >> 41     collect2: error: ld returned 1 exit status\n     42     failure.\n     43     removing: _configtest.c _configtest.o\n     44     building 'mpe' dylib library\n     45     creating build/temp.linux-x86_64-3.9\n     46     creating build/temp.linux-x86_64-3.9/src",
    "39     /p/vast1/koparasy/BUILD/spack_cluster_installer/quartz/py-libensemb\n            le/spack_env_dir/linux-rhel7-broadwell/gcc-9.3.1/mpich-3.3.1-jsl7r5\n            mwlzon5hijlxtp4kxv2h6khsww/bin/mpicc _configtest.o -llmpe -o _confi\n            gtest\n  >> 40     /usr/tce/packages/gcc/gcc-9.3.1/rh/usr/bin/../libexec/gcc/x86_64-re\n            dhat-linux/9/ld: cannot find -llmpe\n>> 41     collect2: error: ld returned 1 exit status\n     42     failure.\n     43     removing: _configtest.c _configtest.o\n     44     building 'mpe' dylib library\n     45     creating build/temp.linux-x86_64-3.9\n     46     creating build/temp.linux-x86_64-3.9/src\n     47     creating build/temp.linux-x86_64-3.9/src/lib-pmpi",
    "configtest.o\n     53     /p/vast1/koparasy/BUILD/spack_cluster_installer/quartz/py-libensemb\n            le/spack_env_dir/linux-rhel7-broadwell/gcc-9.3.1/mpich-3.3.1-jsl7r5\n            mwlzon5hijlxtp4kxv2h6khsww/bin/mpicc _configtest.o -lvt-mpi -o _con\n            figtest\n  >> 54     /usr/tce/packages/gcc/gcc-9.3.1/rh/usr/bin/../libexec/gcc/x86_64-re\ndhat-linux/9/ld: cannot find -lvt-mpi\n  >> 55     collect2: error: ld returned 1 exit status\n     56     failure.\n     57     removing: _configtest.c _configtest.o\n     58     checking for library 'vt.mpi' ...\n     59     /p/vast1/koparasy/BUILD/spack_cluster_installer/quartz/py-libensemb\n            le/spack_env_dir/linux-rhel7-broadwell/gcc-9.3.1/mpich-3.3.1-jsl7r5",
    "53     /p/vast1/koparasy/BUILD/spack_cluster_installer/quartz/py-libensemb\n            le/spack_env_dir/linux-rhel7-broadwell/gcc-9.3.1/mpich-3.3.1-jsl7r5\n            mwlzon5hijlxtp4kxv2h6khsww/bin/mpicc _configtest.o -lvt-mpi -o _con\n            figtest\n  >> 54     /usr/tce/packages/gcc/gcc-9.3.1/rh/usr/bin/../libexec/gcc/x86_64-re\n            dhat-linux/9/ld: cannot find -lvt-mpi\n>> 55     collect2: error: ld returned 1 exit status\n     56     failure.\n     57     removing: _configtest.c _configtest.o\n     58     checking for library 'vt.mpi' ...\n     59     /p/vast1/koparasy/BUILD/spack_cluster_installer/quartz/py-libensemb\n            le/spack_env_dir/linux-rhel7-broadwell/gcc-9.3.1/mpich-3.3.1-jsl7r5\n            mwlzon5hijlxtp4kxv2h6khsww/bin/mpicc -Wno-unused-result -Wsign-comp",
    "configtest.o\n     60     /p/vast1/koparasy/BUILD/spack_cluster_installer/quartz/py-libensemb\n            le/spack_env_dir/linux-rhel7-broadwell/gcc-9.3.1/mpich-3.3.1-jsl7r5\n            mwlzon5hijlxtp4kxv2h6khsww/bin/mpicc _configtest.o -lvt.mpi -o _con\n            figtest\n  >> 61     /usr/tce/packages/gcc/gcc-9.3.1/rh/usr/bin/../libexec/gcc/x86_64-re\ndhat-linux/9/ld: cannot find -lvt.mpi\n  >> 62     collect2: error: ld returned 1 exit status\n     63     failure.\n     64     removing: _configtest.c _configtest.o\n     65     building 'vt' dylib library\n     66     /p/vast1/koparasy/BUILD/spack_cluster_installer/quartz/py-libensemb\n            le/spack_env_dir/linux-rhel7-broadwell/gcc-9.3.1/mpich-3.3.1-jsl7r5",
    "60     /p/vast1/koparasy/BUILD/spack_cluster_installer/quartz/py-libensemb\n            le/spack_env_dir/linux-rhel7-broadwell/gcc-9.3.1/mpich-3.3.1-jsl7r5\n            mwlzon5hijlxtp4kxv2h6khsww/bin/mpicc _configtest.o -lvt.mpi -o _con\n            figtest\n  >> 61     /usr/tce/packages/gcc/gcc-9.3.1/rh/usr/bin/../libexec/gcc/x86_64-re\n            dhat-linux/9/ld: cannot find -lvt.mpi\n>> 62     collect2: error: ld returned 1 exit status\n     63     failure.\n     64     removing: _configtest.c _configtest.o\n     65     building 'vt' dylib library\n     66     /p/vast1/koparasy/BUILD/spack_cluster_installer/quartz/py-libensemb\n            le/spack_env_dir/linux-rhel7-broadwell/gcc-9.3.1/mpich-3.3.1-jsl7r5\n            mwlzon5hijlxtp4kxv2h6khsww/bin/mpicc -Wno-unused-result -Wsign-comp",
    "configtest.o\n     70     /p/vast1/koparasy/BUILD/spack_cluster_installer/quartz/py-libensemb\n            le/spack_env_dir/linux-rhel7-broadwell/gcc-9.3.1/mpich-3.3.1-jsl7r5\n            mwlzon5hijlxtp4kxv2h6khsww/bin/mpicc _configtest.o -lvt-mpi -o _con\n            figtest\n  >> 71     /usr/tce/packages/gcc/gcc-9.3.1/rh/usr/bin/../libexec/gcc/x86_64-re\ndhat-linux/9/ld: cannot find -lvt-mpi\n  >> 72     collect2: error: ld returned 1 exit status\n     73     failure.\n     74     removing: _configtest.c _configtest.o\n     75     checking for library 'vt.mpi' ...\n     76     /p/vast1/koparasy/BUILD/spack_cluster_installer/quartz/py-libensemb\n            le/spack_env_dir/linux-rhel7-broadwell/gcc-9.3.1/mpich-3.3.1-jsl7r5",
    "70     /p/vast1/koparasy/BUILD/spack_cluster_installer/quartz/py-libensemb\n            le/spack_env_dir/linux-rhel7-broadwell/gcc-9.3.1/mpich-3.3.1-jsl7r5\n            mwlzon5hijlxtp4kxv2h6khsww/bin/mpicc _configtest.o -lvt-mpi -o _con\n            figtest\n  >> 71     /usr/tce/packages/gcc/gcc-9.3.1/rh/usr/bin/../libexec/gcc/x86_64-re\n            dhat-linux/9/ld: cannot find -lvt-mpi\n>> 72     collect2: error: ld returned 1 exit status\n     73     failure.\n     74     removing: _configtest.c _configtest.o\n     75     checking for library 'vt.mpi' ...\n     76     /p/vast1/koparasy/BUILD/spack_cluster_installer/quartz/py-libensemb\n            le/spack_env_dir/linux-rhel7-broadwell/gcc-9.3.1/mpich-3.3.1-jsl7r5\n            mwlzon5hijlxtp4kxv2h6khsww/bin/mpicc -Wno-unused-result -Wsign-comp",
    "configtest.o\n     77     /p/vast1/koparasy/BUILD/spack_cluster_installer/quartz/py-libensemb\n            le/spack_env_dir/linux-rhel7-broadwell/gcc-9.3.1/mpich-3.3.1-jsl7r5\n            mwlzon5hijlxtp4kxv2h6khsww/bin/mpicc _configtest.o -lvt.mpi -o _con\n            figtest\n  >> 78     /usr/tce/packages/gcc/gcc-9.3.1/rh/usr/bin/../libexec/gcc/x86_64-re\ndhat-linux/9/ld: cannot find -lvt.mpi\n  >> 79     collect2: error: ld returned 1 exit status\n     80     failure.\n     81     removing: _configtest.c _configtest.o\n     82     building 'vt-mpi' dylib library\n     83     /p/vast1/koparasy/BUILD/spack_cluster_installer/quartz/py-libensemb\n            le/spack_env_dir/linux-rhel7-broadwell/gcc-9.3.1/mpich-3.3.1-jsl7r5",
    "77     /p/vast1/koparasy/BUILD/spack_cluster_installer/quartz/py-libensemb\n            le/spack_env_dir/linux-rhel7-broadwell/gcc-9.3.1/mpich-3.3.1-jsl7r5\n            mwlzon5hijlxtp4kxv2h6khsww/bin/mpicc _configtest.o -lvt.mpi -o _con\n            figtest\n  >> 78     /usr/tce/packages/gcc/gcc-9.3.1/rh/usr/bin/../libexec/gcc/x86_64-re\n            dhat-linux/9/ld: cannot find -lvt.mpi\n>> 79     collect2: error: ld returned 1 exit status\n     80     failure.\n     81     removing: _configtest.c _configtest.o\n     82     building 'vt-mpi' dylib library\n     83     /p/vast1/koparasy/BUILD/spack_cluster_installer/quartz/py-libensemb\n            le/spack_env_dir/linux-rhel7-broadwell/gcc-9.3.1/mpich-3.3.1-jsl7r5\n            mwlzon5hijlxtp4kxv2h6khsww/bin/mpicc -Wno-unused-result -Wsign-comp",
    "configtest.o\n     87     /p/vast1/koparasy/BUILD/spack_cluster_installer/quartz/py-libensemb\n            le/spack_env_dir/linux-rhel7-broadwell/gcc-9.3.1/mpich-3.3.1-jsl7r5\n            mwlzon5hijlxtp4kxv2h6khsww/bin/mpicc _configtest.o -lvt-hyb -o _con\n            figtest\n  >> 88     /usr/tce/packages/gcc/gcc-9.3.1/rh/usr/bin/../libexec/gcc/x86_64-re\ndhat-linux/9/ld: cannot find -lvt-hyb\n  >> 89     collect2: error: ld returned 1 exit status\n     90     failure.\n     91     removing: _configtest.c _configtest.o\n     92     checking for library 'vt.ompi' ...\n     93     /p/vast1/koparasy/BUILD/spack_cluster_installer/quartz/py-libensemb\n            le/spack_env_dir/linux-rhel7-broadwell/gcc-9.3.1/mpich-3.3.1-jsl7r5",
    "87     /p/vast1/koparasy/BUILD/spack_cluster_installer/quartz/py-libensemb\n            le/spack_env_dir/linux-rhel7-broadwell/gcc-9.3.1/mpich-3.3.1-jsl7r5\n            mwlzon5hijlxtp4kxv2h6khsww/bin/mpicc _configtest.o -lvt-hyb -o _con\n            figtest\n  >> 88     /usr/tce/packages/gcc/gcc-9.3.1/rh/usr/bin/../libexec/gcc/x86_64-re\n            dhat-linux/9/ld: cannot find -lvt-hyb\n>> 89     collect2: error: ld returned 1 exit status\n     90     failure.\n     91     removing: _configtest.c _configtest.o\n     92     checking for library 'vt.ompi' ...\n     93     /p/vast1/koparasy/BUILD/spack_cluster_installer/quartz/py-libensemb\n            le/spack_env_dir/linux-rhel7-broadwell/gcc-9.3.1/mpich-3.3.1-jsl7r5\n            mwlzon5hijlxtp4kxv2h6khsww/bin/mpicc -Wno-unused-result -Wsign-comp",
    "configtest.o\n     94     /p/vast1/koparasy/BUILD/spack_cluster_installer/quartz/py-libensemb\n            le/spack_env_dir/linux-rhel7-broadwell/gcc-9.3.1/mpich-3.3.1-jsl7r5\n            mwlzon5hijlxtp4kxv2h6khsww/bin/mpicc _configtest.o -lvt.ompi -o _co\n            nfigtest\n  >> 95     /usr/tce/packages/gcc/gcc-9.3.1/rh/usr/bin/../libexec/gcc/x86_64-re\ndhat-linux/9/ld: cannot find -lvt.ompi\n  >> 96     collect2: error: ld returned 1 exit status\n     97     failure.\n     98     removing: _configtest.c _configtest.o\n     99     building 'vt-hyb' dylib library\n     100    /p/vast1/koparasy/BUILD/spack_cluster_installer/quartz/py-libensemb\n            le/spack_env_dir/linux-rhel7-broadwell/gcc-9.3.1/mpich-3.3.1-jsl7r5",
    "94     /p/vast1/koparasy/BUILD/spack_cluster_installer/quartz/py-libensemb\n            le/spack_env_dir/linux-rhel7-broadwell/gcc-9.3.1/mpich-3.3.1-jsl7r5\n            mwlzon5hijlxtp4kxv2h6khsww/bin/mpicc _configtest.o -lvt.ompi -o _co\n            nfigtest\n  >> 95     /usr/tce/packages/gcc/gcc-9.3.1/rh/usr/bin/../libexec/gcc/x86_64-re\n            dhat-linux/9/ld: cannot find -lvt.ompi\n>> 96     collect2: error: ld returned 1 exit status\n     97     failure.\n     98     removing: _configtest.c _configtest.o\n     99     building 'vt-hyb' dylib library\n     100    /p/vast1/koparasy/BUILD/spack_cluster_installer/quartz/py-libensemb\n            le/spack_env_dir/linux-rhel7-broadwell/gcc-9.3.1/mpich-3.3.1-jsl7r5\n            mwlzon5hijlxtp4kxv2h6khsww/bin/mpicc -Wno-unused-result -Wsign-comp",
    "VE_DLOPEN=1 -I/p/vast1/koparasy/BUILD/spack_cluster_installer/quart\n            z/py-libensemble/spack_env_dir/linux-rhel7-broadwell/gcc-9.3.1/pyth\n            on-3.9.9-3o76m4utiyrsvuxwx2ytcv7sd3g35si6/include/python3.9 -c src/\n            MPI.c -o build/temp.linux-x86_64-3.9/src/MPI.o\n     182    In file included from src/MPI.c:4:\n     183    src/mpi4py.MPI.c: In function '__Pyx_modinit_type_init_code':\n>> 184    src/mpi4py.MPI.c:160852:19: error: 'PyTypeObject' {aka 'struct _typ\n            eobject'} has no member named 'tp_print'\n     185    160852 |   PyMPIStatus_Type.tp_print = 0;\n     186           |                   ^\n  >> 187    src/mpi4py.MPI.c:160859:21: error: 'PyTypeObject' {aka 'struct _typ\n            eobject'} has no member named 'tp_print'\n     188    160859 |   PyMPIDatatype_Type.tp_print = 0;",
    "182    In file included from src/MPI.c:4:\n     183    src/mpi4py.MPI.c: In function '__Pyx_modinit_type_init_code':\n  >> 184    src/mpi4py.MPI.c:160852:19: error: 'PyTypeObject' {aka 'struct _typ\n            eobject'} has no member named 'tp_print'\n     185    160852 |   PyMPIStatus_Type.tp_print = 0;\n     186           |                   ^\n>> 187    src/mpi4py.MPI.c:160859:21: error: 'PyTypeObject' {aka 'struct _typ\n            eobject'} has no member named 'tp_print'\n     188    160859 |   PyMPIDatatype_Type.tp_print = 0;\n     189           |                     ^\n  >> 190    src/mpi4py.MPI.c:160866:20: error: 'PyTypeObject' {aka 'struct _typ\n            eobject'} has no member named 'tp_print'\n     191    160866 |   PyMPIRequest_Type.tp_print = 0;",
    "185    160852 |   PyMPIStatus_Type.tp_print = 0;\n     186           |                   ^\n  >> 187    src/mpi4py.MPI.c:160859:21: error: 'PyTypeObject' {aka 'struct _typ\n            eobject'} has no member named 'tp_print'\n     188    160859 |   PyMPIDatatype_Type.tp_print = 0;\n     189           |                     ^\n>> 190    src/mpi4py.MPI.c:160866:20: error: 'PyTypeObject' {aka 'struct _typ\n            eobject'} has no member named 'tp_print'\n     191    160866 |   PyMPIRequest_Type.tp_print = 0;\n     192           |                    ^\n  >> 193    src/mpi4py.MPI.c:160874:21: error: 'PyTypeObject' {aka 'struct _typ\n            eobject'} has no member named 'tp_print'\n     194    160874 |   PyMPIPrequest_Type.tp_print = 0;",
    "188    160859 |   PyMPIDatatype_Type.tp_print = 0;\n     189           |                     ^\n  >> 190    src/mpi4py.MPI.c:160866:20: error: 'PyTypeObject' {aka 'struct _typ\n            eobject'} has no member named 'tp_print'\n     191    160866 |   PyMPIRequest_Type.tp_print = 0;\n     192           |                    ^\n>> 193    src/mpi4py.MPI.c:160874:21: error: 'PyTypeObject' {aka 'struct _typ\n            eobject'} has no member named 'tp_print'\n     194    160874 |   PyMPIPrequest_Type.tp_print = 0;\n     195           |                     ^\n  >> 196    src/mpi4py.MPI.c:160882:21: error: 'PyTypeObject' {aka 'struct _typ\n            eobject'} has no member named 'tp_print'\n     197    160882 |   PyMPIGrequest_Type.tp_print = 0;",
    "191    160866 |   PyMPIRequest_Type.tp_print = 0;\n     192           |                    ^\n  >> 193    src/mpi4py.MPI.c:160874:21: error: 'PyTypeObject' {aka 'struct _typ\n            eobject'} has no member named 'tp_print'\n     194    160874 |   PyMPIPrequest_Type.tp_print = 0;\n     195           |                     ^\n>> 196    src/mpi4py.MPI.c:160882:21: error: 'PyTypeObject' {aka 'struct _typ\n            eobject'} has no member named 'tp_print'\n     197    160882 |   PyMPIGrequest_Type.tp_print = 0;\n     198           |                     ^\n  >> 199    src/mpi4py.MPI.c:160889:20: error: 'PyTypeObject' {aka 'struct _typ\n            eobject'} has no member named 'tp_print'\n     200    160889 |   PyMPIMessage_Type.tp_print = 0;",
    "194    160874 |   PyMPIPrequest_Type.tp_print = 0;\n     195           |                     ^\n  >> 196    src/mpi4py.MPI.c:160882:21: error: 'PyTypeObject' {aka 'struct _typ\n            eobject'} has no member named 'tp_print'\n     197    160882 |   PyMPIGrequest_Type.tp_print = 0;\n     198           |                     ^\n>> 199    src/mpi4py.MPI.c:160889:20: error: 'PyTypeObject' {aka 'struct _typ\n            eobject'} has no member named 'tp_print'\n     200    160889 |   PyMPIMessage_Type.tp_print = 0;\n     201           |                    ^\n  >> 202    src/mpi4py.MPI.c:160896:15: error: 'PyTypeObject' {aka 'struct _typ\n            eobject'} has no member named 'tp_print'\n     203    160896 |   PyMPIOp_Type.tp_print = 0;",
    "197    160882 |   PyMPIGrequest_Type.tp_print = 0;\n     198           |                     ^\n  >> 199    src/mpi4py.MPI.c:160889:20: error: 'PyTypeObject' {aka 'struct _typ\n            eobject'} has no member named 'tp_print'\n     200    160889 |   PyMPIMessage_Type.tp_print = 0;\n     201           |                    ^\n>> 202    src/mpi4py.MPI.c:160896:15: error: 'PyTypeObject' {aka 'struct _typ\n            eobject'} has no member named 'tp_print'\n     203    160896 |   PyMPIOp_Type.tp_print = 0;\n     204           |               ^\n  >> 205    src/mpi4py.MPI.c:160903:18: error: 'PyTypeObject' {aka 'struct _typ\n            eobject'} has no member named 'tp_print'\n     206    160903 |   PyMPIGroup_Type.tp_print = 0;",
    "200    160889 |   PyMPIMessage_Type.tp_print = 0;\n     201           |                    ^\n  >> 202    src/mpi4py.MPI.c:160896:15: error: 'PyTypeObject' {aka 'struct _typ\n            eobject'} has no member named 'tp_print'\n     203    160896 |   PyMPIOp_Type.tp_print = 0;\n     204           |               ^\n>> 205    src/mpi4py.MPI.c:160903:18: error: 'PyTypeObject' {aka 'struct _typ\n            eobject'} has no member named 'tp_print'\n     206    160903 |   PyMPIGroup_Type.tp_print = 0;\n     207           |                  ^\n  >> 208    src/mpi4py.MPI.c:160910:17: error: 'PyTypeObject' {aka 'struct _typ\n            eobject'} has no member named 'tp_print'\n     209    160910 |   PyMPIInfo_Type.tp_print = 0;",
    "203    160896 |   PyMPIOp_Type.tp_print = 0;\n     204           |               ^\n  >> 205    src/mpi4py.MPI.c:160903:18: error: 'PyTypeObject' {aka 'struct _typ\n            eobject'} has no member named 'tp_print'\n     206    160903 |   PyMPIGroup_Type.tp_print = 0;\n     207           |                  ^\n>> 208    src/mpi4py.MPI.c:160910:17: error: 'PyTypeObject' {aka 'struct _typ\n            eobject'} has no member named 'tp_print'\n     209    160910 |   PyMPIInfo_Type.tp_print = 0;\n     210           |                 ^\n  >> 211    src/mpi4py.MPI.c:160917:23: error: 'PyTypeObject' {aka 'struct _typ\n            eobject'} has no member named 'tp_print'\n     212    160917 |   PyMPIErrhandler_Type.tp_print = 0;",
    "206    160903 |   PyMPIGroup_Type.tp_print = 0;\n     207           |                  ^\n  >> 208    src/mpi4py.MPI.c:160910:17: error: 'PyTypeObject' {aka 'struct _typ\n            eobject'} has no member named 'tp_print'\n     209    160910 |   PyMPIInfo_Type.tp_print = 0;\n     210           |                 ^\n>> 211    src/mpi4py.MPI.c:160917:23: error: 'PyTypeObject' {aka 'struct _typ\n            eobject'} has no member named 'tp_print'\n     212    160917 |   PyMPIErrhandler_Type.tp_print = 0;\n     213           |                       ^\n  >> 214    src/mpi4py.MPI.c:160924:17: error: 'PyTypeObject' {aka 'struct _typ\n            eobject'} has no member named 'tp_print'\n     215    160924 |   PyMPIComm_Type.tp_print = 0;",
    "209    160910 |   PyMPIInfo_Type.tp_print = 0;\n     210           |                 ^\n  >> 211    src/mpi4py.MPI.c:160917:23: error: 'PyTypeObject' {aka 'struct _typ\n            eobject'} has no member named 'tp_print'\n     212    160917 |   PyMPIErrhandler_Type.tp_print = 0;\n     213           |                       ^\n>> 214    src/mpi4py.MPI.c:160924:17: error: 'PyTypeObject' {aka 'struct _typ\n            eobject'} has no member named 'tp_print'\n     215    160924 |   PyMPIComm_Type.tp_print = 0;\n     216           |                 ^\n  >> 217    src/mpi4py.MPI.c:160932:22: error: 'PyTypeObject' {aka 'struct _typ\n            eobject'} has no member named 'tp_print'\n     218    160932 |   PyMPIIntracomm_Type.tp_print = 0;",
    "212    160917 |   PyMPIErrhandler_Type.tp_print = 0;\n     213           |                       ^\n  >> 214    src/mpi4py.MPI.c:160924:17: error: 'PyTypeObject' {aka 'struct _typ\n            eobject'} has no member named 'tp_print'\n     215    160924 |   PyMPIComm_Type.tp_print = 0;\n     216           |                 ^\n>> 217    src/mpi4py.MPI.c:160932:22: error: 'PyTypeObject' {aka 'struct _typ\n            eobject'} has no member named 'tp_print'\n     218    160932 |   PyMPIIntracomm_Type.tp_print = 0;\n     219           |                      ^\n  >> 220    src/mpi4py.MPI.c:160940:21: error: 'PyTypeObject' {aka 'struct _typ\n            eobject'} has no member named 'tp_print'\n     221    160940 |   PyMPITopocomm_Type.tp_print = 0;",
    "215    160924 |   PyMPIComm_Type.tp_print = 0;\n     216           |                 ^\n  >> 217    src/mpi4py.MPI.c:160932:22: error: 'PyTypeObject' {aka 'struct _typ\n            eobject'} has no member named 'tp_print'\n     218    160932 |   PyMPIIntracomm_Type.tp_print = 0;\n     219           |                      ^\n>> 220    src/mpi4py.MPI.c:160940:21: error: 'PyTypeObject' {aka 'struct _typ\n            eobject'} has no member named 'tp_print'\n     221    160940 |   PyMPITopocomm_Type.tp_print = 0;\n     222           |                     ^\n  >> 223    src/mpi4py.MPI.c:160948:21: error: 'PyTypeObject' {aka 'struct _typ\n            eobject'} has no member named 'tp_print'\n     224    160948 |   PyMPICartcomm_Type.tp_print = 0;",
    "218    160932 |   PyMPIIntracomm_Type.tp_print = 0;\n     219           |                      ^\n  >> 220    src/mpi4py.MPI.c:160940:21: error: 'PyTypeObject' {aka 'struct _typ\n            eobject'} has no member named 'tp_print'\n     221    160940 |   PyMPITopocomm_Type.tp_print = 0;\n     222           |                     ^\n>> 223    src/mpi4py.MPI.c:160948:21: error: 'PyTypeObject' {aka 'struct _typ\n            eobject'} has no member named 'tp_print'\n     224    160948 |   PyMPICartcomm_Type.tp_print = 0;\n     225           |                     ^\n  >> 226    src/mpi4py.MPI.c:160956:22: error: 'PyTypeObject' {aka 'struct _typ\n            eobject'} has no member named 'tp_print'\n     227    160956 |   PyMPIGraphcomm_Type.tp_print = 0;",
    "221    160940 |   PyMPITopocomm_Type.tp_print = 0;\n     222           |                     ^\n  >> 223    src/mpi4py.MPI.c:160948:21: error: 'PyTypeObject' {aka 'struct _typ\n            eobject'} has no member named 'tp_print'\n     224    160948 |   PyMPICartcomm_Type.tp_print = 0;\n     225           |                     ^\n>> 226    src/mpi4py.MPI.c:160956:22: error: 'PyTypeObject' {aka 'struct _typ\n            eobject'} has no member named 'tp_print'\n     227    160956 |   PyMPIGraphcomm_Type.tp_print = 0;\n     228           |                      ^\n  >> 229    src/mpi4py.MPI.c:160964:26: error: 'PyTypeObject' {aka 'struct _typ\n            eobject'} has no member named 'tp_print'\n     230    160964 |   PyMPIDistgraphcomm_Type.tp_print = 0;",
    "224    160948 |   PyMPICartcomm_Type.tp_print = 0;\n     225           |                     ^\n  >> 226    src/mpi4py.MPI.c:160956:22: error: 'PyTypeObject' {aka 'struct _typ\n            eobject'} has no member named 'tp_print'\n     227    160956 |   PyMPIGraphcomm_Type.tp_print = 0;\n     228           |                      ^\n>> 229    src/mpi4py.MPI.c:160964:26: error: 'PyTypeObject' {aka 'struct _typ\n            eobject'} has no member named 'tp_print'\n     230    160964 |   PyMPIDistgraphcomm_Type.tp_print = 0;\n     231           |                          ^\n  >> 232    src/mpi4py.MPI.c:160972:22: error: 'PyTypeObject' {aka 'struct _typ\n            eobject'} has no member named 'tp_print'\n     233    160972 |   PyMPIIntercomm_Type.tp_print = 0;",
    "227    160956 |   PyMPIGraphcomm_Type.tp_print = 0;\n     228           |                      ^\n  >> 229    src/mpi4py.MPI.c:160964:26: error: 'PyTypeObject' {aka 'struct _typ\n            eobject'} has no member named 'tp_print'\n     230    160964 |   PyMPIDistgraphcomm_Type.tp_print = 0;\n     231           |                          ^\n>> 232    src/mpi4py.MPI.c:160972:22: error: 'PyTypeObject' {aka 'struct _typ\n            eobject'} has no member named 'tp_print'\n     233    160972 |   PyMPIIntercomm_Type.tp_print = 0;\n     234           |                      ^\n  >> 235    src/mpi4py.MPI.c:160979:16: error: 'PyTypeObject' {aka 'struct _typ\n            eobject'} has no member named 'tp_print'\n     236    160979 |   PyMPIWin_Type.tp_print = 0;",
    "230    160964 |   PyMPIDistgraphcomm_Type.tp_print = 0;\n     231           |                          ^\n  >> 232    src/mpi4py.MPI.c:160972:22: error: 'PyTypeObject' {aka 'struct _typ\n            eobject'} has no member named 'tp_print'\n     233    160972 |   PyMPIIntercomm_Type.tp_print = 0;\n     234           |                      ^\n>> 235    src/mpi4py.MPI.c:160979:16: error: 'PyTypeObject' {aka 'struct _typ\n            eobject'} has no member named 'tp_print'\n     236    160979 |   PyMPIWin_Type.tp_print = 0;\n     237           |                ^\n  >> 238    src/mpi4py.MPI.c:160986:17: error: 'PyTypeObject' {aka 'struct _typ\n            eobject'} has no member named 'tp_print'\n     239    160986 |   PyMPIFile_Type.tp_print = 0;",
    "233    160972 |   PyMPIIntercomm_Type.tp_print = 0;\n     234           |                      ^\n  >> 235    src/mpi4py.MPI.c:160979:16: error: 'PyTypeObject' {aka 'struct _typ\n            eobject'} has no member named 'tp_print'\n     236    160979 |   PyMPIWin_Type.tp_print = 0;\n     237           |                ^\n>> 238    src/mpi4py.MPI.c:160986:17: error: 'PyTypeObject' {aka 'struct _typ\n            eobject'} has no member named 'tp_print'\n     239    160986 |   PyMPIFile_Type.tp_print = 0;\n     240           |                 ^\n  >> 241    src/mpi4py.MPI.c:160993:33: error: 'PyTypeObject' {aka 'struct _typ\n            eobject'} has no member named 'tp_print'\n     242    160993 |   __pyx_type_6mpi4py_3MPI_memory.tp_print = 0;",
    "236    160979 |   PyMPIWin_Type.tp_print = 0;\n     237           |                ^\n  >> 238    src/mpi4py.MPI.c:160986:17: error: 'PyTypeObject' {aka 'struct _typ\n            eobject'} has no member named 'tp_print'\n     239    160986 |   PyMPIFile_Type.tp_print = 0;\n     240           |                 ^\n>> 241    src/mpi4py.MPI.c:160993:33: error: 'PyTypeObject' {aka 'struct _typ\n            eobject'} has no member named 'tp_print'\n     242    160993 |   __pyx_type_6mpi4py_3MPI_memory.tp_print = 0;\n     243           |                                 ^\n  >> 244    src/mpi4py.MPI.c:161000:33: error: 'PyTypeObject' {aka 'struct _typ\n            eobject'} has no member named 'tp_print'\n     245    161000 |   __pyx_type_6mpi4py_3MPI__p_mem.tp_print = 0;",
    "239    160986 |   PyMPIFile_Type.tp_print = 0;\n     240           |                 ^\n  >> 241    src/mpi4py.MPI.c:160993:33: error: 'PyTypeObject' {aka 'struct _typ\n            eobject'} has no member named 'tp_print'\n     242    160993 |   __pyx_type_6mpi4py_3MPI_memory.tp_print = 0;\n     243           |                                 ^\n>> 244    src/mpi4py.MPI.c:161000:33: error: 'PyTypeObject' {aka 'struct _typ\n            eobject'} has no member named 'tp_print'\n     245    161000 |   __pyx_type_6mpi4py_3MPI__p_mem.tp_print = 0;\n     246           |                                 ^\n  >> 247    src/mpi4py.MPI.c:161010:34: error: 'PyTypeObject' {aka 'struct _typ\n            eobject'} has no member named 'tp_print'\n     248    161010 |   __pyx_type_6mpi4py_3MPI__p_greq.tp_print = 0;",
    "242    160993 |   __pyx_type_6mpi4py_3MPI_memory.tp_print = 0;\n     243           |                                 ^\n  >> 244    src/mpi4py.MPI.c:161000:33: error: 'PyTypeObject' {aka 'struct _typ\n            eobject'} has no member named 'tp_print'\n     245    161000 |   __pyx_type_6mpi4py_3MPI__p_mem.tp_print = 0;\n     246           |                                 ^\n>> 247    src/mpi4py.MPI.c:161010:34: error: 'PyTypeObject' {aka 'struct _typ\n            eobject'} has no member named 'tp_print'\n     248    161010 |   __pyx_type_6mpi4py_3MPI__p_greq.tp_print = 0;\n     249           |                                  ^\n  >> 250    src/mpi4py.MPI.c:161021:37: error: 'PyTypeObject' {aka 'struct _typ\n            eobject'} has no member named 'tp_print'\n     251    161021 |   __pyx_type_6mpi4py_3MPI__p_datarep.tp_print = 0;",
    "245    161000 |   __pyx_type_6mpi4py_3MPI__p_mem.tp_print = 0;\n     246           |                                 ^\n  >> 247    src/mpi4py.MPI.c:161010:34: error: 'PyTypeObject' {aka 'struct _typ\n            eobject'} has no member named 'tp_print'\n     248    161010 |   __pyx_type_6mpi4py_3MPI__p_greq.tp_print = 0;\n     249           |                                  ^\n>> 250    src/mpi4py.MPI.c:161021:37: error: 'PyTypeObject' {aka 'struct _typ\n            eobject'} has no member named 'tp_print'\n     251    161021 |   __pyx_type_6mpi4py_3MPI__p_datarep.tp_print = 0;\n     252           |                                     ^\n  >> 253    src/mpi4py.MPI.c:161028:36: error: 'PyTypeObject' {aka 'struct _typ\n            eobject'} has no member named 'tp_print'\n     254    161028 |   __pyx_type_6mpi4py_3MPI__p_keyval.tp_print = 0;",
    "248    161010 |   __pyx_type_6mpi4py_3MPI__p_greq.tp_print = 0;\n     249           |                                  ^\n  >> 250    src/mpi4py.MPI.c:161021:37: error: 'PyTypeObject' {aka 'struct _typ\n            eobject'} has no member named 'tp_print'\n     251    161021 |   __pyx_type_6mpi4py_3MPI__p_datarep.tp_print = 0;\n     252           |                                     ^\n>> 253    src/mpi4py.MPI.c:161028:36: error: 'PyTypeObject' {aka 'struct _typ\n            eobject'} has no member named 'tp_print'\n     254    161028 |   __pyx_type_6mpi4py_3MPI__p_keyval.tp_print = 0;\n     255           |                                    ^\n  >> 256    src/mpi4py.MPI.c:161034:37: error: 'PyTypeObject' {aka 'struct _typ\n            eobject'} has no member named 'tp_print'\n     257    161034 |   __pyx_type_6mpi4py_3MPI__p_message.tp_print = 0;",
    "251    161021 |   __pyx_type_6mpi4py_3MPI__p_datarep.tp_print = 0;\n     252           |                                     ^\n  >> 253    src/mpi4py.MPI.c:161028:36: error: 'PyTypeObject' {aka 'struct _typ\n            eobject'} has no member named 'tp_print'\n     254    161028 |   __pyx_type_6mpi4py_3MPI__p_keyval.tp_print = 0;\n     255           |                                    ^\n>> 256    src/mpi4py.MPI.c:161034:37: error: 'PyTypeObject' {aka 'struct _typ\n            eobject'} has no member named 'tp_print'\n     257    161034 |   __pyx_type_6mpi4py_3MPI__p_message.tp_print = 0;\n     258           |                                     ^\n  >> 259    src/mpi4py.MPI.c:161043:37: error: 'PyTypeObject' {aka 'struct _typ\n            eobject'} has no member named 'tp_print'\n     260    161043 |   __pyx_type_6mpi4py_3MPI__p_msg_p2p.tp_print = 0;",
    "254    161028 |   __pyx_type_6mpi4py_3MPI__p_keyval.tp_print = 0;\n     255           |                                    ^\n  >> 256    src/mpi4py.MPI.c:161034:37: error: 'PyTypeObject' {aka 'struct _typ\n            eobject'} has no member named 'tp_print'\n     257    161034 |   __pyx_type_6mpi4py_3MPI__p_message.tp_print = 0;\n     258           |                                     ^\n>> 259    src/mpi4py.MPI.c:161043:37: error: 'PyTypeObject' {aka 'struct _typ\n            eobject'} has no member named 'tp_print'\n     260    161043 |   __pyx_type_6mpi4py_3MPI__p_msg_p2p.tp_print = 0;\n     261           |                                     ^\n  >> 262    src/mpi4py.MPI.c:161068:37: error: 'PyTypeObject' {aka 'struct _typ\n            eobject'} has no member named 'tp_print'\n     263    161068 |   __pyx_type_6mpi4py_3MPI__p_msg_cco.tp_print = 0;",
    "257    161034 |   __pyx_type_6mpi4py_3MPI__p_message.tp_print = 0;\n     258           |                                     ^\n  >> 259    src/mpi4py.MPI.c:161043:37: error: 'PyTypeObject' {aka 'struct _typ\n            eobject'} has no member named 'tp_print'\n     260    161043 |   __pyx_type_6mpi4py_3MPI__p_msg_p2p.tp_print = 0;\n     261           |                                     ^\n>> 262    src/mpi4py.MPI.c:161068:37: error: 'PyTypeObject' {aka 'struct _typ\n            eobject'} has no member named 'tp_print'\n     263    161068 |   __pyx_type_6mpi4py_3MPI__p_msg_cco.tp_print = 0;\n     264           |                                     ^\n  >> 265    src/mpi4py.MPI.c:161078:38: error: 'PyTypeObject' {aka 'struct _typ\n            eobject'} has no member named 'tp_print'\n     266    161078 |   __pyx_type_6mpi4py_3MPI__p_msg_ccow.tp_print = 0;",
    "260    161043 |   __pyx_type_6mpi4py_3MPI__p_msg_p2p.tp_print = 0;\n     261           |                                     ^\n  >> 262    src/mpi4py.MPI.c:161068:37: error: 'PyTypeObject' {aka 'struct _typ\n            eobject'} has no member named 'tp_print'\n     263    161068 |   __pyx_type_6mpi4py_3MPI__p_msg_cco.tp_print = 0;\n     264           |                                     ^\n>> 265    src/mpi4py.MPI.c:161078:38: error: 'PyTypeObject' {aka 'struct _typ\n            eobject'} has no member named 'tp_print'\n     266    161078 |   __pyx_type_6mpi4py_3MPI__p_msg_ccow.tp_print = 0;\n     267           |                                      ^\n  >> 268    src/mpi4py.MPI.c:161096:37: error: 'PyTypeObject' {aka 'struct _typ\n            eobject'} has no member named 'tp_print'\n     269    161096 |   __pyx_type_6mpi4py_3MPI__p_msg_rma.tp_print = 0;",
    "263    161068 |   __pyx_type_6mpi4py_3MPI__p_msg_cco.tp_print = 0;\n     264           |                                     ^\n  >> 265    src/mpi4py.MPI.c:161078:38: error: 'PyTypeObject' {aka 'struct _typ\n            eobject'} has no member named 'tp_print'\n     266    161078 |   __pyx_type_6mpi4py_3MPI__p_msg_ccow.tp_print = 0;\n     267           |                                      ^\n>> 268    src/mpi4py.MPI.c:161096:37: error: 'PyTypeObject' {aka 'struct _typ\n            eobject'} has no member named 'tp_print'\n     269    161096 |   __pyx_type_6mpi4py_3MPI__p_msg_rma.tp_print = 0;\n     270           |                                     ^\n  >> 271    src/mpi4py.MPI.c:161106:36: error: 'PyTypeObject' {aka 'struct _typ\n            eobject'} has no member named 'tp_print'\n     272    161106 |   __pyx_type_6mpi4py_3MPI__p_msg_io.tp_print = 0;",
    "266    161078 |   __pyx_type_6mpi4py_3MPI__p_msg_ccow.tp_print = 0;\n     267           |                                      ^\n  >> 268    src/mpi4py.MPI.c:161096:37: error: 'PyTypeObject' {aka 'struct _typ\n            eobject'} has no member named 'tp_print'\n     269    161096 |   __pyx_type_6mpi4py_3MPI__p_msg_rma.tp_print = 0;\n     270           |                                     ^\n>> 271    src/mpi4py.MPI.c:161106:36: error: 'PyTypeObject' {aka 'struct _typ\n            eobject'} has no member named 'tp_print'\n     272    161106 |   __pyx_type_6mpi4py_3MPI__p_msg_io.tp_print = 0;\n     273           |                                    ^\n  >> 274    src/mpi4py.MPI.c:161122:33: error: 'PyTypeObject' {aka 'struct _typ\n            eobject'} has no member named 'tp_print'\n     275    161122 |   __pyx_type_6mpi4py_3MPI_Pickle.tp_print = 0;",
    "269    161096 |   __pyx_type_6mpi4py_3MPI__p_msg_rma.tp_print = 0;\n     270           |                                     ^\n  >> 271    src/mpi4py.MPI.c:161106:36: error: 'PyTypeObject' {aka 'struct _typ\n            eobject'} has no member named 'tp_print'\n     272    161106 |   __pyx_type_6mpi4py_3MPI__p_msg_io.tp_print = 0;\n     273           |                                    ^\n>> 274    src/mpi4py.MPI.c:161122:33: error: 'PyTypeObject' {aka 'struct _typ\n            eobject'} has no member named 'tp_print'\n     275    161122 |   __pyx_type_6mpi4py_3MPI_Pickle.tp_print = 0;\n     276           |                                 ^\n     277    src/mpi4py.MPI.c: In function '__Pyx_ParseOptionalKeywords':\n     278    src/mpi4py.MPI.c:174013:21: warning: '_PyUnicode_get_wstr_length' i\n            s deprecated [-Wdeprecated-declarations]"
]