[
    "ror}]'\n     7021    /tmp/koparasy/spack-stage/spack-stage-llvm-amdgpu-3.8.0-jsv34ncnoe\n             noa6hff3b2j5fwsj6wmhus/spack-src/llvm/lib/IR/LLVMRemarkStreamer.cp\n             p:107:63:   required from here\n  >> 7022    /tmp/koparasy/spack-stage/spack-stage-llvm-amdgpu-3.8.0-jsv34ncnoe\n             noa6hff3b2j5fwsj6wmhus/spack-src/llvm/include/llvm/IR/LLVMRemarkSt\nreamer.h:74:36: error: use of deleted function 'llvm::Error::Error\n             (const llvm::Error&)'\n     7023           LLVMRemarkSetupFormatError>::LLVMRemarkSetupErrorInfo;\n     7024                                        ^~~~~~~~~~~~~~~~~~~~~~~~\n     7025    In file included from /tmp/koparasy/spack-stage/spack-stage-llvm-a\n             mdgpu-3.8.0-jsv34ncnoenoa6hff3b2j5fwsj6wmhus/spack-src/llvm/includ\n             e/llvm/Remarks/RemarkFormat.h:17:0,",
    "r}]'\n     7044    /tmp/koparasy/spack-stage/spack-stage-llvm-amdgpu-3.8.0-jsv34ncnoe\n             noa6hff3b2j5fwsj6wmhus/spack-src/llvm/lib/IR/LLVMRemarkStreamer.cp\n             p:117:69:   required from here\n  >> 7045    /tmp/koparasy/spack-stage/spack-stage-llvm-amdgpu-3.8.0-jsv34ncnoe\n             noa6hff3b2j5fwsj6wmhus/spack-src/llvm/include/llvm/IR/LLVMRemarkSt\nreamer.h:60:34: error: use of deleted function 'llvm::Error::Error\n             (const llvm::Error&)'\n     7046           LLVMRemarkSetupFileError>::LLVMRemarkSetupErrorInfo;\n     7047                                      ^~~~~~~~~~~~~~~~~~~~~~~~\n     7048    In file included from /tmp/koparasy/spack-stage/spack-stage-llvm-a\n             mdgpu-3.8.0-jsv34ncnoenoa6hff3b2j5fwsj6wmhus/spack-src/llvm/includ\n             e/llvm/Remarks/RemarkFormat.h:17:0,",
    "rror}]'\n     7067    /tmp/koparasy/spack-stage/spack-stage-llvm-amdgpu-3.8.0-jsv34ncnoe\n             noa6hff3b2j5fwsj6wmhus/spack-src/llvm/lib/IR/LLVMRemarkStreamer.cp\n             p:135:66:   required from here\n  >> 7068    /tmp/koparasy/spack-stage/spack-stage-llvm-amdgpu-3.8.0-jsv34ncnoe\n             noa6hff3b2j5fwsj6wmhus/spack-src/llvm/include/llvm/IR/LLVMRemarkSt\nreamer.h:67:37: error: use of deleted function 'llvm::Error::Error\n             (const llvm::Error&)'\n     7069           LLVMRemarkSetupPatternError>::LLVMRemarkSetupErrorInfo;\n     7070                                         ^~~~~~~~~~~~~~~~~~~~~~~~\n     7071    In file included from /tmp/koparasy/spack-stage/spack-stage-llvm-a\n             mdgpu-3.8.0-jsv34ncnoenoa6hff3b2j5fwsj6wmhus/spack-src/llvm/includ\n             e/llvm/Remarks/RemarkFormat.h:17:0,",
    "SCV/RISCV.td --write-if-changed -o /tmp/koparasy/spack-stage/spack\n             -stage-llvm-amdgpu-3.8.0-jsv34ncnoenoa6hff3b2j5fwsj6wmhus/spack-bu\n             ild-jsv34nc/lib/Target/RISCV/RISCVGenGlobalISel.inc\n     7145    make[2]: Leaving directory `/tmp/koparasy/spack-stage/spack-stage-\n             llvm-amdgpu-3.8.0-jsv34ncnoenoa6hff3b2j5fwsj6wmhus/spack-build-jsv\n             34nc'\n>> 7146    make[1]: *** [lib/IR/CMakeFiles/LLVMCore.dir/all] Error 2\n     7147    make[1]: *** Waiting for unfinished jobs....\n     7148    [ 29%] Building RISCVGenInstrInfo.inc...\n     7149    cd /tmp/koparasy/spack-stage/spack-stage-llvm-amdgpu-3.8.0-jsv34nc\n             noenoa6hff3b2j5fwsj6wmhus/spack-build-jsv34nc/lib/Target/RISCV &&\n             ../../../bin/llvm-tblgen -gen-instr-info -I /tmp/koparasy/spack-st\n             age/spack-stage-llvm-amdgpu-3.8.0-jsv34ncnoenoa6hff3b2j5fwsj6wmhus",
    "llvm-amdgpu-3.8.0-jsv34ncnoenoa6hff3b2j5fwsj6wmhus/spack-build-jsv\n             34nc'\n     7175    [ 29%] Built target PowerPCCommonTableGen\n     7176    make[1]: Leaving directory `/tmp/koparasy/spack-stage/spack-stage-\n             llvm-amdgpu-3.8.0-jsv34ncnoenoa6hff3b2j5fwsj6wmhus/spack-build-jsv\n             34nc'\n>> 7177    make: *** [all] Error 2\n\nSee build log for details:\n  /var/tmp/koparasy/spack-stage/spack-stage-llvm-amdgpu-3.8.0-jsv34ncnoenoa6hff3b2j5fwsj6wmhus/spack-build-out.txt\n\nTraceback (most recent call last):\n  File \"/p/vast1/koparasy/BUILD/head/spack/lib/spack/spack/build_environment.py\", line 1035, in _setup_pkg_and_run"
]