[
    "5384    /var/tmp/koparasy/spack-stage/spack-stage-plasma-18.10.0-llphvnx2l\n             fqlmuxwasbfdjof7n6iom6o/spack-src/control/tuning.c:31:16: note: pr\n             evious definition of 'L' was here\n     5385       31 |     lua_State *L = (lua_State *)plasma->L;\n     5386          |                ^\n     5387    /var/tmp/koparasy/spack-stage/spack-stage-plasma-18.10.0-llphvnx2l\nfqlmuxwasbfdjof7n6iom6o/spack-src/control/tuning.c:36:16: warning:\n              'return' with a value, in function returning void\n\n     ...\n\n     5414          |            ^\n     5415    /var/tmp/koparasy/spack-stage/spack-stage-plasma-18.10.0-llphvnx2l",
    "arasy/spack-stage/spack-stage-plasma-18.10.0-llphvnx2lfqlmuxwasbfd\n             jof7n6iom6o/spack-src/control/tuning.c\n     5380    /var/tmp/koparasy/spack-stage/spack-stage-plasma-18.10.0-llphvnx2l\n             fqlmuxwasbfdjof7n6iom6o/spack-src/control/tuning.c: In function 'p\n             lasma_tuning_init':\n  >> 5381    /var/tmp/koparasy/spack-stage/spack-stage-plasma-18.10.0-llphvnx2l\nfqlmuxwasbfdjof7n6iom6o/spack-src/control/tuning.c:33:16: error: r\n             edefinition of 'L'\n     5382       33 |     lua_State *L = luaL_newstate();\n     5383          |                ^\n     5384    /var/tmp/koparasy/spack-stage/spack-stage-plasma-18.10.0-llphvnx2l\n             fqlmuxwasbfdjof7n6iom6o/spack-src/control/tuning.c:31:16: note: pr\n             evious definition of 'L' was here",
    "y/spack-stage/spack-stage-plasma-18.10.0-llphvnx2lfqlmuxwasbfdjof7\n             n6iom6o/spack-src/include  -fopenmp -O2 -g -DNDEBUG -fPIC   -std=g\n             nu99 -o CMakeFiles/plasma.dir/control/workspace.c.o   -c /var/tmp/\n             koparasy/spack-stage/spack-stage-plasma-18.10.0-llphvnx2lfqlmuxwas\n             bfdjof7n6iom6o/spack-src/control/workspace.c\n  >> 5420    /var/tmp/koparasy/spack-stage/spack-stage-plasma-18.10.0-llphvnx2l\nfqlmuxwasbfdjof7n6iom6o/spack-src/control/tuning.c:83:12: error: v\n             oid value not ignored as it ought to be\n     5421       83 |     retval = lua_getglobal(L, func_name);\n     5422          |            ^\n  >> 5423    /var/tmp/koparasy/spack-stage/spack-stage-plasma-18.10.0-llphvnx2l\n             fqlmuxwasbfdjof7n6iom6o/spack-src/control/tuning.c:105:19: error:\n             'LUA_OK' undeclared (first use in this function); did you mean 'LU",
    ">> 5420    /var/tmp/koparasy/spack-stage/spack-stage-plasma-18.10.0-llphvnx2l\n             fqlmuxwasbfdjof7n6iom6o/spack-src/control/tuning.c:83:12: error: v\n             oid value not ignored as it ought to be\n     5421       83 |     retval = lua_getglobal(L, func_name);\n     5422          |            ^\n  >> 5423    /var/tmp/koparasy/spack-stage/spack-stage-plasma-18.10.0-llphvnx2l\nfqlmuxwasbfdjof7n6iom6o/spack-src/control/tuning.c:105:19: error:\n             'LUA_OK' undeclared (first use in this function); did you mean 'LU\n             A_QL'?\n     5424      105 |     if (retval != LUA_OK) {\n     5425          |                   ^~~~~~\n     5426          |                   LUA_QL\n     5427    /var/tmp/koparasy/spack-stage/spack-stage-plasma-18.10.0-llphvnx2l",
    "5425          |                   ^~~~~~\n     5426          |                   LUA_QL\n     5427    /var/tmp/koparasy/spack-stage/spack-stage-plasma-18.10.0-llphvnx2l\n             fqlmuxwasbfdjof7n6iom6o/spack-src/control/tuning.c:105:19: note: e\n             ach undeclared identifier is reported only once for each function\n             it appears in\n>> 5428    make[2]: *** [CMakeFiles/plasma.dir/control/tuning.c.o] Error 1\n     5429    make[2]: *** Waiting for unfinished jobs....\n     5430    make[2]: Leaving directory `/tmp/koparasy/spack-stage/spack-stage-\n             plasma-18.10.0-llphvnx2lfqlmuxwasbfdjof7n6iom6o/spack-build-llphvn\n             x'\n  >> 5431    make[1]: *** [CMakeFiles/plasma.dir/all] Error 2\n     5432    make[1]: Leaving directory `/tmp/koparasy/spack-stage/spack-stage-",
    "it appears in\n  >> 5428    make[2]: *** [CMakeFiles/plasma.dir/control/tuning.c.o] Error 1\n     5429    make[2]: *** Waiting for unfinished jobs....\n     5430    make[2]: Leaving directory `/tmp/koparasy/spack-stage/spack-stage-\n             plasma-18.10.0-llphvnx2lfqlmuxwasbfdjof7n6iom6o/spack-build-llphvn\n             x'\n>> 5431    make[1]: *** [CMakeFiles/plasma.dir/all] Error 2\n     5432    make[1]: Leaving directory `/tmp/koparasy/spack-stage/spack-stage-\n             plasma-18.10.0-llphvnx2lfqlmuxwasbfdjof7n6iom6o/spack-build-llphvn\n             x'\n  >> 5433    make: *** [all] Error 2\n\nSee build log for details:",
    "plasma-18.10.0-llphvnx2lfqlmuxwasbfdjof7n6iom6o/spack-build-llphvn\n             x'\n  >> 5431    make[1]: *** [CMakeFiles/plasma.dir/all] Error 2\n     5432    make[1]: Leaving directory `/tmp/koparasy/spack-stage/spack-stage-\n             plasma-18.10.0-llphvnx2lfqlmuxwasbfdjof7n6iom6o/spack-build-llphvn\n             x'\n>> 5433    make: *** [all] Error 2\n\nSee build log for details:\n  /var/tmp/koparasy/spack-stage/spack-stage-plasma-18.10.0-llphvnx2lfqlmuxwasbfdjof7n6iom6o/spack-build-out.txt\n\nTraceback (most recent call last):\n  File \"/p/vast1/koparasy/BUILD/head/spack/lib/spack/spack/build_environment.py\", line 1035, in _setup_pkg_and_run"
]