[
    "3515    /usr/tce/packages/gcc/gcc-9.3.1/rh/usr/bin/../libexec/gcc/x86_64-r\n             edhat-linux/9/ld: CMakeFiles/scalapack.dir/SRC/pzheevr.f.o: in fun\n             ction `cmpim2_':\n     3516    pzheevr.f:(.text+0x90): multiple definition of `cmpim2_'; CMakeFil\n             es/scalapack.dir/SRC/pssyevr.f.o:pssyevr.f:(.text+0x90): first def\n             ined here\n>> 3517    collect2: error: ld returned 1 exit status\n  >> 3518    make[2]: *** [lib/libscalapack.so] Error 1\n     3519    make[2]: Leaving directory `/tmp/koparasy/spack-stage/spack-stage-\n             netlib-scalapack-2.0.1-n6zfi6aia6sebs5gtcswhrz3b5rah532/spack-buil\n             d-n6zfi6a'\n  >> 3520    make[1]: *** [CMakeFiles/scalapack.dir/all] Error 2\n     3521    make[1]: Leaving directory `/tmp/koparasy/spack-stage/spack-stage-",
    "edhat-linux/9/ld: CMakeFiles/scalapack.dir/SRC/pzheevr.f.o: in fun\n             ction `cmpim2_':\n     3516    pzheevr.f:(.text+0x90): multiple definition of `cmpim2_'; CMakeFil\n             es/scalapack.dir/SRC/pssyevr.f.o:pssyevr.f:(.text+0x90): first def\n             ined here\n  >> 3517    collect2: error: ld returned 1 exit status\n>> 3518    make[2]: *** [lib/libscalapack.so] Error 1\n     3519    make[2]: Leaving directory `/tmp/koparasy/spack-stage/spack-stage-\n             netlib-scalapack-2.0.1-n6zfi6aia6sebs5gtcswhrz3b5rah532/spack-buil\n             d-n6zfi6a'\n  >> 3520    make[1]: *** [CMakeFiles/scalapack.dir/all] Error 2\n     3521    make[1]: Leaving directory `/tmp/koparasy/spack-stage/spack-stage-\n             netlib-scalapack-2.0.1-n6zfi6aia6sebs5gtcswhrz3b5rah532/spack-buil",
    "ined here\n  >> 3517    collect2: error: ld returned 1 exit status\n  >> 3518    make[2]: *** [lib/libscalapack.so] Error 1\n     3519    make[2]: Leaving directory `/tmp/koparasy/spack-stage/spack-stage-\n             netlib-scalapack-2.0.1-n6zfi6aia6sebs5gtcswhrz3b5rah532/spack-buil\n             d-n6zfi6a'\n>> 3520    make[1]: *** [CMakeFiles/scalapack.dir/all] Error 2\n     3521    make[1]: Leaving directory `/tmp/koparasy/spack-stage/spack-stage-\n             netlib-scalapack-2.0.1-n6zfi6aia6sebs5gtcswhrz3b5rah532/spack-buil\n             d-n6zfi6a'\n  >> 3522    make: *** [all] Error 2\n\nSee build log for details:",
    "netlib-scalapack-2.0.1-n6zfi6aia6sebs5gtcswhrz3b5rah532/spack-buil\n             d-n6zfi6a'\n  >> 3520    make[1]: *** [CMakeFiles/scalapack.dir/all] Error 2\n     3521    make[1]: Leaving directory `/tmp/koparasy/spack-stage/spack-stage-\n             netlib-scalapack-2.0.1-n6zfi6aia6sebs5gtcswhrz3b5rah532/spack-buil\n             d-n6zfi6a'\n>> 3522    make: *** [all] Error 2\n\nSee build log for details:\n  /var/tmp/koparasy/spack-stage/spack-stage-netlib-scalapack-2.0.1-n6zfi6aia6sebs5gtcswhrz3b5rah532/spack-build-out.txt\n\nTraceback (most recent call last):\n  File \"/p/vast1/koparasy/BUILD/head/spack/lib/spack/spack/build_environment.py\", line 1035, in _setup_pkg_and_run"
]