[
    "ib/libLLVMipa.a lib/libLLVMAnalysis.a lib/libLLVMCore.a lib/libLLV\n             MSupport.a -lrt -ldl -ltinfo -lpthread -lz -lm && :\n     1342    /p/vast1/koparasy/BUILD/spack_cluster_installer/quartz/archer/spac\n             k_env_dir/linux-rhel7-broadwell/gcc-4.9.3/binutils-2.37-5fyrheiuij\n             7vp6owhgkgazqmm554pxb6/bin/ld: tools/opt/CMakeFiles/opt.dir/opt.cp\n             p.o: in function `main':\n>> 1343    opt.cpp:(.text.startup.main+0x159): undefined reference to `polly:\n             :initializePollyPasses(llvm::PassRegistry&)'\n  >> 1344    collect2: error: ld returned 1 exit status\n     1345    [1039/1167] /p/vast1/koparasy/BUILD/spack/lib/spack/env/gcc/g++  -\n             D_GNU_SOURCE -D__STDC_CONSTANT_MACROS -D__STDC_FORMAT_MACROS -D__S\n             TDC_LIMIT_MACROS -Itools/llc -I/tmp/koparasy/spack-stage/spack-sta\n             ge-llvm-3.7.1-ht5qget565wizp4n3nnd2lpr2gnm2syi/spack-src/llvm/tool",
    "1342    /p/vast1/koparasy/BUILD/spack_cluster_installer/quartz/archer/spac\n             k_env_dir/linux-rhel7-broadwell/gcc-4.9.3/binutils-2.37-5fyrheiuij\n             7vp6owhgkgazqmm554pxb6/bin/ld: tools/opt/CMakeFiles/opt.dir/opt.cp\n             p.o: in function `main':\n  >> 1343    opt.cpp:(.text.startup.main+0x159): undefined reference to `polly:\n             :initializePollyPasses(llvm::PassRegistry&)'\n>> 1344    collect2: error: ld returned 1 exit status\n     1345    [1039/1167] /p/vast1/koparasy/BUILD/spack/lib/spack/env/gcc/g++  -\n             D_GNU_SOURCE -D__STDC_CONSTANT_MACROS -D__STDC_FORMAT_MACROS -D__S\n             TDC_LIMIT_MACROS -Itools/llc -I/tmp/koparasy/spack-stage/spack-sta\n             ge-llvm-3.7.1-ht5qget565wizp4n3nnd2lpr2gnm2syi/spack-src/llvm/tool\n             s/llc -Iinclude -I/tmp/koparasy/spack-stage/spack-stage-llvm-3.7.1\n             -ht5qget565wizp4n3nnd2lpr2gnm2syi/spack-src/llvm/include -std=c++1"
]