[
    ">> 4395    /var/tmp/koparasy/spack-stage/spack-stage-binutils-2.23.2-2gpvf5ln\n             47pawtjjj4wskc7uqb7ywm4v/spack-src/opcodes/../include/cgen/basic-o\n             ps.h:340: multiple definition of `SUBWORDDISI'\n  >> 4396    .libs/m32c-asm.o:/var/tmp/koparasy/spack-stage/spack-stage-binutil\n             s-2.23.2-2gpvf5ln47pawtjjj4wskc7uqb7ywm4v/spack-src/opcodes/../inc\n             lude/cgen/basic-ops.h:340: first defined here\n>> 4397    collect2: error: ld returned 1 exit status\n  >> 4398    make[4]: *** [libopcodes.la] Error 1\n     4399    make[4]: Leaving directory `/tmp/koparasy/spack-stage/spack-stage-\n             binutils-2.23.2-2gpvf5ln47pawtjjj4wskc7uqb7ywm4v/spack-src/opcodes\n             '\n     4400    Making all in po\n     4401    make[4]: Entering directory `/tmp/koparasy/spack-stage/spack-stage",
    "47pawtjjj4wskc7uqb7ywm4v/spack-src/opcodes/../include/cgen/basic-o\n             ps.h:340: multiple definition of `SUBWORDDISI'\n  >> 4396    .libs/m32c-asm.o:/var/tmp/koparasy/spack-stage/spack-stage-binutil\n             s-2.23.2-2gpvf5ln47pawtjjj4wskc7uqb7ywm4v/spack-src/opcodes/../inc\n             lude/cgen/basic-ops.h:340: first defined here\n  >> 4397    collect2: error: ld returned 1 exit status\n>> 4398    make[4]: *** [libopcodes.la] Error 1\n     4399    make[4]: Leaving directory `/tmp/koparasy/spack-stage/spack-stage-\n             binutils-2.23.2-2gpvf5ln47pawtjjj4wskc7uqb7ywm4v/spack-src/opcodes\n             '\n     4400    Making all in po\n     4401    make[4]: Entering directory `/tmp/koparasy/spack-stage/spack-stage\n             -binutils-2.23.2-2gpvf5ln47pawtjjj4wskc7uqb7ywm4v/spack-src/opcode",
    "-binutils-2.23.2-2gpvf5ln47pawtjjj4wskc7uqb7ywm4v/spack-src/opcode\n             s/po'\n     4402    make[4]: Nothing to be done for `all'.\n     4403    make[4]: Leaving directory `/tmp/koparasy/spack-stage/spack-stage-\n             binutils-2.23.2-2gpvf5ln47pawtjjj4wskc7uqb7ywm4v/spack-src/opcodes\n             /po'\n>> 4404    make[3]: *** [all-recursive] Error 1\n     4405    make[3]: Leaving directory `/tmp/koparasy/spack-stage/spack-stage-\n             binutils-2.23.2-2gpvf5ln47pawtjjj4wskc7uqb7ywm4v/spack-src/opcodes\n             '\n  >> 4406    make[2]: *** [all] Error 2\n     4407    make[2]: Leaving directory `/tmp/koparasy/spack-stage/spack-stage-\n             binutils-2.23.2-2gpvf5ln47pawtjjj4wskc7uqb7ywm4v/spack-src/opcodes",
    "binutils-2.23.2-2gpvf5ln47pawtjjj4wskc7uqb7ywm4v/spack-src/opcodes\n             /po'\n  >> 4404    make[3]: *** [all-recursive] Error 1\n     4405    make[3]: Leaving directory `/tmp/koparasy/spack-stage/spack-stage-\n             binutils-2.23.2-2gpvf5ln47pawtjjj4wskc7uqb7ywm4v/spack-src/opcodes\n             '\n>> 4406    make[2]: *** [all] Error 2\n     4407    make[2]: Leaving directory `/tmp/koparasy/spack-stage/spack-stage-\n             binutils-2.23.2-2gpvf5ln47pawtjjj4wskc7uqb7ywm4v/spack-src/opcodes\n             '\n  >> 4408    make[1]: *** [all-opcodes] Error 2\n     4409    make[1]: Leaving directory `/tmp/koparasy/spack-stage/spack-stage-\n             binutils-2.23.2-2gpvf5ln47pawtjjj4wskc7uqb7ywm4v/spack-src'",
    "binutils-2.23.2-2gpvf5ln47pawtjjj4wskc7uqb7ywm4v/spack-src/opcodes\n             '\n  >> 4406    make[2]: *** [all] Error 2\n     4407    make[2]: Leaving directory `/tmp/koparasy/spack-stage/spack-stage-\n             binutils-2.23.2-2gpvf5ln47pawtjjj4wskc7uqb7ywm4v/spack-src/opcodes\n             '\n>> 4408    make[1]: *** [all-opcodes] Error 2\n     4409    make[1]: Leaving directory `/tmp/koparasy/spack-stage/spack-stage-\n             binutils-2.23.2-2gpvf5ln47pawtjjj4wskc7uqb7ywm4v/spack-src'\n  >> 4410    make: *** [all] Error 2\n\nSee build log for details:\n  /var/tmp/koparasy/spack-stage/spack-stage-binutils-2.23.2-2gpvf5ln47pawtjjj4wskc7uqb7ywm4v/spack-build-out.txt",
    "4407    make[2]: Leaving directory `/tmp/koparasy/spack-stage/spack-stage-\n             binutils-2.23.2-2gpvf5ln47pawtjjj4wskc7uqb7ywm4v/spack-src/opcodes\n             '\n  >> 4408    make[1]: *** [all-opcodes] Error 2\n     4409    make[1]: Leaving directory `/tmp/koparasy/spack-stage/spack-stage-\n             binutils-2.23.2-2gpvf5ln47pawtjjj4wskc7uqb7ywm4v/spack-src'\n>> 4410    make: *** [all] Error 2\n\nSee build log for details:\n  /var/tmp/koparasy/spack-stage/spack-stage-binutils-2.23.2-2gpvf5ln47pawtjjj4wskc7uqb7ywm4v/spack-build-out.txt\n\nTraceback (most recent call last):\n  File \"/p/vast1/koparasy/BUILD/head/spack/lib/spack/spack/build_environment.py\", line 1035, in _setup_pkg_and_run"
]