[
    "5.0-wusmicgrnkm22tx75mounkkvpgrvyufv/spack-src/src/axom/quest/MeshT\n            ester.hpp:26,\n     260                     from /tmp/koparasy/spack-stage/spack-stage-axom-0.\n            5.0-wusmicgrnkm22tx75mounkkvpgrvyufv/spack-src/src/axom/quest/MeshT\n            ester.cpp:7:\n  >> 261    /tmp/koparasy/spack-stage/spack-stage-axom-0.5.0-wusmicgrnkm22tx75m\nounkkvpgrvyufv/spack-src/src/axom/spin/BVH.hpp:20:4: error: #error\n            *** The spin::BVH class requires RAJA and Umpire ***\n     262       #error*** The spin::BVH class requires RAJA and Umpire ***\n     263        ^~~~~\n     264    [ 12%] Building CXX object axom/slic/CMakeFiles/slic.dir/streams/Sy\n            nchronizedStream.cpp.o\n     265    cd /tmp/koparasy/spack-stage/spack-stage-axom-0.5.0-wusmicgrnkm22tx",
    "282    /tmp/koparasy/spack-stage/spack-stage-axom-0.5.0-wusmicgrnkm22tx75m\n            ounkkvpgrvyufv/spack-src/src/axom/quest/MeshTester.hpp: In function\n             'void axom::quest::findTriMeshIntersectionsBVH(axom::mint::Unstruc\n            turedMesh<(axom::mint::Topology)0>*, std::vector<std::pair<int, int\n            > >&, std::vector<int>&, double)':\n  >> 283    /tmp/koparasy/spack-stage/spack-stage-axom-0.5.0-wusmicgrnkm22tx75m\nounkkvpgrvyufv/spack-src/src/axom/quest/MeshTester.hpp:119:3: error\n            : 'umpire' has not been declared\n     284       umpire::ResourceManager& rm = umpire::ResourceManager::getInstan\n            ce();\n     285       ^~~~~~\n  >> 286    /tmp/koparasy/spack-stage/spack-stage-axom-0.5.0-wusmicgrnkm22tx75m\n            ounkkvpgrvyufv/spack-src/src/axom/quest/MeshTester.hpp:119:28: erro",
    "ounkkvpgrvyufv/spack-src/src/axom/quest/MeshTester.hpp:119:33: erro\n            r: 'umpire' has not been declared\n     294       umpire::ResourceManager& rm = umpire::ResourceManager::getInstan\n            ce();\n     295                                     ^~~~~~\n  >> 296    /tmp/koparasy/spack-stage/spack-stage-axom-0.5.0-wusmicgrnkm22tx75m\nounkkvpgrvyufv/spack-src/src/axom/quest/MeshTester.hpp:122:3: error\n            : 'umpire' has not been declared\n     297       umpire::Allocator allocator =\n     298       ^~~~~~\n  >> 299    /tmp/koparasy/spack-stage/spack-stage-axom-0.5.0-wusmicgrnkm22tx75m\n            ounkkvpgrvyufv/spack-src/src/axom/quest/MeshTester.hpp:127:3: error\n            : 'umpire' has not been declared",
    ">> 296    /tmp/koparasy/spack-stage/spack-stage-axom-0.5.0-wusmicgrnkm22tx75m\n            ounkkvpgrvyufv/spack-src/src/axom/quest/MeshTester.hpp:122:3: error\n            : 'umpire' has not been declared\n     297       umpire::Allocator allocator =\n     298       ^~~~~~\n  >> 299    /tmp/koparasy/spack-stage/spack-stage-axom-0.5.0-wusmicgrnkm22tx75m\nounkkvpgrvyufv/spack-src/src/axom/quest/MeshTester.hpp:127:3: error\n            : 'umpire' has not been declared\n     300       umpire::Allocator pool_allocator =\n     301       ^~~~~~\n  >> 302    /tmp/koparasy/spack-stage/spack-stage-axom-0.5.0-wusmicgrnkm22tx75m\n            ounkkvpgrvyufv/spack-src/src/axom/quest/MeshTester.hpp:133:22: erro\n            r: 'pool_allocator' was not declared in this scope",
    "stage/spack-stage-axom-0.5.0-wusmicgrnkm22tx75mounkkvpgrvyufv/spack\n            -src/src/axom/slic/interface/c_fortran/wrapSLIC.cpp\n  >> 342    make[2]: *** [axom/quest/CMakeFiles/quest.dir/MeshTester.cpp.o] Err\n            or 1\n     343    make[2]: Leaving directory `/tmp/koparasy/spack-stage/spack-stage-a\n            xom-0.5.0-wusmicgrnkm22tx75mounkkvpgrvyufv/spack-build-wusmicg'\n>> 344    make[1]: *** [axom/quest/CMakeFiles/quest.dir/all] Error 2\n     345    make[1]: *** Waiting for unfinished jobs....\n     346    [ 15%] Building CXX object axom/core/CMakeFiles/core.dir/Types.cpp.\n            o\n     347    cd /tmp/koparasy/spack-stage/spack-stage-axom-0.5.0-wusmicgrnkm22tx\n            75mounkkvpgrvyufv/spack-build-wusmicg/axom/core && /p/vast1/koparas\n            y/BUILD/spack/lib/spack/env/gcc/g++  -DAXOM_DEBUG -I/tmp/koparasy/s",
    "355    [ 16%] Built target slam\n     356    make[2]: Leaving directory `/tmp/koparasy/spack-stage/spack-stage-a\n            xom-0.5.0-wusmicgrnkm22tx75mounkkvpgrvyufv/spack-build-wusmicg'\n     357    [ 16%] Built target core\n     358    make[1]: Leaving directory `/tmp/koparasy/spack-stage/spack-stage-a\n            xom-0.5.0-wusmicgrnkm22tx75mounkkvpgrvyufv/spack-build-wusmicg'\n>> 359    make: *** [all] Error 2\n\nSee build log for details:\n  /var/tmp/koparasy/spack-stage/spack-stage-axom-0.5.0-wusmicgrnkm22tx75mounkkvpgrvyufv/spack-build-out.txt\n\nTraceback (most recent call last):\n  File \"/p/vast1/koparasy/BUILD/spack/lib/spack/spack/build_environment.py\", line 1035, in _setup_pkg_and_run"
]