[
    "228     checking for C compiler flag --param max-inline-insns-single=35000\n             ... checking for C compiler flag --param max-inline-insns-single=3\n             5000... yes\n     229     yes\n  >> 230     checking for C compiler flag --param max-inline-insns=100000... ch\n             ecking for C compiler flag --param max-inline-insns=100000... no/e\nrror: cc1: error: invalid --param name 'max-inline-insns'; did you\n              mean 'max-combine-insns'?\n  >> 231     no/error: cc1: error: invalid --param name 'max-inline-insns'; did\n              you mean 'max-combine-insns'?\n     232     checking for C compiler flag --param inline-unit-growth=10000... c\n             hecking for C compiler flag --param inline-unit-growth=10000... ye\n             s",
    "5000... yes\n     229     yes\n  >> 230     checking for C compiler flag --param max-inline-insns=100000... ch\n             ecking for C compiler flag --param max-inline-insns=100000... no/e\n             rror: cc1: error: invalid --param name 'max-inline-insns'; did you\n              mean 'max-combine-insns'?\n>> 231     no/error: cc1: error: invalid --param name 'max-inline-insns'; did\n              you mean 'max-combine-insns'?\n     232     checking for C compiler flag --param inline-unit-growth=10000... c\n             hecking for C compiler flag --param inline-unit-growth=10000... ye\n             s\n     233     yes\n     234     checking for C compiler flag --param large-function-growth=200000.",
    "3156    + /usr/bin/install -c -m 644 /tmp/koparasy/spack-stage/spack-stage\n             -upcxx-2021.9.0-sxri5lngtiohjrasyd2drgypl47bvbbg/spack-src/bld/GAS\n             Net-2021.9.0/gasnet_toolhelp.h /p/vast1/koparasy/BUILD/spack_clust\n             er_installer/quartz/upcxx/spack_env_dir/linux-rhel7-broadwell/gcc-\n             9.3.1/upcxx-2021.9.0-zuuqqblnoxsmkey5a2364suitis2aoan/gasnet.opt/i\n             nclude/gasnet_toolhelp.h\n>> 3157    make[5]: *** [install-includeHEADERS] Error 1\n     3158    make[5]: *** Waiting for unfinished jobs....\n     3159    cd ../other/ammpi && make libammpi.a\n     3160    for file in docs/memory_kinds.md docs/GASNet-EX.txt README README-\n             tools license.txt\t\t ; do \\\n     3161        /usr/bin/install -c -m 644 /tmp/koparasy/spack-stage/spack-sta\n             ge-upcxx-2021.9.0-sxri5lngtiohjrasyd2drgypl47bvbbg/spack-src/bld/G",
    "cxx/spack_env_dir/linux-rhel7-broadwell/gcc-9.3.1/upcxx-2021.9.0-z\n             uuqqblnoxsmkey5a2364suitis2aoan/gasnet.debug/lib/pkgconfig/gasnet-\n             mpi-seq.pc from /p/vast1/koparasy/BUILD/spack_cluster_installer/qu\n             artz/upcxx/spack_env_dir/linux-rhel7-broadwell/gcc-9.3.1/upcxx-202\n             1.9.0-zuuqqblnoxsmkey5a2364suitis2aoan/gasnet.debug/include/mpi-co\n             nduit/mpi-seq.mak...\n>> 3203    make[4]: *** [install-am] Error 2\n  >> 3204    make[3]: *** [install-recursive] Error 1\n  >> 3205    make[2]: *** [do-gasnet-install-opt] Error 2\n     3206    make[2]: *** Waiting for unfinished jobs....\n     3207    rm -f /p/vast1/koparasy/BUILD/spack_cluster_installer/quartz/upcxx\n             /spack_env_dir/linux-rhel7-broadwell/gcc-9.3.1/upcxx-2021.9.0-zuuq\n             qblnoxsmkey5a2364suitis2aoan/gasnet.debug/lib/pkgconfig/gasnet-ibv",
    "uuqqblnoxsmkey5a2364suitis2aoan/gasnet.debug/lib/pkgconfig/gasnet-\n             mpi-seq.pc from /p/vast1/koparasy/BUILD/spack_cluster_installer/qu\n             artz/upcxx/spack_env_dir/linux-rhel7-broadwell/gcc-9.3.1/upcxx-202\n             1.9.0-zuuqqblnoxsmkey5a2364suitis2aoan/gasnet.debug/include/mpi-co\n             nduit/mpi-seq.mak...\n  >> 3203    make[4]: *** [install-am] Error 2\n>> 3204    make[3]: *** [install-recursive] Error 1\n  >> 3205    make[2]: *** [do-gasnet-install-opt] Error 2\n     3206    make[2]: *** Waiting for unfinished jobs....\n     3207    rm -f /p/vast1/koparasy/BUILD/spack_cluster_installer/quartz/upcxx\n             /spack_env_dir/linux-rhel7-broadwell/gcc-9.3.1/upcxx-2021.9.0-zuuq\n             qblnoxsmkey5a2364suitis2aoan/gasnet.debug/lib/pkgconfig/gasnet-ibv\n             -seq.pc",
    "mpi-seq.pc from /p/vast1/koparasy/BUILD/spack_cluster_installer/qu\n             artz/upcxx/spack_env_dir/linux-rhel7-broadwell/gcc-9.3.1/upcxx-202\n             1.9.0-zuuqqblnoxsmkey5a2364suitis2aoan/gasnet.debug/include/mpi-co\n             nduit/mpi-seq.mak...\n  >> 3203    make[4]: *** [install-am] Error 2\n  >> 3204    make[3]: *** [install-recursive] Error 1\n>> 3205    make[2]: *** [do-gasnet-install-opt] Error 2\n     3206    make[2]: *** Waiting for unfinished jobs....\n     3207    rm -f /p/vast1/koparasy/BUILD/spack_cluster_installer/quartz/upcxx\n             /spack_env_dir/linux-rhel7-broadwell/gcc-9.3.1/upcxx-2021.9.0-zuuq\n             qblnoxsmkey5a2364suitis2aoan/gasnet.debug/lib/pkgconfig/gasnet-ibv\n             -seq.pc\n     3208    Building /p/vast1/koparasy/BUILD/spack_cluster_installer/quartz/up",
    "cxx/spack_env_dir/linux-rhel7-broadwell/gcc-9.3.1/upcxx-2021.9.0-z\n             uuqqblnoxsmkey5a2364suitis2aoan/gasnet.debug/lib/pkgconfig/gasnet_\n             tools-par.pc from /p/vast1/koparasy/BUILD/spack_cluster_installer/\n             quartz/upcxx/spack_env_dir/linux-rhel7-broadwell/gcc-9.3.1/upcxx-2\n             021.9.0-zuuqqblnoxsmkey5a2364suitis2aoan/gasnet.debug/include/gasn\n             et_tools-par.mak...\n>> 3269    make[1]: *** [install] Error 2\n     3270    ********\n     3271    UPC++ installation failed.\n     3272    Please examine the log above for intructions which may resolve thi\n             s problem.\n     3273    Please try again without '-j', which may resolve the problem or at\n              least produce clearer messages.",
    "s problem.\n     3273    Please try again without '-j', which may resolve the problem or at\n              least produce clearer messages.\n     3274    If you still cannot resolve this problem, then please report the E\n             NTIRE output to: upcxx@googlegroups.com\n     3275    ********\n>> 3276    make[1]: *** [failure] Error 1\n  >> 3277    make: *** [install] Error 2\n\nSee build log for details:\n  /var/tmp/koparasy/spack-stage/spack-stage-upcxx-2021.9.0-sxri5lngtiohjrasyd2drgypl47bvbbg/spack-build-out.txt\n\nTraceback (most recent call last):",
    "3273    Please try again without '-j', which may resolve the problem or at\n              least produce clearer messages.\n     3274    If you still cannot resolve this problem, then please report the E\n             NTIRE output to: upcxx@googlegroups.com\n     3275    ********\n  >> 3276    make[1]: *** [failure] Error 1\n>> 3277    make: *** [install] Error 2\n\nSee build log for details:\n  /var/tmp/koparasy/spack-stage/spack-stage-upcxx-2021.9.0-sxri5lngtiohjrasyd2drgypl47bvbbg/spack-build-out.txt\n\nTraceback (most recent call last):\n  File \"/p/vast1/koparasy/BUILD/head/spack/lib/spack/spack/build_environment.py\", line 1035, in _setup_pkg_and_run"
]