[
    "sos2.dir/Amesos2_Superludist.cpp.o.d -o CMakeFiles/amesos2.dir/Ame\n             sos2_Superludist.cpp.o -c /var/tmp/koparasy/spack-stage/spack-stag\n             e-trilinos-12.12.1-ycwsyg6cplxmzmeng7eqga556jta4byi/spack-src/pack\n             ages/amesos2/src/Amesos2_Superludist.cpp\n  >> 2505    /var/tmp/koparasy/spack-stage/spack-stage-trilinos-12.12.1-ycwsyg6\n             cplxmzmeng7eqga556jta4byi/spack-src/packages/amesos2/src/Amesos2_S\nuperludist.cpp:57:29: error: expected constructor, destructor, or\n             type conversion before '(' token\n     2506       57 |   AMESOS2_SOLVER_EPETRA_INST(Superludist);\n     2507          |                             ^\n  >> 2508    make[2]: *** [packages/amesos2/src/CMakeFiles/amesos2.dir/Amesos2_\n             Superludist.cpp.o] Error 1\n     2509    make[2]: Leaving directory `/tmp/koparasy/spack-stage/spack-stage-",
    "trilinos-12.12.1-ycwsyg6cplxmzmeng7eqga556jta4byi/spack-build-ycws\n             yg6'\n     2523    [ 64%] Built target belostpetra\n     2524    make[1]: Leaving directory `/tmp/koparasy/spack-stage/spack-stage-\n             trilinos-12.12.1-ycwsyg6cplxmzmeng7eqga556jta4byi/spack-build-ycws\n             yg6'\n>> 2525    make: *** [all] Error 2\n\nSee build log for details:\n  /var/tmp/koparasy/spack-stage/spack-stage-trilinos-12.12.1-ycwsyg6cplxmzmeng7eqga556jta4byi/spack-build-out.txt\n\nTraceback (most recent call last):\n  File \"/p/vast1/koparasy/BUILD/head/spack/lib/spack/spack/build_environment.py\", line 1035, in _setup_pkg_and_run"
]